Switched to branch 'candidate'
Traceback (most recent call last):
  File "./01.interactive.e2e.py", line 75, in <module>
    run.upload_file(name = "outputs/" + model_file_name, path_or_stream = model_file_name)
  File "/home/ninghai/miniconda3/envs/candidate/lib/python3.6/site-packages/azureml/core/run.py", line 510, in upload_file
    return self._client.upload_file(name, path_or_stream)
  File "/home/ninghai/miniconda3/envs/candidate/lib/python3.6/site-packages/azureml/_run_impl/artifacts_client.py", line 57, in upload_file
    assert(len(artifact_keys) == 1)
AssertionError
Traceback (most recent call last):
  File "./02.local.py", line 51, in <module>
    script_to_run = train_script)
  File "/home/ninghai/miniconda3/envs/candidate/lib/python3.6/site-packages/azureml/core/run.py", line 96, in submit
    execute_with_zip=_execute_with_zip)
  File "/home/ninghai/miniconda3/envs/candidate/lib/python3.6/site-packages/azureml/execution/_commands.py", line 110, in start_run
    telemetry_values=telemetry_values)
  File "/home/ninghai/miniconda3/envs/candidate/lib/python3.6/site-packages/azureml/execution/_commands.py", line 258, in _start_internal_local_cloud
    _raise_request_error(response, "starting run")
  File "/home/ninghai/miniconda3/envs/candidate/lib/python3.6/site-packages/azureml/execution/_commands.py", line 729, in _raise_request_error
    raise ExperimentExecutionException(get_http_exception_response_string(response))
azureml.exceptions.azureml_exception.ExperimentExecutionException: {
    "url": "https://eastus2.experiments.azureml.net/execution/v1.0/subscriptions/fac34303-435d-4486-8c3f-7094d82a0b60/resourceGroups/aml-notebooks/providers/Microsoft.MachineLearningServices/workspaces/haieastus2ws3/projects/e2e-02/localrun?runId=e2e-02_1528161013",
    "status_code": 500,
    "text": "{\n  \"error\": {\n    \"code\": \"ServiceError\",\n    \"message\": \"InternalServerError\",\n    \"target\": null,\n    \"details\": [],\n    \"innerError\": null,\n    \"debugInfo\": {\n      \"type\": \"System.Net.Http.HttpRequestException\",\n      \"message\": \"An error occurred while sending the request.\",\n      \"stackTrace\": \"   at System.Runtime.ExceptionServices.ExceptionDispatchInfo.Throw()\\n   at System.Runtime.CompilerServices.TaskAwaiter.HandleNonSuccessAndDebuggerNotification(Task task)\\n   at System.Runtime.CompilerServices.ConfiguredTaskAwaitable`1.ConfiguredTaskAwaiter.GetResult()\\n   at System.Net.Http.DiagnosticsHandler.<SendAsync>d__2.MoveNext()\\n--- End of stack trace from previous location where exception was thrown ---\\n   at System.Runtime.ExceptionServices.ExceptionDispatchInfo.Throw()\\n   at System.Runtime.CompilerServices.TaskAwaiter.HandleNonSuccessAndDebuggerNotification(Task task)\\n   at System.Runtime.CompilerServices.ConfiguredTaskAwaitable`1.ConfiguredTaskAwaiter.GetResult()\\n   at System.Net.Http.HttpClient.<FinishSendAsyncBuffered>d__58.MoveNext()\\n--- End of stack trace from previous location where exception was thrown ---\\n   at System.Runtime.ExceptionServices.ExceptionDispatchInfo.Throw()\\n   at System.Runtime.CompilerServices.TaskAwaiter.HandleNonSuccessAndDebuggerNotification(Task task)\\n   at Microsoft.MachineLearning.Common.WebApi.Client.ServiceInvoker.<_Invoke>d__18`1.MoveNext() in /opt/vsts/work/1/s/src/azureml-api/src/Common/WebApi.Client/ServiceInvoker.cs:line 247\\n--- End of stack trace from previous location where exception was thrown ---\\n   at System.Runtime.ExceptionServices.ExceptionDispatchInfo.Throw()\\n   at System.Runtime.CompilerServices.TaskAwaiter.HandleNonSuccessAndDebuggerNotification(Task task)\\n   at Microsoft.MachineLearning.Common.WebApi.TeamAccounts.ProjectResourceCache.<GetProjectPropertiesS2S>d__8.MoveNext() in /opt/vsts/work/1/s/src/azureml-api/src/Common/WebApi.TeamAccounts/ProjectResourceCache.cs:line 75\\n--- End of stack trace from previous location where exception was thrown ---\\n   at System.Runtime.ExceptionServices.ExceptionDispatchInfo.Throw()\\n   at System.Runtime.CompilerServices.TaskAwaiter.HandleNonSuccessAndDebuggerNotification(Task task)\\n   at Microsoft.MachineLearning.Common.Caching.ObjectCacheExtensions.<GetOrSet>d__0`1.MoveNext() in /opt/vsts/work/1/s/src/azureml-api/src/Common/Core/Caching/IObjectCache.cs:line 45\\n--- End of stack trace from previous location where exception was thrown ---\\n   at System.Runtime.ExceptionServices.ExceptionDispatchInfo.Throw()\\n   at System.Runtime.CompilerServices.TaskAwaiter.HandleNonSuccessAndDebuggerNotification(Task task)\\n   at Microsoft.MachineLearning.Common.WebApi.TeamAccounts.ProjectResourceCache.<GetProjectProperties>d__5.MoveNext() in /opt/vsts/work/1/s/src/azureml-api/src/Common/WebApi.TeamAccounts/ProjectResourceCache.cs:line 54\\n--- End of stack trace from previous location where exception was thrown ---\\n   at System.Runtime.ExceptionServices.ExceptionDispatchInfo.Throw()\\n   at System.Runtime.CompilerServices.TaskAwaiter.HandleNonSuccessAndDebuggerNotification(Task task)\\n   at Microsoft.MachineLearning.Common.WebApi.TeamAccounts.ProjectContext.<GetProjectPropertiesFromProjectServiceS2S>d__15.MoveNext() in /opt/vsts/work/1/s/src/azureml-api/src/Common/WebApi.TeamAccounts/ProjectContext.cs:line 181\\n--- End of stack trace from previous location where exception was thrown ---\\n   at System.Runtime.ExceptionServices.ExceptionDispatchInfo.Throw()\\n   at System.Runtime.CompilerServices.TaskAwaiter.HandleNonSuccessAndDebuggerNotification(Task task)\\n   at Microsoft.MachineLearning.Common.WebApi.TeamAccounts.ProjectContext.<GetTeamProject>d__12.MoveNext() in /opt/vsts/work/1/s/src/azureml-api/src/Common/WebApi.TeamAccounts/ProjectContext.cs:line 94\\n--- End of stack trace from previous location where exception was thrown ---\\n   at System.Runtime.ExceptionServices.ExceptionDispatchInfo.Throw()\\n   at System.Runtime.CompilerServices.TaskAwaiter.HandleNonSuccessAndDebuggerNotification(Task task)\\n   at Microsoft.MachineLearning.Execution.EntryPoints.Api.Controllers.ExecutionController.<MakeStrategyState>d__40.MoveNext() in /opt/vsts/work/1/s/src/azureml-api/src/Execution/EntryPoints/Api/Controllers/ExecutionController.cs:line 682\\n--- End of stack trace from previous location where exception was thrown ---\\n   at System.Runtime.ExceptionServices.ExceptionDispatchInfo.Throw()\\n   at System.Runtime.CompilerServices.TaskAwaiter.HandleNonSuccessAndDebuggerNotification(Task task)\\n   at Microsoft.MachineLearning.Execution.EntryPoints.Api.Controllers.ExecutionController.<StartLocalRun>d__25.MoveNext() in /opt/vsts/work/1/s/src/azureml-api/src/Execution/EntryPoints/Api/Controllers/ExecutionController.cs:line 268\\n--- End of stack trace from previous location where exception was thrown ---\\n   at System.Runtime.ExceptionServices.ExceptionDispatchInfo.Throw()\\n   at System.Runtime.CompilerServices.TaskAwaiter.HandleNonSuccessAndDebuggerNotification(Task task)\\n   at Microsoft.MachineLearning.Execution.EntryPoints.Api.Controllers.ExecutionController.<StartLocalRun>d__21.MoveNext() in /opt/vsts/work/1/s/src/azureml-api/src/Execution/EntryPoints/Api/Controllers/ExecutionController.cs:line 195\\n--- End of stack trace from previous location where exception was thrown ---\\n   at System.Runtime.ExceptionServices.ExceptionDispatchInfo.Throw()\\n   at System.Runtime.CompilerServices.TaskAwaiter.HandleNonSuccessAndDebuggerNotification(Task task)\\n   at Microsoft.AspNetCore.Mvc.Internal.ControllerActionInvoker.<InvokeActionMethodAsync>d__12.MoveNext()\\n--- End of stack trace from previous location where exception was thrown ---\\n   at System.Runtime.ExceptionServices.ExceptionDispatchInfo.Throw()\\n   at System.Runtime.CompilerServices.TaskAwaiter.HandleNonSuccessAndDebuggerNotification(Task task)\\n   at Microsoft.AspNetCore.Mvc.Internal.ControllerActionInvoker.<InvokeNextActionFilterAsync>d__10.MoveNext()\\n--- End of stack trace from previous location where exception was thrown ---\\n   at System.Runtime.ExceptionServices.ExceptionDispatchInfo.Throw()\\n   at Microsoft.AspNetCore.Mvc.Internal.ControllerActionInvoker.Rethrow(ActionExecutedContext context)\\n   at Microsoft.AspNetCore.Mvc.Internal.ControllerActionInvoker.Next(State& next, Scope& scope, Object& state, Boolean& isCompleted)\\n   at Microsoft.AspNetCore.Mvc.Internal.ControllerActionInvoker.<InvokeInnerFilterAsync>d__14.MoveNext()\\n--- End of stack trace from previous location where exception was thrown ---\\n   at System.Runtime.ExceptionServices.ExceptionDispatchInfo.Throw()\\n   at System.Runtime.CompilerServices.TaskAwaiter.HandleNonSuccessAndDebuggerNotification(Task task)\\n   at Microsoft.AspNetCore.Mvc.Internal.ResourceInvoker.<InvokeNextExceptionFilterAsync>d__23.MoveNext()\",\n      \"innerException\": {\n        \"type\": \"System.Net.Http.CurlException\",\n        \"message\": \"Couldn't resolve host name\",\n        \"stackTrace\": \"   at System.Net.Http.CurlHandler.ThrowIfCURLEError(CURLcode error)\\n   at System.Net.Http.CurlHandler.MultiAgent.FinishRequest(StrongToWeakReference`1 easyWrapper, CURLcode messageResult)\",\n        \"innerException\": null,\n        \"data\": {},\n        \"errorResponse\": null\n      },\n      \"data\": {},\n      \"errorResponse\": null\n    }\n  },\n  \"correlation\": {\n    \"operation\": \"153624df-4dbe7a3d9a7bb369\",\n    \"request\": \"F473yzFPK4Y=\"\n  }\n}"
}
Traceback (most recent call last):
  File "./03.aci.py", line 85, in <module>
    script_to_run = train_script)
  File "/home/ninghai/miniconda3/envs/candidate/lib/python3.6/site-packages/azureml/core/run.py", line 96, in submit
    execute_with_zip=_execute_with_zip)
  File "/home/ninghai/miniconda3/envs/candidate/lib/python3.6/site-packages/azureml/execution/_commands.py", line 116, in start_run
    execute_with_zip=execute_with_zip)
  File "/home/ninghai/miniconda3/envs/candidate/lib/python3.6/site-packages/azureml/execution/_commands.py", line 383, in _start_internal
    _raise_request_error(response, "starting run")
  File "/home/ninghai/miniconda3/envs/candidate/lib/python3.6/site-packages/azureml/execution/_commands.py", line 729, in _raise_request_error
    raise ExperimentExecutionException(get_http_exception_response_string(response))
azureml.exceptions.azureml_exception.ExperimentExecutionException: {
    "url": "https://eastus2.experiments.azureml.net/execution/v1.0/subscriptions/fac34303-435d-4486-8c3f-7094d82a0b60/resourceGroups/aml-notebooks/providers/Microsoft.MachineLearningServices/workspaces/haieastus2ws3/projects/e2e-03/run",
    "status_code": 502,
    "text": "<html>\r\n<head><title>502 Bad Gateway</title></head>\r\n<body bgcolor=\"white\">\r\n<center><h1>502 Bad Gateway</h1></center>\r\n<hr><center>nginx</center>\r\n</body>\r\n</html>\r\n"
}
Traceback (most recent call last):
  File "./04.dsvm.py", line 70, in <module>
    script_to_run = train_script)
  File "/home/ninghai/miniconda3/envs/candidate/lib/python3.6/site-packages/azureml/core/run.py", line 96, in submit
    execute_with_zip=_execute_with_zip)
  File "/home/ninghai/miniconda3/envs/candidate/lib/python3.6/site-packages/azureml/execution/_commands.py", line 116, in start_run
    execute_with_zip=execute_with_zip)
  File "/home/ninghai/miniconda3/envs/candidate/lib/python3.6/site-packages/azureml/execution/_commands.py", line 383, in _start_internal
    _raise_request_error(response, "starting run")
  File "/home/ninghai/miniconda3/envs/candidate/lib/python3.6/site-packages/azureml/execution/_commands.py", line 729, in _raise_request_error
    raise ExperimentExecutionException(get_http_exception_response_string(response))
azureml.exceptions.azureml_exception.ExperimentExecutionException: {
    "url": "https://eastus2.experiments.azureml.net/execution/v1.0/subscriptions/fac34303-435d-4486-8c3f-7094d82a0b60/resourceGroups/aml-notebooks/providers/Microsoft.MachineLearningServices/workspaces/haieastus2ws3/projects/e2e-04/run",
    "status_code": 502,
    "text": "<html>\r\n<head><title>502 Bad Gateway</title></head>\r\n<body bgcolor=\"white\">\r\n<center><h1>502 Bad Gateway</h1></center>\r\n<hr><center>nginx</center>\r\n</body>\r\n</html>\r\n"
}
Traceback (most recent call last):
  File "./05.spark.py", line 81, in <module>
    script_to_run = "train-spark.py")
  File "/home/ninghai/miniconda3/envs/candidate/lib/python3.6/site-packages/azureml/core/run.py", line 96, in submit
    execute_with_zip=_execute_with_zip)
  File "/home/ninghai/miniconda3/envs/candidate/lib/python3.6/site-packages/azureml/execution/_commands.py", line 116, in start_run
    execute_with_zip=execute_with_zip)
  File "/home/ninghai/miniconda3/envs/candidate/lib/python3.6/site-packages/azureml/execution/_commands.py", line 383, in _start_internal
    _raise_request_error(response, "starting run")
  File "/home/ninghai/miniconda3/envs/candidate/lib/python3.6/site-packages/azureml/execution/_commands.py", line 729, in _raise_request_error
    raise ExperimentExecutionException(get_http_exception_response_string(response))
azureml.exceptions.azureml_exception.ExperimentExecutionException: {
    "url": "https://eastus2.experiments.azureml.net/execution/v1.0/subscriptions/fac34303-435d-4486-8c3f-7094d82a0b60/resourceGroups/aml-notebooks/providers/Microsoft.MachineLearningServices/workspaces/haieastus2ws3/projects/e2e-05/run",
    "status_code": 500,
    "text": "{\n  \"error\": {\n    \"code\": \"ServiceError\",\n    \"message\": \"InternalServerError\",\n    \"target\": null,\n    \"details\": [],\n    \"innerError\": null,\n    \"debugInfo\": {\n      \"type\": \"System.Net.Http.HttpRequestException\",\n      \"message\": \"An error occurred while sending the request.\",\n      \"stackTrace\": \"   at System.Runtime.ExceptionServices.ExceptionDispatchInfo.Throw()\\n   at System.Runtime.CompilerServices.TaskAwaiter.HandleNonSuccessAndDebuggerNotification(Task task)\\n   at System.Runtime.CompilerServices.ConfiguredTaskAwaitable`1.ConfiguredTaskAwaiter.GetResult()\\n   at System.Net.Http.DiagnosticsHandler.<SendAsync>d__2.MoveNext()\\n--- End of stack trace from previous location where exception was thrown ---\\n   at System.Runtime.ExceptionServices.ExceptionDispatchInfo.Throw()\\n   at System.Runtime.CompilerServices.TaskAwaiter.HandleNonSuccessAndDebuggerNotification(Task task)\\n   at System.Runtime.CompilerServices.ConfiguredTaskAwaitable`1.ConfiguredTaskAwaiter.GetResult()\\n   at System.Net.Http.HttpClient.<FinishSendAsyncBuffered>d__58.MoveNext()\\n--- End of stack trace from previous location where exception was thrown ---\\n   at System.Runtime.ExceptionServices.ExceptionDispatchInfo.Throw()\\n   at System.Runtime.CompilerServices.TaskAwaiter.HandleNonSuccessAndDebuggerNotification(Task task)\\n   at Microsoft.MachineLearning.Common.WebApi.Client.ServiceInvoker.<_Invoke>d__18`1.MoveNext() in /opt/vsts/work/1/s/src/azureml-api/src/Common/WebApi.Client/ServiceInvoker.cs:line 247\\n--- End of stack trace from previous location where exception was thrown ---\\n   at System.Runtime.ExceptionServices.ExceptionDispatchInfo.Throw()\\n   at System.Runtime.CompilerServices.TaskAwaiter.HandleNonSuccessAndDebuggerNotification(Task task)\\n   at Microsoft.MachineLearning.Execution.Services.WorkspaceResourcesRetriever.<GetMsiToken>d__5.MoveNext() in /opt/vsts/work/1/s/src/azureml-api/src/Execution/Services/WorkspaceResourcesRetriever.cs:line 76\\n--- End of stack trace from previous location where exception was thrown ---\\n   at System.Runtime.ExceptionServices.ExceptionDispatchInfo.Throw()\\n   at System.Runtime.CompilerServices.TaskAwaiter.HandleNonSuccessAndDebuggerNotification(Task task)\\n   at Microsoft.MachineLearning.Execution.Services.DynamicStrategy.<CreateAzureServiceInvoker>d__38`1.MoveNext() in /opt/vsts/work/1/s/src/azureml-api/src/Execution/Services/DynamicStrategy.cs:line 646\\n--- End of stack trace from previous location where exception was thrown ---\\n   at System.Runtime.ExceptionServices.ExceptionDispatchInfo.Throw()\\n   at System.Runtime.CompilerServices.TaskAwaiter.HandleNonSuccessAndDebuggerNotification(Task task)\\n   at Microsoft.MachineLearning.Execution.Services.ContainerInstanceStrategy.<CreateUnderlyingJob>d__1.MoveNext() in /opt/vsts/work/1/s/src/azureml-api/src/Execution/Services/ContainerInstanceStrategy.cs:line 60\\n--- End of stack trace from previous location where exception was thrown ---\\n   at System.Runtime.ExceptionServices.ExceptionDispatchInfo.Throw()\\n   at System.Runtime.CompilerServices.TaskAwaiter.HandleNonSuccessAndDebuggerNotification(Task task)\\n   at Microsoft.MachineLearning.Execution.Services.DynamicStrategy.<StartRun>d__20.MoveNext() in /opt/vsts/work/1/s/src/azureml-api/src/Execution/Services/DynamicStrategy.cs:line 216\\n--- End of stack trace from previous location where exception was thrown ---\\n   at System.Runtime.ExceptionServices.ExceptionDispatchInfo.Throw()\\n   at System.Runtime.CompilerServices.TaskAwaiter.HandleNonSuccessAndDebuggerNotification(Task task)\\n   at Microsoft.MachineLearning.Execution.EntryPoints.Api.Controllers.ExecutionController.<StartRun>d__26.MoveNext() in /opt/vsts/work/1/s/src/azureml-api/src/Execution/EntryPoints/Api/Controllers/ExecutionController.cs:line 336\\n--- End of stack trace from previous location where exception was thrown ---\\n   at System.Runtime.ExceptionServices.ExceptionDispatchInfo.Throw()\\n   at Microsoft.MachineLearning.Execution.EntryPoints.Api.Controllers.ExecutionController.<StartRun>d__26.MoveNext() in /opt/vsts/work/1/s/src/azureml-api/src/Execution/EntryPoints/Api/Controllers/ExecutionController.cs:line 343\\n--- End of stack trace from previous location where exception was thrown ---\\n   at System.Runtime.ExceptionServices.ExceptionDispatchInfo.Throw()\\n   at System.Runtime.CompilerServices.TaskAwaiter.HandleNonSuccessAndDebuggerNotification(Task task)\\n   at Microsoft.MachineLearning.Execution.EntryPoints.Api.Controllers.ExecutionController.<StartRun>d__22.MoveNext() in /opt/vsts/work/1/s/src/azureml-api/src/Execution/EntryPoints/Api/Controllers/ExecutionController.cs:line 215\\n--- End of stack trace from previous location where exception was thrown ---\\n   at System.Runtime.ExceptionServices.ExceptionDispatchInfo.Throw()\\n   at System.Runtime.CompilerServices.TaskAwaiter.HandleNonSuccessAndDebuggerNotification(Task task)\\n   at lambda_method(Closure , Object )\\n   at Microsoft.AspNetCore.Mvc.Internal.ControllerActionInvoker.<InvokeActionMethodAsync>d__12.MoveNext()\\n--- End of stack trace from previous location where exception was thrown ---\\n   at System.Runtime.ExceptionServices.ExceptionDispatchInfo.Throw()\\n   at System.Runtime.CompilerServices.TaskAwaiter.HandleNonSuccessAndDebuggerNotification(Task task)\\n   at Microsoft.AspNetCore.Mvc.Internal.ControllerActionInvoker.<InvokeNextActionFilterAsync>d__10.MoveNext()\\n--- End of stack trace from previous location where exception was thrown ---\\n   at System.Runtime.ExceptionServices.ExceptionDispatchInfo.Throw()\\n   at Microsoft.AspNetCore.Mvc.Internal.ControllerActionInvoker.Rethrow(ActionExecutedContext context)\\n   at Microsoft.AspNetCore.Mvc.Internal.ControllerActionInvoker.Next(State& next, Scope& scope, Object& state, Boolean& isCompleted)\\n   at Microsoft.AspNetCore.Mvc.Internal.ControllerActionInvoker.<InvokeInnerFilterAsync>d__14.MoveNext()\\n--- End of stack trace from previous location where exception was thrown ---\\n   at System.Runtime.ExceptionServices.ExceptionDispatchInfo.Throw()\\n   at System.Runtime.CompilerServices.TaskAwaiter.HandleNonSuccessAndDebuggerNotification(Task task)\\n   at Microsoft.AspNetCore.Mvc.Internal.ResourceInvoker.<InvokeNextExceptionFilterAsync>d__23.MoveNext()\",\n      \"innerException\": {\n        \"type\": \"System.Net.Http.CurlException\",\n        \"message\": \"Couldn't resolve host name\",\n        \"stackTrace\": \"   at System.Net.Http.CurlHandler.ThrowIfCURLEError(CURLcode error)\\n   at System.Net.Http.CurlHandler.MultiAgent.FinishRequest(StrongToWeakReference`1 easyWrapper, CURLcode messageResult)\",\n        \"innerException\": null,\n        \"data\": {},\n        \"errorResponse\": null\n      },\n      \"data\": {},\n      \"errorResponse\": null\n    }\n  },\n  \"correlation\": {\n    \"operation\": \"15362521-4dbe7a3d9a7bb369\",\n    \"request\": \"1WBFBmZKToY=\"\n  }\n}"
}
Traceback (most recent call last):
  File "./07.sklearn.hd.py", line 88, in <module>
    run = sk_est.fit()
  File "/home/ninghai/miniconda3/envs/candidate/lib/python3.6/site-packages/azureml/train/estimator.py", line 451, in fit
    return super(Estimator, self).fit()
  File "/home/ninghai/miniconda3/envs/candidate/lib/python3.6/site-packages/azureml/train/estimator.py", line 91, in fit
    _telemetry_values=telemetry_values)
  File "/home/ninghai/miniconda3/envs/candidate/lib/python3.6/site-packages/azureml/core/run.py", line 96, in submit
    execute_with_zip=_execute_with_zip)
  File "/home/ninghai/miniconda3/envs/candidate/lib/python3.6/site-packages/azureml/execution/_commands.py", line 116, in start_run
    execute_with_zip=execute_with_zip)
  File "/home/ninghai/miniconda3/envs/candidate/lib/python3.6/site-packages/azureml/execution/_commands.py", line 383, in _start_internal
    _raise_request_error(response, "starting run")
  File "/home/ninghai/miniconda3/envs/candidate/lib/python3.6/site-packages/azureml/execution/_commands.py", line 729, in _raise_request_error
    raise ExperimentExecutionException(get_http_exception_response_string(response))
azureml.exceptions.azureml_exception.ExperimentExecutionException: {
    "url": "https://eastus2.experiments.azureml.net/execution/v1.0/subscriptions/fac34303-435d-4486-8c3f-7094d82a0b60/resourceGroups/aml-notebooks/providers/Microsoft.MachineLearningServices/workspaces/haieastus2ws3/projects/e2e-07/run",
    "status_code": 500,
    "text": "{\n  \"error\": {\n    \"code\": \"ServiceError\",\n    \"message\": \"InternalServerError\",\n    \"target\": null,\n    \"details\": [],\n    \"innerError\": null,\n    \"debugInfo\": {\n      \"type\": \"System.Net.Http.HttpRequestException\",\n      \"message\": \"An error occurred while sending the request.\",\n      \"stackTrace\": \"   at System.Runtime.ExceptionServices.ExceptionDispatchInfo.Throw()\\n   at System.Runtime.CompilerServices.TaskAwaiter.HandleNonSuccessAndDebuggerNotification(Task task)\\n   at System.Runtime.CompilerServices.ConfiguredTaskAwaitable`1.ConfiguredTaskAwaiter.GetResult()\\n   at System.Net.Http.DiagnosticsHandler.<SendAsync>d__2.MoveNext()\\n--- End of stack trace from previous location where exception was thrown ---\\n   at System.Runtime.ExceptionServices.ExceptionDispatchInfo.Throw()\\n   at System.Runtime.CompilerServices.TaskAwaiter.HandleNonSuccessAndDebuggerNotification(Task task)\\n   at System.Runtime.CompilerServices.ConfiguredTaskAwaitable`1.ConfiguredTaskAwaiter.GetResult()\\n   at System.Net.Http.HttpClient.<FinishSendAsyncBuffered>d__58.MoveNext()\\n--- End of stack trace from previous location where exception was thrown ---\\n   at System.Runtime.ExceptionServices.ExceptionDispatchInfo.Throw()\\n   at System.Runtime.CompilerServices.TaskAwaiter.HandleNonSuccessAndDebuggerNotification(Task task)\\n   at Microsoft.MachineLearning.Common.WebApi.Client.ServiceInvoker.<_Invoke>d__18`1.MoveNext() in /opt/vsts/work/1/s/src/azureml-api/src/Common/WebApi.Client/ServiceInvoker.cs:line 247\\n--- End of stack trace from previous location where exception was thrown ---\\n   at System.Runtime.ExceptionServices.ExceptionDispatchInfo.Throw()\\n   at System.Runtime.CompilerServices.TaskAwaiter.HandleNonSuccessAndDebuggerNotification(Task task)\\n   at Microsoft.MachineLearning.Execution.Services.WorkspaceResourcesRetriever.<GetComputeResourceAndSecrets>d__6.MoveNext() in /opt/vsts/work/1/s/src/azureml-api/src/Execution/Services/WorkspaceResourcesRetriever.cs:line 88\\n--- End of stack trace from previous location where exception was thrown ---\\n   at System.Runtime.ExceptionServices.ExceptionDispatchInfo.Throw()\\n   at System.Runtime.CompilerServices.TaskAwaiter.HandleNonSuccessAndDebuggerNotification(Task task)\\n   at Microsoft.MachineLearning.Execution.Services.StrategyState.<Hydrate>d__59.MoveNext() in /opt/vsts/work/1/s/src/azureml-api/src/Execution/Services/StrategyState.cs:line 156\\n--- End of stack trace from previous location where exception was thrown ---\\n   at System.Runtime.ExceptionServices.ExceptionDispatchInfo.Throw()\\n   at System.Runtime.CompilerServices.TaskAwaiter.HandleNonSuccessAndDebuggerNotification(Task task)\\n   at Microsoft.MachineLearning.Execution.EntryPoints.Api.Controllers.ExecutionController.<MakeStrategyState>d__40.MoveNext() in /opt/vsts/work/1/s/src/azureml-api/src/Execution/EntryPoints/Api/Controllers/ExecutionController.cs:line 691\\n--- End of stack trace from previous location where exception was thrown ---\\n   at System.Runtime.ExceptionServices.ExceptionDispatchInfo.Throw()\\n   at System.Runtime.CompilerServices.TaskAwaiter.HandleNonSuccessAndDebuggerNotification(Task task)\\n   at Microsoft.MachineLearning.Execution.EntryPoints.Api.Controllers.ExecutionController.<StartRun>d__26.MoveNext() in /opt/vsts/work/1/s/src/azureml-api/src/Execution/EntryPoints/Api/Controllers/ExecutionController.cs:line 315\\n--- End of stack trace from previous location where exception was thrown ---\\n   at System.Runtime.ExceptionServices.ExceptionDispatchInfo.Throw()\\n   at System.Runtime.CompilerServices.TaskAwaiter.HandleNonSuccessAndDebuggerNotification(Task task)\\n   at Microsoft.MachineLearning.Execution.EntryPoints.Api.Controllers.ExecutionController.<StartRun>d__22.MoveNext() in /opt/vsts/work/1/s/src/azureml-api/src/Execution/EntryPoints/Api/Controllers/ExecutionController.cs:line 215\\n--- End of stack trace from previous location where exception was thrown ---\\n   at System.Runtime.ExceptionServices.ExceptionDispatchInfo.Throw()\\n   at System.Runtime.CompilerServices.TaskAwaiter.HandleNonSuccessAndDebuggerNotification(Task task)\\n   at lambda_method(Closure , Object )\\n   at Microsoft.AspNetCore.Mvc.Internal.ControllerActionInvoker.<InvokeActionMethodAsync>d__12.MoveNext()\\n--- End of stack trace from previous location where exception was thrown ---\\n   at System.Runtime.ExceptionServices.ExceptionDispatchInfo.Throw()\\n   at System.Runtime.CompilerServices.TaskAwaiter.HandleNonSuccessAndDebuggerNotification(Task task)\\n   at Microsoft.AspNetCore.Mvc.Internal.ControllerActionInvoker.<InvokeNextActionFilterAsync>d__10.MoveNext()\\n--- End of stack trace from previous location where exception was thrown ---\\n   at System.Runtime.ExceptionServices.ExceptionDispatchInfo.Throw()\\n   at Microsoft.AspNetCore.Mvc.Internal.ControllerActionInvoker.Rethrow(ActionExecutedContext context)\\n   at Microsoft.AspNetCore.Mvc.Internal.ControllerActionInvoker.Next(State& next, Scope& scope, Object& state, Boolean& isCompleted)\\n   at Microsoft.AspNetCore.Mvc.Internal.ControllerActionInvoker.<InvokeInnerFilterAsync>d__14.MoveNext()\\n--- End of stack trace from previous location where exception was thrown ---\\n   at System.Runtime.ExceptionServices.ExceptionDispatchInfo.Throw()\\n   at System.Runtime.CompilerServices.TaskAwaiter.HandleNonSuccessAndDebuggerNotification(Task task)\\n   at Microsoft.AspNetCore.Mvc.Internal.ResourceInvoker.<InvokeNextExceptionFilterAsync>d__23.MoveNext()\",\n      \"innerException\": {\n        \"type\": \"System.Net.Http.CurlException\",\n        \"message\": \"Couldn't resolve host name\",\n        \"stackTrace\": \"   at System.Net.Http.CurlHandler.ThrowIfCURLEError(CURLcode error)\\n   at System.Net.Http.CurlHandler.MultiAgent.FinishRequest(StrongToWeakReference`1 easyWrapper, CURLcode messageResult)\",\n        \"innerException\": null,\n        \"data\": {},\n        \"errorResponse\": null\n      },\n      \"data\": {},\n      \"errorResponse\": null\n    }\n  },\n  \"correlation\": {\n    \"operation\": \"1536255e-4dbe7a3d9a7bb369\",\n    \"request\": \"Fv3OjcES2RM=\"\n  }\n}"
}
Traceback (most recent call last):
  File "./08.tf.hd.py", line 92, in <module>
    run = tfe.fit()
  File "/home/ninghai/miniconda3/envs/candidate/lib/python3.6/site-packages/azureml/train/dnn.py", line 320, in fit
    return super(TensorFlow, self).fit()
  File "/home/ninghai/miniconda3/envs/candidate/lib/python3.6/site-packages/azureml/train/estimator.py", line 91, in fit
    _telemetry_values=telemetry_values)
  File "/home/ninghai/miniconda3/envs/candidate/lib/python3.6/site-packages/azureml/core/run.py", line 96, in submit
    execute_with_zip=_execute_with_zip)
  File "/home/ninghai/miniconda3/envs/candidate/lib/python3.6/site-packages/azureml/execution/_commands.py", line 116, in start_run
    execute_with_zip=execute_with_zip)
  File "/home/ninghai/miniconda3/envs/candidate/lib/python3.6/site-packages/azureml/execution/_commands.py", line 383, in _start_internal
    _raise_request_error(response, "starting run")
  File "/home/ninghai/miniconda3/envs/candidate/lib/python3.6/site-packages/azureml/execution/_commands.py", line 729, in _raise_request_error
    raise ExperimentExecutionException(get_http_exception_response_string(response))
azureml.exceptions.azureml_exception.ExperimentExecutionException: {
    "url": "https://eastus2.experiments.azureml.net/execution/v1.0/subscriptions/fac34303-435d-4486-8c3f-7094d82a0b60/resourceGroups/aml-notebooks/providers/Microsoft.MachineLearningServices/workspaces/haieastus2ws3/projects/e2e-08/run",
    "status_code": 502,
    "text": "<html>\r\n<head><title>502 Bad Gateway</title></head>\r\n<body bgcolor=\"white\">\r\n<center><h1>502 Bad Gateway</h1></center>\r\n<hr><center>nginx</center>\r\n</body>\r\n</html>\r\n"
}
Client-Request-ID=97d7ee82-685e-11e8-9288-000d3a71b7c3 Retry policy did not allow for a retry: Server-Timestamp=Tue, 05 Jun 2018 01:20:11 GMT, Server-Request-ID=b816b1b5-e01e-00da-3f6b-fcf11a000000, HTTP status code=409, Exception=The specified container already exists.ErrorCode: ContainerAlreadyExists<?xml version="1.0" encoding="utf-8"?><Error><Code>ContainerAlreadyExists</Code><Message>The specified container already exists.RequestId:b816b1b5-e01e-00da-3f6b-fcf11a000000Time:2018-06-05T01:20:11.9947741Z</Message></Error>.
Client-Request-ID=c06c9776-685e-11e8-9288-000d3a71b7c3 Retry policy did not allow for a retry: Server-Timestamp=Tue, 05 Jun 2018 01:21:19 GMT, Server-Request-ID=cd29991f-a01e-0099-7f6b-fcdbf3000000, HTTP status code=409, Exception=The specified container already exists.ErrorCode: ContainerAlreadyExists<?xml version="1.0" encoding="utf-8"?><Error><Code>ContainerAlreadyExists</Code><Message>The specified container already exists.RequestId:cd29991f-a01e-0099-7f6b-fcdbf3000000Time:2018-06-05T01:21:20.0890026Z</Message></Error>.
Client-Request-ID=c06c9778-685e-11e8-9288-000d3a71b7c3 Retry policy did not allow for a retry: Server-Timestamp=Tue, 05 Jun 2018 01:21:19 GMT, Server-Request-ID=5ca7070f-c01e-0082-116b-fcf561000000, HTTP status code=409, Exception=The specified container already exists.ErrorCode: ContainerAlreadyExists<?xml version="1.0" encoding="utf-8"?><Error><Code>ContainerAlreadyExists</Code><Message>The specified container already exists.RequestId:5ca7070f-c01e-0082-116b-fcf561000000Time:2018-06-05T01:21:20.2814606Z</Message></Error>.
Client-Request-ID=c06c977a-685e-11e8-9288-000d3a71b7c3 Retry policy did not allow for a retry: Server-Timestamp=Tue, 05 Jun 2018 01:21:19 GMT, Server-Request-ID=130e2e82-401e-001b-616b-fc7aa3000000, HTTP status code=409, Exception=The specified container already exists.ErrorCode: ContainerAlreadyExists<?xml version="1.0" encoding="utf-8"?><Error><Code>ContainerAlreadyExists</Code><Message>The specified container already exists.RequestId:130e2e82-401e-001b-616b-fc7aa3000000Time:2018-06-05T01:21:20.4532704Z</Message></Error>.
Client-Request-ID=c06c977c-685e-11e8-9288-000d3a71b7c3 Retry policy did not allow for a retry: Server-Timestamp=Tue, 05 Jun 2018 01:21:19 GMT, Server-Request-ID=132175aa-b01e-008d-796b-fc1897000000, HTTP status code=409, Exception=The specified container already exists.ErrorCode: ContainerAlreadyExists<?xml version="1.0" encoding="utf-8"?><Error><Code>ContainerAlreadyExists</Code><Message>The specified container already exists.RequestId:132175aa-b01e-008d-796b-fc1897000000Time:2018-06-05T01:21:20.6302426Z</Message></Error>.
Traceback (most recent call last):
  File "./10.o16n.py", line 64, in <module>
    image = image)
  File "/home/ninghai/miniconda3/envs/candidate/lib/python3.6/site-packages/azureml/core/workspace.py", line 818, in deploy_webservice
    'creation state.'.format(image.id))
azureml.exceptions.azureml_exception.WebserviceException: Unable to create service with image myimage:22 in non "Succeeded" creation state.
error: Your local changes to the following files would be overwritten by checkout:
	e2e_test/aml_config/config.json
Please, commit your changes or stash them before you can switch branches.
Aborting
