Switched to branch 'daily'
ERROR:azure.storage.common.storageclient:Client-Request-ID=5ec20c11-6e06-11e8-9288-000d3a71b7c3 Retry policy did not allow for a retry: Server-Timestamp=Tue, 12 Jun 2018 06:03:48 GMT, Server-Request-ID=f71989bb-e01e-0006-5d13-021616000000, HTTP status code=409, Exception=The specified container already exists.ErrorCode: ContainerAlreadyExists<?xml version="1.0" encoding="utf-8"?><Error><Code>ContainerAlreadyExists</Code><Message>The specified container already exists.RequestId:f71989bb-e01e-0006-5d13-021616000000Time:2018-06-12T06:03:48.7397125Z</Message></Error>.
ERROR:azure.storage.common.storageclient:Client-Request-ID=5ec20c13-6e06-11e8-9288-000d3a71b7c3 Retry policy did not allow for a retry: Server-Timestamp=Tue, 12 Jun 2018 06:03:48 GMT, Server-Request-ID=f7c9e69a-b01e-0079-7713-02d98d000000, HTTP status code=409, Exception=The specified container already exists.ErrorCode: ContainerAlreadyExists<?xml version="1.0" encoding="utf-8"?><Error><Code>ContainerAlreadyExists</Code><Message>The specified container already exists.RequestId:f7c9e69a-b01e-0079-7713-02d98d000000Time:2018-06-12T06:03:48.8960596Z</Message></Error>.
ERROR:azure.storage.common.storageclient:Client-Request-ID=5ec20c15-6e06-11e8-9288-000d3a71b7c3 Retry policy did not allow for a retry: Server-Timestamp=Tue, 12 Jun 2018 06:03:48 GMT, Server-Request-ID=1487a97d-501e-003c-6a13-020c6e000000, HTTP status code=409, Exception=The specified container already exists.ErrorCode: ContainerAlreadyExists<?xml version="1.0" encoding="utf-8"?><Error><Code>ContainerAlreadyExists</Code><Message>The specified container already exists.RequestId:1487a97d-501e-003c-6a13-020c6e000000Time:2018-06-12T06:03:49.0524683Z</Message></Error>.
ERROR:azure.storage.common.storageclient:Client-Request-ID=5fc8c87f-6e06-11e8-9288-000d3a71b7c3 Retry policy did not allow for a retry: Server-Timestamp=Tue, 12 Jun 2018 06:03:48 GMT, Server-Request-ID=abee9878-701e-0049-7e13-026742000000, HTTP status code=409, Exception=The specified container already exists.ErrorCode: ContainerAlreadyExists<?xml version="1.0" encoding="utf-8"?><Error><Code>ContainerAlreadyExists</Code><Message>The specified container already exists.RequestId:abee9878-701e-0049-7e13-026742000000Time:2018-06-12T06:03:49.2146126Z</Message></Error>.
Traceback (most recent call last):
  File "./02.local.py", line 92, in <module>
    min(metrics['mse']), 
KeyError: 'mse'
ERROR:azure.storage.common.storageclient:Client-Request-ID=bb485b6e-6e11-11e8-9288-000d3a71b7c3 Retry policy did not allow for a retry: Server-Timestamp=Tue, 12 Jun 2018 07:25:06 GMT, Server-Request-ID=ee74e28d-c01e-0011-591e-02bf1d000000, HTTP status code=409, Exception=The specified container already exists.ErrorCode: ContainerAlreadyExists<?xml version="1.0" encoding="utf-8"?><Error><Code>ContainerAlreadyExists</Code><Message>The specified container already exists.RequestId:ee74e28d-c01e-0011-591e-02bf1d000000Time:2018-06-12T07:25:07.1509970Z</Message></Error>.
ERROR:azure.storage.common.storageclient:Client-Request-ID=bb485b70-6e11-11e8-9288-000d3a71b7c3 Retry policy did not allow for a retry: Server-Timestamp=Tue, 12 Jun 2018 07:25:06 GMT, Server-Request-ID=582bc930-501e-0085-4c1e-020874000000, HTTP status code=409, Exception=The specified container already exists.ErrorCode: ContainerAlreadyExists<?xml version="1.0" encoding="utf-8"?><Error><Code>ContainerAlreadyExists</Code><Message>The specified container already exists.RequestId:582bc930-501e-0085-4c1e-020874000000Time:2018-06-12T07:25:07.3041364Z</Message></Error>.
ERROR:azure.storage.common.storageclient:Client-Request-ID=bb485b72-6e11-11e8-9288-000d3a71b7c3 Retry policy did not allow for a retry: Server-Timestamp=Tue, 12 Jun 2018 07:25:07 GMT, Server-Request-ID=41794423-e01e-005b-341e-021c92000000, HTTP status code=409, Exception=The specified container already exists.ErrorCode: ContainerAlreadyExists<?xml version="1.0" encoding="utf-8"?><Error><Code>ContainerAlreadyExists</Code><Message>The specified container already exists.RequestId:41794423-e01e-005b-341e-021c92000000Time:2018-06-12T07:25:07.4626692Z</Message></Error>.
ERROR:azure.storage.common.storageclient:Client-Request-ID=bb485b74-6e11-11e8-9288-000d3a71b7c3 Retry policy did not allow for a retry: Server-Timestamp=Tue, 12 Jun 2018 07:25:07 GMT, Server-Request-ID=bde5ab4c-d01e-0040-3d1e-022291000000, HTTP status code=409, Exception=The specified container already exists.ErrorCode: ContainerAlreadyExists<?xml version="1.0" encoding="utf-8"?><Error><Code>ContainerAlreadyExists</Code><Message>The specified container already exists.RequestId:bde5ab4c-d01e-0040-3d1e-022291000000Time:2018-06-12T07:25:07.6193270Z</Message></Error>.
Traceback (most recent call last):
  File "./10.o16n.py", line 88, in <module>
    model.delete()
  File "/home/ninghai/miniconda3/envs/daily/lib/python3.6/site-packages/azureml/core/model.py", line 313, in delete
    'Content: {}'.format(resp.status_code, resp.headers, resp.content))
azureml.exceptions.azureml_exception.WebserviceException: Received bad response from Model Management Service:
Response Code: 412
Headers: {'Date': 'Tue, 12 Jun 2018 07:32:52 GMT', 'Content-Type': 'application/json', 'Transfer-Encoding': 'chunked', 'Connection': 'keep-alive', 'api-supported-versions': '2018-03-01-preview', 'x-ms-client-request-id': '41beada7524945b7aaa4a947eebd94ad', 'x-ms-client-session-id': '', 'Strict-Transport-Security': 'max-age=15724800; includeSubDomains; preload'}
Content: b'{"code":"PreconditionFailed","statusCode":412,"message":"PreconditionFailed","details":[{"code":"DeletionRequired","message":"The model with id mymodel:1 can not be deleted because it is currently being used in one or more images"}]}'
Switched to branch 'master'
