
## Package Plan ##

  environment location: /home/ninghai/miniconda3/envs/preview


The following packages will be REMOVED:

    appdirs:           1.4.3-py36h28b3542_0   
    asn1crypto:        0.24.0-py36_0          
    attrs:             18.1.0-py36_0          
    automat:           0.7.0-py36_0           
    backcall:          0.1.0-py36_0           
    blas:              1.0-mkl                
    bleach:            2.1.4-py36_0           
    ca-certificates:   2018.03.07-0           
    certifi:           2018.8.24-py36_1       
    cffi:              1.11.5-py36he75722e_1  
    constantly:        15.1.0-py36h28b3542_0  
    cryptography:      2.3.1-py36hc365091_0   
    cycler:            0.10.0-py36_0          
    cython:            0.28.5-py36hf484d3e_0  
    dbus:              1.13.2-h714fa37_1      
    decorator:         4.3.0-py36_0           
    entrypoints:       0.2.3-py36_2           
    expat:             2.2.6-he6710b0_0       
    fontconfig:        2.13.0-h9420a91_0      
    freetype:          2.9.1-h8a8886c_1       
    glib:              2.56.2-hd408876_0      
    gmp:               6.1.2-h6c8ec71_1       
    gst-plugins-base:  1.14.0-hbbd80ab_1      
    gstreamer:         1.14.0-hb453b48_1      
    html5lib:          1.0.1-py36_0           
    hyperlink:         18.0.0-py36_0          
    icu:               58.2-h9c2bf20_1        
    idna:              2.7-py36_0             
    incremental:       17.5.0-py36_0          
    intel-openmp:      2018.0.3-0             
    ipykernel:         4.8.2-py36_0           
    ipython:           6.5.0-py36_0           
    ipython_genutils:  0.2.0-py36_0           
    jedi:              0.12.1-py36_0          
    jinja2:            2.10-py36_0            
    jpeg:              9b-h024ee3a_2          
    jsonschema:        2.6.0-py36_0           
    jupyter_client:    5.2.3-py36_0           
    jupyter_core:      4.4.0-py36_0           
    kiwisolver:        1.0.1-py36hf484d3e_0   
    libedit:           3.1.20170329-h6b74fdf_2
    libffi:            3.2.1-hd88cf55_4       
    libgcc-ng:         8.2.0-hdf63c60_1       
    libgfortran-ng:    7.3.0-hdf63c60_0       
    libpng:            1.6.34-hb9fc6fc_0      
    libsodium:         1.0.16-h1bed415_0      
    libstdcxx-ng:      8.2.0-hdf63c60_1       
    libuuid:           1.0.3-h1bed415_2       
    libxcb:            1.13-h1bed415_1        
    libxml2:           2.9.8-h26e45fe_1       
    markupsafe:        1.0-py36h14c3975_1     
    matplotlib:        2.2.3-py36hb69df0a_0   
    mistune:           0.8.3-py36h14c3975_1   
    mkl:               2018.0.3-1             
    mkl_fft:           1.0.4-py36h4414c95_1   
    mkl_random:        1.0.1-py36h4414c95_1   
    nb_conda:          2.2.1-py36_0           
    nb_conda_kernels:  2.1.0-py36_0           
    nbconvert:         5.3.1-py36_0           
    nbformat:          4.4.0-py36_0           
    ncurses:           6.1-hf484d3e_0         
    notebook:          5.6.0-py36_0           
    numpy:             1.15.1-py36h1d66e8a_0  
    numpy-base:        1.15.1-py36h81de0dd_0  
    openssl:           1.0.2p-h14c3975_0      
    pandoc:            2.2.3.2-0              
    pandocfilters:     1.4.2-py36_1           
    parso:             0.3.1-py36_0           
    pcre:              8.42-h439df22_0        
    pexpect:           4.6.0-py36_0           
    pickleshare:       0.7.4-py36_0           
    pip:               10.0.1-py36_0          
    prometheus_client: 0.3.1-py36h28b3542_0   
    prompt_toolkit:    1.0.15-py36_0          
    ptyprocess:        0.6.0-py36_0           
    pyasn1:            0.4.4-py36h28b3542_0   
    pyasn1-modules:    0.2.2-py36_0           
    pycparser:         2.18-py36_1            
    pygments:          2.2.0-py36_0           
    pyopenssl:         18.0.0-py36_0          
    pyparsing:         2.2.0-py36_1           
    pyqt:              5.9.2-py36h22d08a2_1   
    python:            3.6.6-hc3d631a_0       
    python-dateutil:   2.7.3-py36_0           
    pytz:              2018.5-py36_0          
    pyzmq:             17.1.2-py36h14c3975_0  
    qt:                5.9.6-h8703b6f_2       
    readline:          7.0-h7b6447c_5         
    scikit-learn:      0.19.1-py36hedc7406_0  
    scipy:             1.1.0-py36hfa4b5c9_1   
    send2trash:        1.5.0-py36_0           
    service_identity:  17.0.0-py36h28b3542_0  
    setuptools:        40.2.0-py36_0          
    simplegeneric:     0.8.1-py36_2           
    sip:               4.19.12-py36he6710b0_0 
    six:               1.11.0-py36_1          
    sqlite:            3.24.0-h84994c4_0      
    terminado:         0.8.1-py36_1           
    testpath:          0.3.1-py36_0           
    tk:                8.6.8-hbc83047_0       
    tornado:           5.1-py36h14c3975_0     
    tqdm:              4.25.0-py36h28b3542_0  
    traitlets:         4.3.2-py36_0           
    twisted:           18.7.0-py36h14c3975_1  
    wcwidth:           0.1.7-py36_0           
    webencodings:      0.5.1-py36_1           
    wheel:             0.31.1-py36_0          
    xz:                5.2.4-h14c3975_4       
    zeromq:            4.2.5-hf484d3e_1       
    zlib:              1.2.11-ha838bed_2      
    zope:              1.0-py36_0             
    zope.interface:    4.5.0-py36h14c3975_0   

Solving environment: ...working... done

## Package Plan ##

  environment location: /home/ninghai/miniconda3/envs/preview

  added / updated specs: 
    - cython
    - matplotlib
    - nb_conda
    - numpy
    - python=3.6
    - scikit-learn
    - tqdm


The following NEW packages will be INSTALLED:

    appdirs:           1.4.3-py36h28b3542_0   
    asn1crypto:        0.24.0-py36_0          
    attrs:             18.1.0-py36_0          
    automat:           0.7.0-py36_0           
    backcall:          0.1.0-py36_0           
    blas:              1.0-mkl                
    bleach:            2.1.4-py36_0           
    ca-certificates:   2018.03.07-0           
    certifi:           2018.8.24-py36_1       
    cffi:              1.11.5-py36he75722e_1  
    constantly:        15.1.0-py36h28b3542_0  
    cryptography:      2.3.1-py36hc365091_0   
    cycler:            0.10.0-py36_0          
    cython:            0.28.5-py36hf484d3e_0  
    dbus:              1.13.2-h714fa37_1      
    decorator:         4.3.0-py36_0           
    entrypoints:       0.2.3-py36_2           
    expat:             2.2.6-he6710b0_0       
    fontconfig:        2.13.0-h9420a91_0      
    freetype:          2.9.1-h8a8886c_1       
    glib:              2.56.2-hd408876_0      
    gmp:               6.1.2-h6c8ec71_1       
    gst-plugins-base:  1.14.0-hbbd80ab_1      
    gstreamer:         1.14.0-hb453b48_1      
    html5lib:          1.0.1-py36_0           
    hyperlink:         18.0.0-py36_0          
    icu:               58.2-h9c2bf20_1        
    idna:              2.7-py36_0             
    incremental:       17.5.0-py36_0          
    intel-openmp:      2018.0.3-0             
    ipykernel:         4.8.2-py36_0           
    ipython:           6.5.0-py36_0           
    ipython_genutils:  0.2.0-py36_0           
    jedi:              0.12.1-py36_0          
    jinja2:            2.10-py36_0            
    jpeg:              9b-h024ee3a_2          
    jsonschema:        2.6.0-py36_0           
    jupyter_client:    5.2.3-py36_0           
    jupyter_core:      4.4.0-py36_0           
    kiwisolver:        1.0.1-py36hf484d3e_0   
    libedit:           3.1.20170329-h6b74fdf_2
    libffi:            3.2.1-hd88cf55_4       
    libgcc-ng:         8.2.0-hdf63c60_1       
    libgfortran-ng:    7.3.0-hdf63c60_0       
    libpng:            1.6.34-hb9fc6fc_0      
    libsodium:         1.0.16-h1bed415_0      
    libstdcxx-ng:      8.2.0-hdf63c60_1       
    libuuid:           1.0.3-h1bed415_2       
    libxcb:            1.13-h1bed415_1        
    libxml2:           2.9.8-h26e45fe_1       
    markupsafe:        1.0-py36h14c3975_1     
    matplotlib:        2.2.3-py36hb69df0a_0   
    mistune:           0.8.3-py36h14c3975_1   
    mkl:               2018.0.3-1             
    mkl_fft:           1.0.4-py36h4414c95_1   
    mkl_random:        1.0.1-py36h4414c95_1   
    nb_conda:          2.2.1-py36_0           
    nb_conda_kernels:  2.1.0-py36_0           
    nbconvert:         5.3.1-py36_0           
    nbformat:          4.4.0-py36_0           
    ncurses:           6.1-hf484d3e_0         
    notebook:          5.6.0-py36_0           
    numpy:             1.15.1-py36h1d66e8a_0  
    numpy-base:        1.15.1-py36h81de0dd_0  
    openssl:           1.0.2p-h14c3975_0      
    pandoc:            2.2.3.2-0              
    pandocfilters:     1.4.2-py36_1           
    parso:             0.3.1-py36_0           
    pcre:              8.42-h439df22_0        
    pexpect:           4.6.0-py36_0           
    pickleshare:       0.7.4-py36_0           
    pip:               10.0.1-py36_0          
    prometheus_client: 0.3.1-py36h28b3542_0   
    prompt_toolkit:    1.0.15-py36_0          
    ptyprocess:        0.6.0-py36_0           
    pyasn1:            0.4.4-py36h28b3542_0   
    pyasn1-modules:    0.2.2-py36_0           
    pycparser:         2.18-py36_1            
    pygments:          2.2.0-py36_0           
    pyopenssl:         18.0.0-py36_0          
    pyparsing:         2.2.0-py36_1           
    pyqt:              5.9.2-py36h22d08a2_1   
    python:            3.6.6-hc3d631a_0       
    python-dateutil:   2.7.3-py36_0           
    pytz:              2018.5-py36_0          
    pyzmq:             17.1.2-py36h14c3975_0  
    qt:                5.9.6-h8703b6f_2       
    readline:          7.0-h7b6447c_5         
    scikit-learn:      0.19.1-py36hedc7406_0  
    scipy:             1.1.0-py36hfa4b5c9_1   
    send2trash:        1.5.0-py36_0           
    service_identity:  17.0.0-py36h28b3542_0  
    setuptools:        40.2.0-py36_0          
    simplegeneric:     0.8.1-py36_2           
    sip:               4.19.12-py36he6710b0_0 
    six:               1.11.0-py36_1          
    sqlite:            3.24.0-h84994c4_0      
    terminado:         0.8.1-py36_1           
    testpath:          0.3.1-py36_0           
    tk:                8.6.8-hbc83047_0       
    tornado:           5.1-py36h14c3975_0     
    tqdm:              4.25.0-py36h28b3542_0  
    traitlets:         4.3.2-py36_0           
    twisted:           18.7.0-py36h14c3975_1  
    wcwidth:           0.1.7-py36_0           
    webencodings:      0.5.1-py36_1           
    wheel:             0.31.1-py36_0          
    xz:                5.2.4-h14c3975_4       
    zeromq:            4.2.5-hf484d3e_1       
    zlib:              1.2.11-ha838bed_2      
    zope:              1.0-py36_0             
    zope.interface:    4.5.0-py36h14c3975_0   

Preparing transaction: ...working... done
Verifying transaction: ...working... done
Executing transaction: ...working... + /home/ninghai/miniconda3/envs/preview/bin/jupyter-nbextension enable nb_conda --py --sys-prefix
Enabling notebook extension nb_conda/main...
      - Validating: [32mOK[0m
Enabling tree extension nb_conda/tree...
      - Validating: [32mOK[0m
+ /home/ninghai/miniconda3/envs/preview/bin/jupyter-serverextension enable nb_conda --py --sys-prefix
Enabling: nb_conda
- Writing config: /home/ninghai/miniconda3/envs/preview/etc/jupyter
    - Validating...
      nb_conda 2.2.1 [32mOK[0m

done
#
# To activate this environment, use:
# > source activate preview
#
# To deactivate an active environment, use:
# > source deactivate
#

Collecting azure-cli
  Using cached https://files.pythonhosted.org/packages/8c/f4/9fd45ae91f8f300042b5acb91e36baca66e99bf8efcf8ca9fe33b3cb0f9b/azure_cli-2.0.45-py2.py3-none-any.whl
Collecting azure-cli-dla (from azure-cli)
  Using cached https://files.pythonhosted.org/packages/18/3a/5172215ec9228edfdaf0990ccb512a0cc1e1a5a34dd1cc873515257c5ef3/azure_cli_dla-0.2.2-py2.py3-none-any.whl
Collecting azure-cli-core (from azure-cli)
  Using cached https://files.pythonhosted.org/packages/9d/f5/169365ce6f81da0bd6ee64f38bd1978e5876f0cb4ec5d6eb632b4b011e1f/azure_cli_core-2.0.45-py2.py3-none-any.whl
Collecting azure-cli-lab (from azure-cli)
  Using cached https://files.pythonhosted.org/packages/5a/20/65766a2b2a033453ae4fd9ac6ac0b02a9fd94a4ace948aad1c3643abc7d1/azure_cli_lab-0.1.1-py2.py3-none-any.whl
Collecting azure-cli-keyvault (from azure-cli)
  Using cached https://files.pythonhosted.org/packages/db/28/4448d74df4d1915cf44df2eebffc3ef9483fede1f2ef645f53fb94bb7b23/azure_cli_keyvault-2.2.2-py2.py3-none-any.whl
Collecting azure-cli-extension (from azure-cli)
  Using cached https://files.pythonhosted.org/packages/3a/95/266c37f834299ef3da2e29253e9ed2d5b0a29a3ef1938978ab690a57682e/azure_cli_extension-0.2.1-py2.py3-none-any.whl
Collecting azure-cli-search (from azure-cli)
  Using cached https://files.pythonhosted.org/packages/1c/ec/8d6c30fd98e53f46432e12de0ecfd004eae14a4edaa1f8a708d4828146b4/azure_cli_search-0.1.1-py2.py3-none-any.whl
Collecting azure-cli-batch (from azure-cli)
  Using cached https://files.pythonhosted.org/packages/6a/99/429a448e701583996d5e97d1b83640327a365368f7c3fe02f1399dd07ada/azure_cli_batch-3.3.3-py2.py3-none-any.whl
Collecting azure-cli-container (from azure-cli)
  Using cached https://files.pythonhosted.org/packages/c1/7d/063e154e9f3d224237b897bdee94ad126ec29632522b6a12a6c58a126a3e/azure_cli_container-0.3.3-py2.py3-none-any.whl
Collecting azure-cli-cdn (from azure-cli)
  Using cached https://files.pythonhosted.org/packages/80/20/02fd179a36abbcc056e17065d3d2314ae930de62468f5d63240fefabcb20/azure_cli_cdn-0.1.1-py2.py3-none-any.whl
Collecting azure-cli-acs (from azure-cli)
  Using cached https://files.pythonhosted.org/packages/67/d7/63aeda64634e63b9b533f0c05701b54a1fdd895f3bbb9c1640cb5303c1db/azure_cli_acs-2.3.2-py2.py3-none-any.whl
Collecting azure-cli-feedback (from azure-cli)
  Using cached https://files.pythonhosted.org/packages/d5/00/629340da085c8f43d4552b26fa9acaa13fd817c7ba050228d8b9427a2844/azure_cli_feedback-2.1.4-py2.py3-none-any.whl
Collecting azure-cli-profile (from azure-cli)
  Using cached https://files.pythonhosted.org/packages/f1/70/642eb54b3f33b90c47acdb777a5f9613ff7904abf15216cb4a164f586160/azure_cli_profile-2.1.1-py2.py3-none-any.whl
Collecting azure-cli-dms (from azure-cli)
  Using cached https://files.pythonhosted.org/packages/05/39/5125d12955f8253f86e577fc22e72a6295b7a05163c1415f80820de3448c/azure_cli_dms-0.1.0-py2.py3-none-any.whl
Collecting azure-cli-ams (from azure-cli)
  Using cached https://files.pythonhosted.org/packages/6f/fe/e654dbbfadbc95968e22617e246ccdbdd95002918fdb5c7d1774369698e4/azure_cli_ams-0.2.3-py2.py3-none-any.whl
Collecting azure-cli-redis (from azure-cli)
  Using cached https://files.pythonhosted.org/packages/eb/e1/0bd4413814f8e0b7a18e269815afb2ebf999c2571f6e054e134428a5f706/azure_cli_redis-0.3.2-py2.py3-none-any.whl
Collecting azure-cli-storage (from azure-cli)
  Using cached https://files.pythonhosted.org/packages/28/ad/86de0d4de8db4aec3ab7b26ba3ddba1db1e10b98c70392b4133c8de69930/azure_cli_storage-2.2.1-py2.py3-none-any.whl
Collecting azure-cli-reservations (from azure-cli)
  Using cached https://files.pythonhosted.org/packages/2d/5e/b4230ce63ca29ac0f15ffbf952aaaa23f9d4b8d1a8452df611d1bbf53fa5/azure_cli_reservations-0.3.2-py2.py3-none-any.whl
Collecting azure-cli-resource (from azure-cli)
  Using cached https://files.pythonhosted.org/packages/c2/ec/448f7eba311eb5b0a2a5c58d7abc4ca462d552da24bcfa7acd0b8c6f7be6/azure_cli_resource-2.1.3-py2.py3-none-any.whl
Collecting azure-cli-batchai (from azure-cli)
  Using cached https://files.pythonhosted.org/packages/db/b3/bf17b57506ede9630f8c0004eba5379dec8b04bbedeb6a9fe7a6ad7490d2/azure_cli_batchai-0.4.2-py2.py3-none-any.whl
Collecting azure-cli-appservice (from azure-cli)
  Using cached https://files.pythonhosted.org/packages/99/74/2795803e8afe5e2ca676d3a786954865ca3b9a457eb2fdf359752d73854f/azure_cli_appservice-0.2.3-py2.py3-none-any.whl
Collecting azure-cli-backup (from azure-cli)
  Using cached https://files.pythonhosted.org/packages/f2/6d/83aeb520dab78dbaeb396cb7cfd713365117aa0fc064018c1ec45be2b549/azure_cli_backup-1.2.1-py2.py3-none-any.whl
Collecting azure-cli-dls (from azure-cli)
  Using cached https://files.pythonhosted.org/packages/d2/68/416d0341e6e2f3da3794c7226c05ae8ccb9dcfbf29b8c50a1db56b2e6c9a/azure_cli_dls-0.1.1-py2.py3-none-any.whl
Collecting azure-cli-cloud (from azure-cli)
  Using cached https://files.pythonhosted.org/packages/77/75/196b4456addad2bd3a738e036a00b9d27455590bc807f7218751f9f0b4eb/azure_cli_cloud-2.1.0-py2.py3-none-any.whl
Collecting azure-cli-nspkg>=2.0.0 (from azure-cli)
  Using cached https://files.pythonhosted.org/packages/a7/85/601ef6484bf7a722daa76a4383c4ccfd4980b74ed6c2895392f53ed210d5/azure_cli_nspkg-3.0.3-py2.py3-none-any.whl
Collecting azure-cli-billing (from azure-cli)
  Using cached https://files.pythonhosted.org/packages/0c/1a/e2d253d4c3c56395959643ebcb575afafd1653db6243126b7c76b76502e4/azure_cli_billing-0.2.0-py2.py3-none-any.whl
Collecting azure-cli-sql (from azure-cli)
  Using cached https://files.pythonhosted.org/packages/2c/a2/b5f804d9377ea3206230189329c2f2411c20b2091daded906f16d262a429/azure_cli_sql-2.1.3-py2.py3-none-any.whl
Collecting azure-cli-acr (from azure-cli)
  Using cached https://files.pythonhosted.org/packages/53/0a/77a13e99f0b3a463f879f11a2daf9e91f0b56207efba0e60d40280fa4021/azure_cli_acr-2.1.4-py2.py3-none-any.whl
Collecting azure-cli-consumption (from azure-cli)
  Using cached https://files.pythonhosted.org/packages/f4/05/8f9fc7981f901ff9c886fd5b76fa304ef92a7f675fd14323b42b53420f90/azure_cli_consumption-0.4.0-py2.py3-none-any.whl
Collecting azure-cli-eventgrid (from azure-cli)
  Using cached https://files.pythonhosted.org/packages/f7/31/c4eec7519ce93bdf490a4fc171e12f8201d986ff8075772cd8d3103b0a3d/azure_cli_eventgrid-0.2.0-py2.py3-none-any.whl
Collecting azure-cli-rdbms (from azure-cli)
  Using cached https://files.pythonhosted.org/packages/80/15/dc2fcb850a7b16370be3e8f7a0c79f0f196e0803c8f4c5cf20fd83a473e2/azure_cli_rdbms-0.3.1-py2.py3-none-any.whl
Collecting azure-cli-configure (from azure-cli)
  Using cached https://files.pythonhosted.org/packages/b2/98/12635047be40142cb13d44917abed3fd836d2690799fc4e0bfd4367c8893/azure_cli_configure-2.0.18-py2.py3-none-any.whl
Collecting azure-cli-find (from azure-cli)
  Using cached https://files.pythonhosted.org/packages/0c/5a/4a6a5378c7a86c3099670e2863a263ecec0eb58a3d4a50ba04bbe99cef18/azure_cli_find-0.2.12-py2.py3-none-any.whl
Collecting azure-cli-monitor (from azure-cli)
  Using cached https://files.pythonhosted.org/packages/22/6b/87a551ade5426062acdd1bd0e26507eeabfdd72010377f60f68b87fb8f63/azure_cli_monitor-0.2.3-py2.py3-none-any.whl
Collecting azure-cli-cognitiveservices (from azure-cli)
  Using cached https://files.pythonhosted.org/packages/d9/75/60d766cad8b91a7090c571cdd4d183e01c35b4299de2525a02e912419ba2/azure_cli_cognitiveservices-0.2.1-py2.py3-none-any.whl
Collecting azure-cli-servicebus (from azure-cli)
  Using cached https://files.pythonhosted.org/packages/8e/1d/a5a2c3b0c076c2e2a4f790d955d8c1de3fa17a1ff9d0027fa7bc03f264bc/azure_cli_servicebus-0.2.2-py2.py3-none-any.whl
Collecting azure-cli-advisor (from azure-cli)
  Using cached https://files.pythonhosted.org/packages/5f/9f/55b345c3f8fe5fffc1bb34d08c6fc1def81e7a16c01761e6fe5e77dd742c/azure_cli_advisor-0.6.0-py2.py3-none-any.whl
Collecting azure-cli-interactive (from azure-cli)
  Using cached https://files.pythonhosted.org/packages/db/69/2971cfad02d2daabe8de71645e5afcd850048c0f0441901888d6a62e411e/azure_cli_interactive-0.3.28-py2.py3-none-any.whl
Collecting azure-cli-role (from azure-cli)
  Using cached https://files.pythonhosted.org/packages/a1/66/570754583ca961c0edeb67b887a3bea5b4aea8732d53b602087d630673fe/azure_cli_role-2.1.4-py2.py3-none-any.whl
Collecting azure-cli-vm (from azure-cli)
  Using cached https://files.pythonhosted.org/packages/5e/f7/f7e961329f97a02b03181eee975af8abff3d44d48e9deefdd8399b6072bd/azure_cli_vm-2.2.2-py2.py3-none-any.whl
Collecting azure-cli-cosmosdb (from azure-cli)
  Using cached https://files.pythonhosted.org/packages/42/10/e3c82c23513ecdf406cfe49634d8a565a88e7582a82f7130c273febf9cd9/azure_cli_cosmosdb-0.2.1-py2.py3-none-any.whl
Collecting azure-cli-eventhubs (from azure-cli)
  Using cached https://files.pythonhosted.org/packages/24/fd/e0c961ac6a5b59bf5e1d44b4578ac11a04ab57133bc765c6ac6ef1a817b7/azure_cli_eventhubs-0.2.3-py2.py3-none-any.whl
Collecting azure-cli-servicefabric (from azure-cli)
  Using cached https://files.pythonhosted.org/packages/d2/81/6db9a091ef0cd1c0f9ba7625188e4f6f16c6431d491f7ee3618dfe487e43/azure_cli_servicefabric-0.1.2-py2.py3-none-any.whl
Collecting azure-cli-iot (from azure-cli)
  Using cached https://files.pythonhosted.org/packages/dd/f1/c84764c33f1f502beaa095ab8e5e2ec5edcdcfb616fba21ae21de4b822b1/azure_cli_iot-0.3.1-py2.py3-none-any.whl
Collecting azure-cli-network (from azure-cli)
  Using cached https://files.pythonhosted.org/packages/d5/fb/efa15609bb5167460eac4795e5494709315ce70556ced164cbbce5ae2447/azure_cli_network-2.2.4-py2.py3-none-any.whl
Collecting azure-mgmt-datalake-store==0.2.0 (from azure-cli-dla->azure-cli)
  Using cached https://files.pythonhosted.org/packages/49/ce/b8c5bc9e1560302a01ecb49afbca964feed9142660b244d89efe5df119e7/azure_mgmt_datalake_store-0.2.0-py2.py3-none-any.whl
Collecting azure-cli-command-modules-nspkg>=2.0.0 (from azure-cli-dla->azure-cli)
  Using cached https://files.pythonhosted.org/packages/e6/c9/cdeeeabc550848e2a07caa66cba28aa057d23b6feaa824ceafd32c3f2226/azure_cli_command_modules_nspkg-2.0.2-py2.py3-none-any.whl
Collecting azure-mgmt-datalake-analytics==0.2.0 (from azure-cli-dla->azure-cli)
  Using cached https://files.pythonhosted.org/packages/90/72/ee4a7ab8fc6e98ae7a0087fa8a4033db33744b76618b60542733ead698d7/azure_mgmt_datalake_analytics-0.2.0-py2.py3-none-any.whl
Collecting antlr4-python3-runtime (from azure-cli-core->azure-cli)
Collecting jmespath (from azure-cli-core->azure-cli)
  Using cached https://files.pythonhosted.org/packages/b7/31/05c8d001f7f87f0f07289a5fc0fc3832e9a57f2dbd4d3b0fee70e0d51365/jmespath-0.9.3-py2.py3-none-any.whl
Collecting humanfriendly>=4.7 (from azure-cli-core->azure-cli)
  Using cached https://files.pythonhosted.org/packages/fb/34/1e80e4a06020f7dfc7eee11387e400435236f992f80eaa6ed9b3d8252211/humanfriendly-4.16.1-py2.py3-none-any.whl
Requirement already satisfied: six in /home/ninghai/miniconda3/envs/preview/lib/python3.6/site-packages (from azure-cli-core->azure-cli) (1.11.0)
Collecting paramiko>=2.0.8 (from azure-cli-core->azure-cli)
  Using cached https://files.pythonhosted.org/packages/3e/db/cb7b6656e0e7387637ce850689084dc0b94b44df31cc52e5fc5c2c4fd2c1/paramiko-2.4.1-py2.py3-none-any.whl
Requirement already satisfied: pyopenssl>=17.1.0 in /home/ninghai/miniconda3/envs/preview/lib/python3.6/site-packages (from azure-cli-core->azure-cli) (18.0.0)
Collecting msrestazure>=0.4.25 (from azure-cli-core->azure-cli)
  Using cached https://files.pythonhosted.org/packages/a4/48/cfa54772365b4d0b8f3e7af16354db768b0317b3273265b37c14f71b705b/msrestazure-0.5.0-py2.py3-none-any.whl
Collecting adal>=1.0.2 (from azure-cli-core->azure-cli)
  Using cached https://files.pythonhosted.org/packages/77/a8/8bf977a1e075ed26617b98e708afe5b96a923c67dfac5213f81f5d80ac1d/adal-1.0.2-py2.py3-none-any.whl
Collecting requests (from azure-cli-core->azure-cli)
  Using cached https://files.pythonhosted.org/packages/65/47/7e02164a2a3db50ed6d8a6ab1d6d60b69c4c3fdf57a284257925dfc12bda/requests-2.19.1-py2.py3-none-any.whl
Collecting knack==0.4.2 (from azure-cli-core->azure-cli)
  Using cached https://files.pythonhosted.org/packages/bc/49/1c69f851ea9d17db920d07dee62f2be3bdca52ab0a65728324c797c99285/knack-0.4.2-py2.py3-none-any.whl
Collecting azure-mgmt-resource==2.0.0 (from azure-cli-core->azure-cli)
  Using cached https://files.pythonhosted.org/packages/2b/26/c0cb69dfac2e5b7125db034045b8bcf937cf1e8d3df2009a87c33d0959f5/azure_mgmt_resource-2.0.0-py2.py3-none-any.whl
Collecting pyyaml~=3.13 (from azure-cli-core->azure-cli)
Collecting wheel==0.30.0 (from azure-cli-core->azure-cli)
  Using cached https://files.pythonhosted.org/packages/0c/80/16a85b47702a1f47a63c104c91abdd0a6704ee8ae3b4ce4afc49bc39f9d9/wheel-0.30.0-py2.py3-none-any.whl
Collecting PyJWT (from azure-cli-core->azure-cli)
  Using cached https://files.pythonhosted.org/packages/93/d1/3378cc8184a6524dc92993090ee8b4c03847c567e298305d6cf86987e005/PyJWT-1.6.4-py2.py3-none-any.whl
Collecting argcomplete>=1.8.0 (from azure-cli-core->azure-cli)
  Using cached https://files.pythonhosted.org/packages/31/88/ba8d8684a8a27749250c66ff7c2b408fdbc29b50da61200338ff9b2607bf/argcomplete-1.9.4-py2.py3-none-any.whl
Collecting tabulate<=0.8.2,>=0.7.7 (from azure-cli-core->azure-cli)
Requirement already satisfied: pygments in /home/ninghai/miniconda3/envs/preview/lib/python3.6/site-packages (from azure-cli-core->azure-cli) (2.2.0)
Collecting colorama>=0.3.9 (from azure-cli-core->azure-cli)
  Using cached https://files.pythonhosted.org/packages/db/c8/7dcf9dbcb22429512708fe3a547f8b6101c0d02137acbd892505aee57adf/colorama-0.3.9-py2.py3-none-any.whl
Collecting msrest>=0.4.4 (from azure-cli-core->azure-cli)
  Using cached https://files.pythonhosted.org/packages/ed/48/a378f4c33b21a75454f7da387dc528f5ef65cf0f6d3791324b0212014c38/msrest-0.5.4-py2.py3-none-any.whl
Collecting azure-cli-telemetry (from azure-cli-core->azure-cli)
  Using cached https://files.pythonhosted.org/packages/71/4c/da5ebe9300ecdc850031372f81229383c46a70e83dee8e77f58aa6fd0546/azure_cli_telemetry-1.0.0-py2.py3-none-any.whl
Requirement already satisfied: pip in /home/ninghai/miniconda3/envs/preview/lib/python3.6/site-packages (from azure-cli-core->azure-cli) (10.0.1)
Collecting azure-graphrbac==0.40.0 (from azure-cli-lab->azure-cli)
  Using cached https://files.pythonhosted.org/packages/89/0a/29f7e2914033e2536026b8f0d7f8deb1edda68c9a93ce4757b2b1e39568b/azure_graphrbac-0.40.0-py2.py3-none-any.whl
Collecting azure-mgmt-devtestlabs==2.2.0 (from azure-cli-lab->azure-cli)
  Using cached https://files.pythonhosted.org/packages/2f/93/a64abaede2fc6a52476af8ceab9cedb368c49e948d9385cbe7cd4ce5ffff/azure_mgmt_devtestlabs-2.2.0-py2.py3-none-any.whl
Collecting azure-mgmt-keyvault==1.1.0 (from azure-cli-keyvault->azure-cli)
  Using cached https://files.pythonhosted.org/packages/49/de/0d69aedae7c5f6428314640b65947203ab80409c12b5d4e66fb5b7a4182e/azure_mgmt_keyvault-1.1.0-py2.py3-none-any.whl
Collecting azure-keyvault==1.1.0 (from azure-cli-keyvault->azure-cli)
  Using cached https://files.pythonhosted.org/packages/80/37/e80f577570b32648c4b88c8c48a46501a4868ae4c8d905774fd02c2b01fc/azure_keyvault-1.1.0-py2.py3-none-any.whl
Collecting azure-mgmt-search==2.0.0 (from azure-cli-search->azure-cli)
  Using cached https://files.pythonhosted.org/packages/e2/52/46a5984eca50393057d4e760b9ef4adc5d6b8738f333427632991c6f3739/azure_mgmt_search-2.0.0-py2.py3-none-any.whl
Collecting azure-mgmt-batch==5.0.1 (from azure-cli-batch->azure-cli)
  Using cached https://files.pythonhosted.org/packages/97/81/a9eb3fd2ab070159105b4cfe9640c24410ac8195286729d62bfdf871de94/azure_mgmt_batch-5.0.1-py2.py3-none-any.whl
Collecting azure-batch==4.1.3 (from azure-cli-batch->azure-cli)
  Using cached https://files.pythonhosted.org/packages/b1/fa/1053b5dcd88e5de8e8cd70a4d7189ffad037542963ea86b518deb612c498/azure_batch-4.1.3-py2.py3-none-any.whl
Collecting azure-mgmt-loganalytics==0.2.0 (from azure-cli-container->azure-cli)
  Using cached https://files.pythonhosted.org/packages/70/40/c9b77bf82916e963aa701fb396673f7ddc4cdab95524b6d2edf927b05630/azure_mgmt_loganalytics-0.2.0-py2.py3-none-any.whl
Collecting websocket-client (from azure-cli-container->azure-cli)
  Using cached https://files.pythonhosted.org/packages/6a/0b/fe3a2d47066005c928056f60ed308036485a7d8bcfa6595d4f7a45f1b938/websocket_client-0.51.0-py2.py3-none-any.whl
Collecting azure-mgmt-containerinstance==1.0.0 (from azure-cli-container->azure-cli)
  Using cached https://files.pythonhosted.org/packages/49/7b/78c46fd0147e09364d806bd6db6a569b90e46f1d5d14eb4429a72441be2a/azure_mgmt_containerinstance-1.0.0-py2.py3-none-any.whl
Collecting azure-mgmt-cdn==3.0.0 (from azure-cli-cdn->azure-cli)
  Using cached https://files.pythonhosted.org/packages/ab/17/1684f274bd57ff81b0ac9000030d5796bf88c9735a093ba8b693c39ca6fd/azure_mgmt_cdn-3.0.0-py2.py3-none-any.whl
Collecting sshtunnel (from azure-cli-acs->azure-cli)
Collecting azure-mgmt-authorization==0.50.0 (from azure-cli-acs->azure-cli)
  Using cached https://files.pythonhosted.org/packages/6f/17/55b974603c16be89c7a7c16bac57b7bce48527bf1bebc3f116f7215176e6/azure_mgmt_authorization-0.50.0-py2.py3-none-any.whl
Collecting azure-mgmt-compute==4.0.0 (from azure-cli-acs->azure-cli)
  Using cached https://files.pythonhosted.org/packages/ff/32/cf501356a6f7ac0299141e7f7736cdf5cba60a5a72e030ab036e43b9aed4/azure_mgmt_compute-4.0.0-py2.py3-none-any.whl
Collecting azure-mgmt-containerservice==4.2.2 (from azure-cli-acs->azure-cli)
  Using cached https://files.pythonhosted.org/packages/19/2f/7ca5cc006337d8c9e80d608b1488ded6b525a92f6c9d787c9c807ba5a226/azure_mgmt_containerservice-4.2.2-py2.py3-none-any.whl
Collecting scp (from azure-cli-acs->azure-cli)
  Using cached https://files.pythonhosted.org/packages/ef/8c/399c5ddffc8c1bd2593ee6c8937ed31f005dcfa0c591da149f7b4b993f14/scp-0.11.0-py2.py3-none-any.whl
Collecting applicationinsights (from azure-cli-feedback->azure-cli)
  Using cached https://files.pythonhosted.org/packages/cc/2d/d4db42d661c8a2ebd25bbbff7513ba3604ce11c1e76f9543543de1754f44/applicationinsights-0.11.6-py2.py3-none-any.whl
Collecting azure-mgmt-datamigration==0.1.0 (from azure-cli-dms->azure-cli)
  Using cached https://files.pythonhosted.org/packages/a6/68/aba86e698f24f25f70d9ee2b15a2ca0d71b822932ace8ba96e5beb12efdd/azure_mgmt_datamigration-0.1.0-py2.py3-none-any.whl
Collecting azure-mgmt-media==1.0.0rc1 (from azure-cli-ams->azure-cli)
  Using cached https://files.pythonhosted.org/packages/d1/fd/8f4943670bcc71586b7440c3ee77bfe2e14a0c3340f3bbd6d8814e803ae2/azure_mgmt_media-1.0.0rc1-py2.py3-none-any.whl
Collecting azure-mgmt-redis==5.0.0 (from azure-cli-redis->azure-cli)
  Using cached https://files.pythonhosted.org/packages/90/a7/42342a984b2916972c5c5e24df94e3cd5e4377a8dc465a83415706d9be6f/azure_mgmt_redis-5.0.0-py2.py3-none-any.whl
Collecting azure-multiapi-storage==0.2.2 (from azure-cli-storage->azure-cli)
  Using cached https://files.pythonhosted.org/packages/87/44/b723204921e29e3e67ca6d016f4e3fbb7d81f0a1dbb484685efa3b141f99/azure_multiapi_storage-0.2.2-py2.py3-none-any.whl
Collecting azure-mgmt-storage==2.0.0rc4 (from azure-cli-storage->azure-cli)
  Using cached https://files.pythonhosted.org/packages/ac/fe/4ee6246de651d43fba2556e3f5bc8da063c9aad84f60f09fea0734b1b27b/azure_mgmt_storage-2.0.0rc4-py2.py3-none-any.whl
Collecting azure-mgmt-reservations==0.2.1 (from azure-cli-reservations->azure-cli)
  Using cached https://files.pythonhosted.org/packages/a9/2b/e0edb8dbe85e447005cde508b869e564f58270f631219f036d8ab71184f9/azure_mgmt_reservations-0.2.1-py2.py3-none-any.whl
Collecting azure-mgmt-managementgroups==0.1.0 (from azure-cli-resource->azure-cli)
  Using cached https://files.pythonhosted.org/packages/f2/50/591adac2a6cd8d77cccd38bdf5d177ad6a2e95b9217daa9a60b5d86de5cd/azure_mgmt_managementgroups-0.1.0-py2.py3-none-any.whl
Collecting azure-mgmt-batchai==2.0.0 (from azure-cli-batchai->azure-cli)
  Using cached https://files.pythonhosted.org/packages/d9/a5/ab796c2a490155c14f9ac4240724ca5c56723315d4dc753030712e6f2e80/azure_mgmt_batchai-2.0.0-py2.py3-none-any.whl
Collecting azure-storage-blob==1.1.0 (from azure-cli-batchai->azure-cli)
  Using cached https://files.pythonhosted.org/packages/bb/c5/eb29c445c2e1bb1aead35c42e0b303dc52df2dfd6579c8917be0c8a7cc47/azure_storage_blob-1.1.0-py2.py3-none-any.whl
Collecting mock>=2.0.0 (from azure-cli-batchai->azure-cli)
  Using cached https://files.pythonhosted.org/packages/e6/35/f187bdf23be87092bd0f1200d43d23076cee4d0dec109f195173fd3ebc79/mock-2.0.0-py2.py3-none-any.whl
Collecting urllib3[secure]>=1.18 (from azure-cli-appservice->azure-cli)
  Using cached https://files.pythonhosted.org/packages/bd/c9/6fdd990019071a4a32a5e7cb78a1d92c53851ef4f56f62a3486e6a7d8ffb/urllib3-1.23-py2.py3-none-any.whl
Collecting xmltodict (from azure-cli-appservice->azure-cli)
  Using cached https://files.pythonhosted.org/packages/42/a9/7e99652c6bc619d19d58cdd8c47560730eb5825d43a7e25db2e1d776ceb7/xmltodict-0.11.0-py2.py3-none-any.whl
Collecting azure-mgmt-containerregistry==2.1.0 (from azure-cli-appservice->azure-cli)
  Using cached https://files.pythonhosted.org/packages/5e/50/cc68d1055456c40a873524b01e1bd24172b88dc6ceb905dadbabe0d3c058/azure_mgmt_containerregistry-2.1.0-py2.py3-none-any.whl
Collecting vsts-cd-manager<1.1.0 (from azure-cli-appservice->azure-cli)
Collecting azure-mgmt-web==0.35.0 (from azure-cli-appservice->azure-cli)
  Using cached https://files.pythonhosted.org/packages/21/04/3f2622720664c972d927fd9e58c0066e998739b7891649207765be674126/azure_mgmt_web-0.35.0-py2.py3-none-any.whl
Collecting azure-mgmt-recoveryservices==0.1.0 (from azure-cli-backup->azure-cli)
  Using cached https://files.pythonhosted.org/packages/36/f2/ca2fc48cd37cd4bf33bd7553240dd066a3e404d4342f236674b822c29361/azure_mgmt_recoveryservices-0.1.0-py2.py3-none-any.whl
Collecting azure-mgmt-recoveryservicesbackup==0.1.1 (from azure-cli-backup->azure-cli)
  Using cached https://files.pythonhosted.org/packages/88/04/d1e49a53846807845fa54ef5d659af73b0280f5f799ca1212eb2284a5f24/azure_mgmt_recoveryservicesbackup-0.1.1-py2.py3-none-any.whl
Collecting azure-datalake-store==0.0.27 (from azure-cli-dls->azure-cli)
  Using cached https://files.pythonhosted.org/packages/e0/82/05c88b9e8f34deb510fd8ea63ecc04c820ffc3eb3ef578ff8243a7460ebe/azure_datalake_store-0.0.27-py2.py3-none-any.whl
Collecting azure-nspkg>=2.0.0 (from azure-cli-nspkg>=2.0.0->azure-cli)
  Using cached https://files.pythonhosted.org/packages/cd/a0/76ca6659ae9afd7567fdbb5b9c85e9c9a0b48238cfcacd92525484408f66/azure_nspkg-2.0.0-py2.py3-none-any.whl
Collecting azure-mgmt-billing==0.2.0 (from azure-cli-billing->azure-cli)
  Using cached https://files.pythonhosted.org/packages/0f/24/5106287ea0f6562d965afb055e3c6c0da058f7844a70464e67bab56c6c4b/azure_mgmt_billing-0.2.0-py2.py3-none-any.whl
Collecting azure-mgmt-sql==0.9.1 (from azure-cli-sql->azure-cli)
  Using cached https://files.pythonhosted.org/packages/c5/bb/219c76af961e9e6d1f5055d70c3cc06889b91375727a04367149c3aad640/azure_mgmt_sql-0.9.1-py2.py3-none-any.whl
Collecting azure-mgmt-consumption==2.0.0 (from azure-cli-consumption->azure-cli)
  Using cached https://files.pythonhosted.org/packages/11/f4/2db9557494dfb17ff3edeae5726981143a7baace17df3712b189e343bd8c/azure_mgmt_consumption-2.0.0-py2.py3-none-any.whl
Collecting azure-mgmt-eventgrid==0.4.0 (from azure-cli-eventgrid->azure-cli)
  Using cached https://files.pythonhosted.org/packages/51/11/6828014c391b0c641ca94813b5c78cbf0984547252a7d71166594e074330/azure_mgmt_eventgrid-0.4.0-py2.py3-none-any.whl
Collecting azure-mgmt-rdbms==1.2.0 (from azure-cli-rdbms->azure-cli)
  Using cached https://files.pythonhosted.org/packages/96/36/fae53c5584f38d96e716834f3213b8432ed19062c322dce9725be388dd24/azure_mgmt_rdbms-1.2.0-py2.py3-none-any.whl
Collecting whoosh (from azure-cli-find->azure-cli)
  Using cached https://files.pythonhosted.org/packages/ba/19/24d0f1f454a2c1eb689ca28d2f178db81e5024f42d82729a4ff6771155cf/Whoosh-2.7.4-py2.py3-none-any.whl
Collecting azure-mgmt-monitor==0.5.2 (from azure-cli-monitor->azure-cli)
  Using cached https://files.pythonhosted.org/packages/6a/3b/a8b95ee25f1c209ad82ad06de39f4efbfb9dc8a8dc5da5a7a48d7897bf3e/azure_mgmt_monitor-0.5.2-py2.py3-none-any.whl
Collecting azure-mgmt-cognitiveservices==1.0.0 (from azure-cli-cognitiveservices->azure-cli)
  Using cached https://files.pythonhosted.org/packages/52/1f/52f414767db1ae911ab3755d498e0e7b59424b8cf7757ebf10d7b42fde43/azure_mgmt_cognitiveservices-1.0.0-py2.py3-none-any.whl
Collecting azure-mgmt-servicebus==0.5.1 (from azure-cli-servicebus->azure-cli)
  Using cached https://files.pythonhosted.org/packages/bf/c4/fcfa89812022b4b2ab308fa56ea0fcff6748808b11a77d81351700949122/azure_mgmt_servicebus-0.5.1-py2.py3-none-any.whl
Collecting azure-mgmt-advisor==1.0.1 (from azure-cli-advisor->azure-cli)
  Using cached https://files.pythonhosted.org/packages/cb/f3/a86ba3e0784d12c8fe5cbf1f24e1b9255575a2f0892e08c46cddd0795dfd/azure_mgmt_advisor-1.0.1-py2.py3-none-any.whl
Requirement already satisfied: prompt-toolkit~=1.0.15 in /home/ninghai/miniconda3/envs/preview/lib/python3.6/site-packages (from azure-cli-interactive->azure-cli) (1.0.15)
Requirement already satisfied: pytz in /home/ninghai/miniconda3/envs/preview/lib/python3.6/site-packages (from azure-cli-role->azure-cli) (2018.5)
Collecting azure-mgmt-msi==0.2.0 (from azure-cli-vm->azure-cli)
  Using cached https://files.pythonhosted.org/packages/ae/95/b451721e38ca0feddce03ee3ce86158e208d0150253bd371207a8df4e9c5/azure_mgmt_msi-0.2.0-py2.py3-none-any.whl
Collecting azure-mgmt-network==2.0.0rc3 (from azure-cli-vm->azure-cli)
  Using cached https://files.pythonhosted.org/packages/43/8b/60054f2ecc12532f718f9d7214313318d19d0157de60691306b5e5af9549/azure_mgmt_network-2.0.0rc3-py2.py3-none-any.whl
Collecting azure-mgmt-marketplaceordering==0.1.0 (from azure-cli-vm->azure-cli)
  Using cached https://files.pythonhosted.org/packages/a8/cb/13502fdbaf520d08fb280eb31ecfe5d926b9cf92259c22280bbde96b307d/azure_mgmt_marketplaceordering-0.1.0-py2.py3-none-any.whl
Collecting azure-mgmt-cosmosdb==0.4.0 (from azure-cli-cosmosdb->azure-cli)
  Using cached https://files.pythonhosted.org/packages/9d/cf/e8023576ec081accf3dcb00ee12f2378d53dcb25cb19727733aa4aa448b1/azure_mgmt_cosmosdb-0.4.0-py2.py3-none-any.whl
Collecting pydocumentdb>=2.0.1 (from azure-cli-cosmosdb->azure-cli)
Collecting azure-mgmt-eventhub==2.1.0 (from azure-cli-eventhubs->azure-cli)
  Using cached https://files.pythonhosted.org/packages/b1/fa/2ae716793f2acdaf1f63029f774089f60e5cbbf3555b1077d2fc649e62d0/azure_mgmt_eventhub-2.1.0-py2.py3-none-any.whl
Collecting azure-mgmt-servicefabric==0.2.0 (from azure-cli-servicefabric->azure-cli)
  Using cached https://files.pythonhosted.org/packages/6e/06/fafe8b5d881cfa68927e61557c8419dcfacb93e07f4ab17cc60959707a53/azure_mgmt_servicefabric-0.2.0-py2.py3-none-any.whl
Collecting azure-mgmt-iothubprovisioningservices==0.2.0 (from azure-cli-iot->azure-cli)
  Using cached https://files.pythonhosted.org/packages/84/ce/3500c731a5c5b31028e662aa41bc45f75301834a0c03adeacfe7ef7bd86e/azure_mgmt_iothubprovisioningservices-0.2.0-py2.py3-none-any.whl
Collecting azure-mgmt-iothub==0.5.0 (from azure-cli-iot->azure-cli)
  Using cached https://files.pythonhosted.org/packages/19/d6/b422df467b3d7f4e2975b590fbf6e12aaae0a497c7d080b4955a6a6d794a/azure_mgmt_iothub-0.5.0-py2.py3-none-any.whl
Collecting azure-mgmt-trafficmanager==0.50.0 (from azure-cli-network->azure-cli)
  Using cached https://files.pythonhosted.org/packages/ed/4f/c322d72dc92dde543471bc23f9ac0eb6b9d0dc2441bb5ce938250040e307/azure_mgmt_trafficmanager-0.50.0-py2.py3-none-any.whl
Collecting azure-mgmt-dns==2.0.0rc2 (from azure-cli-network->azure-cli)
  Using cached https://files.pythonhosted.org/packages/9d/12/1539094e9c1ae4d21acedfbf6eef4037265d12e40472a471d06a3a0eaa8b/azure_mgmt_dns-2.0.0rc2-py2.py3-none-any.whl
Collecting azure-common~=1.1.5 (from azure-mgmt-datalake-store==0.2.0->azure-cli-dla->azure-cli)
  Using cached https://files.pythonhosted.org/packages/91/66/6636001c0b6be5423f4bbaffe5febbf9eda39bd1941eb39a73504d8f6f71/azure_common-1.1.14-py2.py3-none-any.whl
Collecting azure-mgmt-datalake-nspkg>=2.0.0 (from azure-mgmt-datalake-store==0.2.0->azure-cli-dla->azure-cli)
  Using cached https://files.pythonhosted.org/packages/45/44/ac10e1d1757a46299515568ec7ba62af84f012335cbba957aab32ee08f3d/azure_mgmt_datalake_nspkg-2.0.0-py2.py3-none-any.whl
Requirement already satisfied: cryptography>=1.5 in /home/ninghai/miniconda3/envs/preview/lib/python3.6/site-packages (from paramiko>=2.0.8->azure-cli-core->azure-cli) (2.3.1)
Requirement already satisfied: pyasn1>=0.1.7 in /home/ninghai/miniconda3/envs/preview/lib/python3.6/site-packages (from paramiko>=2.0.8->azure-cli-core->azure-cli) (0.4.4)
Collecting pynacl>=1.0.1 (from paramiko>=2.0.8->azure-cli-core->azure-cli)
  Using cached https://files.pythonhosted.org/packages/77/03/927e4cdbd821f929392608ddb2220a9548ce164c52047e90fadd20786fd8/PyNaCl-1.2.1-cp36-cp36m-manylinux1_x86_64.whl
Collecting bcrypt>=3.1.3 (from paramiko>=2.0.8->azure-cli-core->azure-cli)
  Using cached https://files.pythonhosted.org/packages/b8/09/905ec939994e2c49dcffff72f823802557f166b3815ea54c1db3671eed42/bcrypt-3.1.4-cp36-cp36m-manylinux1_x86_64.whl
Requirement already satisfied: python-dateutil>=2.1.0 in /home/ninghai/miniconda3/envs/preview/lib/python3.6/site-packages (from adal>=1.0.2->azure-cli-core->azure-cli) (2.7.3)
Requirement already satisfied: certifi>=2017.4.17 in /home/ninghai/miniconda3/envs/preview/lib/python3.6/site-packages (from requests->azure-cli-core->azure-cli) (2018.8.24)
Collecting chardet<3.1.0,>=3.0.2 (from requests->azure-cli-core->azure-cli)
  Using cached https://files.pythonhosted.org/packages/bc/a9/01ffebfb562e4274b6487b4bb1ddec7ca55ec7510b22e4c51f14098443b8/chardet-3.0.4-py2.py3-none-any.whl
Requirement already satisfied: idna<2.8,>=2.5 in /home/ninghai/miniconda3/envs/preview/lib/python3.6/site-packages (from requests->azure-cli-core->azure-cli) (2.7)
Collecting azure-mgmt-nspkg>=2.0.0 (from azure-mgmt-resource==2.0.0->azure-cli-core->azure-cli)
  Using cached https://files.pythonhosted.org/packages/c9/e3/48b98f929290b0cd0aaa4707ecabb8aaeb267e8ef628af907f1d1c506ec7/azure_mgmt_nspkg-2.0.0-py2.py3-none-any.whl
Collecting isodate>=0.6.0 (from msrest>=0.4.4->azure-cli-core->azure-cli)
  Using cached https://files.pythonhosted.org/packages/9b/9f/b36f7774ff5ea8e428fdcfc4bb332c39ee5b9362ddd3d40d9516a55221b2/isodate-0.6.0-py2.py3-none-any.whl
Collecting requests-oauthlib>=0.5.0 (from msrest>=0.4.4->azure-cli-core->azure-cli)
  Using cached https://files.pythonhosted.org/packages/94/e7/c250d122992e1561690d9c0f7856dadb79d61fd4bdd0e598087dce607f6c/requests_oauthlib-1.0.0-py2.py3-none-any.whl
Collecting portalocker==1.2.1 (from azure-cli-telemetry->azure-cli-core->azure-cli)
  Using cached https://files.pythonhosted.org/packages/57/41/05e79e5516db1cc0c967b3202388cde729f871c871b0a07bf24ff11adfcf/portalocker-1.2.1-py2.py3-none-any.whl
Collecting azure-storage-common<1.2.0,>=1.1.0 (from azure-storage-blob==1.1.0->azure-cli-batchai->azure-cli)
  Using cached https://files.pythonhosted.org/packages/3b/c6/31394ea86134bcfbff5dceb31d7ccde9e9150d7b7b6f4f1563acaaabcd24/azure_storage_common-1.1.0-py2.py3-none-any.whl
Collecting azure-storage-nspkg>=2.0.0 (from azure-storage-blob==1.1.0->azure-cli-batchai->azure-cli)
  Using cached https://files.pythonhosted.org/packages/b1/e9/0a11f4feefb9c4c2f7e30d4d448e15b32df3adabe370be70aaf4278fbb52/azure_storage_nspkg-3.0.0-py2.py3-none-any.whl
Collecting pbr>=0.11 (from mock>=2.0.0->azure-cli-batchai->azure-cli)
  Using cached https://files.pythonhosted.org/packages/69/1c/98cba002ed975a91a0294863d9c774cc0ebe38e05bbb65e83314550b1677/pbr-4.2.0-py2.py3-none-any.whl
Requirement already satisfied: cffi in /home/ninghai/miniconda3/envs/preview/lib/python3.6/site-packages (from azure-datalake-store==0.0.27->azure-cli-dls->azure-cli) (1.11.5)
Requirement already satisfied: wcwidth in /home/ninghai/miniconda3/envs/preview/lib/python3.6/site-packages (from prompt-toolkit~=1.0.15->azure-cli-interactive->azure-cli) (0.1.7)
Requirement already satisfied: asn1crypto>=0.21.0 in /home/ninghai/miniconda3/envs/preview/lib/python3.6/site-packages (from cryptography>=1.5->paramiko>=2.0.8->azure-cli-core->azure-cli) (0.24.0)
Collecting oauthlib>=0.6.2 (from requests-oauthlib>=0.5.0->msrest>=0.4.4->azure-cli-core->azure-cli)
  Using cached https://files.pythonhosted.org/packages/e6/d1/ddd9cfea3e736399b97ded5c2dd62d1322adef4a72d816f1ed1049d6a179/oauthlib-2.1.0-py2.py3-none-any.whl
Requirement already satisfied: pycparser in /home/ninghai/miniconda3/envs/preview/lib/python3.6/site-packages (from cffi->azure-datalake-store==0.0.27->azure-cli-dls->azure-cli) (2.18)
Installing collected packages: azure-nspkg, azure-common, azure-mgmt-nspkg, azure-mgmt-datalake-nspkg, PyJWT, chardet, urllib3, requests, adal, isodate, oauthlib, requests-oauthlib, msrest, msrestazure, azure-mgmt-datalake-store, azure-cli-nspkg, azure-cli-command-modules-nspkg, azure-mgmt-datalake-analytics, antlr4-python3-runtime, jmespath, humanfriendly, pynacl, bcrypt, paramiko, tabulate, argcomplete, pyyaml, colorama, knack, azure-mgmt-resource, wheel, portalocker, applicationinsights, azure-cli-telemetry, azure-cli-core, azure-cli-dla, azure-graphrbac, azure-mgmt-devtestlabs, azure-cli-lab, azure-mgmt-keyvault, azure-keyvault, azure-cli-keyvault, azure-cli-extension, azure-mgmt-search, azure-cli-search, azure-mgmt-batch, azure-batch, azure-cli-batch, azure-mgmt-loganalytics, websocket-client, azure-mgmt-containerinstance, azure-cli-container, azure-mgmt-cdn, azure-cli-cdn, sshtunnel, azure-mgmt-authorization, azure-mgmt-compute, azure-mgmt-containerservice, scp, azure-cli-acs, azure-cli-feedback, azure-cli-profile, azure-mgmt-datamigration, azure-cli-dms, azure-mgmt-media, azure-cli-ams, azure-mgmt-redis, azure-cli-redis, azure-multiapi-storage, azure-mgmt-storage, azure-cli-storage, azure-mgmt-reservations, azure-cli-reservations, azure-mgmt-managementgroups, azure-cli-resource, azure-mgmt-batchai, azure-storage-nspkg, azure-storage-common, azure-storage-blob, pbr, mock, azure-cli-batchai, xmltodict, azure-mgmt-containerregistry, vsts-cd-manager, azure-mgmt-web, azure-cli-appservice, azure-mgmt-recoveryservices, azure-mgmt-recoveryservicesbackup, azure-cli-backup, azure-datalake-store, azure-cli-dls, azure-cli-cloud, azure-mgmt-billing, azure-cli-billing, azure-mgmt-sql, azure-cli-sql, azure-cli-acr, azure-mgmt-consumption, azure-cli-consumption, azure-mgmt-eventgrid, azure-cli-eventgrid, azure-mgmt-rdbms, azure-cli-rdbms, azure-cli-configure, whoosh, azure-cli-find, azure-mgmt-monitor, azure-cli-monitor, azure-mgmt-cognitiveservices, azure-cli-cognitiveservices, azure-mgmt-servicebus, azure-cli-servicebus, azure-mgmt-advisor, azure-cli-advisor, azure-cli-interactive, azure-cli-role, azure-mgmt-msi, azure-mgmt-network, azure-mgmt-marketplaceordering, azure-cli-vm, azure-mgmt-cosmosdb, pydocumentdb, azure-cli-cosmosdb, azure-mgmt-eventhub, azure-cli-eventhubs, azure-mgmt-servicefabric, azure-cli-servicefabric, azure-mgmt-iothubprovisioningservices, azure-mgmt-iothub, azure-cli-iot, azure-mgmt-trafficmanager, azure-mgmt-dns, azure-cli-network, azure-cli
  Found existing installation: wheel 0.31.1
    Uninstalling wheel-0.31.1:
      Successfully uninstalled wheel-0.31.1
Successfully installed PyJWT-1.6.4 adal-1.0.2 antlr4-python3-runtime-4.7.1 applicationinsights-0.11.6 argcomplete-1.9.4 azure-batch-4.1.3 azure-cli-2.0.45 azure-cli-acr-2.1.4 azure-cli-acs-2.3.2 azure-cli-advisor-0.6.0 azure-cli-ams-0.2.3 azure-cli-appservice-0.2.3 azure-cli-backup-1.2.1 azure-cli-batch-3.3.3 azure-cli-batchai-0.4.2 azure-cli-billing-0.2.0 azure-cli-cdn-0.1.1 azure-cli-cloud-2.1.0 azure-cli-cognitiveservices-0.2.1 azure-cli-command-modules-nspkg-2.0.2 azure-cli-configure-2.0.18 azure-cli-consumption-0.4.0 azure-cli-container-0.3.3 azure-cli-core-2.0.45 azure-cli-cosmosdb-0.2.1 azure-cli-dla-0.2.2 azure-cli-dls-0.1.1 azure-cli-dms-0.1.0 azure-cli-eventgrid-0.2.0 azure-cli-eventhubs-0.2.3 azure-cli-extension-0.2.1 azure-cli-feedback-2.1.4 azure-cli-find-0.2.12 azure-cli-interactive-0.3.28 azure-cli-iot-0.3.1 azure-cli-keyvault-2.2.2 azure-cli-lab-0.1.1 azure-cli-monitor-0.2.3 azure-cli-network-2.2.4 azure-cli-nspkg-3.0.3 azure-cli-profile-2.1.1 azure-cli-rdbms-0.3.1 azure-cli-redis-0.3.2 azure-cli-reservations-0.3.2 azure-cli-resource-2.1.3 azure-cli-role-2.1.4 azure-cli-search-0.1.1 azure-cli-servicebus-0.2.2 azure-cli-servicefabric-0.1.2 azure-cli-sql-2.1.3 azure-cli-storage-2.2.1 azure-cli-telemetry-1.0.0 azure-cli-vm-2.2.2 azure-common-1.1.14 azure-datalake-store-0.0.27 azure-graphrbac-0.40.0 azure-keyvault-1.1.0 azure-mgmt-advisor-1.0.1 azure-mgmt-authorization-0.50.0 azure-mgmt-batch-5.0.1 azure-mgmt-batchai-2.0.0 azure-mgmt-billing-0.2.0 azure-mgmt-cdn-3.0.0 azure-mgmt-cognitiveservices-1.0.0 azure-mgmt-compute-4.0.0 azure-mgmt-consumption-2.0.0 azure-mgmt-containerinstance-1.0.0 azure-mgmt-containerregistry-2.1.0 azure-mgmt-containerservice-4.2.2 azure-mgmt-cosmosdb-0.4.0 azure-mgmt-datalake-analytics-0.2.0 azure-mgmt-datalake-nspkg-2.0.0 azure-mgmt-datalake-store-0.2.0 azure-mgmt-datamigration-0.1.0 azure-mgmt-devtestlabs-2.2.0 azure-mgmt-dns-2.0.0rc2 azure-mgmt-eventgrid-0.4.0 azure-mgmt-eventhub-2.1.0 azure-mgmt-iothub-0.5.0 azure-mgmt-iothubprovisioningservices-0.2.0 azure-mgmt-keyvault-1.1.0 azure-mgmt-loganalytics-0.2.0 azure-mgmt-managementgroups-0.1.0 azure-mgmt-marketplaceordering-0.1.0 azure-mgmt-media-1.0.0rc1 azure-mgmt-monitor-0.5.2 azure-mgmt-msi-0.2.0 azure-mgmt-network-2.0.0rc3 azure-mgmt-nspkg-2.0.0 azure-mgmt-rdbms-1.2.0 azure-mgmt-recoveryservices-0.1.0 azure-mgmt-recoveryservicesbackup-0.1.1 azure-mgmt-redis-5.0.0 azure-mgmt-reservations-0.2.1 azure-mgmt-resource-2.0.0 azure-mgmt-search-2.0.0 azure-mgmt-servicebus-0.5.1 azure-mgmt-servicefabric-0.2.0 azure-mgmt-sql-0.9.1 azure-mgmt-storage-2.0.0rc4 azure-mgmt-trafficmanager-0.50.0 azure-mgmt-web-0.35.0 azure-multiapi-storage-0.2.2 azure-nspkg-2.0.0 azure-storage-blob-1.1.0 azure-storage-common-1.1.0 azure-storage-nspkg-3.0.0 bcrypt-3.1.4 chardet-3.0.4 colorama-0.3.9 humanfriendly-4.16.1 isodate-0.6.0 jmespath-0.9.3 knack-0.4.2 mock-2.0.0 msrest-0.5.4 msrestazure-0.5.0 oauthlib-2.1.0 paramiko-2.4.1 pbr-4.2.0 portalocker-1.2.1 pydocumentdb-2.3.2 pynacl-1.2.1 pyyaml-3.13 requests-2.19.1 requests-oauthlib-1.0.0 scp-0.11.0 sshtunnel-0.1.4 tabulate-0.8.2 urllib3-1.23 vsts-cd-manager-1.0.2 websocket-client-0.51.0 wheel-0.30.0 whoosh-2.7.4 xmltodict-0.11.0
