Switched to branch 'daily'
<class 'azureml.exceptions.azureml_exception.AzureMLException'>: Value of type <class 'numpy.float64'> is not supported, supported types include [<class 'int'>, <class 'float'>, <class 'str'>, <class 'NoneType'>]
<traceback object at 0x7f420aa7ec88>
<class 'azureml.exceptions.azureml_exception.AzureMLException'>: Value of type <class 'numpy.float64'> is not supported, supported types include [<class 'int'>, <class 'float'>, <class 'str'>, <class 'NoneType'>]
<traceback object at 0x7f420aa7ec88>
<class 'azureml.exceptions.azureml_exception.AzureMLException'>: Value of type <class 'numpy.float64'> is not supported, supported types include [<class 'int'>, <class 'float'>, <class 'str'>, <class 'NoneType'>]
<traceback object at 0x7f420aa7ec88>
<class 'azureml.exceptions.azureml_exception.AzureMLException'>: Value of type <class 'numpy.float64'> is not supported, supported types include [<class 'int'>, <class 'float'>, <class 'str'>, <class 'NoneType'>]
<traceback object at 0x7f420aa7ec88>
Traceback (most recent call last):
  File "./01.interactive.e2e.py", line 67, in <module>
    run.log("alpha", alpha)
  File "/home/ninghai/miniconda3/envs/daily/lib/python3.6/site-packages/azureml/core/run.py", line 448, in log
    self._client.log(name, value, description)
  File "/home/ninghai/miniconda3/envs/daily/lib/python3.6/site-packages/azureml/_run_impl/metrics_client.py", line 45, in log
    self.log_scalar(name, value, description)
  File "/home/ninghai/miniconda3/envs/daily/lib/python3.6/site-packages/azureml/_run_impl/metrics_client.py", line 155, in log_scalar
    self._check_is_valid_scalar(value)
  File "/home/ninghai/miniconda3/envs/daily/lib/python3.6/site-packages/azureml/_run_impl/metrics_client.py", line 185, in _check_is_valid_scalar
    valid_types))
azureml.exceptions.azureml_exception.AzureMLException: Value of type <class 'numpy.float64'> is not supported, supported types include [<class 'int'>, <class 'float'>, <class 'str'>, <class 'NoneType'>]
Traceback (most recent call last):
  File "./02.local.py", line 92, in <module>
    min(metrics['mse']), 
KeyError: 'mse'
Client-Request-ID=b4f3bb18-6c78-11e8-9288-000d3a71b7c3 Retry policy did not allow for a retry: Server-Timestamp=Sun, 10 Jun 2018 06:37:11 GMT, Server-Request-ID=02916939-201e-007b-0e85-006735000000, HTTP status code=409, Exception=The specified container already exists.ErrorCode: ContainerAlreadyExists<?xml version="1.0" encoding="utf-8"?><Error><Code>ContainerAlreadyExists</Code><Message>The specified container already exists.RequestId:02916939-201e-007b-0e85-006735000000Time:2018-06-10T06:37:12.3630883Z</Message></Error>.
Client-Request-ID=b4f3bb1a-6c78-11e8-9288-000d3a71b7c3 Retry policy did not allow for a retry: Server-Timestamp=Sun, 10 Jun 2018 06:37:11 GMT, Server-Request-ID=c3d61043-901e-0051-3885-00b825000000, HTTP status code=409, Exception=The specified container already exists.ErrorCode: ContainerAlreadyExists<?xml version="1.0" encoding="utf-8"?><Error><Code>ContainerAlreadyExists</Code><Message>The specified container already exists.RequestId:c3d61043-901e-0051-3885-00b825000000Time:2018-06-10T06:37:12.5216835Z</Message></Error>.
Client-Request-ID=b4f3bb1c-6c78-11e8-9288-000d3a71b7c3 Retry policy did not allow for a retry: Server-Timestamp=Sun, 10 Jun 2018 06:37:12 GMT, Server-Request-ID=1b8dfd72-e01e-0080-4085-00daaf000000, HTTP status code=409, Exception=The specified container already exists.ErrorCode: ContainerAlreadyExists<?xml version="1.0" encoding="utf-8"?><Error><Code>ContainerAlreadyExists</Code><Message>The specified container already exists.RequestId:1b8dfd72-e01e-0080-4085-00daaf000000Time:2018-06-10T06:37:12.6764698Z</Message></Error>.
Client-Request-ID=b4f3bb1e-6c78-11e8-9288-000d3a71b7c3 Retry policy did not allow for a retry: Server-Timestamp=Sun, 10 Jun 2018 06:37:12 GMT, Server-Request-ID=8e777e22-101e-0012-3085-005e79000000, HTTP status code=409, Exception=The specified container already exists.ErrorCode: ContainerAlreadyExists<?xml version="1.0" encoding="utf-8"?><Error><Code>ContainerAlreadyExists</Code><Message>The specified container already exists.RequestId:8e777e22-101e-0012-3085-005e79000000Time:2018-06-10T06:37:12.8339526Z</Message></Error>.
Traceback (most recent call last):
  File "/home/ninghai/miniconda3/envs/daily/lib/python3.6/site-packages/azureml/core/webservice/webservice.py", line 268, in _deploy_webservice
    resp.raise_for_status()
  File "/home/ninghai/miniconda3/envs/daily/lib/python3.6/site-packages/requests/models.py", line 935, in raise_for_status
    raise HTTPError(http_error_msg, response=self)
requests.exceptions.HTTPError: 409 Client Error: Conflict for url: https://eastus2euap.modelmanagement.azureml.net/api/subscriptions/fac34303-435d-4486-8c3f-7094d82a0b60/resourceGroups/aml-notebooks/providers/Microsoft.MachineLearningServices/workspaces/haieastus2euapws/services?api-version=2018-03-01-preview

During handling of the above exception, another exception occurred:

Traceback (most recent call last):
  File "./10.o16n.py", line 64, in <module>
    image = image)
  File "/home/ninghai/miniconda3/envs/daily/lib/python3.6/site-packages/azureml/core/workspace.py", line 792, in deploy_webservice
    return Webservice.deploy_from_image(self, name, image, deploy_config, target)
  File "/home/ninghai/miniconda3/envs/daily/lib/python3.6/site-packages/azureml/core/webservice/webservice.py", line 230, in deploy_from_image
    return child._deploy(workspace, name, image, deployment_config)
  File "/home/ninghai/miniconda3/envs/daily/lib/python3.6/site-packages/azureml/core/webservice/aci.py", line 88, in _deploy
    return Webservice._deploy_webservice(workspace, name, create_payload, AciWebservice)
  File "/home/ninghai/miniconda3/envs/daily/lib/python3.6/site-packages/azureml/core/webservice/webservice.py", line 273, in _deploy_webservice
    'Content: {}'.format(resp.status_code, resp.headers, resp.content))
azureml.exceptions.azureml_exception.WebserviceException: Received bad response from Model Management Service:
Response Code: 409
Headers: {'Date': 'Sun, 10 Jun 2018 06:39:00 GMT', 'Content-Type': 'application/json', 'Transfer-Encoding': 'chunked', 'Connection': 'keep-alive', 'api-supported-versions': '2018-03-01-preview', 'x-ms-client-request-id': '4bfcd1c264d349ba82bbc6de08fdbdb0', 'x-ms-client-session-id': '', 'Strict-Transport-Security': 'max-age=15724800; includeSubDomains; preload'}
Content: b'{"code":"Conflict","statusCode":409,"message":"Conflict","details":[{"code":"ServiceWithNameExists","message":"Workspace haieastus2euapws already contains a Service with name: rrs02"}]}'
./test-all.sh: 98: ./test-all.sh: get: not found
Switched to branch 'master'
