/data/git/hai/e2e_test
*** git branch status before ***
  candidate
  daily
* master
On branch master
Your branch is up-to-date with 'origin/master'.
nothing to commit, working directory clean
*** daily ***
HEAD is now at 79a4ea3 docs
git checkout daily
Your branch is up-to-date with 'origin/daily'.
git pull
Already up-to-date.
*** git branch status after ***
git branch --list
  candidate
* daily
  master
git status
On branch daily
Your branch is up-to-date with 'origin/daily'.
nothing to commit, working directory clean
###################################
START AT: 2018-08-15-22:02:33
###################################


##### 01.interactive.e2e.py (2018-08-15-22:02:33) ######
Azure ML Core SDK Version: 0.1.0.1205139
Found the config file in: /data/git/hai/e2e_test/aml_config/config.json
Performing interactive authentication. Please follow the instructions on the terminal.


##### 02.local.py (2018-08-15-22:17:40) ################
Azure ML Core SDK Version: 0.1.0.1205139
Found the config file in: /data/git/hai/e2e_test/aml_config/config.json
Performing interactive authentication. Please follow the instructions on the terminal.


##### 03.aci.py (2018-08-15-22:32:45) ##################
Azure ML Core SDK Version: 0.1.0.1205139
Found the config file in: /data/git/hai/e2e_test/aml_config/config.json
Performing interactive authentication. Please follow the instructions on the terminal.


##### 04.dsvm (2018-08-15-22:47:50) ####################
Azure ML Core SDK Version: 0.1.0.1205139
Found the config file in: /data/git/hai/e2e_test/aml_config/config.json
Performing interactive authentication. Please follow the instructions on the terminal.


##### 05.spark (2018-08-15-23:02:55) ###################
Azure ML Core SDK Version: 0.1.0.1205139
Found the config file in: /data/git/hai/e2e_test/aml_config/config.json
Performing interactive authentication. Please follow the instructions on the terminal.


##### 07.sklearn.hd.py (2018-08-15-23:17:58) ###########
Azure ML Core SDK Version: 0.1.0.1205139
Found the config file in: /data/git/hai/e2e_test/aml_config/config.json
Performing interactive authentication. Please follow the instructions on the terminal.


##### 08.tf.hd.py (2018-08-15-23:33:03) ################
Azure ML Core SDK Version: 0.1.0.1205139
Found the config file in: /data/git/hai/e2e_test/aml_config/config.json
Performing interactive authentication. Please follow the instructions on the terminal.


##### 10.o16n.py (2018-08-15-23:48:08) #################
Azure ML Core SDK Version: 0.1.0.1205139
Found the config file in: /data/git/hai/e2e_test/aml_config/config.json
Performing interactive authentication. Please follow the instructions on the terminal.
HEAD is now at 832b63e remove files
Your branch is up-to-date with 'origin/master'.
Already up-to-date.


###################################
########### END AT 2018-08-15-23:54:30
###################################
