/data/git/hai/e2e_test
*** git branch status before ***
  candidate
  daily
* master
On branch master
Your branch is up-to-date with 'origin/master'.
nothing to commit, working directory clean
*** candidate ***
No local changes to save
git checkout candidate
Your branch is up-to-date with 'origin/candidate'.
Already up-to-date.
*** git branch status after ***
* candidate
  daily
  master
On branch candidate
Your branch is up-to-date with 'origin/candidate'.
Changes not staged for commit:
  (use "git add <file>..." to update what will be committed)
  (use "git checkout -- <file>..." to discard changes in working directory)

	modified:   aml_config/config.json

no changes added to commit (use "git add" and/or "git commit -a")
###################################
START AT: 2018-06-05-05:02:21
###################################


##### 01.interactive.e2e.py (2018-06-05-05:02:21) ######
Azure ML Core SDK Version: 0.1.0.995245
Found config.json in: /data/git/hai/e2e_test/aml_config/config.json
Workspace details:
aml-notebooks haieastus2ws3 eastus2
start sequential parameter sweep...
try alpha value of 0.00


##### 02.local.py (2018-06-05-05:04:16) ################
Azure ML Core SDK Version: 0.1.0.995245
Found config.json in: /data/git/hai/e2e_test/aml_config/config.json
Workspace details:
aml-notebooks haieastus2ws3 eastus2
/tmp/e2e-test/02 already exists, remove it.
/tmp/e2e-test/02
e2e-02
copy train-sklearn.py to the project folder.
load run config

##################################################
submitting train-sklearn.py for a local run...
##################################################



##### 03.aci.py (2018-06-05-05:04:29) ##################
Azure ML Core SDK Version: 0.1.0.995245
Found config.json in: /data/git/hai/e2e_test/aml_config/config.json
Workspace details:
aml-notebooks haieastus2ws3 eastus2
/tmp/e2e-test/03 already exists, remove it.
/tmp/e2e-test/03
e2e-03
copy train-sklearn.py to the project folder.

##################################################
ACI run...
##################################################

Create a run config object for ACI
base image is continuumio/miniconda3:4.4.10
submitting run...


##### 04.dsvm (2018-06-05-05:07:03) ####################
Azure ML Core SDK Version: 0.1.0.995245
Found config.json in: /data/git/hai/e2e_test/aml_config/config.json
Workspace details:
aml-notebooks haieastus2ws3 eastus2
/tmp/e2e-test/04 already exists, remove it.
/tmp/e2e-test/04
e2e-04
copy train-sklearn.py to the project folder.

##################################################
Bare VM run
##################################################

Load the cpu-dsvm config from aml_config directory...
submit run...
https://mlworkspace.azureml-test.net/home/%2Fsubscriptions%2Ffac34303-435d-4486-8c3f-7094d82a0b60%2FresourceGroups%2Faml-notebooks%2Fproviders%2FMicrosoft.MachineLearningServices%2Fworkspaces%2Fhaieastus2ws3/projects/e2e-04/run-history/run-details/e2e-04_1528189684037
RunId: e2e-04_1528189684037

Streaming azureml-logs/80_driver_log.txt
========================================

alpha is 0.00, and mse is 3424.32
alpha is 0.05, and mse is 3408.92
alpha is 0.10, and mse is 3372.65
alpha is 0.15, and mse is 3345.15
alpha is 0.20, and mse is 3325.29
alpha is 0.25, and mse is 3311.56
alpha is 0.30, and mse is 3302.67
alpha is 0.35, and mse is 3297.66
alpha is 0.40, and mse is 3295.74
alpha is 0.45, and mse is 3296.32
alpha is 0.50, and mse is 3298.91
alpha is 0.55, and mse is 3303.14
alpha is 0.60, and mse is 3308.70
alpha is 0.65, and mse is 3315.36
alpha is 0.70, and mse is 3322.90
alpha is 0.75, and mse is 3331.17
alpha is 0.80, and mse is 3340.02
alpha is 0.85, and mse is 3349.36
alpha is 0.90, and mse is 3359.09
alpha is 0.95, and mse is 3369.13
The experiment completed successfully. Starting post-processing steps.

Execution Summary
=================
RunId: e2e-04_1528189684037


##################################################
DSVM Docker run...
##################################################

Load cpu-dsvm run config and make it to use Docker.
Base Docker image is: continuumio/miniconda3:4.4.10
submitting run...


##### 05.spark (2018-06-05-05:11:15) ###################
Azure ML Core SDK Version: 0.1.0.995245
Found config.json in: /data/git/hai/e2e_test/aml_config/config.json
Workspace details:
aml-notebooks haieastus2ws3 eastus2
/tmp/e2e-test/05 already exists, remove it.
/tmp/e2e-test/05
e2e-05
copy train-spark.py and iris.csv to the project folder.
create an ACI run config.
base image is microsoft/mmlspark:0.12

##################################################
submitting train-spark.py for a Spark run on ACI...
##################################################



##### 07.sklearn.hd.py (2018-06-05-05:13:56) ###########
Azure ML Core SDK Version: 0.1.0.995245
Found config.json in: /data/git/hai/e2e_test/aml_config/config.json
Workspace details:
aml-notebooks haieastus2ws3 eastus2
/tmp/e2e-test/07 already exists, remove it.
/tmp/e2e-test/07
e2e-07
copy train-sklearn-one-model.py to the project folder.
create or load BatchAI compute cpucluster...


##### 08.tf.hd.py (2018-06-05-05:15:10) ################
Azure ML Core SDK Version: 0.1.0.995245
Found config.json in: /data/git/hai/e2e_test/aml_config/config.json
Workspace details:
aml-notebooks haieastus2ws3 eastus2
/tmp/e2e-test/08 already exists, remove it.
/tmp/e2e-test/08
e2e-08
copy mnist_tf.py to the project folder.
create or load BatchAI compute gpucluster...
gpucluster BatchAI
found compute target. just use it.
create TensorFlow estimator.

##################################################
submitting mnist_tf.py for a Batch AI run...
##################################################



##### 10.o16n.py (2018-06-05-05:16:48) #################
Azure ML Core SDK Version: 0.1.0.995245
Found config.json in: /data/git/hai/e2e_test/aml_config/config.json
Workspace details:
aml-notebooks haieastus2ws3 eastus2
Registering model: mymodel
Name: mymodel 	Version: 51 	Description: Ridge regression model to predict diabetes ['diabetes', 'regression']
Name: mymodel 	Version: 50 	Description: Ridge regression model to predict diabetes ['diabetes', 'regression']
Name: mymodel 	Version: 49 	Description: Ridge regression model to predict diabetes ['diabetes', 'regression']
Name: mymodel 	Version: 48 	Description: Ridge regression model to predict diabetes ['diabetes', 'regression']
Name: mymodel 	Version: 47 	Description: Ridge regression model to predict diabetes ['diabetes', 'regression']
Name: mymodel 	Version: 46 	Description: Ridge regression model to predict diabetes ['diabetes', 'regression']
Name: mymodel 	Version: 45 	Description: Ridge regression model to predict diabetes ['diabetes', 'regression']
Name: mymodel 	Version: 44 	Description: Ridge regression model to predict diabetes ['diabetes', 'regression']
Name: mymodel 	Version: 43 	Description: Ridge regression model to predict diabetes ['diabetes', 'regression']
Name: mymodel 	Version: 42 	Description: Ridge regression model to predict diabetes ['diabetes', 'regression']
Name: mymodel 	Version: 41 	Description: Ridge regression model to predict diabetes ['diabetes', 'regression']
Name: mymodel 	Version: 40 	Description: Ridge regression model to predict diabetes ['diabetes', 'regression']
Name: mymodel 	Version: 39 	Description: Ridge regression model to predict diabetes ['diabetes', 'regression']
Name: mymodel 	Version: 38 	Description: Ridge regression model to predict diabetes ['diabetes', 'regression']
Name: mymodel 	Version: 37 	Description: Ridge regression model to predict diabetes ['diabetes', 'regression']
Name: mymodel 	Version: 36 	Description: Ridge regression model to predict diabetes ['diabetes', 'regression']
Name: mymodel 	Version: 35 	Description: Ridge regression model to predict diabetes ['diabetes', 'regression']
Name: mymodel 	Version: 34 	Description: Ridge regression model to predict diabetes ['diabetes', 'regression']
Name: mymodel 	Version: 33 	Description: Ridge regression model to predict diabetes ['diabetes', 'regression']
Name: mymodel 	Version: 32 	Description: Ridge regression model to predict diabetes ['diabetes', 'regression']
Name: mymodel 	Version: 31 	Description: Ridge regression model to predict diabetes ['diabetes', 'regression']
Name: mymodel 	Version: 30 	Description: Ridge regression model to predict diabetes ['diabetes', 'regression']
Name: mymodel 	Version: 29 	Description: Ridge regression model to predict diabetes ['diabetes', 'regression']
Name: mymodel 	Version: 28 	Description: Ridge regression model to predict diabetes ['diabetes', 'regression']
Name: mymodel 	Version: 27 	Description: Ridge regression model to predict diabetes ['diabetes', 'regression']
Name: mymodel 	Version: 26 	Description: Ridge regression model to predict diabetes ['diabetes', 'regression']
Ridge regression model to predict diabetes
Creating image
Running............................
FailedImage creation operation finished for image myimage:24, operation "Failed"
Image creation failed, unexpected error response:
None
myimage(v.24 [Failed]) stored at haieastuacrgghjerik.azurecr.io/myimage:24 with build log None
myimage(v.23 [Succeeded]) stored at haieastuacrgghjerik.azurecr.io/myimage:23 with build log https://eastus2ice.blob.core.windows.net/logs/haieastuacrgghjerik15281731961068630.txt?sv=2017-04-17&se=2018-07-05T04%3A34%3A57Z&sig=Y0riwnrnPBBm4h4QLj/k28NjKJ6WJiXI7TGDdtTmKMM%3D&sp=r&sr=b
myimage(v.22 [Failed]) stored at haieastuacrgghjerik.azurecr.io/myimage:22 with build log None
myimage(v.21 [Succeeded]) stored at haieastuacrgghjerik.azurecr.io/myimage:21 with build log https://eastus2ice.blob.core.windows.net/logs/haieastuacrgghjerik15281473593560272.txt?sig=s%2BVEkmo7ZHINrnxpUsHLMO02OjmRhsFLarkWMaBaPgw%3D&sv=2017-04-17&sp=r&sr=b&se=2018-07-04T21%3A24%3A21Z
Already up-to-date.


###################################
########### END AT 2018-06-05-05:22:17
###################################
