Switched to branch 'daily'
<class 'azureml.exceptions.azureml_exception.AzureMLException'>: Value of type <class 'numpy.float64'> is not supported, supported types include [<class 'int'>, <class 'float'>, <class 'str'>, <class 'NoneType'>]
<traceback object at 0x7fef56525788>
<class 'azureml.exceptions.azureml_exception.AzureMLException'>: Value of type <class 'numpy.float64'> is not supported, supported types include [<class 'int'>, <class 'float'>, <class 'str'>, <class 'NoneType'>]
<traceback object at 0x7fef56525788>
<class 'azureml.exceptions.azureml_exception.AzureMLException'>: Value of type <class 'numpy.float64'> is not supported, supported types include [<class 'int'>, <class 'float'>, <class 'str'>, <class 'NoneType'>]
<traceback object at 0x7fef56525788>
<class 'azureml.exceptions.azureml_exception.AzureMLException'>: Value of type <class 'numpy.float64'> is not supported, supported types include [<class 'int'>, <class 'float'>, <class 'str'>, <class 'NoneType'>]
<traceback object at 0x7fef56525788>
Traceback (most recent call last):
  File "./01.interactive.e2e.py", line 67, in <module>
    run.log("alpha", alpha)
  File "/home/ninghai/miniconda3/envs/daily/lib/python3.6/site-packages/azureml/core/run.py", line 448, in log
    self._client.log(name, value, description)
  File "/home/ninghai/miniconda3/envs/daily/lib/python3.6/site-packages/azureml/_run_impl/metrics_client.py", line 45, in log
    self.log_scalar(name, value, description)
  File "/home/ninghai/miniconda3/envs/daily/lib/python3.6/site-packages/azureml/_run_impl/metrics_client.py", line 155, in log_scalar
    self._check_is_valid_scalar(value)
  File "/home/ninghai/miniconda3/envs/daily/lib/python3.6/site-packages/azureml/_run_impl/metrics_client.py", line 185, in _check_is_valid_scalar
    valid_types))
azureml.exceptions.azureml_exception.AzureMLException: Value of type <class 'numpy.float64'> is not supported, supported types include [<class 'int'>, <class 'float'>, <class 'str'>, <class 'NoneType'>]
Traceback (most recent call last):
  File "./02.local.py", line 92, in <module>
    min(metrics['mse']), 
KeyError: 'mse'
Client-Request-ID=b8471114-6bd0-11e8-9288-000d3a71b7c3 Retry policy did not allow for a retry: Server-Timestamp=Sat, 09 Jun 2018 10:34:42 GMT, Server-Request-ID=8e5e2370-101e-0012-38dd-ff5e79000000, HTTP status code=409, Exception=The specified container already exists.ErrorCode: ContainerAlreadyExists<?xml version="1.0" encoding="utf-8"?><Error><Code>ContainerAlreadyExists</Code><Message>The specified container already exists.RequestId:8e5e2370-101e-0012-38dd-ff5e79000000Time:2018-06-09T10:34:42.4879409Z</Message></Error>.
Client-Request-ID=b8471116-6bd0-11e8-9288-000d3a71b7c3 Retry policy did not allow for a retry: Server-Timestamp=Sat, 09 Jun 2018 10:34:42 GMT, Server-Request-ID=13fbe9f4-501e-003c-0add-ff0c6e000000, HTTP status code=409, Exception=The specified container already exists.ErrorCode: ContainerAlreadyExists<?xml version="1.0" encoding="utf-8"?><Error><Code>ContainerAlreadyExists</Code><Message>The specified container already exists.RequestId:13fbe9f4-501e-003c-0add-ff0c6e000000Time:2018-06-09T10:34:42.6448039Z</Message></Error>.
Client-Request-ID=b8471118-6bd0-11e8-9288-000d3a71b7c3 Retry policy did not allow for a retry: Server-Timestamp=Sat, 09 Jun 2018 10:34:41 GMT, Server-Request-ID=95e126aa-901e-0041-52dd-ff7d4d000000, HTTP status code=409, Exception=The specified container already exists.ErrorCode: ContainerAlreadyExists<?xml version="1.0" encoding="utf-8"?><Error><Code>ContainerAlreadyExists</Code><Message>The specified container already exists.RequestId:95e126aa-901e-0041-52dd-ff7d4d000000Time:2018-06-09T10:34:42.8001941Z</Message></Error>.
Client-Request-ID=b847111a-6bd0-11e8-9288-000d3a71b7c3 Retry policy did not allow for a retry: Server-Timestamp=Sat, 09 Jun 2018 10:34:42 GMT, Server-Request-ID=6a6eafdf-801e-0072-22dd-ff22e6000000, HTTP status code=409, Exception=The specified container already exists.ErrorCode: ContainerAlreadyExists<?xml version="1.0" encoding="utf-8"?><Error><Code>ContainerAlreadyExists</Code><Message>The specified container already exists.RequestId:6a6eafdf-801e-0072-22dd-ff22e6000000Time:2018-06-09T10:34:42.9638596Z</Message></Error>.
Traceback (most recent call last):
  File "/home/ninghai/miniconda3/envs/daily/lib/python3.6/site-packages/azureml/core/webservice/webservice.py", line 268, in _deploy_webservice
    resp.raise_for_status()
  File "/home/ninghai/miniconda3/envs/daily/lib/python3.6/site-packages/requests/models.py", line 935, in raise_for_status
    raise HTTPError(http_error_msg, response=self)
requests.exceptions.HTTPError: 409 Client Error: Conflict for url: https://eastus2euap.modelmanagement.azureml.net/api/subscriptions/fac34303-435d-4486-8c3f-7094d82a0b60/resourceGroups/aml-notebooks/providers/Microsoft.MachineLearningServices/workspaces/haieastus2euapws/services?api-version=2018-03-01-preview

During handling of the above exception, another exception occurred:

Traceback (most recent call last):
  File "./10.o16n.py", line 64, in <module>
    image = image)
  File "/home/ninghai/miniconda3/envs/daily/lib/python3.6/site-packages/azureml/core/workspace.py", line 792, in deploy_webservice
    return Webservice.deploy_from_image(self, name, image, deploy_config, target)
  File "/home/ninghai/miniconda3/envs/daily/lib/python3.6/site-packages/azureml/core/webservice/webservice.py", line 230, in deploy_from_image
    return child._deploy(workspace, name, image, deployment_config)
  File "/home/ninghai/miniconda3/envs/daily/lib/python3.6/site-packages/azureml/core/webservice/aci.py", line 88, in _deploy
    return Webservice._deploy_webservice(workspace, name, create_payload, AciWebservice)
  File "/home/ninghai/miniconda3/envs/daily/lib/python3.6/site-packages/azureml/core/webservice/webservice.py", line 273, in _deploy_webservice
    'Content: {}'.format(resp.status_code, resp.headers, resp.content))
azureml.exceptions.azureml_exception.WebserviceException: Received bad response from Model Management Service:
Response Code: 409
Headers: {'Date': 'Sat, 09 Jun 2018 10:35:52 GMT', 'Content-Type': 'application/json', 'Transfer-Encoding': 'chunked', 'Connection': 'keep-alive', 'api-supported-versions': '2018-03-01-preview', 'x-ms-client-request-id': '1217800aca204dda960efe0de1ec35fb', 'x-ms-client-session-id': '', 'Strict-Transport-Security': 'max-age=15724800; includeSubDomains; preload'}
Content: b'{"code":"Conflict","statusCode":409,"message":"Conflict","details":[{"code":"ServiceWithNameExists","message":"Workspace haieastus2euapws already contains a Service with name: rrs02"}]}'
Switched to branch 'master'
