###################################
Starting time: date +%F-%H-%M-%S-%Z
###################################
##### 01.interactive.e2e.py ######
Azure ML Core SDK Version: 0.1.0.972625
Found config.json in: /data/git/ViennaTest/results/2018-05-27-23-10-06-EDT/scripts/aml_config/config.json
Performing interactive authentication. Please follow the instructions on the terminal.
Interactive authentication successfully completed.
Workspace details:
aml-notebooks haieastus2ws3 eastus2
Find the best run.
Best run is: a0edaeb7-3e47-45b8-bc7d-a0915ca9002c
Metrics: {'alpha': 0.4, 'mse': 3295.741064355809, 'columns': ['age', 'gender', 'bmi', 'bp', 's1', 's2', 's3', 's4', 's5', 's6']}
Run history url:
https://mlworkspace.azureml-test.net/home/%2Fsubscriptions%2Ffac34303-435d-4486-8c3f-7094d82a0b60%2FresourceGroups%2Faml-notebooks%2Fproviders%2FMicrosoft.MachineLearningServices%2Fworkspaces%2Fhaieastus2ws3/projects/e2e-01/run-history/run-details/a0edaeb7-3e47-45b8-bc7d-a0915ca9002c
plot mse_over_alpha.png
upload mse_over_alpha.png.
deploying to ACI...
Registering model: best_model.pkl
Creating image
##### 02.lcoal.py ################
Azure ML Core SDK Version: 0.1.0.972625
Found config.json in: /data/git/ViennaTest/results/2018-05-27-23-10-06-EDT/scripts/aml_config/config.json
Workspace details:
aml-notebooks haieastus2ws3 eastus2
/tmp/e2e-test/02
e2e-02
copy train-sklearn.py to the project folder.
load run config

##################################################
submitting train-sklearn.py for a local run...
##################################################

https://mlworkspace.azureml-test.net/home/%2Fsubscriptions%2Ffac34303-435d-4486-8c3f-7094d82a0b60%2FresourceGroups%2Faml-notebooks%2Fproviders%2FMicrosoft.MachineLearningServices%2Fworkspaces%2Fhaieastus2ws3/projects/e2e-02/run-history/run-details/e2e-02_1527477155
RunId: e2e-02_1527477155

Streaming azureml-logs/80_driver_log.txt
========================================

alpha is 0.00, and mse is 3424.32
alpha is 0.05, and mse is 3408.92
alpha is 0.10, and mse is 3372.65
alpha is 0.15, and mse is 3345.15
alpha is 0.20, and mse is 3325.29
alpha is 0.25, and mse is 3311.56
alpha is 0.30, and mse is 3302.67
alpha is 0.35, and mse is 3297.66
alpha is 0.40, and mse is 3295.74
alpha is 0.45, and mse is 3296.32
alpha is 0.50, and mse is 3298.91
alpha is 0.55, and mse is 3303.14
alpha is 0.60, and mse is 3308.70
alpha is 0.65, and mse is 3315.36
alpha is 0.70, and mse is 3322.90
alpha is 0.75, and mse is 3331.17
alpha is 0.80, and mse is 3340.02
alpha is 0.85, and mse is 3349.36
alpha is 0.90, and mse is 3359.09
alpha is 0.95, and mse is 3369.13
The experiment completed successfully. Starting post-processing steps.

Execution Summary
=================
RunId: e2e-02_1527477155


##################################################
Submitting train-sklearn.py for a local conda run...
##################################################

https://mlworkspace.azureml-test.net/home/%2Fsubscriptions%2Ffac34303-435d-4486-8c3f-7094d82a0b60%2FresourceGroups%2Faml-notebooks%2Fproviders%2FMicrosoft.MachineLearningServices%2Fworkspaces%2Fhaieastus2ws3/projects/e2e-02/run-history/run-details/e2e-02_1527477177
RunId: e2e-02_1527477177

Streaming azureml-logs/60_control_log.txt
=========================================

Uploading experiment status to history service.
Adding run profile attachment azureml-logs/60_control_log.txt
Creating Conda environment...
Logging experiment preparation status in history service.
Solving environment: ...working... done

Downloading and Extracting Packages
psutil-5.4.5         |  303 KB | ########## | 100% 
python-3.6.2         | 27.0 MB | ########## | 100% 
Preparing transaction: ...working... done
Verifying transaction: ...working... done
Executing transaction: ...working... done
Looking in indexes: https://azuremlsdktestpypi.azureedge.net/sdk-release/rc/D72EBD8984244C659BDE1CFECDC3435, https://pypi.python.org/simple
Collecting azureml-requirements (from -r /tmp/azureml_runs/e2e-02_1527477177/azureml-setup/condaenv.6nyx8wo7.requirements.txt (line 3))
  Downloading https://azuremlsdktestpypi.blob.core.windows.net/repo/sdk-release/rc/D72EBD8984244C659BDE1CFECDC3435/azureml_requirements-0.1.0.954785-py3-none-any.whl?sv=2017-04-17&sr=b&sig=JDZOG0AdV7nG%2FHiRTPmXLxDnB7mry8lr4kwvW5q6vOs%3D&st=2018-05-23T15%3A04%3A13Z&se=2019-05-23T15%3A04%3A13Z&sp=rl
Collecting azureml-train==0.1.0.954785 (from azureml-requirements->-r /tmp/azureml_runs/e2e-02_1527477177/azureml-setup/condaenv.6nyx8wo7.requirements.txt (line 3))
  Downloading https://azuremlsdktestpypi.blob.core.windows.net/repo/sdk-release/rc/D72EBD8984244C659BDE1CFECDC3435/azureml_train-0.1.0.954785-py3-none-any.whl?sv=2017-04-17&sr=b&sig=BKWcUK6ESQDnTbu5si0XTEY%2Bxm7ynCIB%2BA55GT1p0gE%3D&st=2018-05-23T15%3A04%3A13Z&se=2019-05-23T15%3A04%3A13Z&sp=rl
Collecting azureml-core==0.1.0.954785 (from azureml-requirements->-r /tmp/azureml_runs/e2e-02_1527477177/azureml-setup/condaenv.6nyx8wo7.requirements.txt (line 3))
  Downloading https://azuremlsdktestpypi.blob.core.windows.net/repo/sdk-release/rc/D72EBD8984244C659BDE1CFECDC3435/azureml_core-0.1.0.954785-py2.py3-none-any.whl?sv=2017-04-17&sr=b&sig=caVrEl9jypkL23p6bY5ChYb8UUK33tW4qOwfVwXJeO0%3D&st=2018-05-23T15%3A04%3A13Z&se=2019-05-23T15%3A04%3A13Z&sp=rl (540kB)
Collecting azureml-train-core==0.1.0.954785 (from azureml-train==0.1.0.954785->azureml-requirements->-r /tmp/azureml_runs/e2e-02_1527477177/azureml-setup/condaenv.6nyx8wo7.requirements.txt (line 3))
  Downloading https://azuremlsdktestpypi.blob.core.windows.net/repo/sdk-release/rc/D72EBD8984244C659BDE1CFECDC3435/azureml_train_core-0.1.0.954785-py3-none-any.whl?sv=2017-04-17&sr=b&sig=oOJzmTGMwpGEkNNCaKottKOSyRvQx1eMJVr%2FkgHFwwY%3D&st=2018-05-23T15%3A04%3A13Z&se=2019-05-23T15%3A04%3A13Z&sp=rl (4.1MB)
Collecting azure-storage-file (from azureml-core==0.1.0.954785->azureml-requirements->-r /tmp/azureml_runs/e2e-02_1527477177/azureml-setup/condaenv.6nyx8wo7.requirements.txt (line 3))
  Using cached https://files.pythonhosted.org/packages/e9/2b/7d365610e5e303def65d54499b0dc24b66531b94254f26bf27a142485a5f/azure_storage_file-1.1.0-py2.py3-none-any.whl
Collecting backports.tempfile (from azureml-core==0.1.0.954785->azureml-requirements->-r /tmp/azureml_runs/e2e-02_1527477177/azureml-setup/condaenv.6nyx8wo7.requirements.txt (line 3))
  Using cached https://files.pythonhosted.org/packages/b4/5c/077f910632476281428fe254807952eb47ca78e720d059a46178c541e669/backports.tempfile-1.0-py2.py3-none-any.whl
Collecting ruamel.yaml>=0.15.35 (from azureml-core==0.1.0.954785->azureml-requirements->-r /tmp/azureml_runs/e2e-02_1527477177/azureml-setup/condaenv.6nyx8wo7.requirements.txt (line 3))
  Using cached https://files.pythonhosted.org/packages/98/cc/ba3b6ccd0a4f6c51d128742fc5f0f43ae570d67174342578591c50f30013/ruamel.yaml-0.15.37-cp36-cp36m-manylinux1_x86_64.whl
Collecting pathspec (from azureml-core==0.1.0.954785->azureml-requirements->-r /tmp/azureml_runs/e2e-02_1527477177/azureml-setup/condaenv.6nyx8wo7.requirements.txt (line 3))
Collecting pytz (from azureml-core==0.1.0.954785->azureml-requirements->-r /tmp/azureml_runs/e2e-02_1527477177/azureml-setup/condaenv.6nyx8wo7.requirements.txt (line 3))
  Using cached https://files.pythonhosted.org/packages/dc/83/15f7833b70d3e067ca91467ca245bae0f6fe56ddc7451aa0dc5606b120f2/pytz-2018.4-py2.py3-none-any.whl
Collecting azure-mgmt-authorization>=0.40.0 (from azureml-core==0.1.0.954785->azureml-requirements->-r /tmp/azureml_runs/e2e-02_1527477177/azureml-setup/condaenv.6nyx8wo7.requirements.txt (line 3))
  Using cached https://files.pythonhosted.org/packages/67/e4/b3535daae30db9b3f73046a0c151c5c2ae2d2bff96ba0c28c1f26a21dbf1/azure_mgmt_authorization-0.40.0-py2.py3-none-any.whl
Collecting azure-cli-core>=2.0.31 (from azureml-core==0.1.0.954785->azureml-requirements->-r /tmp/azureml_runs/e2e-02_1527477177/azureml-setup/condaenv.6nyx8wo7.requirements.txt (line 3))
  Using cached https://files.pythonhosted.org/packages/62/a7/6c4d8c103c3f85592b1c55dc2864a0d7cd650ccfe4c9f3db3a8a53a96bae/azure_cli_core-2.0.33-py2.py3-none-any.whl
Collecting azure-mgmt-storage>=1.5.0 (from azureml-core==0.1.0.954785->azureml-requirements->-r /tmp/azureml_runs/e2e-02_1527477177/azureml-setup/condaenv.6nyx8wo7.requirements.txt (line 3))
  Using cached https://files.pythonhosted.org/packages/c5/40/d8134d1ee9617fa8bd469e62f916349e1373b94e9f179d12050cfd051e20/azure_mgmt_storage-1.5.0-py2.py3-none-any.whl
Collecting pathlib (from azureml-core==0.1.0.954785->azureml-requirements->-r /tmp/azureml_runs/e2e-02_1527477177/azureml-setup/condaenv.6nyx8wo7.requirements.txt (line 3))
Collecting jsonpickle (from azureml-core==0.1.0.954785->azureml-requirements->-r /tmp/azureml_runs/e2e-02_1527477177/azureml-setup/condaenv.6nyx8wo7.requirements.txt (line 3))
Collecting six>=1.11.0 (from azureml-core==0.1.0.954785->azureml-requirements->-r /tmp/azureml_runs/e2e-02_1527477177/azureml-setup/condaenv.6nyx8wo7.requirements.txt (line 3))
  Using cached https://files.pythonhosted.org/packages/67/4b/141a581104b1f6397bfa78ac9d43d8ad29a7ca43ea90a2d863fe3056e86a/six-1.11.0-py2.py3-none-any.whl
Collecting ndg-httpsclient (from azureml-core==0.1.0.954785->azureml-requirements->-r /tmp/azureml_runs/e2e-02_1527477177/azureml-setup/condaenv.6nyx8wo7.requirements.txt (line 3))
  Using cached https://files.pythonhosted.org/packages/78/60/1458ed478eb5777498ca57f4fabf2cf9328ac43e5f6db7839cf73704f3a6/ndg_httpsclient-0.5.0-py3-none-any.whl
Collecting azure-mgmt-keyvault>=0.40.0 (from azureml-core==0.1.0.954785->azureml-requirements->-r /tmp/azureml_runs/e2e-02_1527477177/azureml-setup/condaenv.6nyx8wo7.requirements.txt (line 3))
  Using cached https://files.pythonhosted.org/packages/45/5a/f3182d7ed82173d9af0bd96d01de4002eca8fddbd3c1feb99d839c5f4657/azure_mgmt_keyvault-0.40.0-py2.py3-none-any.whl
Collecting contextlib2 (from azureml-core==0.1.0.954785->azureml-requirements->-r /tmp/azureml_runs/e2e-02_1527477177/azureml-setup/condaenv.6nyx8wo7.requirements.txt (line 3))
  Using cached https://files.pythonhosted.org/packages/a2/71/8273a7eeed0aff6a854237ab5453bc9aa67deb49df4832801c21f0ff3782/contextlib2-0.5.5-py2.py3-none-any.whl
Collecting azure-graphrbac>=0.40.0 (from azureml-core==0.1.0.954785->azureml-requirements->-r /tmp/azureml_runs/e2e-02_1527477177/azureml-setup/condaenv.6nyx8wo7.requirements.txt (line 3))
  Using cached https://files.pythonhosted.org/packages/89/0a/29f7e2914033e2536026b8f0d7f8deb1edda68c9a93ce4757b2b1e39568b/azure_graphrbac-0.40.0-py2.py3-none-any.whl
Collecting azure-cli-profile>=2.0.22 (from azureml-core==0.1.0.954785->azureml-requirements->-r /tmp/azureml_runs/e2e-02_1527477177/azureml-setup/condaenv.6nyx8wo7.requirements.txt (line 3))
  Using cached https://files.pythonhosted.org/packages/a7/20/8744656abd71b8845cb611b35cf74d8322e83151a438d9aa3a4b7f76e700/azure_cli_profile-2.0.25-py2.py3-none-any.whl
Collecting azure-mgmt-containerregistry>=1.0.1 (from azureml-core==0.1.0.954785->azureml-requirements->-r /tmp/azureml_runs/e2e-02_1527477177/azureml-setup/condaenv.6nyx8wo7.requirements.txt (line 3))
  Using cached https://files.pythonhosted.org/packages/c5/b6/926aba2129e87976a00c4742aa1dba4fea09708c0871ab48ec7937f9ac99/azure_mgmt_containerregistry-2.0.0-py2.py3-none-any.whl
Collecting python-dateutil (from azureml-core==0.1.0.954785->azureml-requirements->-r /tmp/azureml_runs/e2e-02_1527477177/azureml-setup/condaenv.6nyx8wo7.requirements.txt (line 3))
  Using cached https://files.pythonhosted.org/packages/cf/f5/af2b09c957ace60dcfac112b669c45c8c97e32f94aa8b56da4c6d1682825/python_dateutil-2.7.3-py2.py3-none-any.whl
Collecting msrestazure>=0.4.29 (from azureml-core==0.1.0.954785->azureml-requirements->-r /tmp/azureml_runs/e2e-02_1527477177/azureml-setup/condaenv.6nyx8wo7.requirements.txt (line 3))
  Using cached https://files.pythonhosted.org/packages/ee/d4/0235848f1991dde8dac97cd85d4d71cd9146f75ece84215c1914a4fa3725/msrestazure-0.4.31-py2.py3-none-any.whl
Collecting SecretStorage<3.0.0 (from azureml-core==0.1.0.954785->azureml-requirements->-r /tmp/azureml_runs/e2e-02_1527477177/azureml-setup/condaenv.6nyx8wo7.requirements.txt (line 3))
Collecting azure-storage-common (from azureml-core==0.1.0.954785->azureml-requirements->-r /tmp/azureml_runs/e2e-02_1527477177/azureml-setup/condaenv.6nyx8wo7.requirements.txt (line 3))
  Using cached https://files.pythonhosted.org/packages/3b/c6/31394ea86134bcfbff5dceb31d7ccde9e9150d7b7b6f4f1563acaaabcd24/azure_storage_common-1.1.0-py2.py3-none-any.whl
Collecting azure-storage-nspkg (from azureml-core==0.1.0.954785->azureml-requirements->-r /tmp/azureml_runs/e2e-02_1527477177/azureml-setup/condaenv.6nyx8wo7.requirements.txt (line 3))
  Using cached https://files.pythonhosted.org/packages/b1/e9/0a11f4feefb9c4c2f7e30d4d448e15b32df3adabe370be70aaf4278fbb52/azure_storage_nspkg-3.0.0-py2.py3-none-any.whl
Collecting azure-storage-blob (from azureml-core==0.1.0.954785->azureml-requirements->-r /tmp/azureml_runs/e2e-02_1527477177/azureml-setup/condaenv.6nyx8wo7.requirements.txt (line 3))
  Using cached https://files.pythonhosted.org/packages/bb/c5/eb29c445c2e1bb1aead35c42e0b303dc52df2dfd6579c8917be0c8a7cc47/azure_storage_blob-1.1.0-py2.py3-none-any.whl
Collecting requests (from azureml-core==0.1.0.954785->azureml-requirements->-r /tmp/azureml_runs/e2e-02_1527477177/azureml-setup/condaenv.6nyx8wo7.requirements.txt (line 3))
  Using cached https://files.pythonhosted.org/packages/49/df/50aa1999ab9bde74656c2919d9c0c085fd2b3775fd3eca826012bef76d8c/requests-2.18.4-py2.py3-none-any.whl
Collecting azure-mgmt-resource>=1.2.1 (from azureml-core==0.1.0.954785->azureml-requirements->-r /tmp/azureml_runs/e2e-02_1527477177/azureml-setup/condaenv.6nyx8wo7.requirements.txt (line 3))
  Using cached https://files.pythonhosted.org/packages/71/ec/30b1bea83782bd890ba84c21ab8d1af71bc30f14f51b3688c0a32aec82ce/azure_mgmt_resource-1.2.2-py2.py3-none-any.whl
Collecting msrest>=0.4.29 (from azureml-core==0.1.0.954785->azureml-requirements->-r /tmp/azureml_runs/e2e-02_1527477177/azureml-setup/condaenv.6nyx8wo7.requirements.txt (line 3))
  Using cached https://files.pythonhosted.org/packages/e1/db/b4b8e0388ad7f100d2ec7c18dbcdfa3d86a1f42b052009ceed223aef7cbd/msrest-0.4.29-py2.py3-none-any.whl
Collecting azureml-train-restclients-hyperdrive==0.1.0.954785 (from azureml-train-core==0.1.0.954785->azureml-train==0.1.0.954785->azureml-requirements->-r /tmp/azureml_runs/e2e-02_1527477177/azureml-setup/condaenv.6nyx8wo7.requirements.txt (line 3))
  Downloading https://azuremlsdktestpypi.blob.core.windows.net/repo/sdk-release/rc/D72EBD8984244C659BDE1CFECDC3435/azureml_train_restclients_hyperdrive-0.1.0.954785-py3-none-any.whl?sv=2017-04-17&sr=b&sig=vII9A1ms5YMvJ3PTlJtDcPQTUVU%2B1O3vsCcfB31%2F7Wg%3D&st=2018-05-23T15%3A04%3A13Z&se=2019-05-23T15%3A04%3A13Z&sp=rl
Collecting ipywidgets>=7.0.0 (from azureml-train-core==0.1.0.954785->azureml-train==0.1.0.954785->azureml-requirements->-r /tmp/azureml_runs/e2e-02_1527477177/azureml-setup/condaenv.6nyx8wo7.requirements.txt (line 3))
  Using cached https://files.pythonhosted.org/packages/7d/24/fabc09ad81c6071159a4d12d5bfbddcbea69bd9e3b16c3250ef300c0285f/ipywidgets-7.2.1-py2.py3-none-any.whl
Collecting azure-common>=1.1.5 (from azure-storage-file->azureml-core==0.1.0.954785->azureml-requirements->-r /tmp/azureml_runs/e2e-02_1527477177/azureml-setup/condaenv.6nyx8wo7.requirements.txt (line 3))
  Using cached https://files.pythonhosted.org/packages/97/3b/2c7cda25382c3bb566008c5c8f8aa28663fd15a80a6204c76ae0035de107/azure_common-1.1.11-py2.py3-none-any.whl
Collecting backports.weakref (from backports.tempfile->azureml-core==0.1.0.954785->azureml-requirements->-r /tmp/azureml_runs/e2e-02_1527477177/azureml-setup/condaenv.6nyx8wo7.requirements.txt (line 3))
  Using cached https://files.pythonhosted.org/packages/88/ec/f598b633c3d5ffe267aaada57d961c94fdfa183c5c3ebda2b6d151943db6/backports.weakref-1.0.post1-py2.py3-none-any.whl
Collecting azure-mgmt-nspkg>=2.0.0 (from azure-mgmt-authorization>=0.40.0->azureml-core==0.1.0.954785->azureml-requirements->-r /tmp/azureml_runs/e2e-02_1527477177/azureml-setup/condaenv.6nyx8wo7.requirements.txt (line 3))
  Using cached https://files.pythonhosted.org/packages/c9/e3/48b98f929290b0cd0aaa4707ecabb8aaeb267e8ef628af907f1d1c506ec7/azure_mgmt_nspkg-2.0.0-py2.py3-none-any.whl
Collecting pyopenssl>=17.1.0 (from azure-cli-core>=2.0.31->azureml-core==0.1.0.954785->azureml-requirements->-r /tmp/azureml_runs/e2e-02_1527477177/azureml-setup/condaenv.6nyx8wo7.requirements.txt (line 3))
  Using cached https://files.pythonhosted.org/packages/96/af/9d29e6bd40823061aea2e0574ccb2fcf72bfd6130ce53d32773ec375458c/pyOpenSSL-18.0.0-py2.py3-none-any.whl
Collecting jmespath (from azure-cli-core>=2.0.31->azureml-core==0.1.0.954785->azureml-requirements->-r /tmp/azureml_runs/e2e-02_1527477177/azureml-setup/condaenv.6nyx8wo7.requirements.txt (line 3))
  Using cached https://files.pythonhosted.org/packages/b7/31/05c8d001f7f87f0f07289a5fc0fc3832e9a57f2dbd4d3b0fee70e0d51365/jmespath-0.9.3-py2.py3-none-any.whl
Collecting colorama>=0.3.9 (from azure-cli-core>=2.0.31->azureml-core==0.1.0.954785->azureml-requirements->-r /tmp/azureml_runs/e2e-02_1527477177/azureml-setup/condaenv.6nyx8wo7.requirements.txt (line 3))
  Using cached https://files.pythonhosted.org/packages/db/c8/7dcf9dbcb22429512708fe3a547f8b6101c0d02137acbd892505aee57adf/colorama-0.3.9-py2.py3-none-any.whl
Requirement already satisfied: pip in /home/ninghai/.azureml/envs/azureml_b7bd945e51376e9efca4a23e2fbed66e/lib/python3.6/site-packages (from azure-cli-core>=2.0.31->azureml-core==0.1.0.954785->azureml-requirements->-r /tmp/azureml_runs/e2e-02_1527477177/azureml-setup/condaenv.6nyx8wo7.requirements.txt (line 3)) (10.0.1)
Collecting argcomplete>=1.8.0 (from azure-cli-core>=2.0.31->azureml-core==0.1.0.954785->azureml-requirements->-r /tmp/azureml_runs/e2e-02_1527477177/azureml-setup/condaenv.6nyx8wo7.requirements.txt (line 3))
  Using cached https://files.pythonhosted.org/packages/31/88/ba8d8684a8a27749250c66ff7c2b408fdbc29b50da61200338ff9b2607bf/argcomplete-1.9.4-py2.py3-none-any.whl
Collecting humanfriendly>=4.7 (from azure-cli-core>=2.0.31->azureml-core==0.1.0.954785->azureml-requirements->-r /tmp/azureml_runs/e2e-02_1527477177/azureml-setup/condaenv.6nyx8wo7.requirements.txt (line 3))
  Using cached https://files.pythonhosted.org/packages/4a/4f/16881101fb87370fd62bdc1b7b895c505c6525a9b07e10571bf41899937b/humanfriendly-4.12.1-py2.py3-none-any.whl
Collecting knack==0.3.3 (from azure-cli-core>=2.0.31->azureml-core==0.1.0.954785->azureml-requirements->-r /tmp/azureml_runs/e2e-02_1527477177/azureml-setup/condaenv.6nyx8wo7.requirements.txt (line 3))
  Using cached https://files.pythonhosted.org/packages/92/aa/d5563dfb2724a5d7899170461f8c70e88f8f9422bd1c44a2a7528e2e6235/knack-0.3.3-py2.py3-none-any.whl
Collecting paramiko (from azure-cli-core>=2.0.31->azureml-core==0.1.0.954785->azureml-requirements->-r /tmp/azureml_runs/e2e-02_1527477177/azureml-setup/condaenv.6nyx8wo7.requirements.txt (line 3))
  Using cached https://files.pythonhosted.org/packages/3e/db/cb7b6656e0e7387637ce850689084dc0b94b44df31cc52e5fc5c2c4fd2c1/paramiko-2.4.1-py2.py3-none-any.whl
Collecting pyyaml (from azure-cli-core>=2.0.31->azureml-core==0.1.0.954785->azureml-requirements->-r /tmp/azureml_runs/e2e-02_1527477177/azureml-setup/condaenv.6nyx8wo7.requirements.txt (line 3))
Collecting tabulate<=0.8.2,>=0.7.7 (from azure-cli-core>=2.0.31->azureml-core==0.1.0.954785->azureml-requirements->-r /tmp/azureml_runs/e2e-02_1527477177/azureml-setup/condaenv.6nyx8wo7.requirements.txt (line 3))
Collecting azure-cli-nspkg>=2.0.0 (from azure-cli-core>=2.0.31->azureml-core==0.1.0.954785->azureml-requirements->-r /tmp/azureml_runs/e2e-02_1527477177/azureml-setup/condaenv.6nyx8wo7.requirements.txt (line 3))
  Using cached https://files.pythonhosted.org/packages/7c/94/cf884b92a870422f02c3f1f86573d04d5cc1abdc2ac51b8419c7ee2e2a00/azure_cli_nspkg-3.0.2-py2.py3-none-any.whl
Collecting applicationinsights>=0.11.1 (from azure-cli-core>=2.0.31->azureml-core==0.1.0.954785->azureml-requirements->-r /tmp/azureml_runs/e2e-02_1527477177/azureml-setup/condaenv.6nyx8wo7.requirements.txt (line 3))
Collecting PyJWT (from azure-cli-core>=2.0.31->azureml-core==0.1.0.954785->azureml-requirements->-r /tmp/azureml_runs/e2e-02_1527477177/azureml-setup/condaenv.6nyx8wo7.requirements.txt (line 3))
  Using cached https://files.pythonhosted.org/packages/93/d1/3378cc8184a6524dc92993090ee8b4c03847c567e298305d6cf86987e005/PyJWT-1.6.4-py2.py3-none-any.whl
Collecting wheel==0.30.0 (from azure-cli-core>=2.0.31->azureml-core==0.1.0.954785->azureml-requirements->-r /tmp/azureml_runs/e2e-02_1527477177/azureml-setup/condaenv.6nyx8wo7.requirements.txt (line 3))
  Using cached https://files.pythonhosted.org/packages/0c/80/16a85b47702a1f47a63c104c91abdd0a6704ee8ae3b4ce4afc49bc39f9d9/wheel-0.30.0-py2.py3-none-any.whl
Collecting pygments (from azure-cli-core>=2.0.31->azureml-core==0.1.0.954785->azureml-requirements->-r /tmp/azureml_runs/e2e-02_1527477177/azureml-setup/condaenv.6nyx8wo7.requirements.txt (line 3))
  Using cached https://files.pythonhosted.org/packages/02/ee/b6e02dc6529e82b75bb06823ff7d005b141037cb1416b10c6f00fc419dca/Pygments-2.2.0-py2.py3-none-any.whl
Collecting pyasn1>=0.1.1 (from ndg-httpsclient->azureml-core==0.1.0.954785->azureml-requirements->-r /tmp/azureml_runs/e2e-02_1527477177/azureml-setup/condaenv.6nyx8wo7.requirements.txt (line 3))
  Using cached https://files.pythonhosted.org/packages/a0/70/2c27740f08e477499ce19eefe05dbcae6f19fdc49e9e82ce4768be0643b9/pyasn1-0.4.3-py2.py3-none-any.whl
Collecting azure-nspkg>=2.0.0 (from azure-graphrbac>=0.40.0->azureml-core==0.1.0.954785->azureml-requirements->-r /tmp/azureml_runs/e2e-02_1527477177/azureml-setup/condaenv.6nyx8wo7.requirements.txt (line 3))
  Using cached https://files.pythonhosted.org/packages/cd/a0/76ca6659ae9afd7567fdbb5b9c85e9c9a0b48238cfcacd92525484408f66/azure_nspkg-2.0.0-py2.py3-none-any.whl
Collecting azure-cli-command-modules-nspkg>=2.0.0 (from azure-cli-profile>=2.0.22->azureml-core==0.1.0.954785->azureml-requirements->-r /tmp/azureml_runs/e2e-02_1527477177/azureml-setup/condaenv.6nyx8wo7.requirements.txt (line 3))
  Using cached https://files.pythonhosted.org/packages/21/bf/0a6c3a39bce63ed68a5612b46b0b228dea3177543729a38a9e2c3f674152/azure_cli_command_modules_nspkg-2.0.1-py2.py3-none-any.whl
Collecting keyring>=12.0.2 (from msrestazure>=0.4.29->azureml-core==0.1.0.954785->azureml-requirements->-r /tmp/azureml_runs/e2e-02_1527477177/azureml-setup/condaenv.6nyx8wo7.requirements.txt (line 3))
  Using cached https://files.pythonhosted.org/packages/47/c0/4dfeeedaa233a12c3e5eb1e079b4dce96bbcbf0d030abc5e9a6b771e5812/keyring-12.2.1-py2.py3-none-any.whl
Collecting adal<2.0.0,>=0.5.0 (from msrestazure>=0.4.29->azureml-core==0.1.0.954785->azureml-requirements->-r /tmp/azureml_runs/e2e-02_1527477177/azureml-setup/condaenv.6nyx8wo7.requirements.txt (line 3))
  Using cached https://files.pythonhosted.org/packages/0b/8b/9ae37dafd4d653865fec3ba22488a42b4096483ad026c27931a320162a7c/adal-0.6.0-py2.py3-none-any.whl
Collecting cryptography (from SecretStorage<3.0.0->azureml-core==0.1.0.954785->azureml-requirements->-r /tmp/azureml_runs/e2e-02_1527477177/azureml-setup/condaenv.6nyx8wo7.requirements.txt (line 3))
  Using cached https://files.pythonhosted.org/packages/fa/f4/3cde3604972dfa2b0fea85b9711948bb4fb70ab64095322aef35071bd254/cryptography-2.2.2-cp34-abi3-manylinux1_x86_64.whl
##### 03.aci.py ##################
##### 04.dsvm ####################
##### 05.spark ###################
##### 07.sklearn.hd.py ###########
##### 08.tf.hd.py ################
##### 10.o16n.py #################
############ END #################
