Already on 'master'
Client-Request-ID=b5b35e28-6a07-11e8-9288-000d3a71b7c3 Retry policy did not allow for a retry: Server-Timestamp=Thu, 07 Jun 2018 04:03:17 GMT, Server-Request-ID=087482fa-701e-005c-7714-fea5c8000000, HTTP status code=409, Exception=The specified container already exists.ErrorCode: ContainerAlreadyExists<?xml version="1.0" encoding="utf-8"?><Error><Code>ContainerAlreadyExists</Code><Message>The specified container already exists.RequestId:087482fa-701e-005c-7714-fea5c8000000Time:2018-06-07T04:03:18.1652036Z</Message></Error>.
Client-Request-ID=b5b35e2a-6a07-11e8-9288-000d3a71b7c3 Retry policy did not allow for a retry: Server-Timestamp=Thu, 07 Jun 2018 04:03:18 GMT, Server-Request-ID=fe35b1a1-c01e-000a-5714-fe4db8000000, HTTP status code=409, Exception=The specified container already exists.ErrorCode: ContainerAlreadyExists<?xml version="1.0" encoding="utf-8"?><Error><Code>ContainerAlreadyExists</Code><Message>The specified container already exists.RequestId:fe35b1a1-c01e-000a-5714-fe4db8000000Time:2018-06-07T04:03:18.5927041Z</Message></Error>.
Client-Request-ID=b5b35e2c-6a07-11e8-9288-000d3a71b7c3 Retry policy did not allow for a retry: Server-Timestamp=Thu, 07 Jun 2018 04:03:18 GMT, Server-Request-ID=2b8332ed-e01e-00f3-3214-fe8758000000, HTTP status code=409, Exception=The specified container already exists.ErrorCode: ContainerAlreadyExists<?xml version="1.0" encoding="utf-8"?><Error><Code>ContainerAlreadyExists</Code><Message>The specified container already exists.RequestId:2b8332ed-e01e-00f3-3214-fe8758000000Time:2018-06-07T04:03:18.7846201Z</Message></Error>.
Client-Request-ID=b5b35e2e-6a07-11e8-9288-000d3a71b7c3 Retry policy did not allow for a retry: Server-Timestamp=Thu, 07 Jun 2018 04:03:18 GMT, Server-Request-ID=68f5ed08-f01e-00a8-7614-fe8024000000, HTTP status code=409, Exception=The specified container already exists.ErrorCode: ContainerAlreadyExists<?xml version="1.0" encoding="utf-8"?><Error><Code>ContainerAlreadyExists</Code><Message>The specified container already exists.RequestId:68f5ed08-f01e-00a8-7614-fe8024000000Time:2018-06-07T04:03:18.9798353Z</Message></Error>.
Client-Request-ID=b5b35e30-6a07-11e8-9288-000d3a71b7c3 Retry policy did not allow for a retry: Server-Timestamp=Thu, 07 Jun 2018 04:03:18 GMT, Server-Request-ID=67b4f7d1-601e-012a-1114-fe6721000000, HTTP status code=409, Exception=The specified container already exists.ErrorCode: ContainerAlreadyExists<?xml version="1.0" encoding="utf-8"?><Error><Code>ContainerAlreadyExists</Code><Message>The specified container already exists.RequestId:67b4f7d1-601e-012a-1114-fe6721000000Time:2018-06-07T04:03:19.1763286Z</Message></Error>.
Traceback (most recent call last):
  File "/home/ninghai/miniconda3/envs/preview/lib/python3.6/site-packages/azureml/core/webservice/webservice.py", line 281, in _deploy_webservice
    resp.raise_for_status()
  File "/home/ninghai/miniconda3/envs/preview/lib/python3.6/site-packages/requests/models.py", line 935, in raise_for_status
    raise HTTPError(http_error_msg, response=self)
requests.exceptions.HTTPError: 409 Client Error: Conflict for url: https://eastus2.modelmanagement.azureml.net/api/subscriptions/fac34303-435d-4486-8c3f-7094d82a0b60/resourceGroups/aml-notebooks/providers/Microsoft.MachineLearningServices/workspaces/haieastus2ws3/services?api-version=2018-03-01-preview

During handling of the above exception, another exception occurred:

Traceback (most recent call last):
  File "./01.interactive.e2e.py", line 139, in <module>
    driver = 'score.py')
  File "/home/ninghai/miniconda3/envs/preview/lib/python3.6/site-packages/azureml/core/workspace.py", line 819, in deploy_webservice
    return Webservice.deploy_from_image(self, name, image, deploy_config, target)
  File "/home/ninghai/miniconda3/envs/preview/lib/python3.6/site-packages/azureml/core/webservice/webservice.py", line 242, in deploy_from_image
    return child._deploy(workspace, name, image, deployment_config)
  File "/home/ninghai/miniconda3/envs/preview/lib/python3.6/site-packages/azureml/core/webservice/aci.py", line 109, in _deploy
    return Webservice._deploy_webservice(workspace, name, create_payload, AciWebservice)
  File "/home/ninghai/miniconda3/envs/preview/lib/python3.6/site-packages/azureml/core/webservice/webservice.py", line 286, in _deploy_webservice
    'Content: {}'.format(resp.status_code, resp.headers, resp.content))
azureml.exceptions.azureml_exception.WebserviceException: Received bad response from Model Management Service:
Response Code: 409
Headers: {'Date': 'Thu, 07 Jun 2018 04:04:49 GMT', 'Content-Type': 'application/json', 'Transfer-Encoding': 'chunked', 'Connection': 'keep-alive', 'api-supported-versions': '2018-03-01-preview', 'x-ms-client-request-id': '42d56be52e7148829386f2e48263990d', 'x-ms-client-session-id': '', 'Strict-Transport-Security': 'max-age=15724800; includeSubDomains; preload'}
Content: b'{"code":"Conflict","statusCode":409,"message":"Conflict","details":[{"code":"ServiceWithNameExists","message":"Workspace haieastus2ws3 already contains a Service with name: rrs01a"}]}'
2018-06-07 00:32:59,350 WARNING Retrying (Retry(total=2, connect=None, read=None, redirect=None, status=None)) after connection broken by 'NewConnectionError('<urllib3.connection.VerifiedHTTPSConnection object at 0x7fa0f412a1d0>: Failed to establish a new connection: [Errno 110] Connection timed out',)': /hyperdrive/v1.0/subscriptions/fac34303-435d-4486-8c3f-7094d82a0b60/resourceGroups/aml-notebooks/providers/Microsoft.MachineLearningServices/workspaces/haieastus2ws3/projects/e2e-07/runs
2018-06-07 00:35:06,710 WARNING Retrying (Retry(total=1, connect=None, read=None, redirect=None, status=None)) after connection broken by 'NewConnectionError('<urllib3.connection.VerifiedHTTPSConnection object at 0x7fa0f412a048>: Failed to establish a new connection: [Errno 110] Connection timed out',)': /hyperdrive/v1.0/subscriptions/fac34303-435d-4486-8c3f-7094d82a0b60/resourceGroups/aml-notebooks/providers/Microsoft.MachineLearningServices/workspaces/haieastus2ws3/projects/e2e-07/runs
2018-06-07 00:37:13,942 WARNING Retrying (Retry(total=0, connect=None, read=None, redirect=None, status=None)) after connection broken by 'NewConnectionError('<urllib3.connection.VerifiedHTTPSConnection object at 0x7fa0f412a128>: Failed to establish a new connection: [Errno 110] Connection timed out',)': /hyperdrive/v1.0/subscriptions/fac34303-435d-4486-8c3f-7094d82a0b60/resourceGroups/aml-notebooks/providers/Microsoft.MachineLearningServices/workspaces/haieastus2ws3/projects/e2e-07/runs
Client-Request-ID=be3fde90-6a0c-11e8-9288-000d3a71b7c3 Retry policy did not allow for a retry: Server-Timestamp=Thu, 07 Jun 2018 04:39:19 GMT, Server-Request-ID=5e932bd6-f01e-00ce-0719-fe327e000000, HTTP status code=409, Exception=The specified container already exists.ErrorCode: ContainerAlreadyExists<?xml version="1.0" encoding="utf-8"?><Error><Code>ContainerAlreadyExists</Code><Message>The specified container already exists.RequestId:5e932bd6-f01e-00ce-0719-fe327e000000Time:2018-06-07T04:39:19.9888289Z</Message></Error>.
Client-Request-ID=bf57fd6c-6a0c-11e8-9288-000d3a71b7c3 Retry policy did not allow for a retry: Server-Timestamp=Thu, 07 Jun 2018 04:39:21 GMT, Server-Request-ID=52414cb3-d01e-0078-2f19-fe3c86000000, HTTP status code=409, Exception=The specified container already exists.ErrorCode: ContainerAlreadyExists<?xml version="1.0" encoding="utf-8"?><Error><Code>ContainerAlreadyExists</Code><Message>The specified container already exists.RequestId:52414cb3-d01e-0078-2f19-fe3c86000000Time:2018-06-07T04:39:21.8237544Z</Message></Error>.
Client-Request-ID=bf57fd6e-6a0c-11e8-9288-000d3a71b7c3 Retry policy did not allow for a retry: Server-Timestamp=Thu, 07 Jun 2018 04:39:21 GMT, Server-Request-ID=b63a5783-301e-00d3-7619-feeb94000000, HTTP status code=409, Exception=The specified container already exists.ErrorCode: ContainerAlreadyExists<?xml version="1.0" encoding="utf-8"?><Error><Code>ContainerAlreadyExists</Code><Message>The specified container already exists.RequestId:b63a5783-301e-00d3-7619-feeb94000000Time:2018-06-07T04:39:22.0003587Z</Message></Error>.
Client-Request-ID=bf57fd70-6a0c-11e8-9288-000d3a71b7c3 Retry policy did not allow for a retry: Server-Timestamp=Thu, 07 Jun 2018 04:39:21 GMT, Server-Request-ID=e34064ea-301e-011b-1a19-fe3cf6000000, HTTP status code=409, Exception=The specified container already exists.ErrorCode: ContainerAlreadyExists<?xml version="1.0" encoding="utf-8"?><Error><Code>ContainerAlreadyExists</Code><Message>The specified container already exists.RequestId:e34064ea-301e-011b-1a19-fe3cf6000000Time:2018-06-07T04:39:22.1952284Z</Message></Error>.
Client-Request-ID=bf57fd72-6a0c-11e8-9288-000d3a71b7c3 Retry policy did not allow for a retry: Server-Timestamp=Thu, 07 Jun 2018 04:39:21 GMT, Server-Request-ID=480e450a-201e-00ee-4819-fe5eb2000000, HTTP status code=409, Exception=The specified container already exists.ErrorCode: ContainerAlreadyExists<?xml version="1.0" encoding="utf-8"?><Error><Code>ContainerAlreadyExists</Code><Message>The specified container already exists.RequestId:480e450a-201e-00ee-4819-fe5eb2000000Time:2018-06-07T04:39:22.3780756Z</Message></Error>.
Traceback (most recent call last):
  File "./10.o16n.py", line 89, in <module>
    model.delete()
  File "/home/ninghai/miniconda3/envs/preview/lib/python3.6/site-packages/azureml/core/model.py", line 300, in delete
    'Content: {}'.format(resp.status_code, resp.headers, resp.content))
azureml.exceptions.azureml_exception.WebserviceException: Received bad response from Model Management Service:
Response Code: 412
Headers: {'Date': 'Thu, 07 Jun 2018 04:45:47 GMT', 'Content-Type': 'application/json', 'Transfer-Encoding': 'chunked', 'Connection': 'keep-alive', 'api-supported-versions': '2018-03-01-preview', 'x-ms-client-request-id': '5b35919f740b4d73aab3b45c245efb02', 'x-ms-client-session-id': '', 'Strict-Transport-Security': 'max-age=15724800; includeSubDomains; preload'}
Content: b'{"code":"PreconditionFailed","statusCode":412,"message":"PreconditionFailed","details":[{"code":"DeletionRequired","message":"The model with id mymodel:26 can not be deleted because it is currently being used in one or more images"}]}'
Already on 'master'
