Switched to branch 'candidate'
Client-Request-ID=1e063f6b-6a10-11e8-9288-000d3a71b7c3 Retry policy did not allow for a retry: Server-Timestamp=Thu, 07 Jun 2018 05:03:29 GMT, Server-Request-ID=13edb7f6-501e-004b-081c-fe65ab000000, HTTP status code=409, Exception=The specified container already exists.ErrorCode: ContainerAlreadyExists<?xml version="1.0" encoding="utf-8"?><Error><Code>ContainerAlreadyExists</Code><Message>The specified container already exists.RequestId:13edb7f6-501e-004b-081c-fe65ab000000Time:2018-06-07T05:03:29.8342807Z</Message></Error>.
Client-Request-ID=1e063f6d-6a10-11e8-9288-000d3a71b7c3 Retry policy did not allow for a retry: Server-Timestamp=Thu, 07 Jun 2018 05:03:29 GMT, Server-Request-ID=1dac8913-e01e-0034-721c-fefb99000000, HTTP status code=409, Exception=The specified container already exists.ErrorCode: ContainerAlreadyExists<?xml version="1.0" encoding="utf-8"?><Error><Code>ContainerAlreadyExists</Code><Message>The specified container already exists.RequestId:1dac8913-e01e-0034-721c-fefb99000000Time:2018-06-07T05:03:29.9934942Z</Message></Error>.
Client-Request-ID=1e063f6f-6a10-11e8-9288-000d3a71b7c3 Retry policy did not allow for a retry: Server-Timestamp=Thu, 07 Jun 2018 05:03:29 GMT, Server-Request-ID=e54f1b9a-001e-0094-521c-fe34ff000000, HTTP status code=409, Exception=The specified container already exists.ErrorCode: ContainerAlreadyExists<?xml version="1.0" encoding="utf-8"?><Error><Code>ContainerAlreadyExists</Code><Message>The specified container already exists.RequestId:e54f1b9a-001e-0094-521c-fe34ff000000Time:2018-06-07T05:03:30.1684780Z</Message></Error>.
Client-Request-ID=1e063f71-6a10-11e8-9288-000d3a71b7c3 Retry policy did not allow for a retry: Server-Timestamp=Thu, 07 Jun 2018 05:03:30 GMT, Server-Request-ID=b75a6d07-901e-00b3-351c-feaeb6000000, HTTP status code=409, Exception=The specified container already exists.ErrorCode: ContainerAlreadyExists<?xml version="1.0" encoding="utf-8"?><Error><Code>ContainerAlreadyExists</Code><Message>The specified container already exists.RequestId:b75a6d07-901e-00b3-351c-feaeb6000000Time:2018-06-07T05:03:30.3344080Z</Message></Error>.
Traceback (most recent call last):
  File "/home/ninghai/miniconda3/envs/candidate/lib/python3.6/site-packages/azureml/core/webservice/webservice.py", line 291, in _deploy_webservice
    resp.raise_for_status()
  File "/home/ninghai/miniconda3/envs/candidate/lib/python3.6/site-packages/requests/models.py", line 935, in raise_for_status
    raise HTTPError(http_error_msg, response=self)
requests.exceptions.HTTPError: 409 Client Error: Conflict for url: https://eastus2.modelmanagement.azureml.net/api/subscriptions/fac34303-435d-4486-8c3f-7094d82a0b60/resourceGroups/aml-notebooks/providers/Microsoft.MachineLearningServices/workspaces/haieastus2ws3/services?api-version=2018-03-01-preview

During handling of the above exception, another exception occurred:

Traceback (most recent call last):
  File "./01.interactive.e2e.py", line 139, in <module>
    driver = 'score.py')
  File "/home/ninghai/miniconda3/envs/candidate/lib/python3.6/site-packages/azureml/core/workspace.py", line 787, in deploy_webservice
    return Webservice.deploy_from_image(self, name, image, deploy_config, target)
  File "/home/ninghai/miniconda3/envs/candidate/lib/python3.6/site-packages/azureml/core/webservice/webservice.py", line 253, in deploy_from_image
    return child._deploy(workspace, name, image, deployment_config)
  File "/home/ninghai/miniconda3/envs/candidate/lib/python3.6/site-packages/azureml/core/webservice/aci.py", line 108, in _deploy
    return Webservice._deploy_webservice(workspace, name, create_payload, AciWebservice)
  File "/home/ninghai/miniconda3/envs/candidate/lib/python3.6/site-packages/azureml/core/webservice/webservice.py", line 296, in _deploy_webservice
    'Content: {}'.format(resp.status_code, resp.headers, resp.content))
azureml.exceptions.azureml_exception.WebserviceException: Received bad response from Model Management Service:
Response Code: 409
Headers: {'Date': 'Thu, 07 Jun 2018 05:05:11 GMT', 'Content-Type': 'application/json', 'Transfer-Encoding': 'chunked', 'Connection': 'keep-alive', 'api-supported-versions': '2018-03-01-preview', 'x-ms-client-request-id': '914878fab3aa45f79cedf21f2d40a8d5', 'x-ms-client-session-id': '', 'Strict-Transport-Security': 'max-age=15724800; includeSubDomains; preload'}
Content: b'{"code":"Conflict","statusCode":409,"message":"Conflict","details":[{"code":"ServiceWithNameExists","message":"Workspace haieastus2ws3 already contains a Service with name: rrs01a"}]}'
Client-Request-ID=85f3b414-6a14-11e8-9288-000d3a71b7c3 Retry policy did not allow for a retry: Server-Timestamp=Thu, 07 Jun 2018 05:35:00 GMT, Server-Request-ID=eecec748-d01e-0037-3b21-fef89e000000, HTTP status code=409, Exception=The specified container already exists.ErrorCode: ContainerAlreadyExists<?xml version="1.0" encoding="utf-8"?><Error><Code>ContainerAlreadyExists</Code><Message>The specified container already exists.RequestId:eecec748-d01e-0037-3b21-fef89e000000Time:2018-06-07T05:35:01.5100895Z</Message></Error>.
Client-Request-ID=85f3b416-6a14-11e8-9288-000d3a71b7c3 Retry policy did not allow for a retry: Server-Timestamp=Thu, 07 Jun 2018 05:35:01 GMT, Server-Request-ID=d114cef6-601e-0048-3321-fe66ac000000, HTTP status code=409, Exception=The specified container already exists.ErrorCode: ContainerAlreadyExists<?xml version="1.0" encoding="utf-8"?><Error><Code>ContainerAlreadyExists</Code><Message>The specified container already exists.RequestId:d114cef6-601e-0048-3321-fe66ac000000Time:2018-06-07T05:35:01.7361157Z</Message></Error>.
Client-Request-ID=85f3b418-6a14-11e8-9288-000d3a71b7c3 Retry policy did not allow for a retry: Server-Timestamp=Thu, 07 Jun 2018 05:35:01 GMT, Server-Request-ID=f1f892d2-201e-010f-0121-feff92000000, HTTP status code=409, Exception=The specified container already exists.ErrorCode: ContainerAlreadyExists<?xml version="1.0" encoding="utf-8"?><Error><Code>ContainerAlreadyExists</Code><Message>The specified container already exists.RequestId:f1f892d2-201e-010f-0121-feff92000000Time:2018-06-07T05:35:02.0343813Z</Message></Error>.
Client-Request-ID=85f3b41a-6a14-11e8-9288-000d3a71b7c3 Retry policy did not allow for a retry: Server-Timestamp=Thu, 07 Jun 2018 05:35:01 GMT, Server-Request-ID=2b980844-e01e-00f3-7c21-fe8758000000, HTTP status code=409, Exception=The specified container already exists.ErrorCode: ContainerAlreadyExists<?xml version="1.0" encoding="utf-8"?><Error><Code>ContainerAlreadyExists</Code><Message>The specified container already exists.RequestId:2b980844-e01e-00f3-7c21-fe8758000000Time:2018-06-07T05:35:02.2392808Z</Message></Error>.
Traceback (most recent call last):
  File "./10.o16n.py", line 88, in <module>
    model.delete()
  File "/home/ninghai/miniconda3/envs/candidate/lib/python3.6/site-packages/azureml/core/model.py", line 313, in delete
    'Content: {}'.format(resp.status_code, resp.headers, resp.content))
azureml.exceptions.azureml_exception.WebserviceException: Received bad response from Model Management Service:
Response Code: 412
Headers: {'Date': 'Thu, 07 Jun 2018 05:43:02 GMT', 'Content-Type': 'application/json', 'Transfer-Encoding': 'chunked', 'Connection': 'keep-alive', 'api-supported-versions': '2018-03-01-preview', 'x-ms-client-request-id': 'bc19ce950ddc46d6a906441450111d1d', 'x-ms-client-session-id': '', 'Strict-Transport-Security': 'max-age=15724800; includeSubDomains; preload'}
Content: b'{"code":"PreconditionFailed","statusCode":412,"message":"PreconditionFailed","details":[{"code":"DeletionRequired","message":"The model with id mymodel:26 can not be deleted because it is currently being used in one or more images"}]}'
error: Your local changes to the following files would be overwritten by checkout:
	e2e_test/best_model.pkl
	e2e_test/mse_over_alpha.png
Please, commit your changes or stash them before you can switch branches.
Aborting
