
Remove all packages in environment /home/ninghai/miniconda3/envs/preview:



==> WARNING: A newer version of conda exists. <==
  current version: 4.5.4
  latest version: 4.5.10

Please update conda by running

    $ conda update -n base conda


twisted 18.7.0 requires PyHamcrest>=1.9.0, which is not installed.
azure-mgmt-datalake-analytics 0.2.0 has requirement msrestazure~=0.4.7, but you'll have msrestazure 0.5.0 which is incompatible.
azure-mgmt-datalake-store 0.2.0 has requirement msrestazure~=0.4.7, but you'll have msrestazure 0.5.0 which is incompatible.
azure-mgmt-trafficmanager 0.40.0 has requirement msrestazure~=0.4.8, but you'll have msrestazure 0.5.0 which is incompatible.
azure-mgmt-batch 4.1.0 has requirement msrestazure~=0.4.7, but you'll have msrestazure 0.5.0 which is incompatible.
azure-mgmt-recoveryservicesbackup 0.1.1 has requirement msrestazure~=0.4.11, but you'll have msrestazure 0.5.0 which is incompatible.
azure-mgmt-recoveryservices 0.1.0 has requirement msrestazure~=0.4.11, but you'll have msrestazure 0.5.0 which is incompatible.
azure-mgmt-devtestlabs 2.0.0 has requirement msrestazure~=0.4.7, but you'll have msrestazure 0.5.0 which is incompatible.
azure-mgmt-redis 4.1.0 has requirement msrestazure~=0.4.7, but you'll have msrestazure 0.5.0 which is incompatible.
azure-mgmt-cdn 1.0.0 has requirement msrestazure~=0.4.7, but you'll have msrestazure 0.5.0 which is incompatible.
azure-mgmt-cognitiveservices 1.0.0 has requirement msrestazure~=0.4.7, but you'll have msrestazure 0.5.0 which is incompatible.
azure-mgmt-servicefabric 0.1.0 has requirement msrestazure~=0.4.11, but you'll have msrestazure 0.5.0 which is incompatible.
azure-mgmt-iothubprovisioningservices 0.1.0 has requirement msrestazure~=0.4.11, but you'll have msrestazure 0.5.0 which is incompatible.
You are using pip version 10.0.1, however version 18.0 is available.
You should consider upgrading via the 'pip install --upgrade pip' command.
