Switched to branch 'daily'
Traceback (most recent call last):
  File "/home/ninghai/miniconda3/envs/daily/lib/python3.6/site-packages/azureml/project/_commands.py", line 512, in get_workspace
    workspace_name)
  File "/home/ninghai/miniconda3/envs/daily/lib/python3.6/site-packages/azureml/base_sdk_common/workspace/operations/workspaces_operations.py", line 78, in get
    raise models.ErrorResponseWrapperException(self._deserialize, response)
azureml.base_sdk_common.workspace.models.error_response_wrapper.ErrorResponseWrapperException: Operation returned an invalid status code 'Not Found'

During handling of the above exception, another exception occurred:

Traceback (most recent call last):
  File "/home/ninghai/miniconda3/envs/daily/lib/python3.6/site-packages/azureml/core/workspace.py", line 254, in get_or_create
    resource_group=resource_group)
  File "/home/ninghai/miniconda3/envs/daily/lib/python3.6/site-packages/azureml/core/workspace.py", line 202, in get
    auto_rest_workspace = _commands.get_workspace(auth, subscription_id, resource_group, name)
  File "/home/ninghai/miniconda3/envs/daily/lib/python3.6/site-packages/azureml/project/_commands.py", line 514, in get_workspace
    resource_error_handling(response_exception, WORKSPACE)
  File "/home/ninghai/miniconda3/envs/daily/lib/python3.6/site-packages/azureml/base_sdk_common/common.py", line 260, in resource_error_handling
    raise ProjectSystemException("{resource_type} not found.".format(resource_type=resource_type))
azureml.exceptions.azureml_exception.ProjectSystemException: Workspace not found.

During handling of the above exception, another exception occurred:

Traceback (most recent call last):
  File "/home/ninghai/miniconda3/envs/daily/lib/python3.6/site-packages/azure/cli/core/commands/__init__.py", line 527, in __call__
    result = poller.result()
  File "/home/ninghai/miniconda3/envs/daily/lib/python3.6/site-packages/msrestazure/azure_operation.py", line 496, in result
    self.wait(timeout)
  File "/home/ninghai/miniconda3/envs/daily/lib/python3.6/site-packages/msrestazure/azure_operation.py", line 511, in wait
    raise self._exception
msrestazure.azure_exceptions.CloudError: Azure Error: DeploymentFailed
Message: At least one resource deployment operation failed. Please list deployment operations for details. Please see https://aka.ms/arm-debug for usage details.
Exception Details:
	Error Code: NotFound
	Message: {
  "error": {
    "code": "UserError",
    "message": "Unable to find workspace: /subscriptions/fac34303-435d-4486-8c3f-7094d82a0b60/resourcegroups/aml-notebooks/providers/Microsoft.MachineLearningServices/workspaces/haieastus2euapws",
    "target": null,
    "details": [],
    "innerError": null,
    "debugInfo": null
  },
  "correlation": {
    "operation": "5dc1ce3a-482ec04c06630a70",
    "request": "eCqUBQO0kbg="
  }
}

During handling of the above exception, another exception occurred:

Traceback (most recent call last):
  File "./01.interactive.e2e.py", line 30, in <module>
    ws = Workspace.from_config()
  File "/home/ninghai/miniconda3/envs/daily/lib/python3.6/site-packages/azureml/core/workspace.py", line 130, in from_config
    resource_group=resource_group_from_config, auth=auth)
  File "/home/ninghai/miniconda3/envs/daily/lib/python3.6/site-packages/azureml/core/workspace.py", line 266, in get_or_create
    _friendly_name=_friendly_name)
  File "/home/ninghai/miniconda3/envs/daily/lib/python3.6/site-packages/azureml/core/workspace.py", line 178, in create
    app_insights=_app_insights, container_registry=_container_registry)
  File "/home/ninghai/miniconda3/envs/daily/lib/python3.6/site-packages/azureml/core/workspace.py", line 594, in _create_legacy
    containerRegistry=container_registry)
  File "/home/ninghai/miniconda3/envs/daily/lib/python3.6/site-packages/azureml/project/_commands.py", line 491, in create_workspace
    friendly_name=friendly_name)
  File "/home/ninghai/miniconda3/envs/daily/lib/python3.6/site-packages/azureml/workspace/custom.py", line 78, in ml_workspace_create_resources
    containerRegistry=containerRegistry)
  File "/home/ninghai/miniconda3/envs/daily/lib/python3.6/site-packages/azureml/workspace/_utils.py", line 145, in arm_deploy_template_new_resources
    LongRunningOperation(get_default_cli())(poller)
  File "/home/ninghai/miniconda3/envs/daily/lib/python3.6/site-packages/azure/cli/core/commands/__init__.py", line 531, in __call__
    handle_long_running_operation_exception(client_exception)
  File "/home/ninghai/miniconda3/envs/daily/lib/python3.6/site-packages/azure/cli/core/commands/arm.py", line 127, in handle_long_running_operation_exception
    raise cli_error
knack.util.CLIError: Deployment failed. Correlation ID: a82f9ed8-7568-4f90-a3c8-fbf21b15e35a. {
  "error": {
    "code": "UserError",
    "message": "Unable to find workspace: /subscriptions/fac34303-435d-4486-8c3f-7094d82a0b60/resourcegroups/aml-notebooks/providers/Microsoft.MachineLearningServices/workspaces/haieastus2euapws",
    "target": null,
    "details": [],
    "innerError": null,
    "debugInfo": null
  },
  "correlation": {
    "operation": "5dc1ce3a-482ec04c06630a70",
    "request": "eCqUBQO0kbg="
  }
}
Traceback (most recent call last):
  File "/home/ninghai/miniconda3/envs/daily/lib/python3.6/site-packages/azureml/project/_commands.py", line 512, in get_workspace
    workspace_name)
  File "/home/ninghai/miniconda3/envs/daily/lib/python3.6/site-packages/azureml/base_sdk_common/workspace/operations/workspaces_operations.py", line 78, in get
    raise models.ErrorResponseWrapperException(self._deserialize, response)
azureml.base_sdk_common.workspace.models.error_response_wrapper.ErrorResponseWrapperException: Operation returned an invalid status code 'Not Found'

During handling of the above exception, another exception occurred:

Traceback (most recent call last):
  File "/home/ninghai/miniconda3/envs/daily/lib/python3.6/site-packages/azureml/core/workspace.py", line 254, in get_or_create
    resource_group=resource_group)
  File "/home/ninghai/miniconda3/envs/daily/lib/python3.6/site-packages/azureml/core/workspace.py", line 202, in get
    auto_rest_workspace = _commands.get_workspace(auth, subscription_id, resource_group, name)
  File "/home/ninghai/miniconda3/envs/daily/lib/python3.6/site-packages/azureml/project/_commands.py", line 514, in get_workspace
    resource_error_handling(response_exception, WORKSPACE)
  File "/home/ninghai/miniconda3/envs/daily/lib/python3.6/site-packages/azureml/base_sdk_common/common.py", line 260, in resource_error_handling
    raise ProjectSystemException("{resource_type} not found.".format(resource_type=resource_type))
azureml.exceptions.azureml_exception.ProjectSystemException: Workspace not found.

During handling of the above exception, another exception occurred:

Traceback (most recent call last):
  File "/home/ninghai/miniconda3/envs/daily/lib/python3.6/site-packages/azure/cli/core/commands/__init__.py", line 527, in __call__
    result = poller.result()
  File "/home/ninghai/miniconda3/envs/daily/lib/python3.6/site-packages/msrestazure/azure_operation.py", line 496, in result
    self.wait(timeout)
  File "/home/ninghai/miniconda3/envs/daily/lib/python3.6/site-packages/msrestazure/azure_operation.py", line 511, in wait
    raise self._exception
msrestazure.azure_exceptions.CloudError: Azure Error: DeploymentFailed
Message: At least one resource deployment operation failed. Please list deployment operations for details. Please see https://aka.ms/arm-debug for usage details.
Exception Details:
	Error Code: NotFound
	Message: {
  "error": {
    "code": "UserError",
    "message": "Unable to find workspace: /subscriptions/fac34303-435d-4486-8c3f-7094d82a0b60/resourcegroups/aml-notebooks/providers/Microsoft.MachineLearningServices/workspaces/haieastus2euapws",
    "target": null,
    "details": [],
    "innerError": null,
    "debugInfo": null
  },
  "correlation": {
    "operation": "61e976dc-490b7928e11cce8a",
    "request": "2IWcHv3rwGg="
  }
}

During handling of the above exception, another exception occurred:

Traceback (most recent call last):
  File "./02.local.py", line 19, in <module>
    ws = Workspace.from_config()
  File "/home/ninghai/miniconda3/envs/daily/lib/python3.6/site-packages/azureml/core/workspace.py", line 130, in from_config
    resource_group=resource_group_from_config, auth=auth)
  File "/home/ninghai/miniconda3/envs/daily/lib/python3.6/site-packages/azureml/core/workspace.py", line 266, in get_or_create
    _friendly_name=_friendly_name)
  File "/home/ninghai/miniconda3/envs/daily/lib/python3.6/site-packages/azureml/core/workspace.py", line 178, in create
    app_insights=_app_insights, container_registry=_container_registry)
  File "/home/ninghai/miniconda3/envs/daily/lib/python3.6/site-packages/azureml/core/workspace.py", line 594, in _create_legacy
    containerRegistry=container_registry)
  File "/home/ninghai/miniconda3/envs/daily/lib/python3.6/site-packages/azureml/project/_commands.py", line 491, in create_workspace
    friendly_name=friendly_name)
  File "/home/ninghai/miniconda3/envs/daily/lib/python3.6/site-packages/azureml/workspace/custom.py", line 78, in ml_workspace_create_resources
    containerRegistry=containerRegistry)
  File "/home/ninghai/miniconda3/envs/daily/lib/python3.6/site-packages/azureml/workspace/_utils.py", line 145, in arm_deploy_template_new_resources
    LongRunningOperation(get_default_cli())(poller)
  File "/home/ninghai/miniconda3/envs/daily/lib/python3.6/site-packages/azure/cli/core/commands/__init__.py", line 531, in __call__
    handle_long_running_operation_exception(client_exception)
  File "/home/ninghai/miniconda3/envs/daily/lib/python3.6/site-packages/azure/cli/core/commands/arm.py", line 127, in handle_long_running_operation_exception
    raise cli_error
knack.util.CLIError: Deployment failed. Correlation ID: d18444d6-3267-4ca7-9407-646dd046e416. {
  "error": {
    "code": "UserError",
    "message": "Unable to find workspace: /subscriptions/fac34303-435d-4486-8c3f-7094d82a0b60/resourcegroups/aml-notebooks/providers/Microsoft.MachineLearningServices/workspaces/haieastus2euapws",
    "target": null,
    "details": [],
    "innerError": null,
    "debugInfo": null
  },
  "correlation": {
    "operation": "61e976dc-490b7928e11cce8a",
    "request": "2IWcHv3rwGg="
  }
}
Traceback (most recent call last):
  File "/home/ninghai/miniconda3/envs/daily/lib/python3.6/site-packages/azureml/project/_commands.py", line 512, in get_workspace
    workspace_name)
  File "/home/ninghai/miniconda3/envs/daily/lib/python3.6/site-packages/azureml/base_sdk_common/workspace/operations/workspaces_operations.py", line 78, in get
    raise models.ErrorResponseWrapperException(self._deserialize, response)
azureml.base_sdk_common.workspace.models.error_response_wrapper.ErrorResponseWrapperException: Operation returned an invalid status code 'Not Found'

During handling of the above exception, another exception occurred:

Traceback (most recent call last):
  File "/home/ninghai/miniconda3/envs/daily/lib/python3.6/site-packages/azureml/core/workspace.py", line 254, in get_or_create
    resource_group=resource_group)
  File "/home/ninghai/miniconda3/envs/daily/lib/python3.6/site-packages/azureml/core/workspace.py", line 202, in get
    auto_rest_workspace = _commands.get_workspace(auth, subscription_id, resource_group, name)
  File "/home/ninghai/miniconda3/envs/daily/lib/python3.6/site-packages/azureml/project/_commands.py", line 514, in get_workspace
    resource_error_handling(response_exception, WORKSPACE)
  File "/home/ninghai/miniconda3/envs/daily/lib/python3.6/site-packages/azureml/base_sdk_common/common.py", line 260, in resource_error_handling
    raise ProjectSystemException("{resource_type} not found.".format(resource_type=resource_type))
azureml.exceptions.azureml_exception.ProjectSystemException: Workspace not found.

During handling of the above exception, another exception occurred:

Traceback (most recent call last):
  File "/home/ninghai/miniconda3/envs/daily/lib/python3.6/site-packages/azure/cli/core/commands/__init__.py", line 527, in __call__
    result = poller.result()
  File "/home/ninghai/miniconda3/envs/daily/lib/python3.6/site-packages/msrestazure/azure_operation.py", line 496, in result
    self.wait(timeout)
  File "/home/ninghai/miniconda3/envs/daily/lib/python3.6/site-packages/msrestazure/azure_operation.py", line 511, in wait
    raise self._exception
msrestazure.azure_exceptions.CloudError: Azure Error: DeploymentFailed
Message: At least one resource deployment operation failed. Please list deployment operations for details. Please see https://aka.ms/arm-debug for usage details.
Exception Details:
	Error Code: NotFound
	Message: {
  "error": {
    "code": "UserError",
    "message": "Unable to find workspace: /subscriptions/fac34303-435d-4486-8c3f-7094d82a0b60/resourcegroups/aml-notebooks/providers/Microsoft.MachineLearningServices/workspaces/haieastus2euapws",
    "target": null,
    "details": [],
    "innerError": null,
    "debugInfo": null
  },
  "correlation": {
    "operation": "61e97810-490b7928e11cce8a",
    "request": "tBV5vTYEPkg="
  }
}

During handling of the above exception, another exception occurred:

Traceback (most recent call last):
  File "./03.aci.py", line 20, in <module>
    ws = Workspace.from_config()
  File "/home/ninghai/miniconda3/envs/daily/lib/python3.6/site-packages/azureml/core/workspace.py", line 130, in from_config
    resource_group=resource_group_from_config, auth=auth)
  File "/home/ninghai/miniconda3/envs/daily/lib/python3.6/site-packages/azureml/core/workspace.py", line 266, in get_or_create
    _friendly_name=_friendly_name)
  File "/home/ninghai/miniconda3/envs/daily/lib/python3.6/site-packages/azureml/core/workspace.py", line 178, in create
    app_insights=_app_insights, container_registry=_container_registry)
  File "/home/ninghai/miniconda3/envs/daily/lib/python3.6/site-packages/azureml/core/workspace.py", line 594, in _create_legacy
    containerRegistry=container_registry)
  File "/home/ninghai/miniconda3/envs/daily/lib/python3.6/site-packages/azureml/project/_commands.py", line 491, in create_workspace
    friendly_name=friendly_name)
  File "/home/ninghai/miniconda3/envs/daily/lib/python3.6/site-packages/azureml/workspace/custom.py", line 78, in ml_workspace_create_resources
    containerRegistry=containerRegistry)
  File "/home/ninghai/miniconda3/envs/daily/lib/python3.6/site-packages/azureml/workspace/_utils.py", line 145, in arm_deploy_template_new_resources
    LongRunningOperation(get_default_cli())(poller)
  File "/home/ninghai/miniconda3/envs/daily/lib/python3.6/site-packages/azure/cli/core/commands/__init__.py", line 531, in __call__
    handle_long_running_operation_exception(client_exception)
  File "/home/ninghai/miniconda3/envs/daily/lib/python3.6/site-packages/azure/cli/core/commands/arm.py", line 127, in handle_long_running_operation_exception
    raise cli_error
knack.util.CLIError: Deployment failed. Correlation ID: 22fca32c-00d4-40af-9753-6ea586d977a9. {
  "error": {
    "code": "UserError",
    "message": "Unable to find workspace: /subscriptions/fac34303-435d-4486-8c3f-7094d82a0b60/resourcegroups/aml-notebooks/providers/Microsoft.MachineLearningServices/workspaces/haieastus2euapws",
    "target": null,
    "details": [],
    "innerError": null,
    "debugInfo": null
  },
  "correlation": {
    "operation": "61e97810-490b7928e11cce8a",
    "request": "tBV5vTYEPkg="
  }
}
Traceback (most recent call last):
  File "/home/ninghai/miniconda3/envs/daily/lib/python3.6/site-packages/azureml/project/_commands.py", line 512, in get_workspace
    workspace_name)
  File "/home/ninghai/miniconda3/envs/daily/lib/python3.6/site-packages/azureml/base_sdk_common/workspace/operations/workspaces_operations.py", line 78, in get
    raise models.ErrorResponseWrapperException(self._deserialize, response)
azureml.base_sdk_common.workspace.models.error_response_wrapper.ErrorResponseWrapperException: Operation returned an invalid status code 'Not Found'

During handling of the above exception, another exception occurred:

Traceback (most recent call last):
  File "/home/ninghai/miniconda3/envs/daily/lib/python3.6/site-packages/azureml/core/workspace.py", line 254, in get_or_create
    resource_group=resource_group)
  File "/home/ninghai/miniconda3/envs/daily/lib/python3.6/site-packages/azureml/core/workspace.py", line 202, in get
    auto_rest_workspace = _commands.get_workspace(auth, subscription_id, resource_group, name)
  File "/home/ninghai/miniconda3/envs/daily/lib/python3.6/site-packages/azureml/project/_commands.py", line 514, in get_workspace
    resource_error_handling(response_exception, WORKSPACE)
  File "/home/ninghai/miniconda3/envs/daily/lib/python3.6/site-packages/azureml/base_sdk_common/common.py", line 260, in resource_error_handling
    raise ProjectSystemException("{resource_type} not found.".format(resource_type=resource_type))
azureml.exceptions.azureml_exception.ProjectSystemException: Workspace not found.

During handling of the above exception, another exception occurred:

Traceback (most recent call last):
  File "/home/ninghai/miniconda3/envs/daily/lib/python3.6/site-packages/azure/cli/core/commands/__init__.py", line 527, in __call__
    result = poller.result()
  File "/home/ninghai/miniconda3/envs/daily/lib/python3.6/site-packages/msrestazure/azure_operation.py", line 496, in result
    self.wait(timeout)
  File "/home/ninghai/miniconda3/envs/daily/lib/python3.6/site-packages/msrestazure/azure_operation.py", line 511, in wait
    raise self._exception
msrestazure.azure_exceptions.CloudError: Azure Error: DeploymentFailed
Message: At least one resource deployment operation failed. Please list deployment operations for details. Please see https://aka.ms/arm-debug for usage details.
Exception Details:
	Error Code: NotFound
	Message: {
  "error": {
    "code": "UserError",
    "message": "Unable to find workspace: /subscriptions/fac34303-435d-4486-8c3f-7094d82a0b60/resourcegroups/aml-notebooks/providers/Microsoft.MachineLearningServices/workspaces/haieastus2euapws",
    "target": null,
    "details": [],
    "innerError": null,
    "debugInfo": null
  },
  "correlation": {
    "operation": "61e9793b-490b7928e11cce8a",
    "request": "9lICBeJTsk8="
  }
}

During handling of the above exception, another exception occurred:

Traceback (most recent call last):
  File "./04.dsvm.py", line 19, in <module>
    ws = Workspace.from_config()
  File "/home/ninghai/miniconda3/envs/daily/lib/python3.6/site-packages/azureml/core/workspace.py", line 130, in from_config
    resource_group=resource_group_from_config, auth=auth)
  File "/home/ninghai/miniconda3/envs/daily/lib/python3.6/site-packages/azureml/core/workspace.py", line 266, in get_or_create
    _friendly_name=_friendly_name)
  File "/home/ninghai/miniconda3/envs/daily/lib/python3.6/site-packages/azureml/core/workspace.py", line 178, in create
    app_insights=_app_insights, container_registry=_container_registry)
  File "/home/ninghai/miniconda3/envs/daily/lib/python3.6/site-packages/azureml/core/workspace.py", line 594, in _create_legacy
    containerRegistry=container_registry)
  File "/home/ninghai/miniconda3/envs/daily/lib/python3.6/site-packages/azureml/project/_commands.py", line 491, in create_workspace
    friendly_name=friendly_name)
  File "/home/ninghai/miniconda3/envs/daily/lib/python3.6/site-packages/azureml/workspace/custom.py", line 78, in ml_workspace_create_resources
    containerRegistry=containerRegistry)
  File "/home/ninghai/miniconda3/envs/daily/lib/python3.6/site-packages/azureml/workspace/_utils.py", line 145, in arm_deploy_template_new_resources
    LongRunningOperation(get_default_cli())(poller)
  File "/home/ninghai/miniconda3/envs/daily/lib/python3.6/site-packages/azure/cli/core/commands/__init__.py", line 531, in __call__
    handle_long_running_operation_exception(client_exception)
  File "/home/ninghai/miniconda3/envs/daily/lib/python3.6/site-packages/azure/cli/core/commands/arm.py", line 127, in handle_long_running_operation_exception
    raise cli_error
knack.util.CLIError: Deployment failed. Correlation ID: b26bf38e-a37e-46c6-bc28-4d5993bcb1a6. {
  "error": {
    "code": "UserError",
    "message": "Unable to find workspace: /subscriptions/fac34303-435d-4486-8c3f-7094d82a0b60/resourcegroups/aml-notebooks/providers/Microsoft.MachineLearningServices/workspaces/haieastus2euapws",
    "target": null,
    "details": [],
    "innerError": null,
    "debugInfo": null
  },
  "correlation": {
    "operation": "61e9793b-490b7928e11cce8a",
    "request": "9lICBeJTsk8="
  }
}
Traceback (most recent call last):
  File "/home/ninghai/miniconda3/envs/daily/lib/python3.6/site-packages/azureml/project/_commands.py", line 512, in get_workspace
    workspace_name)
  File "/home/ninghai/miniconda3/envs/daily/lib/python3.6/site-packages/azureml/base_sdk_common/workspace/operations/workspaces_operations.py", line 78, in get
    raise models.ErrorResponseWrapperException(self._deserialize, response)
azureml.base_sdk_common.workspace.models.error_response_wrapper.ErrorResponseWrapperException: Operation returned an invalid status code 'Not Found'

During handling of the above exception, another exception occurred:

Traceback (most recent call last):
  File "/home/ninghai/miniconda3/envs/daily/lib/python3.6/site-packages/azureml/core/workspace.py", line 254, in get_or_create
    resource_group=resource_group)
  File "/home/ninghai/miniconda3/envs/daily/lib/python3.6/site-packages/azureml/core/workspace.py", line 202, in get
    auto_rest_workspace = _commands.get_workspace(auth, subscription_id, resource_group, name)
  File "/home/ninghai/miniconda3/envs/daily/lib/python3.6/site-packages/azureml/project/_commands.py", line 514, in get_workspace
    resource_error_handling(response_exception, WORKSPACE)
  File "/home/ninghai/miniconda3/envs/daily/lib/python3.6/site-packages/azureml/base_sdk_common/common.py", line 260, in resource_error_handling
    raise ProjectSystemException("{resource_type} not found.".format(resource_type=resource_type))
azureml.exceptions.azureml_exception.ProjectSystemException: Workspace not found.

During handling of the above exception, another exception occurred:

Traceback (most recent call last):
  File "/home/ninghai/miniconda3/envs/daily/lib/python3.6/site-packages/azure/cli/core/commands/__init__.py", line 527, in __call__
    result = poller.result()
  File "/home/ninghai/miniconda3/envs/daily/lib/python3.6/site-packages/msrestazure/azure_operation.py", line 496, in result
    self.wait(timeout)
  File "/home/ninghai/miniconda3/envs/daily/lib/python3.6/site-packages/msrestazure/azure_operation.py", line 511, in wait
    raise self._exception
msrestazure.azure_exceptions.CloudError: Azure Error: DeploymentFailed
Message: At least one resource deployment operation failed. Please list deployment operations for details. Please see https://aka.ms/arm-debug for usage details.
Exception Details:
	Error Code: NotFound
	Message: {
  "error": {
    "code": "UserError",
    "message": "Unable to find workspace: /subscriptions/fac34303-435d-4486-8c3f-7094d82a0b60/resourcegroups/aml-notebooks/providers/Microsoft.MachineLearningServices/workspaces/haieastus2euapws",
    "target": null,
    "details": [],
    "innerError": null,
    "debugInfo": null
  },
  "correlation": {
    "operation": "c3b01e4-46a914d937f886b0",
    "request": "uScOWa7p20Y="
  }
}

During handling of the above exception, another exception occurred:

Traceback (most recent call last):
  File "./05.spark.py", line 19, in <module>
    ws = Workspace.from_config()
  File "/home/ninghai/miniconda3/envs/daily/lib/python3.6/site-packages/azureml/core/workspace.py", line 130, in from_config
    resource_group=resource_group_from_config, auth=auth)
  File "/home/ninghai/miniconda3/envs/daily/lib/python3.6/site-packages/azureml/core/workspace.py", line 266, in get_or_create
    _friendly_name=_friendly_name)
  File "/home/ninghai/miniconda3/envs/daily/lib/python3.6/site-packages/azureml/core/workspace.py", line 178, in create
    app_insights=_app_insights, container_registry=_container_registry)
  File "/home/ninghai/miniconda3/envs/daily/lib/python3.6/site-packages/azureml/core/workspace.py", line 594, in _create_legacy
    containerRegistry=container_registry)
  File "/home/ninghai/miniconda3/envs/daily/lib/python3.6/site-packages/azureml/project/_commands.py", line 491, in create_workspace
    friendly_name=friendly_name)
  File "/home/ninghai/miniconda3/envs/daily/lib/python3.6/site-packages/azureml/workspace/custom.py", line 78, in ml_workspace_create_resources
    containerRegistry=containerRegistry)
  File "/home/ninghai/miniconda3/envs/daily/lib/python3.6/site-packages/azureml/workspace/_utils.py", line 145, in arm_deploy_template_new_resources
    LongRunningOperation(get_default_cli())(poller)
  File "/home/ninghai/miniconda3/envs/daily/lib/python3.6/site-packages/azure/cli/core/commands/__init__.py", line 531, in __call__
    handle_long_running_operation_exception(client_exception)
  File "/home/ninghai/miniconda3/envs/daily/lib/python3.6/site-packages/azure/cli/core/commands/arm.py", line 127, in handle_long_running_operation_exception
    raise cli_error
knack.util.CLIError: Deployment failed. Correlation ID: 3d817d61-c8d5-4b78-9956-b3a446b65a47. {
  "error": {
    "code": "UserError",
    "message": "Unable to find workspace: /subscriptions/fac34303-435d-4486-8c3f-7094d82a0b60/resourcegroups/aml-notebooks/providers/Microsoft.MachineLearningServices/workspaces/haieastus2euapws",
    "target": null,
    "details": [],
    "innerError": null,
    "debugInfo": null
  },
  "correlation": {
    "operation": "c3b01e4-46a914d937f886b0",
    "request": "uScOWa7p20Y="
  }
}
Traceback (most recent call last):
  File "/home/ninghai/miniconda3/envs/daily/lib/python3.6/site-packages/azureml/project/_commands.py", line 512, in get_workspace
    workspace_name)
  File "/home/ninghai/miniconda3/envs/daily/lib/python3.6/site-packages/azureml/base_sdk_common/workspace/operations/workspaces_operations.py", line 78, in get
    raise models.ErrorResponseWrapperException(self._deserialize, response)
azureml.base_sdk_common.workspace.models.error_response_wrapper.ErrorResponseWrapperException: Operation returned an invalid status code 'Not Found'

During handling of the above exception, another exception occurred:

Traceback (most recent call last):
  File "/home/ninghai/miniconda3/envs/daily/lib/python3.6/site-packages/azureml/core/workspace.py", line 254, in get_or_create
    resource_group=resource_group)
  File "/home/ninghai/miniconda3/envs/daily/lib/python3.6/site-packages/azureml/core/workspace.py", line 202, in get
    auto_rest_workspace = _commands.get_workspace(auth, subscription_id, resource_group, name)
  File "/home/ninghai/miniconda3/envs/daily/lib/python3.6/site-packages/azureml/project/_commands.py", line 514, in get_workspace
    resource_error_handling(response_exception, WORKSPACE)
  File "/home/ninghai/miniconda3/envs/daily/lib/python3.6/site-packages/azureml/base_sdk_common/common.py", line 260, in resource_error_handling
    raise ProjectSystemException("{resource_type} not found.".format(resource_type=resource_type))
azureml.exceptions.azureml_exception.ProjectSystemException: Workspace not found.

During handling of the above exception, another exception occurred:

Traceback (most recent call last):
  File "/home/ninghai/miniconda3/envs/daily/lib/python3.6/site-packages/azure/cli/core/commands/__init__.py", line 527, in __call__
    result = poller.result()
  File "/home/ninghai/miniconda3/envs/daily/lib/python3.6/site-packages/msrestazure/azure_operation.py", line 496, in result
    self.wait(timeout)
  File "/home/ninghai/miniconda3/envs/daily/lib/python3.6/site-packages/msrestazure/azure_operation.py", line 511, in wait
    raise self._exception
msrestazure.azure_exceptions.CloudError: Azure Error: DeploymentFailed
Message: At least one resource deployment operation failed. Please list deployment operations for details. Please see https://aka.ms/arm-debug for usage details.
Exception Details:
	Error Code: NotFound
	Message: {
  "error": {
    "code": "UserError",
    "message": "Unable to find workspace: /subscriptions/fac34303-435d-4486-8c3f-7094d82a0b60/resourcegroups/aml-notebooks/providers/Microsoft.MachineLearningServices/workspaces/haieastus2euapws",
    "target": null,
    "details": [],
    "innerError": null,
    "debugInfo": null
  },
  "correlation": {
    "operation": "61e97bc2-490b7928e11cce8a",
    "request": "08sbu6sxz+E="
  }
}

During handling of the above exception, another exception occurred:

Traceback (most recent call last):
  File "./07.sklearn.hd.py", line 21, in <module>
    ws = Workspace.from_config()
  File "/home/ninghai/miniconda3/envs/daily/lib/python3.6/site-packages/azureml/core/workspace.py", line 130, in from_config
    resource_group=resource_group_from_config, auth=auth)
  File "/home/ninghai/miniconda3/envs/daily/lib/python3.6/site-packages/azureml/core/workspace.py", line 266, in get_or_create
    _friendly_name=_friendly_name)
  File "/home/ninghai/miniconda3/envs/daily/lib/python3.6/site-packages/azureml/core/workspace.py", line 178, in create
    app_insights=_app_insights, container_registry=_container_registry)
  File "/home/ninghai/miniconda3/envs/daily/lib/python3.6/site-packages/azureml/core/workspace.py", line 594, in _create_legacy
    containerRegistry=container_registry)
  File "/home/ninghai/miniconda3/envs/daily/lib/python3.6/site-packages/azureml/project/_commands.py", line 491, in create_workspace
    friendly_name=friendly_name)
  File "/home/ninghai/miniconda3/envs/daily/lib/python3.6/site-packages/azureml/workspace/custom.py", line 78, in ml_workspace_create_resources
    containerRegistry=containerRegistry)
  File "/home/ninghai/miniconda3/envs/daily/lib/python3.6/site-packages/azureml/workspace/_utils.py", line 145, in arm_deploy_template_new_resources
    LongRunningOperation(get_default_cli())(poller)
  File "/home/ninghai/miniconda3/envs/daily/lib/python3.6/site-packages/azure/cli/core/commands/__init__.py", line 531, in __call__
    handle_long_running_operation_exception(client_exception)
  File "/home/ninghai/miniconda3/envs/daily/lib/python3.6/site-packages/azure/cli/core/commands/arm.py", line 127, in handle_long_running_operation_exception
    raise cli_error
knack.util.CLIError: Deployment failed. Correlation ID: f36488e7-7be6-4b2c-a24c-080b1194a3e2. {
  "error": {
    "code": "UserError",
    "message": "Unable to find workspace: /subscriptions/fac34303-435d-4486-8c3f-7094d82a0b60/resourcegroups/aml-notebooks/providers/Microsoft.MachineLearningServices/workspaces/haieastus2euapws",
    "target": null,
    "details": [],
    "innerError": null,
    "debugInfo": null
  },
  "correlation": {
    "operation": "61e97bc2-490b7928e11cce8a",
    "request": "08sbu6sxz+E="
  }
}
Traceback (most recent call last):
  File "/home/ninghai/miniconda3/envs/daily/lib/python3.6/site-packages/azureml/project/_commands.py", line 512, in get_workspace
    workspace_name)
  File "/home/ninghai/miniconda3/envs/daily/lib/python3.6/site-packages/azureml/base_sdk_common/workspace/operations/workspaces_operations.py", line 78, in get
    raise models.ErrorResponseWrapperException(self._deserialize, response)
azureml.base_sdk_common.workspace.models.error_response_wrapper.ErrorResponseWrapperException: Operation returned an invalid status code 'Not Found'

During handling of the above exception, another exception occurred:

Traceback (most recent call last):
  File "/home/ninghai/miniconda3/envs/daily/lib/python3.6/site-packages/azureml/core/workspace.py", line 254, in get_or_create
    resource_group=resource_group)
  File "/home/ninghai/miniconda3/envs/daily/lib/python3.6/site-packages/azureml/core/workspace.py", line 202, in get
    auto_rest_workspace = _commands.get_workspace(auth, subscription_id, resource_group, name)
  File "/home/ninghai/miniconda3/envs/daily/lib/python3.6/site-packages/azureml/project/_commands.py", line 514, in get_workspace
    resource_error_handling(response_exception, WORKSPACE)
  File "/home/ninghai/miniconda3/envs/daily/lib/python3.6/site-packages/azureml/base_sdk_common/common.py", line 260, in resource_error_handling
    raise ProjectSystemException("{resource_type} not found.".format(resource_type=resource_type))
azureml.exceptions.azureml_exception.ProjectSystemException: Workspace not found.

During handling of the above exception, another exception occurred:

Traceback (most recent call last):
  File "/home/ninghai/miniconda3/envs/daily/lib/python3.6/site-packages/azure/cli/core/commands/__init__.py", line 527, in __call__
    result = poller.result()
  File "/home/ninghai/miniconda3/envs/daily/lib/python3.6/site-packages/msrestazure/azure_operation.py", line 496, in result
    self.wait(timeout)
  File "/home/ninghai/miniconda3/envs/daily/lib/python3.6/site-packages/msrestazure/azure_operation.py", line 511, in wait
    raise self._exception
msrestazure.azure_exceptions.CloudError: Azure Error: DeploymentFailed
Message: At least one resource deployment operation failed. Please list deployment operations for details. Please see https://aka.ms/arm-debug for usage details.
Exception Details:
	Error Code: NotFound
	Message: {
  "error": {
    "code": "UserError",
    "message": "Unable to find workspace: /subscriptions/fac34303-435d-4486-8c3f-7094d82a0b60/resourcegroups/aml-notebooks/providers/Microsoft.MachineLearningServices/workspaces/haieastus2euapws",
    "target": null,
    "details": [],
    "innerError": null,
    "debugInfo": null
  },
  "correlation": {
    "operation": "c3b043c-46a914d937f886b0",
    "request": "R6vtnZAMK9A="
  }
}

During handling of the above exception, another exception occurred:

Traceback (most recent call last):
  File "./08.tf.hd.py", line 22, in <module>
    ws = Workspace.from_config()
  File "/home/ninghai/miniconda3/envs/daily/lib/python3.6/site-packages/azureml/core/workspace.py", line 130, in from_config
    resource_group=resource_group_from_config, auth=auth)
  File "/home/ninghai/miniconda3/envs/daily/lib/python3.6/site-packages/azureml/core/workspace.py", line 266, in get_or_create
    _friendly_name=_friendly_name)
  File "/home/ninghai/miniconda3/envs/daily/lib/python3.6/site-packages/azureml/core/workspace.py", line 178, in create
    app_insights=_app_insights, container_registry=_container_registry)
  File "/home/ninghai/miniconda3/envs/daily/lib/python3.6/site-packages/azureml/core/workspace.py", line 594, in _create_legacy
    containerRegistry=container_registry)
  File "/home/ninghai/miniconda3/envs/daily/lib/python3.6/site-packages/azureml/project/_commands.py", line 491, in create_workspace
    friendly_name=friendly_name)
  File "/home/ninghai/miniconda3/envs/daily/lib/python3.6/site-packages/azureml/workspace/custom.py", line 78, in ml_workspace_create_resources
    containerRegistry=containerRegistry)
  File "/home/ninghai/miniconda3/envs/daily/lib/python3.6/site-packages/azureml/workspace/_utils.py", line 145, in arm_deploy_template_new_resources
    LongRunningOperation(get_default_cli())(poller)
  File "/home/ninghai/miniconda3/envs/daily/lib/python3.6/site-packages/azure/cli/core/commands/__init__.py", line 531, in __call__
    handle_long_running_operation_exception(client_exception)
  File "/home/ninghai/miniconda3/envs/daily/lib/python3.6/site-packages/azure/cli/core/commands/arm.py", line 127, in handle_long_running_operation_exception
    raise cli_error
knack.util.CLIError: Deployment failed. Correlation ID: 4634e8a8-3baa-49bb-ad75-f3ceb5ff6ebe. {
  "error": {
    "code": "UserError",
    "message": "Unable to find workspace: /subscriptions/fac34303-435d-4486-8c3f-7094d82a0b60/resourcegroups/aml-notebooks/providers/Microsoft.MachineLearningServices/workspaces/haieastus2euapws",
    "target": null,
    "details": [],
    "innerError": null,
    "debugInfo": null
  },
  "correlation": {
    "operation": "c3b043c-46a914d937f886b0",
    "request": "R6vtnZAMK9A="
  }
}
Traceback (most recent call last):
  File "/home/ninghai/miniconda3/envs/daily/lib/python3.6/site-packages/azureml/project/_commands.py", line 512, in get_workspace
    workspace_name)
  File "/home/ninghai/miniconda3/envs/daily/lib/python3.6/site-packages/azureml/base_sdk_common/workspace/operations/workspaces_operations.py", line 78, in get
    raise models.ErrorResponseWrapperException(self._deserialize, response)
azureml.base_sdk_common.workspace.models.error_response_wrapper.ErrorResponseWrapperException: Operation returned an invalid status code 'Not Found'

During handling of the above exception, another exception occurred:

Traceback (most recent call last):
  File "/home/ninghai/miniconda3/envs/daily/lib/python3.6/site-packages/azureml/core/workspace.py", line 254, in get_or_create
    resource_group=resource_group)
  File "/home/ninghai/miniconda3/envs/daily/lib/python3.6/site-packages/azureml/core/workspace.py", line 202, in get
    auto_rest_workspace = _commands.get_workspace(auth, subscription_id, resource_group, name)
  File "/home/ninghai/miniconda3/envs/daily/lib/python3.6/site-packages/azureml/project/_commands.py", line 514, in get_workspace
    resource_error_handling(response_exception, WORKSPACE)
  File "/home/ninghai/miniconda3/envs/daily/lib/python3.6/site-packages/azureml/base_sdk_common/common.py", line 260, in resource_error_handling
    raise ProjectSystemException("{resource_type} not found.".format(resource_type=resource_type))
azureml.exceptions.azureml_exception.ProjectSystemException: Workspace not found.

During handling of the above exception, another exception occurred:

Traceback (most recent call last):
  File "/home/ninghai/miniconda3/envs/daily/lib/python3.6/site-packages/azure/cli/core/commands/__init__.py", line 527, in __call__
    result = poller.result()
  File "/home/ninghai/miniconda3/envs/daily/lib/python3.6/site-packages/msrestazure/azure_operation.py", line 496, in result
    self.wait(timeout)
  File "/home/ninghai/miniconda3/envs/daily/lib/python3.6/site-packages/msrestazure/azure_operation.py", line 511, in wait
    raise self._exception
msrestazure.azure_exceptions.CloudError: Azure Error: DeploymentFailed
Message: At least one resource deployment operation failed. Please list deployment operations for details. Please see https://aka.ms/arm-debug for usage details.
Exception Details:
	Error Code: NotFound
	Message: {
  "error": {
    "code": "UserError",
    "message": "Unable to find workspace: /subscriptions/fac34303-435d-4486-8c3f-7094d82a0b60/resourcegroups/aml-notebooks/providers/Microsoft.MachineLearningServices/workspaces/haieastus2euapws",
    "target": null,
    "details": [],
    "innerError": null,
    "debugInfo": null
  },
  "correlation": {
    "operation": "85d3107a-41e75c65bfe1c530",
    "request": "gltj+DShvRw="
  }
}

During handling of the above exception, another exception occurred:

Traceback (most recent call last):
  File "./10.o16n.py", line 25, in <module>
    ws = Workspace.from_config('./aml_config/config.json')
  File "/home/ninghai/miniconda3/envs/daily/lib/python3.6/site-packages/azureml/core/workspace.py", line 130, in from_config
    resource_group=resource_group_from_config, auth=auth)
  File "/home/ninghai/miniconda3/envs/daily/lib/python3.6/site-packages/azureml/core/workspace.py", line 266, in get_or_create
    _friendly_name=_friendly_name)
  File "/home/ninghai/miniconda3/envs/daily/lib/python3.6/site-packages/azureml/core/workspace.py", line 178, in create
    app_insights=_app_insights, container_registry=_container_registry)
  File "/home/ninghai/miniconda3/envs/daily/lib/python3.6/site-packages/azureml/core/workspace.py", line 594, in _create_legacy
    containerRegistry=container_registry)
  File "/home/ninghai/miniconda3/envs/daily/lib/python3.6/site-packages/azureml/project/_commands.py", line 491, in create_workspace
    friendly_name=friendly_name)
  File "/home/ninghai/miniconda3/envs/daily/lib/python3.6/site-packages/azureml/workspace/custom.py", line 78, in ml_workspace_create_resources
    containerRegistry=containerRegistry)
  File "/home/ninghai/miniconda3/envs/daily/lib/python3.6/site-packages/azureml/workspace/_utils.py", line 145, in arm_deploy_template_new_resources
    LongRunningOperation(get_default_cli())(poller)
  File "/home/ninghai/miniconda3/envs/daily/lib/python3.6/site-packages/azure/cli/core/commands/__init__.py", line 531, in __call__
    handle_long_running_operation_exception(client_exception)
  File "/home/ninghai/miniconda3/envs/daily/lib/python3.6/site-packages/azure/cli/core/commands/arm.py", line 127, in handle_long_running_operation_exception
    raise cli_error
knack.util.CLIError: Deployment failed. Correlation ID: b97cb6b4-2dc9-4624-b9aa-48025c7d4469. {
  "error": {
    "code": "UserError",
    "message": "Unable to find workspace: /subscriptions/fac34303-435d-4486-8c3f-7094d82a0b60/resourcegroups/aml-notebooks/providers/Microsoft.MachineLearningServices/workspaces/haieastus2euapws",
    "target": null,
    "details": [],
    "innerError": null,
    "debugInfo": null
  },
  "correlation": {
    "operation": "85d3107a-41e75c65bfe1c530",
    "request": "gltj+DShvRw="
  }
}
Switched to branch 'master'
