Switched to branch 'daily'
<class 'azureml.exceptions.azureml_exception.AzureMLException'>: Value of type <class 'numpy.float64'> is not supported, supported types include [<class 'int'>, <class 'float'>, <class 'str'>, <class 'NoneType'>]
<traceback object at 0x7f04d419ac88>
<class 'azureml.exceptions.azureml_exception.AzureMLException'>: Value of type <class 'numpy.float64'> is not supported, supported types include [<class 'int'>, <class 'float'>, <class 'str'>, <class 'NoneType'>]
<traceback object at 0x7f04d419ac88>
<class 'azureml.exceptions.azureml_exception.AzureMLException'>: Value of type <class 'numpy.float64'> is not supported, supported types include [<class 'int'>, <class 'float'>, <class 'str'>, <class 'NoneType'>]
<traceback object at 0x7f04d419ac88>
<class 'azureml.exceptions.azureml_exception.AzureMLException'>: Value of type <class 'numpy.float64'> is not supported, supported types include [<class 'int'>, <class 'float'>, <class 'str'>, <class 'NoneType'>]
<traceback object at 0x7f04d419ac88>
Traceback (most recent call last):
  File "./01.interactive.e2e.py", line 67, in <module>
    run.log("alpha", alpha)
  File "/home/ninghai/miniconda3/envs/daily/lib/python3.6/site-packages/azureml/core/run.py", line 448, in log
    self._client.log(name, value, description)
  File "/home/ninghai/miniconda3/envs/daily/lib/python3.6/site-packages/azureml/_run_impl/metrics_client.py", line 45, in log
    self.log_scalar(name, value, description)
  File "/home/ninghai/miniconda3/envs/daily/lib/python3.6/site-packages/azureml/_run_impl/metrics_client.py", line 155, in log_scalar
    self._check_is_valid_scalar(value)
  File "/home/ninghai/miniconda3/envs/daily/lib/python3.6/site-packages/azureml/_run_impl/metrics_client.py", line 185, in _check_is_valid_scalar
    valid_types))
azureml.exceptions.azureml_exception.AzureMLException: Value of type <class 'numpy.float64'> is not supported, supported types include [<class 'int'>, <class 'float'>, <class 'str'>, <class 'NoneType'>]
Traceback (most recent call last):
  File "./02.local.py", line 92, in <module>
    min(metrics['mse']), 
KeyError: 'mse'
Client-Request-ID=debf3250-6c56-11e8-9288-000d3a71b7c3 Retry policy did not allow for a retry: Server-Timestamp=Sun, 10 Jun 2018 02:34:58 GMT, Server-Request-ID=c42f9c7e-501e-002c-5263-00c906000000, HTTP status code=409, Exception=The specified container already exists.ErrorCode: ContainerAlreadyExists<?xml version="1.0" encoding="utf-8"?><Error><Code>ContainerAlreadyExists</Code><Message>The specified container already exists.RequestId:c42f9c7e-501e-002c-5263-00c906000000Time:2018-06-10T02:34:59.5945662Z</Message></Error>.
Client-Request-ID=debf3252-6c56-11e8-9288-000d3a71b7c3 Retry policy did not allow for a retry: Server-Timestamp=Sun, 10 Jun 2018 02:34:59 GMT, Server-Request-ID=28f8eafd-301e-0083-2e63-003bcb000000, HTTP status code=409, Exception=The specified container already exists.ErrorCode: ContainerAlreadyExists<?xml version="1.0" encoding="utf-8"?><Error><Code>ContainerAlreadyExists</Code><Message>The specified container already exists.RequestId:28f8eafd-301e-0083-2e63-003bcb000000Time:2018-06-10T02:34:59.7469337Z</Message></Error>.
Client-Request-ID=debf3254-6c56-11e8-9288-000d3a71b7c3 Retry policy did not allow for a retry: Server-Timestamp=Sun, 10 Jun 2018 02:34:59 GMT, Server-Request-ID=a81d8f0e-301e-002a-6163-00fab9000000, HTTP status code=409, Exception=The specified container already exists.ErrorCode: ContainerAlreadyExists<?xml version="1.0" encoding="utf-8"?><Error><Code>ContainerAlreadyExists</Code><Message>The specified container already exists.RequestId:a81d8f0e-301e-002a-6163-00fab9000000Time:2018-06-10T02:34:59.9028619Z</Message></Error>.
Client-Request-ID=debf3256-6c56-11e8-9288-000d3a71b7c3 Retry policy did not allow for a retry: Server-Timestamp=Sun, 10 Jun 2018 02:34:59 GMT, Server-Request-ID=f637341b-801e-002f-0563-002862000000, HTTP status code=409, Exception=The specified container already exists.ErrorCode: ContainerAlreadyExists<?xml version="1.0" encoding="utf-8"?><Error><Code>ContainerAlreadyExists</Code><Message>The specified container already exists.RequestId:f637341b-801e-002f-0563-002862000000Time:2018-06-10T02:35:00.0614272Z</Message></Error>.
Traceback (most recent call last):
  File "/home/ninghai/miniconda3/envs/daily/lib/python3.6/site-packages/azureml/core/webservice/webservice.py", line 268, in _deploy_webservice
    resp.raise_for_status()
  File "/home/ninghai/miniconda3/envs/daily/lib/python3.6/site-packages/requests/models.py", line 935, in raise_for_status
    raise HTTPError(http_error_msg, response=self)
requests.exceptions.HTTPError: 409 Client Error: Conflict for url: https://eastus2euap.modelmanagement.azureml.net/api/subscriptions/fac34303-435d-4486-8c3f-7094d82a0b60/resourceGroups/aml-notebooks/providers/Microsoft.MachineLearningServices/workspaces/haieastus2euapws/services?api-version=2018-03-01-preview

During handling of the above exception, another exception occurred:

Traceback (most recent call last):
  File "./10.o16n.py", line 64, in <module>
    image = image)
  File "/home/ninghai/miniconda3/envs/daily/lib/python3.6/site-packages/azureml/core/workspace.py", line 792, in deploy_webservice
    return Webservice.deploy_from_image(self, name, image, deploy_config, target)
  File "/home/ninghai/miniconda3/envs/daily/lib/python3.6/site-packages/azureml/core/webservice/webservice.py", line 230, in deploy_from_image
    return child._deploy(workspace, name, image, deployment_config)
  File "/home/ninghai/miniconda3/envs/daily/lib/python3.6/site-packages/azureml/core/webservice/aci.py", line 88, in _deploy
    return Webservice._deploy_webservice(workspace, name, create_payload, AciWebservice)
  File "/home/ninghai/miniconda3/envs/daily/lib/python3.6/site-packages/azureml/core/webservice/webservice.py", line 273, in _deploy_webservice
    'Content: {}'.format(resp.status_code, resp.headers, resp.content))
azureml.exceptions.azureml_exception.WebserviceException: Received bad response from Model Management Service:
Response Code: 409
Headers: {'Date': 'Sun, 10 Jun 2018 02:36:10 GMT', 'Content-Type': 'application/json', 'Transfer-Encoding': 'chunked', 'Connection': 'keep-alive', 'api-supported-versions': '2018-03-01-preview', 'x-ms-client-request-id': 'efeb346f8004408c935c0d4800977f9a', 'x-ms-client-session-id': '', 'Strict-Transport-Security': 'max-age=15724800; includeSubDomains; preload'}
Content: b'{"code":"Conflict","statusCode":409,"message":"Conflict","details":[{"code":"ServiceWithNameExists","message":"Workspace haieastus2euapws already contains a Service with name: rrs02"}]}'
Switched to branch 'master'
From github.com:Azure/hai
   2d68bde..5a9620c  master     -> origin/master
   4aca3e2..ded13b8  candidate  -> origin/candidate
   b54e8fa..2602ec5  daily      -> origin/daily
