Already on 'master'
Accept header absent and forced to application/json
Accept header absent and forced to application/json
Accept header absent and forced to application/json
Accept header absent and forced to application/json
Accept header absent and forced to application/json
Accept header absent and forced to application/json
Accept header absent and forced to application/json
Accept header absent and forced to application/json
Accept header absent and forced to application/json
Accept header absent and forced to application/json
Accept header absent and forced to application/json
Accept header absent and forced to application/json
Accept header absent and forced to application/json
Accept header absent and forced to application/json
Accept header absent and forced to application/json
Accept header absent and forced to application/json
Accept header absent and forced to application/json
Accept header absent and forced to application/json
Accept header absent and forced to application/json
Accept header absent and forced to application/json
Accept header absent and forced to application/json
Accept header absent and forced to application/json
Accept header absent and forced to application/json
Accept header absent and forced to application/json
Accept header absent and forced to application/json
Accept header absent and forced to application/json
Accept header absent and forced to application/json
Accept header absent and forced to application/json
Accept header absent and forced to application/json
Accept header absent and forced to application/json
Accept header absent and forced to application/json
Accept header absent and forced to application/json
Accept header absent and forced to application/json
Accept header absent and forced to application/json
Accept header absent and forced to application/json
Accept header absent and forced to application/json
Accept header absent and forced to application/json
Accept header absent and forced to application/json
Accept header absent and forced to application/json
Accept header absent and forced to application/json
Accept header absent and forced to application/json
Accept header absent and forced to application/json
Accept header absent and forced to application/json
Accept header absent and forced to application/json
Accept header absent and forced to application/json
Accept header absent and forced to application/json
Accept header absent and forced to application/json
Accept header absent and forced to application/json
Accept header absent and forced to application/json
Accept header absent and forced to application/json
Accept header absent and forced to application/json
Accept header absent and forced to application/json
Accept header absent and forced to application/json
Accept header absent and forced to application/json
Accept header absent and forced to application/json
Accept header absent and forced to application/json
Accept header absent and forced to application/json
Accept header absent and forced to application/json
Accept header absent and forced to application/json
Accept header absent and forced to application/json
Accept header absent and forced to application/json
Accept header absent and forced to application/json
Accept header absent and forced to application/json
Accept header absent and forced to application/json
Accept header absent and forced to application/json
Accept header absent and forced to application/json
Accept header absent and forced to application/json
Accept header absent and forced to application/json
Accept header absent and forced to application/json
Accept header absent and forced to application/json
Accept header absent and forced to application/json
Accept header absent and forced to application/json
Accept header absent and forced to application/json
Accept header absent and forced to application/json
Accept header absent and forced to application/json
Accept header absent and forced to application/json
Accept header absent and forced to application/json
Accept header absent and forced to application/json
Accept header absent and forced to application/json
Accept header absent and forced to application/json
Accept header absent and forced to application/json
Accept header absent and forced to application/json
Accept header absent and forced to application/json
Accept header absent and forced to application/json
Accept header absent and forced to application/json
Accept header absent and forced to application/json
Accept header absent and forced to application/json
Accept header absent and forced to application/json
Accept header absent and forced to application/json
Accept header absent and forced to application/json
Accept header absent and forced to application/json
Accept header absent and forced to application/json
Accept header absent and forced to application/json
Accept header absent and forced to application/json
Accept header absent and forced to application/json
Accept header absent and forced to application/json
Accept header absent and forced to application/json
Accept header absent and forced to application/json
Accept header absent and forced to application/json
Accept header absent and forced to application/json
Accept header absent and forced to application/json
Accept header absent and forced to application/json
Accept header absent and forced to application/json
Accept header absent and forced to application/json
Accept header absent and forced to application/json
Accept header absent and forced to application/json
Accept header absent and forced to application/json
Accept header absent and forced to application/json
Accept header absent and forced to application/json
Accept header absent and forced to application/json
Accept header absent and forced to application/json
Accept header absent and forced to application/json
Accept header absent and forced to application/json
Accept header absent and forced to application/json
Accept header absent and forced to application/json
Accept header absent and forced to application/json
Accept header absent and forced to application/json
Accept header absent and forced to application/json
Accept header absent and forced to application/json
Accept header absent and forced to application/json
Accept header absent and forced to application/json
Accept header absent and forced to application/json
Accept header absent and forced to application/json
Accept header absent and forced to application/json
Accept header absent and forced to application/json
Accept header absent and forced to application/json
Accept header absent and forced to application/json
Accept header absent and forced to application/json
Accept header absent and forced to application/json
Accept header absent and forced to application/json
Accept header absent and forced to application/json
Accept header absent and forced to application/json
Accept header absent and forced to application/json
Accept header absent and forced to application/json
Accept header absent and forced to application/json
Accept header absent and forced to application/json
Accept header absent and forced to application/json
Accept header absent and forced to application/json
Accept header absent and forced to application/json
Accept header absent and forced to application/json
Accept header absent and forced to application/json
Accept header absent and forced to application/json
Accept header absent and forced to application/json
Accept header absent and forced to application/json
Accept header absent and forced to application/json
Accept header absent and forced to application/json
Accept header absent and forced to application/json
Accept header absent and forced to application/json
Accept header absent and forced to application/json
Accept header absent and forced to application/json
Accept header absent and forced to application/json
Accept header absent and forced to application/json
Accept header absent and forced to application/json
Accept header absent and forced to application/json
Accept header absent and forced to application/json
Accept header absent and forced to application/json
Accept header absent and forced to application/json
Accept header absent and forced to application/json
Accept header absent and forced to application/json
Accept header absent and forced to application/json
Accept header absent and forced to application/json
Accept header absent and forced to application/json
Accept header absent and forced to application/json
Accept header absent and forced to application/json
Accept header absent and forced to application/json
Accept header absent and forced to application/json
Accept header absent and forced to application/json
Accept header absent and forced to application/json
Accept header absent and forced to application/json
Accept header absent and forced to application/json
Accept header absent and forced to application/json
Accept header absent and forced to application/json
Accept header absent and forced to application/json
Accept header absent and forced to application/json
Accept header absent and forced to application/json
Accept header absent and forced to application/json
Accept header absent and forced to application/json
Accept header absent and forced to application/json
Accept header absent and forced to application/json
Accept header absent and forced to application/json
Accept header absent and forced to application/json
Accept header absent and forced to application/json
Accept header absent and forced to application/json
Accept header absent and forced to application/json
Accept header absent and forced to application/json
Accept header absent and forced to application/json
Accept header absent and forced to application/json
Accept header absent and forced to application/json
Accept header absent and forced to application/json
Accept header absent and forced to application/json
Accept header absent and forced to application/json
Accept header absent and forced to application/json
Accept header absent and forced to application/json
Accept header absent and forced to application/json
Accept header absent and forced to application/json
Accept header absent and forced to application/json
Accept header absent and forced to application/json
Accept header absent and forced to application/json
Accept header absent and forced to application/json
Accept header absent and forced to application/json
Accept header absent and forced to application/json
Accept header absent and forced to application/json
Accept header absent and forced to application/json
Accept header absent and forced to application/json
Accept header absent and forced to application/json
Accept header absent and forced to application/json
Accept header absent and forced to application/json
Accept header absent and forced to application/json
Accept header absent and forced to application/json
Accept header absent and forced to application/json
Client-Request-ID=e6f8ca9f-6f44-11e8-9288-000d3a71b7c3 Retry policy did not allow for a retry: Server-Timestamp=Wed, 13 Jun 2018 20:03:55 GMT, Server-Request-ID=b1bc19b0-101e-0021-2d51-033900000000, HTTP status code=409, Exception=The specified container already exists.ErrorCode: ContainerAlreadyExists<?xml version="1.0" encoding="utf-8"?><Error><Code>ContainerAlreadyExists</Code><Message>The specified container already exists.RequestId:b1bc19b0-101e-0021-2d51-033900000000Time:2018-06-13T20:03:56.6428216Z</Message></Error>.
Client-Request-ID=e6f8caa1-6f44-11e8-9288-000d3a71b7c3 Retry policy did not allow for a retry: Server-Timestamp=Wed, 13 Jun 2018 20:03:56 GMT, Server-Request-ID=3ea35d9f-c01e-000a-6b51-034db8000000, HTTP status code=409, Exception=The specified container already exists.ErrorCode: ContainerAlreadyExists<?xml version="1.0" encoding="utf-8"?><Error><Code>ContainerAlreadyExists</Code><Message>The specified container already exists.RequestId:3ea35d9f-c01e-000a-6b51-034db8000000Time:2018-06-13T20:03:56.8064896Z</Message></Error>.
Client-Request-ID=e7b26e9a-6f44-11e8-9288-000d3a71b7c3 Retry policy did not allow for a retry: Server-Timestamp=Wed, 13 Jun 2018 20:03:56 GMT, Server-Request-ID=3ac087f3-101e-00a9-7851-0381d9000000, HTTP status code=409, Exception=The specified container already exists.ErrorCode: ContainerAlreadyExists<?xml version="1.0" encoding="utf-8"?><Error><Code>ContainerAlreadyExists</Code><Message>The specified container already exists.RequestId:3ac087f3-101e-00a9-7851-0381d9000000Time:2018-06-13T20:03:57.1630563Z</Message></Error>.
Client-Request-ID=e7b26e9c-6f44-11e8-9288-000d3a71b7c3 Retry policy did not allow for a retry: Server-Timestamp=Wed, 13 Jun 2018 20:03:56 GMT, Server-Request-ID=19a23307-601e-00a6-6851-036c2f000000, HTTP status code=409, Exception=The specified container already exists.ErrorCode: ContainerAlreadyExists<?xml version="1.0" encoding="utf-8"?><Error><Code>ContainerAlreadyExists</Code><Message>The specified container already exists.RequestId:19a23307-601e-00a6-6851-036c2f000000Time:2018-06-13T20:03:57.5347901Z</Message></Error>.
Traceback (most recent call last):
  File "/home/ninghai/miniconda3/envs/preview/lib/python3.6/site-packages/azureml/core/webservice/webservice.py", line 291, in _deploy_webservice
    resp.raise_for_status()
  File "/home/ninghai/miniconda3/envs/preview/lib/python3.6/site-packages/requests/models.py", line 935, in raise_for_status
    raise HTTPError(http_error_msg, response=self)
requests.exceptions.HTTPError: 409 Client Error: Conflict for url: https://eastus2.modelmanagement.azureml.net/api/subscriptions/fac34303-435d-4486-8c3f-7094d82a0b60/resourceGroups/aml-notebooks/providers/Microsoft.MachineLearningServices/workspaces/haieastus2ws3/services?api-version=2018-03-01-preview

During handling of the above exception, another exception occurred:

Traceback (most recent call last):
  File "./01.interactive.e2e.py", line 139, in <module>
    driver = 'score.py')
  File "/home/ninghai/miniconda3/envs/preview/lib/python3.6/site-packages/azureml/core/workspace.py", line 787, in deploy_webservice
    return Webservice.deploy_from_image(self, name, image, deploy_config, target)
  File "/home/ninghai/miniconda3/envs/preview/lib/python3.6/site-packages/azureml/core/webservice/webservice.py", line 253, in deploy_from_image
    return child._deploy(workspace, name, image, deployment_config)
  File "/home/ninghai/miniconda3/envs/preview/lib/python3.6/site-packages/azureml/core/webservice/aci.py", line 108, in _deploy
    return Webservice._deploy_webservice(workspace, name, create_payload, AciWebservice)
  File "/home/ninghai/miniconda3/envs/preview/lib/python3.6/site-packages/azureml/core/webservice/webservice.py", line 296, in _deploy_webservice
    'Content: {}'.format(resp.status_code, resp.headers, resp.content))
azureml.exceptions.azureml_exception.WebserviceException: Received bad response from Model Management Service:
Response Code: 409
Headers: {'Date': 'Wed, 13 Jun 2018 20:06:19 GMT', 'Content-Type': 'application/json', 'Transfer-Encoding': 'chunked', 'Connection': 'keep-alive', 'api-supported-versions': '2018-03-01-preview', 'x-ms-client-request-id': 'be48fcd5e63d4222989674f61d5b788d', 'x-ms-client-session-id': '', 'Strict-Transport-Security': 'max-age=15724800; includeSubDomains; preload'}
Content: b'{"code":"Conflict","statusCode":409,"message":"Conflict","details":[{"code":"ServiceWithNameExists","message":"Workspace haieastus2ws3 already contains a Service with name: rrs01-preview"}]}'
Accept header absent and forced to application/json
Accept header absent and forced to application/json
Accept header absent and forced to application/json
Accept header absent and forced to application/json
Accept header absent and forced to application/json
Accept header absent and forced to application/json
Accept header absent and forced to application/json
Accept header absent and forced to application/json
Accept header absent and forced to application/json
Traceback (most recent call last):
  File "./02.local.py", line 92, in <module>
    min(metrics['mse']), 
KeyError: 'mse'
Accept header absent and forced to application/json
Accept header absent and forced to application/json
Accept header absent and forced to application/json
Accept header absent and forced to application/json
Accept header absent and forced to application/json
Accept header absent and forced to application/json
Accept header absent and forced to application/json
Accept header absent and forced to application/json
Accept header absent and forced to application/json
Accept header absent and forced to application/json
Accept header absent and forced to application/json
Accept header absent and forced to application/json
Accept header absent and forced to application/json
Accept header absent and forced to application/json
Accept header absent and forced to application/json
Accept header absent and forced to application/json
Accept header absent and forced to application/json
Accept header absent and forced to application/json
Accept header absent and forced to application/json
Accept header absent and forced to application/json
Accept header absent and forced to application/json
Accept header absent and forced to application/json
Accept header absent and forced to application/json
Accept header absent and forced to application/json
Accept header absent and forced to application/json
Accept header absent and forced to application/json
Accept header absent and forced to application/json
Accept header absent and forced to application/json
Accept header absent and forced to application/json
Accept header absent and forced to application/json
Accept header absent and forced to application/json
Accept header absent and forced to application/json
Accept header absent and forced to application/json
Accept header absent and forced to application/json
Accept header absent and forced to application/json
Accept header absent and forced to application/json
Accept header absent and forced to application/json
Accept header absent and forced to application/json
Accept header absent and forced to application/json
Accept header absent and forced to application/json
Accept header absent and forced to application/json
Accept header absent and forced to application/json
Accept header absent and forced to application/json
Client-Request-ID=fd5b3958-6f48-11e8-9288-000d3a71b7c3 Retry policy did not allow for a retry: Server-Timestamp=Wed, 13 Jun 2018 20:33:10 GMT, Server-Request-ID=5a3ad29d-601e-000c-0855-03bac0000000, HTTP status code=409, Exception=The specified container already exists.ErrorCode: ContainerAlreadyExists<?xml version="1.0" encoding="utf-8"?><Error><Code>ContainerAlreadyExists</Code><Message>The specified container already exists.RequestId:5a3ad29d-601e-000c-0855-03bac0000000Time:2018-06-13T20:33:11.4871235Z</Message></Error>.
Client-Request-ID=fd5b395a-6f48-11e8-9288-000d3a71b7c3 Retry policy did not allow for a retry: Server-Timestamp=Wed, 13 Jun 2018 20:33:11 GMT, Server-Request-ID=b23ae292-f01e-0009-3e55-034ebf000000, HTTP status code=409, Exception=The specified container already exists.ErrorCode: ContainerAlreadyExists<?xml version="1.0" encoding="utf-8"?><Error><Code>ContainerAlreadyExists</Code><Message>The specified container already exists.RequestId:b23ae292-f01e-0009-3e55-034ebf000000Time:2018-06-13T20:33:11.6914056Z</Message></Error>.
Client-Request-ID=fd5b395c-6f48-11e8-9288-000d3a71b7c3 Retry policy did not allow for a retry: Server-Timestamp=Wed, 13 Jun 2018 20:33:11 GMT, Server-Request-ID=542e7161-801e-0006-8055-03a349000000, HTTP status code=409, Exception=The specified container already exists.ErrorCode: ContainerAlreadyExists<?xml version="1.0" encoding="utf-8"?><Error><Code>ContainerAlreadyExists</Code><Message>The specified container already exists.RequestId:542e7161-801e-0006-8055-03a349000000Time:2018-06-13T20:33:11.8761285Z</Message></Error>.
Client-Request-ID=fd5b395e-6f48-11e8-9288-000d3a71b7c3 Retry policy did not allow for a retry: Server-Timestamp=Wed, 13 Jun 2018 20:33:11 GMT, Server-Request-ID=ee822c98-c01e-0067-7055-03e796000000, HTTP status code=409, Exception=The specified container already exists.ErrorCode: ContainerAlreadyExists<?xml version="1.0" encoding="utf-8"?><Error><Code>ContainerAlreadyExists</Code><Message>The specified container already exists.RequestId:ee822c98-c01e-0067-7055-03e796000000Time:2018-06-13T20:33:12.0358117Z</Message></Error>.
Traceback (most recent call last):
  File "/home/ninghai/miniconda3/envs/preview/lib/python3.6/site-packages/azureml/core/webservice/webservice.py", line 291, in _deploy_webservice
    resp.raise_for_status()
  File "/home/ninghai/miniconda3/envs/preview/lib/python3.6/site-packages/requests/models.py", line 935, in raise_for_status
    raise HTTPError(http_error_msg, response=self)
requests.exceptions.HTTPError: 409 Client Error: Conflict for url: https://eastus2.modelmanagement.azureml.net/api/subscriptions/fac34303-435d-4486-8c3f-7094d82a0b60/resourceGroups/aml-notebooks/providers/Microsoft.MachineLearningServices/workspaces/haieastus2ws3/services?api-version=2018-03-01-preview

During handling of the above exception, another exception occurred:

Traceback (most recent call last):
  File "./10.o16n.py", line 64, in <module>
    image = image)
  File "/home/ninghai/miniconda3/envs/preview/lib/python3.6/site-packages/azureml/core/workspace.py", line 787, in deploy_webservice
    return Webservice.deploy_from_image(self, name, image, deploy_config, target)
  File "/home/ninghai/miniconda3/envs/preview/lib/python3.6/site-packages/azureml/core/webservice/webservice.py", line 253, in deploy_from_image
    return child._deploy(workspace, name, image, deployment_config)
  File "/home/ninghai/miniconda3/envs/preview/lib/python3.6/site-packages/azureml/core/webservice/aci.py", line 108, in _deploy
    return Webservice._deploy_webservice(workspace, name, create_payload, AciWebservice)
  File "/home/ninghai/miniconda3/envs/preview/lib/python3.6/site-packages/azureml/core/webservice/webservice.py", line 296, in _deploy_webservice
    'Content: {}'.format(resp.status_code, resp.headers, resp.content))
azureml.exceptions.azureml_exception.WebserviceException: Received bad response from Model Management Service:
Response Code: 409
Headers: {'Date': 'Wed, 13 Jun 2018 20:35:24 GMT', 'Content-Type': 'application/json', 'Transfer-Encoding': 'chunked', 'Connection': 'keep-alive', 'api-supported-versions': '2018-03-01-preview', 'x-ms-client-request-id': 'f7472f6df62646ba82f9e36020071f80', 'x-ms-client-session-id': '', 'Strict-Transport-Security': 'max-age=15724800; includeSubDomains; preload'}
Content: b'{"code":"Conflict","statusCode":409,"message":"Conflict","details":[{"code":"ServiceWithNameExists","message":"Workspace haieastus2ws3 already contains a Service with name: rrs02-preview"}]}'
Already on 'master'
