Switched to branch 'candidate'
Client-Request-ID=335a4a12-6819-11e8-9288-000d3a71b7c3 Retry policy did not allow for a retry: Server-Timestamp=Mon, 04 Jun 2018 17:03:27 GMT, Server-Request-ID=7daf6e5c-d01e-00bf-1425-fc4047000000, HTTP status code=409, Exception=The specified container already exists.ErrorCode: ContainerAlreadyExists<?xml version="1.0" encoding="utf-8"?><Error><Code>ContainerAlreadyExists</Code><Message>The specified container already exists.RequestId:7daf6e5c-d01e-00bf-1425-fc4047000000Time:2018-06-04T17:03:28.1273434Z</Message></Error>.
Client-Request-ID=36c92196-6819-11e8-9288-000d3a71b7c3 Retry policy did not allow for a retry: Server-Timestamp=Mon, 04 Jun 2018 17:03:32 GMT, Server-Request-ID=7b78aab5-f01e-0106-2f25-fce51c000000, HTTP status code=409, Exception=The specified container already exists.ErrorCode: ContainerAlreadyExists<?xml version="1.0" encoding="utf-8"?><Error><Code>ContainerAlreadyExists</Code><Message>The specified container already exists.RequestId:7b78aab5-f01e-0106-2f25-fce51c000000Time:2018-06-04T17:03:33.8496310Z</Message></Error>.
Client-Request-ID=36c92198-6819-11e8-9288-000d3a71b7c3 Retry policy did not allow for a retry: Server-Timestamp=Mon, 04 Jun 2018 17:03:33 GMT, Server-Request-ID=c4083113-f01e-0009-7f25-fc4ebf000000, HTTP status code=409, Exception=The specified container already exists.ErrorCode: ContainerAlreadyExists<?xml version="1.0" encoding="utf-8"?><Error><Code>ContainerAlreadyExists</Code><Message>The specified container already exists.RequestId:c4083113-f01e-0009-7f25-fc4ebf000000Time:2018-06-04T17:03:34.0192331Z</Message></Error>.
Client-Request-ID=36c9219a-6819-11e8-9288-000d3a71b7c3 Retry policy did not allow for a retry: Server-Timestamp=Mon, 04 Jun 2018 17:03:33 GMT, Server-Request-ID=25617e4c-801e-0006-2725-fca349000000, HTTP status code=409, Exception=The specified container already exists.ErrorCode: ContainerAlreadyExists<?xml version="1.0" encoding="utf-8"?><Error><Code>ContainerAlreadyExists</Code><Message>The specified container already exists.RequestId:25617e4c-801e-0006-2725-fca349000000Time:2018-06-04T17:03:34.1947812Z</Message></Error>.
Client-Request-ID=36c9219c-6819-11e8-9288-000d3a71b7c3 Retry policy did not allow for a retry: Server-Timestamp=Mon, 04 Jun 2018 17:03:33 GMT, Server-Request-ID=feff788d-c01e-0067-4625-fce796000000, HTTP status code=409, Exception=The specified container already exists.ErrorCode: ContainerAlreadyExists<?xml version="1.0" encoding="utf-8"?><Error><Code>ContainerAlreadyExists</Code><Message>The specified container already exists.RequestId:feff788d-c01e-0067-4625-fce796000000Time:2018-06-04T17:03:34.3558630Z</Message></Error>.
Traceback (most recent call last):
  File "/home/ninghai/miniconda3/envs/candidate/lib/python3.6/site-packages/azureml/core/webservice/webservice.py", line 281, in _deploy_webservice
    resp.raise_for_status()
  File "/home/ninghai/miniconda3/envs/candidate/lib/python3.6/site-packages/requests/models.py", line 935, in raise_for_status
    raise HTTPError(http_error_msg, response=self)
requests.exceptions.HTTPError: 409 Client Error: Conflict for url: https://eastus2.modelmanagement.azureml.net/api/subscriptions/fac34303-435d-4486-8c3f-7094d82a0b60/resourceGroups/aml-notebooks/providers/Microsoft.MachineLearningServices/workspaces/haieastus2ws3/services?api-version=2018-03-01-preview

During handling of the above exception, another exception occurred:

Traceback (most recent call last):
  File "./01.interactive.e2e.py", line 139, in <module>
    driver = 'score.py')
  File "/home/ninghai/miniconda3/envs/candidate/lib/python3.6/site-packages/azureml/core/workspace.py", line 819, in deploy_webservice
    return Webservice.deploy_from_image(self, name, image, deploy_config, target)
  File "/home/ninghai/miniconda3/envs/candidate/lib/python3.6/site-packages/azureml/core/webservice/webservice.py", line 242, in deploy_from_image
    return child._deploy(workspace, name, image, deployment_config)
  File "/home/ninghai/miniconda3/envs/candidate/lib/python3.6/site-packages/azureml/core/webservice/aci.py", line 109, in _deploy
    return Webservice._deploy_webservice(workspace, name, create_payload, AciWebservice)
  File "/home/ninghai/miniconda3/envs/candidate/lib/python3.6/site-packages/azureml/core/webservice/webservice.py", line 286, in _deploy_webservice
    'Content: {}'.format(resp.status_code, resp.headers, resp.content))
azureml.exceptions.azureml_exception.WebserviceException: Received bad response from Model Management Service:
Response Code: 409
Headers: {'Date': 'Mon, 04 Jun 2018 17:05:00 GMT', 'Content-Type': 'application/json', 'Transfer-Encoding': 'chunked', 'Connection': 'keep-alive', 'api-supported-versions': '2018-03-01-preview', 'x-ms-client-request-id': '18aac3342ff5426db4c31ccff3d2e5f1', 'x-ms-client-session-id': '', 'Strict-Transport-Security': 'max-age=15724800; includeSubDomains; preload'}
Content: b'{"code":"Conflict","statusCode":409,"message":"Conflict","details":[{"code":"ServiceWithNameExists","message":"Workspace haieastus2ws3 already contains a Service with name: rrs01a"}]}'
Client-Request-ID=cab76558-681d-11e8-9288-000d3a71b7c3 Retry policy did not allow for a retry: Server-Timestamp=Mon, 04 Jun 2018 17:36:20 GMT, Server-Request-ID=ff87a91f-701e-009b-7f2a-fcd909000000, HTTP status code=409, Exception=The specified container already exists.ErrorCode: ContainerAlreadyExists<?xml version="1.0" encoding="utf-8"?><Error><Code>ContainerAlreadyExists</Code><Message>The specified container already exists.RequestId:ff87a91f-701e-009b-7f2a-fcd909000000Time:2018-06-04T17:36:20.0248836Z</Message></Error>.
Client-Request-ID=cbf185ac-681d-11e8-9288-000d3a71b7c3 Retry policy did not allow for a retry: Server-Timestamp=Mon, 04 Jun 2018 17:36:21 GMT, Server-Request-ID=3b6ca195-b01e-0063-0e2a-fc1214000000, HTTP status code=409, Exception=The specified container already exists.ErrorCode: ContainerAlreadyExists<?xml version="1.0" encoding="utf-8"?><Error><Code>ContainerAlreadyExists</Code><Message>The specified container already exists.RequestId:3b6ca195-b01e-0063-0e2a-fc1214000000Time:2018-06-04T17:36:22.0814511Z</Message></Error>.
Client-Request-ID=cbf185ae-681d-11e8-9288-000d3a71b7c3 Retry policy did not allow for a retry: Server-Timestamp=Mon, 04 Jun 2018 17:36:21 GMT, Server-Request-ID=8fab260f-a01e-0038-3c2a-fc1568000000, HTTP status code=409, Exception=The specified container already exists.ErrorCode: ContainerAlreadyExists<?xml version="1.0" encoding="utf-8"?><Error><Code>ContainerAlreadyExists</Code><Message>The specified container already exists.RequestId:8fab260f-a01e-0038-3c2a-fc1568000000Time:2018-06-04T17:36:22.2421651Z</Message></Error>.
Client-Request-ID=cbf185b0-681d-11e8-9288-000d3a71b7c3 Retry policy did not allow for a retry: Server-Timestamp=Mon, 04 Jun 2018 17:36:21 GMT, Server-Request-ID=5ee099f6-501e-00ae-3e2a-fc775c000000, HTTP status code=409, Exception=The specified container already exists.ErrorCode: ContainerAlreadyExists<?xml version="1.0" encoding="utf-8"?><Error><Code>ContainerAlreadyExists</Code><Message>The specified container already exists.RequestId:5ee099f6-501e-00ae-3e2a-fc775c000000Time:2018-06-04T17:36:22.4036476Z</Message></Error>.
Client-Request-ID=cbf185b2-681d-11e8-9288-000d3a71b7c3 Retry policy did not allow for a retry: Server-Timestamp=Mon, 04 Jun 2018 17:36:22 GMT, Server-Request-ID=ef4ce70c-a01e-0033-632a-fc0d1c000000, HTTP status code=409, Exception=The specified container already exists.ErrorCode: ContainerAlreadyExists<?xml version="1.0" encoding="utf-8"?><Error><Code>ContainerAlreadyExists</Code><Message>The specified container already exists.RequestId:ef4ce70c-a01e-0033-632a-fc0d1c000000Time:2018-06-04T17:36:22.5660445Z</Message></Error>.
error: Your local changes to the following files would be overwritten by checkout:
	e2e_test/aml_config/config.json
Please, commit your changes or stash them before you can switch branches.
Aborting
