Collecting azureml-requirements
  Downloading https://azuremlsdktestpypi.blob.core.windows.net/repo/sdk-release/master/588E708E0DF342C4A80BD954289657CF/azureml_requirements-0.1.0.978900-py3-none-any.whl?sv=2017-04-17&sr=b&sig=%2Fjp%2BwZ0hMpXuXo9VPszvA%2F%2BBT6eQAPZZYRPcLeeXD9Y%3D&st=2018-05-29T17%3A25%3A10Z&se=2019-05-29T17%3A25%3A10Z&sp=rl
Collecting azureml-train==0.1.0.978900 (from azureml-requirements)
  Downloading https://azuremlsdktestpypi.blob.core.windows.net/repo/sdk-release/master/588E708E0DF342C4A80BD954289657CF/azureml_train-0.1.0.978900-py3-none-any.whl?sv=2017-04-17&sr=b&sig=gcAnrbFLM7E%2BP54LyP3XYYUzyqBcrS9jRlghpJ%2FQY2w%3D&st=2018-05-29T17%3A25%3A11Z&se=2019-05-29T17%3A25%3A11Z&sp=rl
Collecting azureml-core==0.1.0.978900 (from azureml-requirements)
  Downloading https://azuremlsdktestpypi.blob.core.windows.net/repo/sdk-release/master/588E708E0DF342C4A80BD954289657CF/azureml_core-0.1.0.978900-py2.py3-none-any.whl?sv=2017-04-17&sr=b&sig=wBRwDo8W2C2vT7dpZYqKlDGdEHxBUyhVwLgVGhukBUE%3D&st=2018-05-29T17%3A25%3A10Z&se=2019-05-29T17%3A25%3A10Z&sp=rl (552kB)
Collecting azureml-train-core==0.1.0.978900 (from azureml-train==0.1.0.978900->azureml-requirements)
  Downloading https://azuremlsdktestpypi.blob.core.windows.net/repo/sdk-release/master/588E708E0DF342C4A80BD954289657CF/azureml_train_core-0.1.0.978900-py3-none-any.whl?sv=2017-04-17&sr=b&sig=8f88CCxf9BB3NbU7081DBy1M9T%2F7ItN6nv%2BcpkWoU%2FE%3D&st=2018-05-29T17%3A25%3A11Z&se=2019-05-29T17%3A25%3A11Z&sp=rl (54kB)
Collecting SecretStorage<3.0.0 (from azureml-core==0.1.0.978900->azureml-requirements)
Collecting msrestazure>=0.4.29 (from azureml-core==0.1.0.978900->azureml-requirements)
  Downloading https://files.pythonhosted.org/packages/ee/d4/0235848f1991dde8dac97cd85d4d71cd9146f75ece84215c1914a4fa3725/msrestazure-0.4.31-py2.py3-none-any.whl
Collecting azure-mgmt-containerregistry>=1.0.1 (from azureml-core==0.1.0.978900->azureml-requirements)
  Downloading https://files.pythonhosted.org/packages/c5/b6/926aba2129e87976a00c4742aa1dba4fea09708c0871ab48ec7937f9ac99/azure_mgmt_containerregistry-2.0.0-py2.py3-none-any.whl (274kB)
Collecting azure-storage-common (from azureml-core==0.1.0.978900->azureml-requirements)
  Downloading https://files.pythonhosted.org/packages/3b/c6/31394ea86134bcfbff5dceb31d7ccde9e9150d7b7b6f4f1563acaaabcd24/azure_storage_common-1.1.0-py2.py3-none-any.whl (46kB)
Collecting azure-storage-nspkg (from azureml-core==0.1.0.978900->azureml-requirements)
  Downloading https://files.pythonhosted.org/packages/b1/e9/0a11f4feefb9c4c2f7e30d4d448e15b32df3adabe370be70aaf4278fbb52/azure_storage_nspkg-3.0.0-py2.py3-none-any.whl
Collecting backports.tempfile (from azureml-core==0.1.0.978900->azureml-requirements)
  Using cached https://files.pythonhosted.org/packages/b4/5c/077f910632476281428fe254807952eb47ca78e720d059a46178c541e669/backports.tempfile-1.0-py2.py3-none-any.whl
Requirement already up-to-date: six>=1.11.0 in /home/ninghai/miniconda3/lib/python3.6/site-packages (from azureml-core==0.1.0.978900->azureml-requirements)
Collecting azure-cli-profile>=2.0.22 (from azureml-core==0.1.0.978900->azureml-requirements)
  Downloading https://files.pythonhosted.org/packages/a7/20/8744656abd71b8845cb611b35cf74d8322e83151a438d9aa3a4b7f76e700/azure_cli_profile-2.0.25-py2.py3-none-any.whl
Requirement already up-to-date: pytz in /home/ninghai/miniconda3/lib/python3.6/site-packages (from azureml-core==0.1.0.978900->azureml-requirements)
Collecting ndg-httpsclient (from azureml-core==0.1.0.978900->azureml-requirements)
  Using cached https://files.pythonhosted.org/packages/78/60/1458ed478eb5777498ca57f4fabf2cf9328ac43e5f6db7839cf73704f3a6/ndg_httpsclient-0.5.0-py3-none-any.whl
Collecting azure-mgmt-storage>=1.5.0 (from azureml-core==0.1.0.978900->azureml-requirements)
  Using cached https://files.pythonhosted.org/packages/c5/40/d8134d1ee9617fa8bd469e62f916349e1373b94e9f179d12050cfd051e20/azure_mgmt_storage-1.5.0-py2.py3-none-any.whl
Collecting azure-storage-file (from azureml-core==0.1.0.978900->azureml-requirements)
  Downloading https://files.pythonhosted.org/packages/e9/2b/7d365610e5e303def65d54499b0dc24b66531b94254f26bf27a142485a5f/azure_storage_file-1.1.0-py2.py3-none-any.whl
Collecting azure-mgmt-authorization>=0.40.0 (from azureml-core==0.1.0.978900->azureml-requirements)
  Using cached https://files.pythonhosted.org/packages/67/e4/b3535daae30db9b3f73046a0c151c5c2ae2d2bff96ba0c28c1f26a21dbf1/azure_mgmt_authorization-0.40.0-py2.py3-none-any.whl
Collecting pathspec (from azureml-core==0.1.0.978900->azureml-requirements)
Collecting azure-graphrbac>=0.40.0 (from azureml-core==0.1.0.978900->azureml-requirements)
  Downloading https://files.pythonhosted.org/packages/89/0a/29f7e2914033e2536026b8f0d7f8deb1edda68c9a93ce4757b2b1e39568b/azure_graphrbac-0.40.0-py2.py3-none-any.whl (63kB)
Collecting azure-storage-blob (from azureml-core==0.1.0.978900->azureml-requirements)
  Downloading https://files.pythonhosted.org/packages/bb/c5/eb29c445c2e1bb1aead35c42e0b303dc52df2dfd6579c8917be0c8a7cc47/azure_storage_blob-1.1.0-py2.py3-none-any.whl (75kB)
Collecting azure-mgmt-keyvault>=0.40.0 (from azureml-core==0.1.0.978900->azureml-requirements)
  Using cached https://files.pythonhosted.org/packages/45/5a/f3182d7ed82173d9af0bd96d01de4002eca8fddbd3c1feb99d839c5f4657/azure_mgmt_keyvault-0.40.0-py2.py3-none-any.whl
Collecting contextlib2 (from azureml-core==0.1.0.978900->azureml-requirements)
  Using cached https://files.pythonhosted.org/packages/a2/71/8273a7eeed0aff6a854237ab5453bc9aa67deb49df4832801c21f0ff3782/contextlib2-0.5.5-py2.py3-none-any.whl
Collecting pathlib (from azureml-core==0.1.0.978900->azureml-requirements)
Collecting azure-mgmt-resource>=1.2.1 (from azureml-core==0.1.0.978900->azureml-requirements)
  Using cached https://files.pythonhosted.org/packages/71/ec/30b1bea83782bd890ba84c21ab8d1af71bc30f14f51b3688c0a32aec82ce/azure_mgmt_resource-1.2.2-py2.py3-none-any.whl
Requirement already up-to-date: python-dateutil in /home/ninghai/miniconda3/lib/python3.6/site-packages (from azureml-core==0.1.0.978900->azureml-requirements)
Collecting msrest>=0.4.29 (from azureml-core==0.1.0.978900->azureml-requirements)
  Downloading https://files.pythonhosted.org/packages/e1/db/b4b8e0388ad7f100d2ec7c18dbcdfa3d86a1f42b052009ceed223aef7cbd/msrest-0.4.29-py2.py3-none-any.whl (41kB)
Requirement already up-to-date: requests in /home/ninghai/miniconda3/lib/python3.6/site-packages (from azureml-core==0.1.0.978900->azureml-requirements)
Collecting jsonpickle (from azureml-core==0.1.0.978900->azureml-requirements)
Collecting ruamel.yaml>=0.15.35 (from azureml-core==0.1.0.978900->azureml-requirements)
  Using cached https://files.pythonhosted.org/packages/98/cc/ba3b6ccd0a4f6c51d128742fc5f0f43ae570d67174342578591c50f30013/ruamel.yaml-0.15.37-cp36-cp36m-manylinux1_x86_64.whl
Collecting azure-cli-core>=2.0.31 (from azureml-core==0.1.0.978900->azureml-requirements)
  Downloading https://files.pythonhosted.org/packages/62/a7/6c4d8c103c3f85592b1c55dc2864a0d7cd650ccfe4c9f3db3a8a53a96bae/azure_cli_core-2.0.33-py2.py3-none-any.whl (89kB)
Collecting azureml-train-restclients-hyperdrive==0.1.0.978900 (from azureml-train-core==0.1.0.978900->azureml-train==0.1.0.978900->azureml-requirements)
  Downloading https://azuremlsdktestpypi.blob.core.windows.net/repo/sdk-release/master/588E708E0DF342C4A80BD954289657CF/azureml_train_restclients_hyperdrive-0.1.0.978900-py3-none-any.whl?sv=2017-04-17&sr=b&sig=b%2FINaAv4QdKHaFRbzWLX9w%2FP0RWUy7pPGHhTYDm3iEk%3D&st=2018-05-29T17%3A25%3A12Z&se=2019-05-29T17%3A25%3A12Z&sp=rl
Collecting cryptography (from SecretStorage<3.0.0->azureml-core==0.1.0.978900->azureml-requirements)
  Using cached https://files.pythonhosted.org/packages/fa/f4/3cde3604972dfa2b0fea85b9711948bb4fb70ab64095322aef35071bd254/cryptography-2.2.2-cp34-abi3-manylinux1_x86_64.whl
Collecting keyring>=12.0.2 (from msrestazure>=0.4.29->azureml-core==0.1.0.978900->azureml-requirements)
  Downloading https://files.pythonhosted.org/packages/47/c0/4dfeeedaa233a12c3e5eb1e079b4dce96bbcbf0d030abc5e9a6b771e5812/keyring-12.2.1-py2.py3-none-any.whl
Collecting adal<2.0.0,>=0.5.0 (from msrestazure>=0.4.29->azureml-core==0.1.0.978900->azureml-requirements)
  Downloading https://files.pythonhosted.org/packages/0b/8b/9ae37dafd4d653865fec3ba22488a42b4096483ad026c27931a320162a7c/adal-0.6.0-py2.py3-none-any.whl (51kB)
Collecting azure-common>=1.1.10,~=1.1 (from azure-mgmt-containerregistry>=1.0.1->azureml-core==0.1.0.978900->azureml-requirements)
  Downloading https://files.pythonhosted.org/packages/97/3b/2c7cda25382c3bb566008c5c8f8aa28663fd15a80a6204c76ae0035de107/azure_common-1.1.11-py2.py3-none-any.whl
Collecting azure-mgmt-nspkg>=2.0.0 (from azure-mgmt-containerregistry>=1.0.1->azureml-core==0.1.0.978900->azureml-requirements)
  Using cached https://files.pythonhosted.org/packages/c9/e3/48b98f929290b0cd0aaa4707ecabb8aaeb267e8ef628af907f1d1c506ec7/azure_mgmt_nspkg-2.0.0-py2.py3-none-any.whl
Collecting azure-nspkg>=2.0.0 (from azure-storage-nspkg->azureml-core==0.1.0.978900->azureml-requirements)
  Using cached https://files.pythonhosted.org/packages/cd/a0/76ca6659ae9afd7567fdbb5b9c85e9c9a0b48238cfcacd92525484408f66/azure_nspkg-2.0.0-py2.py3-none-any.whl
Collecting backports.weakref (from backports.tempfile->azureml-core==0.1.0.978900->azureml-requirements)
  Using cached https://files.pythonhosted.org/packages/88/ec/f598b633c3d5ffe267aaada57d961c94fdfa183c5c3ebda2b6d151943db6/backports.weakref-1.0.post1-py2.py3-none-any.whl
Collecting azure-cli-command-modules-nspkg>=2.0.0 (from azure-cli-profile>=2.0.22->azureml-core==0.1.0.978900->azureml-requirements)
  Using cached https://files.pythonhosted.org/packages/21/bf/0a6c3a39bce63ed68a5612b46b0b228dea3177543729a38a9e2c3f674152/azure_cli_command_modules_nspkg-2.0.1-py2.py3-none-any.whl
Collecting PyOpenSSL (from ndg-httpsclient->azureml-core==0.1.0.978900->azureml-requirements)
  Downloading https://files.pythonhosted.org/packages/96/af/9d29e6bd40823061aea2e0574ccb2fcf72bfd6130ce53d32773ec375458c/pyOpenSSL-18.0.0-py2.py3-none-any.whl (53kB)
Collecting pyasn1>=0.1.1 (from ndg-httpsclient->azureml-core==0.1.0.978900->azureml-requirements)
  Downloading https://files.pythonhosted.org/packages/a0/70/2c27740f08e477499ce19eefe05dbcae6f19fdc49e9e82ce4768be0643b9/pyasn1-0.4.3-py2.py3-none-any.whl (72kB)
Collecting requests-oauthlib>=0.5.0 (from msrest>=0.4.29->azureml-core==0.1.0.978900->azureml-requirements)
  Using cached https://files.pythonhosted.org/packages/77/34/d0957563f20b259a31c12f14e858d79f2e66eb539d3c1b9ab7077ef030ca/requests_oauthlib-0.8.0-py2.py3-none-any.whl
Requirement already up-to-date: certifi>=2017.4.17 in /home/ninghai/miniconda3/lib/python3.6/site-packages (from msrest>=0.4.29->azureml-core==0.1.0.978900->azureml-requirements)
Collecting isodate>=0.6.0 (from msrest>=0.4.29->azureml-core==0.1.0.978900->azureml-requirements)
  Using cached https://files.pythonhosted.org/packages/9b/9f/b36f7774ff5ea8e428fdcfc4bb332c39ee5b9362ddd3d40d9516a55221b2/isodate-0.6.0-py2.py3-none-any.whl
Requirement already up-to-date: chardet<3.1.0,>=3.0.2 in /home/ninghai/miniconda3/lib/python3.6/site-packages (from requests->azureml-core==0.1.0.978900->azureml-requirements)
Requirement already up-to-date: idna<2.7,>=2.5 in /home/ninghai/miniconda3/lib/python3.6/site-packages (from requests->azureml-core==0.1.0.978900->azureml-requirements)
Requirement already up-to-date: urllib3<1.23,>=1.21.1 in /home/ninghai/miniconda3/lib/python3.6/site-packages (from requests->azureml-core==0.1.0.978900->azureml-requirements)
Collecting PyJWT (from azure-cli-core>=2.0.31->azureml-core==0.1.0.978900->azureml-requirements)
  Downloading https://files.pythonhosted.org/packages/93/d1/3378cc8184a6524dc92993090ee8b4c03847c567e298305d6cf86987e005/PyJWT-1.6.4-py2.py3-none-any.whl
Collecting applicationinsights>=0.11.1 (from azure-cli-core>=2.0.31->azureml-core==0.1.0.978900->azureml-requirements)
Collecting humanfriendly>=4.7 (from azure-cli-core>=2.0.31->azureml-core==0.1.0.978900->azureml-requirements)
  Downloading https://files.pythonhosted.org/packages/4a/4f/16881101fb87370fd62bdc1b7b895c505c6525a9b07e10571bf41899937b/humanfriendly-4.12.1-py2.py3-none-any.whl (65kB)
Collecting azure-cli-nspkg>=2.0.0 (from azure-cli-core>=2.0.31->azureml-core==0.1.0.978900->azureml-requirements)
  Using cached https://files.pythonhosted.org/packages/7c/94/cf884b92a870422f02c3f1f86573d04d5cc1abdc2ac51b8419c7ee2e2a00/azure_cli_nspkg-3.0.2-py2.py3-none-any.whl
Collecting knack==0.3.3 (from azure-cli-core>=2.0.31->azureml-core==0.1.0.978900->azureml-requirements)
  Downloading https://files.pythonhosted.org/packages/92/aa/d5563dfb2724a5d7899170461f8c70e88f8f9422bd1c44a2a7528e2e6235/knack-0.3.3-py2.py3-none-any.whl (42kB)
Requirement already up-to-date: pygments in /home/ninghai/miniconda3/lib/python3.6/site-packages (from azure-cli-core>=2.0.31->azureml-core==0.1.0.978900->azureml-requirements)
Collecting jmespath (from azure-cli-core>=2.0.31->azureml-core==0.1.0.978900->azureml-requirements)
  Using cached https://files.pythonhosted.org/packages/b7/31/05c8d001f7f87f0f07289a5fc0fc3832e9a57f2dbd4d3b0fee70e0d51365/jmespath-0.9.3-py2.py3-none-any.whl
Collecting colorama>=0.3.9 (from azure-cli-core>=2.0.31->azureml-core==0.1.0.978900->azureml-requirements)
  Using cached https://files.pythonhosted.org/packages/db/c8/7dcf9dbcb22429512708fe3a547f8b6101c0d02137acbd892505aee57adf/colorama-0.3.9-py2.py3-none-any.whl
Collecting paramiko (from azure-cli-core>=2.0.31->azureml-core==0.1.0.978900->azureml-requirements)
  Using cached https://files.pythonhosted.org/packages/3e/db/cb7b6656e0e7387637ce850689084dc0b94b44df31cc52e5fc5c2c4fd2c1/paramiko-2.4.1-py2.py3-none-any.whl
Collecting pip (from azure-cli-core>=2.0.31->azureml-core==0.1.0.978900->azureml-requirements)
  Downloading https://files.pythonhosted.org/packages/0f/74/ecd13431bcc456ed390b44c8a6e917c1820365cbebcb6a8974d1cd045ab4/pip-10.0.1-py2.py3-none-any.whl (1.3MB)
Requirement already up-to-date: wheel==0.30.0 in /home/ninghai/miniconda3/lib/python3.6/site-packages (from azure-cli-core>=2.0.31->azureml-core==0.1.0.978900->azureml-requirements)
Collecting argcomplete>=1.8.0 (from azure-cli-core>=2.0.31->azureml-core==0.1.0.978900->azureml-requirements)
  Using cached https://files.pythonhosted.org/packages/31/88/ba8d8684a8a27749250c66ff7c2b408fdbc29b50da61200338ff9b2607bf/argcomplete-1.9.4-py2.py3-none-any.whl
Collecting tabulate<=0.8.2,>=0.7.7 (from azure-cli-core>=2.0.31->azureml-core==0.1.0.978900->azureml-requirements)
Requirement already up-to-date: pyyaml in /home/ninghai/miniconda3/lib/python3.6/site-packages (from azure-cli-core>=2.0.31->azureml-core==0.1.0.978900->azureml-requirements)
Collecting cffi>=1.7; platform_python_implementation != "PyPy" (from cryptography->SecretStorage<3.0.0->azureml-core==0.1.0.978900->azureml-requirements)
  Using cached https://files.pythonhosted.org/packages/6d/c0/47db8f624f3e4e2f3f27be03a93379d1ba16a1450a7b1aacfa0366e2c0dd/cffi-1.11.5-cp36-cp36m-manylinux1_x86_64.whl
Requirement already up-to-date: asn1crypto>=0.21.0 in /home/ninghai/miniconda3/lib/python3.6/site-packages (from cryptography->SecretStorage<3.0.0->azureml-core==0.1.0.978900->azureml-requirements)
Requirement already up-to-date: entrypoints in /home/ninghai/miniconda3/lib/python3.6/site-packages (from keyring>=12.0.2->msrestazure>=0.4.29->azureml-core==0.1.0.978900->azureml-requirements)
Collecting oauthlib>=0.6.2 (from requests-oauthlib>=0.5.0->msrest>=0.4.29->azureml-core==0.1.0.978900->azureml-requirements)
  Downloading https://files.pythonhosted.org/packages/e6/d1/ddd9cfea3e736399b97ded5c2dd62d1322adef4a72d816f1ed1049d6a179/oauthlib-2.1.0-py2.py3-none-any.whl (121kB)
Collecting pynacl>=1.0.1 (from paramiko->azure-cli-core>=2.0.31->azureml-core==0.1.0.978900->azureml-requirements)
  Using cached https://files.pythonhosted.org/packages/77/03/927e4cdbd821f929392608ddb2220a9548ce164c52047e90fadd20786fd8/PyNaCl-1.2.1-cp36-cp36m-manylinux1_x86_64.whl
Collecting bcrypt>=3.1.3 (from paramiko->azure-cli-core>=2.0.31->azureml-core==0.1.0.978900->azureml-requirements)
  Using cached https://files.pythonhosted.org/packages/b8/09/905ec939994e2c49dcffff72f823802557f166b3815ea54c1db3671eed42/bcrypt-3.1.4-cp36-cp36m-manylinux1_x86_64.whl
Requirement already up-to-date: pycparser in /home/ninghai/miniconda3/lib/python3.6/site-packages (from cffi>=1.7; platform_python_implementation != "PyPy"->cryptography->SecretStorage<3.0.0->azureml-core==0.1.0.978900->azureml-requirements)
Installing collected packages: azureml-train-restclients-hyperdrive, cffi, cryptography, SecretStorage, keyring, PyJWT, adal, oauthlib, requests-oauthlib, isodate, msrest, msrestazure, azure-nspkg, azure-common, azure-mgmt-nspkg, azure-mgmt-containerregistry, azure-storage-nspkg, azure-storage-common, backports.weakref, backports.tempfile, applicationinsights, humanfriendly, azure-cli-nspkg, argcomplete, jmespath, colorama, tabulate, knack, pyasn1, pynacl, bcrypt, paramiko, pip, PyOpenSSL, azure-cli-core, azure-cli-command-modules-nspkg, azure-cli-profile, ndg-httpsclient, azure-mgmt-storage, azure-storage-file, azure-mgmt-authorization, pathspec, azure-graphrbac, azure-storage-blob, azure-mgmt-keyvault, contextlib2, pathlib, azure-mgmt-resource, jsonpickle, ruamel.yaml, azureml-core, azureml-train-core, azureml-train, azureml-requirements
  Found existing installation: cffi 1.11.4
    Uninstalling cffi-1.11.4:
      Successfully uninstalled cffi-1.11.4
  Found existing installation: cryptography 2.1.4
    Uninstalling cryptography-2.1.4:
      Successfully uninstalled cryptography-2.1.4
  Found existing installation: pip 9.0.3
    Uninstalling pip-9.0.3:
      Successfully uninstalled pip-9.0.3
  Found existing installation: pyOpenSSL 17.5.0
    Uninstalling pyOpenSSL-17.5.0:
      Successfully uninstalled pyOpenSSL-17.5.0
Successfully installed PyJWT-1.6.4 PyOpenSSL-18.0.0 SecretStorage-2.3.1 adal-0.6.0 applicationinsights-0.11.3 argcomplete-1.9.4 azure-cli-command-modules-nspkg-2.0.1 azure-cli-core-2.0.33 azure-cli-nspkg-3.0.2 azure-cli-profile-2.0.25 azure-common-1.1.11 azure-graphrbac-0.40.0 azure-mgmt-authorization-0.40.0 azure-mgmt-containerregistry-2.0.0 azure-mgmt-keyvault-0.40.0 azure-mgmt-nspkg-2.0.0 azure-mgmt-resource-1.2.2 azure-mgmt-storage-1.5.0 azure-nspkg-2.0.0 azure-storage-blob-1.1.0 azure-storage-common-1.1.0 azure-storage-file-1.1.0 azure-storage-nspkg-3.0.0 azureml-core-0.1.0.978900 azureml-requirements-0.1.0.978900 azureml-train-0.1.0.978900 azureml-train-core-0.1.0.978900 azureml-train-restclients-hyperdrive-0.1.0.978900 backports.tempfile-1.0 backports.weakref-1.0.post1 bcrypt-3.1.4 cffi-1.11.5 colorama-0.3.9 contextlib2-0.5.5 cryptography-2.2.2 humanfriendly-4.12.1 isodate-0.6.0 jmespath-0.9.3 jsonpickle-0.9.6 keyring-12.2.1 knack-0.3.3 msrest-0.4.29 msrestazure-0.4.31 ndg-httpsclient-0.5.0 oauthlib-2.1.0 paramiko-2.4.1 pathlib-1.0.1 pathspec-0.5.6 pip-10.0.1 pyasn1-0.4.3 pynacl-1.2.1 requests-oauthlib-0.8.0 ruamel.yaml-0.15.37 tabulate-0.8.2
Looking in indexes: https://pypi.org/simple, https://azuremlsdktestpypi.azureedge.net/sdk-release/master/588E708E0DF342C4A80BD954289657CF
Collecting azureml-contrib-tensorboard
  Downloading https://azuremlsdktestpypi.blob.core.windows.net/repo/sdk-release/master/588E708E0DF342C4A80BD954289657CF/azureml_contrib_tensorboard-0.1.0.978900-py3-none-any.whl?sv=2017-04-17&sr=b&sig=pxZ6TqobdW6DYsODMlBE2I4uW5ds1CGMlHg1YSdA0EY%3D&st=2018-05-29T17%3A25%3A10Z&se=2019-05-29T17%3A25%3A10Z&sp=rl
Requirement not upgraded as not directly required: azureml-core==0.1.0.978900 in /home/ninghai/miniconda3/lib/python3.6/site-packages (from azureml-contrib-tensorboard) (0.1.0.978900)
Requirement not upgraded as not directly required: azure-mgmt-authorization>=0.40.0 in /home/ninghai/miniconda3/lib/python3.6/site-packages (from azureml-core==0.1.0.978900->azureml-contrib-tensorboard) (0.40.0)
Requirement not upgraded as not directly required: python-dateutil in /home/ninghai/miniconda3/lib/python3.6/site-packages (from azureml-core==0.1.0.978900->azureml-contrib-tensorboard) (2.7.3)
Requirement not upgraded as not directly required: azure-storage-blob in /home/ninghai/miniconda3/lib/python3.6/site-packages (from azureml-core==0.1.0.978900->azureml-contrib-tensorboard) (1.1.0)
Requirement not upgraded as not directly required: azure-mgmt-storage>=1.5.0 in /home/ninghai/miniconda3/lib/python3.6/site-packages (from azureml-core==0.1.0.978900->azureml-contrib-tensorboard) (1.5.0)
Requirement not upgraded as not directly required: msrestazure>=0.4.29 in /home/ninghai/miniconda3/lib/python3.6/site-packages (from azureml-core==0.1.0.978900->azureml-contrib-tensorboard) (0.4.31)
Requirement not upgraded as not directly required: ruamel.yaml>=0.15.35 in /home/ninghai/miniconda3/lib/python3.6/site-packages (from azureml-core==0.1.0.978900->azureml-contrib-tensorboard) (0.15.37)
Requirement not upgraded as not directly required: ndg-httpsclient in /home/ninghai/miniconda3/lib/python3.6/site-packages (from azureml-core==0.1.0.978900->azureml-contrib-tensorboard) (0.5.0)
Requirement not upgraded as not directly required: azure-mgmt-resource>=1.2.1 in /home/ninghai/miniconda3/lib/python3.6/site-packages (from azureml-core==0.1.0.978900->azureml-contrib-tensorboard) (1.2.2)
Requirement not upgraded as not directly required: backports.tempfile in /home/ninghai/miniconda3/lib/python3.6/site-packages (from azureml-core==0.1.0.978900->azureml-contrib-tensorboard) (1.0)
Requirement not upgraded as not directly required: jsonpickle in /home/ninghai/miniconda3/lib/python3.6/site-packages (from azureml-core==0.1.0.978900->azureml-contrib-tensorboard) (0.9.6)
Requirement not upgraded as not directly required: six>=1.11.0 in /home/ninghai/miniconda3/lib/python3.6/site-packages (from azureml-core==0.1.0.978900->azureml-contrib-tensorboard) (1.11.0)
Requirement not upgraded as not directly required: azure-mgmt-containerregistry>=1.0.1 in /home/ninghai/miniconda3/lib/python3.6/site-packages (from azureml-core==0.1.0.978900->azureml-contrib-tensorboard) (2.0.0)
Requirement not upgraded as not directly required: SecretStorage<3.0.0 in /home/ninghai/miniconda3/lib/python3.6/site-packages (from azureml-core==0.1.0.978900->azureml-contrib-tensorboard) (2.3.1)
Requirement not upgraded as not directly required: azure-cli-profile>=2.0.22 in /home/ninghai/miniconda3/lib/python3.6/site-packages (from azureml-core==0.1.0.978900->azureml-contrib-tensorboard) (2.0.25)
Requirement not upgraded as not directly required: contextlib2 in /home/ninghai/miniconda3/lib/python3.6/site-packages (from azureml-core==0.1.0.978900->azureml-contrib-tensorboard) (0.5.5)
Requirement not upgraded as not directly required: azure-storage-common in /home/ninghai/miniconda3/lib/python3.6/site-packages (from azureml-core==0.1.0.978900->azureml-contrib-tensorboard) (1.1.0)
Requirement not upgraded as not directly required: azure-graphrbac>=0.40.0 in /home/ninghai/miniconda3/lib/python3.6/site-packages (from azureml-core==0.1.0.978900->azureml-contrib-tensorboard) (0.40.0)
Requirement not upgraded as not directly required: pathspec in /home/ninghai/miniconda3/lib/python3.6/site-packages (from azureml-core==0.1.0.978900->azureml-contrib-tensorboard) (0.5.6)
Requirement not upgraded as not directly required: requests in /home/ninghai/miniconda3/lib/python3.6/site-packages (from azureml-core==0.1.0.978900->azureml-contrib-tensorboard) (2.18.4)
Requirement not upgraded as not directly required: azure-mgmt-keyvault>=0.40.0 in /home/ninghai/miniconda3/lib/python3.6/site-packages (from azureml-core==0.1.0.978900->azureml-contrib-tensorboard) (0.40.0)
Requirement not upgraded as not directly required: pytz in /home/ninghai/miniconda3/lib/python3.6/site-packages (from azureml-core==0.1.0.978900->azureml-contrib-tensorboard) (2018.4)
Requirement not upgraded as not directly required: azure-cli-core>=2.0.31 in /home/ninghai/miniconda3/lib/python3.6/site-packages (from azureml-core==0.1.0.978900->azureml-contrib-tensorboard) (2.0.33)
Requirement not upgraded as not directly required: azure-storage-nspkg in /home/ninghai/miniconda3/lib/python3.6/site-packages (from azureml-core==0.1.0.978900->azureml-contrib-tensorboard) (3.0.0)
Requirement not upgraded as not directly required: pathlib in /home/ninghai/miniconda3/lib/python3.6/site-packages (from azureml-core==0.1.0.978900->azureml-contrib-tensorboard) (1.0.1)
Requirement not upgraded as not directly required: msrest>=0.4.29 in /home/ninghai/miniconda3/lib/python3.6/site-packages (from azureml-core==0.1.0.978900->azureml-contrib-tensorboard) (0.4.29)
Requirement not upgraded as not directly required: azure-storage-file in /home/ninghai/miniconda3/lib/python3.6/site-packages (from azureml-core==0.1.0.978900->azureml-contrib-tensorboard) (1.1.0)
Requirement not upgraded as not directly required: azure-mgmt-nspkg>=2.0.0 in /home/ninghai/miniconda3/lib/python3.6/site-packages (from azure-mgmt-authorization>=0.40.0->azureml-core==0.1.0.978900->azureml-contrib-tensorboard) (2.0.0)
Requirement not upgraded as not directly required: azure-common~=1.1 in /home/ninghai/miniconda3/lib/python3.6/site-packages (from azure-mgmt-authorization>=0.40.0->azureml-core==0.1.0.978900->azureml-contrib-tensorboard) (1.1.11)
Requirement not upgraded as not directly required: adal<2.0.0,>=0.5.0 in /home/ninghai/miniconda3/lib/python3.6/site-packages (from msrestazure>=0.4.29->azureml-core==0.1.0.978900->azureml-contrib-tensorboard) (0.6.0)
Requirement not upgraded as not directly required: keyring>=12.0.2 in /home/ninghai/miniconda3/lib/python3.6/site-packages (from msrestazure>=0.4.29->azureml-core==0.1.0.978900->azureml-contrib-tensorboard) (12.2.1)
Requirement not upgraded as not directly required: pyasn1>=0.1.1 in /home/ninghai/miniconda3/lib/python3.6/site-packages (from ndg-httpsclient->azureml-core==0.1.0.978900->azureml-contrib-tensorboard) (0.4.3)
Requirement not upgraded as not directly required: PyOpenSSL in /home/ninghai/miniconda3/lib/python3.6/site-packages (from ndg-httpsclient->azureml-core==0.1.0.978900->azureml-contrib-tensorboard) (18.0.0)
Requirement not upgraded as not directly required: backports.weakref in /home/ninghai/miniconda3/lib/python3.6/site-packages (from backports.tempfile->azureml-core==0.1.0.978900->azureml-contrib-tensorboard) (1.0.post1)
Requirement not upgraded as not directly required: cryptography in /home/ninghai/miniconda3/lib/python3.6/site-packages (from SecretStorage<3.0.0->azureml-core==0.1.0.978900->azureml-contrib-tensorboard) (2.2.2)
Requirement not upgraded as not directly required: azure-cli-command-modules-nspkg>=2.0.0 in /home/ninghai/miniconda3/lib/python3.6/site-packages (from azure-cli-profile>=2.0.22->azureml-core==0.1.0.978900->azureml-contrib-tensorboard) (2.0.1)
Requirement not upgraded as not directly required: azure-nspkg>=2.0.0 in /home/ninghai/miniconda3/lib/python3.6/site-packages (from azure-graphrbac>=0.40.0->azureml-core==0.1.0.978900->azureml-contrib-tensorboard) (2.0.0)
Requirement not upgraded as not directly required: chardet<3.1.0,>=3.0.2 in /home/ninghai/miniconda3/lib/python3.6/site-packages (from requests->azureml-core==0.1.0.978900->azureml-contrib-tensorboard) (3.0.4)
Requirement not upgraded as not directly required: idna<2.7,>=2.5 in /home/ninghai/miniconda3/lib/python3.6/site-packages (from requests->azureml-core==0.1.0.978900->azureml-contrib-tensorboard) (2.6)
Requirement not upgraded as not directly required: urllib3<1.23,>=1.21.1 in /home/ninghai/miniconda3/lib/python3.6/site-packages (from requests->azureml-core==0.1.0.978900->azureml-contrib-tensorboard) (1.22)
Requirement not upgraded as not directly required: certifi>=2017.4.17 in /home/ninghai/miniconda3/lib/python3.6/site-packages (from requests->azureml-core==0.1.0.978900->azureml-contrib-tensorboard) (2018.4.16)
Requirement not upgraded as not directly required: pip in /home/ninghai/miniconda3/lib/python3.6/site-packages (from azure-cli-core>=2.0.31->azureml-core==0.1.0.978900->azureml-contrib-tensorboard) (10.0.1)
Requirement not upgraded as not directly required: pygments in /home/ninghai/miniconda3/lib/python3.6/site-packages (from azure-cli-core>=2.0.31->azureml-core==0.1.0.978900->azureml-contrib-tensorboard) (2.2.0)
Requirement not upgraded as not directly required: paramiko in /home/ninghai/miniconda3/lib/python3.6/site-packages (from azure-cli-core>=2.0.31->azureml-core==0.1.0.978900->azureml-contrib-tensorboard) (2.4.1)
Requirement not upgraded as not directly required: PyJWT in /home/ninghai/miniconda3/lib/python3.6/site-packages (from azure-cli-core>=2.0.31->azureml-core==0.1.0.978900->azureml-contrib-tensorboard) (1.6.4)
Requirement not upgraded as not directly required: knack==0.3.3 in /home/ninghai/miniconda3/lib/python3.6/site-packages (from azure-cli-core>=2.0.31->azureml-core==0.1.0.978900->azureml-contrib-tensorboard) (0.3.3)
Requirement not upgraded as not directly required: applicationinsights>=0.11.1 in /home/ninghai/miniconda3/lib/python3.6/site-packages (from azure-cli-core>=2.0.31->azureml-core==0.1.0.978900->azureml-contrib-tensorboard) (0.11.3)
Requirement not upgraded as not directly required: jmespath in /home/ninghai/miniconda3/lib/python3.6/site-packages (from azure-cli-core>=2.0.31->azureml-core==0.1.0.978900->azureml-contrib-tensorboard) (0.9.3)
Requirement not upgraded as not directly required: pyyaml in /home/ninghai/miniconda3/lib/python3.6/site-packages (from azure-cli-core>=2.0.31->azureml-core==0.1.0.978900->azureml-contrib-tensorboard) (3.12)
Requirement not upgraded as not directly required: wheel==0.30.0 in /home/ninghai/miniconda3/lib/python3.6/site-packages (from azure-cli-core>=2.0.31->azureml-core==0.1.0.978900->azureml-contrib-tensorboard) (0.30.0)
Requirement not upgraded as not directly required: colorama>=0.3.9 in /home/ninghai/miniconda3/lib/python3.6/site-packages (from azure-cli-core>=2.0.31->azureml-core==0.1.0.978900->azureml-contrib-tensorboard) (0.3.9)
Requirement not upgraded as not directly required: azure-cli-nspkg>=2.0.0 in /home/ninghai/miniconda3/lib/python3.6/site-packages (from azure-cli-core>=2.0.31->azureml-core==0.1.0.978900->azureml-contrib-tensorboard) (3.0.2)
Requirement not upgraded as not directly required: argcomplete>=1.8.0 in /home/ninghai/miniconda3/lib/python3.6/site-packages (from azure-cli-core>=2.0.31->azureml-core==0.1.0.978900->azureml-contrib-tensorboard) (1.9.4)
Requirement not upgraded as not directly required: humanfriendly>=4.7 in /home/ninghai/miniconda3/lib/python3.6/site-packages (from azure-cli-core>=2.0.31->azureml-core==0.1.0.978900->azureml-contrib-tensorboard) (4.12.1)
Requirement not upgraded as not directly required: tabulate<=0.8.2,>=0.7.7 in /home/ninghai/miniconda3/lib/python3.6/site-packages (from azure-cli-core>=2.0.31->azureml-core==0.1.0.978900->azureml-contrib-tensorboard) (0.8.2)
Requirement not upgraded as not directly required: isodate>=0.6.0 in /home/ninghai/miniconda3/lib/python3.6/site-packages (from msrest>=0.4.29->azureml-core==0.1.0.978900->azureml-contrib-tensorboard) (0.6.0)
Requirement not upgraded as not directly required: requests-oauthlib>=0.5.0 in /home/ninghai/miniconda3/lib/python3.6/site-packages (from msrest>=0.4.29->azureml-core==0.1.0.978900->azureml-contrib-tensorboard) (0.8.0)
Requirement not upgraded as not directly required: entrypoints in /home/ninghai/miniconda3/lib/python3.6/site-packages (from keyring>=12.0.2->msrestazure>=0.4.29->azureml-core==0.1.0.978900->azureml-contrib-tensorboard) (0.2.3)
Requirement not upgraded as not directly required: cffi>=1.7; platform_python_implementation != "PyPy" in /home/ninghai/miniconda3/lib/python3.6/site-packages (from cryptography->SecretStorage<3.0.0->azureml-core==0.1.0.978900->azureml-contrib-tensorboard) (1.11.5)
Requirement not upgraded as not directly required: asn1crypto>=0.21.0 in /home/ninghai/miniconda3/lib/python3.6/site-packages (from cryptography->SecretStorage<3.0.0->azureml-core==0.1.0.978900->azureml-contrib-tensorboard) (0.24.0)
Requirement not upgraded as not directly required: bcrypt>=3.1.3 in /home/ninghai/miniconda3/lib/python3.6/site-packages (from paramiko->azure-cli-core>=2.0.31->azureml-core==0.1.0.978900->azureml-contrib-tensorboard) (3.1.4)
Requirement not upgraded as not directly required: pynacl>=1.0.1 in /home/ninghai/miniconda3/lib/python3.6/site-packages (from paramiko->azure-cli-core>=2.0.31->azureml-core==0.1.0.978900->azureml-contrib-tensorboard) (1.2.1)
Requirement not upgraded as not directly required: oauthlib>=0.6.2 in /home/ninghai/miniconda3/lib/python3.6/site-packages (from requests-oauthlib>=0.5.0->msrest>=0.4.29->azureml-core==0.1.0.978900->azureml-contrib-tensorboard) (2.1.0)
Requirement not upgraded as not directly required: pycparser in /home/ninghai/miniconda3/lib/python3.6/site-packages (from cffi>=1.7; platform_python_implementation != "PyPy"->cryptography->SecretStorage<3.0.0->azureml-core==0.1.0.978900->azureml-contrib-tensorboard) (2.18)
Installing collected packages: azureml-contrib-tensorboard
Successfully installed azureml-contrib-tensorboard-0.1.0.978900
Looking in indexes: https://pypi.org/simple, https://azuremlsdktestpypi.azureedge.net/sdk-release/master/588E708E0DF342C4A80BD954289657CF
Collecting azureml-contrib-widgets
  Downloading https://azuremlsdktestpypi.blob.core.windows.net/repo/sdk-release/master/588E708E0DF342C4A80BD954289657CF/azureml_contrib_widgets-0.1.0.978900-py3-none-any.whl?sv=2017-04-17&sr=b&sig=eBdFvREN2%2B4ljybxpdma1a7Fbu6abKRct%2F70i2lj58g%3D&st=2018-05-29T17%3A25%3A10Z&se=2019-05-29T17%3A25%3A10Z&sp=rl (4.1MB)
Requirement not upgraded as not directly required: ipywidgets>=7.0.0 in /home/ninghai/miniconda3/lib/python3.6/site-packages (from azureml-contrib-widgets) (7.2.1)
Requirement not upgraded as not directly required: azureml-train-core==0.1.0.978900 in /home/ninghai/miniconda3/lib/python3.6/site-packages (from azureml-contrib-widgets) (0.1.0.978900)
Requirement not upgraded as not directly required: azureml-core==0.1.0.978900 in /home/ninghai/miniconda3/lib/python3.6/site-packages (from azureml-contrib-widgets) (0.1.0.978900)
Requirement not upgraded as not directly required: ipykernel>=4.5.1 in /home/ninghai/miniconda3/lib/python3.6/site-packages (from ipywidgets>=7.0.0->azureml-contrib-widgets) (4.8.2)
Requirement not upgraded as not directly required: traitlets>=4.3.1 in /home/ninghai/miniconda3/lib/python3.6/site-packages (from ipywidgets>=7.0.0->azureml-contrib-widgets) (4.3.2)
Requirement not upgraded as not directly required: nbformat>=4.2.0 in /home/ninghai/miniconda3/lib/python3.6/site-packages (from ipywidgets>=7.0.0->azureml-contrib-widgets) (4.4.0)
Requirement not upgraded as not directly required: widgetsnbextension~=3.2.0 in /home/ninghai/miniconda3/lib/python3.6/site-packages (from ipywidgets>=7.0.0->azureml-contrib-widgets) (3.2.1)
Requirement not upgraded as not directly required: ipython>=4.0.0 in /home/ninghai/miniconda3/lib/python3.6/site-packages (from ipywidgets>=7.0.0->azureml-contrib-widgets) (6.4.0)
Requirement not upgraded as not directly required: azureml-train-restclients-hyperdrive==0.1.0.978900 in /home/ninghai/miniconda3/lib/python3.6/site-packages (from azureml-train-core==0.1.0.978900->azureml-contrib-widgets) (0.1.0.978900)
Requirement not upgraded as not directly required: ndg-httpsclient in /home/ninghai/miniconda3/lib/python3.6/site-packages (from azureml-core==0.1.0.978900->azureml-contrib-widgets) (0.5.0)
Requirement not upgraded as not directly required: azure-mgmt-containerregistry>=1.0.1 in /home/ninghai/miniconda3/lib/python3.6/site-packages (from azureml-core==0.1.0.978900->azureml-contrib-widgets) (2.0.0)
Requirement not upgraded as not directly required: azure-storage-file in /home/ninghai/miniconda3/lib/python3.6/site-packages (from azureml-core==0.1.0.978900->azureml-contrib-widgets) (1.1.0)
Requirement not upgraded as not directly required: azure-graphrbac>=0.40.0 in /home/ninghai/miniconda3/lib/python3.6/site-packages (from azureml-core==0.1.0.978900->azureml-contrib-widgets) (0.40.0)
Requirement not upgraded as not directly required: six>=1.11.0 in /home/ninghai/miniconda3/lib/python3.6/site-packages (from azureml-core==0.1.0.978900->azureml-contrib-widgets) (1.11.0)
Requirement not upgraded as not directly required: azure-mgmt-keyvault>=0.40.0 in /home/ninghai/miniconda3/lib/python3.6/site-packages (from azureml-core==0.1.0.978900->azureml-contrib-widgets) (0.40.0)
Requirement not upgraded as not directly required: SecretStorage<3.0.0 in /home/ninghai/miniconda3/lib/python3.6/site-packages (from azureml-core==0.1.0.978900->azureml-contrib-widgets) (2.3.1)
Requirement not upgraded as not directly required: requests in /home/ninghai/miniconda3/lib/python3.6/site-packages (from azureml-core==0.1.0.978900->azureml-contrib-widgets) (2.18.4)
Requirement not upgraded as not directly required: msrest>=0.4.29 in /home/ninghai/miniconda3/lib/python3.6/site-packages (from azureml-core==0.1.0.978900->azureml-contrib-widgets) (0.4.29)
Requirement not upgraded as not directly required: azure-mgmt-storage>=1.5.0 in /home/ninghai/miniconda3/lib/python3.6/site-packages (from azureml-core==0.1.0.978900->azureml-contrib-widgets) (1.5.0)
Requirement not upgraded as not directly required: python-dateutil in /home/ninghai/miniconda3/lib/python3.6/site-packages (from azureml-core==0.1.0.978900->azureml-contrib-widgets) (2.7.3)
Requirement not upgraded as not directly required: azure-cli-core>=2.0.31 in /home/ninghai/miniconda3/lib/python3.6/site-packages (from azureml-core==0.1.0.978900->azureml-contrib-widgets) (2.0.33)
Requirement not upgraded as not directly required: pathspec in /home/ninghai/miniconda3/lib/python3.6/site-packages (from azureml-core==0.1.0.978900->azureml-contrib-widgets) (0.5.6)
Requirement not upgraded as not directly required: azure-storage-common in /home/ninghai/miniconda3/lib/python3.6/site-packages (from azureml-core==0.1.0.978900->azureml-contrib-widgets) (1.1.0)
Requirement not upgraded as not directly required: azure-mgmt-authorization>=0.40.0 in /home/ninghai/miniconda3/lib/python3.6/site-packages (from azureml-core==0.1.0.978900->azureml-contrib-widgets) (0.40.0)
Requirement not upgraded as not directly required: azure-cli-profile>=2.0.22 in /home/ninghai/miniconda3/lib/python3.6/site-packages (from azureml-core==0.1.0.978900->azureml-contrib-widgets) (2.0.25)
Requirement not upgraded as not directly required: jsonpickle in /home/ninghai/miniconda3/lib/python3.6/site-packages (from azureml-core==0.1.0.978900->azureml-contrib-widgets) (0.9.6)
Requirement not upgraded as not directly required: pathlib in /home/ninghai/miniconda3/lib/python3.6/site-packages (from azureml-core==0.1.0.978900->azureml-contrib-widgets) (1.0.1)
Requirement not upgraded as not directly required: contextlib2 in /home/ninghai/miniconda3/lib/python3.6/site-packages (from azureml-core==0.1.0.978900->azureml-contrib-widgets) (0.5.5)
Requirement not upgraded as not directly required: msrestazure>=0.4.29 in /home/ninghai/miniconda3/lib/python3.6/site-packages (from azureml-core==0.1.0.978900->azureml-contrib-widgets) (0.4.31)
Requirement not upgraded as not directly required: azure-storage-nspkg in /home/ninghai/miniconda3/lib/python3.6/site-packages (from azureml-core==0.1.0.978900->azureml-contrib-widgets) (3.0.0)
Requirement not upgraded as not directly required: azure-storage-blob in /home/ninghai/miniconda3/lib/python3.6/site-packages (from azureml-core==0.1.0.978900->azureml-contrib-widgets) (1.1.0)
Requirement not upgraded as not directly required: azure-mgmt-resource>=1.2.1 in /home/ninghai/miniconda3/lib/python3.6/site-packages (from azureml-core==0.1.0.978900->azureml-contrib-widgets) (1.2.2)
Requirement not upgraded as not directly required: ruamel.yaml>=0.15.35 in /home/ninghai/miniconda3/lib/python3.6/site-packages (from azureml-core==0.1.0.978900->azureml-contrib-widgets) (0.15.37)
Requirement not upgraded as not directly required: backports.tempfile in /home/ninghai/miniconda3/lib/python3.6/site-packages (from azureml-core==0.1.0.978900->azureml-contrib-widgets) (1.0)
Requirement not upgraded as not directly required: pytz in /home/ninghai/miniconda3/lib/python3.6/site-packages (from azureml-core==0.1.0.978900->azureml-contrib-widgets) (2018.4)
Requirement not upgraded as not directly required: jupyter_client in /home/ninghai/miniconda3/lib/python3.6/site-packages (from ipykernel>=4.5.1->ipywidgets>=7.0.0->azureml-contrib-widgets) (5.2.3)
Requirement not upgraded as not directly required: tornado>=4.0 in /home/ninghai/miniconda3/lib/python3.6/site-packages (from ipykernel>=4.5.1->ipywidgets>=7.0.0->azureml-contrib-widgets) (5.0.2)
Requirement not upgraded as not directly required: ipython_genutils in /home/ninghai/miniconda3/lib/python3.6/site-packages (from traitlets>=4.3.1->ipywidgets>=7.0.0->azureml-contrib-widgets) (0.2.0)
Requirement not upgraded as not directly required: decorator in /home/ninghai/miniconda3/lib/python3.6/site-packages (from traitlets>=4.3.1->ipywidgets>=7.0.0->azureml-contrib-widgets) (4.3.0)
Requirement not upgraded as not directly required: jsonschema!=2.5.0,>=2.4 in /home/ninghai/miniconda3/lib/python3.6/site-packages (from nbformat>=4.2.0->ipywidgets>=7.0.0->azureml-contrib-widgets) (2.6.0)
Requirement not upgraded as not directly required: jupyter_core in /home/ninghai/miniconda3/lib/python3.6/site-packages (from nbformat>=4.2.0->ipywidgets>=7.0.0->azureml-contrib-widgets) (4.4.0)
Requirement not upgraded as not directly required: notebook>=4.4.1 in /home/ninghai/miniconda3/lib/python3.6/site-packages (from widgetsnbextension~=3.2.0->ipywidgets>=7.0.0->azureml-contrib-widgets) (5.5.0)
Requirement not upgraded as not directly required: pygments in /home/ninghai/miniconda3/lib/python3.6/site-packages (from ipython>=4.0.0->ipywidgets>=7.0.0->azureml-contrib-widgets) (2.2.0)
Requirement not upgraded as not directly required: pexpect; sys_platform != "win32" in /home/ninghai/miniconda3/lib/python3.6/site-packages (from ipython>=4.0.0->ipywidgets>=7.0.0->azureml-contrib-widgets) (4.5.0)
Requirement not upgraded as not directly required: backcall in /home/ninghai/miniconda3/lib/python3.6/site-packages (from ipython>=4.0.0->ipywidgets>=7.0.0->azureml-contrib-widgets) (0.1.0)
Requirement not upgraded as not directly required: jedi>=0.10 in /home/ninghai/miniconda3/lib/python3.6/site-packages (from ipython>=4.0.0->ipywidgets>=7.0.0->azureml-contrib-widgets) (0.12.0)
Requirement not upgraded as not directly required: setuptools>=18.5 in /home/ninghai/miniconda3/lib/python3.6/site-packages (from ipython>=4.0.0->ipywidgets>=7.0.0->azureml-contrib-widgets) (38.4.0)
Requirement not upgraded as not directly required: simplegeneric>0.8 in /home/ninghai/miniconda3/lib/python3.6/site-packages (from ipython>=4.0.0->ipywidgets>=7.0.0->azureml-contrib-widgets) (0.8.1)
Requirement not upgraded as not directly required: pickleshare in /home/ninghai/miniconda3/lib/python3.6/site-packages (from ipython>=4.0.0->ipywidgets>=7.0.0->azureml-contrib-widgets) (0.7.4)
Requirement not upgraded as not directly required: prompt-toolkit<2.0.0,>=1.0.15 in /home/ninghai/miniconda3/lib/python3.6/site-packages (from ipython>=4.0.0->ipywidgets>=7.0.0->azureml-contrib-widgets) (1.0.15)
Requirement not upgraded as not directly required: certifi in /home/ninghai/miniconda3/lib/python3.6/site-packages (from azureml-train-restclients-hyperdrive==0.1.0.978900->azureml-train-core==0.1.0.978900->azureml-contrib-widgets) (2018.4.16)
Requirement not upgraded as not directly required: urllib3>=1.15 in /home/ninghai/miniconda3/lib/python3.6/site-packages (from azureml-train-restclients-hyperdrive==0.1.0.978900->azureml-train-core==0.1.0.978900->azureml-contrib-widgets) (1.22)
Requirement not upgraded as not directly required: pyasn1>=0.1.1 in /home/ninghai/miniconda3/lib/python3.6/site-packages (from ndg-httpsclient->azureml-core==0.1.0.978900->azureml-contrib-widgets) (0.4.3)
Requirement not upgraded as not directly required: PyOpenSSL in /home/ninghai/miniconda3/lib/python3.6/site-packages (from ndg-httpsclient->azureml-core==0.1.0.978900->azureml-contrib-widgets) (18.0.0)
Requirement not upgraded as not directly required: azure-common>=1.1.10,~=1.1 in /home/ninghai/miniconda3/lib/python3.6/site-packages (from azure-mgmt-containerregistry>=1.0.1->azureml-core==0.1.0.978900->azureml-contrib-widgets) (1.1.11)
Requirement not upgraded as not directly required: azure-mgmt-nspkg>=2.0.0 in /home/ninghai/miniconda3/lib/python3.6/site-packages (from azure-mgmt-containerregistry>=1.0.1->azureml-core==0.1.0.978900->azureml-contrib-widgets) (2.0.0)
Requirement not upgraded as not directly required: azure-nspkg>=2.0.0 in /home/ninghai/miniconda3/lib/python3.6/site-packages (from azure-graphrbac>=0.40.0->azureml-core==0.1.0.978900->azureml-contrib-widgets) (2.0.0)
Requirement not upgraded as not directly required: cryptography in /home/ninghai/miniconda3/lib/python3.6/site-packages (from SecretStorage<3.0.0->azureml-core==0.1.0.978900->azureml-contrib-widgets) (2.2.2)
Requirement not upgraded as not directly required: chardet<3.1.0,>=3.0.2 in /home/ninghai/miniconda3/lib/python3.6/site-packages (from requests->azureml-core==0.1.0.978900->azureml-contrib-widgets) (3.0.4)
Requirement not upgraded as not directly required: idna<2.7,>=2.5 in /home/ninghai/miniconda3/lib/python3.6/site-packages (from requests->azureml-core==0.1.0.978900->azureml-contrib-widgets) (2.6)
Requirement not upgraded as not directly required: isodate>=0.6.0 in /home/ninghai/miniconda3/lib/python3.6/site-packages (from msrest>=0.4.29->azureml-core==0.1.0.978900->azureml-contrib-widgets) (0.6.0)
Requirement not upgraded as not directly required: requests-oauthlib>=0.5.0 in /home/ninghai/miniconda3/lib/python3.6/site-packages (from msrest>=0.4.29->azureml-core==0.1.0.978900->azureml-contrib-widgets) (0.8.0)
Requirement not upgraded as not directly required: paramiko in /home/ninghai/miniconda3/lib/python3.6/site-packages (from azure-cli-core>=2.0.31->azureml-core==0.1.0.978900->azureml-contrib-widgets) (2.4.1)
Requirement not upgraded as not directly required: pyyaml in /home/ninghai/miniconda3/lib/python3.6/site-packages (from azure-cli-core>=2.0.31->azureml-core==0.1.0.978900->azureml-contrib-widgets) (3.12)
Requirement not upgraded as not directly required: humanfriendly>=4.7 in /home/ninghai/miniconda3/lib/python3.6/site-packages (from azure-cli-core>=2.0.31->azureml-core==0.1.0.978900->azureml-contrib-widgets) (4.12.1)
Requirement not upgraded as not directly required: jmespath in /home/ninghai/miniconda3/lib/python3.6/site-packages (from azure-cli-core>=2.0.31->azureml-core==0.1.0.978900->azureml-contrib-widgets) (0.9.3)
Requirement not upgraded as not directly required: tabulate<=0.8.2,>=0.7.7 in /home/ninghai/miniconda3/lib/python3.6/site-packages (from azure-cli-core>=2.0.31->azureml-core==0.1.0.978900->azureml-contrib-widgets) (0.8.2)
Requirement not upgraded as not directly required: argcomplete>=1.8.0 in /home/ninghai/miniconda3/lib/python3.6/site-packages (from azure-cli-core>=2.0.31->azureml-core==0.1.0.978900->azureml-contrib-widgets) (1.9.4)
Requirement not upgraded as not directly required: colorama>=0.3.9 in /home/ninghai/miniconda3/lib/python3.6/site-packages (from azure-cli-core>=2.0.31->azureml-core==0.1.0.978900->azureml-contrib-widgets) (0.3.9)
Requirement not upgraded as not directly required: pip in /home/ninghai/miniconda3/lib/python3.6/site-packages (from azure-cli-core>=2.0.31->azureml-core==0.1.0.978900->azureml-contrib-widgets) (10.0.1)
Requirement not upgraded as not directly required: PyJWT in /home/ninghai/miniconda3/lib/python3.6/site-packages (from azure-cli-core>=2.0.31->azureml-core==0.1.0.978900->azureml-contrib-widgets) (1.6.4)
Requirement not upgraded as not directly required: wheel==0.30.0 in /home/ninghai/miniconda3/lib/python3.6/site-packages (from azure-cli-core>=2.0.31->azureml-core==0.1.0.978900->azureml-contrib-widgets) (0.30.0)
Requirement not upgraded as not directly required: azure-cli-nspkg>=2.0.0 in /home/ninghai/miniconda3/lib/python3.6/site-packages (from azure-cli-core>=2.0.31->azureml-core==0.1.0.978900->azureml-contrib-widgets) (3.0.2)
Requirement not upgraded as not directly required: applicationinsights>=0.11.1 in /home/ninghai/miniconda3/lib/python3.6/site-packages (from azure-cli-core>=2.0.31->azureml-core==0.1.0.978900->azureml-contrib-widgets) (0.11.3)
Requirement not upgraded as not directly required: knack==0.3.3 in /home/ninghai/miniconda3/lib/python3.6/site-packages (from azure-cli-core>=2.0.31->azureml-core==0.1.0.978900->azureml-contrib-widgets) (0.3.3)
Requirement not upgraded as not directly required: azure-cli-command-modules-nspkg>=2.0.0 in /home/ninghai/miniconda3/lib/python3.6/site-packages (from azure-cli-profile>=2.0.22->azureml-core==0.1.0.978900->azureml-contrib-widgets) (2.0.1)
Requirement not upgraded as not directly required: adal<2.0.0,>=0.5.0 in /home/ninghai/miniconda3/lib/python3.6/site-packages (from msrestazure>=0.4.29->azureml-core==0.1.0.978900->azureml-contrib-widgets) (0.6.0)
Requirement not upgraded as not directly required: keyring>=12.0.2 in /home/ninghai/miniconda3/lib/python3.6/site-packages (from msrestazure>=0.4.29->azureml-core==0.1.0.978900->azureml-contrib-widgets) (12.2.1)
Requirement not upgraded as not directly required: backports.weakref in /home/ninghai/miniconda3/lib/python3.6/site-packages (from backports.tempfile->azureml-core==0.1.0.978900->azureml-contrib-widgets) (1.0.post1)
Requirement not upgraded as not directly required: pyzmq>=13 in /home/ninghai/miniconda3/lib/python3.6/site-packages (from jupyter_client->ipykernel>=4.5.1->ipywidgets>=7.0.0->azureml-contrib-widgets) (17.0.0)
Requirement not upgraded as not directly required: terminado>=0.8.1 in /home/ninghai/miniconda3/lib/python3.6/site-packages (from notebook>=4.4.1->widgetsnbextension~=3.2.0->ipywidgets>=7.0.0->azureml-contrib-widgets) (0.8.1)
Requirement not upgraded as not directly required: jinja2 in /home/ninghai/miniconda3/lib/python3.6/site-packages (from notebook>=4.4.1->widgetsnbextension~=3.2.0->ipywidgets>=7.0.0->azureml-contrib-widgets) (2.10)
Requirement not upgraded as not directly required: nbconvert in /home/ninghai/miniconda3/lib/python3.6/site-packages (from notebook>=4.4.1->widgetsnbextension~=3.2.0->ipywidgets>=7.0.0->azureml-contrib-widgets) (5.3.1)
Requirement not upgraded as not directly required: Send2Trash in /home/ninghai/miniconda3/lib/python3.6/site-packages (from notebook>=4.4.1->widgetsnbextension~=3.2.0->ipywidgets>=7.0.0->azureml-contrib-widgets) (1.5.0)
Requirement not upgraded as not directly required: ptyprocess>=0.5 in /home/ninghai/miniconda3/lib/python3.6/site-packages (from pexpect; sys_platform != "win32"->ipython>=4.0.0->ipywidgets>=7.0.0->azureml-contrib-widgets) (0.5.2)
Requirement not upgraded as not directly required: parso>=0.2.0 in /home/ninghai/miniconda3/lib/python3.6/site-packages (from jedi>=0.10->ipython>=4.0.0->ipywidgets>=7.0.0->azureml-contrib-widgets) (0.2.0)
Requirement not upgraded as not directly required: wcwidth in /home/ninghai/miniconda3/lib/python3.6/site-packages (from prompt-toolkit<2.0.0,>=1.0.15->ipython>=4.0.0->ipywidgets>=7.0.0->azureml-contrib-widgets) (0.1.7)
Requirement not upgraded as not directly required: asn1crypto>=0.21.0 in /home/ninghai/miniconda3/lib/python3.6/site-packages (from cryptography->SecretStorage<3.0.0->azureml-core==0.1.0.978900->azureml-contrib-widgets) (0.24.0)
Requirement not upgraded as not directly required: cffi>=1.7; platform_python_implementation != "PyPy" in /home/ninghai/miniconda3/lib/python3.6/site-packages (from cryptography->SecretStorage<3.0.0->azureml-core==0.1.0.978900->azureml-contrib-widgets) (1.11.5)
Requirement not upgraded as not directly required: oauthlib>=0.6.2 in /home/ninghai/miniconda3/lib/python3.6/site-packages (from requests-oauthlib>=0.5.0->msrest>=0.4.29->azureml-core==0.1.0.978900->azureml-contrib-widgets) (2.1.0)
Requirement not upgraded as not directly required: bcrypt>=3.1.3 in /home/ninghai/miniconda3/lib/python3.6/site-packages (from paramiko->azure-cli-core>=2.0.31->azureml-core==0.1.0.978900->azureml-contrib-widgets) (3.1.4)
Requirement not upgraded as not directly required: pynacl>=1.0.1 in /home/ninghai/miniconda3/lib/python3.6/site-packages (from paramiko->azure-cli-core>=2.0.31->azureml-core==0.1.0.978900->azureml-contrib-widgets) (1.2.1)
Requirement not upgraded as not directly required: entrypoints in /home/ninghai/miniconda3/lib/python3.6/site-packages (from keyring>=12.0.2->msrestazure>=0.4.29->azureml-core==0.1.0.978900->azureml-contrib-widgets) (0.2.3)
Requirement not upgraded as not directly required: MarkupSafe>=0.23 in /home/ninghai/miniconda3/lib/python3.6/site-packages (from jinja2->notebook>=4.4.1->widgetsnbextension~=3.2.0->ipywidgets>=7.0.0->azureml-contrib-widgets) (1.0)
Requirement not upgraded as not directly required: mistune>=0.7.4 in /home/ninghai/miniconda3/lib/python3.6/site-packages (from nbconvert->notebook>=4.4.1->widgetsnbextension~=3.2.0->ipywidgets>=7.0.0->azureml-contrib-widgets) (0.8.3)
Requirement not upgraded as not directly required: bleach in /home/ninghai/miniconda3/lib/python3.6/site-packages (from nbconvert->notebook>=4.4.1->widgetsnbextension~=3.2.0->ipywidgets>=7.0.0->azureml-contrib-widgets) (2.1.3)
Requirement not upgraded as not directly required: pandocfilters>=1.4.1 in /home/ninghai/miniconda3/lib/python3.6/site-packages (from nbconvert->notebook>=4.4.1->widgetsnbextension~=3.2.0->ipywidgets>=7.0.0->azureml-contrib-widgets) (1.4.2)
Requirement not upgraded as not directly required: testpath in /home/ninghai/miniconda3/lib/python3.6/site-packages (from nbconvert->notebook>=4.4.1->widgetsnbextension~=3.2.0->ipywidgets>=7.0.0->azureml-contrib-widgets) (0.3.1)
Requirement not upgraded as not directly required: pycparser in /home/ninghai/miniconda3/lib/python3.6/site-packages (from cffi>=1.7; platform_python_implementation != "PyPy"->cryptography->SecretStorage<3.0.0->azureml-core==0.1.0.978900->azureml-contrib-widgets) (2.18)
Requirement not upgraded as not directly required: html5lib!=1.0b1,!=1.0b2,!=1.0b3,!=1.0b4,!=1.0b5,!=1.0b6,!=1.0b7,!=1.0b8,>=0.99999999pre in /home/ninghai/miniconda3/lib/python3.6/site-packages (from bleach->nbconvert->notebook>=4.4.1->widgetsnbextension~=3.2.0->ipywidgets>=7.0.0->azureml-contrib-widgets) (1.0.1)
Requirement not upgraded as not directly required: webencodings in /home/ninghai/miniconda3/lib/python3.6/site-packages (from html5lib!=1.0b1,!=1.0b2,!=1.0b3,!=1.0b4,!=1.0b5,!=1.0b6,!=1.0b7,!=1.0b8,>=0.99999999pre->bleach->nbconvert->notebook>=4.4.1->widgetsnbextension~=3.2.0->ipywidgets>=7.0.0->azureml-contrib-widgets) (0.5.1)
Installing collected packages: azureml-contrib-widgets
Successfully installed azureml-contrib-widgets-0.1.0.978900
Looking in indexes: https://pypi.org/simple, https://azuremlsdktestpypi.azureedge.net/sdk-release/master/588E708E0DF342C4A80BD954289657CF
Collecting azureml-contrib-daskonbatch
  Downloading https://azuremlsdktestpypi.blob.core.windows.net/repo/sdk-release/master/588E708E0DF342C4A80BD954289657CF/azureml_contrib_daskonbatch-0.1.0.978900-py3-none-any.whl?sv=2017-04-17&sr=b&sig=EHSn%2BnDyQNRNB4hNPI9fyZN4FrYA95WdHdQjRLrlHe4%3D&st=2018-05-29T17%3A25%3A09Z&se=2019-05-29T17%3A25%3A09Z&sp=rl
Collecting joblib==0.11 (from azureml-contrib-daskonbatch)
  Using cached https://files.pythonhosted.org/packages/4f/51/870b2ec270fc29c5d89f85353da420606a9cb39fba4747127e7c7d7eb25d/joblib-0.11-py2.py3-none-any.whl
Requirement not upgraded as not directly required: azureml-core==0.1.0.978900 in /home/ninghai/miniconda3/lib/python3.6/site-packages (from azureml-contrib-daskonbatch) (0.1.0.978900)
Collecting distributed==1.21.0 (from azureml-contrib-daskonbatch)
  Using cached https://files.pythonhosted.org/packages/fe/c0/074d190e0309899e95c112166c319b32291160ea1871bb9dc5b611577844/distributed-1.21.0-py2.py3-none-any.whl
Requirement not upgraded as not directly required: azure-mgmt-storage>=1.5.0 in /home/ninghai/miniconda3/lib/python3.6/site-packages (from azureml-core==0.1.0.978900->azureml-contrib-daskonbatch) (1.5.0)
Requirement not upgraded as not directly required: pathlib in /home/ninghai/miniconda3/lib/python3.6/site-packages (from azureml-core==0.1.0.978900->azureml-contrib-daskonbatch) (1.0.1)
Requirement not upgraded as not directly required: requests in /home/ninghai/miniconda3/lib/python3.6/site-packages (from azureml-core==0.1.0.978900->azureml-contrib-daskonbatch) (2.18.4)
Requirement not upgraded as not directly required: python-dateutil in /home/ninghai/miniconda3/lib/python3.6/site-packages (from azureml-core==0.1.0.978900->azureml-contrib-daskonbatch) (2.7.3)
Requirement not upgraded as not directly required: azure-mgmt-resource>=1.2.1 in /home/ninghai/miniconda3/lib/python3.6/site-packages (from azureml-core==0.1.0.978900->azureml-contrib-daskonbatch) (1.2.2)
Requirement not upgraded as not directly required: azure-storage-nspkg in /home/ninghai/miniconda3/lib/python3.6/site-packages (from azureml-core==0.1.0.978900->azureml-contrib-daskonbatch) (3.0.0)
Requirement not upgraded as not directly required: azure-cli-core>=2.0.31 in /home/ninghai/miniconda3/lib/python3.6/site-packages (from azureml-core==0.1.0.978900->azureml-contrib-daskonbatch) (2.0.33)
Requirement not upgraded as not directly required: azure-mgmt-keyvault>=0.40.0 in /home/ninghai/miniconda3/lib/python3.6/site-packages (from azureml-core==0.1.0.978900->azureml-contrib-daskonbatch) (0.40.0)
Requirement not upgraded as not directly required: azure-cli-profile>=2.0.22 in /home/ninghai/miniconda3/lib/python3.6/site-packages (from azureml-core==0.1.0.978900->azureml-contrib-daskonbatch) (2.0.25)
Requirement not upgraded as not directly required: azure-mgmt-containerregistry>=1.0.1 in /home/ninghai/miniconda3/lib/python3.6/site-packages (from azureml-core==0.1.0.978900->azureml-contrib-daskonbatch) (2.0.0)
Requirement not upgraded as not directly required: jsonpickle in /home/ninghai/miniconda3/lib/python3.6/site-packages (from azureml-core==0.1.0.978900->azureml-contrib-daskonbatch) (0.9.6)
Requirement not upgraded as not directly required: SecretStorage<3.0.0 in /home/ninghai/miniconda3/lib/python3.6/site-packages (from azureml-core==0.1.0.978900->azureml-contrib-daskonbatch) (2.3.1)
Requirement not upgraded as not directly required: azure-storage-blob in /home/ninghai/miniconda3/lib/python3.6/site-packages (from azureml-core==0.1.0.978900->azureml-contrib-daskonbatch) (1.1.0)
Requirement not upgraded as not directly required: backports.tempfile in /home/ninghai/miniconda3/lib/python3.6/site-packages (from azureml-core==0.1.0.978900->azureml-contrib-daskonbatch) (1.0)
Requirement not upgraded as not directly required: six>=1.11.0 in /home/ninghai/miniconda3/lib/python3.6/site-packages (from azureml-core==0.1.0.978900->azureml-contrib-daskonbatch) (1.11.0)
Requirement not upgraded as not directly required: msrest>=0.4.29 in /home/ninghai/miniconda3/lib/python3.6/site-packages (from azureml-core==0.1.0.978900->azureml-contrib-daskonbatch) (0.4.29)
Requirement not upgraded as not directly required: contextlib2 in /home/ninghai/miniconda3/lib/python3.6/site-packages (from azureml-core==0.1.0.978900->azureml-contrib-daskonbatch) (0.5.5)
Requirement not upgraded as not directly required: msrestazure>=0.4.29 in /home/ninghai/miniconda3/lib/python3.6/site-packages (from azureml-core==0.1.0.978900->azureml-contrib-daskonbatch) (0.4.31)
Requirement not upgraded as not directly required: azure-mgmt-authorization>=0.40.0 in /home/ninghai/miniconda3/lib/python3.6/site-packages (from azureml-core==0.1.0.978900->azureml-contrib-daskonbatch) (0.40.0)
Requirement not upgraded as not directly required: azure-storage-file in /home/ninghai/miniconda3/lib/python3.6/site-packages (from azureml-core==0.1.0.978900->azureml-contrib-daskonbatch) (1.1.0)
Requirement not upgraded as not directly required: azure-storage-common in /home/ninghai/miniconda3/lib/python3.6/site-packages (from azureml-core==0.1.0.978900->azureml-contrib-daskonbatch) (1.1.0)
Requirement not upgraded as not directly required: azure-graphrbac>=0.40.0 in /home/ninghai/miniconda3/lib/python3.6/site-packages (from azureml-core==0.1.0.978900->azureml-contrib-daskonbatch) (0.40.0)
Requirement not upgraded as not directly required: ruamel.yaml>=0.15.35 in /home/ninghai/miniconda3/lib/python3.6/site-packages (from azureml-core==0.1.0.978900->azureml-contrib-daskonbatch) (0.15.37)
Requirement not upgraded as not directly required: pathspec in /home/ninghai/miniconda3/lib/python3.6/site-packages (from azureml-core==0.1.0.978900->azureml-contrib-daskonbatch) (0.5.6)
Requirement not upgraded as not directly required: pytz in /home/ninghai/miniconda3/lib/python3.6/site-packages (from azureml-core==0.1.0.978900->azureml-contrib-daskonbatch) (2018.4)
Requirement not upgraded as not directly required: ndg-httpsclient in /home/ninghai/miniconda3/lib/python3.6/site-packages (from azureml-core==0.1.0.978900->azureml-contrib-daskonbatch) (0.5.0)
Collecting zict>=0.1.3 (from distributed==1.21.0->azureml-contrib-daskonbatch)
  Using cached https://files.pythonhosted.org/packages/5d/c9/eddd6c9a7ebd65fc799f9b87e56b45599a4e35d66e3da2722d7fc2a89f1f/zict-0.1.3-py2.py3-none-any.whl
Collecting sortedcontainers (from distributed==1.21.0->azureml-contrib-daskonbatch)
  Using cached https://files.pythonhosted.org/packages/de/20/1403d968975ff68eef437793d11d0f4798709f441870de1a4e240c859c19/sortedcontainers-2.0.2-py2.py3-none-any.whl
Collecting toolz>=0.7.4 (from distributed==1.21.0->azureml-contrib-daskonbatch)
Collecting dask>=0.17.0 (from distributed==1.21.0->azureml-contrib-daskonbatch)
  Using cached https://files.pythonhosted.org/packages/91/1a/71be14f468f8f3f94e708afd5662cf75a0ca33a78924ca9f129a9c45c66b/dask-0.17.5-py3-none-any.whl
Collecting cloudpickle>=0.2.2 (from distributed==1.21.0->azureml-contrib-daskonbatch)
  Using cached https://files.pythonhosted.org/packages/e7/bf/60ae7ec1e8c6742d2abbb6819c39a48ee796793bcdb7e1d5e41a3e379ddd/cloudpickle-0.5.3-py2.py3-none-any.whl
Collecting click>=6.6 (from distributed==1.21.0->azureml-contrib-daskonbatch)
  Using cached https://files.pythonhosted.org/packages/34/c1/8806f99713ddb993c5366c362b2f908f18269f8d792aff1abfd700775a77/click-6.7-py2.py3-none-any.whl
Collecting psutil (from distributed==1.21.0->azureml-contrib-daskonbatch)
Collecting msgpack-python (from distributed==1.21.0->azureml-contrib-daskonbatch)
Collecting tblib (from distributed==1.21.0->azureml-contrib-daskonbatch)
  Using cached https://files.pythonhosted.org/packages/4a/82/1b9fba6e93629a8557f9784cd8f1ae063c8762c26446367a6764edd328ce/tblib-1.3.2-py2.py3-none-any.whl
Requirement not upgraded as not directly required: tornado>=4.5.1 in /home/ninghai/miniconda3/lib/python3.6/site-packages (from distributed==1.21.0->azureml-contrib-daskonbatch) (5.0.2)
Requirement not upgraded as not directly required: azure-mgmt-nspkg>=2.0.0 in /home/ninghai/miniconda3/lib/python3.6/site-packages (from azure-mgmt-storage>=1.5.0->azureml-core==0.1.0.978900->azureml-contrib-daskonbatch) (2.0.0)
Requirement not upgraded as not directly required: azure-common~=1.1 in /home/ninghai/miniconda3/lib/python3.6/site-packages (from azure-mgmt-storage>=1.5.0->azureml-core==0.1.0.978900->azureml-contrib-daskonbatch) (1.1.11)
Requirement not upgraded as not directly required: chardet<3.1.0,>=3.0.2 in /home/ninghai/miniconda3/lib/python3.6/site-packages (from requests->azureml-core==0.1.0.978900->azureml-contrib-daskonbatch) (3.0.4)
Requirement not upgraded as not directly required: idna<2.7,>=2.5 in /home/ninghai/miniconda3/lib/python3.6/site-packages (from requests->azureml-core==0.1.0.978900->azureml-contrib-daskonbatch) (2.6)
Requirement not upgraded as not directly required: urllib3<1.23,>=1.21.1 in /home/ninghai/miniconda3/lib/python3.6/site-packages (from requests->azureml-core==0.1.0.978900->azureml-contrib-daskonbatch) (1.22)
Requirement not upgraded as not directly required: certifi>=2017.4.17 in /home/ninghai/miniconda3/lib/python3.6/site-packages (from requests->azureml-core==0.1.0.978900->azureml-contrib-daskonbatch) (2018.4.16)
Requirement not upgraded as not directly required: azure-nspkg>=2.0.0 in /home/ninghai/miniconda3/lib/python3.6/site-packages (from azure-storage-nspkg->azureml-core==0.1.0.978900->azureml-contrib-daskonbatch) (2.0.0)
Requirement not upgraded as not directly required: applicationinsights>=0.11.1 in /home/ninghai/miniconda3/lib/python3.6/site-packages (from azure-cli-core>=2.0.31->azureml-core==0.1.0.978900->azureml-contrib-daskonbatch) (0.11.3)
Requirement not upgraded as not directly required: jmespath in /home/ninghai/miniconda3/lib/python3.6/site-packages (from azure-cli-core>=2.0.31->azureml-core==0.1.0.978900->azureml-contrib-daskonbatch) (0.9.3)
Requirement not upgraded as not directly required: argcomplete>=1.8.0 in /home/ninghai/miniconda3/lib/python3.6/site-packages (from azure-cli-core>=2.0.31->azureml-core==0.1.0.978900->azureml-contrib-daskonbatch) (1.9.4)
Requirement not upgraded as not directly required: paramiko in /home/ninghai/miniconda3/lib/python3.6/site-packages (from azure-cli-core>=2.0.31->azureml-core==0.1.0.978900->azureml-contrib-daskonbatch) (2.4.1)
Requirement not upgraded as not directly required: pyopenssl>=17.1.0 in /home/ninghai/miniconda3/lib/python3.6/site-packages (from azure-cli-core>=2.0.31->azureml-core==0.1.0.978900->azureml-contrib-daskonbatch) (18.0.0)
Requirement not upgraded as not directly required: PyJWT in /home/ninghai/miniconda3/lib/python3.6/site-packages (from azure-cli-core>=2.0.31->azureml-core==0.1.0.978900->azureml-contrib-daskonbatch) (1.6.4)
Requirement not upgraded as not directly required: tabulate<=0.8.2,>=0.7.7 in /home/ninghai/miniconda3/lib/python3.6/site-packages (from azure-cli-core>=2.0.31->azureml-core==0.1.0.978900->azureml-contrib-daskonbatch) (0.8.2)
Requirement not upgraded as not directly required: azure-cli-nspkg>=2.0.0 in /home/ninghai/miniconda3/lib/python3.6/site-packages (from azure-cli-core>=2.0.31->azureml-core==0.1.0.978900->azureml-contrib-daskonbatch) (3.0.2)
Requirement not upgraded as not directly required: pyyaml in /home/ninghai/miniconda3/lib/python3.6/site-packages (from azure-cli-core>=2.0.31->azureml-core==0.1.0.978900->azureml-contrib-daskonbatch) (3.12)
Requirement not upgraded as not directly required: knack==0.3.3 in /home/ninghai/miniconda3/lib/python3.6/site-packages (from azure-cli-core>=2.0.31->azureml-core==0.1.0.978900->azureml-contrib-daskonbatch) (0.3.3)
Requirement not upgraded as not directly required: wheel==0.30.0 in /home/ninghai/miniconda3/lib/python3.6/site-packages (from azure-cli-core>=2.0.31->azureml-core==0.1.0.978900->azureml-contrib-daskonbatch) (0.30.0)
Requirement not upgraded as not directly required: pip in /home/ninghai/miniconda3/lib/python3.6/site-packages (from azure-cli-core>=2.0.31->azureml-core==0.1.0.978900->azureml-contrib-daskonbatch) (10.0.1)
Requirement not upgraded as not directly required: pygments in /home/ninghai/miniconda3/lib/python3.6/site-packages (from azure-cli-core>=2.0.31->azureml-core==0.1.0.978900->azureml-contrib-daskonbatch) (2.2.0)
Requirement not upgraded as not directly required: humanfriendly>=4.7 in /home/ninghai/miniconda3/lib/python3.6/site-packages (from azure-cli-core>=2.0.31->azureml-core==0.1.0.978900->azureml-contrib-daskonbatch) (4.12.1)
Requirement not upgraded as not directly required: colorama>=0.3.9 in /home/ninghai/miniconda3/lib/python3.6/site-packages (from azure-cli-core>=2.0.31->azureml-core==0.1.0.978900->azureml-contrib-daskonbatch) (0.3.9)
Requirement not upgraded as not directly required: azure-cli-command-modules-nspkg>=2.0.0 in /home/ninghai/miniconda3/lib/python3.6/site-packages (from azure-cli-profile>=2.0.22->azureml-core==0.1.0.978900->azureml-contrib-daskonbatch) (2.0.1)
Requirement not upgraded as not directly required: cryptography in /home/ninghai/miniconda3/lib/python3.6/site-packages (from SecretStorage<3.0.0->azureml-core==0.1.0.978900->azureml-contrib-daskonbatch) (2.2.2)
Requirement not upgraded as not directly required: backports.weakref in /home/ninghai/miniconda3/lib/python3.6/site-packages (from backports.tempfile->azureml-core==0.1.0.978900->azureml-contrib-daskonbatch) (1.0.post1)
Requirement not upgraded as not directly required: isodate>=0.6.0 in /home/ninghai/miniconda3/lib/python3.6/site-packages (from msrest>=0.4.29->azureml-core==0.1.0.978900->azureml-contrib-daskonbatch) (0.6.0)
Requirement not upgraded as not directly required: requests-oauthlib>=0.5.0 in /home/ninghai/miniconda3/lib/python3.6/site-packages (from msrest>=0.4.29->azureml-core==0.1.0.978900->azureml-contrib-daskonbatch) (0.8.0)
Requirement not upgraded as not directly required: adal<2.0.0,>=0.5.0 in /home/ninghai/miniconda3/lib/python3.6/site-packages (from msrestazure>=0.4.29->azureml-core==0.1.0.978900->azureml-contrib-daskonbatch) (0.6.0)
Requirement not upgraded as not directly required: keyring>=12.0.2 in /home/ninghai/miniconda3/lib/python3.6/site-packages (from msrestazure>=0.4.29->azureml-core==0.1.0.978900->azureml-contrib-daskonbatch) (12.2.1)
Requirement not upgraded as not directly required: pyasn1>=0.1.1 in /home/ninghai/miniconda3/lib/python3.6/site-packages (from ndg-httpsclient->azureml-core==0.1.0.978900->azureml-contrib-daskonbatch) (0.4.3)
Collecting heapdict (from zict>=0.1.3->distributed==1.21.0->azureml-contrib-daskonbatch)
Requirement not upgraded as not directly required: bcrypt>=3.1.3 in /home/ninghai/miniconda3/lib/python3.6/site-packages (from paramiko->azure-cli-core>=2.0.31->azureml-core==0.1.0.978900->azureml-contrib-daskonbatch) (3.1.4)
Requirement not upgraded as not directly required: pynacl>=1.0.1 in /home/ninghai/miniconda3/lib/python3.6/site-packages (from paramiko->azure-cli-core>=2.0.31->azureml-core==0.1.0.978900->azureml-contrib-daskonbatch) (1.2.1)
Requirement not upgraded as not directly required: cffi>=1.7; platform_python_implementation != "PyPy" in /home/ninghai/miniconda3/lib/python3.6/site-packages (from cryptography->SecretStorage<3.0.0->azureml-core==0.1.0.978900->azureml-contrib-daskonbatch) (1.11.5)
Requirement not upgraded as not directly required: asn1crypto>=0.21.0 in /home/ninghai/miniconda3/lib/python3.6/site-packages (from cryptography->SecretStorage<3.0.0->azureml-core==0.1.0.978900->azureml-contrib-daskonbatch) (0.24.0)
Requirement not upgraded as not directly required: oauthlib>=0.6.2 in /home/ninghai/miniconda3/lib/python3.6/site-packages (from requests-oauthlib>=0.5.0->msrest>=0.4.29->azureml-core==0.1.0.978900->azureml-contrib-daskonbatch) (2.1.0)
Requirement not upgraded as not directly required: entrypoints in /home/ninghai/miniconda3/lib/python3.6/site-packages (from keyring>=12.0.2->msrestazure>=0.4.29->azureml-core==0.1.0.978900->azureml-contrib-daskonbatch) (0.2.3)
Requirement not upgraded as not directly required: pycparser in /home/ninghai/miniconda3/lib/python3.6/site-packages (from cffi>=1.7; platform_python_implementation != "PyPy"->cryptography->SecretStorage<3.0.0->azureml-core==0.1.0.978900->azureml-contrib-daskonbatch) (2.18)
Installing collected packages: joblib, heapdict, zict, sortedcontainers, toolz, dask, cloudpickle, click, psutil, msgpack-python, tblib, distributed, azureml-contrib-daskonbatch
Successfully installed azureml-contrib-daskonbatch-0.1.0.978900 click-6.7 cloudpickle-0.5.3 dask-0.17.5 distributed-1.21.0 heapdict-1.0.0 joblib-0.11 msgpack-python-0.5.6 psutil-5.4.5 sortedcontainers-2.0.2 tblib-1.3.2 toolz-0.9.0 zict-0.1.3

###### azureml.core ########
0.1.0.978900
############################
