/data/git/hai/e2e_test
*** git branch status before ***
  candidate
  daily
* master
On branch master
Your branch is up-to-date with 'origin/master'.
nothing to commit, working directory clean
*** preview ***
HEAD is now at c890ccc mnist
git checkout master
Your branch is up-to-date with 'origin/master'.
Already up-to-date.
*** git branch status after ***
  candidate
  daily
* master
On branch master
Your branch is up-to-date with 'origin/master'.
nothing to commit, working directory clean
###################################
START AT: 2018-06-13-20:02:29
###################################


##### 01.interactive.e2e.py (2018-06-13-20:02:29) ######
Azure ML Core SDK Version: 0.1.0.1027341
Found config.json in: /data/git/hai/e2e_test/aml_config/config.json
Workspace details:
aml-notebooks haieastus2ws3 eastus2
start sequential parameter sweep...
try alpha value of 0.00
try alpha value of 0.05
try alpha value of 0.10
try alpha value of 0.15
try alpha value of 0.20
try alpha value of 0.25
try alpha value of 0.30
try alpha value of 0.35
try alpha value of 0.40
try alpha value of 0.45
try alpha value of 0.50
try alpha value of 0.55
try alpha value of 0.60
try alpha value of 0.65
try alpha value of 0.70
try alpha value of 0.75
try alpha value of 0.80
try alpha value of 0.85
try alpha value of 0.90
try alpha value of 0.95
Find the best run.
Best run is: 6ea2bbe2-476c-4f77-b73e-37b54bf690e5
Metrics: {'alpha': 0.4, 'mse': 3295.741064355809, 'columns': ['age', 'gender', 'bmi', 'bp', 's1', 's2', 's3', 's4', 's5', 's6']}
Run history url:
https://mlworkspace.azureml-test.net/home/%2Fsubscriptions%2Ffac34303-435d-4486-8c3f-7094d82a0b60%2FresourceGroups%2Faml-notebooks%2Fproviders%2FMicrosoft.MachineLearningServices%2Fworkspaces%2Fhaieastus2ws3/projects/e2e-01/run-history/run-details/6ea2bbe2-476c-4f77-b73e-37b54bf690e5
plot mse_over_alpha.png
upload mse_over_alpha.png.
deploying to ACI...
Registering model best_model.pkl
Creating image
Image creation operation finished for image rrs01-preview:19, operation "Succeeded"
Creating service


##### 02.local.py (2018-06-13-20:06:23) ################
Azure ML Core SDK Version: 0.1.0.1027341
Found config.json in: /data/git/hai/e2e_test/aml_config/config.json
Workspace details:
aml-notebooks haieastus2ws3 eastus2
/tmp/e2e-test/02 already exists, remove it.
/tmp/e2e-test/02
e2e-02
copy train-sklearn.py to the project folder.
load run config

##################################################
submitting train-sklearn.py for a local run...
##################################################

https://mlworkspace.azureml-test.net/home/%2Fsubscriptions%2Ffac34303-435d-4486-8c3f-7094d82a0b60%2FresourceGroups%2Faml-notebooks%2Fproviders%2FMicrosoft.MachineLearningServices%2Fworkspaces%2Fhaieastus2ws3/projects/e2e-02/run-history/run-details/e2e-02_1528934785
RunId: e2e-02_1528934785

Streaming azureml-logs/80_driver_log.txt
========================================

Accept header absent and forced to application/json
Accept header absent and forced to application/json
Accept header absent and forced to application/json
Accept header absent and forced to application/json
Accept header absent and forced to application/json
Accept header absent and forced to application/json
alpha is 0.00, and mse is 3424.32
Accept header absent and forced to application/json
Accept header absent and forced to application/json
alpha is 0.05, and mse is 3408.92
Accept header absent and forced to application/json
Accept header absent and forced to application/json
alpha is 0.10, and mse is 3372.65
Accept header absent and forced to application/json
Accept header absent and forced to application/json
alpha is 0.15, and mse is 3345.15
Accept header absent and forced to application/json
Accept header absent and forced to application/json
alpha is 0.20, and mse is 3325.29
Accept header absent and forced to application/json
Accept header absent and forced to application/json
alpha is 0.25, and mse is 3311.56
Accept header absent and forced to application/json
Accept header absent and forced to application/json
alpha is 0.30, and mse is 3302.67
Accept header absent and forced to application/json
Accept header absent and forced to application/json
alpha is 0.35, and mse is 3297.66
Accept header absent and forced to application/json
Accept header absent and forced to application/json
alpha is 0.40, and mse is 3295.74
Accept header absent and forced to application/json
Accept header absent and forced to application/json
alpha is 0.45, and mse is 3296.32
Accept header absent and forced to application/json
Accept header absent and forced to application/json
alpha is 0.50, and mse is 3298.91
Accept header absent and forced to application/json
Accept header absent and forced to application/json
alpha is 0.55, and mse is 3303.14
Accept header absent and forced to application/json
Accept header absent and forced to application/json
alpha is 0.60, and mse is 3308.70
Accept header absent and forced to application/json
Accept header absent and forced to application/json
alpha is 0.65, and mse is 3315.36
Accept header absent and forced to application/json
Accept header absent and forced to application/json
alpha is 0.70, and mse is 3322.90
Accept header absent and forced to application/json
Accept header absent and forced to application/json
alpha is 0.75, and mse is 3331.17
Accept header absent and forced to application/json
Accept header absent and forced to application/json
alpha is 0.80, and mse is 3340.02
Accept header absent and forced to application/json
Accept header absent and forced to application/json
alpha is 0.85, and mse is 3349.36
Accept header absent and forced to application/json
Accept header absent and forced to application/json
alpha is 0.90, and mse is 3359.09
Accept header absent and forced to application/json
Accept header absent and forced to application/json
alpha is 0.95, and mse is 3369.13
The experiment completed successfully. Starting post-processing steps.
Accept header absent and forced to application/json
Accept header absent and forced to application/json
Accept header absent and forced to application/json
Accept header absent and forced to application/json
Accept header absent and forced to application/json
Accept header absent and forced to application/json
Accept header absent and forced to application/json
Accept header absent and forced to application/json
Accept header absent and forced to application/json
Accept header absent and forced to application/json
Accept header absent and forced to application/json
Accept header absent and forced to application/json
Accept header absent and forced to application/json
Accept header absent and forced to application/json
Accept header absent and forced to application/json
Accept header absent and forced to application/json
Accept header absent and forced to application/json
Accept header absent and forced to application/json
Accept header absent and forced to application/json
Accept header absent and forced to application/json
Accept header absent and forced to application/json
Accept header absent and forced to application/json

Execution Summary
=================
RunId: e2e-02_1528934785


##################################################
Submitting train-sklearn.py for a local conda run...
##################################################

https://mlworkspace.azureml-test.net/home/%2Fsubscriptions%2Ffac34303-435d-4486-8c3f-7094d82a0b60%2FresourceGroups%2Faml-notebooks%2Fproviders%2FMicrosoft.MachineLearningServices%2Fworkspaces%2Fhaieastus2ws3/projects/e2e-02/run-history/run-details/e2e-02_1528934819
RunId: e2e-02_1528934819

Execution Summary
=================
RunId: e2e-02_1528934819



##### 03.aci.py (2018-06-13-20:07:01) ##################
Azure ML Core SDK Version: 0.1.0.1027341
Found config.json in: /data/git/hai/e2e_test/aml_config/config.json
Workspace details:
aml-notebooks haieastus2ws3 eastus2
/tmp/e2e-test/03 already exists, remove it.
/tmp/e2e-test/03
e2e-03
copy train-sklearn.py to the project folder.

##################################################
ACI run...
##################################################

Create a run config object for ACI
base image is continuumio/miniconda3:4.4.10
submitting run...


##### 04.dsvm (2018-06-13-20:07:07) ####################
Azure ML Core SDK Version: 0.1.0.1027341
Found config.json in: /data/git/hai/e2e_test/aml_config/config.json
Workspace details:
aml-notebooks haieastus2ws3 eastus2
/tmp/e2e-test/04 already exists, remove it.
/tmp/e2e-test/04
e2e-04
copy train-sklearn.py to the project folder.

##################################################
Bare VM run
##################################################

Load the cpu-dsvm config from aml_config directory...
submit run...
https://mlworkspace.azureml-test.net/home/%2Fsubscriptions%2Ffac34303-435d-4486-8c3f-7094d82a0b60%2FresourceGroups%2Faml-notebooks%2Fproviders%2FMicrosoft.MachineLearningServices%2Fworkspaces%2Fhaieastus2ws3/projects/e2e-04/run-history/run-details/e2e-04_1528934830501
RunId: e2e-04_1528934830501

Streaming azureml-logs/80_driver_log.txt
========================================

alpha is 0.00, and mse is 3424.32
alpha is 0.05, and mse is 3408.92
alpha is 0.10, and mse is 3372.65
alpha is 0.15, and mse is 3345.15
alpha is 0.20, and mse is 3325.29
alpha is 0.25, and mse is 3311.56
alpha is 0.30, and mse is 3302.67
alpha is 0.35, and mse is 3297.66
alpha is 0.40, and mse is 3295.74
alpha is 0.45, and mse is 3296.32
alpha is 0.50, and mse is 3298.91
alpha is 0.55, and mse is 3303.14
alpha is 0.60, and mse is 3308.70
alpha is 0.65, and mse is 3315.36
alpha is 0.70, and mse is 3322.90
alpha is 0.75, and mse is 3331.17
alpha is 0.80, and mse is 3340.02
alpha is 0.85, and mse is 3349.36
alpha is 0.90, and mse is 3359.09
alpha is 0.95, and mse is 3369.13
The experiment completed successfully. Starting post-processing steps.

Execution Summary
=================
RunId: e2e-04_1528934830501


##################################################
DSVM Docker run...
##################################################

Load cpu-dsvm run config and make it to use Docker.
Base Docker image is: continuumio/miniconda3:4.4.10
submitting run...
https://mlworkspace.azureml-test.net/home/%2Fsubscriptions%2Ffac34303-435d-4486-8c3f-7094d82a0b60%2FresourceGroups%2Faml-notebooks%2Fproviders%2FMicrosoft.MachineLearningServices%2Fworkspaces%2Fhaieastus2ws3/projects/e2e-04/run-history/run-details/e2e-04_1528934857295
RunId: e2e-04_1528934857295

Streaming azureml-logs/80_driver_log.txt
========================================

alpha is 0.00, and mse is 3424.32
alpha is 0.05, and mse is 3408.92
alpha is 0.10, and mse is 3372.65
alpha is 0.15, and mse is 3345.15
alpha is 0.20, and mse is 3325.29
alpha is 0.25, and mse is 3311.56
alpha is 0.30, and mse is 3302.67
alpha is 0.35, and mse is 3297.66
alpha is 0.40, and mse is 3295.74
alpha is 0.45, and mse is 3296.32
alpha is 0.50, and mse is 3298.91
alpha is 0.55, and mse is 3303.14
alpha is 0.60, and mse is 3308.70
alpha is 0.65, and mse is 3315.36
alpha is 0.70, and mse is 3322.90
alpha is 0.75, and mse is 3331.17
alpha is 0.80, and mse is 3340.02
alpha is 0.85, and mse is 3349.36
alpha is 0.90, and mse is 3359.09
alpha is 0.95, and mse is 3369.13
The experiment completed successfully. Starting post-processing steps.

Execution Summary
=================
RunId: e2e-04_1528934857295

load cpu-dsvm run config and make it use a custom Docker image.
base image: ninghai/azureml:0.3

##################################################
submitting train-sklearn.py for a Custom Docker run on VM...
##################################################

https://mlworkspace.azureml-test.net/home/%2Fsubscriptions%2Ffac34303-435d-4486-8c3f-7094d82a0b60%2FresourceGroups%2Faml-notebooks%2Fproviders%2FMicrosoft.MachineLearningServices%2Fworkspaces%2Fhaieastus2ws3/projects/e2e-04/run-history/run-details/e2e-04_1528934879204
RunId: e2e-04_1528934879204

Streaming azureml-logs/80_driver_log.txt
========================================

alpha is 0.00, and mse is 3424.32
alpha is 0.05, and mse is 3408.92
alpha is 0.10, and mse is 3372.65
alpha is 0.15, and mse is 3345.15
alpha is 0.20, and mse is 3325.29
alpha is 0.25, and mse is 3311.56
alpha is 0.30, and mse is 3302.67
alpha is 0.35, and mse is 3297.66
alpha is 0.40, and mse is 3295.74
alpha is 0.45, and mse is 3296.32
alpha is 0.50, and mse is 3298.91
alpha is 0.55, and mse is 3303.14
alpha is 0.60, and mse is 3308.70
alpha is 0.65, and mse is 3315.36
alpha is 0.70, and mse is 3322.90
alpha is 0.75, and mse is 3331.17
alpha is 0.80, and mse is 3340.02
alpha is 0.85, and mse is 3349.36
alpha is 0.90, and mse is 3359.09
alpha is 0.95, and mse is 3369.13
The experiment completed successfully. Starting post-processing steps.

Execution Summary
=================
RunId: e2e-04_1528934879204

When alpha is 0.40, we have min MSE 3295.74.


##### 05.spark (2018-06-13-20:08:38) ###################
Azure ML Core SDK Version: 0.1.0.1027341
Found config.json in: /data/git/hai/e2e_test/aml_config/config.json
Workspace details:
aml-notebooks haieastus2ws3 eastus2
/tmp/e2e-test/05 already exists, remove it.
/tmp/e2e-test/05
e2e-05
copy train-spark.py and iris.csv to the project folder.
create an ACI run config.
base image is microsoft/mmlspark:0.12

##################################################
submitting train-spark.py for a Spark run on ACI...
##################################################



##### 07.sklearn.hd.py (2018-06-13-20:08:49) ###########
Azure ML Core SDK Version: 0.1.0.1027341
Found config.json in: /data/git/hai/e2e_test/aml_config/config.json
Workspace details:
aml-notebooks haieastus2ws3 eastus2
/tmp/e2e-test/07 already exists, remove it.
/tmp/e2e-test/07
e2e-07
copy train-sklearn-one-model.py to the project folder.
create or load BatchAI compute cpucluster...
gpucluster BatchAI
cpucluster BatchAI
found compute target. just use it.
create generic estimator.

##################################################
Batch AI run...
##################################################

https://mlworkspace.azureml-test.net/home/%2Fsubscriptions%2Ffac34303-435d-4486-8c3f-7094d82a0b60%2FresourceGroups%2Faml-notebooks%2Fproviders%2FMicrosoft.MachineLearningServices%2Fworkspaces%2Fhaieastus2ws3/projects/e2e-07/run-history/run-details/e2e-07_1528934932277
RunId: e2e-07_1528934932277

Streaming azureml-logs/80_driver_log.txt
========================================

alpha value is: 0.1
Ridget model fitted.
Mean Squared Error is: 3372.6496278100326
The experiment completed successfully. Starting post-processing steps.

Execution Summary
=================
RunId: e2e-07_1528934932277

configure hyperdrive.

##################################################
Hyperdrive run on Batch AI...
##################################################

https://mlworkspace.azureml-test.net/home/%2Fsubscriptions%2Ffac34303-435d-4486-8c3f-7094d82a0b60%2FresourceGroups%2Faml-notebooks%2Fproviders%2FMicrosoft.MachineLearningServices%2Fworkspaces%2Fhaieastus2ws3/projects/e2e-07/run-history/run-details/e2e-07_1528934983146


##### 08.tf.hd.py (2018-06-13-20:09:50) ################
Azure ML Core SDK Version: 0.1.0.1027341
Found config.json in: /data/git/hai/e2e_test/aml_config/config.json
Workspace details:
aml-notebooks haieastus2ws3 eastus2
/tmp/e2e-test/08 already exists, remove it.
/tmp/e2e-test/08
e2e-08
copy mnist_tf.py to the project folder.
create or load BatchAI compute gpucluster...
gpucluster BatchAI
found compute target. just use it.
create TensorFlow estimator.

##################################################
submitting mnist_tf.py for a Batch AI run...
##################################################

https://mlworkspace.azureml-test.net/home/%2Fsubscriptions%2Ffac34303-435d-4486-8c3f-7094d82a0b60%2FresourceGroups%2Faml-notebooks%2Fproviders%2FMicrosoft.MachineLearningServices%2Fworkspaces%2Fhaieastus2ws3/projects/e2e-08/run-history/run-details/e2e-08_1528934993065
RunId: e2e-08_1528934993065

Streaming azureml-logs/20_ice_log.txt
=====================================


Streaming azureml-logs/60_control_log.txt
=========================================

Uploading experiment status to history service.
Adding run profile attachment azureml-logs/80_driver_log.txt

Streaming azureml-logs/80_driver_log.txt
========================================

Using Spark's default log4j profile: org/apache/spark/log4j-defaults.properties
Setting default log level to "WARN".
To adjust logging level use sc.setLogLevel(newLevel). For SparkR, use setLogLevel(newLevel).
18/06/14 00:11:01 WARN NativeCodeLoader: Unable to load native-hadoop library for your platform... using builtin-java classes where applicable
/azureml-envs/azureml_7a360e01fb3f8bf77a09082a58fa4865/lib/python3.6/importlib/_bootstrap.py:205: RuntimeWarning: compiletime version 3.5 of module 'tensorflow.python.framework.fast_tensor_util' does not match runtime version 3.6
  return f(*args, **kwds)
data path: /tmp
fetching MNIST data...
MNIST dataset downloaded.
MNIST dataset loaded in memory.
X:  (70000, 784)
y:  (70000,)
labels:  [0. 1. 2. 3. 4. 5. 6. 7. 8. 9.]
training a tensorflow model...
(55000, 784) (55000,)
batch_size: 50
n_batches: 1100
first layer neurons: 300
second layer neurons: 100
2018-06-14 00:11:10.706112: I tensorflow/core/platform/cpu_feature_guard.cc:137] Your CPU supports instructions that this TensorFlow binary was not compiled to use: SSE4.1 SSE4.2 AVX AVX2 FMA
2018-06-14 00:11:10.932467: I tensorflow/core/common_runtime/gpu/gpu_device.cc:1030] Found device 0 with properties: 
name: Tesla K80 major: 3 minor: 7 memoryClockRate(GHz): 0.8235
pciBusID: af31:00:00.0
totalMemory: 11.92GiB freeMemory: 11.84GiB
2018-06-14 00:11:10.932515: I tensorflow/core/common_runtime/gpu/gpu_device.cc:1120] Creating TensorFlow device (/device:GPU:0) -> (device: 0, name: Tesla K80, pci bus id: af31:00:00.0, compute capability: 3.7)
0 Train accuracy: 0.8959454 , Val accuracy; 0.8976
1 Train accuracy: 0.9173273 , Val accuracy; 0.9173333
2 Train accuracy: 0.92883635 , Val accuracy; 0.9275333
3 Train accuracy: 0.9353818 , Val accuracy; 0.9334667
4 Train accuracy: 0.9425273 , Val accuracy; 0.93993336
5 Train accuracy: 0.9492 , Val accuracy; 0.9451333
6 Train accuracy: 0.9540182 , Val accuracy; 0.9498
7 Train accuracy: 0.95705456 , Val accuracy; 0.9534
8 Train accuracy: 0.96018183 , Val accuracy; 0.9568
9 Train accuracy: 0.96272725 , Val accuracy; 0.958
10 Train accuracy: 0.96581817 , Val accuracy; 0.9604667
11 Train accuracy: 0.96854544 , Val accuracy; 0.96246666
12 Train accuracy: 0.96965456 , Val accuracy; 0.96313334
13 Train accuracy: 0.97194546 , Val accuracy; 0.96426666
14 Train accuracy: 0.97425455 , Val accuracy; 0.96646667
15 Train accuracy: 0.9752727 , Val accuracy; 0.9672
16 Train accuracy: 0.9763455 , Val accuracy; 0.9672667
17 Train accuracy: 0.97792727 , Val accuracy; 0.96826667
18 Train accuracy: 0.97883636 , Val accuracy; 0.96826667
19 Train accuracy: 0.9799273 , Val accuracy; 0.9690667
20 Train accuracy: 0.98105454 , Val accuracy; 0.97
21 Train accuracy: 0.9814182 , Val accuracy; 0.9698667
22 Train accuracy: 0.9832364 , Val accuracy; 0.97073334
23 Train accuracy: 0.9841091 , Val accuracy; 0.9716
24 Train accuracy: 0.9849091 , Val accuracy; 0.9722
Overall accuracy: 0.9722
Confusion matrix:
[[1409    0    2    0    1    5   10    2    7    5]
 [   0 1659    7    1    1    0    4    1    2    1]
 [   2    4 1457    7    2    1    6    7   10    1]
 [   1    0   16 1482    0   22    0    7   13    7]
 [   2    2    2    0 1397    0    2    4    3   22]
 [   6    5    3    8    4 1334    9    1   10    7]
 [   8    1    2    0    4    7 1474    0    4    0]
 [   2    4    9    5    5    1    1 1530    1   16]
 [   2    7    3   10    4    8    4    1 1438    6]
 [   3    3    0   14    9    5    0   13   10 1403]]
The experiment completed successfully. Starting post-processing steps.

Execution Summary
=================
RunId: e2e-08_1528934993065

configure hyperdrive.

##################################################
submitting mnist_tf.py for a hyperdrive run on Batch AI...
##################################################

https://mlworkspace.azureml-test.net/home/%2Fsubscriptions%2Ffac34303-435d-4486-8c3f-7094d82a0b60%2FresourceGroups%2Faml-notebooks%2Fproviders%2FMicrosoft.MachineLearningServices%2Fworkspaces%2Fhaieastus2ws3/projects/e2e-08/run-history/run-details/e2e-08_1528935163951


##### 10.o16n.py (2018-06-13-20:12:45) #################
Azure ML Core SDK Version: 0.1.0.1027341
Found config.json in: /data/git/hai/e2e_test/aml_config/config.json
Workspace details:
aml-notebooks haieastus2ws3 eastus2
Registering model best_model.pkl
Name: best_model.pkl 	Version: 235 	Description: Ridge regression model to predict diabetes ['diabetes', 'regression']
Name: best_model.pkl 	Version: 233 	Description: Ridge regression model to predict diabetes ['diabetes', 'regression']
Name: best_model.pkl 	Version: 231 	Description: Ridge regression model to predict diabetes ['diabetes', 'regression']
Name: best_model.pkl 	Version: 229 	Description: Ridge regression model to predict diabetes ['diabetes', 'regression']
Name: best_model.pkl 	Version: 228 	Description: Ridge regression model to predict diabetes ['diabetes', 'regression']
Name: best_model.pkl 	Version: 226 	Description: Ridge regression model to predict diabetes ['diabetes', 'regression']
Name: best_model.pkl 	Version: 224 	Description: Ridge regression model to predict diabetes ['diabetes', 'regression']
Name: best_model.pkl 	Version: 222 	Description: Ridge regression model to predict diabetes ['diabetes', 'regression']
Name: best_model.pkl 	Version: 220 	Description: Ridge regression model to predict diabetes ['diabetes', 'regression']
Name: best_model.pkl 	Version: 218 	Description: Ridge regression model to predict diabetes ['diabetes', 'regression']
Name: best_model.pkl 	Version: 216 	Description: Ridge regression model to predict diabetes ['diabetes', 'regression']
Name: best_model.pkl 	Version: 214 	Description: Ridge regression model to predict diabetes ['diabetes', 'regression']
Name: best_model.pkl 	Version: 212 	Description: Ridge regression model to predict diabetes ['diabetes', 'regression']
Name: best_model.pkl 	Version: 210 	Description: Ridge regression model to predict diabetes ['diabetes', 'regression']
Name: best_model.pkl 	Version: 208 	Description: Ridge regression model to predict diabetes ['diabetes', 'regression']
Name: best_model.pkl 	Version: 206 	Description: Ridge regression model to predict diabetes ['diabetes', 'regression']
Name: best_model.pkl 	Version: 204 	Description: Ridge regression model to predict diabetes ['diabetes', 'regression']
Name: best_model.pkl 	Version: 202 	Description: Ridge regression model to predict diabetes ['diabetes', 'regression']
Name: best_model.pkl 	Version: 200 	Description: Ridge regression model to predict diabetes ['diabetes', 'regression']
Name: best_model.pkl 	Version: 198 	Description: Ridge regression model to predict diabetes ['diabetes', 'regression']
Name: best_model.pkl 	Version: 196 	Description: Ridge regression model to predict diabetes ['diabetes', 'regression']
Name: best_model.pkl 	Version: 194 	Description: Ridge regression model to predict diabetes ['diabetes', 'regression']
Name: best_model.pkl 	Version: 192 	Description: Ridge regression model to predict diabetes ['diabetes', 'regression']
Name: best_model.pkl 	Version: 189 	Description: Ridge regression model to predict diabetes ['diabetes', 'regression']
Ridge regression model to predict diabetes
Creating image
Running.......................
SucceededImage creation operation finished for image myimage:127, operation "Succeeded"
myimage(v.127 [Succeeded]) stored at haieastuacrgghjerik.azurecr.io/myimage:127 with build log https://eastus2ice.blob.core.windows.net/logs/haieastuacrgghjerik15289351801590090.txt?sp=r&sig=EWodvLPypcZXjtVKyRKvcKf8M9K7hUHvRyCSpH%2BRXDc%3D&sr=b&sv=2017-04-17&se=2018-07-14T00%3A15%3A01Z
myimage(v.126 [Succeeded]) stored at haieastuacrgghjerik.azurecr.io/myimage:126 with build log https://eastus2ice.blob.core.windows.net/logs/haieastuacrgghjerik15289252060148830.txt?sp=r&sv=2017-04-17&sr=b&sig=FxXLeCis6yW1KU8Phf11L/GRjfhis3UIvEjmv7tkPQ0%3D&se=2018-07-13T21%3A29%3A01Z
myimage(v.125 [Succeeded]) stored at haieastuacrgghjerik.azurecr.io/myimage:125 with build log https://eastus2ice.blob.core.windows.net/logs/haieastuacrgghjerik15289219981116496.txt?sp=r&sig=Zx%2BE0Jlz8IufL3n8UrgxQX5rGIbPIaYId/gC0L0qbcw%3D&sr=b&sv=2017-04-17&se=2018-07-13T20%3A35%3A18Z
myimage(v.124 [Succeeded]) stored at haieastuacrgghjerik.azurecr.io/myimage:124 with build log https://eastus2ice.blob.core.windows.net/logs/haieastuacrgghjerik15289121766990950.txt?sp=r&sv=2017-04-17&sr=b&sig=fGgifNJaZsbUahVMKvGQgY0nrFXHk8qRHAcT3GnIv80%3D&se=2018-07-13T17%3A51%3A30Z
myimage(v.104 [Failed]) stored at haieastuacrgghjerik.azurecr.io/myimage:104 with build log None
Creating service
HEAD is now at c890ccc mnist
Your branch is up-to-date with 'origin/master'.
Already up-to-date.


###################################
########### END AT 2018-06-13-20:15:08
###################################
