###################################
START AT: 2018-05-28-16:00:15
###################################


##### 01.interactive.e2e.py ######
2018-05-28-16:00:15


##### 02.lcoal.py ################
2018-05-28-16:00:16


##### 03.aci.py ##################
2018-05-28-16:00:16


##### 04.dsvm ####################
2018-05-28-16:00:16


##### 05.spark ###################
2018-05-28-16:00:16


##### 07.sklearn.hd.py ###########
2018-05-28-16:00:16


##### 08.tf.hd.py ################
2018-05-28-16:00:16


##### 10.o16n.py #################
2018-05-28-16:00:16


########### END AT 2018-05-28-16:00:16
