
## Package Plan ##

  environment location: /home/ninghai/miniconda3/envs/preview


The following packages will be REMOVED:

    _nb_ext_conf:       0.4.0-py36_1           
    anaconda-client:    1.6.14-py36_0          
    asn1crypto:         0.24.0-py36_0          
    backcall:           0.1.0-py36_0           
    blas:               1.0-mkl                
    bleach:             2.1.3-py36_0           
    ca-certificates:    2018.03.07-0           
    certifi:            2018.4.16-py36_0       
    cffi:               1.11.5-py36h9745a5d_0  
    chardet:            3.0.4-py36h0f667ec_1   
    clyent:             1.2.2-py36h7e57e65_1   
    cryptography:       2.2.2-py36h14c3975_0   
    cycler:             0.10.0-py36h93f1223_0  
    cython:             0.28.3-py36h14c3975_0  
    dbus:               1.13.2-h714fa37_1      
    decorator:          4.3.0-py36_0           
    entrypoints:        0.2.3-py36h1aec115_2   
    expat:              2.2.5-he0dffb1_0       
    fontconfig:         2.12.6-h49f89f6_0      
    freetype:           2.8-hab7d2ae_1         
    glib:               2.56.1-h000015b_0      
    gmp:                6.1.2-h6c8ec71_1       
    gst-plugins-base:   1.14.0-hbbd80ab_1      
    gstreamer:          1.14.0-hb453b48_1      
    html5lib:           1.0.1-py36h2f9c1c0_0   
    icu:                58.2-h9c2bf20_1        
    idna:               2.6-py36h82fb2a8_1     
    intel-openmp:       2018.0.3-0             
    ipykernel:          4.8.2-py36_0           
    ipython:            6.4.0-py36_0           
    ipython_genutils:   0.2.0-py36hb52b0d5_0   
    ipywidgets:         7.2.1-py36_0           
    jedi:               0.12.0-py36_1          
    jinja2:             2.10-py36ha16c418_0    
    jpeg:               9b-h024ee3a_2          
    jsonschema:         2.6.0-py36h006f8b5_0   
    jupyter_client:     5.2.3-py36_0           
    jupyter_core:       4.4.0-py36h7c827e3_0   
    kiwisolver:         1.0.1-py36h764f252_0   
    libedit:            3.1.20170329-h6b74fdf_2
    libffi:             3.2.1-hd88cf55_4       
    libgcc-ng:          7.2.0-hdf63c60_3       
    libgfortran-ng:     7.2.0-hdf63c60_3       
    libpng:             1.6.34-hb9fc6fc_0      
    libsodium:          1.0.16-h1bed415_0      
    libstdcxx-ng:       7.2.0-hdf63c60_3       
    libxcb:             1.13-h1bed415_1        
    libxml2:            2.9.8-h26e45fe_1       
    markupsafe:         1.0-py36hd9260cd_1     
    matplotlib:         2.2.2-py36h0e671d2_1   
    mistune:            0.8.3-py36h14c3975_1   
    mkl:                2018.0.3-1             
    nb_anacondacloud:   1.4.0-py36_0           
    nb_conda:           2.2.1-py36h8118bb2_0   
    nb_conda_kernels:   2.1.0-py36_0           
    nbconvert:          5.3.1-py36hb41ffb7_0   
    nbformat:           4.4.0-py36h31c9010_0   
    nbpresent:          3.0.2-py36h5f95a39_1   
    ncurses:            6.1-hf484d3e_0         
    notebook:           5.5.0-py36_0           
    numpy:              1.14.3-py36h28100ab_2  
    numpy-base:         1.14.3-py36hdbf6ddf_2  
    openssl:            1.0.2o-h20670df_0      
    pandoc:             1.19.2.1-hea2e7c5_1    
    pandocfilters:      1.4.2-py36ha6701b7_1   
    parso:              0.2.1-py36_0           
    pcre:               8.42-h439df22_0        
    pexpect:            4.6.0-py36_0           
    pickleshare:        0.7.4-py36h63277f8_0   
    pip:                10.0.1-py36_0          
    prompt_toolkit:     1.0.15-py36h17d85b1_0  
    ptyprocess:         0.5.2-py36h69acd42_0   
    pycparser:          2.18-py36hf9f622e_1    
    pygments:           2.2.0-py36h0d3125c_0   
    pyopenssl:          18.0.0-py36_0          
    pyparsing:          2.2.0-py36hee85983_1   
    pyqt:               5.9.2-py36h751905a_0   
    pysocks:            1.6.8-py36_0           
    python:             3.6.5-hc3d631a_2       
    python-dateutil:    2.7.3-py36_0           
    pytz:               2018.4-py36_0          
    pyyaml:             3.12-py36hafb9ca4_1    
    pyzmq:              17.0.0-py36h14c3975_0  
    qt:                 5.9.5-h7e424d6_0       
    readline:           7.0-ha6073c6_4         
    requests:           2.18.4-py36he2e5f8d_1  
    scikit-learn:       0.19.1-py36h7aa7ec6_0  
    scipy:              1.1.0-py36hfc37229_0   
    send2trash:         1.5.0-py36_0           
    setuptools:         39.2.0-py36_0          
    simplegeneric:      0.8.1-py36_2           
    sip:                4.19.8-py36hf484d3e_0  
    six:                1.11.0-py36h372c433_1  
    sqlite:             3.23.1-he433501_0      
    terminado:          0.8.1-py36_1           
    testpath:           0.3.1-py36h8cadb63_0   
    tk:                 8.6.7-hc745277_3       
    tornado:            5.0.2-py36_0           
    tqdm:               4.23.4-py36_0          
    traitlets:          4.3.2-py36h674d592_0   
    urllib3:            1.22-py36hbe7ace6_0    
    wcwidth:            0.1.7-py36hdf4376a_0   
    webencodings:       0.5.1-py36h800622e_1   
    wheel:              0.31.1-py36_0          
    widgetsnbextension: 3.2.1-py36_0           
    xz:                 5.2.4-h14c3975_4       
    yaml:               0.1.7-had09818_2       
    zeromq:             4.2.5-h439df22_0       
    zlib:               1.2.11-ha838bed_2      

Solving environment: ...working... 
Warning: 2 possible package resolutions (only showing differing packages):
  - defaults::libopenblas-0.2.20-h9ac9557_7, defaults::numpy-base-1.14.3-py36h0ea5e3f_1
  - defaults::blas-1.0-mkl, defaults::numpy-base-1.14.3-py36hdbf6ddf_2done

## Package Plan ##

  environment location: /home/ninghai/miniconda3/envs/preview

  added / updated specs: 
    - cython
    - matplotlib
    - nb_conda
    - numpy
    - python=3.6
    - scikit-learn
    - tqdm


The following NEW packages will be INSTALLED:

    _nb_ext_conf:       0.4.0-py36_1           
    anaconda-client:    1.6.14-py36_0          
    asn1crypto:         0.24.0-py36_0          
    backcall:           0.1.0-py36_0           
    bleach:             2.1.3-py36_0           
    ca-certificates:    2018.03.07-0           
    certifi:            2018.4.16-py36_0       
    cffi:               1.11.5-py36h9745a5d_0  
    chardet:            3.0.4-py36h0f667ec_1   
    clyent:             1.2.2-py36h7e57e65_1   
    cryptography:       2.2.2-py36h14c3975_0   
    cycler:             0.10.0-py36h93f1223_0  
    cython:             0.28.3-py36h14c3975_0  
    dbus:               1.13.2-h714fa37_1      
    decorator:          4.3.0-py36_0           
    entrypoints:        0.2.3-py36h1aec115_2   
    expat:              2.2.5-he0dffb1_0       
    fontconfig:         2.12.6-h49f89f6_0      
    freetype:           2.8-hab7d2ae_1         
    glib:               2.56.1-h000015b_0      
    gmp:                6.1.2-h6c8ec71_1       
    gst-plugins-base:   1.14.0-hbbd80ab_1      
    gstreamer:          1.14.0-hb453b48_1      
    html5lib:           1.0.1-py36h2f9c1c0_0   
    icu:                58.2-h9c2bf20_1        
    idna:               2.6-py36h82fb2a8_1     
    intel-openmp:       2018.0.3-0             
    ipykernel:          4.8.2-py36_0           
    ipython:            6.4.0-py36_0           
    ipython_genutils:   0.2.0-py36hb52b0d5_0   
    ipywidgets:         7.2.1-py36_0           
    jedi:               0.12.0-py36_1          
    jinja2:             2.10-py36ha16c418_0    
    jpeg:               9b-h024ee3a_2          
    jsonschema:         2.6.0-py36h006f8b5_0   
    jupyter_client:     5.2.3-py36_0           
    jupyter_core:       4.4.0-py36h7c827e3_0   
    kiwisolver:         1.0.1-py36h764f252_0   
    libedit:            3.1.20170329-h6b74fdf_2
    libffi:             3.2.1-hd88cf55_4       
    libgcc-ng:          7.2.0-hdf63c60_3       
    libgfortran-ng:     7.2.0-hdf63c60_3       
    libopenblas:        0.2.20-h9ac9557_7      
    libpng:             1.6.34-hb9fc6fc_0      
    libsodium:          1.0.16-h1bed415_0      
    libstdcxx-ng:       7.2.0-hdf63c60_3       
    libxcb:             1.13-h1bed415_1        
    libxml2:            2.9.8-h26e45fe_1       
    markupsafe:         1.0-py36hd9260cd_1     
    matplotlib:         2.2.2-py36h0e671d2_1   
    mistune:            0.8.3-py36h14c3975_1   
    mkl:                2018.0.3-1             
    nb_anacondacloud:   1.4.0-py36_0           
    nb_conda:           2.2.1-py36h8118bb2_0   
    nb_conda_kernels:   2.1.0-py36_0           
    nbconvert:          5.3.1-py36hb41ffb7_0   
    nbformat:           4.4.0-py36h31c9010_0   
    nbpresent:          3.0.2-py36h5f95a39_1   
    ncurses:            6.1-hf484d3e_0         
    notebook:           5.5.0-py36_0           
    numpy:              1.14.3-py36h28100ab_2  
    numpy-base:         1.14.3-py36h0ea5e3f_1  
    openssl:            1.0.2o-h20670df_0      
    pandoc:             1.19.2.1-hea2e7c5_1    
    pandocfilters:      1.4.2-py36ha6701b7_1   
    parso:              0.2.1-py36_0           
    pcre:               8.42-h439df22_0        
    pexpect:            4.6.0-py36_0           
    pickleshare:        0.7.4-py36h63277f8_0   
    pip:                10.0.1-py36_0          
    prompt_toolkit:     1.0.15-py36h17d85b1_0  
    ptyprocess:         0.5.2-py36h69acd42_0   
    pycparser:          2.18-py36hf9f622e_1    
    pygments:           2.2.0-py36h0d3125c_0   
    pyopenssl:          18.0.0-py36_0          
    pyparsing:          2.2.0-py36hee85983_1   
    pyqt:               5.9.2-py36h751905a_0   
    pysocks:            1.6.8-py36_0           
    python:             3.6.5-hc3d631a_2       
    python-dateutil:    2.7.3-py36_0           
    pytz:               2018.4-py36_0          
    pyyaml:             3.12-py36hafb9ca4_1    
    pyzmq:              17.0.0-py36h14c3975_0  
    qt:                 5.9.5-h7e424d6_0       
    readline:           7.0-ha6073c6_4         
    requests:           2.18.4-py36he2e5f8d_1  
    scikit-learn:       0.19.1-py36h7aa7ec6_0  
    scipy:              1.1.0-py36hfc37229_0   
    send2trash:         1.5.0-py36_0           
    setuptools:         39.2.0-py36_0          
    simplegeneric:      0.8.1-py36_2           
    sip:                4.19.8-py36hf484d3e_0  
    six:                1.11.0-py36h372c433_1  
    sqlite:             3.23.1-he433501_0      
    terminado:          0.8.1-py36_1           
    testpath:           0.3.1-py36h8cadb63_0   
    tk:                 8.6.7-hc745277_3       
    tornado:            5.0.2-py36_0           
    tqdm:               4.23.4-py36_0          
    traitlets:          4.3.2-py36h674d592_0   
    urllib3:            1.22-py36hbe7ace6_0    
    wcwidth:            0.1.7-py36hdf4376a_0   
    webencodings:       0.5.1-py36h800622e_1   
    wheel:              0.31.1-py36_0          
    widgetsnbextension: 3.2.1-py36_0           
    xz:                 5.2.4-h14c3975_4       
    yaml:               0.1.7-had09818_2       
    zeromq:             4.2.5-h439df22_0       
    zlib:               1.2.11-ha838bed_2      

Preparing transaction: ...working... done
Verifying transaction: ...working... done
Executing transaction: ...working... + /home/ninghai/miniconda3/envs/preview/bin/jupyter-nbextension enable nbpresent --py --sys-prefix
Enabling notebook extension nbpresent/js/nbpresent.min...
      - Validating: [32mOK[0m
+ /home/ninghai/miniconda3/envs/preview/bin/jupyter-serverextension enable nbpresent --py --sys-prefix
Enabling: nbpresent
- Writing config: /home/ninghai/miniconda3/envs/preview/etc/jupyter
    - Validating...
      nbpresent 3.0.2 [32mOK[0m

+ /home/ninghai/miniconda3/envs/preview/bin/jupyter-nbextension enable nb_conda --py --sys-prefix
Enabling notebook extension nb_conda/main...
      - Validating: [32mOK[0m
Enabling tree extension nb_conda/tree...
      - Validating: [32mOK[0m
+ /home/ninghai/miniconda3/envs/preview/bin/jupyter-serverextension enable nb_conda --py --sys-prefix
Enabling: nb_conda
- Writing config: /home/ninghai/miniconda3/envs/preview/etc/jupyter
    - Validating...
      nb_conda 2.2.1 [32mOK[0m

done
#
# To activate this environment, use:
# > source activate preview
#
# To deactivate an active environment, use:
# > source deactivate
#

Collecting azure-cli
  Using cached https://files.pythonhosted.org/packages/51/9b/87f7aa336c0e8cf2337bb9854fb790f10909d73152f0d79abc35a82fc927/azure_cli-2.0.35-py2.py3-none-any.whl
Collecting azure-cli-cdn (from azure-cli)
  Using cached https://files.pythonhosted.org/packages/74/d5/9d4a2e3064c40f8f4e6ca59baa303b7cd58cdcd340e84cbacc92df1543ed/azure_cli_cdn-0.0.14-py2.py3-none-any.whl
Collecting azure-cli-nspkg>=2.0.0 (from azure-cli)
  Using cached https://files.pythonhosted.org/packages/7c/94/cf884b92a870422f02c3f1f86573d04d5cc1abdc2ac51b8419c7ee2e2a00/azure_cli_nspkg-3.0.2-py2.py3-none-any.whl
Collecting azure-cli-find (from azure-cli)
  Using cached https://files.pythonhosted.org/packages/05/c7/71a18dd2ac8771262be69692df3619b95d41f495f941ebf75c99a159950a/azure_cli_find-0.2.9-py2.py3-none-any.whl
Collecting azure-cli-profile (from azure-cli)
  Using cached https://files.pythonhosted.org/packages/a7/20/8744656abd71b8845cb611b35cf74d8322e83151a438d9aa3a4b7f76e700/azure_cli_profile-2.0.25-py2.py3-none-any.whl
Collecting azure-cli-vm (from azure-cli)
  Using cached https://files.pythonhosted.org/packages/8a/c1/9a108b9f276528460d73966d45635ab51d74bbc6f2e3332ddf2f8c473a97/azure_cli_vm-2.0.33-py2.py3-none-any.whl
Collecting azure-cli-consumption (from azure-cli)
  Using cached https://files.pythonhosted.org/packages/6a/1d/20227fdeed5144c18064b2cd5f984589ae0bee5a683f9f57358d3debfd3e/azure_cli_consumption-0.3.1-py2.py3-none-any.whl
Collecting azure-cli-container (from azure-cli)
  Using cached https://files.pythonhosted.org/packages/43/94/4ff5ed34cf9f7266def04cd07f5ce287b5bb512e48c566a2c69e4ed9104d/azure_cli_container-0.1.24-py2.py3-none-any.whl
Collecting azure-cli-core (from azure-cli)
  Using cached https://files.pythonhosted.org/packages/ee/81/561473d6614d15f450eba6b7c8e0e1fbbaf34bf117fe77c1188010870e24/azure_cli_core-2.0.35-py2.py3-none-any.whl
Collecting azure-cli-feedback (from azure-cli)
  Using cached https://files.pythonhosted.org/packages/ba/4b/e7a105a88315cab04e8a8d3d99c782edf7afc75cf38d3698d1aa6fd607fe/azure_cli_feedback-2.1.1-py2.py3-none-any.whl
Collecting azure-cli-backup (from azure-cli)
  Using cached https://files.pythonhosted.org/packages/dd/26/ca4489767b13ad0ba997a98b52f7d51ab25e37e563efbe9cd653c0937b90/azure_cli_backup-1.1.1-py2.py3-none-any.whl
Collecting azure-cli-batchai (from azure-cli)
  Using cached https://files.pythonhosted.org/packages/ce/64/da4ad55522d6a8ede1c768c12462ab1d8cd8ee2f5db936308388328b4ada/azure_cli_batchai-0.2.3-py2.py3-none-any.whl
Collecting azure-cli-rdbms (from azure-cli)
  Using cached https://files.pythonhosted.org/packages/b2/49/87b21a61886e8ebd3ff9e2718e275424e9fd5e7243b0b63989e28f339c46/azure_cli_rdbms-0.2.3-py2.py3-none-any.whl
Collecting azure-cli-reservations (from azure-cli)
  Using cached https://files.pythonhosted.org/packages/84/68/332f3cf8c6a6a684cf1aeebf720602266e299676d30e70d6eca4bcb75b7b/azure_cli_reservations-0.1.2-py2.py3-none-any.whl
Collecting azure-cli-network (from azure-cli)
  Using cached https://files.pythonhosted.org/packages/e8/cc/a7a5f35d8a75bd8d8fb2df50d19e86df50d6091b31f724e0a0f04312185c/azure_cli_network-2.1.3-py2.py3-none-any.whl
Collecting azure-cli-sql (from azure-cli)
  Using cached https://files.pythonhosted.org/packages/36/bc/0177b2e0abb355994596ad7dc9a67635a5d4017f46b4f10fcc1ffd5017dd/azure_cli_sql-2.0.27-py2.py3-none-any.whl
Collecting azure-cli-configure (from azure-cli)
  Using cached https://files.pythonhosted.org/packages/2b/89/ac4ebe3e7a285f61044f6b1c9076953522b76fa9e5308ab21c051012ef64/azure_cli_configure-2.0.15-py2.py3-none-any.whl
Collecting azure-cli-storage (from azure-cli)
  Using cached https://files.pythonhosted.org/packages/cd/41/7c3e3a3a432d58c48843d7b6a1807ac32a8789e34781442fc1e56c156076/azure_cli_storage-2.0.34-py2.py3-none-any.whl
Collecting azure-cli-acr (from azure-cli)
  Using cached https://files.pythonhosted.org/packages/07/62/9044055b31e2897bb1179fbf82686407467f8c7c2441c2bf86d847d065ef/azure_cli_acr-2.0.26-py2.py3-none-any.whl
Collecting azure-cli-batch (from azure-cli)
  Using cached https://files.pythonhosted.org/packages/f8/b3/6ef3b0bb3dc715ee65843b0c25daa1459bbc32beb148966180f4444212be/azure_cli_batch-3.2.3-py2.py3-none-any.whl
Collecting azure-cli-cosmosdb (from azure-cli)
  Using cached https://files.pythonhosted.org/packages/78/ab/40f53d918c5ab347decfc1e5727a08c0a4ea0e56f1f6101464755f456100/azure_cli_cosmosdb-0.1.21-py2.py3-none-any.whl
Collecting azure-cli-billing (from azure-cli)
  Using cached https://files.pythonhosted.org/packages/5c/9f/b313e550a8632b8d432cfec1b90aa9ec91140ef040d75c980ce4ed51aa1f/azure_cli_billing-0.1.8-py2.py3-none-any.whl
Collecting azure-cli-eventhubs (from azure-cli)
  Using cached https://files.pythonhosted.org/packages/eb/66/af8d1fb0872e0bdd60e6d13459f6f7366537b59f75ea666b904fddd9c91e/azure_cli_eventhubs-0.1.3-py2.py3-none-any.whl
Collecting azure-cli-iot (from azure-cli)
  Using cached https://files.pythonhosted.org/packages/19/0f/23bca9fff2a9d044ca973f57eccbf37ffe845c5e60750f2dc4eb55d0c3eb/azure_cli_iot-0.1.21-py2.py3-none-any.whl
Collecting azure-cli-appservice (from azure-cli)
  Using cached https://files.pythonhosted.org/packages/75/af/2805a79bc31aea1c3de4b9c06b733002e7ef809ff7d7039a87372a3277c1/azure_cli_appservice-0.1.33-py2.py3-none-any.whl
Collecting azure-cli-eventgrid (from azure-cli)
  Using cached https://files.pythonhosted.org/packages/56/08/296f7538225ebf756ec24e08835e9f410111452ec5a52dfdbc768bc87b4c/azure_cli_eventgrid-0.1.12-py2.py3-none-any.whl
Collecting azure-cli-servicefabric (from azure-cli)
  Using cached https://files.pythonhosted.org/packages/58/fc/9b2fffd6ebc076349f315de1ad1ee33132716cee10d4be0e775b559849fb/azure_cli_servicefabric-0.0.12-py2.py3-none-any.whl
Collecting azure-cli-ams (from azure-cli)
  Using cached https://files.pythonhosted.org/packages/cb/91/c5f188438845e3880245b775514c856f6616ad9fb89d4d32c878b3f2deee/azure_cli_ams-0.1.1-py2.py3-none-any.whl
Collecting azure-cli-monitor (from azure-cli)
  Using cached https://files.pythonhosted.org/packages/1b/ce/259302ad8df592b91633be2faae6a6ef69310d8f81ecd96fbff91209711e/azure_cli_monitor-0.1.7-py2.py3-none-any.whl
Collecting azure-cli-cognitiveservices (from azure-cli)
  Using cached https://files.pythonhosted.org/packages/1d/36/b18d54ea8106a68d4d34c954123e0fca460a5fa5581cc6461319b31e202c/azure_cli_cognitiveservices-0.1.13-py2.py3-none-any.whl
Collecting azure-cli-servicebus (from azure-cli)
  Using cached https://files.pythonhosted.org/packages/b6/2b/393ac998bc4f1f717e1de5466a66ee12ab048e4a2afa80f1a299d2c89081/azure_cli_servicebus-0.1.2-py2.py3-none-any.whl
Collecting azure-cli-dla (from azure-cli)
  Using cached https://files.pythonhosted.org/packages/2e/fb/03aaa0179a1f2200eddb31cccd00eb4807718e9d6fb78abc51b8138affec/azure_cli_dla-0.1.0-py2.py3-none-any.whl
Collecting azure-cli-cloud (from azure-cli)
  Using cached https://files.pythonhosted.org/packages/7f/8c/7a582484475a8d77249d4426d0f12b48652ec0d9eeead718444f7317f8dc/azure_cli_cloud-2.0.13-py2.py3-none-any.whl
Collecting azure-cli-keyvault (from azure-cli)
  Using cached https://files.pythonhosted.org/packages/30/b9/1776a6df338bd0dfc24200e00a2195f6da4a6f1bc15f7bd72d3e57547384/azure_cli_keyvault-2.0.22-py2.py3-none-any.whl
Collecting azure-cli-extension (from azure-cli)
  Using cached https://files.pythonhosted.org/packages/e9/01/5197dc621f3a972a7c6527bf6e7f8f845b308c01b86629da4b9d596e2376/azure_cli_extension-0.0.14-py2.py3-none-any.whl
Collecting azure-cli-acs (from azure-cli)
  Using cached https://files.pythonhosted.org/packages/58/fc/69bdf9b4c58e98125f667ee5fbd3c117cea6acb5dadf092062457d92d28c/azure_cli_acs-2.0.34-py2.py3-none-any.whl
Collecting azure-cli-role (from azure-cli)
  Using cached https://files.pythonhosted.org/packages/78/54/487a131540845a4917340dbad5e613e0f988c48883d594363e866fd3193a/azure_cli_role-2.0.24-py2.py3-none-any.whl
Collecting azure-cli-dls (from azure-cli)
  Using cached https://files.pythonhosted.org/packages/a9/2a/45a5ab6b4a27cd9671de7affd1d8d496625aee568b56dfbab0de4f72a9ba/azure_cli_dls-0.0.21-py2.py3-none-any.whl
Collecting azure-cli-advisor (from azure-cli)
  Using cached https://files.pythonhosted.org/packages/fe/19/e040000185c330cdabbc4480467b71d81c89b081136e046e169269d1417d/azure_cli_advisor-0.5.1-py2.py3-none-any.whl
Collecting azure-cli-redis (from azure-cli)
  Using cached https://files.pythonhosted.org/packages/2e/0c/86eec89978d3b8de936b458fa2208cb4f75bbf61c78faaaa12f5fdb552ff/azure_cli_redis-0.2.13-py2.py3-none-any.whl
Collecting azure-cli-interactive (from azure-cli)
  Using cached https://files.pythonhosted.org/packages/24/14/16611c8ce6dfa36057650ac4d869d1531729813a9032ff77ff1744796fdf/azure_cli_interactive-0.3.22-py2.py3-none-any.whl
Collecting azure-cli-resource (from azure-cli)
  Using cached https://files.pythonhosted.org/packages/70/b0/7e6035a2607b77925fad1239f3831ae1c9a7bcd159e8e5c4df2e50963302/azure_cli_resource-2.0.30-py2.py3-none-any.whl
Collecting azure-cli-dms (from azure-cli)
  Using cached https://files.pythonhosted.org/packages/33/60/ab7998791814067dc07394a89553aa45f532de4da7c7545b32a5c34e65b0/azure_cli_dms-0.0.1-py2.py3-none-any.whl
Collecting azure-cli-lab (from azure-cli)
  Using cached https://files.pythonhosted.org/packages/96/04/218800e7fe412d051fc93f366eb8274b9e8eeed94cda448ce8fc64b3e1ce/azure_cli_lab-0.0.22-py2.py3-none-any.whl
Collecting azure-mgmt-cdn==1.0.0 (from azure-cli-cdn->azure-cli)
  Using cached https://files.pythonhosted.org/packages/6e/be/6be651f592feed8c86fa54fe5b155ac0e7a68f561a270d76bc9fa729cded/azure_mgmt_cdn-1.0.0-py2.py3-none-any.whl
Collecting azure-cli-command-modules-nspkg>=2.0.0 (from azure-cli-cdn->azure-cli)
  Using cached https://files.pythonhosted.org/packages/21/bf/0a6c3a39bce63ed68a5612b46b0b228dea3177543729a38a9e2c3f674152/azure_cli_command_modules_nspkg-2.0.1-py2.py3-none-any.whl
Collecting azure-nspkg>=2.0.0 (from azure-cli-nspkg>=2.0.0->azure-cli)
  Using cached https://files.pythonhosted.org/packages/cd/a0/76ca6659ae9afd7567fdbb5b9c85e9c9a0b48238cfcacd92525484408f66/azure_nspkg-2.0.0-py2.py3-none-any.whl
Collecting whoosh (from azure-cli-find->azure-cli)
  Using cached https://files.pythonhosted.org/packages/ba/19/24d0f1f454a2c1eb689ca28d2f178db81e5024f42d82729a4ff6771155cf/Whoosh-2.7.4-py2.py3-none-any.whl
Collecting azure-mgmt-msi==0.1.0 (from azure-cli-vm->azure-cli)
  Using cached https://files.pythonhosted.org/packages/9e/03/3254f31f56f9d6386a77cdf3b577c05051a5acdb88aef1da5779385d4b6f/azure_mgmt_msi-0.1.0-py2.py3-none-any.whl
Collecting azure-mgmt-network==2.0.0rc2 (from azure-cli-vm->azure-cli)
  Using cached https://files.pythonhosted.org/packages/a7/26/7d841bf828382ed14c3372cfb03f73d899746e358e92ceedde9cc5b328ee/azure_mgmt_network-2.0.0rc2-py2.py3-none-any.whl
Collecting azure-mgmt-authorization==0.40.0 (from azure-cli-vm->azure-cli)
  Using cached https://files.pythonhosted.org/packages/67/e4/b3535daae30db9b3f73046a0c151c5c2ae2d2bff96ba0c28c1f26a21dbf1/azure_mgmt_authorization-0.40.0-py2.py3-none-any.whl
Collecting azure-multiapi-storage==0.2.0 (from azure-cli-vm->azure-cli)
  Using cached https://files.pythonhosted.org/packages/57/a7/1f4d03308ca5054274a978610186117c3c22283f65e563ae47e2cd5cbdeb/azure_multiapi_storage-0.2.0-py2.py3-none-any.whl
Collecting azure-mgmt-keyvault==0.40.0 (from azure-cli-vm->azure-cli)
  Using cached https://files.pythonhosted.org/packages/45/5a/f3182d7ed82173d9af0bd96d01de4002eca8fddbd3c1feb99d839c5f4657/azure_mgmt_keyvault-0.40.0-py2.py3-none-any.whl
Collecting azure-mgmt-compute==4.0.0rc2 (from azure-cli-vm->azure-cli)
  Using cached https://files.pythonhosted.org/packages/f6/ac/d35866f72de5f18b9db3e18942904c53d56f487d868eca1d752c85f594af/azure_mgmt_compute-4.0.0rc2-py2.py3-none-any.whl
Collecting azure-mgmt-marketplaceordering==0.1.0 (from azure-cli-vm->azure-cli)
  Using cached https://files.pythonhosted.org/packages/a8/cb/13502fdbaf520d08fb280eb31ecfe5d926b9cf92259c22280bbde96b307d/azure_mgmt_marketplaceordering-0.1.0-py2.py3-none-any.whl
Collecting azure-keyvault==0.3.7 (from azure-cli-vm->azure-cli)
  Using cached https://files.pythonhosted.org/packages/7e/f7/1e186b391b6095037c6d45d23ac76b4e9cc4f6c23755a78ca56fc39fad00/azure_keyvault-0.3.7-py2.py3-none-any.whl
Collecting azure-mgmt-resource==1.2.1 (from azure-cli-vm->azure-cli)
  Using cached https://files.pythonhosted.org/packages/97/99/5268c0ad1a6c0768cd035f1f06dad59fb90f29eb645bd15d0bbbdf338ff9/azure_mgmt_resource-1.2.1-py2.py3-none-any.whl
Collecting azure-mgmt-consumption==2.0.0 (from azure-cli-consumption->azure-cli)
  Using cached https://files.pythonhosted.org/packages/11/f4/2db9557494dfb17ff3edeae5726981143a7baace17df3712b189e343bd8c/azure_mgmt_consumption-2.0.0-py2.py3-none-any.whl
Collecting colorama (from azure-cli-container->azure-cli)
  Using cached https://files.pythonhosted.org/packages/db/c8/7dcf9dbcb22429512708fe3a547f8b6101c0d02137acbd892505aee57adf/colorama-0.3.9-py2.py3-none-any.whl
Requirement already satisfied: pyyaml in /home/ninghai/miniconda3/envs/preview/lib/python3.6/site-packages (from azure-cli-container->azure-cli) (3.12)
Collecting azure-mgmt-containerinstance==0.4.0 (from azure-cli-container->azure-cli)
  Using cached https://files.pythonhosted.org/packages/b8/a7/cf09dfe3f122582af3a389366e6b1543d5ed7e99f1e55884524d4a0111c9/azure_mgmt_containerinstance-0.4.0-py2.py3-none-any.whl
Collecting websocket-client (from azure-cli-container->azure-cli)
  Using cached https://files.pythonhosted.org/packages/8a/a1/72ef9aa26cfe1a75cee09fc1957e4723add9de098c15719416a1ee89386b/websocket_client-0.48.0-py2.py3-none-any.whl
Requirement already satisfied: pygments in /home/ninghai/miniconda3/envs/preview/lib/python3.6/site-packages (from azure-cli-core->azure-cli) (2.2.0)
Requirement already satisfied: six in /home/ninghai/miniconda3/envs/preview/lib/python3.6/site-packages (from azure-cli-core->azure-cli) (1.11.0)
Collecting knack==0.3.3 (from azure-cli-core->azure-cli)
  Using cached https://files.pythonhosted.org/packages/92/aa/d5563dfb2724a5d7899170461f8c70e88f8f9422bd1c44a2a7528e2e6235/knack-0.3.3-py2.py3-none-any.whl
Requirement already satisfied: pyopenssl>=17.1.0 in /home/ninghai/miniconda3/envs/preview/lib/python3.6/site-packages (from azure-cli-core->azure-cli) (18.0.0)
Collecting humanfriendly>=4.7 (from azure-cli-core->azure-cli)
  Using cached https://files.pythonhosted.org/packages/4a/4f/16881101fb87370fd62bdc1b7b895c505c6525a9b07e10571bf41899937b/humanfriendly-4.12.1-py2.py3-none-any.whl
Collecting PyJWT (from azure-cli-core->azure-cli)
  Using cached https://files.pythonhosted.org/packages/93/d1/3378cc8184a6524dc92993090ee8b4c03847c567e298305d6cf86987e005/PyJWT-1.6.4-py2.py3-none-any.whl
Collecting jmespath (from azure-cli-core->azure-cli)
  Using cached https://files.pythonhosted.org/packages/b7/31/05c8d001f7f87f0f07289a5fc0fc3832e9a57f2dbd4d3b0fee70e0d51365/jmespath-0.9.3-py2.py3-none-any.whl
Requirement already satisfied: pip in /home/ninghai/miniconda3/envs/preview/lib/python3.6/site-packages (from azure-cli-core->azure-cli) (10.0.1)
Requirement already satisfied: requests in /home/ninghai/miniconda3/envs/preview/lib/python3.6/site-packages (from azure-cli-core->azure-cli) (2.18.4)
Collecting tabulate<=0.8.2,>=0.7.7 (from azure-cli-core->azure-cli)
Collecting paramiko (from azure-cli-core->azure-cli)
  Using cached https://files.pythonhosted.org/packages/3e/db/cb7b6656e0e7387637ce850689084dc0b94b44df31cc52e5fc5c2c4fd2c1/paramiko-2.4.1-py2.py3-none-any.whl
Collecting wheel==0.30.0 (from azure-cli-core->azure-cli)
  Using cached https://files.pythonhosted.org/packages/0c/80/16a85b47702a1f47a63c104c91abdd0a6704ee8ae3b4ce4afc49bc39f9d9/wheel-0.30.0-py2.py3-none-any.whl
Collecting argcomplete>=1.8.0 (from azure-cli-core->azure-cli)
  Using cached https://files.pythonhosted.org/packages/31/88/ba8d8684a8a27749250c66ff7c2b408fdbc29b50da61200338ff9b2607bf/argcomplete-1.9.4-py2.py3-none-any.whl
Collecting msrestazure>=0.4.25 (from azure-cli-core->azure-cli)
  Using cached https://files.pythonhosted.org/packages/ee/d4/0235848f1991dde8dac97cd85d4d71cd9146f75ece84215c1914a4fa3725/msrestazure-0.4.31-py2.py3-none-any.whl
Collecting applicationinsights>=0.11.1 (from azure-cli-core->azure-cli)
  Using cached https://files.pythonhosted.org/packages/93/fc/d58638b3697c6e5cb87f5e79e9ccdcb1c7a89e6feb5954613d90a71e7c94/applicationinsights-0.11.4-py2.py3-none-any.whl
Collecting msrest>=0.4.4 (from azure-cli-core->azure-cli)
  Using cached https://files.pythonhosted.org/packages/e1/db/b4b8e0388ad7f100d2ec7c18dbcdfa3d86a1f42b052009ceed223aef7cbd/msrest-0.4.29-py2.py3-none-any.whl
Collecting azure-mgmt-recoveryservices==0.1.0 (from azure-cli-backup->azure-cli)
  Using cached https://files.pythonhosted.org/packages/36/f2/ca2fc48cd37cd4bf33bd7553240dd066a3e404d4342f236674b822c29361/azure_mgmt_recoveryservices-0.1.0-py2.py3-none-any.whl
Collecting azure-mgmt-recoveryservicesbackup==0.1.1 (from azure-cli-backup->azure-cli)
  Using cached https://files.pythonhosted.org/packages/88/04/d1e49a53846807845fa54ef5d659af73b0280f5f799ca1212eb2284a5f24/azure_mgmt_recoveryservicesbackup-0.1.1-py2.py3-none-any.whl
Collecting mock>=2.0.0 (from azure-cli-batchai->azure-cli)
  Using cached https://files.pythonhosted.org/packages/e6/35/f187bdf23be87092bd0f1200d43d23076cee4d0dec109f195173fd3ebc79/mock-2.0.0-py2.py3-none-any.whl
Collecting azure-mgmt-batchai==1.0.0 (from azure-cli-batchai->azure-cli)
  Using cached https://files.pythonhosted.org/packages/87/6f/4abbc458c06c29230f0d2544bcd33c3ddf99db41830128a8e84d425b48d6/azure_mgmt_batchai-1.0.0-py2.py3-none-any.whl
Collecting azure-mgmt-rdbms==1.1.0 (from azure-cli-rdbms->azure-cli)
  Using cached https://files.pythonhosted.org/packages/cc/ed/1b5525fdef5b4780ffc59af8696e27d4051fe7c1777ccfe5e2eb99e06932/azure_mgmt_rdbms-1.1.0-py2.py3-none-any.whl
Collecting azure-mgmt-reservations==0.1.0 (from azure-cli-reservations->azure-cli)
  Using cached https://files.pythonhosted.org/packages/3a/ce/23c2208f1226334e04ccf8ab8afbb718ad301003b229b29fc344661f96c3/azure_mgmt_reservations-0.1.0-py2.py3-none-any.whl
Collecting azure-mgmt-trafficmanager==0.40.0 (from azure-cli-network->azure-cli)
  Using cached https://files.pythonhosted.org/packages/2c/86/975fc3eaff4a96b74b2664e238d8b1da0f9ae8386ef385a891813fabd8b1/azure_mgmt_trafficmanager-0.40.0-py2.py3-none-any.whl
Collecting azure-mgmt-dns==2.0.0rc1 (from azure-cli-network->azure-cli)
  Using cached https://files.pythonhosted.org/packages/f1/13/a2da72b16fd6da291a753e5bad1537fa7c8853f04fdad9d2a7b3afe37d31/azure_mgmt_dns-2.0.0rc1-py2.py3-none-any.whl
Collecting azure-mgmt-sql==0.9.1 (from azure-cli-sql->azure-cli)
  Using cached https://files.pythonhosted.org/packages/c5/bb/219c76af961e9e6d1f5055d70c3cc06889b91375727a04367149c3aad640/azure_mgmt_sql-0.9.1-py2.py3-none-any.whl
Collecting azure-mgmt-storage==1.5.0 (from azure-cli-sql->azure-cli)
  Using cached https://files.pythonhosted.org/packages/c5/40/d8134d1ee9617fa8bd469e62f916349e1373b94e9f179d12050cfd051e20/azure_mgmt_storage-1.5.0-py2.py3-none-any.whl
Collecting azure-mgmt-containerregistry==2.0.0 (from azure-cli-acr->azure-cli)
  Using cached https://files.pythonhosted.org/packages/c5/b6/926aba2129e87976a00c4742aa1dba4fea09708c0871ab48ec7937f9ac99/azure_mgmt_containerregistry-2.0.0-py2.py3-none-any.whl
Collecting azure-batch-extensions<1.2,>=1.1.1 (from azure-cli-batch->azure-cli)
  Using cached https://files.pythonhosted.org/packages/21/28/406bb3e6cdbc495641dc92be4f3d866934652e61a00af1c06f75f61ca1b9/azure_batch_extensions-1.1.2-py2.py3-none-any.whl
Collecting azure-batch==4.1.3 (from azure-cli-batch->azure-cli)
  Using cached https://files.pythonhosted.org/packages/b1/fa/1053b5dcd88e5de8e8cd70a4d7189ffad037542963ea86b518deb612c498/azure_batch-4.1.3-py2.py3-none-any.whl
Collecting azure-mgmt-batch==4.1.0 (from azure-cli-batch->azure-cli)
  Using cached https://files.pythonhosted.org/packages/e8/fb/fc700d1bf51c4359efb36aae643579b9bc6fabb5660403d5fb39293d028f/azure_mgmt_batch-4.1.0-py2.py3-none-any.whl
Collecting azure-mgmt-cosmosdb==0.4.0 (from azure-cli-cosmosdb->azure-cli)
  Using cached https://files.pythonhosted.org/packages/9d/cf/e8023576ec081accf3dcb00ee12f2378d53dcb25cb19727733aa4aa448b1/azure_mgmt_cosmosdb-0.4.0-py2.py3-none-any.whl
Collecting pydocumentdb>=2.0.1 (from azure-cli-cosmosdb->azure-cli)
Collecting azure-mgmt-billing==0.2.0 (from azure-cli-billing->azure-cli)
  Using cached https://files.pythonhosted.org/packages/0f/24/5106287ea0f6562d965afb055e3c6c0da058f7844a70464e67bab56c6c4b/azure_mgmt_billing-0.2.0-py2.py3-none-any.whl
Collecting azure-mgmt-eventhub==1.2.0 (from azure-cli-eventhubs->azure-cli)
  Using cached https://files.pythonhosted.org/packages/3b/b4/8ee496fdd8d2968346cbdf45665d59ac7e328b4d48449479b27fd88bf552/azure_mgmt_eventhub-1.2.0-py2.py3-none-any.whl
Collecting azure-mgmt-iothub==0.5.0 (from azure-cli-iot->azure-cli)
  Using cached https://files.pythonhosted.org/packages/19/d6/b422df467b3d7f4e2975b590fbf6e12aaae0a497c7d080b4955a6a6d794a/azure_mgmt_iothub-0.5.0-py2.py3-none-any.whl
Collecting azure-mgmt-iothubprovisioningservices==0.1.0 (from azure-cli-iot->azure-cli)
  Using cached https://files.pythonhosted.org/packages/f5/20/9e408c629caf9df48a229f10cfbdcea0eed1fdcf712e7a09ced9c73ef5bc/azure_mgmt_iothubprovisioningservices-0.1.0-py2.py3-none-any.whl
Collecting vsts-cd-manager<1.1.0 (from azure-cli-appservice->azure-cli)
Collecting azure-mgmt-web==0.35.0 (from azure-cli-appservice->azure-cli)
  Using cached https://files.pythonhosted.org/packages/21/04/3f2622720664c972d927fd9e58c0066e998739b7891649207765be674126/azure_mgmt_web-0.35.0-py2.py3-none-any.whl
Requirement already satisfied: urllib3[secure]>=1.18 in /home/ninghai/miniconda3/envs/preview/lib/python3.6/site-packages (from azure-cli-appservice->azure-cli) (1.22)
Collecting xmltodict (from azure-cli-appservice->azure-cli)
  Using cached https://files.pythonhosted.org/packages/42/a9/7e99652c6bc619d19d58cdd8c47560730eb5825d43a7e25db2e1d776ceb7/xmltodict-0.11.0-py2.py3-none-any.whl
Collecting azure-mgmt-eventgrid==0.4.0 (from azure-cli-eventgrid->azure-cli)
  Using cached https://files.pythonhosted.org/packages/51/11/6828014c391b0c641ca94813b5c78cbf0984547252a7d71166594e074330/azure_mgmt_eventgrid-0.4.0-py2.py3-none-any.whl
Collecting azure-mgmt-servicefabric==0.1.0 (from azure-cli-servicefabric->azure-cli)
  Using cached https://files.pythonhosted.org/packages/1f/61/50445e02b83f0aff9900cdf4b57d4a9bb5436df4845540d362b9a80f65a3/azure_mgmt_servicefabric-0.1.0-py2.py3-none-any.whl
Collecting azure-mgmt-media==1.0.0rc1 (from azure-cli-ams->azure-cli)
  Using cached https://files.pythonhosted.org/packages/d1/fd/8f4943670bcc71586b7440c3ee77bfe2e14a0c3340f3bbd6d8814e803ae2/azure_mgmt_media-1.0.0rc1-py2.py3-none-any.whl
Collecting azure-mgmt-monitor==0.5.0 (from azure-cli-monitor->azure-cli)
  Using cached https://files.pythonhosted.org/packages/07/c2/a6f62081c617e56d951dd2777eb4a52c85a904dc23e501dc95a7fa377284/azure_mgmt_monitor-0.5.0-py2.py3-none-any.whl
Collecting azure-mgmt-cognitiveservices==1.0.0 (from azure-cli-cognitiveservices->azure-cli)
  Using cached https://files.pythonhosted.org/packages/52/1f/52f414767db1ae911ab3755d498e0e7b59424b8cf7757ebf10d7b42fde43/azure_mgmt_cognitiveservices-1.0.0-py2.py3-none-any.whl
Collecting azure-mgmt-servicebus==0.4.0 (from azure-cli-servicebus->azure-cli)
  Using cached https://files.pythonhosted.org/packages/18/a9/5b53c53e7253050d784505208584ffb2d76c4ff42e2c7579fa5dcb4fa6ca/azure_mgmt_servicebus-0.4.0-py2.py3-none-any.whl
Collecting azure-mgmt-datalake-store==0.2.0 (from azure-cli-dla->azure-cli)
  Using cached https://files.pythonhosted.org/packages/49/ce/b8c5bc9e1560302a01ecb49afbca964feed9142660b244d89efe5df119e7/azure_mgmt_datalake_store-0.2.0-py2.py3-none-any.whl
Collecting azure-mgmt-datalake-analytics==0.2.0 (from azure-cli-dla->azure-cli)
  Using cached https://files.pythonhosted.org/packages/90/72/ee4a7ab8fc6e98ae7a0087fa8a4033db33744b76618b60542733ead698d7/azure_mgmt_datalake_analytics-0.2.0-py2.py3-none-any.whl
Collecting azure-graphrbac==0.40.0 (from azure-cli-acs->azure-cli)
  Using cached https://files.pythonhosted.org/packages/89/0a/29f7e2914033e2536026b8f0d7f8deb1edda68c9a93ce4757b2b1e39568b/azure_graphrbac-0.40.0-py2.py3-none-any.whl
Collecting azure-mgmt-containerservice==3.0.1 (from azure-cli-acs->azure-cli)
  Using cached https://files.pythonhosted.org/packages/42/fd/3af202dbaf36b717f4e8d0e4e6b53bdb77c1683e4e73bfc003b84aa79f57/azure_mgmt_containerservice-3.0.1-py2.py3-none-any.whl
Collecting scp (from azure-cli-acs->azure-cli)
  Using cached https://files.pythonhosted.org/packages/ef/8c/399c5ddffc8c1bd2593ee6c8937ed31f005dcfa0c591da149f7b4b993f14/scp-0.11.0-py2.py3-none-any.whl
Collecting sshtunnel (from azure-cli-acs->azure-cli)
Collecting azure-datalake-store==0.0.19 (from azure-cli-dls->azure-cli)
  Using cached https://files.pythonhosted.org/packages/c5/3c/6a93daed80af56c11c673b2055a039d2fa24375b84a113fae5d7764c4e59/azure_datalake_store-0.0.19-py2.py3-none-any.whl
Collecting azure-mgmt-advisor==1.0.1 (from azure-cli-advisor->azure-cli)
  Using cached https://files.pythonhosted.org/packages/cb/f3/a86ba3e0784d12c8fe5cbf1f24e1b9255575a2f0892e08c46cddd0795dfd/azure_mgmt_advisor-1.0.1-py2.py3-none-any.whl
Collecting azure-mgmt-redis==4.1.0 (from azure-cli-redis->azure-cli)
  Using cached https://files.pythonhosted.org/packages/1e/fa/e8b8d6975217cf94be376d900f7dbbebe74b09ec058b1c9edfeb0e653dec/azure_mgmt_redis-4.1.0-py2.py3-none-any.whl
Requirement already satisfied: prompt-toolkit~=1.0.15 in /home/ninghai/miniconda3/envs/preview/lib/python3.6/site-packages (from azure-cli-interactive->azure-cli) (1.0.15)
Collecting azure-mgmt-managementgroups==0.1.0 (from azure-cli-resource->azure-cli)
  Using cached https://files.pythonhosted.org/packages/f2/50/591adac2a6cd8d77cccd38bdf5d177ad6a2e95b9217daa9a60b5d86de5cd/azure_mgmt_managementgroups-0.1.0-py2.py3-none-any.whl
Collecting azure-mgmt-datamigration==0.1.0 (from azure-cli-dms->azure-cli)
  Using cached https://files.pythonhosted.org/packages/a6/68/aba86e698f24f25f70d9ee2b15a2ca0d71b822932ace8ba96e5beb12efdd/azure_mgmt_datamigration-0.1.0-py2.py3-none-any.whl
Collecting azure-mgmt-devtestlabs==2.0.0 (from azure-cli-lab->azure-cli)
  Using cached https://files.pythonhosted.org/packages/5f/1e/3f2cdf493a56135ac0dc9cc7edd879d279514c0bcbfad0dd09bb231e575c/azure_mgmt_devtestlabs-2.0.0-py2.py3-none-any.whl
Collecting azure-mgmt-nspkg>=2.0.0 (from azure-mgmt-cdn==1.0.0->azure-cli-cdn->azure-cli)
  Using cached https://files.pythonhosted.org/packages/c9/e3/48b98f929290b0cd0aaa4707ecabb8aaeb267e8ef628af907f1d1c506ec7/azure_mgmt_nspkg-2.0.0-py2.py3-none-any.whl
Collecting azure-common~=1.1.5 (from azure-mgmt-cdn==1.0.0->azure-cli-cdn->azure-cli)
  Using cached https://files.pythonhosted.org/packages/97/3b/2c7cda25382c3bb566008c5c8f8aa28663fd15a80a6204c76ae0035de107/azure_common-1.1.11-py2.py3-none-any.whl
Requirement already satisfied: python-dateutil in /home/ninghai/miniconda3/envs/preview/lib/python3.6/site-packages (from azure-multiapi-storage==0.2.0->azure-cli-vm->azure-cli) (2.7.3)
Requirement already satisfied: cryptography in /home/ninghai/miniconda3/envs/preview/lib/python3.6/site-packages (from azure-multiapi-storage==0.2.0->azure-cli-vm->azure-cli) (2.2.2)
Requirement already satisfied: chardet<3.1.0,>=3.0.2 in /home/ninghai/miniconda3/envs/preview/lib/python3.6/site-packages (from requests->azure-cli-core->azure-cli) (3.0.4)
Requirement already satisfied: idna<2.7,>=2.5 in /home/ninghai/miniconda3/envs/preview/lib/python3.6/site-packages (from requests->azure-cli-core->azure-cli) (2.6)
Requirement already satisfied: certifi>=2017.4.17 in /home/ninghai/miniconda3/envs/preview/lib/python3.6/site-packages (from requests->azure-cli-core->azure-cli) (2018.4.16)
Collecting pyasn1>=0.1.7 (from paramiko->azure-cli-core->azure-cli)
  Using cached https://files.pythonhosted.org/packages/a0/70/2c27740f08e477499ce19eefe05dbcae6f19fdc49e9e82ce4768be0643b9/pyasn1-0.4.3-py2.py3-none-any.whl
Collecting bcrypt>=3.1.3 (from paramiko->azure-cli-core->azure-cli)
  Using cached https://files.pythonhosted.org/packages/b8/09/905ec939994e2c49dcffff72f823802557f166b3815ea54c1db3671eed42/bcrypt-3.1.4-cp36-cp36m-manylinux1_x86_64.whl
Collecting pynacl>=1.0.1 (from paramiko->azure-cli-core->azure-cli)
  Using cached https://files.pythonhosted.org/packages/77/03/927e4cdbd821f929392608ddb2220a9548ce164c52047e90fadd20786fd8/PyNaCl-1.2.1-cp36-cp36m-manylinux1_x86_64.whl
Collecting keyring>=12.0.2 (from msrestazure>=0.4.25->azure-cli-core->azure-cli)
  Using cached https://files.pythonhosted.org/packages/47/c0/4dfeeedaa233a12c3e5eb1e079b4dce96bbcbf0d030abc5e9a6b771e5812/keyring-12.2.1-py2.py3-none-any.whl
Collecting adal<2.0.0,>=0.5.0 (from msrestazure>=0.4.25->azure-cli-core->azure-cli)
  Using cached https://files.pythonhosted.org/packages/ee/c2/179ee0cbfa0a1515987be642a8c716b158f1e1329dec5bc36992d514dab3/adal-1.0.0-py2.py3-none-any.whl
Collecting isodate>=0.6.0 (from msrest>=0.4.4->azure-cli-core->azure-cli)
  Using cached https://files.pythonhosted.org/packages/9b/9f/b36f7774ff5ea8e428fdcfc4bb332c39ee5b9362ddd3d40d9516a55221b2/isodate-0.6.0-py2.py3-none-any.whl
Collecting requests-oauthlib>=0.5.0 (from msrest>=0.4.4->azure-cli-core->azure-cli)
  Using cached https://files.pythonhosted.org/packages/94/e7/c250d122992e1561690d9c0f7856dadb79d61fd4bdd0e598087dce607f6c/requests_oauthlib-1.0.0-py2.py3-none-any.whl
Collecting pbr>=0.11 (from mock>=2.0.0->azure-cli-batchai->azure-cli)
  Using cached https://files.pythonhosted.org/packages/b3/5d/c196041ffdf3e34ba206db6d61d1f893a75e1f3435699ade9bd65e089a3d/pbr-4.0.4-py2.py3-none-any.whl
Collecting azure-storage-blob<2,>=1.1.0 (from azure-batch-extensions<1.2,>=1.1.1->azure-cli-batch->azure-cli)
  Using cached https://files.pythonhosted.org/packages/bb/c5/eb29c445c2e1bb1aead35c42e0b303dc52df2dfd6579c8917be0c8a7cc47/azure_storage_blob-1.1.0-py2.py3-none-any.whl
Collecting ipaddress (from urllib3[secure]>=1.18->azure-cli-appservice->azure-cli)
  Using cached https://files.pythonhosted.org/packages/fc/d0/7fc3a811e011d4b388be48a0e381db8d990042df54aa4ef4599a31d39853/ipaddress-1.0.22-py2.py3-none-any.whl
Collecting azure-mgmt-datalake-nspkg>=2.0.0 (from azure-mgmt-datalake-store==0.2.0->azure-cli-dla->azure-cli)
  Using cached https://files.pythonhosted.org/packages/45/44/ac10e1d1757a46299515568ec7ba62af84f012335cbba957aab32ee08f3d/azure_mgmt_datalake_nspkg-2.0.0-py2.py3-none-any.whl
Requirement already satisfied: cffi in /home/ninghai/miniconda3/envs/preview/lib/python3.6/site-packages (from azure-datalake-store==0.0.19->azure-cli-dls->azure-cli) (1.11.5)
Requirement already satisfied: wcwidth in /home/ninghai/miniconda3/envs/preview/lib/python3.6/site-packages (from prompt-toolkit~=1.0.15->azure-cli-interactive->azure-cli) (0.1.7)
Requirement already satisfied: asn1crypto>=0.21.0 in /home/ninghai/miniconda3/envs/preview/lib/python3.6/site-packages (from cryptography->azure-multiapi-storage==0.2.0->azure-cli-vm->azure-cli) (0.24.0)
Collecting secretstorage; sys_platform == "linux" and python_version >= "3.5" (from keyring>=12.0.2->msrestazure>=0.4.25->azure-cli-core->azure-cli)
  Using cached https://files.pythonhosted.org/packages/f3/40/3cbd8b15c8f98b5c6d2480fb0087b06eb39b87992e61c966775156e1a693/SecretStorage-3.0.1-py3-none-any.whl
Requirement already satisfied: entrypoints in /home/ninghai/miniconda3/envs/preview/lib/python3.6/site-packages (from keyring>=12.0.2->msrestazure>=0.4.25->azure-cli-core->azure-cli) (0.2.3)
Collecting oauthlib>=0.6.2 (from requests-oauthlib>=0.5.0->msrest>=0.4.4->azure-cli-core->azure-cli)
  Using cached https://files.pythonhosted.org/packages/e6/d1/ddd9cfea3e736399b97ded5c2dd62d1322adef4a72d816f1ed1049d6a179/oauthlib-2.1.0-py2.py3-none-any.whl
Collecting azure-storage-nspkg>=2.0.0 (from azure-storage-blob<2,>=1.1.0->azure-batch-extensions<1.2,>=1.1.1->azure-cli-batch->azure-cli)
  Using cached https://files.pythonhosted.org/packages/b1/e9/0a11f4feefb9c4c2f7e30d4d448e15b32df3adabe370be70aaf4278fbb52/azure_storage_nspkg-3.0.0-py2.py3-none-any.whl
Collecting azure-storage-common<1.2.0,>=1.1.0 (from azure-storage-blob<2,>=1.1.0->azure-batch-extensions<1.2,>=1.1.1->azure-cli-batch->azure-cli)
  Using cached https://files.pythonhosted.org/packages/3b/c6/31394ea86134bcfbff5dceb31d7ccde9e9150d7b7b6f4f1563acaaabcd24/azure_storage_common-1.1.0-py2.py3-none-any.whl
Requirement already satisfied: pycparser in /home/ninghai/miniconda3/envs/preview/lib/python3.6/site-packages (from cffi->azure-datalake-store==0.0.19->azure-cli-dls->azure-cli) (2.18)
Collecting jeepney (from secretstorage; sys_platform == "linux" and python_version >= "3.5"->keyring>=12.0.2->msrestazure>=0.4.25->azure-cli-core->azure-cli)
  Using cached https://files.pythonhosted.org/packages/a9/21/c07060fac57d8d4932ccb19f96b244ff056f13192993d2d1253fb87d6784/jeepney-0.3.1-py3-none-any.whl
Installing collected packages: azure-nspkg, azure-mgmt-nspkg, azure-common, jeepney, secretstorage, keyring, PyJWT, adal, isodate, oauthlib, requests-oauthlib, msrest, msrestazure, azure-mgmt-cdn, colorama, azure-cli-nspkg, argcomplete, jmespath, tabulate, knack, humanfriendly, pyasn1, bcrypt, pynacl, paramiko, wheel, applicationinsights, azure-cli-core, azure-cli-command-modules-nspkg, azure-cli-cdn, whoosh, azure-cli-find, azure-cli-profile, azure-mgmt-msi, azure-mgmt-network, azure-mgmt-authorization, azure-multiapi-storage, azure-mgmt-keyvault, azure-mgmt-compute, azure-mgmt-marketplaceordering, azure-keyvault, azure-mgmt-resource, azure-cli-vm, azure-mgmt-consumption, azure-cli-consumption, azure-mgmt-containerinstance, websocket-client, azure-cli-container, azure-cli-feedback, azure-mgmt-recoveryservices, azure-mgmt-recoveryservicesbackup, azure-cli-backup, pbr, mock, azure-mgmt-batchai, azure-cli-batchai, azure-mgmt-rdbms, azure-cli-rdbms, azure-mgmt-reservations, azure-cli-reservations, azure-mgmt-trafficmanager, azure-mgmt-dns, azure-cli-network, azure-mgmt-sql, azure-mgmt-storage, azure-cli-sql, azure-cli-configure, azure-cli-storage, azure-mgmt-containerregistry, azure-cli-acr, azure-mgmt-batch, azure-storage-nspkg, azure-storage-common, azure-storage-blob, azure-batch, azure-batch-extensions, azure-cli-batch, azure-mgmt-cosmosdb, pydocumentdb, azure-cli-cosmosdb, azure-mgmt-billing, azure-cli-billing, azure-mgmt-eventhub, azure-cli-eventhubs, azure-mgmt-iothub, azure-mgmt-iothubprovisioningservices, azure-cli-iot, vsts-cd-manager, azure-mgmt-web, xmltodict, azure-cli-appservice, azure-mgmt-eventgrid, azure-cli-eventgrid, azure-mgmt-servicefabric, azure-cli-servicefabric, azure-mgmt-media, azure-cli-ams, azure-mgmt-monitor, azure-cli-monitor, azure-mgmt-cognitiveservices, azure-cli-cognitiveservices, azure-mgmt-servicebus, azure-cli-servicebus, azure-mgmt-datalake-nspkg, azure-mgmt-datalake-store, azure-mgmt-datalake-analytics, azure-cli-dla, azure-cli-cloud, azure-cli-keyvault, azure-cli-extension, azure-graphrbac, azure-mgmt-containerservice, scp, sshtunnel, azure-cli-acs, azure-cli-role, azure-datalake-store, azure-cli-dls, azure-mgmt-advisor, azure-cli-advisor, azure-mgmt-redis, azure-cli-redis, azure-cli-interactive, azure-mgmt-managementgroups, azure-cli-resource, azure-mgmt-datamigration, azure-cli-dms, azure-mgmt-devtestlabs, azure-cli-lab, azure-cli, ipaddress
  Found existing installation: wheel 0.31.1
    Uninstalling wheel-0.31.1:
      Successfully uninstalled wheel-0.31.1
Successfully installed PyJWT-1.6.4 adal-1.0.0 applicationinsights-0.11.4 argcomplete-1.9.4 azure-batch-4.1.3 azure-batch-extensions-1.1.2 azure-cli-2.0.35 azure-cli-acr-2.0.26 azure-cli-acs-2.0.34 azure-cli-advisor-0.5.1 azure-cli-ams-0.1.1 azure-cli-appservice-0.1.33 azure-cli-backup-1.1.1 azure-cli-batch-3.2.3 azure-cli-batchai-0.2.3 azure-cli-billing-0.1.8 azure-cli-cdn-0.0.14 azure-cli-cloud-2.0.13 azure-cli-cognitiveservices-0.1.13 azure-cli-command-modules-nspkg-2.0.1 azure-cli-configure-2.0.15 azure-cli-consumption-0.3.1 azure-cli-container-0.1.24 azure-cli-core-2.0.35 azure-cli-cosmosdb-0.1.21 azure-cli-dla-0.1.0 azure-cli-dls-0.0.21 azure-cli-dms-0.0.1 azure-cli-eventgrid-0.1.12 azure-cli-eventhubs-0.1.3 azure-cli-extension-0.0.14 azure-cli-feedback-2.1.1 azure-cli-find-0.2.9 azure-cli-interactive-0.3.22 azure-cli-iot-0.1.21 azure-cli-keyvault-2.0.22 azure-cli-lab-0.0.22 azure-cli-monitor-0.1.7 azure-cli-network-2.1.3 azure-cli-nspkg-3.0.2 azure-cli-profile-2.0.25 azure-cli-rdbms-0.2.3 azure-cli-redis-0.2.13 azure-cli-reservations-0.1.2 azure-cli-resource-2.0.30 azure-cli-role-2.0.24 azure-cli-servicebus-0.1.2 azure-cli-servicefabric-0.0.12 azure-cli-sql-2.0.27 azure-cli-storage-2.0.34 azure-cli-vm-2.0.33 azure-common-1.1.11 azure-datalake-store-0.0.19 azure-graphrbac-0.40.0 azure-keyvault-0.3.7 azure-mgmt-advisor-1.0.1 azure-mgmt-authorization-0.40.0 azure-mgmt-batch-4.1.0 azure-mgmt-batchai-1.0.0 azure-mgmt-billing-0.2.0 azure-mgmt-cdn-1.0.0 azure-mgmt-cognitiveservices-1.0.0 azure-mgmt-compute-4.0.0rc2 azure-mgmt-consumption-2.0.0 azure-mgmt-containerinstance-0.4.0 azure-mgmt-containerregistry-2.0.0 azure-mgmt-containerservice-3.0.1 azure-mgmt-cosmosdb-0.4.0 azure-mgmt-datalake-analytics-0.2.0 azure-mgmt-datalake-nspkg-2.0.0 azure-mgmt-datalake-store-0.2.0 azure-mgmt-datamigration-0.1.0 azure-mgmt-devtestlabs-2.0.0 azure-mgmt-dns-2.0.0rc1 azure-mgmt-eventgrid-0.4.0 azure-mgmt-eventhub-1.2.0 azure-mgmt-iothub-0.5.0 azure-mgmt-iothubprovisioningservices-0.1.0 azure-mgmt-keyvault-0.40.0 azure-mgmt-managementgroups-0.1.0 azure-mgmt-marketplaceordering-0.1.0 azure-mgmt-media-1.0.0rc1 azure-mgmt-monitor-0.5.0 azure-mgmt-msi-0.1.0 azure-mgmt-network-2.0.0rc2 azure-mgmt-nspkg-2.0.0 azure-mgmt-rdbms-1.1.0 azure-mgmt-recoveryservices-0.1.0 azure-mgmt-recoveryservicesbackup-0.1.1 azure-mgmt-redis-4.1.0 azure-mgmt-reservations-0.1.0 azure-mgmt-resource-1.2.1 azure-mgmt-servicebus-0.4.0 azure-mgmt-servicefabric-0.1.0 azure-mgmt-sql-0.9.1 azure-mgmt-storage-1.5.0 azure-mgmt-trafficmanager-0.40.0 azure-mgmt-web-0.35.0 azure-multiapi-storage-0.2.0 azure-nspkg-2.0.0 azure-storage-blob-1.1.0 azure-storage-common-1.1.0 azure-storage-nspkg-3.0.0 bcrypt-3.1.4 colorama-0.3.9 humanfriendly-4.12.1 ipaddress-1.0.22 isodate-0.6.0 jeepney-0.3.1 jmespath-0.9.3 keyring-12.2.1 knack-0.3.3 mock-2.0.0 msrest-0.4.29 msrestazure-0.4.31 oauthlib-2.1.0 paramiko-2.4.1 pbr-4.0.4 pyasn1-0.4.3 pydocumentdb-2.3.2 pynacl-1.2.1 requests-oauthlib-1.0.0 scp-0.11.0 secretstorage-3.0.1 sshtunnel-0.1.3.1 tabulate-0.8.2 vsts-cd-manager-1.0.1 websocket-client-0.48.0 wheel-0.30.0 whoosh-2.7.4 xmltodict-0.11.0
