Switched to branch 'candidate'
Client-Request-ID=f961d15b-6bc3-11e8-9288-000d3a71b7c3 Retry policy did not allow for a retry: Server-Timestamp=Sat, 09 Jun 2018 09:03:28 GMT, Server-Request-ID=8805e69b-a01e-0099-61d0-ffdbf3000000, HTTP status code=409, Exception=The specified container already exists.ErrorCode: ContainerAlreadyExists<?xml version="1.0" encoding="utf-8"?><Error><Code>ContainerAlreadyExists</Code><Message>The specified container already exists.RequestId:8805e69b-a01e-0099-61d0-ffdbf3000000Time:2018-06-09T09:03:28.7679084Z</Message></Error>.
Client-Request-ID=f961d15d-6bc3-11e8-9288-000d3a71b7c3 Retry policy did not allow for a retry: Server-Timestamp=Sat, 09 Jun 2018 09:03:28 GMT, Server-Request-ID=d9ef9c26-d01e-00fb-04d0-ff9c2b000000, HTTP status code=409, Exception=The specified container already exists.ErrorCode: ContainerAlreadyExists<?xml version="1.0" encoding="utf-8"?><Error><Code>ContainerAlreadyExists</Code><Message>The specified container already exists.RequestId:d9ef9c26-d01e-00fb-04d0-ff9c2b000000Time:2018-06-09T09:03:28.9529709Z</Message></Error>.
Client-Request-ID=f961d15f-6bc3-11e8-9288-000d3a71b7c3 Retry policy did not allow for a retry: Server-Timestamp=Sat, 09 Jun 2018 09:03:29 GMT, Server-Request-ID=38ad29f0-b01e-000e-66d0-ffb83a000000, HTTP status code=409, Exception=The specified container already exists.ErrorCode: ContainerAlreadyExists<?xml version="1.0" encoding="utf-8"?><Error><Code>ContainerAlreadyExists</Code><Message>The specified container already exists.RequestId:38ad29f0-b01e-000e-66d0-ffb83a000000Time:2018-06-09T09:03:29.1448949Z</Message></Error>.
Client-Request-ID=f961d161-6bc3-11e8-9288-000d3a71b7c3 Retry policy did not allow for a retry: Server-Timestamp=Sat, 09 Jun 2018 09:03:28 GMT, Server-Request-ID=08bcd537-f01e-00ce-72d0-ff327e000000, HTTP status code=409, Exception=The specified container already exists.ErrorCode: ContainerAlreadyExists<?xml version="1.0" encoding="utf-8"?><Error><Code>ContainerAlreadyExists</Code><Message>The specified container already exists.RequestId:08bcd537-f01e-00ce-72d0-ff327e000000Time:2018-06-09T09:03:29.3377160Z</Message></Error>.
Traceback (most recent call last):
  File "/home/ninghai/miniconda3/envs/candidate/lib/python3.6/site-packages/azureml/core/webservice/webservice.py", line 291, in _deploy_webservice
    resp.raise_for_status()
  File "/home/ninghai/miniconda3/envs/candidate/lib/python3.6/site-packages/requests/models.py", line 935, in raise_for_status
    raise HTTPError(http_error_msg, response=self)
requests.exceptions.HTTPError: 409 Client Error: Conflict for url: https://eastus2.modelmanagement.azureml.net/api/subscriptions/fac34303-435d-4486-8c3f-7094d82a0b60/resourceGroups/aml-notebooks/providers/Microsoft.MachineLearningServices/workspaces/haieastus2ws3/services?api-version=2018-03-01-preview

During handling of the above exception, another exception occurred:

Traceback (most recent call last):
  File "./01.interactive.e2e.py", line 139, in <module>
    driver = 'score.py')
  File "/home/ninghai/miniconda3/envs/candidate/lib/python3.6/site-packages/azureml/core/workspace.py", line 787, in deploy_webservice
    return Webservice.deploy_from_image(self, name, image, deploy_config, target)
  File "/home/ninghai/miniconda3/envs/candidate/lib/python3.6/site-packages/azureml/core/webservice/webservice.py", line 253, in deploy_from_image
    return child._deploy(workspace, name, image, deployment_config)
  File "/home/ninghai/miniconda3/envs/candidate/lib/python3.6/site-packages/azureml/core/webservice/aci.py", line 108, in _deploy
    return Webservice._deploy_webservice(workspace, name, create_payload, AciWebservice)
  File "/home/ninghai/miniconda3/envs/candidate/lib/python3.6/site-packages/azureml/core/webservice/webservice.py", line 296, in _deploy_webservice
    'Content: {}'.format(resp.status_code, resp.headers, resp.content))
azureml.exceptions.azureml_exception.WebserviceException: Received bad response from Model Management Service:
Response Code: 409
Headers: {'Date': 'Sat, 09 Jun 2018 09:05:20 GMT', 'Content-Type': 'application/json', 'Transfer-Encoding': 'chunked', 'Connection': 'keep-alive', 'api-supported-versions': '2018-03-01-preview', 'x-ms-client-request-id': '73ab5bd56037443fa3eff413e55758b6', 'x-ms-client-session-id': '', 'Strict-Transport-Security': 'max-age=15724800; includeSubDomains; preload'}
Content: b'{"code":"Conflict","statusCode":409,"message":"Conflict","details":[{"code":"ServiceWithNameExists","message":"Workspace haieastus2ws3 already contains a Service with name: rrs01a"}]}'
Client-Request-ID=5d1f745b-6bc8-11e8-9288-000d3a71b7c3 Retry policy did not allow for a retry: Server-Timestamp=Sat, 09 Jun 2018 09:34:54 GMT, Server-Request-ID=e6e4bb8e-601e-0043-75d5-ff7ed8000000, HTTP status code=409, Exception=The specified container already exists.ErrorCode: ContainerAlreadyExists<?xml version="1.0" encoding="utf-8"?><Error><Code>ContainerAlreadyExists</Code><Message>The specified container already exists.RequestId:e6e4bb8e-601e-0043-75d5-ff7ed8000000Time:2018-06-09T09:34:54.9696698Z</Message></Error>.
Client-Request-ID=5e13181c-6bc8-11e8-9288-000d3a71b7c3 Retry policy did not allow for a retry: Server-Timestamp=Sat, 09 Jun 2018 09:34:54 GMT, Server-Request-ID=640ac3da-a01e-007c-5bd5-ffc904000000, HTTP status code=409, Exception=The specified container already exists.ErrorCode: ContainerAlreadyExists<?xml version="1.0" encoding="utf-8"?><Error><Code>ContainerAlreadyExists</Code><Message>The specified container already exists.RequestId:640ac3da-a01e-007c-5bd5-ffc904000000Time:2018-06-09T09:34:55.1804740Z</Message></Error>.
Client-Request-ID=5e13181e-6bc8-11e8-9288-000d3a71b7c3 Retry policy did not allow for a retry: Server-Timestamp=Sat, 09 Jun 2018 09:34:55 GMT, Server-Request-ID=8c7742e0-101e-0065-75d5-ffe56c000000, HTTP status code=409, Exception=The specified container already exists.ErrorCode: ContainerAlreadyExists<?xml version="1.0" encoding="utf-8"?><Error><Code>ContainerAlreadyExists</Code><Message>The specified container already exists.RequestId:8c7742e0-101e-0065-75d5-ffe56c000000Time:2018-06-09T09:34:55.3785128Z</Message></Error>.
Client-Request-ID=5e131820-6bc8-11e8-9288-000d3a71b7c3 Retry policy did not allow for a retry: Server-Timestamp=Sat, 09 Jun 2018 09:34:55 GMT, Server-Request-ID=77465e07-801e-00e8-79d5-ffa9ca000000, HTTP status code=409, Exception=The specified container already exists.ErrorCode: ContainerAlreadyExists<?xml version="1.0" encoding="utf-8"?><Error><Code>ContainerAlreadyExists</Code><Message>The specified container already exists.RequestId:77465e07-801e-00e8-79d5-ffa9ca000000Time:2018-06-09T09:34:55.5567965Z</Message></Error>.
Traceback (most recent call last):
  File "/home/ninghai/miniconda3/envs/candidate/lib/python3.6/site-packages/azureml/core/webservice/webservice.py", line 291, in _deploy_webservice
    resp.raise_for_status()
  File "/home/ninghai/miniconda3/envs/candidate/lib/python3.6/site-packages/requests/models.py", line 935, in raise_for_status
    raise HTTPError(http_error_msg, response=self)
requests.exceptions.HTTPError: 409 Client Error: Conflict for url: https://eastus2.modelmanagement.azureml.net/api/subscriptions/fac34303-435d-4486-8c3f-7094d82a0b60/resourceGroups/aml-notebooks/providers/Microsoft.MachineLearningServices/workspaces/haieastus2ws3/services?api-version=2018-03-01-preview

During handling of the above exception, another exception occurred:

Traceback (most recent call last):
  File "./10.o16n.py", line 64, in <module>
    image = image)
  File "/home/ninghai/miniconda3/envs/candidate/lib/python3.6/site-packages/azureml/core/workspace.py", line 787, in deploy_webservice
    return Webservice.deploy_from_image(self, name, image, deploy_config, target)
  File "/home/ninghai/miniconda3/envs/candidate/lib/python3.6/site-packages/azureml/core/webservice/webservice.py", line 253, in deploy_from_image
    return child._deploy(workspace, name, image, deployment_config)
  File "/home/ninghai/miniconda3/envs/candidate/lib/python3.6/site-packages/azureml/core/webservice/aci.py", line 108, in _deploy
    return Webservice._deploy_webservice(workspace, name, create_payload, AciWebservice)
  File "/home/ninghai/miniconda3/envs/candidate/lib/python3.6/site-packages/azureml/core/webservice/webservice.py", line 296, in _deploy_webservice
    'Content: {}'.format(resp.status_code, resp.headers, resp.content))
azureml.exceptions.azureml_exception.WebserviceException: Received bad response from Model Management Service:
Response Code: 409
Headers: {'Date': 'Sat, 09 Jun 2018 09:36:21 GMT', 'Content-Type': 'application/json', 'Transfer-Encoding': 'chunked', 'Connection': 'keep-alive', 'api-supported-versions': '2018-03-01-preview', 'x-ms-client-request-id': '3de643f7d06649978d5ef859dfc1393f', 'x-ms-client-session-id': '', 'Strict-Transport-Security': 'max-age=15724800; includeSubDomains; preload'}
Content: b'{"code":"Conflict","statusCode":409,"message":"Conflict","details":[{"code":"ServiceWithNameExists","message":"Workspace haieastus2ws3 already contains a Service with name: rrs02"}]}'
error: Your local changes to the following files would be overwritten by checkout:
	e2e_test/aml_config/config.json
	e2e_test/best_model.pkl
	e2e_test/mse_over_alpha.png
Please, commit your changes or stash them before you can switch branches.
Aborting
