Switched to branch 'candidate'
Client-Request-ID=ffbe2746-66c9-11e8-9288-000d3a71b7c3 Retry policy did not allow for a retry: Server-Timestamp=Sun, 03 Jun 2018 01:03:59 GMT, Server-Request-ID=e34fd998-d01e-001d-34d6-fa2815000000, HTTP status code=409, Exception=The specified container already exists.ErrorCode: ContainerAlreadyExists<?xml version="1.0" encoding="utf-8"?><Error><Code>ContainerAlreadyExists</Code><Message>The specified container already exists.RequestId:e34fd998-d01e-001d-34d6-fa2815000000Time:2018-06-03T01:04:00.0988162Z</Message></Error>.
Client-Request-ID=ffbe2748-66c9-11e8-9288-000d3a71b7c3 Retry policy did not allow for a retry: Server-Timestamp=Sun, 03 Jun 2018 01:04:00 GMT, Server-Request-ID=cdab828b-c01e-004c-53d6-fab599000000, HTTP status code=409, Exception=The specified container already exists.ErrorCode: ContainerAlreadyExists<?xml version="1.0" encoding="utf-8"?><Error><Code>ContainerAlreadyExists</Code><Message>The specified container already exists.RequestId:cdab828b-c01e-004c-53d6-fab599000000Time:2018-06-03T01:04:00.8537159Z</Message></Error>.
Client-Request-ID=ffbe274a-66c9-11e8-9288-000d3a71b7c3 Retry policy did not allow for a retry: Server-Timestamp=Sun, 03 Jun 2018 01:04:00 GMT, Server-Request-ID=3d0b85a7-b01e-0069-0fd6-fa1ce5000000, HTTP status code=409, Exception=The specified container already exists.ErrorCode: ContainerAlreadyExists<?xml version="1.0" encoding="utf-8"?><Error><Code>ContainerAlreadyExists</Code><Message>The specified container already exists.RequestId:3d0b85a7-b01e-0069-0fd6-fa1ce5000000Time:2018-06-03T01:04:01.0081178Z</Message></Error>.
Client-Request-ID=005b8e29-66ca-11e8-9288-000d3a71b7c3 Retry policy did not allow for a retry: Server-Timestamp=Sun, 03 Jun 2018 01:04:00 GMT, Server-Request-ID=96d49a21-201e-0036-75d6-faa8d9000000, HTTP status code=409, Exception=The specified container already exists.ErrorCode: ContainerAlreadyExists<?xml version="1.0" encoding="utf-8"?><Error><Code>ContainerAlreadyExists</Code><Message>The specified container already exists.RequestId:96d49a21-201e-0036-75d6-faa8d9000000Time:2018-06-03T01:04:01.1651076Z</Message></Error>.
Client-Request-ID=005b8e2b-66ca-11e8-9288-000d3a71b7c3 Retry policy did not allow for a retry: Server-Timestamp=Sun, 03 Jun 2018 01:04:01 GMT, Server-Request-ID=da765551-201e-0009-20d6-fa607a000000, HTTP status code=409, Exception=The specified container already exists.ErrorCode: ContainerAlreadyExists<?xml version="1.0" encoding="utf-8"?><Error><Code>ContainerAlreadyExists</Code><Message>The specified container already exists.RequestId:da765551-201e-0009-20d6-fa607a000000Time:2018-06-03T01:04:01.3275687Z</Message></Error>.
Traceback (most recent call last):
  File "/home/ninghai/miniconda3/envs/candidate/lib/python3.6/site-packages/azureml/core/webservice/webservice.py", line 281, in _deploy_webservice
    resp.raise_for_status()
  File "/home/ninghai/miniconda3/envs/candidate/lib/python3.6/site-packages/requests/models.py", line 935, in raise_for_status
    raise HTTPError(http_error_msg, response=self)
requests.exceptions.HTTPError: 409 Client Error: Conflict for url: https://eastus2euap.modelmanagement.azureml.net/api/subscriptions/fac34303-435d-4486-8c3f-7094d82a0b60/resourceGroups/aml-notebooks/providers/Microsoft.MachineLearningServices/workspaces/haieastus2euapws/services?api-version=2018-03-01-preview

During handling of the above exception, another exception occurred:

Traceback (most recent call last):
  File "./01.interactive.e2e.py", line 139, in <module>
    driver = 'score.py')
  File "/home/ninghai/miniconda3/envs/candidate/lib/python3.6/site-packages/azureml/core/workspace.py", line 819, in deploy_webservice
    return Webservice.deploy_from_image(self, name, image, deploy_config, target)
  File "/home/ninghai/miniconda3/envs/candidate/lib/python3.6/site-packages/azureml/core/webservice/webservice.py", line 242, in deploy_from_image
    return child._deploy(workspace, name, image, deployment_config)
  File "/home/ninghai/miniconda3/envs/candidate/lib/python3.6/site-packages/azureml/core/webservice/aci.py", line 109, in _deploy
    return Webservice._deploy_webservice(workspace, name, create_payload, AciWebservice)
  File "/home/ninghai/miniconda3/envs/candidate/lib/python3.6/site-packages/azureml/core/webservice/webservice.py", line 286, in _deploy_webservice
    'Content: {}'.format(resp.status_code, resp.headers, resp.content))
azureml.exceptions.azureml_exception.WebserviceException: Received bad response from Model Management Service:
Response Code: 409
Headers: {'Date': 'Sun, 03 Jun 2018 01:05:29 GMT', 'Content-Type': 'application/json', 'Transfer-Encoding': 'chunked', 'Connection': 'keep-alive', 'api-supported-versions': '2018-03-01-preview', 'x-ms-client-request-id': '76d7d95d612d4f7387c6902766d324ad', 'x-ms-client-session-id': '', 'Strict-Transport-Security': 'max-age=15724800; includeSubDomains; preload'}
Content: b'{"code":"Conflict","statusCode":409,"message":"Conflict","details":[{"code":"ServiceWithNameExists","message":"Workspace haieastus2euapws already contains a Service with name: rrs01a"}]}'
date: extra operand ‘%F-%T’
Try 'date --help' for more information.
Client-Request-ID=7743f1b6-66ce-11e8-9288-000d3a71b7c3 Retry policy did not allow for a retry: Server-Timestamp=Sun, 03 Jun 2018 01:35:57 GMT, Server-Request-ID=40b7b410-e01e-005b-44db-fa1c92000000, HTTP status code=409, Exception=The specified container already exists.ErrorCode: ContainerAlreadyExists<?xml version="1.0" encoding="utf-8"?><Error><Code>ContainerAlreadyExists</Code><Message>The specified container already exists.RequestId:40b7b410-e01e-005b-44db-fa1c92000000Time:2018-06-03T01:35:58.6147088Z</Message></Error>.
Client-Request-ID=7743f1b8-66ce-11e8-9288-000d3a71b7c3 Retry policy did not allow for a retry: Server-Timestamp=Sun, 03 Jun 2018 01:35:58 GMT, Server-Request-ID=b2d495d8-101e-005f-39db-fa9195000000, HTTP status code=409, Exception=The specified container already exists.ErrorCode: ContainerAlreadyExists<?xml version="1.0" encoding="utf-8"?><Error><Code>ContainerAlreadyExists</Code><Message>The specified container already exists.RequestId:b2d495d8-101e-005f-39db-fa9195000000Time:2018-06-03T01:35:59.5266021Z</Message></Error>.
Client-Request-ID=7743f1ba-66ce-11e8-9288-000d3a71b7c3 Retry policy did not allow for a retry: Server-Timestamp=Sun, 03 Jun 2018 01:35:59 GMT, Server-Request-ID=9c2a7edf-701e-0066-3cdb-fa6a89000000, HTTP status code=409, Exception=The specified container already exists.ErrorCode: ContainerAlreadyExists<?xml version="1.0" encoding="utf-8"?><Error><Code>ContainerAlreadyExists</Code><Message>The specified container already exists.RequestId:9c2a7edf-701e-0066-3cdb-fa6a89000000Time:2018-06-03T01:35:59.6853044Z</Message></Error>.
Client-Request-ID=7743f1bc-66ce-11e8-9288-000d3a71b7c3 Retry policy did not allow for a retry: Server-Timestamp=Sun, 03 Jun 2018 01:35:59 GMT, Server-Request-ID=c179385f-401e-0052-4fdb-fa5941000000, HTTP status code=409, Exception=The specified container already exists.ErrorCode: ContainerAlreadyExists<?xml version="1.0" encoding="utf-8"?><Error><Code>ContainerAlreadyExists</Code><Message>The specified container already exists.RequestId:c179385f-401e-0052-4fdb-fa5941000000Time:2018-06-03T01:35:59.8461733Z</Message></Error>.
Client-Request-ID=7743f1be-66ce-11e8-9288-000d3a71b7c3 Retry policy did not allow for a retry: Server-Timestamp=Sun, 03 Jun 2018 01:35:59 GMT, Server-Request-ID=de0d7653-201e-0026-34db-fa6db1000000, HTTP status code=409, Exception=The specified container already exists.ErrorCode: ContainerAlreadyExists<?xml version="1.0" encoding="utf-8"?><Error><Code>ContainerAlreadyExists</Code><Message>The specified container already exists.RequestId:de0d7653-201e-0026-34db-fa6db1000000Time:2018-06-03T01:36:00.0031483Z</Message></Error>.
Traceback (most recent call last):
  File "./10.o16n.py", line 88, in <module>
    model.delete()
  File "/home/ninghai/miniconda3/envs/candidate/lib/python3.6/site-packages/azureml/core/model.py", line 300, in delete
    'Content: {}'.format(resp.status_code, resp.headers, resp.content))
azureml.exceptions.azureml_exception.WebserviceException: Received bad response from Model Management Service:
Response Code: 412
Headers: {'Date': 'Sun, 03 Jun 2018 01:42:28 GMT', 'Content-Type': 'application/json', 'Transfer-Encoding': 'chunked', 'Connection': 'keep-alive', 'api-supported-versions': '2018-03-01-preview', 'x-ms-client-request-id': '89a657cbff58474ab8440621958e50ba', 'x-ms-client-session-id': '', 'Strict-Transport-Security': 'max-age=15724800; includeSubDomains; preload'}
Content: b'{"code":"PreconditionFailed","statusCode":412,"message":"PreconditionFailed","details":[{"code":"DeletionRequired","message":"The model with id mymodel:1 can not be deleted because it is currently being used in one or more images"}]}'
Switched to branch 'master'
