/data/git/hai/e2e_test
*** git branch status before ***
  candidate
  daily
* master
On branch master
Your branch is up-to-date with 'origin/master'.
nothing to commit, working directory clean
*** preview ***
HEAD is now at 2144e49 mnist
git checkout master
Your branch is up-to-date with 'origin/master'.
Already up-to-date.
*** git branch status after ***
  candidate
  daily
* master
On branch master
Your branch is up-to-date with 'origin/master'.
nothing to commit, working directory clean
###################################
START AT: 2018-06-14-08:02:31
###################################


##### 01.interactive.e2e.py (2018-06-14-08:02:31) ######
Azure ML Core SDK Version: 0.1.0.1027341
Found config.json in: /data/git/hai/e2e_test/aml_config/config.json
Workspace details:
aml-notebooks haieastus2ws3 eastus2
start sequential parameter sweep...
try alpha value of 0.00
try alpha value of 0.05
try alpha value of 0.10
try alpha value of 0.15
try alpha value of 0.20
try alpha value of 0.25
try alpha value of 0.30
try alpha value of 0.35
try alpha value of 0.40
try alpha value of 0.45
try alpha value of 0.50
try alpha value of 0.55
try alpha value of 0.60
try alpha value of 0.65
try alpha value of 0.70
try alpha value of 0.75
try alpha value of 0.80
try alpha value of 0.85
try alpha value of 0.90
try alpha value of 0.95
Find the best run.
Best run is: 9cf46741-9528-42d0-85be-e253f16dda26
Metrics: {'alpha': 0.4, 'mse': 3295.741064355809, 'columns': ['age', 'gender', 'bmi', 'bp', 's1', 's2', 's3', 's4', 's5', 's6']}
Run history url:
https://mlworkspace.azureml-test.net/home/%2Fsubscriptions%2Ffac34303-435d-4486-8c3f-7094d82a0b60%2FresourceGroups%2Faml-notebooks%2Fproviders%2FMicrosoft.MachineLearningServices%2Fworkspaces%2Fhaieastus2ws3/projects/e2e-01/run-history/run-details/9cf46741-9528-42d0-85be-e253f16dda26
plot mse_over_alpha.png
upload mse_over_alpha.png.
deploying to ACI...
Registering model best_model.pkl
Creating image
Image creation operation finished for image rrs01-preview:1, operation "Succeeded"
Creating service
Running............................................................
SucceededACI service creation operation finished, operation "Succeeded"
test the web service.
{"result": [217.67978776218717, 224.78937091757172, 163.3196311066946, 125.1273401431565, 169.90947633176765, 228.5134871431722, 116.72451334033745, 182.98787464375403, 144.67889653294637, 204.44059121904507]}
delete ACI


##### 02.local.py (2018-06-14-08:13:39) ################
Azure ML Core SDK Version: 0.1.0.1027341
Found config.json in: /data/git/hai/e2e_test/aml_config/config.json
Workspace details:
aml-notebooks haieastus2ws3 eastus2
/tmp/e2e-test/02
e2e-02
copy train-sklearn.py to the project folder.
load run config

##################################################
submitting train-sklearn.py for a local run...
##################################################



##### 03.aci.py (2018-06-14-08:13:52) ##################
Azure ML Core SDK Version: 0.1.0.1027341
Found config.json in: /data/git/hai/e2e_test/aml_config/config.json
Workspace details:
aml-notebooks haieastus2ws3 eastus2
/tmp/e2e-test/03
e2e-03
copy train-sklearn.py to the project folder.

##################################################
ACI run...
##################################################

Create a run config object for ACI
base image is continuumio/miniconda3:4.4.10
submitting run...


##### 04.dsvm (2018-06-14-08:13:56) ####################
Azure ML Core SDK Version: 0.1.0.1027341
Found config.json in: /data/git/hai/e2e_test/aml_config/config.json
Workspace details:
aml-notebooks haieastus2ws3 eastus2
/tmp/e2e-test/04
e2e-04
copy train-sklearn.py to the project folder.

##################################################
Bare VM run
##################################################

Load the cpu-dsvm config from aml_config directory...
submit run...


##### 05.spark (2018-06-14-08:14:01) ###################
Azure ML Core SDK Version: 0.1.0.1027341
Found config.json in: /data/git/hai/e2e_test/aml_config/config.json
Workspace details:
aml-notebooks haieastus2ws3 eastus2
/tmp/e2e-test/05
e2e-05
copy train-spark.py and iris.csv to the project folder.
create an ACI run config.
base image is microsoft/mmlspark:0.12

##################################################
submitting train-spark.py for a Spark run on ACI...
##################################################



##### 07.sklearn.hd.py (2018-06-14-08:14:05) ###########
Azure ML Core SDK Version: 0.1.0.1027341
Found config.json in: /data/git/hai/e2e_test/aml_config/config.json
Workspace details:
aml-notebooks haieastus2ws3 eastus2
/tmp/e2e-test/07
e2e-07
copy train-sklearn-one-model.py to the project folder.
create or load BatchAI compute cpucluster...
creating a new compute target...
succeeded.........
BatchAI wait for provisioning finished
Wait timeout has been reached
create generic estimator.

##################################################
Batch AI run...
##################################################



##### 08.tf.hd.py (2018-06-14-08:34:24) ################
Azure ML Core SDK Version: 0.1.0.1027341
Found config.json in: /data/git/hai/e2e_test/aml_config/config.json
Workspace details:
aml-notebooks haieastus2ws3 eastus2
/tmp/e2e-test/08
e2e-08
copy mnist_tf.py to the project folder.
create or load BatchAI compute gpucluster...
creating a new compute target...
succeeded..........
BatchAI wait for provisioning finished
Minimum number of nodes requested have been provisioned
create TensorFlow estimator.

##################################################
submitting mnist_tf.py for a Batch AI run...
##################################################



##### 10.o16n.py (2018-06-14-08:36:34) #################
Azure ML Core SDK Version: 0.1.0.1027341
Found config.json in: /data/git/hai/e2e_test/aml_config/config.json
Workspace details:
aml-notebooks haieastus2ws3 eastus2
Registering model best_model.pkl
Name: best_model.pkl 	Version: 1 	Description: Ridge regression model to predict diabetes ['diabetes', 'regression']
Ridge regression model to predict diabetes
Creating image
Running........................................
SucceededImage creation operation finished for image myimage:1, operation "Succeeded"
myimage(v.1 [Succeeded]) stored at haieastuacrahrddlyn.azurecr.io/myimage:1 with build log https://eastus2ice.blob.core.windows.net/logs/haieastuacrahrddlyn15289798045639822.txt?se=2018-07-14T12%3A40%3A06Z&sig=oFrX6xgLyFatDTy%2BZYeyGC2r2m0IBOnptugyEygqPrg%3D&sr=b&sv=2017-04-17&sp=r
Creating service
Running....................................................................
SucceededACI service creation operation finished, operation "Succeeded"
{"result": [5215.19813157987, 3726.9954859385803]}
rrs02-preview http://40.114.115.243:5001/score
delete service.
delete image
delete model
HEAD is now at 2144e49 mnist
Your branch is up-to-date with 'origin/master'.
Already up-to-date.


###################################
########### END AT 2018-06-14-08:46:20
###################################
