/data/git/hai/e2e_test
*** git branch status before ***
  candidate
  daily
* master
On branch master
Your branch is up-to-date with 'origin/master'.
nothing to commit, working directory clean
*** candidate ***
HEAD is now at 79a4ea3 docs
git checkout candidate
Your branch is up-to-date with 'origin/candidate'.
git pull
Already up-to-date.
*** git branch status after ***
git branch --list
* candidate
  daily
  master
git status
On branch candidate
Your branch is up-to-date with 'origin/candidate'.
nothing to commit, working directory clean
###################################
START AT: 2018-07-10-21:01:13
###################################


##### 01.interactive.e2e.py (2018-07-10-21:01:13) ######


##### 02.local.py (2018-07-10-21:01:14) ################


##### 03.aci.py (2018-07-10-21:01:14) ##################


##### 04.dsvm (2018-07-10-21:01:14) ####################


##### 05.spark (2018-07-10-21:01:14) ###################


##### 07.sklearn.hd.py (2018-07-10-21:01:14) ###########


##### 08.tf.hd.py (2018-07-10-21:01:14) ################


##### 10.o16n.py (2018-07-10-21:01:14) #################
HEAD is now at f2d8808 remove files
Your branch is up-to-date with 'origin/master'.
Already up-to-date.


###################################
########### END AT 2018-07-10-21:01:15
###################################
