Already on 'master'
Client-Request-ID=53b2d8a6-6a6c-11e8-9288-000d3a71b7c3 Retry policy did not allow for a retry: Server-Timestamp=Thu, 07 Jun 2018 16:03:31 GMT, Server-Request-ID=60f99ed3-601e-00ad-3479-fe745b000000, HTTP status code=409, Exception=The specified container already exists.ErrorCode: ContainerAlreadyExists<?xml version="1.0" encoding="utf-8"?><Error><Code>ContainerAlreadyExists</Code><Message>The specified container already exists.RequestId:60f99ed3-601e-00ad-3479-fe745b000000Time:2018-06-07T16:03:32.9149605Z</Message></Error>.
Client-Request-ID=53b2d8a8-6a6c-11e8-9288-000d3a71b7c3 Retry policy did not allow for a retry: Server-Timestamp=Thu, 07 Jun 2018 16:03:32 GMT, Server-Request-ID=1d6c31fe-c01e-00cd-5779-fe3179000000, HTTP status code=409, Exception=The specified container already exists.ErrorCode: ContainerAlreadyExists<?xml version="1.0" encoding="utf-8"?><Error><Code>ContainerAlreadyExists</Code><Message>The specified container already exists.RequestId:1d6c31fe-c01e-00cd-5779-fe3179000000Time:2018-06-07T16:03:33.3625480Z</Message></Error>.
Client-Request-ID=53b2d8aa-6a6c-11e8-9288-000d3a71b7c3 Retry policy did not allow for a retry: Server-Timestamp=Thu, 07 Jun 2018 16:03:33 GMT, Server-Request-ID=3c08e431-c01e-012c-4979-fe9059000000, HTTP status code=409, Exception=The specified container already exists.ErrorCode: ContainerAlreadyExists<?xml version="1.0" encoding="utf-8"?><Error><Code>ContainerAlreadyExists</Code><Message>The specified container already exists.RequestId:3c08e431-c01e-012c-4979-fe9059000000Time:2018-06-07T16:03:33.5198023Z</Message></Error>.
Client-Request-ID=53b2d8ac-6a6c-11e8-9288-000d3a71b7c3 Retry policy did not allow for a retry: Server-Timestamp=Thu, 07 Jun 2018 16:03:33 GMT, Server-Request-ID=227fd30c-201e-0126-7579-fe89d0000000, HTTP status code=409, Exception=The specified container already exists.ErrorCode: ContainerAlreadyExists<?xml version="1.0" encoding="utf-8"?><Error><Code>ContainerAlreadyExists</Code><Message>The specified container already exists.RequestId:227fd30c-201e-0126-7579-fe89d0000000Time:2018-06-07T16:03:33.6774963Z</Message></Error>.
Client-Request-ID=53b2d8ae-6a6c-11e8-9288-000d3a71b7c3 Retry policy did not allow for a retry: Server-Timestamp=Thu, 07 Jun 2018 16:03:33 GMT, Server-Request-ID=0b2cd5fd-601e-0061-4f79-fe10ee000000, HTTP status code=409, Exception=The specified container already exists.ErrorCode: ContainerAlreadyExists<?xml version="1.0" encoding="utf-8"?><Error><Code>ContainerAlreadyExists</Code><Message>The specified container already exists.RequestId:0b2cd5fd-601e-0061-4f79-fe10ee000000Time:2018-06-07T16:03:33.8459795Z</Message></Error>.
Traceback (most recent call last):
  File "/home/ninghai/miniconda3/envs/preview/lib/python3.6/site-packages/azureml/core/webservice/webservice.py", line 281, in _deploy_webservice
    resp.raise_for_status()
  File "/home/ninghai/miniconda3/envs/preview/lib/python3.6/site-packages/requests/models.py", line 935, in raise_for_status
    raise HTTPError(http_error_msg, response=self)
requests.exceptions.HTTPError: 409 Client Error: Conflict for url: https://eastus2.modelmanagement.azureml.net/api/subscriptions/fac34303-435d-4486-8c3f-7094d82a0b60/resourceGroups/aml-notebooks/providers/Microsoft.MachineLearningServices/workspaces/haieastus2ws3/services?api-version=2018-03-01-preview

During handling of the above exception, another exception occurred:

Traceback (most recent call last):
  File "./01.interactive.e2e.py", line 139, in <module>
    driver = 'score.py')
  File "/home/ninghai/miniconda3/envs/preview/lib/python3.6/site-packages/azureml/core/workspace.py", line 819, in deploy_webservice
    return Webservice.deploy_from_image(self, name, image, deploy_config, target)
  File "/home/ninghai/miniconda3/envs/preview/lib/python3.6/site-packages/azureml/core/webservice/webservice.py", line 242, in deploy_from_image
    return child._deploy(workspace, name, image, deployment_config)
  File "/home/ninghai/miniconda3/envs/preview/lib/python3.6/site-packages/azureml/core/webservice/aci.py", line 109, in _deploy
    return Webservice._deploy_webservice(workspace, name, create_payload, AciWebservice)
  File "/home/ninghai/miniconda3/envs/preview/lib/python3.6/site-packages/azureml/core/webservice/webservice.py", line 286, in _deploy_webservice
    'Content: {}'.format(resp.status_code, resp.headers, resp.content))
azureml.exceptions.azureml_exception.WebserviceException: Received bad response from Model Management Service:
Response Code: 409
Headers: {'Date': 'Thu, 07 Jun 2018 16:05:03 GMT', 'Content-Type': 'application/json', 'Transfer-Encoding': 'chunked', 'Connection': 'keep-alive', 'api-supported-versions': '2018-03-01-preview', 'x-ms-client-request-id': '32da595fdf464ac1883284cd6c459bb8', 'x-ms-client-session-id': '', 'Strict-Transport-Security': 'max-age=15724800; includeSubDomains; preload'}
Content: b'{"code":"Conflict","statusCode":409,"message":"Conflict","details":[{"code":"ServiceWithNameExists","message":"Workspace haieastus2ws3 already contains a Service with name: rrs01a"}]}'
Client-Request-ID=8ccff476-6a70-11e8-9288-000d3a71b7c3 Retry policy did not allow for a retry: Server-Timestamp=Thu, 07 Jun 2018 16:33:46 GMT, Server-Request-ID=922c9004-601e-00c0-4d7d-fede75000000, HTTP status code=409, Exception=The specified container already exists.ErrorCode: ContainerAlreadyExists<?xml version="1.0" encoding="utf-8"?><Error><Code>ContainerAlreadyExists</Code><Message>The specified container already exists.RequestId:922c9004-601e-00c0-4d7d-fede75000000Time:2018-06-07T16:33:46.7504844Z</Message></Error>.
Client-Request-ID=90d98f3c-6a70-11e8-9288-000d3a71b7c3 Retry policy did not allow for a retry: Server-Timestamp=Thu, 07 Jun 2018 16:33:53 GMT, Server-Request-ID=1c8c6dd9-c01e-0001-437d-fe55cc000000, HTTP status code=409, Exception=The specified container already exists.ErrorCode: ContainerAlreadyExists<?xml version="1.0" encoding="utf-8"?><Error><Code>ContainerAlreadyExists</Code><Message>The specified container already exists.RequestId:1c8c6dd9-c01e-0001-437d-fe55cc000000Time:2018-06-07T16:33:53.4942635Z</Message></Error>.
Client-Request-ID=90d98f3e-6a70-11e8-9288-000d3a71b7c3 Retry policy did not allow for a retry: Server-Timestamp=Thu, 07 Jun 2018 16:33:52 GMT, Server-Request-ID=c43a8a56-701e-00d4-217d-fe1d11000000, HTTP status code=409, Exception=The specified container already exists.ErrorCode: ContainerAlreadyExists<?xml version="1.0" encoding="utf-8"?><Error><Code>ContainerAlreadyExists</Code><Message>The specified container already exists.RequestId:c43a8a56-701e-00d4-217d-fe1d11000000Time:2018-06-07T16:33:53.6984700Z</Message></Error>.
Client-Request-ID=90d98f40-6a70-11e8-9288-000d3a71b7c3 Retry policy did not allow for a retry: Server-Timestamp=Thu, 07 Jun 2018 16:33:53 GMT, Server-Request-ID=1a268d47-701e-011c-1f7d-feca73000000, HTTP status code=409, Exception=The specified container already exists.ErrorCode: ContainerAlreadyExists<?xml version="1.0" encoding="utf-8"?><Error><Code>ContainerAlreadyExists</Code><Message>The specified container already exists.RequestId:1a268d47-701e-011c-1f7d-feca73000000Time:2018-06-07T16:33:53.8927226Z</Message></Error>.
Client-Request-ID=90d98f42-6a70-11e8-9288-000d3a71b7c3 Retry policy did not allow for a retry: Server-Timestamp=Thu, 07 Jun 2018 16:33:53 GMT, Server-Request-ID=734c99ed-d01e-00f0-3c7d-fe845f000000, HTTP status code=409, Exception=The specified container already exists.ErrorCode: ContainerAlreadyExists<?xml version="1.0" encoding="utf-8"?><Error><Code>ContainerAlreadyExists</Code><Message>The specified container already exists.RequestId:734c99ed-d01e-00f0-3c7d-fe845f000000Time:2018-06-07T16:33:54.0783787Z</Message></Error>.
Traceback (most recent call last):
  File "./10.o16n.py", line 89, in <module>
    model.delete()
  File "/home/ninghai/miniconda3/envs/preview/lib/python3.6/site-packages/azureml/core/model.py", line 300, in delete
    'Content: {}'.format(resp.status_code, resp.headers, resp.content))
azureml.exceptions.azureml_exception.WebserviceException: Received bad response from Model Management Service:
Response Code: 412
Headers: {'Date': 'Thu, 07 Jun 2018 16:41:05 GMT', 'Content-Type': 'application/json', 'Transfer-Encoding': 'chunked', 'Connection': 'keep-alive', 'api-supported-versions': '2018-03-01-preview', 'x-ms-client-request-id': '0d77328320744756a35ecf013f8bdc06', 'x-ms-client-session-id': '', 'Strict-Transport-Security': 'max-age=15724800; includeSubDomains; preload'}
Content: b'{"code":"PreconditionFailed","statusCode":412,"message":"PreconditionFailed","details":[{"code":"DeletionRequired","message":"The model with id mymodel:26 can not be deleted because it is currently being used in one or more images"}]}'
Already on 'master'
