Switched to branch 'daily'
Traceback (most recent call last):
  File "./01.interactive.e2e.py", line 133, in <module>
    service = ws.deploy_webservice(name = web_service_name,
AttributeError: 'Workspace' object has no attribute 'deploy_webservice'
Traceback (most recent call last):
  File "./02.local.py", line 51, in <module>
    script_to_run = train_script)
  File "/home/ninghai/miniconda3/envs/daily/lib/python3.6/site-packages/azureml/core/run.py", line 72, in submit
    return _commands.start_run(project_object, run_config_object, telemetry_values=_telemetry_values)
  File "/home/ninghai/miniconda3/envs/daily/lib/python3.6/site-packages/azureml/execution/_commands.py", line 110, in start_run
    telemetry_values=telemetry_values)
  File "/home/ninghai/miniconda3/envs/daily/lib/python3.6/site-packages/azureml/execution/_commands.py", line 274, in _start_internal_local_cloud
    snapshot_id = snapshot_async.get() if snapshot_async else None
  File "/home/ninghai/miniconda3/envs/daily/lib/python3.6/multiprocessing/pool.py", line 644, in get
    raise self._value
  File "/home/ninghai/miniconda3/envs/daily/lib/python3.6/multiprocessing/pool.py", line 119, in worker
    result = (True, func(*args, **kwds))
  File "/home/ninghai/miniconda3/envs/daily/lib/python3.6/site-packages/azureml/base_sdk_common/create_snapshot.py", line 120, in create_snapshot
    raise SnapshotException(get_http_exception_response_string(response))
azureml.exceptions._azureml_exception.SnapshotException: {
    "status_code": 500,
    "text": {
        "correlation": {
            "operation": "33921d11-48c5f966acff05a0",
            "request": "oXJX01Kn33k="
        },
        "error": {
            "code": "ServiceError",
            "debugInfo": {
                "data": {},
                "errorResponse": null,
                "innerException": null,
                "message": "The specified container does not exist.",
                "stackTrace": "   at Microsoft.WindowsAzure.Storage.Core.Executor.Executor.<ExecuteAsyncInternal>d__4`1.MoveNext()\n--- End of stack trace from previous location where exception was thrown ---\n   at System.Runtime.ExceptionServices.ExceptionDispatchInfo.Throw()\n   at System.Runtime.CompilerServices.TaskAwaiter.HandleNonSuccessAndDebuggerNotification(Task task)\n   at Microsoft.WindowsAzure.Storage.Blob.CloudBlockBlob.<>c__DisplayClass31_0.<<UploadFromStreamAsyncHelper>b__0>d.MoveNext()\n--- End of stack trace from previous location where exception was thrown ---\n   at System.Runtime.ExceptionServices.ExceptionDispatchInfo.Throw()\n   at System.Runtime.CompilerServices.TaskAwaiter.HandleNonSuccessAndDebuggerNotification(Task task)\n   at Microsoft.MachineLearning.ProjectContent.Services.SnapshotBlobProvider.<PutFileBlob>d__4.MoveNext() in /opt/vsts/work/1/s/src/azureml-api/src/ProjectContent/Services/SnapshotBlobProvider.cs:line 60\n--- End of stack trace from previous location where exception was thrown ---\n   at System.Runtime.ExceptionServices.ExceptionDispatchInfo.Throw()\n   at System.Runtime.CompilerServices.TaskAwaiter.HandleNonSuccessAndDebuggerNotification(Task task)\n   at Microsoft.MachineLearning.ProjectContent.Services.NewSnapshotFilesWriter.<SaveDeltaFiles>d__3.MoveNext() in /opt/vsts/work/1/s/src/azureml-api/src/ProjectContent/Services/NewSnapshotFilesWriter.cs:line 58\n--- End of stack trace from previous location where exception was thrown ---\n   at System.Runtime.ExceptionServices.ExceptionDispatchInfo.Throw()\n   at System.Runtime.CompilerServices.TaskAwaiter.HandleNonSuccessAndDebuggerNotification(Task task)\n   at Microsoft.MachineLearning.ProjectContent.EntryPoints.Controllers.SnapshotController.<CreateSnapshot>d__12.MoveNext() in /opt/vsts/work/1/s/src/azureml-api/src/ProjectContent/EntryPoints/Controllers/SnapshotController.cs:line 210\n--- End of stack trace from previous location where exception was thrown ---\n   at System.Runtime.ExceptionServices.ExceptionDispatchInfo.Throw()\n   at System.Runtime.CompilerServices.TaskAwaiter.HandleNonSuccessAndDebuggerNotification(Task task)\n   at Microsoft.AspNetCore.Mvc.Internal.ControllerActionInvoker.<InvokeActionMethodAsync>d__12.MoveNext()\n--- End of stack trace from previous location where exception was thrown ---\n   at System.Runtime.ExceptionServices.ExceptionDispatchInfo.Throw()\n   at System.Runtime.CompilerServices.TaskAwaiter.HandleNonSuccessAndDebuggerNotification(Task task)\n   at Microsoft.AspNetCore.Mvc.Internal.ControllerActionInvoker.<InvokeNextActionFilterAsync>d__10.MoveNext()\n--- End of stack trace from previous location where exception was thrown ---\n   at System.Runtime.ExceptionServices.ExceptionDispatchInfo.Throw()\n   at Microsoft.AspNetCore.Mvc.Internal.ControllerActionInvoker.Rethrow(ActionExecutedContext context)\n   at Microsoft.AspNetCore.Mvc.Internal.ControllerActionInvoker.Next(State& next, Scope& scope, Object& state, Boolean& isCompleted)\n   at Microsoft.AspNetCore.Mvc.Internal.ControllerActionInvoker.<InvokeInnerFilterAsync>d__14.MoveNext()\n--- End of stack trace from previous location where exception was thrown ---\n   at System.Runtime.ExceptionServices.ExceptionDispatchInfo.Throw()\n   at System.Runtime.CompilerServices.TaskAwaiter.HandleNonSuccessAndDebuggerNotification(Task task)\n   at Microsoft.AspNetCore.Mvc.Internal.ResourceInvoker.<InvokeNextExceptionFilterAsync>d__23.MoveNext()",
                "type": "Microsoft.WindowsAzure.Storage.StorageException"
            },
            "details": [],
            "innerError": null,
            "message": "InternalServerError",
            "target": null
        }
    },
    "url": "https://eastus2euap.experiments.azureml.net/content/v1.0/subscriptions/fac34303-435d-4486-8c3f-7094d82a0b60/resourceGroups/aml-notebooks/providers/Microsoft.MachineLearningServices/workspaces/haieastus2euapws/snapshots/84ac6642-44db-4ddf-ac5a-d9ccd0e674aa?parentSnapshotId=45ad0386-55c9-4681-b7ec-027c8ba0decd"
}
Traceback (most recent call last):
  File "./03.aci.py", line 85, in <module>
    script_to_run = train_script)
  File "/home/ninghai/miniconda3/envs/daily/lib/python3.6/site-packages/azureml/core/run.py", line 72, in submit
    return _commands.start_run(project_object, run_config_object, telemetry_values=_telemetry_values)
  File "/home/ninghai/miniconda3/envs/daily/lib/python3.6/site-packages/azureml/execution/_commands.py", line 115, in start_run
    telemetry_values=telemetry_values)
  File "/home/ninghai/miniconda3/envs/daily/lib/python3.6/site-packages/azureml/execution/_commands.py", line 384, in _start_internal
    snapshot_id = snapshot_async.get() if snapshot_async else None
  File "/home/ninghai/miniconda3/envs/daily/lib/python3.6/multiprocessing/pool.py", line 644, in get
    raise self._value
  File "/home/ninghai/miniconda3/envs/daily/lib/python3.6/multiprocessing/pool.py", line 119, in worker
    result = (True, func(*args, **kwds))
  File "/home/ninghai/miniconda3/envs/daily/lib/python3.6/site-packages/azureml/base_sdk_common/create_snapshot.py", line 120, in create_snapshot
    raise SnapshotException(get_http_exception_response_string(response))
azureml.exceptions._azureml_exception.SnapshotException: {
    "status_code": 500,
    "text": {
        "correlation": {
            "operation": "dd769db-4ae7dc2f2e577079",
            "request": "X1dYe+ERJws="
        },
        "error": {
            "code": "ServiceError",
            "debugInfo": {
                "data": {},
                "errorResponse": null,
                "innerException": null,
                "message": "The specified container does not exist.",
                "stackTrace": "   at Microsoft.WindowsAzure.Storage.Core.Executor.Executor.<ExecuteAsyncInternal>d__4`1.MoveNext()\n--- End of stack trace from previous location where exception was thrown ---\n   at System.Runtime.ExceptionServices.ExceptionDispatchInfo.Throw()\n   at System.Runtime.CompilerServices.TaskAwaiter.HandleNonSuccessAndDebuggerNotification(Task task)\n   at Microsoft.WindowsAzure.Storage.Blob.CloudBlockBlob.<>c__DisplayClass31_0.<<UploadFromStreamAsyncHelper>b__0>d.MoveNext()\n--- End of stack trace from previous location where exception was thrown ---\n   at System.Runtime.ExceptionServices.ExceptionDispatchInfo.Throw()\n   at System.Runtime.CompilerServices.TaskAwaiter.HandleNonSuccessAndDebuggerNotification(Task task)\n   at Microsoft.MachineLearning.ProjectContent.Services.SnapshotBlobProvider.<PutFileBlob>d__4.MoveNext() in /opt/vsts/work/1/s/src/azureml-api/src/ProjectContent/Services/SnapshotBlobProvider.cs:line 60\n--- End of stack trace from previous location where exception was thrown ---\n   at System.Runtime.ExceptionServices.ExceptionDispatchInfo.Throw()\n   at System.Runtime.CompilerServices.TaskAwaiter.HandleNonSuccessAndDebuggerNotification(Task task)\n   at Microsoft.MachineLearning.ProjectContent.Services.NewSnapshotFilesWriter.<SaveDeltaFiles>d__3.MoveNext() in /opt/vsts/work/1/s/src/azureml-api/src/ProjectContent/Services/NewSnapshotFilesWriter.cs:line 58\n--- End of stack trace from previous location where exception was thrown ---\n   at System.Runtime.ExceptionServices.ExceptionDispatchInfo.Throw()\n   at System.Runtime.CompilerServices.TaskAwaiter.HandleNonSuccessAndDebuggerNotification(Task task)\n   at Microsoft.MachineLearning.ProjectContent.EntryPoints.Controllers.SnapshotController.<CreateSnapshot>d__12.MoveNext() in /opt/vsts/work/1/s/src/azureml-api/src/ProjectContent/EntryPoints/Controllers/SnapshotController.cs:line 210\n--- End of stack trace from previous location where exception was thrown ---\n   at System.Runtime.ExceptionServices.ExceptionDispatchInfo.Throw()\n   at System.Runtime.CompilerServices.TaskAwaiter.HandleNonSuccessAndDebuggerNotification(Task task)\n   at Microsoft.AspNetCore.Mvc.Internal.ControllerActionInvoker.<InvokeActionMethodAsync>d__12.MoveNext()\n--- End of stack trace from previous location where exception was thrown ---\n   at System.Runtime.ExceptionServices.ExceptionDispatchInfo.Throw()\n   at System.Runtime.CompilerServices.TaskAwaiter.HandleNonSuccessAndDebuggerNotification(Task task)\n   at Microsoft.AspNetCore.Mvc.Internal.ControllerActionInvoker.<InvokeNextActionFilterAsync>d__10.MoveNext()\n--- End of stack trace from previous location where exception was thrown ---\n   at System.Runtime.ExceptionServices.ExceptionDispatchInfo.Throw()\n   at Microsoft.AspNetCore.Mvc.Internal.ControllerActionInvoker.Rethrow(ActionExecutedContext context)\n   at Microsoft.AspNetCore.Mvc.Internal.ControllerActionInvoker.Next(State& next, Scope& scope, Object& state, Boolean& isCompleted)\n   at Microsoft.AspNetCore.Mvc.Internal.ControllerActionInvoker.<InvokeInnerFilterAsync>d__14.MoveNext()\n--- End of stack trace from previous location where exception was thrown ---\n   at System.Runtime.ExceptionServices.ExceptionDispatchInfo.Throw()\n   at System.Runtime.CompilerServices.TaskAwaiter.HandleNonSuccessAndDebuggerNotification(Task task)\n   at Microsoft.AspNetCore.Mvc.Internal.ResourceInvoker.<InvokeNextExceptionFilterAsync>d__23.MoveNext()",
                "type": "Microsoft.WindowsAzure.Storage.StorageException"
            },
            "details": [],
            "innerError": null,
            "message": "InternalServerError",
            "target": null
        }
    },
    "url": "https://eastus2euap.experiments.azureml.net/content/v1.0/subscriptions/fac34303-435d-4486-8c3f-7094d82a0b60/resourceGroups/aml-notebooks/providers/Microsoft.MachineLearningServices/workspaces/haieastus2euapws/snapshots/0f291f96-921b-4c0e-a67f-611680e91614?parentSnapshotId=55c9c171-7b49-43c2-b623-b2e822f9907b"
}
Traceback (most recent call last):
  File "./04.dsvm.py", line 37, in <module>
    from azureml.exceptions.azureml_exception import UserErrorException
ModuleNotFoundError: No module named 'azureml.exceptions.azureml_exception'
Traceback (most recent call last):
  File "./05.spark.py", line 81, in <module>
    script_to_run = "train-spark.py")
  File "/home/ninghai/miniconda3/envs/daily/lib/python3.6/site-packages/azureml/core/run.py", line 72, in submit
    return _commands.start_run(project_object, run_config_object, telemetry_values=_telemetry_values)
  File "/home/ninghai/miniconda3/envs/daily/lib/python3.6/site-packages/azureml/execution/_commands.py", line 115, in start_run
    telemetry_values=telemetry_values)
  File "/home/ninghai/miniconda3/envs/daily/lib/python3.6/site-packages/azureml/execution/_commands.py", line 384, in _start_internal
    snapshot_id = snapshot_async.get() if snapshot_async else None
  File "/home/ninghai/miniconda3/envs/daily/lib/python3.6/multiprocessing/pool.py", line 644, in get
    raise self._value
  File "/home/ninghai/miniconda3/envs/daily/lib/python3.6/multiprocessing/pool.py", line 119, in worker
    result = (True, func(*args, **kwds))
  File "/home/ninghai/miniconda3/envs/daily/lib/python3.6/site-packages/azureml/base_sdk_common/create_snapshot.py", line 120, in create_snapshot
    raise SnapshotException(get_http_exception_response_string(response))
azureml.exceptions._azureml_exception.SnapshotException: {
    "status_code": 500,
    "text": {
        "correlation": {
            "operation": "d5da6f4c-4b67a81c1a58e7c3",
            "request": "50ilVvD4Kdk="
        },
        "error": {
            "code": "ServiceError",
            "debugInfo": {
                "data": {},
                "errorResponse": null,
                "innerException": null,
                "message": "The specified container does not exist.",
                "stackTrace": "   at Microsoft.WindowsAzure.Storage.Core.Executor.Executor.<ExecuteAsyncInternal>d__4`1.MoveNext()\n--- End of stack trace from previous location where exception was thrown ---\n   at System.Runtime.ExceptionServices.ExceptionDispatchInfo.Throw()\n   at System.Runtime.CompilerServices.TaskAwaiter.HandleNonSuccessAndDebuggerNotification(Task task)\n   at Microsoft.WindowsAzure.Storage.Blob.CloudBlockBlob.<>c__DisplayClass31_0.<<UploadFromStreamAsyncHelper>b__0>d.MoveNext()\n--- End of stack trace from previous location where exception was thrown ---\n   at System.Runtime.ExceptionServices.ExceptionDispatchInfo.Throw()\n   at System.Runtime.CompilerServices.TaskAwaiter.HandleNonSuccessAndDebuggerNotification(Task task)\n   at Microsoft.MachineLearning.ProjectContent.Services.SnapshotBlobProvider.<PutFileBlob>d__4.MoveNext() in /opt/vsts/work/1/s/src/azureml-api/src/ProjectContent/Services/SnapshotBlobProvider.cs:line 60\n--- End of stack trace from previous location where exception was thrown ---\n   at System.Runtime.ExceptionServices.ExceptionDispatchInfo.Throw()\n   at System.Runtime.CompilerServices.TaskAwaiter.HandleNonSuccessAndDebuggerNotification(Task task)\n   at Microsoft.MachineLearning.ProjectContent.Services.NewSnapshotFilesWriter.<SaveDeltaFiles>d__3.MoveNext() in /opt/vsts/work/1/s/src/azureml-api/src/ProjectContent/Services/NewSnapshotFilesWriter.cs:line 58\n--- End of stack trace from previous location where exception was thrown ---\n   at System.Runtime.ExceptionServices.ExceptionDispatchInfo.Throw()\n   at System.Runtime.CompilerServices.TaskAwaiter.HandleNonSuccessAndDebuggerNotification(Task task)\n   at Microsoft.MachineLearning.ProjectContent.EntryPoints.Controllers.SnapshotController.<CreateSnapshot>d__12.MoveNext() in /opt/vsts/work/1/s/src/azureml-api/src/ProjectContent/EntryPoints/Controllers/SnapshotController.cs:line 210\n--- End of stack trace from previous location where exception was thrown ---\n   at System.Runtime.ExceptionServices.ExceptionDispatchInfo.Throw()\n   at System.Runtime.CompilerServices.TaskAwaiter.HandleNonSuccessAndDebuggerNotification(Task task)\n   at Microsoft.AspNetCore.Mvc.Internal.ControllerActionInvoker.<InvokeActionMethodAsync>d__12.MoveNext()\n--- End of stack trace from previous location where exception was thrown ---\n   at System.Runtime.ExceptionServices.ExceptionDispatchInfo.Throw()\n   at System.Runtime.CompilerServices.TaskAwaiter.HandleNonSuccessAndDebuggerNotification(Task task)\n   at Microsoft.AspNetCore.Mvc.Internal.ControllerActionInvoker.<InvokeNextActionFilterAsync>d__10.MoveNext()\n--- End of stack trace from previous location where exception was thrown ---\n   at System.Runtime.ExceptionServices.ExceptionDispatchInfo.Throw()\n   at Microsoft.AspNetCore.Mvc.Internal.ControllerActionInvoker.Rethrow(ActionExecutedContext context)\n   at Microsoft.AspNetCore.Mvc.Internal.ControllerActionInvoker.Next(State& next, Scope& scope, Object& state, Boolean& isCompleted)\n   at Microsoft.AspNetCore.Mvc.Internal.ControllerActionInvoker.<InvokeInnerFilterAsync>d__14.MoveNext()\n--- End of stack trace from previous location where exception was thrown ---\n   at System.Runtime.ExceptionServices.ExceptionDispatchInfo.Throw()\n   at System.Runtime.CompilerServices.TaskAwaiter.HandleNonSuccessAndDebuggerNotification(Task task)\n   at Microsoft.AspNetCore.Mvc.Internal.ResourceInvoker.<InvokeNextExceptionFilterAsync>d__23.MoveNext()",
                "type": "Microsoft.WindowsAzure.Storage.StorageException"
            },
            "details": [],
            "innerError": null,
            "message": "InternalServerError",
            "target": null
        }
    },
    "url": "https://eastus2euap.experiments.azureml.net/content/v1.0/subscriptions/fac34303-435d-4486-8c3f-7094d82a0b60/resourceGroups/aml-notebooks/providers/Microsoft.MachineLearningServices/workspaces/haieastus2euapws/snapshots/5bf2723c-0821-4a5f-92b4-965b8e707560?parentSnapshotId=ee1a8833-9b97-4a28-b0ae-3c97e3d60106"
}
Traceback (most recent call last):
  File "./07.sklearn.hd.py", line 47, in <module>
    for ct in ws.list_compute_targets():
AttributeError: 'Workspace' object has no attribute 'list_compute_targets'
Traceback (most recent call last):
  File "./08.tf.hd.py", line 48, in <module>
    for ct in ws.list_compute_targets():
AttributeError: 'Workspace' object has no attribute 'list_compute_targets'
Traceback (most recent call last):
  File "./10.o16n.py", line 30, in <module>
    model = ws.register_model(model_path = "best_model.pkl",
AttributeError: 'Workspace' object has no attribute 'register_model'
Switched to branch 'master'
