Already on 'master'
Client-Request-ID=6e886215-6d2c-11e8-9288-000d3a71b7c3 Retry policy did not allow for a retry: Server-Timestamp=Mon, 11 Jun 2018 04:03:43 GMT, Server-Request-ID=d4899dcc-d01e-0111-1c39-01257f000000, HTTP status code=409, Exception=The specified container already exists.ErrorCode: ContainerAlreadyExists<?xml version="1.0" encoding="utf-8"?><Error><Code>ContainerAlreadyExists</Code><Message>The specified container already exists.RequestId:d4899dcc-d01e-0111-1c39-01257f000000Time:2018-06-11T04:03:44.1123508Z</Message></Error>.
Client-Request-ID=6e886217-6d2c-11e8-9288-000d3a71b7c3 Retry policy did not allow for a retry: Server-Timestamp=Mon, 11 Jun 2018 04:03:44 GMT, Server-Request-ID=93083db3-901e-011d-1939-01cb8e000000, HTTP status code=409, Exception=The specified container already exists.ErrorCode: ContainerAlreadyExists<?xml version="1.0" encoding="utf-8"?><Error><Code>ContainerAlreadyExists</Code><Message>The specified container already exists.RequestId:93083db3-901e-011d-1939-01cb8e000000Time:2018-06-11T04:03:44.2709364Z</Message></Error>.
Client-Request-ID=6e886219-6d2c-11e8-9288-000d3a71b7c3 Retry policy did not allow for a retry: Server-Timestamp=Mon, 11 Jun 2018 04:03:43 GMT, Server-Request-ID=840f795d-501e-00c8-1539-01c506000000, HTTP status code=409, Exception=The specified container already exists.ErrorCode: ContainerAlreadyExists<?xml version="1.0" encoding="utf-8"?><Error><Code>ContainerAlreadyExists</Code><Message>The specified container already exists.RequestId:840f795d-501e-00c8-1539-01c506000000Time:2018-06-11T04:03:44.4281278Z</Message></Error>.
Client-Request-ID=6e88621b-6d2c-11e8-9288-000d3a71b7c3 Retry policy did not allow for a retry: Server-Timestamp=Mon, 11 Jun 2018 04:03:44 GMT, Server-Request-ID=d88c1a21-a01e-00d6-1239-011feb000000, HTTP status code=409, Exception=The specified container already exists.ErrorCode: ContainerAlreadyExists<?xml version="1.0" encoding="utf-8"?><Error><Code>ContainerAlreadyExists</Code><Message>The specified container already exists.RequestId:d88c1a21-a01e-00d6-1239-011feb000000Time:2018-06-11T04:03:44.6152002Z</Message></Error>.
Client-Request-ID=16c43d87-6d32-11e8-9288-000d3a71b7c3 Retry policy did not allow for a retry: Server-Timestamp=Mon, 11 Jun 2018 04:44:14 GMT, Server-Request-ID=2a0b1bed-701e-0090-5c3e-01c17d000000, HTTP status code=409, Exception=The specified container already exists.ErrorCode: ContainerAlreadyExists<?xml version="1.0" encoding="utf-8"?><Error><Code>ContainerAlreadyExists</Code><Message>The specified container already exists.RequestId:2a0b1bed-701e-0090-5c3e-01c17d000000Time:2018-06-11T04:44:15.0621836Z</Message></Error>.
Client-Request-ID=17da7885-6d32-11e8-9288-000d3a71b7c3 Retry policy did not allow for a retry: Server-Timestamp=Mon, 11 Jun 2018 04:44:15 GMT, Server-Request-ID=7a54ef9d-301e-003d-5e3e-01e117000000, HTTP status code=409, Exception=The specified container already exists.ErrorCode: ContainerAlreadyExists<?xml version="1.0" encoding="utf-8"?><Error><Code>ContainerAlreadyExists</Code><Message>The specified container already exists.RequestId:7a54ef9d-301e-003d-5e3e-01e117000000Time:2018-06-11T04:44:15.2614318Z</Message></Error>.
Client-Request-ID=17da7887-6d32-11e8-9288-000d3a71b7c3 Retry policy did not allow for a retry: Server-Timestamp=Mon, 11 Jun 2018 04:44:14 GMT, Server-Request-ID=d492424a-d01e-0111-563e-01257f000000, HTTP status code=409, Exception=The specified container already exists.ErrorCode: ContainerAlreadyExists<?xml version="1.0" encoding="utf-8"?><Error><Code>ContainerAlreadyExists</Code><Message>The specified container already exists.RequestId:d492424a-d01e-0111-563e-01257f000000Time:2018-06-11T04:44:15.4204036Z</Message></Error>.
Client-Request-ID=17da7889-6d32-11e8-9288-000d3a71b7c3 Retry policy did not allow for a retry: Server-Timestamp=Mon, 11 Jun 2018 04:44:15 GMT, Server-Request-ID=9312d697-901e-011d-653e-01cb8e000000, HTTP status code=409, Exception=The specified container already exists.ErrorCode: ContainerAlreadyExists<?xml version="1.0" encoding="utf-8"?><Error><Code>ContainerAlreadyExists</Code><Message>The specified container already exists.RequestId:9312d697-901e-011d-653e-01cb8e000000Time:2018-06-11T04:44:15.5868309Z</Message></Error>.
Traceback (most recent call last):
  File "/home/ninghai/miniconda3/envs/preview/lib/python3.6/site-packages/azureml/core/webservice/webservice.py", line 291, in _deploy_webservice
    resp.raise_for_status()
  File "/home/ninghai/miniconda3/envs/preview/lib/python3.6/site-packages/requests/models.py", line 935, in raise_for_status
    raise HTTPError(http_error_msg, response=self)
requests.exceptions.HTTPError: 409 Client Error: Conflict for url: https://eastus2.modelmanagement.azureml.net/api/subscriptions/fac34303-435d-4486-8c3f-7094d82a0b60/resourceGroups/aml-notebooks/providers/Microsoft.MachineLearningServices/workspaces/haieastus2ws3/services?api-version=2018-03-01-preview

During handling of the above exception, another exception occurred:

Traceback (most recent call last):
  File "./10.o16n.py", line 64, in <module>
    image = image)
  File "/home/ninghai/miniconda3/envs/preview/lib/python3.6/site-packages/azureml/core/workspace.py", line 787, in deploy_webservice
    return Webservice.deploy_from_image(self, name, image, deploy_config, target)
  File "/home/ninghai/miniconda3/envs/preview/lib/python3.6/site-packages/azureml/core/webservice/webservice.py", line 253, in deploy_from_image
    return child._deploy(workspace, name, image, deployment_config)
  File "/home/ninghai/miniconda3/envs/preview/lib/python3.6/site-packages/azureml/core/webservice/aci.py", line 108, in _deploy
    return Webservice._deploy_webservice(workspace, name, create_payload, AciWebservice)
  File "/home/ninghai/miniconda3/envs/preview/lib/python3.6/site-packages/azureml/core/webservice/webservice.py", line 296, in _deploy_webservice
    'Content: {}'.format(resp.status_code, resp.headers, resp.content))
azureml.exceptions.azureml_exception.WebserviceException: Received bad response from Model Management Service:
Response Code: 409
Headers: {'Date': 'Mon, 11 Jun 2018 04:47:15 GMT', 'Content-Type': 'application/json', 'Transfer-Encoding': 'chunked', 'Connection': 'keep-alive', 'api-supported-versions': '2018-03-01-preview', 'x-ms-client-request-id': 'df01cd7e75144d4d804392256024991c', 'x-ms-client-session-id': '', 'Strict-Transport-Security': 'max-age=15724800; includeSubDomains; preload'}
Content: b'{"code":"Conflict","statusCode":409,"message":"Conflict","details":[{"code":"ServiceWithNameExists","message":"Workspace haieastus2ws3 already contains a Service with name: rrs02-preview"}]}'
Already on 'master'
