/data/git/hai/e2e_test
*** git branch status before ***
  candidate
  daily
* master
On branch master
Your branch is up-to-date with 'origin/master'.
nothing to commit, working directory clean
*** daily ***
HEAD is now at c3d6d1a update
git checkout daily
Your branch is up-to-date with 'origin/daily'.
git pull
Already up-to-date.
*** git branch status after ***
git branch --list
  candidate
* daily
  master
git status
On branch daily
Your branch is up-to-date with 'origin/daily'.
nothing to commit, working directory clean
###################################
START AT: 2018-07-04-10:01:25
###################################


##### 01.interactive.e2e.py (2018-07-04-10:01:25) ######


##### 02.local.py (2018-07-04-10:01:26) ################


##### 03.aci.py (2018-07-04-10:01:26) ##################


##### 04.dsvm (2018-07-04-10:01:26) ####################


##### 05.spark (2018-07-04-10:01:26) ###################


##### 07.sklearn.hd.py (2018-07-04-10:01:26) ###########


##### 08.tf.hd.py (2018-07-04-10:01:26) ################


##### 10.o16n.py (2018-07-04-10:01:26) #################
HEAD is now at 832b63e remove files
Your branch is up-to-date with 'origin/master'.
Already up-to-date.


###################################
########### END AT 2018-07-04-10:01:27
###################################
