/data/git/hai/e2e_test
*** git branch status before ***
  candidate
  daily
* master
On branch master
Your branch is up-to-date with 'origin/master'.
nothing to commit, working directory clean
*** candidate ***
HEAD is now at c3d6d1a update
git checkout candidate
Your branch is up-to-date with 'origin/candidate'.
git pull
Already up-to-date.
*** git branch status after ***
git branch --list
* candidate
  daily
  master
git status
On branch candidate
Your branch is up-to-date with 'origin/candidate'.
nothing to commit, working directory clean
###################################
START AT: 2018-06-26-01:02:17
###################################


##### 01.interactive.e2e.py (2018-06-26-01:02:17) ######
Azure ML Core SDK Version: 0.1.0.1091601
Found config.json in: /data/git/hai/e2e_test/aml_config/config.json
Workspace details:
aml-notebooks haieastus2ws3 eastus2


##### 02.local.py (2018-06-26-01:02:21) ################
Azure ML Core SDK Version: 0.1.0.1091601
Found config.json in: /data/git/hai/e2e_test/aml_config/config.json
Workspace details:
aml-notebooks haieastus2ws3 eastus2
/tmp/e2e-test/02 already exists, remove it.


##### 03.aci.py (2018-06-26-01:02:22) ##################
Azure ML Core SDK Version: 0.1.0.1091601
Found config.json in: /data/git/hai/e2e_test/aml_config/config.json
Workspace details:
aml-notebooks haieastus2ws3 eastus2
/tmp/e2e-test/03 already exists, remove it.


##### 04.dsvm (2018-06-26-01:02:24) ####################
Azure ML Core SDK Version: 0.1.0.1091601
Found config.json in: /data/git/hai/e2e_test/aml_config/config.json
Workspace details:
aml-notebooks haieastus2ws3 eastus2
/tmp/e2e-test/04 already exists, remove it.


##### 05.spark (2018-06-26-01:02:25) ###################
Azure ML Core SDK Version: 0.1.0.1091601
Found config.json in: /data/git/hai/e2e_test/aml_config/config.json
Workspace details:
aml-notebooks haieastus2ws3 eastus2
/tmp/e2e-test/05 already exists, remove it.


##### 07.sklearn.hd.py (2018-06-26-01:02:26) ###########
Azure ML Core SDK Version: 0.1.0.1091601
Found config.json in: /data/git/hai/e2e_test/aml_config/config.json
Workspace details:
aml-notebooks haieastus2ws3 eastus2
/tmp/e2e-test/07 already exists, remove it.


##### 08.tf.hd.py (2018-06-26-01:02:28) ################
Azure ML Core SDK Version: 0.1.0.1091601
Found config.json in: /data/git/hai/e2e_test/aml_config/config.json
Workspace details:
aml-notebooks haieastus2ws3 eastus2
/tmp/e2e-test/08 already exists, remove it.


##### 10.o16n.py (2018-06-26-01:02:29) #################
Azure ML Core SDK Version: 0.1.0.1091601
Found config.json in: /data/git/hai/e2e_test/aml_config/config.json
Workspace details:
aml-notebooks haieastus2ws3 eastus2
HEAD is now at f2d8808 remove files
Your branch is up-to-date with 'origin/master'.
Already up-to-date.


###################################
########### END AT 2018-06-26-01:02:31
###################################
