/data/git/hai/e2e_test
*** git branch status before ***
  candidate
  daily
* master
On branch master
Your branch is up-to-date with 'origin/master'.
nothing to commit, working directory clean
*** preview ***
HEAD is now at c3d6d1a update
git checkout master
Your branch is up-to-date with 'origin/master'.
git pull
Already up-to-date.
*** git branch status after ***
git branch --list
  candidate
  daily
* master
git status
On branch master
Your branch is up-to-date with 'origin/master'.
nothing to commit, working directory clean
###################################
START AT: 2018-07-05-16:01:12
###################################


##### 01.interactive.e2e.py (2018-07-05-16:01:12) ######


##### 02.local.py (2018-07-05-16:01:12) ################


##### 03.aci.py (2018-07-05-16:01:12) ##################


##### 04.dsvm (2018-07-05-16:01:12) ####################


##### 05.spark (2018-07-05-16:01:12) ###################


##### 07.sklearn.hd.py (2018-07-05-16:01:12) ###########


##### 08.tf.hd.py (2018-07-05-16:01:12) ################


##### 10.o16n.py (2018-07-05-16:01:12) #################
HEAD is now at c3d6d1a update
Your branch is up-to-date with 'origin/master'.
Already up-to-date.


###################################
########### END AT 2018-07-05-16:01:13
###################################
