Switched to branch 'daily'
<class 'azureml.exceptions.azureml_exception.AzureMLException'>: Value of type <class 'numpy.float64'> is not supported, supported types include [<class 'int'>, <class 'float'>, <class 'str'>, <class 'NoneType'>]
<traceback object at 0x7fa06a20ec08>
<class 'azureml.exceptions.azureml_exception.AzureMLException'>: Value of type <class 'numpy.float64'> is not supported, supported types include [<class 'int'>, <class 'float'>, <class 'str'>, <class 'NoneType'>]
<traceback object at 0x7fa06a20ec08>
<class 'azureml.exceptions.azureml_exception.AzureMLException'>: Value of type <class 'numpy.float64'> is not supported, supported types include [<class 'int'>, <class 'float'>, <class 'str'>, <class 'NoneType'>]
<traceback object at 0x7fa06a20ec08>
<class 'azureml.exceptions.azureml_exception.AzureMLException'>: Value of type <class 'numpy.float64'> is not supported, supported types include [<class 'int'>, <class 'float'>, <class 'str'>, <class 'NoneType'>]
<traceback object at 0x7fa06a20ec08>
Traceback (most recent call last):
  File "./01.interactive.e2e.py", line 67, in <module>
    run.log("alpha", alpha)
  File "/home/ninghai/miniconda3/envs/daily/lib/python3.6/site-packages/azureml/core/run.py", line 448, in log
    self._client.log(name, value, description)
  File "/home/ninghai/miniconda3/envs/daily/lib/python3.6/site-packages/azureml/_run_impl/metrics_client.py", line 45, in log
    self.log_scalar(name, value, description)
  File "/home/ninghai/miniconda3/envs/daily/lib/python3.6/site-packages/azureml/_run_impl/metrics_client.py", line 155, in log_scalar
    self._check_is_valid_scalar(value)
  File "/home/ninghai/miniconda3/envs/daily/lib/python3.6/site-packages/azureml/_run_impl/metrics_client.py", line 185, in _check_is_valid_scalar
    valid_types))
azureml.exceptions.azureml_exception.AzureMLException: Value of type <class 'numpy.float64'> is not supported, supported types include [<class 'int'>, <class 'float'>, <class 'str'>, <class 'NoneType'>]
Traceback (most recent call last):
  File "./02.local.py", line 92, in <module>
    min(metrics['mse']), 
KeyError: 'mse'
Client-Request-ID=3247239e-6c14-11e8-9288-000d3a71b7c3 Retry policy did not allow for a retry: Server-Timestamp=Sat, 09 Jun 2018 18:37:43 GMT, Server-Request-ID=a1584c06-b01e-0046-3720-00112e000000, HTTP status code=409, Exception=The specified container already exists.ErrorCode: ContainerAlreadyExists<?xml version="1.0" encoding="utf-8"?><Error><Code>ContainerAlreadyExists</Code><Message>The specified container already exists.RequestId:a1584c06-b01e-0046-3720-00112e000000Time:2018-06-09T18:37:43.4505334Z</Message></Error>.
Client-Request-ID=324723a0-6c14-11e8-9288-000d3a71b7c3 Retry policy did not allow for a retry: Server-Timestamp=Sat, 09 Jun 2018 18:37:43 GMT, Server-Request-ID=fbcf5d0e-b01e-0056-0f20-00d446000000, HTTP status code=409, Exception=The specified container already exists.ErrorCode: ContainerAlreadyExists<?xml version="1.0" encoding="utf-8"?><Error><Code>ContainerAlreadyExists</Code><Message>The specified container already exists.RequestId:fbcf5d0e-b01e-0056-0f20-00d446000000Time:2018-06-09T18:37:43.6054778Z</Message></Error>.
Client-Request-ID=324723a2-6c14-11e8-9288-000d3a71b7c3 Retry policy did not allow for a retry: Server-Timestamp=Sat, 09 Jun 2018 18:37:43 GMT, Server-Request-ID=f43bf1dc-c01e-0087-4d20-00b6cc000000, HTTP status code=409, Exception=The specified container already exists.ErrorCode: ContainerAlreadyExists<?xml version="1.0" encoding="utf-8"?><Error><Code>ContainerAlreadyExists</Code><Message>The specified container already exists.RequestId:f43bf1dc-c01e-0087-4d20-00b6cc000000Time:2018-06-09T18:37:43.7586595Z</Message></Error>.
Client-Request-ID=324723a4-6c14-11e8-9288-000d3a71b7c3 Retry policy did not allow for a retry: Server-Timestamp=Sat, 09 Jun 2018 18:37:43 GMT, Server-Request-ID=249fc893-a01e-0017-2120-008ca2000000, HTTP status code=409, Exception=The specified container already exists.ErrorCode: ContainerAlreadyExists<?xml version="1.0" encoding="utf-8"?><Error><Code>ContainerAlreadyExists</Code><Message>The specified container already exists.RequestId:249fc893-a01e-0017-2120-008ca2000000Time:2018-06-09T18:37:43.9199435Z</Message></Error>.
Traceback (most recent call last):
  File "/home/ninghai/miniconda3/envs/daily/lib/python3.6/site-packages/azureml/core/webservice/webservice.py", line 268, in _deploy_webservice
    resp.raise_for_status()
  File "/home/ninghai/miniconda3/envs/daily/lib/python3.6/site-packages/requests/models.py", line 935, in raise_for_status
    raise HTTPError(http_error_msg, response=self)
requests.exceptions.HTTPError: 409 Client Error: Conflict for url: https://eastus2euap.modelmanagement.azureml.net/api/subscriptions/fac34303-435d-4486-8c3f-7094d82a0b60/resourceGroups/aml-notebooks/providers/Microsoft.MachineLearningServices/workspaces/haieastus2euapws/services?api-version=2018-03-01-preview

During handling of the above exception, another exception occurred:

Traceback (most recent call last):
  File "./10.o16n.py", line 64, in <module>
    image = image)
  File "/home/ninghai/miniconda3/envs/daily/lib/python3.6/site-packages/azureml/core/workspace.py", line 792, in deploy_webservice
    return Webservice.deploy_from_image(self, name, image, deploy_config, target)
  File "/home/ninghai/miniconda3/envs/daily/lib/python3.6/site-packages/azureml/core/webservice/webservice.py", line 230, in deploy_from_image
    return child._deploy(workspace, name, image, deployment_config)
  File "/home/ninghai/miniconda3/envs/daily/lib/python3.6/site-packages/azureml/core/webservice/aci.py", line 88, in _deploy
    return Webservice._deploy_webservice(workspace, name, create_payload, AciWebservice)
  File "/home/ninghai/miniconda3/envs/daily/lib/python3.6/site-packages/azureml/core/webservice/webservice.py", line 273, in _deploy_webservice
    'Content: {}'.format(resp.status_code, resp.headers, resp.content))
azureml.exceptions.azureml_exception.WebserviceException: Received bad response from Model Management Service:
Response Code: 409
Headers: {'Date': 'Sat, 09 Jun 2018 18:38:49 GMT', 'Content-Type': 'application/json', 'Transfer-Encoding': 'chunked', 'Connection': 'keep-alive', 'api-supported-versions': '2018-03-01-preview', 'x-ms-client-request-id': '556db27c323d4293bf14c4270132e45c', 'x-ms-client-session-id': '', 'Strict-Transport-Security': 'max-age=15724800; includeSubDomains; preload'}
Content: b'{"code":"Conflict","statusCode":409,"message":"Conflict","details":[{"code":"ServiceWithNameExists","message":"Workspace haieastus2euapws already contains a Service with name: rrs02"}]}'
Switched to branch 'master'
