/data/git/hai/e2e_test
*** git branch status before ***
  candidate
  daily
* master
On branch master
Your branch is up-to-date with 'origin/master'.
nothing to commit, working directory clean
*** candidate ***
HEAD is now at 9171f4a preview updates
git checkout candidate
Your branch is up-to-date with 'origin/candidate'.
Already up-to-date.
*** git branch status after ***
* candidate
  daily
  master
On branch candidate
Your branch is up-to-date with 'origin/candidate'.
nothing to commit, working directory clean
###################################
START AT: 2018-06-16-01:02:28
###################################


##### 01.interactive.e2e.py (2018-06-16-01:02:28) ######
Azure ML Core SDK Version: 0.1.0.1049783
Found config.json in: /data/git/hai/e2e_test/aml_config/config.json
Workspace details:
aml-notebooks haieastus2ws3 eastus2


##### 02.local.py (2018-06-16-01:02:31) ################
Azure ML Core SDK Version: 0.1.0.1049783
Found config.json in: /data/git/hai/e2e_test/aml_config/config.json
Workspace details:
aml-notebooks haieastus2ws3 eastus2


##### 03.aci.py (2018-06-16-01:02:33) ##################
Azure ML Core SDK Version: 0.1.0.1049783
Found config.json in: /data/git/hai/e2e_test/aml_config/config.json
Workspace details:
aml-notebooks haieastus2ws3 eastus2


##### 04.dsvm (2018-06-16-01:02:34) ####################
Azure ML Core SDK Version: 0.1.0.1049783
Found config.json in: /data/git/hai/e2e_test/aml_config/config.json
Workspace details:
aml-notebooks haieastus2ws3 eastus2


##### 05.spark (2018-06-16-01:02:35) ###################
Azure ML Core SDK Version: 0.1.0.1049783
Found config.json in: /data/git/hai/e2e_test/aml_config/config.json
Workspace details:
aml-notebooks haieastus2ws3 eastus2


##### 07.sklearn.hd.py (2018-06-16-01:02:37) ###########
Azure ML Core SDK Version: 0.1.0.1049783
Found config.json in: /data/git/hai/e2e_test/aml_config/config.json
Workspace details:
aml-notebooks haieastus2ws3 eastus2


##### 08.tf.hd.py (2018-06-16-01:02:38) ################
Azure ML Core SDK Version: 0.1.0.1049783
Found config.json in: /data/git/hai/e2e_test/aml_config/config.json
Workspace details:
aml-notebooks haieastus2ws3 eastus2


##### 10.o16n.py (2018-06-16-01:02:39) #################
Azure ML Core SDK Version: 0.1.0.1049783
Found config.json in: /data/git/hai/e2e_test/aml_config/config.json
Workspace details:
aml-notebooks haieastus2ws3 eastus2
HEAD is now at f2d8808 remove files
Your branch is up-to-date with 'origin/master'.
Already up-to-date.


###################################
########### END AT 2018-06-16-01:02:41
###################################
