Switched to branch 'daily'
Client-Request-ID=6dc7baa7-66d2-11e8-9288-000d3a71b7c3 Retry policy did not allow for a retry: Server-Timestamp=Sun, 03 Jun 2018 02:04:21 GMT, Server-Request-ID=da774e82-201e-0009-29df-fa607a000000, HTTP status code=409, Exception=The specified container already exists.ErrorCode: ContainerAlreadyExists<?xml version="1.0" encoding="utf-8"?><Error><Code>ContainerAlreadyExists</Code><Message>The specified container already exists.RequestId:da774e82-201e-0009-29df-fa607a000000Time:2018-06-03T02:04:21.2074310Z</Message></Error>.
Client-Request-ID=6dc7baa9-66d2-11e8-9288-000d3a71b7c3 Retry policy did not allow for a retry: Server-Timestamp=Sun, 03 Jun 2018 02:04:20 GMT, Server-Request-ID=bcd3cf97-901e-0033-24df-fa7a02000000, HTTP status code=409, Exception=The specified container already exists.ErrorCode: ContainerAlreadyExists<?xml version="1.0" encoding="utf-8"?><Error><Code>ContainerAlreadyExists</Code><Message>The specified container already exists.RequestId:bcd3cf97-901e-0033-24df-fa7a02000000Time:2018-06-03T02:04:21.3638113Z</Message></Error>.
Client-Request-ID=6dc7baab-66d2-11e8-9288-000d3a71b7c3 Retry policy did not allow for a retry: Server-Timestamp=Sun, 03 Jun 2018 02:04:21 GMT, Server-Request-ID=13c86071-a01e-0007-24df-fa49ca000000, HTTP status code=409, Exception=The specified container already exists.ErrorCode: ContainerAlreadyExists<?xml version="1.0" encoding="utf-8"?><Error><Code>ContainerAlreadyExists</Code><Message>The specified container already exists.RequestId:13c86071-a01e-0007-24df-fa49ca000000Time:2018-06-03T02:04:21.5210603Z</Message></Error>.
Client-Request-ID=6dc7baad-66d2-11e8-9288-000d3a71b7c3 Retry policy did not allow for a retry: Server-Timestamp=Sun, 03 Jun 2018 02:04:21 GMT, Server-Request-ID=8bf385af-101e-0084-67df-fa57a8000000, HTTP status code=409, Exception=The specified container already exists.ErrorCode: ContainerAlreadyExists<?xml version="1.0" encoding="utf-8"?><Error><Code>ContainerAlreadyExists</Code><Message>The specified container already exists.RequestId:8bf385af-101e-0084-67df-fa57a8000000Time:2018-06-03T02:04:21.6768778Z</Message></Error>.
Traceback (most recent call last):
  File "/home/ninghai/miniconda3/envs/daily/lib/python3.6/site-packages/azureml/core/webservice/webservice.py", line 279, in _deploy_webservice
    resp.raise_for_status()
  File "/home/ninghai/miniconda3/envs/daily/lib/python3.6/site-packages/requests/models.py", line 935, in raise_for_status
    raise HTTPError(http_error_msg, response=self)
requests.exceptions.HTTPError: 409 Client Error: Conflict for url: https://eastus2euap.modelmanagement.azureml.net/api/subscriptions/fac34303-435d-4486-8c3f-7094d82a0b60/resourceGroups/aml-notebooks/providers/Microsoft.MachineLearningServices/workspaces/haieastus2euapws/services?api-version=2018-03-01-preview

During handling of the above exception, another exception occurred:

Traceback (most recent call last):
  File "./01.interactive.e2e.py", line 139, in <module>
    driver = 'score.py')
  File "/home/ninghai/miniconda3/envs/daily/lib/python3.6/site-packages/azureml/core/workspace.py", line 787, in deploy_webservice
    return Webservice.deploy_from_image(self, name, image, deploy_config, target)
  File "/home/ninghai/miniconda3/envs/daily/lib/python3.6/site-packages/azureml/core/webservice/webservice.py", line 241, in deploy_from_image
    return child._deploy(workspace, name, image, deployment_config)
  File "/home/ninghai/miniconda3/envs/daily/lib/python3.6/site-packages/azureml/core/webservice/aci.py", line 108, in _deploy
    return Webservice._deploy_webservice(workspace, name, create_payload, AciWebservice)
  File "/home/ninghai/miniconda3/envs/daily/lib/python3.6/site-packages/azureml/core/webservice/webservice.py", line 284, in _deploy_webservice
    'Content: {}'.format(resp.status_code, resp.headers, resp.content))
azureml.exceptions.azureml_exception.WebserviceException: Received bad response from Model Management Service:
Response Code: 409
Headers: {'Date': 'Sun, 03 Jun 2018 02:05:41 GMT', 'Content-Type': 'application/json', 'Transfer-Encoding': 'chunked', 'Connection': 'keep-alive', 'api-supported-versions': '2018-03-01-preview', 'x-ms-client-request-id': '0061ea10f0df4efd97bb620452972da8', 'x-ms-client-session-id': '', 'Strict-Transport-Security': 'max-age=15724800; includeSubDomains; preload'}
Content: b'{"code":"Conflict","statusCode":409,"message":"Conflict","details":[{"code":"ServiceWithNameExists","message":"Workspace haieastus2euapws already contains a Service with name: rrs01a"}]}'
date: extra operand ‘%F-%T’
Try 'date --help' for more information.
Client-Request-ID=f2ba2755-66d6-11e8-9288-000d3a71b7c3 Retry policy did not allow for a retry: Server-Timestamp=Sun, 03 Jun 2018 02:36:42 GMT, Server-Request-ID=72921bdb-601e-0008-50e3-fa3fa6000000, HTTP status code=409, Exception=The specified container already exists.ErrorCode: ContainerAlreadyExists<?xml version="1.0" encoding="utf-8"?><Error><Code>ContainerAlreadyExists</Code><Message>The specified container already exists.RequestId:72921bdb-601e-0008-50e3-fa3fa6000000Time:2018-06-03T02:36:43.1099303Z</Message></Error>.
Client-Request-ID=f3a0c5cf-66d6-11e8-9288-000d3a71b7c3 Retry policy did not allow for a retry: Server-Timestamp=Sun, 03 Jun 2018 02:36:42 GMT, Server-Request-ID=3dcb5c7f-f01e-000a-5fe3-fa811e000000, HTTP status code=409, Exception=The specified container already exists.ErrorCode: ContainerAlreadyExists<?xml version="1.0" encoding="utf-8"?><Error><Code>ContainerAlreadyExists</Code><Message>The specified container already exists.RequestId:3dcb5c7f-f01e-000a-5fe3-fa811e000000Time:2018-06-03T02:36:43.2660265Z</Message></Error>.
Client-Request-ID=f3a0c5d1-66d6-11e8-9288-000d3a71b7c3 Retry policy did not allow for a retry: Server-Timestamp=Sun, 03 Jun 2018 02:36:43 GMT, Server-Request-ID=c79253aa-c01e-002e-3be3-fa77be000000, HTTP status code=409, Exception=The specified container already exists.ErrorCode: ContainerAlreadyExists<?xml version="1.0" encoding="utf-8"?><Error><Code>ContainerAlreadyExists</Code><Message>The specified container already exists.RequestId:c79253aa-c01e-002e-3be3-fa77be000000Time:2018-06-03T02:36:43.4220737Z</Message></Error>.
Client-Request-ID=f3a0c5d3-66d6-11e8-9288-000d3a71b7c3 Retry policy did not allow for a retry: Server-Timestamp=Sun, 03 Jun 2018 02:36:42 GMT, Server-Request-ID=88100170-f01e-0068-4ce3-fa4339000000, HTTP status code=409, Exception=The specified container already exists.ErrorCode: ContainerAlreadyExists<?xml version="1.0" encoding="utf-8"?><Error><Code>ContainerAlreadyExists</Code><Message>The specified container already exists.RequestId:88100170-f01e-0068-4ce3-fa4339000000Time:2018-06-03T02:36:43.5796214Z</Message></Error>.
Traceback (most recent call last):
  File "./10.o16n.py", line 88, in <module>
    model.delete()
  File "/home/ninghai/miniconda3/envs/daily/lib/python3.6/site-packages/azureml/core/model.py", line 313, in delete
    'Content: {}'.format(resp.status_code, resp.headers, resp.content))
azureml.exceptions.azureml_exception.WebserviceException: Received bad response from Model Management Service:
Response Code: 412
Headers: {'Date': 'Sun, 03 Jun 2018 02:43:41 GMT', 'Content-Type': 'application/json', 'Transfer-Encoding': 'chunked', 'Connection': 'keep-alive', 'api-supported-versions': '2018-03-01-preview', 'x-ms-client-request-id': '968e71ad987b489f8724cf117f5b7472', 'x-ms-client-session-id': '', 'Strict-Transport-Security': 'max-age=15724800; includeSubDomains; preload'}
Content: b'{"code":"PreconditionFailed","statusCode":412,"message":"PreconditionFailed","details":[{"code":"DeletionRequired","message":"The model with id mymodel:1 can not be deleted because it is currently being used in one or more images"}]}'
Switched to branch 'master'
