Already on 'master'
Client-Request-ID=84da8963-6db2-11e8-9288-000d3a71b7c3 Retry policy did not allow for a retry: Server-Timestamp=Mon, 11 Jun 2018 20:03:34 GMT, Server-Request-ID=5d03dbe6-101e-00ed-09bf-015db5000000, HTTP status code=409, Exception=The specified container already exists.ErrorCode: ContainerAlreadyExists<?xml version="1.0" encoding="utf-8"?><Error><Code>ContainerAlreadyExists</Code><Message>The specified container already exists.RequestId:5d03dbe6-101e-00ed-09bf-015db5000000Time:2018-06-11T20:03:34.6571525Z</Message></Error>.
Client-Request-ID=84da8965-6db2-11e8-9288-000d3a71b7c3 Retry policy did not allow for a retry: Server-Timestamp=Mon, 11 Jun 2018 20:03:34 GMT, Server-Request-ID=1127fcf5-c01e-004e-06bf-0191d4000000, HTTP status code=409, Exception=The specified container already exists.ErrorCode: ContainerAlreadyExists<?xml version="1.0" encoding="utf-8"?><Error><Code>ContainerAlreadyExists</Code><Message>The specified container already exists.RequestId:1127fcf5-c01e-004e-06bf-0191d4000000Time:2018-06-11T20:03:34.8169836Z</Message></Error>.
Client-Request-ID=84da8967-6db2-11e8-9288-000d3a71b7c3 Retry policy did not allow for a retry: Server-Timestamp=Mon, 11 Jun 2018 20:03:34 GMT, Server-Request-ID=66b72ca8-a01e-007c-33bf-01c904000000, HTTP status code=409, Exception=The specified container already exists.ErrorCode: ContainerAlreadyExists<?xml version="1.0" encoding="utf-8"?><Error><Code>ContainerAlreadyExists</Code><Message>The specified container already exists.RequestId:66b72ca8-a01e-007c-33bf-01c904000000Time:2018-06-11T20:03:35.0878704Z</Message></Error>.
Client-Request-ID=85ca20b3-6db2-11e8-9288-000d3a71b7c3 Retry policy did not allow for a retry: Server-Timestamp=Mon, 11 Jun 2018 20:03:34 GMT, Server-Request-ID=8f1206f2-101e-0065-5abf-01e56c000000, HTTP status code=409, Exception=The specified container already exists.ErrorCode: ContainerAlreadyExists<?xml version="1.0" encoding="utf-8"?><Error><Code>ContainerAlreadyExists</Code><Message>The specified container already exists.RequestId:8f1206f2-101e-0065-5abf-01e56c000000Time:2018-06-11T20:03:35.2868628Z</Message></Error>.
Traceback (most recent call last):
  File "./07.sklearn.hd.py", line 88, in <module>
    run = sk_est.fit()
  File "/home/ninghai/miniconda3/envs/preview/lib/python3.6/site-packages/azureml/train/estimator.py", line 438, in fit
    return super(Estimator, self).fit()
  File "/home/ninghai/miniconda3/envs/preview/lib/python3.6/site-packages/azureml/train/estimator.py", line 78, in fit
    _telemetry_values=telemetry_values)
  File "/home/ninghai/miniconda3/envs/preview/lib/python3.6/site-packages/azureml/core/run.py", line 66, in submit
    execute_with_zip=_execute_with_zip)
  File "/home/ninghai/miniconda3/envs/preview/lib/python3.6/site-packages/azureml/execution/_commands.py", line 116, in start_run
    execute_with_zip=execute_with_zip)
  File "/home/ninghai/miniconda3/envs/preview/lib/python3.6/site-packages/azureml/execution/_commands.py", line 383, in _start_internal
    _raise_request_error(response, "starting run")
  File "/home/ninghai/miniconda3/envs/preview/lib/python3.6/site-packages/azureml/execution/_commands.py", line 729, in _raise_request_error
    raise ExperimentExecutionException(get_http_exception_response_string(response))
azureml.exceptions.azureml_exception.ExperimentExecutionException: {
    "url": "https://eastus2.experiments.azureml.net/execution/v1.0/subscriptions/fac34303-435d-4486-8c3f-7094d82a0b60/resourceGroups/aml-notebooks/providers/Microsoft.MachineLearningServices/workspaces/haieastus2ws3/projects/e2e-07/run",
    "status_code": 502,
    "text": "<html>\r\n<head><title>502 Bad Gateway</title></head>\r\n<body bgcolor=\"white\">\r\n<center><h1>502 Bad Gateway</h1></center>\r\n<hr><center>nginx</center>\r\n</body>\r\n</html>\r\n"
}
Client-Request-ID=d47438f0-6db8-11e8-9288-000d3a71b7c3 Retry policy did not allow for a retry: Server-Timestamp=Mon, 11 Jun 2018 20:48:43 GMT, Server-Request-ID=791a88ba-c01e-0105-5dc5-01e61b000000, HTTP status code=409, Exception=The specified container already exists.ErrorCode: ContainerAlreadyExists<?xml version="1.0" encoding="utf-8"?><Error><Code>ContainerAlreadyExists</Code><Message>The specified container already exists.RequestId:791a88ba-c01e-0105-5dc5-01e61b000000Time:2018-06-11T20:48:44.1681140Z</Message></Error>.
Client-Request-ID=d47438f2-6db8-11e8-9288-000d3a71b7c3 Retry policy did not allow for a retry: Server-Timestamp=Mon, 11 Jun 2018 20:48:43 GMT, Server-Request-ID=7c830a11-401e-00d7-16c5-011e16000000, HTTP status code=409, Exception=The specified container already exists.ErrorCode: ContainerAlreadyExists<?xml version="1.0" encoding="utf-8"?><Error><Code>ContainerAlreadyExists</Code><Message>The specified container already exists.RequestId:7c830a11-401e-00d7-16c5-011e16000000Time:2018-06-11T20:48:44.3254840Z</Message></Error>.
Client-Request-ID=d47438f4-6db8-11e8-9288-000d3a71b7c3 Retry policy did not allow for a retry: Server-Timestamp=Mon, 11 Jun 2018 20:48:43 GMT, Server-Request-ID=bae9db6b-a01e-0011-4dc5-01632a000000, HTTP status code=409, Exception=The specified container already exists.ErrorCode: ContainerAlreadyExists<?xml version="1.0" encoding="utf-8"?><Error><Code>ContainerAlreadyExists</Code><Message>The specified container already exists.RequestId:bae9db6b-a01e-0011-4dc5-01632a000000Time:2018-06-11T20:48:44.4838927Z</Message></Error>.
Client-Request-ID=d47438f6-6db8-11e8-9288-000d3a71b7c3 Retry policy did not allow for a retry: Server-Timestamp=Mon, 11 Jun 2018 20:48:44 GMT, Server-Request-ID=c5508da8-401e-005f-11c5-01a6cf000000, HTTP status code=409, Exception=The specified container already exists.ErrorCode: ContainerAlreadyExists<?xml version="1.0" encoding="utf-8"?><Error><Code>ContainerAlreadyExists</Code><Message>The specified container already exists.RequestId:c5508da8-401e-005f-11c5-01a6cf000000Time:2018-06-11T20:48:44.6599118Z</Message></Error>.
Already on 'master'
