Switched to branch 'daily'
<class 'msrest.exceptions.ClientRequestError'>: Error occurred in request., RetryError: HTTPSConnectionPool(host='eastus2euap.experiments.azureml.net', port=443): Max retries exceeded with url: /history/v1.0/subscriptions/fac34303-435d-4486-8c3f-7094d82a0b60/resourceGroups/aml-notebooks/providers/Microsoft.MachineLearningServices/workspaces/haieastus2euapws/projects/e2e-01/runs/0a1e96e3-7b19-45bb-9419-4485e963e486/events (Caused by ResponseError('too many 500 error responses',))
<traceback object at 0x7f263cab9248>
Traceback (most recent call last):
  File "/home/ninghai/miniconda3/envs/daily/lib/python3.6/site-packages/requests/adapters.py", line 440, in send
    timeout=timeout
  File "/home/ninghai/miniconda3/envs/daily/lib/python3.6/site-packages/urllib3/connectionpool.py", line 732, in urlopen
    body_pos=body_pos, **response_kw)
  File "/home/ninghai/miniconda3/envs/daily/lib/python3.6/site-packages/urllib3/connectionpool.py", line 732, in urlopen
    body_pos=body_pos, **response_kw)
  File "/home/ninghai/miniconda3/envs/daily/lib/python3.6/site-packages/urllib3/connectionpool.py", line 732, in urlopen
    body_pos=body_pos, **response_kw)
  File "/home/ninghai/miniconda3/envs/daily/lib/python3.6/site-packages/urllib3/connectionpool.py", line 712, in urlopen
    retries = retries.increment(method, url, response=response, _pool=self)
  File "/home/ninghai/miniconda3/envs/daily/lib/python3.6/site-packages/urllib3/util/retry.py", line 388, in increment
    raise MaxRetryError(_pool, url, error or ResponseError(cause))
urllib3.exceptions.MaxRetryError: HTTPSConnectionPool(host='eastus2euap.experiments.azureml.net', port=443): Max retries exceeded with url: /history/v1.0/subscriptions/fac34303-435d-4486-8c3f-7094d82a0b60/resourceGroups/aml-notebooks/providers/Microsoft.MachineLearningServices/workspaces/haieastus2euapws/projects/e2e-01/runs/0a1e96e3-7b19-45bb-9419-4485e963e486/events (Caused by ResponseError('too many 500 error responses',))

During handling of the above exception, another exception occurred:

Traceback (most recent call last):
  File "/home/ninghai/miniconda3/envs/daily/lib/python3.6/site-packages/msrest/service_client.py", line 257, in send
    **kwargs)
  File "/home/ninghai/miniconda3/envs/daily/lib/python3.6/site-packages/requests/sessions.py", line 508, in request
    resp = self.send(prep, **send_kwargs)
  File "/home/ninghai/miniconda3/envs/daily/lib/python3.6/site-packages/requests/sessions.py", line 618, in send
    r = adapter.send(request, **kwargs)
  File "/home/ninghai/miniconda3/envs/daily/lib/python3.6/site-packages/requests/adapters.py", line 499, in send
    raise RetryError(e, request=request)
requests.exceptions.RetryError: HTTPSConnectionPool(host='eastus2euap.experiments.azureml.net', port=443): Max retries exceeded with url: /history/v1.0/subscriptions/fac34303-435d-4486-8c3f-7094d82a0b60/resourceGroups/aml-notebooks/providers/Microsoft.MachineLearningServices/workspaces/haieastus2euapws/projects/e2e-01/runs/0a1e96e3-7b19-45bb-9419-4485e963e486/events (Caused by ResponseError('too many 500 error responses',))

During handling of the above exception, another exception occurred:

Traceback (most recent call last):
  File "./01.interactive.e2e.py", line 78, in <module>
    os.remove(model_file_name)
  File "/home/ninghai/miniconda3/envs/daily/lib/python3.6/site-packages/azureml/core/run.py", line 369, in __exit__
    return super(Run, self).__exit__(exit_type, value, traceback)
  File "/home/ninghai/miniconda3/envs/daily/lib/python3.6/site-packages/azureml/_run_impl/run_base.py", line 60, in __exit__
    self._context_manager.__exit__(exit_type, value, traceback)
  File "/home/ninghai/miniconda3/envs/daily/lib/python3.6/site-packages/azureml/_run_impl/run_context_manager.py", line 91, in __exit__
    self.context_manager.__exit__(exit_type, value, traceback)
  File "/home/ninghai/miniconda3/envs/daily/lib/python3.6/site-packages/azureml/history/utils/context_managers.py", line 52, in __exit__
    self._exit_stack.__exit__(*args)
  File "/home/ninghai/miniconda3/envs/daily/lib/python3.6/contextlib.py", line 380, in __exit__
    raise exc_details[1]
  File "/home/ninghai/miniconda3/envs/daily/lib/python3.6/contextlib.py", line 365, in __exit__
    if cb(*exc_details):
  File "/home/ninghai/miniconda3/envs/daily/lib/python3.6/contextlib.py", line 284, in _exit_wrapper
    return cm_exit(cm, *exc_details)
  File "/home/ninghai/miniconda3/envs/daily/lib/python3.6/site-packages/azureml/_run_impl/run_context_manager.py", line 26, in __exit__
    self.run.complete()
  File "/home/ninghai/miniconda3/envs/daily/lib/python3.6/site-packages/azureml/core/run.py", line 356, in complete
    self._client.complete()
  File "/home/ninghai/miniconda3/envs/daily/lib/python3.6/site-packages/azureml/_run_impl/scope_client.py", line 55, in complete
    self._client.post_event_run_completed(self.get_run_id())
  File "/home/ninghai/miniconda3/envs/daily/lib/python3.6/site-packages/azureml/restclient/run_history_client.py", line 89, in post_event_run_completed
    return self.post_event(run_id, event)
  File "/home/ninghai/miniconda3/envs/daily/lib/python3.6/site-packages/azureml/restclient/run_history_client.py", line 77, in post_event
    event_message=event)
  File "/home/ninghai/miniconda3/envs/daily/lib/python3.6/site-packages/azureml/restclient/project_client.py", line 58, in _execute_with_project_arguments
    **kwargs_copy)
  File "/home/ninghai/miniconda3/envs/daily/lib/python3.6/site-packages/azureml/restclient/clientbase.py", line 101, in _execute_with_base_arguments
    return func(*args, **kwargs)
  File "/home/ninghai/miniconda3/envs/daily/lib/python3.6/site-packages/azureml/restclient/operations/events_operations.py", line 182, in post
    request, header_parameters, body_content, stream=False, **operation_config)
  File "/home/ninghai/miniconda3/envs/daily/lib/python3.6/site-packages/msrest/service_client.py", line 290, in send
    raise_with_traceback(ClientRequestError, msg, err)
  File "/home/ninghai/miniconda3/envs/daily/lib/python3.6/site-packages/msrest/exceptions.py", line 45, in raise_with_traceback
    raise error.with_traceback(exc_traceback)
  File "/home/ninghai/miniconda3/envs/daily/lib/python3.6/site-packages/msrest/service_client.py", line 257, in send
    **kwargs)
  File "/home/ninghai/miniconda3/envs/daily/lib/python3.6/site-packages/requests/sessions.py", line 508, in request
    resp = self.send(prep, **send_kwargs)
  File "/home/ninghai/miniconda3/envs/daily/lib/python3.6/site-packages/requests/sessions.py", line 618, in send
    r = adapter.send(request, **kwargs)
  File "/home/ninghai/miniconda3/envs/daily/lib/python3.6/site-packages/requests/adapters.py", line 499, in send
    raise RetryError(e, request=request)
msrest.exceptions.ClientRequestError: Error occurred in request., RetryError: HTTPSConnectionPool(host='eastus2euap.experiments.azureml.net', port=443): Max retries exceeded with url: /history/v1.0/subscriptions/fac34303-435d-4486-8c3f-7094d82a0b60/resourceGroups/aml-notebooks/providers/Microsoft.MachineLearningServices/workspaces/haieastus2euapws/projects/e2e-01/runs/0a1e96e3-7b19-45bb-9419-4485e963e486/events (Caused by ResponseError('too many 500 error responses',))
Client-Request-ID=536aad44-6826-11e8-9288-000d3a71b7c3 Retry policy did not allow for a retry: Server-Timestamp=Mon, 04 Jun 2018 18:37:24 GMT, Server-Request-ID=9a52a708-001e-000e-1233-fc0c19000000, HTTP status code=409, Exception=The specified container already exists.ErrorCode: ContainerAlreadyExists<?xml version="1.0" encoding="utf-8"?><Error><Code>ContainerAlreadyExists</Code><Message>The specified container already exists.RequestId:9a52a708-001e-000e-1233-fc0c19000000Time:2018-06-04T18:37:25.3427071Z</Message></Error>.
Client-Request-ID=536aad46-6826-11e8-9288-000d3a71b7c3 Retry policy did not allow for a retry: Server-Timestamp=Mon, 04 Jun 2018 18:37:24 GMT, Server-Request-ID=f73ee790-b01e-0079-7333-fcd98d000000, HTTP status code=409, Exception=The specified container already exists.ErrorCode: ContainerAlreadyExists<?xml version="1.0" encoding="utf-8"?><Error><Code>ContainerAlreadyExists</Code><Message>The specified container already exists.RequestId:f73ee790-b01e-0079-7333-fcd98d000000Time:2018-06-04T18:37:25.4983692Z</Message></Error>.
Client-Request-ID=536aad48-6826-11e8-9288-000d3a71b7c3 Retry policy did not allow for a retry: Server-Timestamp=Mon, 04 Jun 2018 18:37:25 GMT, Server-Request-ID=96e53873-101e-0002-3633-fc9b11000000, HTTP status code=409, Exception=The specified container already exists.ErrorCode: ContainerAlreadyExists<?xml version="1.0" encoding="utf-8"?><Error><Code>ContainerAlreadyExists</Code><Message>The specified container already exists.RequestId:96e53873-101e-0002-3633-fc9b11000000Time:2018-06-04T18:37:25.6663588Z</Message></Error>.
Client-Request-ID=536aad4a-6826-11e8-9288-000d3a71b7c3 Retry policy did not allow for a retry: Server-Timestamp=Mon, 04 Jun 2018 18:37:25 GMT, Server-Request-ID=fc8fd3d7-501e-0061-4d33-fc06ea000000, HTTP status code=409, Exception=The specified container already exists.ErrorCode: ContainerAlreadyExists<?xml version="1.0" encoding="utf-8"?><Error><Code>ContainerAlreadyExists</Code><Message>The specified container already exists.RequestId:fc8fd3d7-501e-0061-4d33-fc06ea000000Time:2018-06-04T18:37:25.8348100Z</Message></Error>.
Traceback (most recent call last):
  File "./10.o16n.py", line 88, in <module>
    model.delete()
  File "/home/ninghai/miniconda3/envs/daily/lib/python3.6/site-packages/azureml/core/model.py", line 313, in delete
    'Content: {}'.format(resp.status_code, resp.headers, resp.content))
azureml.exceptions.azureml_exception.WebserviceException: Received bad response from Model Management Service:
Response Code: 412
Headers: {'Date': 'Mon, 04 Jun 2018 18:43:49 GMT', 'Content-Type': 'application/json', 'Transfer-Encoding': 'chunked', 'Connection': 'keep-alive', 'api-supported-versions': '2018-03-01-preview', 'x-ms-client-request-id': 'f2a80031821f42f4b4d2567462c5c8cd', 'x-ms-client-session-id': '', 'Strict-Transport-Security': 'max-age=15724800; includeSubDomains; preload'}
Content: b'{"code":"PreconditionFailed","statusCode":412,"message":"PreconditionFailed","details":[{"code":"DeletionRequired","message":"The model with id mymodel:1 can not be deleted because it is currently being used in one or more images"}]}'
Switched to branch 'master'
