Switched to branch 'daily'
Client-Request-ID=16faf7ca-66f4-11e8-9288-000d3a71b7c3 Retry policy did not allow for a retry: Server-Timestamp=Sun, 03 Jun 2018 06:05:17 GMT, Server-Request-ID=40baf80d-e01e-005b-6700-fb1c92000000, HTTP status code=409, Exception=The specified container already exists.ErrorCode: ContainerAlreadyExists<?xml version="1.0" encoding="utf-8"?><Error><Code>ContainerAlreadyExists</Code><Message>The specified container already exists.RequestId:40baf80d-e01e-005b-6700-fb1c92000000Time:2018-06-03T06:05:17.9486676Z</Message></Error>.
Client-Request-ID=16faf7cc-66f4-11e8-9288-000d3a71b7c3 Retry policy did not allow for a retry: Server-Timestamp=Sun, 03 Jun 2018 06:05:17 GMT, Server-Request-ID=69bcaf5c-801e-0010-3c00-fbe0c1000000, HTTP status code=409, Exception=The specified container already exists.ErrorCode: ContainerAlreadyExists<?xml version="1.0" encoding="utf-8"?><Error><Code>ContainerAlreadyExists</Code><Message>The specified container already exists.RequestId:69bcaf5c-801e-0010-3c00-fbe0c1000000Time:2018-06-03T06:05:18.1068419Z</Message></Error>.
Client-Request-ID=16faf7ce-66f4-11e8-9288-000d3a71b7c3 Retry policy did not allow for a retry: Server-Timestamp=Sun, 03 Jun 2018 06:05:17 GMT, Server-Request-ID=78cb2b31-601e-006a-4e00-fbfd81000000, HTTP status code=409, Exception=The specified container already exists.ErrorCode: ContainerAlreadyExists<?xml version="1.0" encoding="utf-8"?><Error><Code>ContainerAlreadyExists</Code><Message>The specified container already exists.RequestId:78cb2b31-601e-006a-4e00-fbfd81000000Time:2018-06-03T06:05:18.2627952Z</Message></Error>.
Client-Request-ID=16faf7d0-66f4-11e8-9288-000d3a71b7c3 Retry policy did not allow for a retry: Server-Timestamp=Sun, 03 Jun 2018 06:05:18 GMT, Server-Request-ID=b5e82a86-501e-005e-5c00-fbce49000000, HTTP status code=409, Exception=The specified container already exists.ErrorCode: ContainerAlreadyExists<?xml version="1.0" encoding="utf-8"?><Error><Code>ContainerAlreadyExists</Code><Message>The specified container already exists.RequestId:b5e82a86-501e-005e-5c00-fbce49000000Time:2018-06-03T06:05:18.4219757Z</Message></Error>.
Traceback (most recent call last):
  File "/home/ninghai/miniconda3/envs/daily/lib/python3.6/site-packages/azureml/core/webservice/webservice.py", line 279, in _deploy_webservice
    resp.raise_for_status()
  File "/home/ninghai/miniconda3/envs/daily/lib/python3.6/site-packages/requests/models.py", line 935, in raise_for_status
    raise HTTPError(http_error_msg, response=self)
requests.exceptions.HTTPError: 409 Client Error: Conflict for url: https://eastus2euap.modelmanagement.azureml.net/api/subscriptions/fac34303-435d-4486-8c3f-7094d82a0b60/resourceGroups/aml-notebooks/providers/Microsoft.MachineLearningServices/workspaces/haieastus2euapws/services?api-version=2018-03-01-preview

During handling of the above exception, another exception occurred:

Traceback (most recent call last):
  File "./01.interactive.e2e.py", line 139, in <module>
    driver = 'score.py')
  File "/home/ninghai/miniconda3/envs/daily/lib/python3.6/site-packages/azureml/core/workspace.py", line 787, in deploy_webservice
    return Webservice.deploy_from_image(self, name, image, deploy_config, target)
  File "/home/ninghai/miniconda3/envs/daily/lib/python3.6/site-packages/azureml/core/webservice/webservice.py", line 241, in deploy_from_image
    return child._deploy(workspace, name, image, deployment_config)
  File "/home/ninghai/miniconda3/envs/daily/lib/python3.6/site-packages/azureml/core/webservice/aci.py", line 108, in _deploy
    return Webservice._deploy_webservice(workspace, name, create_payload, AciWebservice)
  File "/home/ninghai/miniconda3/envs/daily/lib/python3.6/site-packages/azureml/core/webservice/webservice.py", line 284, in _deploy_webservice
    'Content: {}'.format(resp.status_code, resp.headers, resp.content))
azureml.exceptions.azureml_exception.WebserviceException: Received bad response from Model Management Service:
Response Code: 409
Headers: {'Date': 'Sun, 03 Jun 2018 06:06:39 GMT', 'Content-Type': 'application/json', 'Transfer-Encoding': 'chunked', 'Connection': 'keep-alive', 'api-supported-versions': '2018-03-01-preview', 'x-ms-client-request-id': '815a21a3c90d4a4fac39ef769ee0640c', 'x-ms-client-session-id': '', 'Strict-Transport-Security': 'max-age=15724800; includeSubDomains; preload'}
Content: b'{"code":"Conflict","statusCode":409,"message":"Conflict","details":[{"code":"ServiceWithNameExists","message":"Workspace haieastus2euapws already contains a Service with name: rrs01a"}]}'
Client-Request-ID=7f043332-66f8-11e8-9288-000d3a71b7c3 Retry policy did not allow for a retry: Server-Timestamp=Sun, 03 Jun 2018 06:36:49 GMT, Server-Request-ID=51c58f2e-901e-0023-1205-fbbf6a000000, HTTP status code=409, Exception=The specified container already exists.ErrorCode: ContainerAlreadyExists<?xml version="1.0" encoding="utf-8"?><Error><Code>ContainerAlreadyExists</Code><Message>The specified container already exists.RequestId:51c58f2e-901e-0023-1205-fbbf6a000000Time:2018-06-03T06:36:50.4799616Z</Message></Error>.
Client-Request-ID=7f043334-66f8-11e8-9288-000d3a71b7c3 Retry policy did not allow for a retry: Server-Timestamp=Sun, 03 Jun 2018 06:36:50 GMT, Server-Request-ID=68f84309-f01e-001a-7b05-fb4476000000, HTTP status code=409, Exception=The specified container already exists.ErrorCode: ContainerAlreadyExists<?xml version="1.0" encoding="utf-8"?><Error><Code>ContainerAlreadyExists</Code><Message>The specified container already exists.RequestId:68f84309-f01e-001a-7b05-fb4476000000Time:2018-06-03T06:36:50.6360533Z</Message></Error>.
Client-Request-ID=7f043336-66f8-11e8-9288-000d3a71b7c3 Retry policy did not allow for a retry: Server-Timestamp=Sun, 03 Jun 2018 06:36:50 GMT, Server-Request-ID=f394771f-c01e-0087-2805-fbb6cc000000, HTTP status code=409, Exception=The specified container already exists.ErrorCode: ContainerAlreadyExists<?xml version="1.0" encoding="utf-8"?><Error><Code>ContainerAlreadyExists</Code><Message>The specified container already exists.RequestId:f394771f-c01e-0087-2805-fbb6cc000000Time:2018-06-03T06:36:50.7923629Z</Message></Error>.
Client-Request-ID=7f043338-66f8-11e8-9288-000d3a71b7c3 Retry policy did not allow for a retry: Server-Timestamp=Sun, 03 Jun 2018 06:36:50 GMT, Server-Request-ID=2411d798-a01e-0017-3305-fb8ca2000000, HTTP status code=409, Exception=The specified container already exists.ErrorCode: ContainerAlreadyExists<?xml version="1.0" encoding="utf-8"?><Error><Code>ContainerAlreadyExists</Code><Message>The specified container already exists.RequestId:2411d798-a01e-0017-3305-fb8ca2000000Time:2018-06-03T06:36:50.9513294Z</Message></Error>.
Traceback (most recent call last):
  File "./10.o16n.py", line 88, in <module>
    model.delete()
  File "/home/ninghai/miniconda3/envs/daily/lib/python3.6/site-packages/azureml/core/model.py", line 313, in delete
    'Content: {}'.format(resp.status_code, resp.headers, resp.content))
azureml.exceptions.azureml_exception.WebserviceException: Received bad response from Model Management Service:
Response Code: 412
Headers: {'Date': 'Sun, 03 Jun 2018 06:43:22 GMT', 'Content-Type': 'application/json', 'Transfer-Encoding': 'chunked', 'Connection': 'keep-alive', 'api-supported-versions': '2018-03-01-preview', 'x-ms-client-request-id': '723f8f8c2d3b4a41b55f3bc878373a23', 'x-ms-client-session-id': '', 'Strict-Transport-Security': 'max-age=15724800; includeSubDomains; preload'}
Content: b'{"code":"PreconditionFailed","statusCode":412,"message":"PreconditionFailed","details":[{"code":"DeletionRequired","message":"The model with id mymodel:1 can not be deleted because it is currently being used in one or more images"}]}'
Switched to branch 'master'
