Looking in indexes: https://pypi.org/simple, https://azuremlsdktestpypi.azureedge.net/sdk-release/master/588E708E0DF342C4A80BD954289657CF
Collecting azureml-sdk
  Using cached https://azuremlsdktestpypi.blob.core.windows.net/repo/sdk-release/master/588E708E0DF342C4A80BD954289657CF/azureml_sdk-0.1.0.1128948-py3-none-any.whl?sv=2017-04-17&sr=b&sig=d7at%2FUfZDH8LtbYOnqEVTekEFShy8UO0R3QSLAsqy%2Bg%3D&st=2018-07-04T04%3A05%3A38Z&se=2019-07-04T04%3A05%3A38Z&sp=rl
Collecting azureml-contrib==0.1.0.1128948 (from azureml-sdk)
  Using cached https://azuremlsdktestpypi.blob.core.windows.net/repo/sdk-release/master/588E708E0DF342C4A80BD954289657CF/azureml_contrib-0.1.0.1128948-py3-none-any.whl?sv=2017-04-17&sr=b&sig=vVCl4LWY7PmOXD8GB8Xr%2Bg%2BMWBKGUD0y9EZvdkL%2FMRI%3D&st=2018-07-04T04%3A05%3A32Z&se=2019-07-04T04%3A05%3A32Z&sp=rl
Collecting azureml-core==0.1.0.1128948 (from azureml-sdk)
  Using cached https://azuremlsdktestpypi.blob.core.windows.net/repo/sdk-release/master/588E708E0DF342C4A80BD954289657CF/azureml_core-0.1.0.1128948-py2.py3-none-any.whl?sv=2017-04-17&sr=b&sig=DKmSmWJT77xTieqYGFmwQIWgTFIOwh7e%2Fpr8xowvzEI%3D&st=2018-07-04T04%3A05%3A36Z&se=2019-07-04T04%3A05%3A36Z&sp=rl
Collecting azureml-train==0.1.0.1128948 (from azureml-sdk)
  Using cached https://azuremlsdktestpypi.blob.core.windows.net/repo/sdk-release/master/588E708E0DF342C4A80BD954289657CF/azureml_train-0.1.0.1128948-py3-none-any.whl?sv=2017-04-17&sr=b&sig=W1n9Hn0F22UNfqUbXK6%2FmbaatXzTeZ7p5Ag90caaPNE%3D&st=2018-07-04T04%3A05%3A39Z&se=2019-07-04T04%3A05%3A39Z&sp=rl
Collecting azureml-contrib-daskonbatch==0.1.0.1128948 (from azureml-contrib==0.1.0.1128948->azureml-sdk)
  Using cached https://azuremlsdktestpypi.blob.core.windows.net/repo/sdk-release/master/588E708E0DF342C4A80BD954289657CF/azureml_contrib_daskonbatch-0.1.0.1128948-py3-none-any.whl?sv=2017-04-17&sr=b&sig=zH6uxBaoN5CVnVKduRr3FQO0mRVL64h7Nm02Q1RbbCY%3D&st=2018-07-04T04%3A05%3A33Z&se=2019-07-04T04%3A05%3A33Z&sp=rl
Collecting azureml-contrib-server==0.1.0.1128948 (from azureml-contrib==0.1.0.1128948->azureml-sdk)
  Using cached https://azuremlsdktestpypi.blob.core.windows.net/repo/sdk-release/master/588E708E0DF342C4A80BD954289657CF/azureml_contrib_server-0.1.0.1128948-py3-none-any.whl?sv=2017-04-17&sr=b&sig=2PnZQ9kCJZP7UzaonEroh4MrENl%2FBlcDDuYshoNk9aQ%3D&st=2018-07-04T04%3A05%3A33Z&se=2019-07-04T04%3A05%3A33Z&sp=rl
Collecting azureml-contrib-explain-model==0.1.0.1128948 (from azureml-contrib==0.1.0.1128948->azureml-sdk)
  Using cached https://azuremlsdktestpypi.blob.core.windows.net/repo/sdk-release/master/588E708E0DF342C4A80BD954289657CF/azureml_contrib_explain_model-0.1.0.1128948-py3-none-any.whl?sv=2017-04-17&sr=b&sig=%2BLEweWc2QCkX8hpxmIOTMyt%2FaZX8KO51AuVvhUvtjqs%3D&st=2018-07-04T04%3A05%3A33Z&se=2019-07-04T04%3A05%3A33Z&sp=rl
Collecting azureml-contrib-tensorboard==0.1.0.1128948 (from azureml-contrib==0.1.0.1128948->azureml-sdk)
  Using cached https://azuremlsdktestpypi.blob.core.windows.net/repo/sdk-release/master/588E708E0DF342C4A80BD954289657CF/azureml_contrib_tensorboard-0.1.0.1128948-py3-none-any.whl?sv=2017-04-17&sr=b&sig=GmlVRU5h28Dr7b8q1BEbRgnUfOCGT91HXM2eNpfUlso%3D&st=2018-07-04T04%3A05%3A34Z&se=2019-07-04T04%3A05%3A34Z&sp=rl
Collecting azureml-contrib-widgets==0.1.0.1128948 (from azureml-contrib==0.1.0.1128948->azureml-sdk)
  Using cached https://azuremlsdktestpypi.blob.core.windows.net/repo/sdk-release/master/588E708E0DF342C4A80BD954289657CF/azureml_contrib_widgets-0.1.0.1128948-py3-none-any.whl?sv=2017-04-17&sr=b&sig=MibyRxygYODMZqsPRKHL3aNEw7NkWCBYSgaFwmPFrmY%3D&st=2018-07-04T04%3A05%3A35Z&se=2019-07-04T04%3A05%3A35Z&sp=rl
Collecting msrestazure>=0.4.33 (from azureml-core==0.1.0.1128948->azureml-sdk)
  Using cached https://files.pythonhosted.org/packages/84/b4/03b254416d3d53c124564cd339ae3ebc504fe754537a4b9d4665acbbccc4/msrestazure-0.4.34-py2.py3-none-any.whl
Collecting azure-storage-common>=1.1.0 (from azureml-core==0.1.0.1128948->azureml-sdk)
  Using cached https://files.pythonhosted.org/packages/7b/18/03872177864b7ce4aa0302eae5726e8cb66dbb4f30a3408ed27a6639407f/azure_storage_common-1.3.0-py2.py3-none-any.whl
Requirement not upgraded as not directly required: python-dateutil>=2.7.3 in /home/ninghai/miniconda3/envs/daily/lib/python3.6/site-packages (from azureml-core==0.1.0.1128948->azureml-sdk) (2.7.3)
Collecting azure-mgmt-containerregistry>=2.0.0 (from azureml-core==0.1.0.1128948->azureml-sdk)
  Using cached https://files.pythonhosted.org/packages/c5/b6/926aba2129e87976a00c4742aa1dba4fea09708c0871ab48ec7937f9ac99/azure_mgmt_containerregistry-2.0.0-py2.py3-none-any.whl
Requirement not upgraded as not directly required: requests>=2.19.1 in /home/ninghai/miniconda3/envs/daily/lib/python3.6/site-packages (from azureml-core==0.1.0.1128948->azureml-sdk) (2.19.1)
Collecting azure-graphrbac>=0.40.0 (from azureml-core==0.1.0.1128948->azureml-sdk)
  Using cached https://files.pythonhosted.org/packages/89/0a/29f7e2914033e2536026b8f0d7f8deb1edda68c9a93ce4757b2b1e39568b/azure_graphrbac-0.40.0-py2.py3-none-any.whl
Collecting contextlib2 (from azureml-core==0.1.0.1128948->azureml-sdk)
  Using cached https://files.pythonhosted.org/packages/a2/71/8273a7eeed0aff6a854237ab5453bc9aa67deb49df4832801c21f0ff3782/contextlib2-0.5.5-py2.py3-none-any.whl
Collecting azure-storage-nspkg>=3.0.0 (from azureml-core==0.1.0.1128948->azureml-sdk)
  Using cached https://files.pythonhosted.org/packages/b1/e9/0a11f4feefb9c4c2f7e30d4d448e15b32df3adabe370be70aaf4278fbb52/azure_storage_nspkg-3.0.0-py2.py3-none-any.whl
Collecting jsonpickle (from azureml-core==0.1.0.1128948->azureml-sdk)
Requirement not upgraded as not directly required: pytz in /home/ninghai/miniconda3/envs/daily/lib/python3.6/site-packages (from azureml-core==0.1.0.1128948->azureml-sdk) (2018.5)
Collecting azure-mgmt-authorization>=0.40.0 (from azureml-core==0.1.0.1128948->azureml-sdk)
  Using cached https://files.pythonhosted.org/packages/6f/17/55b974603c16be89c7a7c16bac57b7bce48527bf1bebc3f116f7215176e6/azure_mgmt_authorization-0.50.0-py2.py3-none-any.whl
Collecting azure-cli-profile>=2.0.26 (from azureml-core==0.1.0.1128948->azureml-sdk)
  Using cached https://files.pythonhosted.org/packages/9e/3c/59bbf01a8116a2c600b1f9395394a277b47ffd8ce02dd2ade758be445e5f/azure_cli_profile-2.0.27-py2.py3-none-any.whl
Collecting SecretStorage<3.0.0 (from azureml-core==0.1.0.1128948->azureml-sdk)
Collecting ruamel.yaml>=0.15.35 (from azureml-core==0.1.0.1128948->azureml-sdk)
  Using cached https://files.pythonhosted.org/packages/a8/79/ad6df67733e3f3910847c7beba3a741384fbf3b2c0a9a8d5ed23793e2126/ruamel.yaml-0.15.42-cp36-cp36m-manylinux1_x86_64.whl
Collecting azure-common>=1.1.12 (from azureml-core==0.1.0.1128948->azureml-sdk)
  Using cached https://files.pythonhosted.org/packages/a3/08/8d285d7a29f1d5c8dfb47da8854eddda5141c8632fc25d60e4c85afa38e6/azure_common-1.1.13-py2.py3-none-any.whl
Collecting ndg-httpsclient (from azureml-core==0.1.0.1128948->azureml-sdk)
  Using cached https://files.pythonhosted.org/packages/78/60/1458ed478eb5777498ca57f4fabf2cf9328ac43e5f6db7839cf73704f3a6/ndg_httpsclient-0.5.0-py3-none-any.whl
Collecting azure-mgmt-storage>=1.5.0 (from azureml-core==0.1.0.1128948->azureml-sdk)
  Using cached https://files.pythonhosted.org/packages/c5/40/d8134d1ee9617fa8bd469e62f916349e1373b94e9f179d12050cfd051e20/azure_mgmt_storage-1.5.0-py2.py3-none-any.whl
Collecting azure-cli-core>=2.0.38 (from azureml-core==0.1.0.1128948->azureml-sdk)
  Using cached https://files.pythonhosted.org/packages/f3/60/f3e68910b868ed5b446582800315fbba073a14ad98526dff0922e8139427/azure_cli_core-2.0.41-py2.py3-none-any.whl
Requirement not upgraded as not directly required: cryptography>=2.2.2 in /home/ninghai/miniconda3/envs/daily/lib/python3.6/site-packages (from azureml-core==0.1.0.1128948->azureml-sdk) (2.2.2)
Collecting msrest>=0.5.1 (from azureml-core==0.1.0.1128948->azureml-sdk)
  Using cached https://files.pythonhosted.org/packages/93/d4/e82b67cbfc117ba2d45d8c515f0650273c22a77c913fea220eb0ed4aa2bd/msrest-0.5.1-py2.py3-none-any.whl
Collecting azure-mgmt-keyvault>=0.40.0 (from azureml-core==0.1.0.1128948->azureml-sdk)
  Using cached https://files.pythonhosted.org/packages/fa/a9/cb52f53824b15491ee0a9532c6003745edbb6643b8cd55e263942d8df73c/azure_mgmt_keyvault-1.0.0-py2.py3-none-any.whl
Collecting azure-storage-blob>=1.1.0 (from azureml-core==0.1.0.1128948->azureml-sdk)
  Using cached https://files.pythonhosted.org/packages/f1/c6/5fec29383de6d8ab995f5aa424ccb3ebd7b2d9d8fed2fded01cfc9af0bb8/azure_storage_blob-1.3.0-py2.py3-none-any.whl
Requirement not upgraded as not directly required: six>=1.11.0 in /home/ninghai/miniconda3/envs/daily/lib/python3.6/site-packages (from azureml-core==0.1.0.1128948->azureml-sdk) (1.11.0)
Collecting azure-mgmt-resource>=1.2.1 (from azureml-core==0.1.0.1128948->azureml-sdk)
  Using cached https://files.pythonhosted.org/packages/71/ec/30b1bea83782bd890ba84c21ab8d1af71bc30f14f51b3688c0a32aec82ce/azure_mgmt_resource-1.2.2-py2.py3-none-any.whl
Collecting pathspec (from azureml-core==0.1.0.1128948->azureml-sdk)
Collecting backports.tempfile (from azureml-core==0.1.0.1128948->azureml-sdk)
  Using cached https://files.pythonhosted.org/packages/b4/5c/077f910632476281428fe254807952eb47ca78e720d059a46178c541e669/backports.tempfile-1.0-py2.py3-none-any.whl
Requirement not upgraded as not directly required: urllib3>=1.23 in /home/ninghai/miniconda3/envs/daily/lib/python3.6/site-packages (from azureml-core==0.1.0.1128948->azureml-sdk) (1.23)
Collecting azureml-train-automl==0.1.0.1128948 (from azureml-train==0.1.0.1128948->azureml-sdk)
  Using cached https://azuremlsdktestpypi.blob.core.windows.net/repo/sdk-release/master/588E708E0DF342C4A80BD954289657CF/azureml_train_automl-0.1.0.1128948-py3-none-any.whl?sv=2017-04-17&sr=b&sig=Hu2o7LUzdZgdi98TYM7xGo%2FVJkC3GTw0YjyxJ8oDaPY%3D&st=2018-07-04T04%3A05%3A40Z&se=2019-07-04T04%3A05%3A40Z&sp=rl
Collecting azureml-train-core==0.1.0.1128948 (from azureml-train==0.1.0.1128948->azureml-sdk)
  Using cached https://azuremlsdktestpypi.blob.core.windows.net/repo/sdk-release/master/588E708E0DF342C4A80BD954289657CF/azureml_train_core-0.1.0.1128948-py3-none-any.whl?sv=2017-04-17&sr=b&sig=cTtP3b0eb5G8%2FAYfyrSJhRrXEO7QyfgKhTz4beDt5ts%3D&st=2018-07-04T04%3A05%3A41Z&se=2019-07-04T04%3A05%3A41Z&sp=rl
Collecting dask>=0.17.5 (from azureml-contrib-daskonbatch==0.1.0.1128948->azureml-contrib==0.1.0.1128948->azureml-sdk)
  Using cached https://files.pythonhosted.org/packages/d4/77/a22c04d952cdf2613d258d00a3d7560752cd4c8a16eee1d2c84ab45a220d/dask-0.18.1-py2.py3-none-any.whl
Collecting bokeh>=0.12.16 (from azureml-contrib-daskonbatch==0.1.0.1128948->azureml-contrib==0.1.0.1128948->azureml-sdk)
Collecting joblib>=0.11 (from azureml-contrib-daskonbatch==0.1.0.1128948->azureml-contrib==0.1.0.1128948->azureml-sdk)
  Using cached https://files.pythonhosted.org/packages/f4/2f/66db8ecbfa71cd36146d894c867b2f595682d620329fd823c5c041687b5f/joblib-0.12.0-py2.py3-none-any.whl
Collecting distributed>=1.21.8 (from azureml-contrib-daskonbatch==0.1.0.1128948->azureml-contrib==0.1.0.1128948->azureml-sdk)
  Using cached https://files.pythonhosted.org/packages/f0/5f/6a7f8e5810136c74a394fd099fd021f41b1e598c9415db4ff72e2e481a24/distributed-1.22.0-py2.py3-none-any.whl
Requirement not upgraded as not directly required: numpy in /home/ninghai/miniconda3/envs/daily/lib/python3.6/site-packages (from azureml-contrib-explain-model==0.1.0.1128948->azureml-contrib==0.1.0.1128948->azureml-sdk) (1.14.5)
Collecting pandas (from azureml-contrib-explain-model==0.1.0.1128948->azureml-contrib==0.1.0.1128948->azureml-sdk)
  Using cached https://files.pythonhosted.org/packages/57/eb/6ab533ea8e35e7dd159af6922ac1123d4565d89f3926ad9a6aa46530978f/pandas-0.23.1-cp36-cp36m-manylinux1_x86_64.whl
Requirement not upgraded as not directly required: ipywidgets>=7.0.0 in /home/ninghai/miniconda3/envs/daily/lib/python3.6/site-packages (from azureml-contrib-widgets==0.1.0.1128948->azureml-contrib==0.1.0.1128948->azureml-sdk) (7.2.1)
Collecting keyring>=12.0.2 (from msrestazure>=0.4.33->azureml-core==0.1.0.1128948->azureml-sdk)
  Using cached https://files.pythonhosted.org/packages/ed/d0/eb9b638aa87c608e00921b0e0698f1367b6189c59c738c19f8808447438d/keyring-13.2.0-py2.py3-none-any.whl
Collecting adal<2.0.0,>=0.5.0 (from msrestazure>=0.4.33->azureml-core==0.1.0.1128948->azureml-sdk)
  Using cached https://files.pythonhosted.org/packages/77/a8/8bf977a1e075ed26617b98e708afe5b96a923c67dfac5213f81f5d80ac1d/adal-1.0.2-py2.py3-none-any.whl
Collecting azure-mgmt-nspkg>=2.0.0 (from azure-mgmt-containerregistry>=2.0.0->azureml-core==0.1.0.1128948->azureml-sdk)
  Using cached https://files.pythonhosted.org/packages/c9/e3/48b98f929290b0cd0aaa4707ecabb8aaeb267e8ef628af907f1d1c506ec7/azure_mgmt_nspkg-2.0.0-py2.py3-none-any.whl
Requirement not upgraded as not directly required: certifi>=2017.4.17 in /home/ninghai/miniconda3/envs/daily/lib/python3.6/site-packages (from requests>=2.19.1->azureml-core==0.1.0.1128948->azureml-sdk) (2018.4.16)
Requirement not upgraded as not directly required: chardet<3.1.0,>=3.0.2 in /home/ninghai/miniconda3/envs/daily/lib/python3.6/site-packages (from requests>=2.19.1->azureml-core==0.1.0.1128948->azureml-sdk) (3.0.4)
Requirement not upgraded as not directly required: idna<2.8,>=2.5 in /home/ninghai/miniconda3/envs/daily/lib/python3.6/site-packages (from requests>=2.19.1->azureml-core==0.1.0.1128948->azureml-sdk) (2.7)
Collecting azure-nspkg>=2.0.0 (from azure-graphrbac>=0.40.0->azureml-core==0.1.0.1128948->azureml-sdk)
  Using cached https://files.pythonhosted.org/packages/cd/a0/76ca6659ae9afd7567fdbb5b9c85e9c9a0b48238cfcacd92525484408f66/azure_nspkg-2.0.0-py2.py3-none-any.whl
Collecting azure-cli-command-modules-nspkg>=2.0.0 (from azure-cli-profile>=2.0.26->azureml-core==0.1.0.1128948->azureml-sdk)
  Using cached https://files.pythonhosted.org/packages/21/bf/0a6c3a39bce63ed68a5612b46b0b228dea3177543729a38a9e2c3f674152/azure_cli_command_modules_nspkg-2.0.1-py2.py3-none-any.whl
Requirement not upgraded as not directly required: PyOpenSSL in /home/ninghai/miniconda3/envs/daily/lib/python3.6/site-packages (from ndg-httpsclient->azureml-core==0.1.0.1128948->azureml-sdk) (18.0.0)
Collecting pyasn1>=0.1.1 (from ndg-httpsclient->azureml-core==0.1.0.1128948->azureml-sdk)
  Using cached https://files.pythonhosted.org/packages/a0/70/2c27740f08e477499ce19eefe05dbcae6f19fdc49e9e82ce4768be0643b9/pyasn1-0.4.3-py2.py3-none-any.whl
Requirement not upgraded as not directly required: argcomplete>=1.8.0 in /home/ninghai/miniconda3/envs/daily/lib/python3.6/site-packages (from azure-cli-core>=2.0.38->azureml-core==0.1.0.1128948->azureml-sdk) (1.9.4)
Requirement not upgraded as not directly required: colorama>=0.3.9 in /home/ninghai/miniconda3/envs/daily/lib/python3.6/site-packages (from azure-cli-core>=2.0.38->azureml-core==0.1.0.1128948->azureml-sdk) (0.3.9)
Collecting humanfriendly>=4.7 (from azure-cli-core>=2.0.38->azureml-core==0.1.0.1128948->azureml-sdk)
  Using cached https://files.pythonhosted.org/packages/4a/4f/16881101fb87370fd62bdc1b7b895c505c6525a9b07e10571bf41899937b/humanfriendly-4.12.1-py2.py3-none-any.whl
Requirement not upgraded as not directly required: jmespath in /home/ninghai/miniconda3/envs/daily/lib/python3.6/site-packages (from azure-cli-core>=2.0.38->azureml-core==0.1.0.1128948->azureml-sdk) (0.9.3)
Collecting paramiko (from azure-cli-core>=2.0.38->azureml-core==0.1.0.1128948->azureml-sdk)
  Using cached https://files.pythonhosted.org/packages/3e/db/cb7b6656e0e7387637ce850689084dc0b94b44df31cc52e5fc5c2c4fd2c1/paramiko-2.4.1-py2.py3-none-any.whl
Requirement not upgraded as not directly required: wheel==0.30.0 in /home/ninghai/miniconda3/envs/daily/lib/python3.6/site-packages (from azure-cli-core>=2.0.38->azureml-core==0.1.0.1128948->azureml-sdk) (0.30.0)
Requirement not upgraded as not directly required: pip in /home/ninghai/miniconda3/envs/daily/lib/python3.6/site-packages (from azure-cli-core>=2.0.38->azureml-core==0.1.0.1128948->azureml-sdk) (10.0.1)
Collecting azure-cli-nspkg>=2.0.0 (from azure-cli-core>=2.0.38->azureml-core==0.1.0.1128948->azureml-sdk)
  Using cached https://files.pythonhosted.org/packages/7c/94/cf884b92a870422f02c3f1f86573d04d5cc1abdc2ac51b8419c7ee2e2a00/azure_cli_nspkg-3.0.2-py2.py3-none-any.whl
Requirement not upgraded as not directly required: PyJWT in /home/ninghai/miniconda3/envs/daily/lib/python3.6/site-packages (from azure-cli-core>=2.0.38->azureml-core==0.1.0.1128948->azureml-sdk) (1.6.4)
Requirement not upgraded as not directly required: tabulate<=0.8.2,>=0.7.7 in /home/ninghai/miniconda3/envs/daily/lib/python3.6/site-packages (from azure-cli-core>=2.0.38->azureml-core==0.1.0.1128948->azureml-sdk) (0.8.2)
Collecting knack==0.3.3 (from azure-cli-core>=2.0.38->azureml-core==0.1.0.1128948->azureml-sdk)
  Using cached https://files.pythonhosted.org/packages/92/aa/d5563dfb2724a5d7899170461f8c70e88f8f9422bd1c44a2a7528e2e6235/knack-0.3.3-py2.py3-none-any.whl
Collecting applicationinsights>=0.11.1 (from azure-cli-core>=2.0.38->azureml-core==0.1.0.1128948->azureml-sdk)
  Using cached https://files.pythonhosted.org/packages/e5/5e/c957705d8220691051cc6ccd83dcf23ccaa884b6e4f5adb6745d55d5db27/applicationinsights-0.11.5-py2.py3-none-any.whl
Collecting pyyaml~=4.2b4 (from azure-cli-core>=2.0.38->azureml-core==0.1.0.1128948->azureml-sdk)
Requirement not upgraded as not directly required: pygments in /home/ninghai/miniconda3/envs/daily/lib/python3.6/site-packages (from azure-cli-core>=2.0.38->azureml-core==0.1.0.1128948->azureml-sdk) (2.2.0)
Requirement not upgraded as not directly required: asn1crypto>=0.21.0 in /home/ninghai/miniconda3/envs/daily/lib/python3.6/site-packages (from cryptography>=2.2.2->azureml-core==0.1.0.1128948->azureml-sdk) (0.24.0)
Requirement not upgraded as not directly required: cffi>=1.7 in /home/ninghai/miniconda3/envs/daily/lib/python3.6/site-packages (from cryptography>=2.2.2->azureml-core==0.1.0.1128948->azureml-sdk) (1.11.5)
Collecting requests-oauthlib>=0.5.0 (from msrest>=0.5.1->azureml-core==0.1.0.1128948->azureml-sdk)
  Using cached https://files.pythonhosted.org/packages/94/e7/c250d122992e1561690d9c0f7856dadb79d61fd4bdd0e598087dce607f6c/requests_oauthlib-1.0.0-py2.py3-none-any.whl
Collecting isodate>=0.6.0 (from msrest>=0.5.1->azureml-core==0.1.0.1128948->azureml-sdk)
  Using cached https://files.pythonhosted.org/packages/9b/9f/b36f7774ff5ea8e428fdcfc4bb332c39ee5b9362ddd3d40d9516a55221b2/isodate-0.6.0-py2.py3-none-any.whl
Collecting backports.weakref (from backports.tempfile->azureml-core==0.1.0.1128948->azureml-sdk)
  Using cached https://files.pythonhosted.org/packages/88/ec/f598b633c3d5ffe267aaada57d961c94fdfa183c5c3ebda2b6d151943db6/backports.weakref-1.0.post1-py2.py3-none-any.whl
Collecting lightgbm (from azureml-train-automl==0.1.0.1128948->azureml-train==0.1.0.1128948->azureml-sdk)
  Using cached https://files.pythonhosted.org/packages/24/8d/783679697bdf1585dc96acfe7c8538d6fab33ad80e827cadb7b413e61da6/lightgbm-2.1.2-py2.py3-none-manylinux1_x86_64.whl
Collecting sklearn-pandas (from azureml-train-automl==0.1.0.1128948->azureml-train==0.1.0.1128948->azureml-sdk)
  Using cached https://files.pythonhosted.org/packages/c5/9e/42d7bcddb09a3ff52d0c60c810ba5d0fded28abbe320c85bbf7368192956/sklearn_pandas-1.6.0-py2.py3-none-any.whl
Requirement not upgraded as not directly required: scipy in /home/ninghai/miniconda3/envs/daily/lib/python3.6/site-packages (from azureml-train-automl==0.1.0.1128948->azureml-train==0.1.0.1128948->azureml-sdk) (1.1.0)
Collecting sklearn (from azureml-train-automl==0.1.0.1128948->azureml-train==0.1.0.1128948->azureml-sdk)
Collecting resource (from azureml-train-automl==0.1.0.1128948->azureml-train==0.1.0.1128948->azureml-sdk)
  Using cached https://files.pythonhosted.org/packages/34/ad/9cd037c01c075f9a273c23557f8e71195d773d59d3881bbb26011d396c8b/Resource-0.2.1-py2.py3-none-any.whl
Collecting psutil (from azureml-train-automl==0.1.0.1128948->azureml-train==0.1.0.1128948->azureml-sdk)
Collecting azureml-train-restclients-hyperdrive==0.1.0.1128948 (from azureml-train-core==0.1.0.1128948->azureml-train==0.1.0.1128948->azureml-sdk)
  Using cached https://azuremlsdktestpypi.blob.core.windows.net/repo/sdk-release/master/588E708E0DF342C4A80BD954289657CF/azureml_train_restclients_hyperdrive-0.1.0.1128948-py3-none-any.whl?sv=2017-04-17&sr=b&sig=0qwYUmMsvZVt49JLSWoarX3jF%2BqpWrr9k7kwvYhThG0%3D&st=2018-07-04T04%3A05%3A42Z&se=2019-07-04T04%3A05%3A42Z&sp=rl
Collecting packaging>=16.8 (from bokeh>=0.12.16->azureml-contrib-daskonbatch==0.1.0.1128948->azureml-contrib==0.1.0.1128948->azureml-sdk)
  Using cached https://files.pythonhosted.org/packages/ad/c2/b500ea05d5f9f361a562f089fc91f77ed3b4783e13a08a3daf82069b1224/packaging-17.1-py2.py3-none-any.whl
Requirement not upgraded as not directly required: tornado>=4.3 in /home/ninghai/miniconda3/envs/daily/lib/python3.6/site-packages (from bokeh>=0.12.16->azureml-contrib-daskonbatch==0.1.0.1128948->azureml-contrib==0.1.0.1128948->azureml-sdk) (5.0.2)
Requirement not upgraded as not directly required: Jinja2>=2.7 in /home/ninghai/miniconda3/envs/daily/lib/python3.6/site-packages (from bokeh>=0.12.16->azureml-contrib-daskonbatch==0.1.0.1128948->azureml-contrib==0.1.0.1128948->azureml-sdk) (2.10)
Collecting tblib (from distributed>=1.21.8->azureml-contrib-daskonbatch==0.1.0.1128948->azureml-contrib==0.1.0.1128948->azureml-sdk)
  Using cached https://files.pythonhosted.org/packages/4a/82/1b9fba6e93629a8557f9784cd8f1ae063c8762c26446367a6764edd328ce/tblib-1.3.2-py2.py3-none-any.whl
Collecting toolz>=0.7.4 (from distributed>=1.21.8->azureml-contrib-daskonbatch==0.1.0.1128948->azureml-contrib==0.1.0.1128948->azureml-sdk)
Collecting cloudpickle>=0.2.2 (from distributed>=1.21.8->azureml-contrib-daskonbatch==0.1.0.1128948->azureml-contrib==0.1.0.1128948->azureml-sdk)
  Using cached https://files.pythonhosted.org/packages/e7/bf/60ae7ec1e8c6742d2abbb6819c39a48ee796793bcdb7e1d5e41a3e379ddd/cloudpickle-0.5.3-py2.py3-none-any.whl
Collecting sortedcontainers!=2.0.0,!=2.0.1 (from distributed>=1.21.8->azureml-contrib-daskonbatch==0.1.0.1128948->azureml-contrib==0.1.0.1128948->azureml-sdk)
  Using cached https://files.pythonhosted.org/packages/cb/53/fe764fc8042e13245b50c4032fb2f857bc1e502aaca83063dcdf6b94d223/sortedcontainers-2.0.4-py2.py3-none-any.whl
Collecting msgpack (from distributed>=1.21.8->azureml-contrib-daskonbatch==0.1.0.1128948->azureml-contrib==0.1.0.1128948->azureml-sdk)
  Using cached https://files.pythonhosted.org/packages/22/4e/dcf124fd97e5f5611123d6ad9f40ffd6eb979d1efdc1049e28a795672fcd/msgpack-0.5.6-cp36-cp36m-manylinux1_x86_64.whl
Collecting click>=6.6 (from distributed>=1.21.8->azureml-contrib-daskonbatch==0.1.0.1128948->azureml-contrib==0.1.0.1128948->azureml-sdk)
  Using cached https://files.pythonhosted.org/packages/34/c1/8806f99713ddb993c5366c362b2f908f18269f8d792aff1abfd700775a77/click-6.7-py2.py3-none-any.whl
Collecting zict>=0.1.3 (from distributed>=1.21.8->azureml-contrib-daskonbatch==0.1.0.1128948->azureml-contrib==0.1.0.1128948->azureml-sdk)
  Using cached https://files.pythonhosted.org/packages/5d/c9/eddd6c9a7ebd65fc799f9b87e56b45599a4e35d66e3da2722d7fc2a89f1f/zict-0.1.3-py2.py3-none-any.whl
Requirement not upgraded as not directly required: ipykernel>=4.5.1 in /home/ninghai/miniconda3/envs/daily/lib/python3.6/site-packages (from ipywidgets>=7.0.0->azureml-contrib-widgets==0.1.0.1128948->azureml-contrib==0.1.0.1128948->azureml-sdk) (4.8.2)
Requirement not upgraded as not directly required: traitlets>=4.3.1 in /home/ninghai/miniconda3/envs/daily/lib/python3.6/site-packages (from ipywidgets>=7.0.0->azureml-contrib-widgets==0.1.0.1128948->azureml-contrib==0.1.0.1128948->azureml-sdk) (4.3.2)
Requirement not upgraded as not directly required: nbformat>=4.2.0 in /home/ninghai/miniconda3/envs/daily/lib/python3.6/site-packages (from ipywidgets>=7.0.0->azureml-contrib-widgets==0.1.0.1128948->azureml-contrib==0.1.0.1128948->azureml-sdk) (4.4.0)
Requirement not upgraded as not directly required: widgetsnbextension~=3.2.0 in /home/ninghai/miniconda3/envs/daily/lib/python3.6/site-packages (from ipywidgets>=7.0.0->azureml-contrib-widgets==0.1.0.1128948->azureml-contrib==0.1.0.1128948->azureml-sdk) (3.2.1)
Requirement not upgraded as not directly required: ipython>=4.0.0 in /home/ninghai/miniconda3/envs/daily/lib/python3.6/site-packages (from ipywidgets>=7.0.0->azureml-contrib-widgets==0.1.0.1128948->azureml-contrib==0.1.0.1128948->azureml-sdk) (6.4.0)
Requirement not upgraded as not directly required: entrypoints in /home/ninghai/miniconda3/envs/daily/lib/python3.6/site-packages (from keyring>=12.0.2->msrestazure>=0.4.33->azureml-core==0.1.0.1128948->azureml-sdk) (0.2.3)
Collecting bcrypt>=3.1.3 (from paramiko->azure-cli-core>=2.0.38->azureml-core==0.1.0.1128948->azureml-sdk)
  Using cached https://files.pythonhosted.org/packages/b8/09/905ec939994e2c49dcffff72f823802557f166b3815ea54c1db3671eed42/bcrypt-3.1.4-cp36-cp36m-manylinux1_x86_64.whl
Collecting pynacl>=1.0.1 (from paramiko->azure-cli-core>=2.0.38->azureml-core==0.1.0.1128948->azureml-sdk)
  Using cached https://files.pythonhosted.org/packages/77/03/927e4cdbd821f929392608ddb2220a9548ce164c52047e90fadd20786fd8/PyNaCl-1.2.1-cp36-cp36m-manylinux1_x86_64.whl
Requirement not upgraded as not directly required: pycparser in /home/ninghai/miniconda3/envs/daily/lib/python3.6/site-packages (from cffi>=1.7->cryptography>=2.2.2->azureml-core==0.1.0.1128948->azureml-sdk) (2.18)
Collecting oauthlib>=0.6.2 (from requests-oauthlib>=0.5.0->msrest>=0.5.1->azureml-core==0.1.0.1128948->azureml-sdk)
  Using cached https://files.pythonhosted.org/packages/e6/d1/ddd9cfea3e736399b97ded5c2dd62d1322adef4a72d816f1ed1049d6a179/oauthlib-2.1.0-py2.py3-none-any.whl
Requirement not upgraded as not directly required: scikit-learn in /home/ninghai/miniconda3/envs/daily/lib/python3.6/site-packages (from lightgbm->azureml-train-automl==0.1.0.1128948->azureml-train==0.1.0.1128948->azureml-sdk) (0.19.1)
Collecting JsonSir>=0.0.2 (from resource->azureml-train-automl==0.1.0.1128948->azureml-train==0.1.0.1128948->azureml-sdk)
Collecting python-easyconfig>=0.1.0 (from resource->azureml-train-automl==0.1.0.1128948->azureml-train==0.1.0.1128948->azureml-sdk)
  Using cached https://files.pythonhosted.org/packages/b1/86/1138081cca360a02066eedaf301d0f358c35e0e0d67572acf9d6354edca9/Python_EasyConfig-0.1.7-py2.py3-none-any.whl
Collecting JsonForm>=0.0.2 (from resource->azureml-train-automl==0.1.0.1128948->azureml-train==0.1.0.1128948->azureml-sdk)
Requirement not upgraded as not directly required: pyparsing>=2.0.2 in /home/ninghai/miniconda3/envs/daily/lib/python3.6/site-packages (from packaging>=16.8->bokeh>=0.12.16->azureml-contrib-daskonbatch==0.1.0.1128948->azureml-contrib==0.1.0.1128948->azureml-sdk) (2.2.0)
Requirement not upgraded as not directly required: MarkupSafe>=0.23 in /home/ninghai/miniconda3/envs/daily/lib/python3.6/site-packages (from Jinja2>=2.7->bokeh>=0.12.16->azureml-contrib-daskonbatch==0.1.0.1128948->azureml-contrib==0.1.0.1128948->azureml-sdk) (1.0)
Collecting heapdict (from zict>=0.1.3->distributed>=1.21.8->azureml-contrib-daskonbatch==0.1.0.1128948->azureml-contrib==0.1.0.1128948->azureml-sdk)
Requirement not upgraded as not directly required: jupyter_client in /home/ninghai/miniconda3/envs/daily/lib/python3.6/site-packages (from ipykernel>=4.5.1->ipywidgets>=7.0.0->azureml-contrib-widgets==0.1.0.1128948->azureml-contrib==0.1.0.1128948->azureml-sdk) (5.2.3)
Requirement not upgraded as not directly required: ipython_genutils in /home/ninghai/miniconda3/envs/daily/lib/python3.6/site-packages (from traitlets>=4.3.1->ipywidgets>=7.0.0->azureml-contrib-widgets==0.1.0.1128948->azureml-contrib==0.1.0.1128948->azureml-sdk) (0.2.0)
Requirement not upgraded as not directly required: decorator in /home/ninghai/miniconda3/envs/daily/lib/python3.6/site-packages (from traitlets>=4.3.1->ipywidgets>=7.0.0->azureml-contrib-widgets==0.1.0.1128948->azureml-contrib==0.1.0.1128948->azureml-sdk) (4.3.0)
Requirement not upgraded as not directly required: jsonschema!=2.5.0,>=2.4 in /home/ninghai/miniconda3/envs/daily/lib/python3.6/site-packages (from nbformat>=4.2.0->ipywidgets>=7.0.0->azureml-contrib-widgets==0.1.0.1128948->azureml-contrib==0.1.0.1128948->azureml-sdk) (2.6.0)
Requirement not upgraded as not directly required: jupyter_core in /home/ninghai/miniconda3/envs/daily/lib/python3.6/site-packages (from nbformat>=4.2.0->ipywidgets>=7.0.0->azureml-contrib-widgets==0.1.0.1128948->azureml-contrib==0.1.0.1128948->azureml-sdk) (4.4.0)
Requirement not upgraded as not directly required: notebook>=4.4.1 in /home/ninghai/miniconda3/envs/daily/lib/python3.6/site-packages (from widgetsnbextension~=3.2.0->ipywidgets>=7.0.0->azureml-contrib-widgets==0.1.0.1128948->azureml-contrib==0.1.0.1128948->azureml-sdk) (5.5.0)
Requirement not upgraded as not directly required: prompt-toolkit<2.0.0,>=1.0.15 in /home/ninghai/miniconda3/envs/daily/lib/python3.6/site-packages (from ipython>=4.0.0->ipywidgets>=7.0.0->azureml-contrib-widgets==0.1.0.1128948->azureml-contrib==0.1.0.1128948->azureml-sdk) (1.0.15)
Requirement not upgraded as not directly required: jedi>=0.10 in /home/ninghai/miniconda3/envs/daily/lib/python3.6/site-packages (from ipython>=4.0.0->ipywidgets>=7.0.0->azureml-contrib-widgets==0.1.0.1128948->azureml-contrib==0.1.0.1128948->azureml-sdk) (0.12.0)
Requirement not upgraded as not directly required: backcall in /home/ninghai/miniconda3/envs/daily/lib/python3.6/site-packages (from ipython>=4.0.0->ipywidgets>=7.0.0->azureml-contrib-widgets==0.1.0.1128948->azureml-contrib==0.1.0.1128948->azureml-sdk) (0.1.0)
Requirement not upgraded as not directly required: simplegeneric>0.8 in /home/ninghai/miniconda3/envs/daily/lib/python3.6/site-packages (from ipython>=4.0.0->ipywidgets>=7.0.0->azureml-contrib-widgets==0.1.0.1128948->azureml-contrib==0.1.0.1128948->azureml-sdk) (0.8.1)
Requirement not upgraded as not directly required: pickleshare in /home/ninghai/miniconda3/envs/daily/lib/python3.6/site-packages (from ipython>=4.0.0->ipywidgets>=7.0.0->azureml-contrib-widgets==0.1.0.1128948->azureml-contrib==0.1.0.1128948->azureml-sdk) (0.7.4)
Requirement not upgraded as not directly required: setuptools>=18.5 in /home/ninghai/miniconda3/envs/daily/lib/python3.6/site-packages (from ipython>=4.0.0->ipywidgets>=7.0.0->azureml-contrib-widgets==0.1.0.1128948->azureml-contrib==0.1.0.1128948->azureml-sdk) (39.2.0)
Requirement not upgraded as not directly required: pexpect; sys_platform != "win32" in /home/ninghai/miniconda3/envs/daily/lib/python3.6/site-packages (from ipython>=4.0.0->ipywidgets>=7.0.0->azureml-contrib-widgets==0.1.0.1128948->azureml-contrib==0.1.0.1128948->azureml-sdk) (4.6.0)
Requirement not upgraded as not directly required: pyzmq>=13 in /home/ninghai/miniconda3/envs/daily/lib/python3.6/site-packages (from jupyter_client->ipykernel>=4.5.1->ipywidgets>=7.0.0->azureml-contrib-widgets==0.1.0.1128948->azureml-contrib==0.1.0.1128948->azureml-sdk) (17.0.0)
Requirement not upgraded as not directly required: terminado>=0.8.1 in /home/ninghai/miniconda3/envs/daily/lib/python3.6/site-packages (from notebook>=4.4.1->widgetsnbextension~=3.2.0->ipywidgets>=7.0.0->azureml-contrib-widgets==0.1.0.1128948->azureml-contrib==0.1.0.1128948->azureml-sdk) (0.8.1)
Requirement not upgraded as not directly required: nbconvert in /home/ninghai/miniconda3/envs/daily/lib/python3.6/site-packages (from notebook>=4.4.1->widgetsnbextension~=3.2.0->ipywidgets>=7.0.0->azureml-contrib-widgets==0.1.0.1128948->azureml-contrib==0.1.0.1128948->azureml-sdk) (5.3.1)
Requirement not upgraded as not directly required: Send2Trash in /home/ninghai/miniconda3/envs/daily/lib/python3.6/site-packages (from notebook>=4.4.1->widgetsnbextension~=3.2.0->ipywidgets>=7.0.0->azureml-contrib-widgets==0.1.0.1128948->azureml-contrib==0.1.0.1128948->azureml-sdk) (1.5.0)
Requirement not upgraded as not directly required: wcwidth in /home/ninghai/miniconda3/envs/daily/lib/python3.6/site-packages (from prompt-toolkit<2.0.0,>=1.0.15->ipython>=4.0.0->ipywidgets>=7.0.0->azureml-contrib-widgets==0.1.0.1128948->azureml-contrib==0.1.0.1128948->azureml-sdk) (0.1.7)
Requirement not upgraded as not directly required: parso>=0.2.0 in /home/ninghai/miniconda3/envs/daily/lib/python3.6/site-packages (from jedi>=0.10->ipython>=4.0.0->ipywidgets>=7.0.0->azureml-contrib-widgets==0.1.0.1128948->azureml-contrib==0.1.0.1128948->azureml-sdk) (0.2.1)
Requirement not upgraded as not directly required: ptyprocess>=0.5 in /home/ninghai/miniconda3/envs/daily/lib/python3.6/site-packages (from pexpect; sys_platform != "win32"->ipython>=4.0.0->ipywidgets>=7.0.0->azureml-contrib-widgets==0.1.0.1128948->azureml-contrib==0.1.0.1128948->azureml-sdk) (0.6.0)
Requirement not upgraded as not directly required: mistune>=0.7.4 in /home/ninghai/miniconda3/envs/daily/lib/python3.6/site-packages (from nbconvert->notebook>=4.4.1->widgetsnbextension~=3.2.0->ipywidgets>=7.0.0->azureml-contrib-widgets==0.1.0.1128948->azureml-contrib==0.1.0.1128948->azureml-sdk) (0.8.3)
Requirement not upgraded as not directly required: bleach in /home/ninghai/miniconda3/envs/daily/lib/python3.6/site-packages (from nbconvert->notebook>=4.4.1->widgetsnbextension~=3.2.0->ipywidgets>=7.0.0->azureml-contrib-widgets==0.1.0.1128948->azureml-contrib==0.1.0.1128948->azureml-sdk) (2.1.3)
Requirement not upgraded as not directly required: pandocfilters>=1.4.1 in /home/ninghai/miniconda3/envs/daily/lib/python3.6/site-packages (from nbconvert->notebook>=4.4.1->widgetsnbextension~=3.2.0->ipywidgets>=7.0.0->azureml-contrib-widgets==0.1.0.1128948->azureml-contrib==0.1.0.1128948->azureml-sdk) (1.4.2)
Requirement not upgraded as not directly required: testpath in /home/ninghai/miniconda3/envs/daily/lib/python3.6/site-packages (from nbconvert->notebook>=4.4.1->widgetsnbextension~=3.2.0->ipywidgets>=7.0.0->azureml-contrib-widgets==0.1.0.1128948->azureml-contrib==0.1.0.1128948->azureml-sdk) (0.3.1)
Requirement not upgraded as not directly required: html5lib!=1.0b1,!=1.0b2,!=1.0b3,!=1.0b4,!=1.0b5,!=1.0b6,!=1.0b7,!=1.0b8,>=0.99999999pre in /home/ninghai/miniconda3/envs/daily/lib/python3.6/site-packages (from bleach->nbconvert->notebook>=4.4.1->widgetsnbextension~=3.2.0->ipywidgets>=7.0.0->azureml-contrib-widgets==0.1.0.1128948->azureml-contrib==0.1.0.1128948->azureml-sdk) (1.0.1)
Requirement not upgraded as not directly required: webencodings in /home/ninghai/miniconda3/envs/daily/lib/python3.6/site-packages (from html5lib!=1.0b1,!=1.0b2,!=1.0b3,!=1.0b4,!=1.0b5,!=1.0b6,!=1.0b7,!=1.0b8,>=0.99999999pre->bleach->nbconvert->notebook>=4.4.1->widgetsnbextension~=3.2.0->ipywidgets>=7.0.0->azureml-contrib-widgets==0.1.0.1128948->azureml-contrib==0.1.0.1128948->azureml-sdk) (0.5.1)
Installing collected packages: dask, packaging, pyyaml, bokeh, joblib, tblib, toolz, cloudpickle, sortedcontainers, msgpack, click, heapdict, zict, psutil, distributed, azureml-contrib-daskonbatch, SecretStorage, keyring, adal, oauthlib, requests-oauthlib, isodate, msrest, msrestazure, azure-nspkg, azure-common, azure-storage-nspkg, azure-storage-common, azure-mgmt-nspkg, azure-mgmt-containerregistry, azure-graphrbac, contextlib2, jsonpickle, azure-mgmt-authorization, azure-cli-nspkg, azure-cli-command-modules-nspkg, humanfriendly, bcrypt, pynacl, pyasn1, paramiko, knack, applicationinsights, azure-cli-core, azure-cli-profile, ruamel.yaml, ndg-httpsclient, azure-mgmt-storage, azure-mgmt-keyvault, azure-storage-blob, azure-mgmt-resource, pathspec, backports.weakref, backports.tempfile, azureml-core, azureml-contrib-server, pandas, azureml-contrib-explain-model, azureml-contrib-tensorboard, azureml-train-restclients-hyperdrive, azureml-train-core, azureml-contrib-widgets, azureml-contrib, lightgbm, sklearn-pandas, sklearn, JsonSir, python-easyconfig, JsonForm, resource, azureml-train-automl, azureml-train, azureml-sdk
  Found existing installation: PyYAML 3.12
Looking in indexes: https://pypi.org/simple, https://azuremlsdktestpypi.azureedge.net/sdk-release/master/588E708E0DF342C4A80BD954289657CF
Collecting azureml-contrib-widgets
  Using cached https://azuremlsdktestpypi.blob.core.windows.net/repo/sdk-release/master/588E708E0DF342C4A80BD954289657CF/azureml_contrib_widgets-0.1.0.1128948-py3-none-any.whl?sv=2017-04-17&sr=b&sig=MibyRxygYODMZqsPRKHL3aNEw7NkWCBYSgaFwmPFrmY%3D&st=2018-07-04T04%3A05%3A35Z&se=2019-07-04T04%3A05%3A35Z&sp=rl
Requirement not upgraded as not directly required: ipywidgets>=7.0.0 in /home/ninghai/miniconda3/envs/daily/lib/python3.6/site-packages (from azureml-contrib-widgets) (7.2.1)
Collecting azureml-train-core==0.1.0.1128948 (from azureml-contrib-widgets)
  Using cached https://azuremlsdktestpypi.blob.core.windows.net/repo/sdk-release/master/588E708E0DF342C4A80BD954289657CF/azureml_train_core-0.1.0.1128948-py3-none-any.whl?sv=2017-04-17&sr=b&sig=cTtP3b0eb5G8%2FAYfyrSJhRrXEO7QyfgKhTz4beDt5ts%3D&st=2018-07-04T04%3A05%3A41Z&se=2019-07-04T04%3A05%3A41Z&sp=rl
Collecting azureml-core==0.1.0.1128948 (from azureml-contrib-widgets)
  Using cached https://azuremlsdktestpypi.blob.core.windows.net/repo/sdk-release/master/588E708E0DF342C4A80BD954289657CF/azureml_core-0.1.0.1128948-py2.py3-none-any.whl?sv=2017-04-17&sr=b&sig=DKmSmWJT77xTieqYGFmwQIWgTFIOwh7e%2Fpr8xowvzEI%3D&st=2018-07-04T04%3A05%3A36Z&se=2019-07-04T04%3A05%3A36Z&sp=rl
Requirement not upgraded as not directly required: ipykernel>=4.5.1 in /home/ninghai/miniconda3/envs/daily/lib/python3.6/site-packages (from ipywidgets>=7.0.0->azureml-contrib-widgets) (4.8.2)
Requirement not upgraded as not directly required: traitlets>=4.3.1 in /home/ninghai/miniconda3/envs/daily/lib/python3.6/site-packages (from ipywidgets>=7.0.0->azureml-contrib-widgets) (4.3.2)
Requirement not upgraded as not directly required: nbformat>=4.2.0 in /home/ninghai/miniconda3/envs/daily/lib/python3.6/site-packages (from ipywidgets>=7.0.0->azureml-contrib-widgets) (4.4.0)
Requirement not upgraded as not directly required: widgetsnbextension~=3.2.0 in /home/ninghai/miniconda3/envs/daily/lib/python3.6/site-packages (from ipywidgets>=7.0.0->azureml-contrib-widgets) (3.2.1)
Requirement not upgraded as not directly required: ipython>=4.0.0 in /home/ninghai/miniconda3/envs/daily/lib/python3.6/site-packages (from ipywidgets>=7.0.0->azureml-contrib-widgets) (6.4.0)
Collecting azureml-train-restclients-hyperdrive==0.1.0.1128948 (from azureml-train-core==0.1.0.1128948->azureml-contrib-widgets)
  Using cached https://azuremlsdktestpypi.blob.core.windows.net/repo/sdk-release/master/588E708E0DF342C4A80BD954289657CF/azureml_train_restclients_hyperdrive-0.1.0.1128948-py3-none-any.whl?sv=2017-04-17&sr=b&sig=0qwYUmMsvZVt49JLSWoarX3jF%2BqpWrr9k7kwvYhThG0%3D&st=2018-07-04T04%3A05%3A42Z&se=2019-07-04T04%3A05%3A42Z&sp=rl
Collecting azure-mgmt-containerregistry>=2.0.0 (from azureml-core==0.1.0.1128948->azureml-contrib-widgets)
  Using cached https://files.pythonhosted.org/packages/c5/b6/926aba2129e87976a00c4742aa1dba4fea09708c0871ab48ec7937f9ac99/azure_mgmt_containerregistry-2.0.0-py2.py3-none-any.whl
Requirement not upgraded as not directly required: pytz in /home/ninghai/miniconda3/envs/daily/lib/python3.6/site-packages (from azureml-core==0.1.0.1128948->azureml-contrib-widgets) (2018.5)
Collecting contextlib2 (from azureml-core==0.1.0.1128948->azureml-contrib-widgets)
  Using cached https://files.pythonhosted.org/packages/a2/71/8273a7eeed0aff6a854237ab5453bc9aa67deb49df4832801c21f0ff3782/contextlib2-0.5.5-py2.py3-none-any.whl
Collecting pathspec (from azureml-core==0.1.0.1128948->azureml-contrib-widgets)
Collecting azure-storage-common>=1.1.0 (from azureml-core==0.1.0.1128948->azureml-contrib-widgets)
  Using cached https://files.pythonhosted.org/packages/7b/18/03872177864b7ce4aa0302eae5726e8cb66dbb4f30a3408ed27a6639407f/azure_storage_common-1.3.0-py2.py3-none-any.whl
Collecting ndg-httpsclient (from azureml-core==0.1.0.1128948->azureml-contrib-widgets)
  Using cached https://files.pythonhosted.org/packages/78/60/1458ed478eb5777498ca57f4fabf2cf9328ac43e5f6db7839cf73704f3a6/ndg_httpsclient-0.5.0-py3-none-any.whl
Collecting azure-mgmt-authorization>=0.40.0 (from azureml-core==0.1.0.1128948->azureml-contrib-widgets)
  Using cached https://files.pythonhosted.org/packages/6f/17/55b974603c16be89c7a7c16bac57b7bce48527bf1bebc3f116f7215176e6/azure_mgmt_authorization-0.50.0-py2.py3-none-any.whl
Collecting azure-graphrbac>=0.40.0 (from azureml-core==0.1.0.1128948->azureml-contrib-widgets)
  Using cached https://files.pythonhosted.org/packages/89/0a/29f7e2914033e2536026b8f0d7f8deb1edda68c9a93ce4757b2b1e39568b/azure_graphrbac-0.40.0-py2.py3-none-any.whl
Collecting SecretStorage<3.0.0 (from azureml-core==0.1.0.1128948->azureml-contrib-widgets)
Collecting azure-mgmt-keyvault>=0.40.0 (from azureml-core==0.1.0.1128948->azureml-contrib-widgets)
  Using cached https://files.pythonhosted.org/packages/fa/a9/cb52f53824b15491ee0a9532c6003745edbb6643b8cd55e263942d8df73c/azure_mgmt_keyvault-1.0.0-py2.py3-none-any.whl
Collecting azure-common>=1.1.12 (from azureml-core==0.1.0.1128948->azureml-contrib-widgets)
  Using cached https://files.pythonhosted.org/packages/a3/08/8d285d7a29f1d5c8dfb47da8854eddda5141c8632fc25d60e4c85afa38e6/azure_common-1.1.13-py2.py3-none-any.whl
Requirement not upgraded as not directly required: requests>=2.19.1 in /home/ninghai/miniconda3/envs/daily/lib/python3.6/site-packages (from azureml-core==0.1.0.1128948->azureml-contrib-widgets) (2.19.1)
Collecting azure-cli-core>=2.0.38 (from azureml-core==0.1.0.1128948->azureml-contrib-widgets)
  Using cached https://files.pythonhosted.org/packages/f3/60/f3e68910b868ed5b446582800315fbba073a14ad98526dff0922e8139427/azure_cli_core-2.0.41-py2.py3-none-any.whl
Collecting azure-mgmt-resource>=1.2.1 (from azureml-core==0.1.0.1128948->azureml-contrib-widgets)
  Using cached https://files.pythonhosted.org/packages/71/ec/30b1bea83782bd890ba84c21ab8d1af71bc30f14f51b3688c0a32aec82ce/azure_mgmt_resource-1.2.2-py2.py3-none-any.whl
Collecting azure-mgmt-storage>=1.5.0 (from azureml-core==0.1.0.1128948->azureml-contrib-widgets)
  Using cached https://files.pythonhosted.org/packages/c5/40/d8134d1ee9617fa8bd469e62f916349e1373b94e9f179d12050cfd051e20/azure_mgmt_storage-1.5.0-py2.py3-none-any.whl
Collecting ruamel.yaml>=0.15.35 (from azureml-core==0.1.0.1128948->azureml-contrib-widgets)
  Using cached https://files.pythonhosted.org/packages/a8/79/ad6df67733e3f3910847c7beba3a741384fbf3b2c0a9a8d5ed23793e2126/ruamel.yaml-0.15.42-cp36-cp36m-manylinux1_x86_64.whl
Collecting azure-cli-profile>=2.0.26 (from azureml-core==0.1.0.1128948->azureml-contrib-widgets)
  Using cached https://files.pythonhosted.org/packages/9e/3c/59bbf01a8116a2c600b1f9395394a277b47ffd8ce02dd2ade758be445e5f/azure_cli_profile-2.0.27-py2.py3-none-any.whl
Collecting backports.tempfile (from azureml-core==0.1.0.1128948->azureml-contrib-widgets)
  Using cached https://files.pythonhosted.org/packages/b4/5c/077f910632476281428fe254807952eb47ca78e720d059a46178c541e669/backports.tempfile-1.0-py2.py3-none-any.whl
Requirement not upgraded as not directly required: cryptography>=2.2.2 in /home/ninghai/miniconda3/envs/daily/lib/python3.6/site-packages (from azureml-core==0.1.0.1128948->azureml-contrib-widgets) (2.2.2)
Collecting jsonpickle (from azureml-core==0.1.0.1128948->azureml-contrib-widgets)
Collecting msrestazure>=0.4.33 (from azureml-core==0.1.0.1128948->azureml-contrib-widgets)
  Using cached https://files.pythonhosted.org/packages/84/b4/03b254416d3d53c124564cd339ae3ebc504fe754537a4b9d4665acbbccc4/msrestazure-0.4.34-py2.py3-none-any.whl
Collecting azure-storage-blob>=1.1.0 (from azureml-core==0.1.0.1128948->azureml-contrib-widgets)
  Using cached https://files.pythonhosted.org/packages/f1/c6/5fec29383de6d8ab995f5aa424ccb3ebd7b2d9d8fed2fded01cfc9af0bb8/azure_storage_blob-1.3.0-py2.py3-none-any.whl
Collecting msrest>=0.5.1 (from azureml-core==0.1.0.1128948->azureml-contrib-widgets)
  Using cached https://files.pythonhosted.org/packages/93/d4/e82b67cbfc117ba2d45d8c515f0650273c22a77c913fea220eb0ed4aa2bd/msrest-0.5.1-py2.py3-none-any.whl
Collecting azure-storage-nspkg>=3.0.0 (from azureml-core==0.1.0.1128948->azureml-contrib-widgets)
  Using cached https://files.pythonhosted.org/packages/b1/e9/0a11f4feefb9c4c2f7e30d4d448e15b32df3adabe370be70aaf4278fbb52/azure_storage_nspkg-3.0.0-py2.py3-none-any.whl
Requirement not upgraded as not directly required: urllib3>=1.23 in /home/ninghai/miniconda3/envs/daily/lib/python3.6/site-packages (from azureml-core==0.1.0.1128948->azureml-contrib-widgets) (1.23)
Requirement not upgraded as not directly required: six>=1.11.0 in /home/ninghai/miniconda3/envs/daily/lib/python3.6/site-packages (from azureml-core==0.1.0.1128948->azureml-contrib-widgets) (1.11.0)
Requirement not upgraded as not directly required: python-dateutil>=2.7.3 in /home/ninghai/miniconda3/envs/daily/lib/python3.6/site-packages (from azureml-core==0.1.0.1128948->azureml-contrib-widgets) (2.7.3)
Requirement not upgraded as not directly required: jupyter_client in /home/ninghai/miniconda3/envs/daily/lib/python3.6/site-packages (from ipykernel>=4.5.1->ipywidgets>=7.0.0->azureml-contrib-widgets) (5.2.3)
Requirement not upgraded as not directly required: tornado>=4.0 in /home/ninghai/miniconda3/envs/daily/lib/python3.6/site-packages (from ipykernel>=4.5.1->ipywidgets>=7.0.0->azureml-contrib-widgets) (5.0.2)
Requirement not upgraded as not directly required: ipython_genutils in /home/ninghai/miniconda3/envs/daily/lib/python3.6/site-packages (from traitlets>=4.3.1->ipywidgets>=7.0.0->azureml-contrib-widgets) (0.2.0)
Requirement not upgraded as not directly required: decorator in /home/ninghai/miniconda3/envs/daily/lib/python3.6/site-packages (from traitlets>=4.3.1->ipywidgets>=7.0.0->azureml-contrib-widgets) (4.3.0)
Requirement not upgraded as not directly required: jsonschema!=2.5.0,>=2.4 in /home/ninghai/miniconda3/envs/daily/lib/python3.6/site-packages (from nbformat>=4.2.0->ipywidgets>=7.0.0->azureml-contrib-widgets) (2.6.0)
Requirement not upgraded as not directly required: jupyter_core in /home/ninghai/miniconda3/envs/daily/lib/python3.6/site-packages (from nbformat>=4.2.0->ipywidgets>=7.0.0->azureml-contrib-widgets) (4.4.0)
Requirement not upgraded as not directly required: notebook>=4.4.1 in /home/ninghai/miniconda3/envs/daily/lib/python3.6/site-packages (from widgetsnbextension~=3.2.0->ipywidgets>=7.0.0->azureml-contrib-widgets) (5.5.0)
Requirement not upgraded as not directly required: pygments in /home/ninghai/miniconda3/envs/daily/lib/python3.6/site-packages (from ipython>=4.0.0->ipywidgets>=7.0.0->azureml-contrib-widgets) (2.2.0)
Requirement not upgraded as not directly required: pickleshare in /home/ninghai/miniconda3/envs/daily/lib/python3.6/site-packages (from ipython>=4.0.0->ipywidgets>=7.0.0->azureml-contrib-widgets) (0.7.4)
Requirement not upgraded as not directly required: backcall in /home/ninghai/miniconda3/envs/daily/lib/python3.6/site-packages (from ipython>=4.0.0->ipywidgets>=7.0.0->azureml-contrib-widgets) (0.1.0)
Requirement not upgraded as not directly required: prompt-toolkit<2.0.0,>=1.0.15 in /home/ninghai/miniconda3/envs/daily/lib/python3.6/site-packages (from ipython>=4.0.0->ipywidgets>=7.0.0->azureml-contrib-widgets) (1.0.15)
Requirement not upgraded as not directly required: setuptools>=18.5 in /home/ninghai/miniconda3/envs/daily/lib/python3.6/site-packages (from ipython>=4.0.0->ipywidgets>=7.0.0->azureml-contrib-widgets) (39.2.0)
Requirement not upgraded as not directly required: simplegeneric>0.8 in /home/ninghai/miniconda3/envs/daily/lib/python3.6/site-packages (from ipython>=4.0.0->ipywidgets>=7.0.0->azureml-contrib-widgets) (0.8.1)
Requirement not upgraded as not directly required: jedi>=0.10 in /home/ninghai/miniconda3/envs/daily/lib/python3.6/site-packages (from ipython>=4.0.0->ipywidgets>=7.0.0->azureml-contrib-widgets) (0.12.0)
Requirement not upgraded as not directly required: pexpect; sys_platform != "win32" in /home/ninghai/miniconda3/envs/daily/lib/python3.6/site-packages (from ipython>=4.0.0->ipywidgets>=7.0.0->azureml-contrib-widgets) (4.6.0)
Requirement not upgraded as not directly required: certifi in /home/ninghai/miniconda3/envs/daily/lib/python3.6/site-packages (from azureml-train-restclients-hyperdrive==0.1.0.1128948->azureml-train-core==0.1.0.1128948->azureml-contrib-widgets) (2018.4.16)
Collecting azure-mgmt-nspkg>=2.0.0 (from azure-mgmt-containerregistry>=2.0.0->azureml-core==0.1.0.1128948->azureml-contrib-widgets)
  Using cached https://files.pythonhosted.org/packages/c9/e3/48b98f929290b0cd0aaa4707ecabb8aaeb267e8ef628af907f1d1c506ec7/azure_mgmt_nspkg-2.0.0-py2.py3-none-any.whl
Requirement not upgraded as not directly required: PyOpenSSL in /home/ninghai/miniconda3/envs/daily/lib/python3.6/site-packages (from ndg-httpsclient->azureml-core==0.1.0.1128948->azureml-contrib-widgets) (18.0.0)
Collecting pyasn1>=0.1.1 (from ndg-httpsclient->azureml-core==0.1.0.1128948->azureml-contrib-widgets)
  Using cached https://files.pythonhosted.org/packages/a0/70/2c27740f08e477499ce19eefe05dbcae6f19fdc49e9e82ce4768be0643b9/pyasn1-0.4.3-py2.py3-none-any.whl
Collecting azure-nspkg>=2.0.0 (from azure-graphrbac>=0.40.0->azureml-core==0.1.0.1128948->azureml-contrib-widgets)
  Using cached https://files.pythonhosted.org/packages/cd/a0/76ca6659ae9afd7567fdbb5b9c85e9c9a0b48238cfcacd92525484408f66/azure_nspkg-2.0.0-py2.py3-none-any.whl
Requirement not upgraded as not directly required: idna<2.8,>=2.5 in /home/ninghai/miniconda3/envs/daily/lib/python3.6/site-packages (from requests>=2.19.1->azureml-core==0.1.0.1128948->azureml-contrib-widgets) (2.7)
Requirement not upgraded as not directly required: chardet<3.1.0,>=3.0.2 in /home/ninghai/miniconda3/envs/daily/lib/python3.6/site-packages (from requests>=2.19.1->azureml-core==0.1.0.1128948->azureml-contrib-widgets) (3.0.4)
Requirement not upgraded as not directly required: pip in /home/ninghai/miniconda3/envs/daily/lib/python3.6/site-packages (from azure-cli-core>=2.0.38->azureml-core==0.1.0.1128948->azureml-contrib-widgets) (10.0.1)
Requirement not upgraded as not directly required: wheel==0.30.0 in /home/ninghai/miniconda3/envs/daily/lib/python3.6/site-packages (from azure-cli-core>=2.0.38->azureml-core==0.1.0.1128948->azureml-contrib-widgets) (0.30.0)
Requirement not upgraded as not directly required: argcomplete>=1.8.0 in /home/ninghai/miniconda3/envs/daily/lib/python3.6/site-packages (from azure-cli-core>=2.0.38->azureml-core==0.1.0.1128948->azureml-contrib-widgets) (1.9.4)
Requirement not upgraded as not directly required: tabulate<=0.8.2,>=0.7.7 in /home/ninghai/miniconda3/envs/daily/lib/python3.6/site-packages (from azure-cli-core>=2.0.38->azureml-core==0.1.0.1128948->azureml-contrib-widgets) (0.8.2)
Collecting knack==0.3.3 (from azure-cli-core>=2.0.38->azureml-core==0.1.0.1128948->azureml-contrib-widgets)
  Using cached https://files.pythonhosted.org/packages/92/aa/d5563dfb2724a5d7899170461f8c70e88f8f9422bd1c44a2a7528e2e6235/knack-0.3.3-py2.py3-none-any.whl
Requirement not upgraded as not directly required: PyJWT in /home/ninghai/miniconda3/envs/daily/lib/python3.6/site-packages (from azure-cli-core>=2.0.38->azureml-core==0.1.0.1128948->azureml-contrib-widgets) (1.6.4)
Collecting pyyaml~=4.2b4 (from azure-cli-core>=2.0.38->azureml-core==0.1.0.1128948->azureml-contrib-widgets)
Requirement not upgraded as not directly required: colorama>=0.3.9 in /home/ninghai/miniconda3/envs/daily/lib/python3.6/site-packages (from azure-cli-core>=2.0.38->azureml-core==0.1.0.1128948->azureml-contrib-widgets) (0.3.9)
Requirement not upgraded as not directly required: jmespath in /home/ninghai/miniconda3/envs/daily/lib/python3.6/site-packages (from azure-cli-core>=2.0.38->azureml-core==0.1.0.1128948->azureml-contrib-widgets) (0.9.3)
Collecting azure-cli-nspkg>=2.0.0 (from azure-cli-core>=2.0.38->azureml-core==0.1.0.1128948->azureml-contrib-widgets)
  Using cached https://files.pythonhosted.org/packages/7c/94/cf884b92a870422f02c3f1f86573d04d5cc1abdc2ac51b8419c7ee2e2a00/azure_cli_nspkg-3.0.2-py2.py3-none-any.whl
Collecting humanfriendly>=4.7 (from azure-cli-core>=2.0.38->azureml-core==0.1.0.1128948->azureml-contrib-widgets)
  Using cached https://files.pythonhosted.org/packages/4a/4f/16881101fb87370fd62bdc1b7b895c505c6525a9b07e10571bf41899937b/humanfriendly-4.12.1-py2.py3-none-any.whl
Collecting paramiko (from azure-cli-core>=2.0.38->azureml-core==0.1.0.1128948->azureml-contrib-widgets)
  Using cached https://files.pythonhosted.org/packages/3e/db/cb7b6656e0e7387637ce850689084dc0b94b44df31cc52e5fc5c2c4fd2c1/paramiko-2.4.1-py2.py3-none-any.whl
Collecting applicationinsights>=0.11.1 (from azure-cli-core>=2.0.38->azureml-core==0.1.0.1128948->azureml-contrib-widgets)
  Using cached https://files.pythonhosted.org/packages/e5/5e/c957705d8220691051cc6ccd83dcf23ccaa884b6e4f5adb6745d55d5db27/applicationinsights-0.11.5-py2.py3-none-any.whl
Collecting azure-cli-command-modules-nspkg>=2.0.0 (from azure-cli-profile>=2.0.26->azureml-core==0.1.0.1128948->azureml-contrib-widgets)
  Using cached https://files.pythonhosted.org/packages/21/bf/0a6c3a39bce63ed68a5612b46b0b228dea3177543729a38a9e2c3f674152/azure_cli_command_modules_nspkg-2.0.1-py2.py3-none-any.whl
Collecting backports.weakref (from backports.tempfile->azureml-core==0.1.0.1128948->azureml-contrib-widgets)
  Using cached https://files.pythonhosted.org/packages/88/ec/f598b633c3d5ffe267aaada57d961c94fdfa183c5c3ebda2b6d151943db6/backports.weakref-1.0.post1-py2.py3-none-any.whl
Requirement not upgraded as not directly required: asn1crypto>=0.21.0 in /home/ninghai/miniconda3/envs/daily/lib/python3.6/site-packages (from cryptography>=2.2.2->azureml-core==0.1.0.1128948->azureml-contrib-widgets) (0.24.0)
Requirement not upgraded as not directly required: cffi>=1.7 in /home/ninghai/miniconda3/envs/daily/lib/python3.6/site-packages (from cryptography>=2.2.2->azureml-core==0.1.0.1128948->azureml-contrib-widgets) (1.11.5)
Collecting keyring>=12.0.2 (from msrestazure>=0.4.33->azureml-core==0.1.0.1128948->azureml-contrib-widgets)
  Using cached https://files.pythonhosted.org/packages/ed/d0/eb9b638aa87c608e00921b0e0698f1367b6189c59c738c19f8808447438d/keyring-13.2.0-py2.py3-none-any.whl
Collecting adal<2.0.0,>=0.5.0 (from msrestazure>=0.4.33->azureml-core==0.1.0.1128948->azureml-contrib-widgets)
  Using cached https://files.pythonhosted.org/packages/77/a8/8bf977a1e075ed26617b98e708afe5b96a923c67dfac5213f81f5d80ac1d/adal-1.0.2-py2.py3-none-any.whl
Collecting isodate>=0.6.0 (from msrest>=0.5.1->azureml-core==0.1.0.1128948->azureml-contrib-widgets)
  Using cached https://files.pythonhosted.org/packages/9b/9f/b36f7774ff5ea8e428fdcfc4bb332c39ee5b9362ddd3d40d9516a55221b2/isodate-0.6.0-py2.py3-none-any.whl
Collecting requests-oauthlib>=0.5.0 (from msrest>=0.5.1->azureml-core==0.1.0.1128948->azureml-contrib-widgets)
  Using cached https://files.pythonhosted.org/packages/94/e7/c250d122992e1561690d9c0f7856dadb79d61fd4bdd0e598087dce607f6c/requests_oauthlib-1.0.0-py2.py3-none-any.whl
Requirement not upgraded as not directly required: pyzmq>=13 in /home/ninghai/miniconda3/envs/daily/lib/python3.6/site-packages (from jupyter_client->ipykernel>=4.5.1->ipywidgets>=7.0.0->azureml-contrib-widgets) (17.0.0)
Requirement not upgraded as not directly required: terminado>=0.8.1 in /home/ninghai/miniconda3/envs/daily/lib/python3.6/site-packages (from notebook>=4.4.1->widgetsnbextension~=3.2.0->ipywidgets>=7.0.0->azureml-contrib-widgets) (0.8.1)
Requirement not upgraded as not directly required: jinja2 in /home/ninghai/miniconda3/envs/daily/lib/python3.6/site-packages (from notebook>=4.4.1->widgetsnbextension~=3.2.0->ipywidgets>=7.0.0->azureml-contrib-widgets) (2.10)
Requirement not upgraded as not directly required: nbconvert in /home/ninghai/miniconda3/envs/daily/lib/python3.6/site-packages (from notebook>=4.4.1->widgetsnbextension~=3.2.0->ipywidgets>=7.0.0->azureml-contrib-widgets) (5.3.1)
Requirement not upgraded as not directly required: Send2Trash in /home/ninghai/miniconda3/envs/daily/lib/python3.6/site-packages (from notebook>=4.4.1->widgetsnbextension~=3.2.0->ipywidgets>=7.0.0->azureml-contrib-widgets) (1.5.0)
Requirement not upgraded as not directly required: wcwidth in /home/ninghai/miniconda3/envs/daily/lib/python3.6/site-packages (from prompt-toolkit<2.0.0,>=1.0.15->ipython>=4.0.0->ipywidgets>=7.0.0->azureml-contrib-widgets) (0.1.7)
Requirement not upgraded as not directly required: parso>=0.2.0 in /home/ninghai/miniconda3/envs/daily/lib/python3.6/site-packages (from jedi>=0.10->ipython>=4.0.0->ipywidgets>=7.0.0->azureml-contrib-widgets) (0.2.1)
Requirement not upgraded as not directly required: ptyprocess>=0.5 in /home/ninghai/miniconda3/envs/daily/lib/python3.6/site-packages (from pexpect; sys_platform != "win32"->ipython>=4.0.0->ipywidgets>=7.0.0->azureml-contrib-widgets) (0.6.0)
Collecting pynacl>=1.0.1 (from paramiko->azure-cli-core>=2.0.38->azureml-core==0.1.0.1128948->azureml-contrib-widgets)
  Using cached https://files.pythonhosted.org/packages/77/03/927e4cdbd821f929392608ddb2220a9548ce164c52047e90fadd20786fd8/PyNaCl-1.2.1-cp36-cp36m-manylinux1_x86_64.whl
Collecting bcrypt>=3.1.3 (from paramiko->azure-cli-core>=2.0.38->azureml-core==0.1.0.1128948->azureml-contrib-widgets)
  Using cached https://files.pythonhosted.org/packages/b8/09/905ec939994e2c49dcffff72f823802557f166b3815ea54c1db3671eed42/bcrypt-3.1.4-cp36-cp36m-manylinux1_x86_64.whl
Requirement not upgraded as not directly required: pycparser in /home/ninghai/miniconda3/envs/daily/lib/python3.6/site-packages (from cffi>=1.7->cryptography>=2.2.2->azureml-core==0.1.0.1128948->azureml-contrib-widgets) (2.18)
Requirement not upgraded as not directly required: entrypoints in /home/ninghai/miniconda3/envs/daily/lib/python3.6/site-packages (from keyring>=12.0.2->msrestazure>=0.4.33->azureml-core==0.1.0.1128948->azureml-contrib-widgets) (0.2.3)
Collecting oauthlib>=0.6.2 (from requests-oauthlib>=0.5.0->msrest>=0.5.1->azureml-core==0.1.0.1128948->azureml-contrib-widgets)
  Using cached https://files.pythonhosted.org/packages/e6/d1/ddd9cfea3e736399b97ded5c2dd62d1322adef4a72d816f1ed1049d6a179/oauthlib-2.1.0-py2.py3-none-any.whl
Requirement not upgraded as not directly required: MarkupSafe>=0.23 in /home/ninghai/miniconda3/envs/daily/lib/python3.6/site-packages (from jinja2->notebook>=4.4.1->widgetsnbextension~=3.2.0->ipywidgets>=7.0.0->azureml-contrib-widgets) (1.0)
Requirement not upgraded as not directly required: mistune>=0.7.4 in /home/ninghai/miniconda3/envs/daily/lib/python3.6/site-packages (from nbconvert->notebook>=4.4.1->widgetsnbextension~=3.2.0->ipywidgets>=7.0.0->azureml-contrib-widgets) (0.8.3)
Requirement not upgraded as not directly required: bleach in /home/ninghai/miniconda3/envs/daily/lib/python3.6/site-packages (from nbconvert->notebook>=4.4.1->widgetsnbextension~=3.2.0->ipywidgets>=7.0.0->azureml-contrib-widgets) (2.1.3)
Requirement not upgraded as not directly required: pandocfilters>=1.4.1 in /home/ninghai/miniconda3/envs/daily/lib/python3.6/site-packages (from nbconvert->notebook>=4.4.1->widgetsnbextension~=3.2.0->ipywidgets>=7.0.0->azureml-contrib-widgets) (1.4.2)
Requirement not upgraded as not directly required: testpath in /home/ninghai/miniconda3/envs/daily/lib/python3.6/site-packages (from nbconvert->notebook>=4.4.1->widgetsnbextension~=3.2.0->ipywidgets>=7.0.0->azureml-contrib-widgets) (0.3.1)
Requirement not upgraded as not directly required: html5lib!=1.0b1,!=1.0b2,!=1.0b3,!=1.0b4,!=1.0b5,!=1.0b6,!=1.0b7,!=1.0b8,>=0.99999999pre in /home/ninghai/miniconda3/envs/daily/lib/python3.6/site-packages (from bleach->nbconvert->notebook>=4.4.1->widgetsnbextension~=3.2.0->ipywidgets>=7.0.0->azureml-contrib-widgets) (1.0.1)
Requirement not upgraded as not directly required: webencodings in /home/ninghai/miniconda3/envs/daily/lib/python3.6/site-packages (from html5lib!=1.0b1,!=1.0b2,!=1.0b3,!=1.0b4,!=1.0b5,!=1.0b6,!=1.0b7,!=1.0b8,>=0.99999999pre->bleach->nbconvert->notebook>=4.4.1->widgetsnbextension~=3.2.0->ipywidgets>=7.0.0->azureml-contrib-widgets) (0.5.1)
Installing collected packages: azureml-train-restclients-hyperdrive, azure-nspkg, azure-mgmt-nspkg, azure-common, isodate, oauthlib, requests-oauthlib, msrest, SecretStorage, keyring, adal, msrestazure, azure-mgmt-containerregistry, contextlib2, pathspec, azure-storage-nspkg, azure-storage-common, pyasn1, ndg-httpsclient, azure-mgmt-authorization, azure-graphrbac, azure-mgmt-keyvault, pyyaml, knack, azure-cli-nspkg, humanfriendly, pynacl, bcrypt, paramiko, applicationinsights, azure-cli-core, azure-mgmt-resource, azure-mgmt-storage, ruamel.yaml, azure-cli-command-modules-nspkg, azure-cli-profile, backports.weakref, backports.tempfile, jsonpickle, azure-storage-blob, azureml-core, azureml-train-core, azureml-contrib-widgets
  Found existing installation: PyYAML 3.12
install azure-cli-ml

###### azureml.core ########

############################
