Already on 'master'
Accept header absent and forced to application/json
Accept header absent and forced to application/json
Accept header absent and forced to application/json
Accept header absent and forced to application/json
Accept header absent and forced to application/json
Accept header absent and forced to application/json
Accept header absent and forced to application/json
Accept header absent and forced to application/json
Accept header absent and forced to application/json
Accept header absent and forced to application/json
Accept header absent and forced to application/json
Accept header absent and forced to application/json
Accept header absent and forced to application/json
Accept header absent and forced to application/json
Accept header absent and forced to application/json
Accept header absent and forced to application/json
Accept header absent and forced to application/json
Accept header absent and forced to application/json
Accept header absent and forced to application/json
Accept header absent and forced to application/json
Accept header absent and forced to application/json
Accept header absent and forced to application/json
Accept header absent and forced to application/json
Accept header absent and forced to application/json
Accept header absent and forced to application/json
Accept header absent and forced to application/json
Accept header absent and forced to application/json
Accept header absent and forced to application/json
Accept header absent and forced to application/json
Accept header absent and forced to application/json
Accept header absent and forced to application/json
Accept header absent and forced to application/json
Accept header absent and forced to application/json
Accept header absent and forced to application/json
Accept header absent and forced to application/json
Accept header absent and forced to application/json
Accept header absent and forced to application/json
Accept header absent and forced to application/json
Accept header absent and forced to application/json
Accept header absent and forced to application/json
Accept header absent and forced to application/json
Accept header absent and forced to application/json
Accept header absent and forced to application/json
Accept header absent and forced to application/json
Accept header absent and forced to application/json
Accept header absent and forced to application/json
Accept header absent and forced to application/json
Accept header absent and forced to application/json
Accept header absent and forced to application/json
Accept header absent and forced to application/json
Accept header absent and forced to application/json
Accept header absent and forced to application/json
Accept header absent and forced to application/json
Accept header absent and forced to application/json
Accept header absent and forced to application/json
Accept header absent and forced to application/json
Accept header absent and forced to application/json
Accept header absent and forced to application/json
Accept header absent and forced to application/json
Accept header absent and forced to application/json
Accept header absent and forced to application/json
Accept header absent and forced to application/json
Accept header absent and forced to application/json
Accept header absent and forced to application/json
Accept header absent and forced to application/json
Accept header absent and forced to application/json
Accept header absent and forced to application/json
Accept header absent and forced to application/json
Accept header absent and forced to application/json
Accept header absent and forced to application/json
Accept header absent and forced to application/json
Accept header absent and forced to application/json
Accept header absent and forced to application/json
Accept header absent and forced to application/json
Accept header absent and forced to application/json
Accept header absent and forced to application/json
Accept header absent and forced to application/json
Accept header absent and forced to application/json
Accept header absent and forced to application/json
Accept header absent and forced to application/json
Accept header absent and forced to application/json
Accept header absent and forced to application/json
Accept header absent and forced to application/json
Accept header absent and forced to application/json
Accept header absent and forced to application/json
Accept header absent and forced to application/json
Accept header absent and forced to application/json
Accept header absent and forced to application/json
Accept header absent and forced to application/json
Accept header absent and forced to application/json
Accept header absent and forced to application/json
Accept header absent and forced to application/json
Accept header absent and forced to application/json
Accept header absent and forced to application/json
Accept header absent and forced to application/json
Accept header absent and forced to application/json
Accept header absent and forced to application/json
Accept header absent and forced to application/json
Accept header absent and forced to application/json
Accept header absent and forced to application/json
Accept header absent and forced to application/json
Accept header absent and forced to application/json
Accept header absent and forced to application/json
Accept header absent and forced to application/json
Accept header absent and forced to application/json
Accept header absent and forced to application/json
Accept header absent and forced to application/json
Accept header absent and forced to application/json
Accept header absent and forced to application/json
Accept header absent and forced to application/json
Accept header absent and forced to application/json
Accept header absent and forced to application/json
Accept header absent and forced to application/json
Accept header absent and forced to application/json
Accept header absent and forced to application/json
Accept header absent and forced to application/json
Accept header absent and forced to application/json
Accept header absent and forced to application/json
Accept header absent and forced to application/json
Accept header absent and forced to application/json
Accept header absent and forced to application/json
Accept header absent and forced to application/json
Accept header absent and forced to application/json
Accept header absent and forced to application/json
Accept header absent and forced to application/json
Accept header absent and forced to application/json
Accept header absent and forced to application/json
Accept header absent and forced to application/json
Accept header absent and forced to application/json
Accept header absent and forced to application/json
Accept header absent and forced to application/json
Accept header absent and forced to application/json
Accept header absent and forced to application/json
Accept header absent and forced to application/json
Accept header absent and forced to application/json
Accept header absent and forced to application/json
Accept header absent and forced to application/json
Accept header absent and forced to application/json
Accept header absent and forced to application/json
Accept header absent and forced to application/json
Accept header absent and forced to application/json
Accept header absent and forced to application/json
Accept header absent and forced to application/json
Accept header absent and forced to application/json
Accept header absent and forced to application/json
Accept header absent and forced to application/json
Accept header absent and forced to application/json
Accept header absent and forced to application/json
Accept header absent and forced to application/json
Accept header absent and forced to application/json
Accept header absent and forced to application/json
Accept header absent and forced to application/json
Accept header absent and forced to application/json
Accept header absent and forced to application/json
Accept header absent and forced to application/json
Accept header absent and forced to application/json
Accept header absent and forced to application/json
Accept header absent and forced to application/json
Accept header absent and forced to application/json
Accept header absent and forced to application/json
Accept header absent and forced to application/json
Accept header absent and forced to application/json
Accept header absent and forced to application/json
Accept header absent and forced to application/json
Accept header absent and forced to application/json
Accept header absent and forced to application/json
Accept header absent and forced to application/json
Accept header absent and forced to application/json
Accept header absent and forced to application/json
Accept header absent and forced to application/json
Accept header absent and forced to application/json
Accept header absent and forced to application/json
Accept header absent and forced to application/json
Accept header absent and forced to application/json
Accept header absent and forced to application/json
Accept header absent and forced to application/json
Accept header absent and forced to application/json
Accept header absent and forced to application/json
Accept header absent and forced to application/json
Accept header absent and forced to application/json
Accept header absent and forced to application/json
Accept header absent and forced to application/json
Accept header absent and forced to application/json
Accept header absent and forced to application/json
Accept header absent and forced to application/json
Accept header absent and forced to application/json
Accept header absent and forced to application/json
Accept header absent and forced to application/json
Accept header absent and forced to application/json
Accept header absent and forced to application/json
Accept header absent and forced to application/json
Accept header absent and forced to application/json
Accept header absent and forced to application/json
Accept header absent and forced to application/json
Accept header absent and forced to application/json
Accept header absent and forced to application/json
Accept header absent and forced to application/json
Accept header absent and forced to application/json
Accept header absent and forced to application/json
Accept header absent and forced to application/json
Accept header absent and forced to application/json
Accept header absent and forced to application/json
Accept header absent and forced to application/json
Accept header absent and forced to application/json
Accept header absent and forced to application/json
Accept header absent and forced to application/json
Accept header absent and forced to application/json
Accept header absent and forced to application/json
Accept header absent and forced to application/json
Accept header absent and forced to application/json
Client-Request-ID=10f822cf-7051-11e8-9288-000d3a71b7c3 Retry policy did not allow for a retry: Server-Timestamp=Fri, 15 Jun 2018 04:03:31 GMT, Server-Request-ID=6ab408ff-901e-0055-095d-04b013000000, HTTP status code=409, Exception=The specified container already exists.ErrorCode: ContainerAlreadyExists<?xml version="1.0" encoding="utf-8"?><Error><Code>ContainerAlreadyExists</Code><Message>The specified container already exists.RequestId:6ab408ff-901e-0055-095d-04b013000000Time:2018-06-15T04:03:32.1569182Z</Message></Error>.
Client-Request-ID=10f822d1-7051-11e8-9288-000d3a71b7c3 Retry policy did not allow for a retry: Server-Timestamp=Fri, 15 Jun 2018 04:03:31 GMT, Server-Request-ID=0a611cab-801e-010a-515d-0404b8000000, HTTP status code=409, Exception=The specified container already exists.ErrorCode: ContainerAlreadyExists<?xml version="1.0" encoding="utf-8"?><Error><Code>ContainerAlreadyExists</Code><Message>The specified container already exists.RequestId:0a611cab-801e-010a-515d-0404b8000000Time:2018-06-15T04:03:32.3255615Z</Message></Error>.
Client-Request-ID=10f822d3-7051-11e8-9288-000d3a71b7c3 Retry policy did not allow for a retry: Server-Timestamp=Fri, 15 Jun 2018 04:03:31 GMT, Server-Request-ID=3729056e-e01e-0133-5e5d-04441c000000, HTTP status code=409, Exception=The specified container already exists.ErrorCode: ContainerAlreadyExists<?xml version="1.0" encoding="utf-8"?><Error><Code>ContainerAlreadyExists</Code><Message>The specified container already exists.RequestId:3729056e-e01e-0133-5e5d-04441c000000Time:2018-06-15T04:03:32.4962948Z</Message></Error>.
Client-Request-ID=10f822d5-7051-11e8-9288-000d3a71b7c3 Retry policy did not allow for a retry: Server-Timestamp=Fri, 15 Jun 2018 04:03:32 GMT, Server-Request-ID=b4527e96-f01e-006c-155d-04f0b7000000, HTTP status code=409, Exception=The specified container already exists.ErrorCode: ContainerAlreadyExists<?xml version="1.0" encoding="utf-8"?><Error><Code>ContainerAlreadyExists</Code><Message>The specified container already exists.RequestId:b4527e96-f01e-006c-155d-04f0b7000000Time:2018-06-15T04:03:32.6605957Z</Message></Error>.
Accept header absent and forced to application/json
Accept header absent and forced to application/json
Accept header absent and forced to application/json
Accept header absent and forced to application/json
Accept header absent and forced to application/json
Traceback (most recent call last):
  File "./02.local.py", line 51, in <module>
    script_to_run = train_script)
  File "/home/ninghai/miniconda3/envs/preview/lib/python3.6/site-packages/azureml/core/run.py", line 66, in submit
    execute_with_zip=_execute_with_zip)
  File "/home/ninghai/miniconda3/envs/preview/lib/python3.6/site-packages/azureml/execution/_commands.py", line 110, in start_run
    telemetry_values=telemetry_values)
  File "/home/ninghai/miniconda3/envs/preview/lib/python3.6/site-packages/azureml/execution/_commands.py", line 272, in _start_internal_local_cloud
    snapshot_id = snapshot_async.get()
  File "/home/ninghai/miniconda3/envs/preview/lib/python3.6/multiprocessing/pool.py", line 644, in get
    raise self._value
  File "/home/ninghai/miniconda3/envs/preview/lib/python3.6/multiprocessing/pool.py", line 119, in worker
    result = (True, func(*args, **kwds))
  File "/home/ninghai/miniconda3/envs/preview/lib/python3.6/site-packages/azureml/base_sdk_common/create_snapshot.py", line 102, in create_snapshot
    raise ExperimentExecutionException(get_http_exception_response_string(response))
azureml.exceptions.azureml_exception.ExperimentExecutionException: {
    "url": "https://eastus2.experiments.azureml.net/content/v1.0/subscriptions/fac34303-435d-4486-8c3f-7094d82a0b60/resourceGroups/aml-notebooks/providers/Microsoft.MachineLearningServices/workspaces/haieastus2ws3/snapshots/aae19bf0-bc3b-4f27-ae05-f76315223356?parentSnapshotId=2bd3167f-0978-42bd-9795-6c89fc1e31b2",
    "status_code": 404,
    "text": "{\n  \"error\": {\n    \"code\": \"UserError\",\n    \"message\": \"Unable to find snapshot with id: 2bd3167f-0978-42bd-9795-6c89fc1e31b2\",\n    \"target\": null,\n    \"details\": [],\n    \"innerError\": null,\n    \"debugInfo\": {\n      \"type\": \"Common.WebApi.Exceptions.ResourceNotFoundException\",\n      \"message\": \"Unable to find snapshot with id: 2bd3167f-0978-42bd-9795-6c89fc1e31b2\",\n      \"stackTrace\": \"   at Microsoft.MachineLearning.Project.Services.SnapshotStore.<GetBlobAsStringOrFailNotFound>d__17.MoveNext() in /opt/vsts/work/1/s/src/azureml-api/src/ProjectContent/Services/SnapshotStore.cs:line 271\\n--- End of stack trace from previous location where exception was thrown ---\\n   at System.Runtime.ExceptionServices.ExceptionDispatchInfo.Throw()\\n   at System.Runtime.CompilerServices.TaskAwaiter.HandleNonSuccessAndDebuggerNotification(Task task)\\n   at Microsoft.MachineLearning.Project.Services.SnapshotStore.<GetSnapshot>d__7.MoveNext() in /opt/vsts/work/1/s/src/azureml-api/src/ProjectContent/Services/SnapshotStore.cs:line 113\\n--- End of stack trace from previous location where exception was thrown ---\\n   at System.Runtime.ExceptionServices.ExceptionDispatchInfo.Throw()\\n   at System.Runtime.CompilerServices.TaskAwaiter.HandleNonSuccessAndDebuggerNotification(Task task)\\n   at Microsoft.MachineLearning.ProjectContent.EntryPoints.Controllers.SnapshotController.<CreateSnapshot>d__12.MoveNext() in /opt/vsts/work/1/s/src/azureml-api/src/ProjectContent/EntryPoints/Controllers/SnapshotController.cs:line 212\\n--- End of stack trace from previous location where exception was thrown ---\\n   at System.Runtime.ExceptionServices.ExceptionDispatchInfo.Throw()\\n   at System.Runtime.CompilerServices.TaskAwaiter.HandleNonSuccessAndDebuggerNotification(Task task)\\n   at Microsoft.AspNetCore.Mvc.Internal.ControllerActionInvoker.<InvokeActionMethodAsync>d__12.MoveNext()\\n--- End of stack trace from previous location where exception was thrown ---\\n   at System.Runtime.ExceptionServices.ExceptionDispatchInfo.Throw()\\n   at System.Runtime.CompilerServices.TaskAwaiter.HandleNonSuccessAndDebuggerNotification(Task task)\\n   at Microsoft.AspNetCore.Mvc.Internal.ControllerActionInvoker.<InvokeNextActionFilterAsync>d__10.MoveNext()\\n--- End of stack trace from previous location where exception was thrown ---\\n   at System.Runtime.ExceptionServices.ExceptionDispatchInfo.Throw()\\n   at Microsoft.AspNetCore.Mvc.Internal.ControllerActionInvoker.Rethrow(ActionExecutedContext context)\\n   at Microsoft.AspNetCore.Mvc.Internal.ControllerActionInvoker.Next(State& next, Scope& scope, Object& state, Boolean& isCompleted)\\n   at Microsoft.AspNetCore.Mvc.Internal.ControllerActionInvoker.<InvokeInnerFilterAsync>d__14.MoveNext()\\n--- End of stack trace from previous location where exception was thrown ---\\n   at System.Runtime.ExceptionServices.ExceptionDispatchInfo.Throw()\\n   at System.Runtime.CompilerServices.TaskAwaiter.HandleNonSuccessAndDebuggerNotification(Task task)\\n   at Microsoft.AspNetCore.Mvc.Internal.ResourceInvoker.<InvokeNextExceptionFilterAsync>d__23.MoveNext()\",\n      \"innerException\": null,\n      \"data\": {},\n      \"errorResponse\": null\n    }\n  },\n  \"correlation\": {\n    \"operation\": \"a3828c7e-475176cfac6b28be\",\n    \"request\": \"huGxoxdbImc=\"\n  }\n}"
}
Accept header absent and forced to application/json
Accept header absent and forced to application/json
Accept header absent and forced to application/json
Accept header absent and forced to application/json
Accept header absent and forced to application/json
Traceback (most recent call last):
  File "./03.aci.py", line 85, in <module>
    script_to_run = train_script)
  File "/home/ninghai/miniconda3/envs/preview/lib/python3.6/site-packages/azureml/core/run.py", line 66, in submit
    execute_with_zip=_execute_with_zip)
  File "/home/ninghai/miniconda3/envs/preview/lib/python3.6/site-packages/azureml/execution/_commands.py", line 116, in start_run
    execute_with_zip=execute_with_zip)
  File "/home/ninghai/miniconda3/envs/preview/lib/python3.6/site-packages/azureml/execution/_commands.py", line 365, in _start_internal
    snapshot_id = snapshot_async.get()
  File "/home/ninghai/miniconda3/envs/preview/lib/python3.6/multiprocessing/pool.py", line 644, in get
    raise self._value
  File "/home/ninghai/miniconda3/envs/preview/lib/python3.6/multiprocessing/pool.py", line 119, in worker
    result = (True, func(*args, **kwds))
  File "/home/ninghai/miniconda3/envs/preview/lib/python3.6/site-packages/azureml/base_sdk_common/create_snapshot.py", line 102, in create_snapshot
    raise ExperimentExecutionException(get_http_exception_response_string(response))
azureml.exceptions.azureml_exception.ExperimentExecutionException: {
    "url": "https://eastus2.experiments.azureml.net/content/v1.0/subscriptions/fac34303-435d-4486-8c3f-7094d82a0b60/resourceGroups/aml-notebooks/providers/Microsoft.MachineLearningServices/workspaces/haieastus2ws3/snapshots/09f5d56a-24ac-4f69-a70c-356df8289712?parentSnapshotId=b8317c26-6671-44a6-9859-67a0a7be6afa",
    "status_code": 404,
    "text": "{\n  \"error\": {\n    \"code\": \"UserError\",\n    \"message\": \"Unable to find snapshot with id: b8317c26-6671-44a6-9859-67a0a7be6afa\",\n    \"target\": null,\n    \"details\": [],\n    \"innerError\": null,\n    \"debugInfo\": {\n      \"type\": \"Common.WebApi.Exceptions.ResourceNotFoundException\",\n      \"message\": \"Unable to find snapshot with id: b8317c26-6671-44a6-9859-67a0a7be6afa\",\n      \"stackTrace\": \"   at Microsoft.MachineLearning.Project.Services.SnapshotStore.<GetBlobAsStringOrFailNotFound>d__17.MoveNext() in /opt/vsts/work/1/s/src/azureml-api/src/ProjectContent/Services/SnapshotStore.cs:line 271\\n--- End of stack trace from previous location where exception was thrown ---\\n   at System.Runtime.ExceptionServices.ExceptionDispatchInfo.Throw()\\n   at System.Runtime.CompilerServices.TaskAwaiter.HandleNonSuccessAndDebuggerNotification(Task task)\\n   at Microsoft.MachineLearning.Project.Services.SnapshotStore.<GetSnapshot>d__7.MoveNext() in /opt/vsts/work/1/s/src/azureml-api/src/ProjectContent/Services/SnapshotStore.cs:line 113\\n--- End of stack trace from previous location where exception was thrown ---\\n   at System.Runtime.ExceptionServices.ExceptionDispatchInfo.Throw()\\n   at System.Runtime.CompilerServices.TaskAwaiter.HandleNonSuccessAndDebuggerNotification(Task task)\\n   at Microsoft.MachineLearning.ProjectContent.EntryPoints.Controllers.SnapshotController.<CreateSnapshot>d__12.MoveNext() in /opt/vsts/work/1/s/src/azureml-api/src/ProjectContent/EntryPoints/Controllers/SnapshotController.cs:line 212\\n--- End of stack trace from previous location where exception was thrown ---\\n   at System.Runtime.ExceptionServices.ExceptionDispatchInfo.Throw()\\n   at System.Runtime.CompilerServices.TaskAwaiter.HandleNonSuccessAndDebuggerNotification(Task task)\\n   at Microsoft.AspNetCore.Mvc.Internal.ControllerActionInvoker.<InvokeActionMethodAsync>d__12.MoveNext()\\n--- End of stack trace from previous location where exception was thrown ---\\n   at System.Runtime.ExceptionServices.ExceptionDispatchInfo.Throw()\\n   at System.Runtime.CompilerServices.TaskAwaiter.HandleNonSuccessAndDebuggerNotification(Task task)\\n   at Microsoft.AspNetCore.Mvc.Internal.ControllerActionInvoker.<InvokeNextActionFilterAsync>d__10.MoveNext()\\n--- End of stack trace from previous location where exception was thrown ---\\n   at System.Runtime.ExceptionServices.ExceptionDispatchInfo.Throw()\\n   at Microsoft.AspNetCore.Mvc.Internal.ControllerActionInvoker.Rethrow(ActionExecutedContext context)\\n   at Microsoft.AspNetCore.Mvc.Internal.ControllerActionInvoker.Next(State& next, Scope& scope, Object& state, Boolean& isCompleted)\\n   at Microsoft.AspNetCore.Mvc.Internal.ControllerActionInvoker.<InvokeInnerFilterAsync>d__14.MoveNext()\\n--- End of stack trace from previous location where exception was thrown ---\\n   at System.Runtime.ExceptionServices.ExceptionDispatchInfo.Throw()\\n   at System.Runtime.CompilerServices.TaskAwaiter.HandleNonSuccessAndDebuggerNotification(Task task)\\n   at Microsoft.AspNetCore.Mvc.Internal.ResourceInvoker.<InvokeNextExceptionFilterAsync>d__23.MoveNext()\",\n      \"innerException\": null,\n      \"data\": {},\n      \"errorResponse\": null\n    }\n  },\n  \"correlation\": {\n    \"operation\": \"35101ea-422e9e60cd6d6304\",\n    \"request\": \"fWVBjQsFRX0=\"\n  }\n}"
}
Accept header absent and forced to application/json
Accept header absent and forced to application/json
Accept header absent and forced to application/json
Accept header absent and forced to application/json
Accept header absent and forced to application/json
Traceback (most recent call last):
  File "./04.dsvm.py", line 70, in <module>
    script_to_run = train_script)
  File "/home/ninghai/miniconda3/envs/preview/lib/python3.6/site-packages/azureml/core/run.py", line 66, in submit
    execute_with_zip=_execute_with_zip)
  File "/home/ninghai/miniconda3/envs/preview/lib/python3.6/site-packages/azureml/execution/_commands.py", line 116, in start_run
    execute_with_zip=execute_with_zip)
  File "/home/ninghai/miniconda3/envs/preview/lib/python3.6/site-packages/azureml/execution/_commands.py", line 365, in _start_internal
    snapshot_id = snapshot_async.get()
  File "/home/ninghai/miniconda3/envs/preview/lib/python3.6/multiprocessing/pool.py", line 644, in get
    raise self._value
  File "/home/ninghai/miniconda3/envs/preview/lib/python3.6/multiprocessing/pool.py", line 119, in worker
    result = (True, func(*args, **kwds))
  File "/home/ninghai/miniconda3/envs/preview/lib/python3.6/site-packages/azureml/base_sdk_common/create_snapshot.py", line 102, in create_snapshot
    raise ExperimentExecutionException(get_http_exception_response_string(response))
azureml.exceptions.azureml_exception.ExperimentExecutionException: {
    "url": "https://eastus2.experiments.azureml.net/content/v1.0/subscriptions/fac34303-435d-4486-8c3f-7094d82a0b60/resourceGroups/aml-notebooks/providers/Microsoft.MachineLearningServices/workspaces/haieastus2ws3/snapshots/01374100-d378-4a07-9659-aff58c347ab1?parentSnapshotId=4eb7d8fa-4b2e-4c7c-99cc-37dd5695023d",
    "status_code": 404,
    "text": "{\n  \"error\": {\n    \"code\": \"UserError\",\n    \"message\": \"Unable to find snapshot with id: 4eb7d8fa-4b2e-4c7c-99cc-37dd5695023d\",\n    \"target\": null,\n    \"details\": [],\n    \"innerError\": null,\n    \"debugInfo\": {\n      \"type\": \"Common.WebApi.Exceptions.ResourceNotFoundException\",\n      \"message\": \"Unable to find snapshot with id: 4eb7d8fa-4b2e-4c7c-99cc-37dd5695023d\",\n      \"stackTrace\": \"   at Microsoft.MachineLearning.Project.Services.SnapshotStore.<GetBlobAsStringOrFailNotFound>d__17.MoveNext() in /opt/vsts/work/1/s/src/azureml-api/src/ProjectContent/Services/SnapshotStore.cs:line 271\\n--- End of stack trace from previous location where exception was thrown ---\\n   at System.Runtime.ExceptionServices.ExceptionDispatchInfo.Throw()\\n   at System.Runtime.CompilerServices.TaskAwaiter.HandleNonSuccessAndDebuggerNotification(Task task)\\n   at Microsoft.MachineLearning.Project.Services.SnapshotStore.<GetSnapshot>d__7.MoveNext() in /opt/vsts/work/1/s/src/azureml-api/src/ProjectContent/Services/SnapshotStore.cs:line 113\\n--- End of stack trace from previous location where exception was thrown ---\\n   at System.Runtime.ExceptionServices.ExceptionDispatchInfo.Throw()\\n   at System.Runtime.CompilerServices.TaskAwaiter.HandleNonSuccessAndDebuggerNotification(Task task)\\n   at Microsoft.MachineLearning.ProjectContent.EntryPoints.Controllers.SnapshotController.<CreateSnapshot>d__12.MoveNext() in /opt/vsts/work/1/s/src/azureml-api/src/ProjectContent/EntryPoints/Controllers/SnapshotController.cs:line 212\\n--- End of stack trace from previous location where exception was thrown ---\\n   at System.Runtime.ExceptionServices.ExceptionDispatchInfo.Throw()\\n   at System.Runtime.CompilerServices.TaskAwaiter.HandleNonSuccessAndDebuggerNotification(Task task)\\n   at Microsoft.AspNetCore.Mvc.Internal.ControllerActionInvoker.<InvokeActionMethodAsync>d__12.MoveNext()\\n--- End of stack trace from previous location where exception was thrown ---\\n   at System.Runtime.ExceptionServices.ExceptionDispatchInfo.Throw()\\n   at System.Runtime.CompilerServices.TaskAwaiter.HandleNonSuccessAndDebuggerNotification(Task task)\\n   at Microsoft.AspNetCore.Mvc.Internal.ControllerActionInvoker.<InvokeNextActionFilterAsync>d__10.MoveNext()\\n--- End of stack trace from previous location where exception was thrown ---\\n   at System.Runtime.ExceptionServices.ExceptionDispatchInfo.Throw()\\n   at Microsoft.AspNetCore.Mvc.Internal.ControllerActionInvoker.Rethrow(ActionExecutedContext context)\\n   at Microsoft.AspNetCore.Mvc.Internal.ControllerActionInvoker.Next(State& next, Scope& scope, Object& state, Boolean& isCompleted)\\n   at Microsoft.AspNetCore.Mvc.Internal.ControllerActionInvoker.<InvokeInnerFilterAsync>d__14.MoveNext()\\n--- End of stack trace from previous location where exception was thrown ---\\n   at System.Runtime.ExceptionServices.ExceptionDispatchInfo.Throw()\\n   at System.Runtime.CompilerServices.TaskAwaiter.HandleNonSuccessAndDebuggerNotification(Task task)\\n   at Microsoft.AspNetCore.Mvc.Internal.ResourceInvoker.<InvokeNextExceptionFilterAsync>d__23.MoveNext()\",\n      \"innerException\": null,\n      \"data\": {},\n      \"errorResponse\": null\n    }\n  },\n  \"correlation\": {\n    \"operation\": \"35101eb-422e9e60cd6d6304\",\n    \"request\": \"pQ2fmtqVc9c=\"\n  }\n}"
}
Accept header absent and forced to application/json
Accept header absent and forced to application/json
Accept header absent and forced to application/json
Accept header absent and forced to application/json
Accept header absent and forced to application/json
Traceback (most recent call last):
  File "./05.spark.py", line 81, in <module>
    script_to_run = "train-spark.py")
  File "/home/ninghai/miniconda3/envs/preview/lib/python3.6/site-packages/azureml/core/run.py", line 66, in submit
    execute_with_zip=_execute_with_zip)
  File "/home/ninghai/miniconda3/envs/preview/lib/python3.6/site-packages/azureml/execution/_commands.py", line 116, in start_run
    execute_with_zip=execute_with_zip)
  File "/home/ninghai/miniconda3/envs/preview/lib/python3.6/site-packages/azureml/execution/_commands.py", line 365, in _start_internal
    snapshot_id = snapshot_async.get()
  File "/home/ninghai/miniconda3/envs/preview/lib/python3.6/multiprocessing/pool.py", line 644, in get
    raise self._value
  File "/home/ninghai/miniconda3/envs/preview/lib/python3.6/multiprocessing/pool.py", line 119, in worker
    result = (True, func(*args, **kwds))
  File "/home/ninghai/miniconda3/envs/preview/lib/python3.6/site-packages/azureml/base_sdk_common/create_snapshot.py", line 102, in create_snapshot
    raise ExperimentExecutionException(get_http_exception_response_string(response))
azureml.exceptions.azureml_exception.ExperimentExecutionException: {
    "url": "https://eastus2.experiments.azureml.net/content/v1.0/subscriptions/fac34303-435d-4486-8c3f-7094d82a0b60/resourceGroups/aml-notebooks/providers/Microsoft.MachineLearningServices/workspaces/haieastus2ws3/snapshots/7eda44ea-f590-49f0-a0c3-a14de80afec7?parentSnapshotId=e9c619a7-7486-4eb3-8e27-4efdb021ec32",
    "status_code": 404,
    "text": "{\n  \"error\": {\n    \"code\": \"UserError\",\n    \"message\": \"Unable to find snapshot with id: e9c619a7-7486-4eb3-8e27-4efdb021ec32\",\n    \"target\": null,\n    \"details\": [],\n    \"innerError\": null,\n    \"debugInfo\": {\n      \"type\": \"Common.WebApi.Exceptions.ResourceNotFoundException\",\n      \"message\": \"Unable to find snapshot with id: e9c619a7-7486-4eb3-8e27-4efdb021ec32\",\n      \"stackTrace\": \"   at Microsoft.MachineLearning.Project.Services.SnapshotStore.<GetBlobAsStringOrFailNotFound>d__17.MoveNext() in /opt/vsts/work/1/s/src/azureml-api/src/ProjectContent/Services/SnapshotStore.cs:line 271\\n--- End of stack trace from previous location where exception was thrown ---\\n   at System.Runtime.ExceptionServices.ExceptionDispatchInfo.Throw()\\n   at System.Runtime.CompilerServices.TaskAwaiter.HandleNonSuccessAndDebuggerNotification(Task task)\\n   at Microsoft.MachineLearning.Project.Services.SnapshotStore.<GetSnapshot>d__7.MoveNext() in /opt/vsts/work/1/s/src/azureml-api/src/ProjectContent/Services/SnapshotStore.cs:line 113\\n--- End of stack trace from previous location where exception was thrown ---\\n   at System.Runtime.ExceptionServices.ExceptionDispatchInfo.Throw()\\n   at System.Runtime.CompilerServices.TaskAwaiter.HandleNonSuccessAndDebuggerNotification(Task task)\\n   at Microsoft.MachineLearning.ProjectContent.EntryPoints.Controllers.SnapshotController.<CreateSnapshot>d__12.MoveNext() in /opt/vsts/work/1/s/src/azureml-api/src/ProjectContent/EntryPoints/Controllers/SnapshotController.cs:line 212\\n--- End of stack trace from previous location where exception was thrown ---\\n   at System.Runtime.ExceptionServices.ExceptionDispatchInfo.Throw()\\n   at System.Runtime.CompilerServices.TaskAwaiter.HandleNonSuccessAndDebuggerNotification(Task task)\\n   at Microsoft.AspNetCore.Mvc.Internal.ControllerActionInvoker.<InvokeActionMethodAsync>d__12.MoveNext()\\n--- End of stack trace from previous location where exception was thrown ---\\n   at System.Runtime.ExceptionServices.ExceptionDispatchInfo.Throw()\\n   at System.Runtime.CompilerServices.TaskAwaiter.HandleNonSuccessAndDebuggerNotification(Task task)\\n   at Microsoft.AspNetCore.Mvc.Internal.ControllerActionInvoker.<InvokeNextActionFilterAsync>d__10.MoveNext()\\n--- End of stack trace from previous location where exception was thrown ---\\n   at System.Runtime.ExceptionServices.ExceptionDispatchInfo.Throw()\\n   at Microsoft.AspNetCore.Mvc.Internal.ControllerActionInvoker.Rethrow(ActionExecutedContext context)\\n   at Microsoft.AspNetCore.Mvc.Internal.ControllerActionInvoker.Next(State& next, Scope& scope, Object& state, Boolean& isCompleted)\\n   at Microsoft.AspNetCore.Mvc.Internal.ControllerActionInvoker.<InvokeInnerFilterAsync>d__14.MoveNext()\\n--- End of stack trace from previous location where exception was thrown ---\\n   at System.Runtime.ExceptionServices.ExceptionDispatchInfo.Throw()\\n   at System.Runtime.CompilerServices.TaskAwaiter.HandleNonSuccessAndDebuggerNotification(Task task)\\n   at Microsoft.AspNetCore.Mvc.Internal.ResourceInvoker.<InvokeNextExceptionFilterAsync>d__23.MoveNext()\",\n      \"innerException\": null,\n      \"data\": {},\n      \"errorResponse\": null\n    }\n  },\n  \"correlation\": {\n    \"operation\": \"48b76162-4152fc13217d2006\",\n    \"request\": \"Y7kzwkFPeeg=\"\n  }\n}"
}
Accept header absent and forced to application/json
Accept header absent and forced to application/json
Accept header absent and forced to application/json
Accept header absent and forced to application/json
Accept header absent and forced to application/json
Traceback (most recent call last):
  File "./07.sklearn.hd.py", line 88, in <module>
    run = sk_est.fit()
  File "/home/ninghai/miniconda3/envs/preview/lib/python3.6/site-packages/azureml/train/estimator.py", line 438, in fit
    return super(Estimator, self).fit()
  File "/home/ninghai/miniconda3/envs/preview/lib/python3.6/site-packages/azureml/train/estimator.py", line 78, in fit
    _telemetry_values=telemetry_values)
  File "/home/ninghai/miniconda3/envs/preview/lib/python3.6/site-packages/azureml/core/run.py", line 66, in submit
    execute_with_zip=_execute_with_zip)
  File "/home/ninghai/miniconda3/envs/preview/lib/python3.6/site-packages/azureml/execution/_commands.py", line 116, in start_run
    execute_with_zip=execute_with_zip)
  File "/home/ninghai/miniconda3/envs/preview/lib/python3.6/site-packages/azureml/execution/_commands.py", line 365, in _start_internal
    snapshot_id = snapshot_async.get()
  File "/home/ninghai/miniconda3/envs/preview/lib/python3.6/multiprocessing/pool.py", line 644, in get
    raise self._value
  File "/home/ninghai/miniconda3/envs/preview/lib/python3.6/multiprocessing/pool.py", line 119, in worker
    result = (True, func(*args, **kwds))
  File "/home/ninghai/miniconda3/envs/preview/lib/python3.6/site-packages/azureml/base_sdk_common/create_snapshot.py", line 102, in create_snapshot
    raise ExperimentExecutionException(get_http_exception_response_string(response))
azureml.exceptions.azureml_exception.ExperimentExecutionException: {
    "url": "https://eastus2.experiments.azureml.net/content/v1.0/subscriptions/fac34303-435d-4486-8c3f-7094d82a0b60/resourceGroups/aml-notebooks/providers/Microsoft.MachineLearningServices/workspaces/haieastus2ws3/snapshots/87cf8e11-f717-494b-aff6-a34e6ca5bfcb?parentSnapshotId=87311c3d-6b5f-4da6-a9ad-6d027c1096bc",
    "status_code": 404,
    "text": "{\n  \"error\": {\n    \"code\": \"UserError\",\n    \"message\": \"Unable to find snapshot with id: 87311c3d-6b5f-4da6-a9ad-6d027c1096bc\",\n    \"target\": null,\n    \"details\": [],\n    \"innerError\": null,\n    \"debugInfo\": {\n      \"type\": \"Common.WebApi.Exceptions.ResourceNotFoundException\",\n      \"message\": \"Unable to find snapshot with id: 87311c3d-6b5f-4da6-a9ad-6d027c1096bc\",\n      \"stackTrace\": \"   at Microsoft.MachineLearning.Project.Services.SnapshotStore.<GetBlobAsStringOrFailNotFound>d__17.MoveNext() in /opt/vsts/work/1/s/src/azureml-api/src/ProjectContent/Services/SnapshotStore.cs:line 271\\n--- End of stack trace from previous location where exception was thrown ---\\n   at System.Runtime.ExceptionServices.ExceptionDispatchInfo.Throw()\\n   at System.Runtime.CompilerServices.TaskAwaiter.HandleNonSuccessAndDebuggerNotification(Task task)\\n   at Microsoft.MachineLearning.Project.Services.SnapshotStore.<GetSnapshot>d__7.MoveNext() in /opt/vsts/work/1/s/src/azureml-api/src/ProjectContent/Services/SnapshotStore.cs:line 113\\n--- End of stack trace from previous location where exception was thrown ---\\n   at System.Runtime.ExceptionServices.ExceptionDispatchInfo.Throw()\\n   at System.Runtime.CompilerServices.TaskAwaiter.HandleNonSuccessAndDebuggerNotification(Task task)\\n   at Microsoft.MachineLearning.ProjectContent.EntryPoints.Controllers.SnapshotController.<CreateSnapshot>d__12.MoveNext() in /opt/vsts/work/1/s/src/azureml-api/src/ProjectContent/EntryPoints/Controllers/SnapshotController.cs:line 212\\n--- End of stack trace from previous location where exception was thrown ---\\n   at System.Runtime.ExceptionServices.ExceptionDispatchInfo.Throw()\\n   at System.Runtime.CompilerServices.TaskAwaiter.HandleNonSuccessAndDebuggerNotification(Task task)\\n   at Microsoft.AspNetCore.Mvc.Internal.ControllerActionInvoker.<InvokeActionMethodAsync>d__12.MoveNext()\\n--- End of stack trace from previous location where exception was thrown ---\\n   at System.Runtime.ExceptionServices.ExceptionDispatchInfo.Throw()\\n   at System.Runtime.CompilerServices.TaskAwaiter.HandleNonSuccessAndDebuggerNotification(Task task)\\n   at Microsoft.AspNetCore.Mvc.Internal.ControllerActionInvoker.<InvokeNextActionFilterAsync>d__10.MoveNext()\\n--- End of stack trace from previous location where exception was thrown ---\\n   at System.Runtime.ExceptionServices.ExceptionDispatchInfo.Throw()\\n   at Microsoft.AspNetCore.Mvc.Internal.ControllerActionInvoker.Rethrow(ActionExecutedContext context)\\n   at Microsoft.AspNetCore.Mvc.Internal.ControllerActionInvoker.Next(State& next, Scope& scope, Object& state, Boolean& isCompleted)\\n   at Microsoft.AspNetCore.Mvc.Internal.ControllerActionInvoker.<InvokeInnerFilterAsync>d__14.MoveNext()\\n--- End of stack trace from previous location where exception was thrown ---\\n   at System.Runtime.ExceptionServices.ExceptionDispatchInfo.Throw()\\n   at System.Runtime.CompilerServices.TaskAwaiter.HandleNonSuccessAndDebuggerNotification(Task task)\\n   at Microsoft.AspNetCore.Mvc.Internal.ResourceInvoker.<InvokeNextExceptionFilterAsync>d__23.MoveNext()\",\n      \"innerException\": null,\n      \"data\": {},\n      \"errorResponse\": null\n    }\n  },\n  \"correlation\": {\n    \"operation\": \"48b76164-4152fc13217d2006\",\n    \"request\": \"v1DqDw4goVI=\"\n  }\n}"
}
Accept header absent and forced to application/json
Accept header absent and forced to application/json
Accept header absent and forced to application/json
Accept header absent and forced to application/json
Accept header absent and forced to application/json
Traceback (most recent call last):
  File "./08.tf.hd.py", line 92, in <module>
    run = tfe.fit()
  File "/home/ninghai/miniconda3/envs/preview/lib/python3.6/site-packages/azureml/train/dnn.py", line 320, in fit
    return super(TensorFlow, self).fit()
  File "/home/ninghai/miniconda3/envs/preview/lib/python3.6/site-packages/azureml/train/estimator.py", line 78, in fit
    _telemetry_values=telemetry_values)
  File "/home/ninghai/miniconda3/envs/preview/lib/python3.6/site-packages/azureml/core/run.py", line 66, in submit
    execute_with_zip=_execute_with_zip)
  File "/home/ninghai/miniconda3/envs/preview/lib/python3.6/site-packages/azureml/execution/_commands.py", line 116, in start_run
    execute_with_zip=execute_with_zip)
  File "/home/ninghai/miniconda3/envs/preview/lib/python3.6/site-packages/azureml/execution/_commands.py", line 365, in _start_internal
    snapshot_id = snapshot_async.get()
  File "/home/ninghai/miniconda3/envs/preview/lib/python3.6/multiprocessing/pool.py", line 644, in get
    raise self._value
  File "/home/ninghai/miniconda3/envs/preview/lib/python3.6/multiprocessing/pool.py", line 119, in worker
    result = (True, func(*args, **kwds))
  File "/home/ninghai/miniconda3/envs/preview/lib/python3.6/site-packages/azureml/base_sdk_common/create_snapshot.py", line 102, in create_snapshot
    raise ExperimentExecutionException(get_http_exception_response_string(response))
azureml.exceptions.azureml_exception.ExperimentExecutionException: {
    "url": "https://eastus2.experiments.azureml.net/content/v1.0/subscriptions/fac34303-435d-4486-8c3f-7094d82a0b60/resourceGroups/aml-notebooks/providers/Microsoft.MachineLearningServices/workspaces/haieastus2ws3/snapshots/6a68c9c2-9fc2-48a7-86ed-1079aab6dfa8?parentSnapshotId=f2407d9f-2238-46f6-92ce-8f95174e96e7",
    "status_code": 404,
    "text": "{\n  \"error\": {\n    \"code\": \"UserError\",\n    \"message\": \"Unable to find snapshot with id: f2407d9f-2238-46f6-92ce-8f95174e96e7\",\n    \"target\": null,\n    \"details\": [],\n    \"innerError\": null,\n    \"debugInfo\": {\n      \"type\": \"Common.WebApi.Exceptions.ResourceNotFoundException\",\n      \"message\": \"Unable to find snapshot with id: f2407d9f-2238-46f6-92ce-8f95174e96e7\",\n      \"stackTrace\": \"   at Microsoft.MachineLearning.Project.Services.SnapshotStore.<GetBlobAsStringOrFailNotFound>d__17.MoveNext() in /opt/vsts/work/1/s/src/azureml-api/src/ProjectContent/Services/SnapshotStore.cs:line 271\\n--- End of stack trace from previous location where exception was thrown ---\\n   at System.Runtime.ExceptionServices.ExceptionDispatchInfo.Throw()\\n   at System.Runtime.CompilerServices.TaskAwaiter.HandleNonSuccessAndDebuggerNotification(Task task)\\n   at Microsoft.MachineLearning.Project.Services.SnapshotStore.<GetSnapshot>d__7.MoveNext() in /opt/vsts/work/1/s/src/azureml-api/src/ProjectContent/Services/SnapshotStore.cs:line 113\\n--- End of stack trace from previous location where exception was thrown ---\\n   at System.Runtime.ExceptionServices.ExceptionDispatchInfo.Throw()\\n   at System.Runtime.CompilerServices.TaskAwaiter.HandleNonSuccessAndDebuggerNotification(Task task)\\n   at Microsoft.MachineLearning.ProjectContent.EntryPoints.Controllers.SnapshotController.<CreateSnapshot>d__12.MoveNext() in /opt/vsts/work/1/s/src/azureml-api/src/ProjectContent/EntryPoints/Controllers/SnapshotController.cs:line 212\\n--- End of stack trace from previous location where exception was thrown ---\\n   at System.Runtime.ExceptionServices.ExceptionDispatchInfo.Throw()\\n   at System.Runtime.CompilerServices.TaskAwaiter.HandleNonSuccessAndDebuggerNotification(Task task)\\n   at Microsoft.AspNetCore.Mvc.Internal.ControllerActionInvoker.<InvokeActionMethodAsync>d__12.MoveNext()\\n--- End of stack trace from previous location where exception was thrown ---\\n   at System.Runtime.ExceptionServices.ExceptionDispatchInfo.Throw()\\n   at System.Runtime.CompilerServices.TaskAwaiter.HandleNonSuccessAndDebuggerNotification(Task task)\\n   at Microsoft.AspNetCore.Mvc.Internal.ControllerActionInvoker.<InvokeNextActionFilterAsync>d__10.MoveNext()\\n--- End of stack trace from previous location where exception was thrown ---\\n   at System.Runtime.ExceptionServices.ExceptionDispatchInfo.Throw()\\n   at Microsoft.AspNetCore.Mvc.Internal.ControllerActionInvoker.Rethrow(ActionExecutedContext context)\\n   at Microsoft.AspNetCore.Mvc.Internal.ControllerActionInvoker.Next(State& next, Scope& scope, Object& state, Boolean& isCompleted)\\n   at Microsoft.AspNetCore.Mvc.Internal.ControllerActionInvoker.<InvokeInnerFilterAsync>d__14.MoveNext()\\n--- End of stack trace from previous location where exception was thrown ---\\n   at System.Runtime.ExceptionServices.ExceptionDispatchInfo.Throw()\\n   at System.Runtime.CompilerServices.TaskAwaiter.HandleNonSuccessAndDebuggerNotification(Task task)\\n   at Microsoft.AspNetCore.Mvc.Internal.ResourceInvoker.<InvokeNextExceptionFilterAsync>d__23.MoveNext()\",\n      \"innerException\": null,\n      \"data\": {},\n      \"errorResponse\": null\n    }\n  },\n  \"correlation\": {\n    \"operation\": \"e8790ce6-4dafe5d5581f0658\",\n    \"request\": \"UguGyKDEKtc=\"\n  }\n}"
}
Accept header absent and forced to application/json
Accept header absent and forced to application/json
Client-Request-ID=f73812c7-7051-11e8-9288-000d3a71b7c3 Retry policy did not allow for a retry: Server-Timestamp=Fri, 15 Jun 2018 04:09:58 GMT, Server-Request-ID=a9cf97fe-d01e-0119-305e-043159000000, HTTP status code=409, Exception=The specified container already exists.ErrorCode: ContainerAlreadyExists<?xml version="1.0" encoding="utf-8"?><Error><Code>ContainerAlreadyExists</Code><Message>The specified container already exists.RequestId:a9cf97fe-d01e-0119-305e-043159000000Time:2018-06-15T04:09:59.1026489Z</Message></Error>.
Client-Request-ID=f80ee7c5-7051-11e8-9288-000d3a71b7c3 Retry policy did not allow for a retry: Server-Timestamp=Fri, 15 Jun 2018 04:09:59 GMT, Server-Request-ID=c3fa6cda-601e-0004-335e-04aee6000000, HTTP status code=409, Exception=The specified container already exists.ErrorCode: ContainerAlreadyExists<?xml version="1.0" encoding="utf-8"?><Error><Code>ContainerAlreadyExists</Code><Message>The specified container already exists.RequestId:c3fa6cda-601e-0004-335e-04aee6000000Time:2018-06-15T04:09:59.2982994Z</Message></Error>.
Client-Request-ID=f80ee7c7-7051-11e8-9288-000d3a71b7c3 Retry policy did not allow for a retry: Server-Timestamp=Fri, 15 Jun 2018 04:09:59 GMT, Server-Request-ID=c2f2e6af-501e-00e2-175e-04bf16000000, HTTP status code=409, Exception=The specified container already exists.ErrorCode: ContainerAlreadyExists<?xml version="1.0" encoding="utf-8"?><Error><Code>ContainerAlreadyExists</Code><Message>The specified container already exists.RequestId:c2f2e6af-501e-00e2-175e-04bf16000000Time:2018-06-15T04:09:59.4676535Z</Message></Error>.
Client-Request-ID=f80ee7c9-7051-11e8-9288-000d3a71b7c3 Retry policy did not allow for a retry: Server-Timestamp=Fri, 15 Jun 2018 04:09:58 GMT, Server-Request-ID=f076c6d1-301e-0094-165e-043baa000000, HTTP status code=409, Exception=The specified container already exists.ErrorCode: ContainerAlreadyExists<?xml version="1.0" encoding="utf-8"?><Error><Code>ContainerAlreadyExists</Code><Message>The specified container already exists.RequestId:f076c6d1-301e-0094-165e-043baa000000Time:2018-06-15T04:09:59.6342684Z</Message></Error>.
Already on 'master'
