Switched to branch 'candidate'
Client-Request-ID=91c28518-69ab-11e8-9288-000d3a71b7c3 Retry policy did not allow for a retry: Server-Timestamp=Wed, 06 Jun 2018 17:03:44 GMT, Server-Request-ID=7f9a0357-c01e-0089-41b8-fded15000000, HTTP status code=409, Exception=The specified container already exists.ErrorCode: ContainerAlreadyExists<?xml version="1.0" encoding="utf-8"?><Error><Code>ContainerAlreadyExists</Code><Message>The specified container already exists.RequestId:7f9a0357-c01e-0089-41b8-fded15000000Time:2018-06-06T17:03:44.1700148Z</Message></Error>.
Client-Request-ID=91c2851a-69ab-11e8-9288-000d3a71b7c3 Retry policy did not allow for a retry: Server-Timestamp=Wed, 06 Jun 2018 17:03:43 GMT, Server-Request-ID=ce0fe3d0-201e-0022-4bb8-fd3a07000000, HTTP status code=409, Exception=The specified container already exists.ErrorCode: ContainerAlreadyExists<?xml version="1.0" encoding="utf-8"?><Error><Code>ContainerAlreadyExists</Code><Message>The specified container already exists.RequestId:ce0fe3d0-201e-0022-4bb8-fd3a07000000Time:2018-06-06T17:03:44.3487318Z</Message></Error>.
Client-Request-ID=91c2851c-69ab-11e8-9288-000d3a71b7c3 Retry policy did not allow for a retry: Server-Timestamp=Wed, 06 Jun 2018 17:03:43 GMT, Server-Request-ID=0cedd505-f01e-006f-1fb8-fdfce5000000, HTTP status code=409, Exception=The specified container already exists.ErrorCode: ContainerAlreadyExists<?xml version="1.0" encoding="utf-8"?><Error><Code>ContainerAlreadyExists</Code><Message>The specified container already exists.RequestId:0cedd505-f01e-006f-1fb8-fdfce5000000Time:2018-06-06T17:03:44.5216499Z</Message></Error>.
Client-Request-ID=91c2851e-69ab-11e8-9288-000d3a71b7c3 Retry policy did not allow for a retry: Server-Timestamp=Wed, 06 Jun 2018 17:03:44 GMT, Server-Request-ID=02f941fe-901e-0030-1ab8-fd0e1b000000, HTTP status code=409, Exception=The specified container already exists.ErrorCode: ContainerAlreadyExists<?xml version="1.0" encoding="utf-8"?><Error><Code>ContainerAlreadyExists</Code><Message>The specified container already exists.RequestId:02f941fe-901e-0030-1ab8-fd0e1b000000Time:2018-06-06T17:03:44.6978011Z</Message></Error>.
Traceback (most recent call last):
  File "/home/ninghai/miniconda3/envs/candidate/lib/python3.6/site-packages/azureml/core/webservice/webservice.py", line 291, in _deploy_webservice
    resp.raise_for_status()
  File "/home/ninghai/miniconda3/envs/candidate/lib/python3.6/site-packages/requests/models.py", line 935, in raise_for_status
    raise HTTPError(http_error_msg, response=self)
requests.exceptions.HTTPError: 409 Client Error: Conflict for url: https://eastus2.modelmanagement.azureml.net/api/subscriptions/fac34303-435d-4486-8c3f-7094d82a0b60/resourceGroups/aml-notebooks/providers/Microsoft.MachineLearningServices/workspaces/haieastus2ws3/services?api-version=2018-03-01-preview

During handling of the above exception, another exception occurred:

Traceback (most recent call last):
  File "./01.interactive.e2e.py", line 139, in <module>
    driver = 'score.py')
  File "/home/ninghai/miniconda3/envs/candidate/lib/python3.6/site-packages/azureml/core/workspace.py", line 787, in deploy_webservice
    return Webservice.deploy_from_image(self, name, image, deploy_config, target)
  File "/home/ninghai/miniconda3/envs/candidate/lib/python3.6/site-packages/azureml/core/webservice/webservice.py", line 253, in deploy_from_image
    return child._deploy(workspace, name, image, deployment_config)
  File "/home/ninghai/miniconda3/envs/candidate/lib/python3.6/site-packages/azureml/core/webservice/aci.py", line 108, in _deploy
    return Webservice._deploy_webservice(workspace, name, create_payload, AciWebservice)
  File "/home/ninghai/miniconda3/envs/candidate/lib/python3.6/site-packages/azureml/core/webservice/webservice.py", line 296, in _deploy_webservice
    'Content: {}'.format(resp.status_code, resp.headers, resp.content))
azureml.exceptions.azureml_exception.WebserviceException: Received bad response from Model Management Service:
Response Code: 409
Headers: {'Date': 'Wed, 06 Jun 2018 17:05:35 GMT', 'Content-Type': 'application/json', 'Transfer-Encoding': 'chunked', 'Connection': 'keep-alive', 'api-supported-versions': '2018-03-01-preview', 'x-ms-client-request-id': '34278459a5f64a2084cc712cafb6142b', 'x-ms-client-session-id': '', 'Strict-Transport-Security': 'max-age=15724800; includeSubDomains; preload'}
Content: b'{"code":"Conflict","statusCode":409,"message":"Conflict","details":[{"code":"ServiceWithNameExists","message":"Workspace haieastus2ws3 already contains a Service with name: rrs01a"}]}'
Client-Request-ID=efcd897e-69af-11e8-9288-000d3a71b7c3 Retry policy did not allow for a retry: Server-Timestamp=Wed, 06 Jun 2018 17:34:59 GMT, Server-Request-ID=814f3b41-601e-00a6-16bc-fd6c2f000000, HTTP status code=409, Exception=The specified container already exists.ErrorCode: ContainerAlreadyExists<?xml version="1.0" encoding="utf-8"?><Error><Code>ContainerAlreadyExists</Code><Message>The specified container already exists.RequestId:814f3b41-601e-00a6-16bc-fd6c2f000000Time:2018-06-06T17:34:59.9285804Z</Message></Error>.
Client-Request-ID=efcd8980-69af-11e8-9288-000d3a71b7c3 Retry policy did not allow for a retry: Server-Timestamp=Wed, 06 Jun 2018 17:34:59 GMT, Server-Request-ID=9c67e501-901e-00b3-3ebc-fdaeb6000000, HTTP status code=409, Exception=The specified container already exists.ErrorCode: ContainerAlreadyExists<?xml version="1.0" encoding="utf-8"?><Error><Code>ContainerAlreadyExists</Code><Message>The specified container already exists.RequestId:9c67e501-901e-00b3-3ebc-fdaeb6000000Time:2018-06-06T17:35:00.1246953Z</Message></Error>.
Client-Request-ID=efcd8982-69af-11e8-9288-000d3a71b7c3 Retry policy did not allow for a retry: Server-Timestamp=Wed, 06 Jun 2018 17:35:00 GMT, Server-Request-ID=cf4bb712-301e-00b5-23bc-fd59ce000000, HTTP status code=409, Exception=The specified container already exists.ErrorCode: ContainerAlreadyExists<?xml version="1.0" encoding="utf-8"?><Error><Code>ContainerAlreadyExists</Code><Message>The specified container already exists.RequestId:cf4bb712-301e-00b5-23bc-fd59ce000000Time:2018-06-06T17:35:00.2912098Z</Message></Error>.
Client-Request-ID=efcd8984-69af-11e8-9288-000d3a71b7c3 Retry policy did not allow for a retry: Server-Timestamp=Wed, 06 Jun 2018 17:34:59 GMT, Server-Request-ID=dff5602b-501e-000f-17bc-fdb9c7000000, HTTP status code=409, Exception=The specified container already exists.ErrorCode: ContainerAlreadyExists<?xml version="1.0" encoding="utf-8"?><Error><Code>ContainerAlreadyExists</Code><Message>The specified container already exists.RequestId:dff5602b-501e-000f-17bc-fdb9c7000000Time:2018-06-06T17:35:00.4767955Z</Message></Error>.
Traceback (most recent call last):
  File "./10.o16n.py", line 88, in <module>
    model.delete()
  File "/home/ninghai/miniconda3/envs/candidate/lib/python3.6/site-packages/azureml/core/model.py", line 313, in delete
    'Content: {}'.format(resp.status_code, resp.headers, resp.content))
azureml.exceptions.azureml_exception.WebserviceException: Received bad response from Model Management Service:
Response Code: 412
Headers: {'Date': 'Wed, 06 Jun 2018 17:41:44 GMT', 'Content-Type': 'application/json', 'Transfer-Encoding': 'chunked', 'Connection': 'keep-alive', 'api-supported-versions': '2018-03-01-preview', 'x-ms-client-request-id': 'cf5aac2e05b74485935daef92659fde0', 'x-ms-client-session-id': '', 'Strict-Transport-Security': 'max-age=15724800; includeSubDomains; preload'}
Content: b'{"code":"PreconditionFailed","statusCode":412,"message":"PreconditionFailed","details":[{"code":"DeletionRequired","message":"The model with id mymodel:26 can not be deleted because it is currently being used in one or more images"}]}'
error: Your local changes to the following files would be overwritten by checkout:
	e2e_test/best_model.pkl
	e2e_test/mse_over_alpha.png
Please, commit your changes or stash them before you can switch branches.
Aborting
