/data/git/hai/e2e_test
*** git branch status before ***
  candidate
  daily
* master
On branch master
Your branch is up-to-date with 'origin/master'.
nothing to commit, working directory clean
*** preview ***
HEAD is now at c3d6d1a update
git checkout master
Your branch is up-to-date with 'origin/master'.
git pull
Already up-to-date.
*** git branch status after ***
git branch --list
  candidate
  daily
* master
git status
On branch master
Your branch is up-to-date with 'origin/master'.
nothing to commit, working directory clean
###################################
START AT: 2018-06-22-08:02:36
###################################


##### 01.interactive.e2e.py (2018-06-22-08:02:36) ######
Azure ML Core SDK Version: 0.1.0.1060109
Found config.json in: /data/git/hai/e2e_test/aml_config/config.json
Workspace details:
aml-notebooks haieastus2ws3 eastus2
start sequential parameter sweep...
try alpha value of 0.00
try alpha value of 0.05
try alpha value of 0.10
try alpha value of 0.15
try alpha value of 0.20
try alpha value of 0.25
try alpha value of 0.30
try alpha value of 0.35
try alpha value of 0.40
try alpha value of 0.45
try alpha value of 0.50
try alpha value of 0.55
try alpha value of 0.60
try alpha value of 0.65
try alpha value of 0.70
try alpha value of 0.75
try alpha value of 0.80
try alpha value of 0.85
try alpha value of 0.90
try alpha value of 0.95
Find the best run.
Best run is: 56ae19b0-210e-4a3c-8e6d-0e91098d8b52
Metrics: {'alpha': 0.4, 'mse': 3295.741064355809, 'columns': ['age', 'gender', 'bmi', 'bp', 's1', 's2', 's3', 's4', 's5', 's6']}
Run history url:
https://mlworkspace.azureml-test.net/portal/subscriptions/fac34303-435d-4486-8c3f-7094d82a0b60/resourceGroups/aml-notebooks/providers/Microsoft.MachineLearningServices/workspaces/haieastus2ws3/history/e2e-01/runs/56ae19b0-210e-4a3c-8e6d-0e91098d8b52
https://mlworkspace.azureml-test.net/home/%2Fsubscriptions%2Ffac34303-435d-4486-8c3f-7094d82a0b60%2FresourceGroups%2Faml-notebooks%2Fproviders%2FMicrosoft.MachineLearningServices%2Fworkspaces%2Fhaieastus2ws3/projects/e2e-01/run-history/run-details/56ae19b0-210e-4a3c-8e6d-0e91098d8b52
plot mse_over_alpha.png
upload mse_over_alpha.png.
deploying to ACI...
Registering model best_model.pkl
Creating image
Image creation operation finished for image rrs01-preview:27, operation "Succeeded"
Creating service
Running.............................................
SucceededACI service creation operation finished, operation "Succeeded"
test the web service.
{"result": [217.67978776218717, 224.78937091757172, 163.3196311066946, 125.1273401431565, 169.90947633176765, 228.5134871431722, 116.72451334033745, 182.98787464375403, 144.67889653294637, 204.44059121904507]}
delete ACI


##### 02.local.py (2018-06-22-08:09:56) ################
Azure ML Core SDK Version: 0.1.0.1060109
Found config.json in: /data/git/hai/e2e_test/aml_config/config.json
Workspace details:
aml-notebooks haieastus2ws3 eastus2
/tmp/e2e-test/02 already exists, remove it.
/tmp/e2e-test/02
e2e-02
copy train-sklearn.py to the project folder.
load run config

##################################################
submitting train-sklearn.py for a local run...
##################################################



##### 03.aci.py (2018-06-22-08:10:00) ##################
Azure ML Core SDK Version: 0.1.0.1060109
Found config.json in: /data/git/hai/e2e_test/aml_config/config.json
Workspace details:
aml-notebooks haieastus2ws3 eastus2
/tmp/e2e-test/03 already exists, remove it.
/tmp/e2e-test/03
e2e-03
copy train-sklearn.py to the project folder.

##################################################
ACI run...
##################################################

Create a run config object for ACI
base image is continuumio/miniconda3:4.4.10
submitting run...


##### 04.dsvm (2018-06-22-08:10:02) ####################
Azure ML Core SDK Version: 0.1.0.1060109
Found config.json in: /data/git/hai/e2e_test/aml_config/config.json
Workspace details:
aml-notebooks haieastus2ws3 eastus2
/tmp/e2e-test/04 already exists, remove it.
/tmp/e2e-test/04
e2e-04
copy train-sklearn.py to the project folder.

##################################################
Bare VM run
##################################################

Load the cpu-dsvm config from aml_config directory...
submit run...


##### 05.spark (2018-06-22-08:10:06) ###################
Azure ML Core SDK Version: 0.1.0.1060109
Found config.json in: /data/git/hai/e2e_test/aml_config/config.json
Workspace details:
aml-notebooks haieastus2ws3 eastus2
/tmp/e2e-test/05 already exists, remove it.
/tmp/e2e-test/05
e2e-05
copy train-spark.py and iris.csv to the project folder.
create an ACI run config.
base image is microsoft/mmlspark:0.12

##################################################
submitting train-spark.py for a Spark run on ACI...
##################################################



##### 07.sklearn.hd.py (2018-06-22-08:10:08) ###########
Azure ML Core SDK Version: 0.1.0.1060109
Found config.json in: /data/git/hai/e2e_test/aml_config/config.json
Workspace details:
aml-notebooks haieastus2ws3 eastus2
/tmp/e2e-test/07 already exists, remove it.
/tmp/e2e-test/07
e2e-07
copy train-sklearn-one-model.py to the project folder.
create or load BatchAI compute cpucluster...
gpucluster BatchAI
cpucluster BatchAI
found compute target. just use it.
create generic estimator.

##################################################
Batch AI run...
##################################################



##### 08.tf.hd.py (2018-06-22-08:10:17) ################
Azure ML Core SDK Version: 0.1.0.1060109
Found config.json in: /data/git/hai/e2e_test/aml_config/config.json
Workspace details:
aml-notebooks haieastus2ws3 eastus2
/tmp/e2e-test/08 already exists, remove it.
/tmp/e2e-test/08
e2e-08
copy mnist_tf.py to the project folder.
create or load BatchAI compute gpucluster...
gpucluster BatchAI
found compute target. just use it.
create TensorFlow estimator.

##################################################
submitting mnist_tf.py for a Batch AI run...
##################################################



##### 10.o16n.py (2018-06-22-08:10:20) #################
Azure ML Core SDK Version: 0.1.0.1060109
Found config.json in: /data/git/hai/e2e_test/aml_config/config.json
Workspace details:
aml-notebooks haieastus2ws3 eastus2
Registering model mymodel
Name: mymodel 	Version: 19 	Description: Ridge regression model to predict diabetes ['diabetes', 'regression']
Name: mymodel 	Version: 18 	Description: Ridge regression model to predict diabetes ['diabetes', 'regression']
Name: mymodel 	Version: 17 	Description: Ridge regression model to predict diabetes ['diabetes', 'regression']
Name: mymodel 	Version: 16 	Description: Ridge regression model to predict diabetes ['diabetes', 'regression']
Name: mymodel 	Version: 15 	Description: Ridge regression model to predict diabetes ['diabetes', 'regression']
Name: mymodel 	Version: 14 	Description: Ridge regression model to predict diabetes ['diabetes', 'regression']
Name: mymodel 	Version: 13 	Description: Ridge regression model to predict diabetes ['diabetes', 'regression']
Name: mymodel 	Version: 12 	Description: Ridge regression model to predict diabetes ['diabetes', 'regression']
Name: mymodel 	Version: 11 	Description: Ridge regression model to predict diabetes ['diabetes', 'regression']
Name: mymodel 	Version: 10 	Description: Ridge regression model to predict diabetes ['diabetes', 'regression']
Name: mymodel 	Version: 9 	Description: Ridge regression model to predict diabetes ['diabetes', 'regression']
Name: mymodel 	Version: 8 	Description: Ridge regression model to predict diabetes ['diabetes', 'regression']
Name: mymodel 	Version: 7 	Description: Ridge regression model to predict diabetes ['diabetes', 'regression']
Name: mymodel 	Version: 6 	Description: Ridge regression model to predict diabetes ['diabetes', 'regression']
Name: mymodel 	Version: 5 	Description: Ridge regression model to predict diabetes ['diabetes', 'regression']
Name: mymodel 	Version: 4 	Description: Ridge regression model to predict diabetes ['diabetes', 'regression']
Name: mymodel 	Version: 3 	Description: Ridge regression model to predict diabetes ['diabetes', 'regression']
Name: mymodel 	Version: 2 	Description: Ridge regression model to predict diabetes ['diabetes', 'regression']
Name: mymodel 	Version: 1 	Description: Ridge regression model to predict diabetes ['diabetes', 'regression']
Ridge regression model to predict diabetes
Creating image
Running.........................
SucceededImage creation operation finished for image myimage:25, operation "Succeeded"
myimage(v.25 [Succeeded]) stored at haieastuacrahrddlyn.azurecr.io/myimage:25 with build log https://eastus2ice.blob.core.windows.net/logs/haieastuacrahrddlyn15296694323131582.txt?sp=r&sig=vCRWqZVhyK5P4GbcqSH6TKSZyfo7pOTv9Gi4nFTW7lo%3D&sr=b&sv=2017-04-17&se=2018-07-22T12%3A12%3A33Z
myimage(v.24 [Succeeded]) stored at haieastuacrahrddlyn.azurecr.io/myimage:24 with build log https://eastus2ice.blob.core.windows.net/logs/haieastuacrahrddlyn15296551290080442.txt?se=2018-07-22T08%3A14%3A03Z&sv=2017-04-17&sig=mmXLOLDXm%2BadVs6/npsR2sn%2BQjYxmEj3yF1gesJttoQ%3D&sr=b&sp=r
myimage(v.23 [Succeeded]) stored at haieastuacrahrddlyn.azurecr.io/myimage:23 with build log https://eastus2ice.blob.core.windows.net/logs/haieastuacrahrddlyn15296406223715148.txt?se=2018-07-22T04%3A12%3A13Z&sv=2017-04-17&sig=O3Y07%2BkDpxoPig46EyQhBwdZaArsQlNVOlrqib9UD5Q%3D&sr=b&sp=r
myimage(v.22 [Succeeded]) stored at haieastuacrahrddlyn.azurecr.io/myimage:22 with build log https://eastus2ice.blob.core.windows.net/logs/haieastuacrahrddlyn15296120270151294.txt?se=2018-07-21T20%3A15%3A49Z&sv=2017-04-17&sig=NKtBOH8Mk5tF%2BAGUriFQldh1CU9g94a3D/SpWMyN6I4%3D&sr=b&sp=r
myimage(v.21 [Succeeded]) stored at haieastuacrahrddlyn.azurecr.io/myimage:21 with build log https://eastus2ice.blob.core.windows.net/logs/haieastuacrahrddlyn15295975203270428.txt?sp=r&sig=7ZSfEk6w4uRn%2B7q3xGIJP7AfgU3ajkfuiLiMFTm0vtc%3D&sr=b&sv=2017-04-17&se=2018-07-21T16%3A13%3A56Z
myimage(v.20 [Succeeded]) stored at haieastuacrahrddlyn.azurecr.io/myimage:20 with build log https://eastus2ice.blob.core.windows.net/logs/haieastuacrahrddlyn15295831664503410.txt?sp=r&sig=MlkvZeZeg7HDKICGTUNRiBvpY8nXhFzLA1PV18LjfZ0%3D&sr=b&sv=2017-04-17&se=2018-07-21T12%3A14%3A47Z
myimage(v.19 [Succeeded]) stored at haieastuacrahrddlyn.azurecr.io/myimage:19 with build log https://eastus2ice.blob.core.windows.net/logs/haieastuacrahrddlyn15295687043182232.txt?se=2018-07-21T08%3A13%3A36Z&sv=2017-04-17&sig=0eXFwmwbD4Ayw15RnwljZEmTbX5KV73N85d10A7LnFc%3D&sr=b&sp=r
myimage(v.18 [Succeeded]) stored at haieastuacrahrddlyn.azurecr.io/myimage:18 with build log https://eastus2ice.blob.core.windows.net/logs/haieastuacrahrddlyn15295542854420704.txt?sp=r&sig=pNyUpGA/bOjMAJ8cWRexBqaY0gfYhchkgXAjpD6ft6o%3D&sr=b&sv=2017-04-17&se=2018-07-21T04%3A13%3A17Z
myimage(v.17 [Succeeded]) stored at haieastuacrahrddlyn.azurecr.io/myimage:17 with build log https://eastus2ice.blob.core.windows.net/logs/haieastuacrahrddlyn15295399072756284.txt?se=2018-07-21T00%3A13%3A43Z&sv=2017-04-17&sig=EpzIIQRYUj36ohs6eu9dTlyV82vhvqORmxfHmo/zjPM%3D&sr=b&sp=r
myimage(v.16 [Succeeded]) stored at haieastuacrahrddlyn.azurecr.io/myimage:16 with build log https://eastus2ice.blob.core.windows.net/logs/haieastuacrahrddlyn15295254928267682.txt?sp=r&sig=ka0tTAqZX0aNDx1PZH9AFfyeVD5uUj41NJbdBfiNYrU%3D&sr=b&sv=2017-04-17&se=2018-07-20T20%3A13%3A34Z
myimage(v.15 [Succeeded]) stored at haieastuacrahrddlyn.azurecr.io/myimage:15 with build log https://eastus2ice.blob.core.windows.net/logs/haieastuacrahrddlyn15295111331165748.txt?sr=b&sig=2VQnBPVMMVkoAxtRBrdawJYVSeDjE7Ah3J1oLTO0gj0%3D&sp=r&se=2018-07-20T16%3A14%3A15Z&sv=2017-04-17
myimage(v.14 [Succeeded]) stored at haieastuacrahrddlyn.azurecr.io/myimage:14 with build log https://eastus2ice.blob.core.windows.net/logs/haieastuacrahrddlyn15294967222884550.txt?sp=r&sig=PVSuVjHSk519eXEp7HbMo/yW82NS7J5KC%2BqPgseZUzA%3D&sr=b&sv=2017-04-17&se=2018-07-20T12%3A16%3A56Z
myimage(v.13 [Succeeded]) stored at haieastuacrahrddlyn.azurecr.io/myimage:13 with build log https://eastus2ice.blob.core.windows.net/logs/haieastuacrahrddlyn15294822525771986.txt?sp=r&sig=c06WSoRyoN6DoRE56d8UEm1WO2N7ZuXqQv6s5weiLGE%3D&sr=b&sv=2017-04-17&se=2018-07-20T08%3A12%3A48Z
myimage(v.12 [Succeeded]) stored at haieastuacrahrddlyn.azurecr.io/myimage:12 with build log https://eastus2ice.blob.core.windows.net/logs/haieastuacrahrddlyn15294678166680768.txt?sr=b&sig=CkPf92oyKkOnsNfHr8lxwV/cOZtFK9j9Ro0vZ98AzPU%3D&sp=r&se=2018-07-20T04%3A12%3A06Z&sv=2017-04-17
myimage(v.11 [Succeeded]) stored at haieastuacrahrddlyn.azurecr.io/myimage:11 with build log https://eastus2ice.blob.core.windows.net/logs/haieastuacrahrddlyn15294535654958064.txt?sr=b&sig=4ZsTeTVFw3ihw5c0SGjuVH4PGbiyarDkkQCqLtYCuTM%3D&sp=r&se=2018-07-20T00%3A14%3A39Z&sv=2017-04-17
myimage(v.10 [Succeeded]) stored at haieastuacrahrddlyn.azurecr.io/myimage:10 with build log https://eastus2ice.blob.core.windows.net/logs/haieastuacrahrddlyn15294392851420564.txt?sp=r&sig=kQIky5sySbizpA3QO6GfMNizj9H0B2vtop0WlRVFbcs%3D&sr=b&sv=2017-04-17&se=2018-07-19T20%3A16%3A50Z
myimage(v.9 [Succeeded]) stored at haieastuacrahrddlyn.azurecr.io/myimage:9 with build log https://eastus2ice.blob.core.windows.net/logs/haieastuacrahrddlyn15291237065511336.txt?sp=r&sig=ogmHYmu5fYLbFxilgS/vRojQOyTh79XVlFmOOrVN%2B1A%3D&sr=b&sv=2017-04-17&se=2018-07-16T04%3A37%3A01Z
Creating service
HEAD is now at c3d6d1a update
Your branch is up-to-date with 'origin/master'.
Already up-to-date.


###################################
########### END AT 2018-06-22-08:12:42
###################################
