/data/git/hai/e2e_test
*** git branch status before ***
  candidate
  daily
* master
On branch master
Your branch is up-to-date with 'origin/master'.
nothing to commit, working directory clean
*** daily ***
HEAD is now at 2144e49 mnist
git checkout daily
Your branch is up-to-date with 'origin/daily'.
Already up-to-date.
*** git branch status after ***
  candidate
* daily
  master
On branch daily
Your branch is up-to-date with 'origin/daily'.
nothing to commit, working directory clean
###################################
START AT: 2018-06-14-02:02:31
###################################


##### 01.interactive.e2e.py (2018-06-14-02:02:31) ######
Azure ML Core SDK Version: 0.1.0.1044508
Found config.json in: /data/git/hai/e2e_test/aml_config/config.json


##### 02.local.py (2018-06-14-02:03:40) ################
Azure ML Core SDK Version: 0.1.0.1044508
Found config.json in: /data/git/hai/e2e_test/aml_config/config.json


##### 03.aci.py (2018-06-14-02:04:46) ##################
Azure ML Core SDK Version: 0.1.0.1044508
Found config.json in: /data/git/hai/e2e_test/aml_config/config.json


##### 04.dsvm (2018-06-14-02:05:52) ####################
Azure ML Core SDK Version: 0.1.0.1044508
Found config.json in: /data/git/hai/e2e_test/aml_config/config.json


##### 05.spark (2018-06-14-02:06:58) ###################
Azure ML Core SDK Version: 0.1.0.1044508
Found config.json in: /data/git/hai/e2e_test/aml_config/config.json


##### 07.sklearn.hd.py (2018-06-14-02:08:04) ###########
Azure ML Core SDK Version: 0.1.0.1044508
Found config.json in: /data/git/hai/e2e_test/aml_config/config.json


##### 08.tf.hd.py (2018-06-14-02:09:09) ################
Azure ML Core SDK Version: 0.1.0.1044508
Found config.json in: /data/git/hai/e2e_test/aml_config/config.json


##### 10.o16n.py (2018-06-14-02:10:15) #################
Azure ML Core SDK Version: 0.1.0.1044508
Found config.json in: /data/git/hai/e2e_test/aml_config/config.json
HEAD is now at 832b63e remove files
Your branch is up-to-date with 'origin/master'.
Already up-to-date.


###################################
########### END AT 2018-06-14-02:11:22
###################################
