Already on 'master'
Client-Request-ID=302c9ec1-6e5a-11e8-9288-000d3a71b7c3 Retry policy did not allow for a retry: Server-Timestamp=Tue, 12 Jun 2018 16:03:47 GMT, Server-Request-ID=dd12052e-201e-0029-6866-022273000000, HTTP status code=409, Exception=The specified container already exists.ErrorCode: ContainerAlreadyExists<?xml version="1.0" encoding="utf-8"?><Error><Code>ContainerAlreadyExists</Code><Message>The specified container already exists.RequestId:dd12052e-201e-0029-6866-022273000000Time:2018-06-12T16:03:47.9980307Z</Message></Error>.
Client-Request-ID=30d4891f-6e5a-11e8-9288-000d3a71b7c3 Retry policy did not allow for a retry: Server-Timestamp=Tue, 12 Jun 2018 16:03:47 GMT, Server-Request-ID=fd141d34-f01e-0124-0966-028b2a000000, HTTP status code=409, Exception=The specified container already exists.ErrorCode: ContainerAlreadyExists<?xml version="1.0" encoding="utf-8"?><Error><Code>ContainerAlreadyExists</Code><Message>The specified container already exists.RequestId:fd141d34-f01e-0124-0966-028b2a000000Time:2018-06-12T16:03:48.2197005Z</Message></Error>.
Client-Request-ID=30d48921-6e5a-11e8-9288-000d3a71b7c3 Retry policy did not allow for a retry: Server-Timestamp=Tue, 12 Jun 2018 16:03:48 GMT, Server-Request-ID=fb525b43-101e-012e-0766-0292a3000000, HTTP status code=409, Exception=The specified container already exists.ErrorCode: ContainerAlreadyExists<?xml version="1.0" encoding="utf-8"?><Error><Code>ContainerAlreadyExists</Code><Message>The specified container already exists.RequestId:fb525b43-101e-012e-0766-0292a3000000Time:2018-06-12T16:03:48.4022216Z</Message></Error>.
Client-Request-ID=30d48923-6e5a-11e8-9288-000d3a71b7c3 Retry policy did not allow for a retry: Server-Timestamp=Tue, 12 Jun 2018 16:03:47 GMT, Server-Request-ID=30df32d8-b01e-00eb-0b66-02aacd000000, HTTP status code=409, Exception=The specified container already exists.ErrorCode: ContainerAlreadyExists<?xml version="1.0" encoding="utf-8"?><Error><Code>ContainerAlreadyExists</Code><Message>The specified container already exists.RequestId:30df32d8-b01e-00eb-0b66-02aacd000000Time:2018-06-12T16:03:48.6736653Z</Message></Error>.
Traceback (most recent call last):
  File "./02.local.py", line 92, in <module>
    min(metrics['mse']), 
KeyError: 'mse'
Client-Request-ID=6c66f55d-6e5f-11e8-9288-000d3a71b7c3 Retry policy did not allow for a retry: Server-Timestamp=Tue, 12 Jun 2018 16:41:16 GMT, Server-Request-ID=0368555b-f01e-006f-466c-02fce5000000, HTTP status code=409, Exception=The specified container already exists.ErrorCode: ContainerAlreadyExists<?xml version="1.0" encoding="utf-8"?><Error><Code>ContainerAlreadyExists</Code><Message>The specified container already exists.RequestId:0368555b-f01e-006f-466c-02fce5000000Time:2018-06-12T16:41:16.9032176Z</Message></Error>.
Client-Request-ID=6c66f55f-6e5f-11e8-9288-000d3a71b7c3 Retry policy did not allow for a retry: Server-Timestamp=Tue, 12 Jun 2018 16:41:16 GMT, Server-Request-ID=32c24ac3-801e-012b-136c-0266dc000000, HTTP status code=409, Exception=The specified container already exists.ErrorCode: ContainerAlreadyExists<?xml version="1.0" encoding="utf-8"?><Error><Code>ContainerAlreadyExists</Code><Message>The specified container already exists.RequestId:32c24ac3-801e-012b-136c-0266dc000000Time:2018-06-12T16:41:17.0778869Z</Message></Error>.
Client-Request-ID=6d62c077-6e5f-11e8-9288-000d3a71b7c3 Retry policy did not allow for a retry: Server-Timestamp=Tue, 12 Jun 2018 16:41:16 GMT, Server-Request-ID=7ceb214e-501e-0026-596c-02cf85000000, HTTP status code=409, Exception=The specified container already exists.ErrorCode: ContainerAlreadyExists<?xml version="1.0" encoding="utf-8"?><Error><Code>ContainerAlreadyExists</Code><Message>The specified container already exists.RequestId:7ceb214e-501e-0026-596c-02cf85000000Time:2018-06-12T16:41:17.2520220Z</Message></Error>.
Client-Request-ID=6d62c079-6e5f-11e8-9288-000d3a71b7c3 Retry policy did not allow for a retry: Server-Timestamp=Tue, 12 Jun 2018 16:41:17 GMT, Server-Request-ID=4da16f01-501e-0087-1e6c-02011e000000, HTTP status code=409, Exception=The specified container already exists.ErrorCode: ContainerAlreadyExists<?xml version="1.0" encoding="utf-8"?><Error><Code>ContainerAlreadyExists</Code><Message>The specified container already exists.RequestId:4da16f01-501e-0087-1e6c-02011e000000Time:2018-06-12T16:41:17.4397205Z</Message></Error>.
Traceback (most recent call last):
  File "./10.o16n.py", line 88, in <module>
    model.delete()
  File "/home/ninghai/miniconda3/envs/preview/lib/python3.6/site-packages/azureml/core/model.py", line 313, in delete
    'Content: {}'.format(resp.status_code, resp.headers, resp.content))
azureml.exceptions.azureml_exception.WebserviceException: Received bad response from Model Management Service:
Response Code: 412
Headers: {'Date': 'Tue, 12 Jun 2018 16:47:36 GMT', 'Content-Type': 'application/json', 'Transfer-Encoding': 'chunked', 'Connection': 'keep-alive', 'api-supported-versions': '2018-03-01-preview', 'x-ms-client-request-id': '04f237c2a8db438f8f9aa2505fff9d73', 'x-ms-client-session-id': '', 'Strict-Transport-Security': 'max-age=15724800; includeSubDomains; preload'}
Content: b'{"code":"PreconditionFailed","statusCode":412,"message":"PreconditionFailed","details":[{"code":"DeletionRequired","message":"The model with id best_model.pkl:189 can not be deleted because it is currently being used in one or more images"}]}'
Already on 'master'
