Switched to branch 'candidate'
Client-Request-ID=549735d7-6b1c-11e8-9288-000d3a71b7c3 Retry policy did not allow for a retry: Server-Timestamp=Fri, 08 Jun 2018 13:03:25 GMT, Server-Request-ID=98843928-c01e-0089-6f29-ffed15000000, HTTP status code=409, Exception=The specified container already exists.ErrorCode: ContainerAlreadyExists<?xml version="1.0" encoding="utf-8"?><Error><Code>ContainerAlreadyExists</Code><Message>The specified container already exists.RequestId:98843928-c01e-0089-6f29-ffed15000000Time:2018-06-08T13:03:26.5419166Z</Message></Error>.
Client-Request-ID=549735d9-6b1c-11e8-9288-000d3a71b7c3 Retry policy did not allow for a retry: Server-Timestamp=Fri, 08 Jun 2018 13:03:25 GMT, Server-Request-ID=cc5a5747-401e-0010-4c29-ff62d7000000, HTTP status code=409, Exception=The specified container already exists.ErrorCode: ContainerAlreadyExists<?xml version="1.0" encoding="utf-8"?><Error><Code>ContainerAlreadyExists</Code><Message>The specified container already exists.RequestId:cc5a5747-401e-0010-4c29-ff62d7000000Time:2018-06-08T13:03:26.7264277Z</Message></Error>.
Client-Request-ID=549735db-6b1c-11e8-9288-000d3a71b7c3 Retry policy did not allow for a retry: Server-Timestamp=Fri, 08 Jun 2018 13:03:26 GMT, Server-Request-ID=e007be58-001e-0071-5229-ff2608000000, HTTP status code=409, Exception=The specified container already exists.ErrorCode: ContainerAlreadyExists<?xml version="1.0" encoding="utf-8"?><Error><Code>ContainerAlreadyExists</Code><Message>The specified container already exists.RequestId:e007be58-001e-0071-5229-ff2608000000Time:2018-06-08T13:03:27.0811530Z</Message></Error>.
Client-Request-ID=5568fb0d-6b1c-11e8-9288-000d3a71b7c3 Retry policy did not allow for a retry: Server-Timestamp=Fri, 08 Jun 2018 13:03:26 GMT, Server-Request-ID=f6b573f4-901e-00fc-3d29-ff6aae000000, HTTP status code=409, Exception=The specified container already exists.ErrorCode: ContainerAlreadyExists<?xml version="1.0" encoding="utf-8"?><Error><Code>ContainerAlreadyExists</Code><Message>The specified container already exists.RequestId:f6b573f4-901e-00fc-3d29-ff6aae000000Time:2018-06-08T13:03:27.3063289Z</Message></Error>.
Traceback (most recent call last):
  File "/home/ninghai/miniconda3/envs/candidate/lib/python3.6/site-packages/azureml/core/webservice/webservice.py", line 291, in _deploy_webservice
    resp.raise_for_status()
  File "/home/ninghai/miniconda3/envs/candidate/lib/python3.6/site-packages/requests/models.py", line 935, in raise_for_status
    raise HTTPError(http_error_msg, response=self)
requests.exceptions.HTTPError: 409 Client Error: Conflict for url: https://eastus2.modelmanagement.azureml.net/api/subscriptions/fac34303-435d-4486-8c3f-7094d82a0b60/resourceGroups/aml-notebooks/providers/Microsoft.MachineLearningServices/workspaces/haieastus2ws3/services?api-version=2018-03-01-preview

During handling of the above exception, another exception occurred:

Traceback (most recent call last):
  File "./01.interactive.e2e.py", line 139, in <module>
    driver = 'score.py')
  File "/home/ninghai/miniconda3/envs/candidate/lib/python3.6/site-packages/azureml/core/workspace.py", line 787, in deploy_webservice
    return Webservice.deploy_from_image(self, name, image, deploy_config, target)
  File "/home/ninghai/miniconda3/envs/candidate/lib/python3.6/site-packages/azureml/core/webservice/webservice.py", line 253, in deploy_from_image
    return child._deploy(workspace, name, image, deployment_config)
  File "/home/ninghai/miniconda3/envs/candidate/lib/python3.6/site-packages/azureml/core/webservice/aci.py", line 108, in _deploy
    return Webservice._deploy_webservice(workspace, name, create_payload, AciWebservice)
  File "/home/ninghai/miniconda3/envs/candidate/lib/python3.6/site-packages/azureml/core/webservice/webservice.py", line 296, in _deploy_webservice
    'Content: {}'.format(resp.status_code, resp.headers, resp.content))
azureml.exceptions.azureml_exception.WebserviceException: Received bad response from Model Management Service:
Response Code: 409
Headers: {'Date': 'Fri, 08 Jun 2018 13:05:08 GMT', 'Content-Type': 'application/json', 'Transfer-Encoding': 'chunked', 'Connection': 'keep-alive', 'api-supported-versions': '2018-03-01-preview', 'x-ms-client-request-id': '9143d4dd718742eebc34cd04e07b75d3', 'x-ms-client-session-id': '', 'Strict-Transport-Security': 'max-age=15724800; includeSubDomains; preload'}
Content: b'{"code":"Conflict","statusCode":409,"message":"Conflict","details":[{"code":"ServiceWithNameExists","message":"Workspace haieastus2ws3 already contains a Service with name: rrs01a"}]}'
Client-Request-ID=7e35beb3-6b21-11e8-9288-000d3a71b7c3 Retry policy did not allow for a retry: Server-Timestamp=Fri, 08 Jun 2018 13:40:23 GMT, Server-Request-ID=4cd5bdec-d01e-00d2-062e-ffea69000000, HTTP status code=409, Exception=The specified container already exists.ErrorCode: ContainerAlreadyExists<?xml version="1.0" encoding="utf-8"?><Error><Code>ContainerAlreadyExists</Code><Message>The specified container already exists.RequestId:4cd5bdec-d01e-00d2-062e-ffea69000000Time:2018-06-08T13:40:24.4086157Z</Message></Error>.
Client-Request-ID=7e35beb5-6b21-11e8-9288-000d3a71b7c3 Retry policy did not allow for a retry: Server-Timestamp=Fri, 08 Jun 2018 13:40:24 GMT, Server-Request-ID=0b43887f-701e-00df-642e-ff0565000000, HTTP status code=409, Exception=The specified container already exists.ErrorCode: ContainerAlreadyExists<?xml version="1.0" encoding="utf-8"?><Error><Code>ContainerAlreadyExists</Code><Message>The specified container already exists.RequestId:0b43887f-701e-00df-642e-ff0565000000Time:2018-06-08T13:40:24.5613097Z</Message></Error>.
Client-Request-ID=7e35beb7-6b21-11e8-9288-000d3a71b7c3 Retry policy did not allow for a retry: Server-Timestamp=Fri, 08 Jun 2018 13:40:23 GMT, Server-Request-ID=e0e5c458-901e-0116-1c2e-ffd3fa000000, HTTP status code=409, Exception=The specified container already exists.ErrorCode: ContainerAlreadyExists<?xml version="1.0" encoding="utf-8"?><Error><Code>ContainerAlreadyExists</Code><Message>The specified container already exists.RequestId:e0e5c458-901e-0116-1c2e-ffd3fa000000Time:2018-06-08T13:40:24.7191034Z</Message></Error>.
Client-Request-ID=7e35beb9-6b21-11e8-9288-000d3a71b7c3 Retry policy did not allow for a retry: Server-Timestamp=Fri, 08 Jun 2018 13:40:24 GMT, Server-Request-ID=83e94aa6-201e-004f-362e-ff9029000000, HTTP status code=409, Exception=The specified container already exists.ErrorCode: ContainerAlreadyExists<?xml version="1.0" encoding="utf-8"?><Error><Code>ContainerAlreadyExists</Code><Message>The specified container already exists.RequestId:83e94aa6-201e-004f-362e-ff9029000000Time:2018-06-08T13:40:24.8836062Z</Message></Error>.
Traceback (most recent call last):
  File "/home/ninghai/miniconda3/envs/candidate/lib/python3.6/site-packages/azureml/core/webservice/webservice.py", line 291, in _deploy_webservice
    resp.raise_for_status()
  File "/home/ninghai/miniconda3/envs/candidate/lib/python3.6/site-packages/requests/models.py", line 935, in raise_for_status
    raise HTTPError(http_error_msg, response=self)
requests.exceptions.HTTPError: 409 Client Error: Conflict for url: https://eastus2.modelmanagement.azureml.net/api/subscriptions/fac34303-435d-4486-8c3f-7094d82a0b60/resourceGroups/aml-notebooks/providers/Microsoft.MachineLearningServices/workspaces/haieastus2ws3/services?api-version=2018-03-01-preview

During handling of the above exception, another exception occurred:

Traceback (most recent call last):
  File "./10.o16n.py", line 64, in <module>
    image = image)
  File "/home/ninghai/miniconda3/envs/candidate/lib/python3.6/site-packages/azureml/core/workspace.py", line 787, in deploy_webservice
    return Webservice.deploy_from_image(self, name, image, deploy_config, target)
  File "/home/ninghai/miniconda3/envs/candidate/lib/python3.6/site-packages/azureml/core/webservice/webservice.py", line 253, in deploy_from_image
    return child._deploy(workspace, name, image, deployment_config)
  File "/home/ninghai/miniconda3/envs/candidate/lib/python3.6/site-packages/azureml/core/webservice/aci.py", line 108, in _deploy
    return Webservice._deploy_webservice(workspace, name, create_payload, AciWebservice)
  File "/home/ninghai/miniconda3/envs/candidate/lib/python3.6/site-packages/azureml/core/webservice/webservice.py", line 296, in _deploy_webservice
    'Content: {}'.format(resp.status_code, resp.headers, resp.content))
azureml.exceptions.azureml_exception.WebserviceException: Received bad response from Model Management Service:
Response Code: 409
Headers: {'Date': 'Fri, 08 Jun 2018 13:45:03 GMT', 'Content-Type': 'application/json', 'Transfer-Encoding': 'chunked', 'Connection': 'keep-alive', 'api-supported-versions': '2018-03-01-preview', 'x-ms-client-request-id': '45b83c1b526348b9ab639fd32cc95383', 'x-ms-client-session-id': '', 'Strict-Transport-Security': 'max-age=15724800; includeSubDomains; preload'}
Content: b'{"code":"Conflict","statusCode":409,"message":"Conflict","details":[{"code":"ServiceWithNameExists","message":"Workspace haieastus2ws3 already contains a Service with name: rrs02"}]}'
error: Your local changes to the following files would be overwritten by checkout:
	e2e_test/aml_config/config.json
	e2e_test/best_model.pkl
	e2e_test/mse_over_alpha.png
Please, commit your changes or stash them before you can switch branches.
Aborting
