/data/git/hai/e2e_test
*** git branch status before ***
  candidate
  daily
* master
On branch master
Your branch is up-to-date with 'origin/master'.
nothing to commit, working directory clean
*** preview ***
HEAD is now at 79a4ea3 docs
git checkout master
Your branch is up-to-date with 'origin/master'.
git pull
Already up-to-date.
*** git branch status after ***
git branch --list
  candidate
  daily
* master
git status
On branch master
Your branch is up-to-date with 'origin/master'.
nothing to commit, working directory clean
###################################
START AT: 2018-07-11-04:01:15
###################################


##### 01.interactive.e2e.py (2018-07-11-04:01:15) ######


##### 02.local.py (2018-07-11-04:01:15) ################


##### 03.aci.py (2018-07-11-04:01:15) ##################


##### 04.dsvm (2018-07-11-04:01:15) ####################


##### 05.spark (2018-07-11-04:01:15) ###################


##### 07.sklearn.hd.py (2018-07-11-04:01:15) ###########


##### 08.tf.hd.py (2018-07-11-04:01:15) ################


##### 10.o16n.py (2018-07-11-04:01:15) #################
HEAD is now at 79a4ea3 docs
Your branch is up-to-date with 'origin/master'.
Already up-to-date.


###################################
########### END AT 2018-07-11-04:01:16
###################################
