Looking in indexes: https://pypi.org/simple, https://azuremlsdktestpypi.azureedge.net/sdk-release/Candidate/604C89A437BA41BD942B4F46D9A3591D
Collecting azureml-requirements
  Using cached https://azuremlsdktestpypi.blob.core.windows.net/repo/sdk-release/Candidate/604C89A437BA41BD942B4F46D9A3591D/azureml_requirements-0.1.0.995245-py3-none-any.whl?sv=2017-04-17&sr=b&sig=B1W%2B8HjqOvHnsC6f0V75gBqm%2B87E%2BpzaYE1Vru0PTAw%3D&st=2018-06-01T20%3A16%3A40Z&se=2019-06-01T20%3A16%3A40Z&sp=rl
Collecting azureml-core==0.1.0.995245 (from azureml-requirements)
  Using cached https://azuremlsdktestpypi.blob.core.windows.net/repo/sdk-release/Candidate/604C89A437BA41BD942B4F46D9A3591D/azureml_core-0.1.0.995245-py2.py3-none-any.whl?sv=2017-04-17&sr=b&sig=GRlLBmzNo%2Bb6ffaJ3tuv60orbORiN3ra3wJHpEOaLbk%3D&st=2018-06-01T20%3A16%3A40Z&se=2019-06-01T20%3A16%3A40Z&sp=rl
Collecting azureml-train==0.1.0.995245 (from azureml-requirements)
  Using cached https://azuremlsdktestpypi.blob.core.windows.net/repo/sdk-release/Candidate/604C89A437BA41BD942B4F46D9A3591D/azureml_train-0.1.0.995245-py3-none-any.whl?sv=2017-04-17&sr=b&sig=RtjrHm6dh4mxPm6QD2oSJD5Q%2BrsXeIqQ5qO8GiySbio%3D&st=2018-06-01T20%3A16%3A41Z&se=2019-06-01T20%3A16%3A41Z&sp=rl
Collecting ruamel.yaml>=0.15.35 (from azureml-core==0.1.0.995245->azureml-requirements)
  Using cached https://files.pythonhosted.org/packages/98/cc/ba3b6ccd0a4f6c51d128742fc5f0f43ae570d67174342578591c50f30013/ruamel.yaml-0.15.37-cp36-cp36m-manylinux1_x86_64.whl
Requirement not upgraded as not directly required: azure-cli-profile>=2.0.22 in /home/ninghai/miniconda3/envs/candidate/lib/python3.6/site-packages (from azureml-core==0.1.0.995245->azureml-requirements) (2.0.25)
Requirement not upgraded as not directly required: msrestazure>=0.4.29 in /home/ninghai/miniconda3/envs/candidate/lib/python3.6/site-packages (from azureml-core==0.1.0.995245->azureml-requirements) (0.4.31)
Collecting ndg-httpsclient (from azureml-core==0.1.0.995245->azureml-requirements)
  Using cached https://files.pythonhosted.org/packages/78/60/1458ed478eb5777498ca57f4fabf2cf9328ac43e5f6db7839cf73704f3a6/ndg_httpsclient-0.5.0-py3-none-any.whl
Requirement not upgraded as not directly required: requests in /home/ninghai/miniconda3/envs/candidate/lib/python3.6/site-packages (from azureml-core==0.1.0.995245->azureml-requirements) (2.18.4)
Collecting contextlib2 (from azureml-core==0.1.0.995245->azureml-requirements)
  Using cached https://files.pythonhosted.org/packages/a2/71/8273a7eeed0aff6a854237ab5453bc9aa67deb49df4832801c21f0ff3782/contextlib2-0.5.5-py2.py3-none-any.whl
Requirement not upgraded as not directly required: azure-mgmt-authorization>=0.40.0 in /home/ninghai/miniconda3/envs/candidate/lib/python3.6/site-packages (from azureml-core==0.1.0.995245->azureml-requirements) (0.40.0)
Requirement not upgraded as not directly required: six>=1.11.0 in /home/ninghai/miniconda3/envs/candidate/lib/python3.6/site-packages (from azureml-core==0.1.0.995245->azureml-requirements) (1.11.0)
Collecting jsonpickle (from azureml-core==0.1.0.995245->azureml-requirements)
Requirement not upgraded as not directly required: azure-mgmt-keyvault>=0.40.0 in /home/ninghai/miniconda3/envs/candidate/lib/python3.6/site-packages (from azureml-core==0.1.0.995245->azureml-requirements) (0.40.0)
Requirement not upgraded as not directly required: azure-mgmt-containerregistry>=1.0.1 in /home/ninghai/miniconda3/envs/candidate/lib/python3.6/site-packages (from azureml-core==0.1.0.995245->azureml-requirements) (2.0.0)
Requirement not upgraded as not directly required: msrest>=0.4.29 in /home/ninghai/miniconda3/envs/candidate/lib/python3.6/site-packages (from azureml-core==0.1.0.995245->azureml-requirements) (0.4.29)
Collecting backports.tempfile (from azureml-core==0.1.0.995245->azureml-requirements)
  Using cached https://files.pythonhosted.org/packages/b4/5c/077f910632476281428fe254807952eb47ca78e720d059a46178c541e669/backports.tempfile-1.0-py2.py3-none-any.whl
Requirement not upgraded as not directly required: azure-mgmt-storage>=1.5.0 in /home/ninghai/miniconda3/envs/candidate/lib/python3.6/site-packages (from azureml-core==0.1.0.995245->azureml-requirements) (1.5.0)
Requirement not upgraded as not directly required: azure-storage-nspkg in /home/ninghai/miniconda3/envs/candidate/lib/python3.6/site-packages (from azureml-core==0.1.0.995245->azureml-requirements) (3.0.0)
Requirement not upgraded as not directly required: azure-storage-common in /home/ninghai/miniconda3/envs/candidate/lib/python3.6/site-packages (from azureml-core==0.1.0.995245->azureml-requirements) (1.1.0)
Collecting SecretStorage<3.0.0 (from azureml-core==0.1.0.995245->azureml-requirements)
Requirement not upgraded as not directly required: pytz in /home/ninghai/miniconda3/envs/candidate/lib/python3.6/site-packages (from azureml-core==0.1.0.995245->azureml-requirements) (2018.4)
Collecting azure-storage-file (from azureml-core==0.1.0.995245->azureml-requirements)
  Using cached https://files.pythonhosted.org/packages/e9/2b/7d365610e5e303def65d54499b0dc24b66531b94254f26bf27a142485a5f/azure_storage_file-1.1.0-py2.py3-none-any.whl
Requirement not upgraded as not directly required: azure-mgmt-resource>=1.2.1 in /home/ninghai/miniconda3/envs/candidate/lib/python3.6/site-packages (from azureml-core==0.1.0.995245->azureml-requirements) (1.2.1)
Requirement not upgraded as not directly required: python-dateutil in /home/ninghai/miniconda3/envs/candidate/lib/python3.6/site-packages (from azureml-core==0.1.0.995245->azureml-requirements) (2.7.3)
Collecting pathlib (from azureml-core==0.1.0.995245->azureml-requirements)
Requirement not upgraded as not directly required: azure-cli-core>=2.0.31 in /home/ninghai/miniconda3/envs/candidate/lib/python3.6/site-packages (from azureml-core==0.1.0.995245->azureml-requirements) (2.0.33)
Requirement not upgraded as not directly required: azure-storage-blob in /home/ninghai/miniconda3/envs/candidate/lib/python3.6/site-packages (from azureml-core==0.1.0.995245->azureml-requirements) (1.1.0)
Collecting pathspec (from azureml-core==0.1.0.995245->azureml-requirements)
Requirement not upgraded as not directly required: azure-graphrbac>=0.40.0 in /home/ninghai/miniconda3/envs/candidate/lib/python3.6/site-packages (from azureml-core==0.1.0.995245->azureml-requirements) (0.40.0)
Collecting azureml-train-core==0.1.0.995245 (from azureml-train==0.1.0.995245->azureml-requirements)
  Using cached https://azuremlsdktestpypi.blob.core.windows.net/repo/sdk-release/Candidate/604C89A437BA41BD942B4F46D9A3591D/azureml_train_core-0.1.0.995245-py3-none-any.whl?sv=2017-04-17&sr=b&sig=1n8R8hODD%2FloYkXjz08SI2lgtquBrLss513TVNuRX10%3D&st=2018-06-01T20%3A16%3A41Z&se=2019-06-01T20%3A16%3A41Z&sp=rl
Requirement not upgraded as not directly required: azure-cli-command-modules-nspkg>=2.0.0 in /home/ninghai/miniconda3/envs/candidate/lib/python3.6/site-packages (from azure-cli-profile>=2.0.22->azureml-core==0.1.0.995245->azureml-requirements) (2.0.1)
Requirement not upgraded as not directly required: adal<2.0.0,>=0.5.0 in /home/ninghai/miniconda3/envs/candidate/lib/python3.6/site-packages (from msrestazure>=0.4.29->azureml-core==0.1.0.995245->azureml-requirements) (1.0.0)
Requirement not upgraded as not directly required: keyring>=12.0.2 in /home/ninghai/miniconda3/envs/candidate/lib/python3.6/site-packages (from msrestazure>=0.4.29->azureml-core==0.1.0.995245->azureml-requirements) (12.2.1)
Requirement not upgraded as not directly required: pyasn1>=0.1.1 in /home/ninghai/miniconda3/envs/candidate/lib/python3.6/site-packages (from ndg-httpsclient->azureml-core==0.1.0.995245->azureml-requirements) (0.4.3)
Requirement not upgraded as not directly required: PyOpenSSL in /home/ninghai/miniconda3/envs/candidate/lib/python3.6/site-packages (from ndg-httpsclient->azureml-core==0.1.0.995245->azureml-requirements) (18.0.0)
Requirement not upgraded as not directly required: chardet<3.1.0,>=3.0.2 in /home/ninghai/miniconda3/envs/candidate/lib/python3.6/site-packages (from requests->azureml-core==0.1.0.995245->azureml-requirements) (3.0.4)
Requirement not upgraded as not directly required: idna<2.7,>=2.5 in /home/ninghai/miniconda3/envs/candidate/lib/python3.6/site-packages (from requests->azureml-core==0.1.0.995245->azureml-requirements) (2.6)
Requirement not upgraded as not directly required: urllib3<1.23,>=1.21.1 in /home/ninghai/miniconda3/envs/candidate/lib/python3.6/site-packages (from requests->azureml-core==0.1.0.995245->azureml-requirements) (1.22)
Requirement not upgraded as not directly required: certifi>=2017.4.17 in /home/ninghai/miniconda3/envs/candidate/lib/python3.6/site-packages (from requests->azureml-core==0.1.0.995245->azureml-requirements) (2018.4.16)
Requirement not upgraded as not directly required: azure-common~=1.1 in /home/ninghai/miniconda3/envs/candidate/lib/python3.6/site-packages (from azure-mgmt-authorization>=0.40.0->azureml-core==0.1.0.995245->azureml-requirements) (1.1.11)
Requirement not upgraded as not directly required: azure-mgmt-nspkg>=2.0.0 in /home/ninghai/miniconda3/envs/candidate/lib/python3.6/site-packages (from azure-mgmt-authorization>=0.40.0->azureml-core==0.1.0.995245->azureml-requirements) (2.0.0)
Requirement not upgraded as not directly required: isodate>=0.6.0 in /home/ninghai/miniconda3/envs/candidate/lib/python3.6/site-packages (from msrest>=0.4.29->azureml-core==0.1.0.995245->azureml-requirements) (0.6.0)
Requirement not upgraded as not directly required: requests-oauthlib>=0.5.0 in /home/ninghai/miniconda3/envs/candidate/lib/python3.6/site-packages (from msrest>=0.4.29->azureml-core==0.1.0.995245->azureml-requirements) (0.8.0)
Collecting backports.weakref (from backports.tempfile->azureml-core==0.1.0.995245->azureml-requirements)
  Using cached https://files.pythonhosted.org/packages/88/ec/f598b633c3d5ffe267aaada57d961c94fdfa183c5c3ebda2b6d151943db6/backports.weakref-1.0.post1-py2.py3-none-any.whl
Requirement not upgraded as not directly required: azure-nspkg>=2.0.0 in /home/ninghai/miniconda3/envs/candidate/lib/python3.6/site-packages (from azure-storage-nspkg->azureml-core==0.1.0.995245->azureml-requirements) (2.0.0)
Requirement not upgraded as not directly required: cryptography in /home/ninghai/miniconda3/envs/candidate/lib/python3.6/site-packages (from azure-storage-common->azureml-core==0.1.0.995245->azureml-requirements) (2.2.2)
Requirement not upgraded as not directly required: argcomplete>=1.8.0 in /home/ninghai/miniconda3/envs/candidate/lib/python3.6/site-packages (from azure-cli-core>=2.0.31->azureml-core==0.1.0.995245->azureml-requirements) (1.9.4)
Requirement not upgraded as not directly required: paramiko in /home/ninghai/miniconda3/envs/candidate/lib/python3.6/site-packages (from azure-cli-core>=2.0.31->azureml-core==0.1.0.995245->azureml-requirements) (2.4.1)
Requirement not upgraded as not directly required: azure-cli-nspkg>=2.0.0 in /home/ninghai/miniconda3/envs/candidate/lib/python3.6/site-packages (from azure-cli-core>=2.0.31->azureml-core==0.1.0.995245->azureml-requirements) (3.0.2)
Requirement not upgraded as not directly required: pygments in /home/ninghai/miniconda3/envs/candidate/lib/python3.6/site-packages (from azure-cli-core>=2.0.31->azureml-core==0.1.0.995245->azureml-requirements) (2.2.0)
Requirement not upgraded as not directly required: PyJWT in /home/ninghai/miniconda3/envs/candidate/lib/python3.6/site-packages (from azure-cli-core>=2.0.31->azureml-core==0.1.0.995245->azureml-requirements) (1.6.4)
Requirement not upgraded as not directly required: colorama>=0.3.9 in /home/ninghai/miniconda3/envs/candidate/lib/python3.6/site-packages (from azure-cli-core>=2.0.31->azureml-core==0.1.0.995245->azureml-requirements) (0.3.9)
Requirement not upgraded as not directly required: jmespath in /home/ninghai/miniconda3/envs/candidate/lib/python3.6/site-packages (from azure-cli-core>=2.0.31->azureml-core==0.1.0.995245->azureml-requirements) (0.9.3)
Requirement not upgraded as not directly required: knack==0.3.3 in /home/ninghai/miniconda3/envs/candidate/lib/python3.6/site-packages (from azure-cli-core>=2.0.31->azureml-core==0.1.0.995245->azureml-requirements) (0.3.3)
Requirement not upgraded as not directly required: tabulate<=0.8.2,>=0.7.7 in /home/ninghai/miniconda3/envs/candidate/lib/python3.6/site-packages (from azure-cli-core>=2.0.31->azureml-core==0.1.0.995245->azureml-requirements) (0.8.2)
Requirement not upgraded as not directly required: pyyaml in /home/ninghai/miniconda3/envs/candidate/lib/python3.6/site-packages (from azure-cli-core>=2.0.31->azureml-core==0.1.0.995245->azureml-requirements) (3.12)
Requirement not upgraded as not directly required: humanfriendly>=4.7 in /home/ninghai/miniconda3/envs/candidate/lib/python3.6/site-packages (from azure-cli-core>=2.0.31->azureml-core==0.1.0.995245->azureml-requirements) (4.12.1)
Requirement not upgraded as not directly required: applicationinsights>=0.11.1 in /home/ninghai/miniconda3/envs/candidate/lib/python3.6/site-packages (from azure-cli-core>=2.0.31->azureml-core==0.1.0.995245->azureml-requirements) (0.11.4)
Requirement not upgraded as not directly required: pip in /home/ninghai/miniconda3/envs/candidate/lib/python3.6/site-packages (from azure-cli-core>=2.0.31->azureml-core==0.1.0.995245->azureml-requirements) (10.0.1)
Requirement not upgraded as not directly required: wheel==0.30.0 in /home/ninghai/miniconda3/envs/candidate/lib/python3.6/site-packages (from azure-cli-core>=2.0.31->azureml-core==0.1.0.995245->azureml-requirements) (0.30.0)
Collecting azureml-train-restclients-hyperdrive==0.1.0.995245 (from azureml-train-core==0.1.0.995245->azureml-train==0.1.0.995245->azureml-requirements)
  Using cached https://azuremlsdktestpypi.blob.core.windows.net/repo/sdk-release/Candidate/604C89A437BA41BD942B4F46D9A3591D/azureml_train_restclients_hyperdrive-0.1.0.995245-py3-none-any.whl?sv=2017-04-17&sr=b&sig=gJVrBwoY1UjRcVRe8LV8iJo2WgbQGtn0fp52A%2BejGjc%3D&st=2018-06-01T20%3A16%3A41Z&se=2019-06-01T20%3A16%3A41Z&sp=rl
Requirement not upgraded as not directly required: entrypoints in /home/ninghai/miniconda3/envs/candidate/lib/python3.6/site-packages (from keyring>=12.0.2->msrestazure>=0.4.29->azureml-core==0.1.0.995245->azureml-requirements) (0.2.3)
Requirement not upgraded as not directly required: oauthlib>=0.6.2 in /home/ninghai/miniconda3/envs/candidate/lib/python3.6/site-packages (from requests-oauthlib>=0.5.0->msrest>=0.4.29->azureml-core==0.1.0.995245->azureml-requirements) (2.1.0)
Requirement not upgraded as not directly required: asn1crypto>=0.21.0 in /home/ninghai/miniconda3/envs/candidate/lib/python3.6/site-packages (from cryptography->azure-storage-common->azureml-core==0.1.0.995245->azureml-requirements) (0.24.0)
Requirement not upgraded as not directly required: cffi>=1.7 in /home/ninghai/miniconda3/envs/candidate/lib/python3.6/site-packages (from cryptography->azure-storage-common->azureml-core==0.1.0.995245->azureml-requirements) (1.11.5)
Requirement not upgraded as not directly required: bcrypt>=3.1.3 in /home/ninghai/miniconda3/envs/candidate/lib/python3.6/site-packages (from paramiko->azure-cli-core>=2.0.31->azureml-core==0.1.0.995245->azureml-requirements) (3.1.4)
Requirement not upgraded as not directly required: pynacl>=1.0.1 in /home/ninghai/miniconda3/envs/candidate/lib/python3.6/site-packages (from paramiko->azure-cli-core>=2.0.31->azureml-core==0.1.0.995245->azureml-requirements) (1.2.1)
Requirement not upgraded as not directly required: pycparser in /home/ninghai/miniconda3/envs/candidate/lib/python3.6/site-packages (from cffi>=1.7->cryptography->azure-storage-common->azureml-core==0.1.0.995245->azureml-requirements) (2.18)
Installing collected packages: ruamel.yaml, ndg-httpsclient, contextlib2, jsonpickle, backports.weakref, backports.tempfile, SecretStorage, azure-storage-file, pathlib, pathspec, azureml-core, azureml-train-restclients-hyperdrive, azureml-train-core, azureml-train, azureml-requirements
  Found existing installation: SecretStorage 3.0.1
    Uninstalling SecretStorage-3.0.1:
      Successfully uninstalled SecretStorage-3.0.1
Successfully installed SecretStorage-2.3.1 azure-storage-file-1.1.0 azureml-core-0.1.0.995245 azureml-requirements-0.1.0.995245 azureml-train-0.1.0.995245 azureml-train-core-0.1.0.995245 azureml-train-restclients-hyperdrive-0.1.0.995245 backports.tempfile-1.0 backports.weakref-1.0.post1 contextlib2-0.5.5 jsonpickle-0.9.6 ndg-httpsclient-0.5.0 pathlib-1.0.1 pathspec-0.5.6 ruamel.yaml-0.15.37
Looking in indexes: https://pypi.org/simple, https://azuremlsdktestpypi.azureedge.net/sdk-release/Candidate/604C89A437BA41BD942B4F46D9A3591D
Collecting azureml-contrib-tensorboard
  Using cached https://azuremlsdktestpypi.blob.core.windows.net/repo/sdk-release/Candidate/604C89A437BA41BD942B4F46D9A3591D/azureml_contrib_tensorboard-0.1.0.995245-py3-none-any.whl?sv=2017-04-17&sr=b&sig=fEHWplJNCtiZf1lDJnUMo5KBc7jWLyVWPf%2FsEE1dZ6E%3D&st=2018-06-01T20%3A16%3A40Z&se=2019-06-01T20%3A16%3A40Z&sp=rl
Requirement not upgraded as not directly required: azureml-core==0.1.0.995245 in /home/ninghai/miniconda3/envs/candidate/lib/python3.6/site-packages (from azureml-contrib-tensorboard) (0.1.0.995245)
Requirement not upgraded as not directly required: jsonpickle in /home/ninghai/miniconda3/envs/candidate/lib/python3.6/site-packages (from azureml-core==0.1.0.995245->azureml-contrib-tensorboard) (0.9.6)
Requirement not upgraded as not directly required: azure-storage-common in /home/ninghai/miniconda3/envs/candidate/lib/python3.6/site-packages (from azureml-core==0.1.0.995245->azureml-contrib-tensorboard) (1.1.0)
Requirement not upgraded as not directly required: azure-storage-blob in /home/ninghai/miniconda3/envs/candidate/lib/python3.6/site-packages (from azureml-core==0.1.0.995245->azureml-contrib-tensorboard) (1.1.0)
Requirement not upgraded as not directly required: azure-mgmt-keyvault>=0.40.0 in /home/ninghai/miniconda3/envs/candidate/lib/python3.6/site-packages (from azureml-core==0.1.0.995245->azureml-contrib-tensorboard) (0.40.0)
Requirement not upgraded as not directly required: six>=1.11.0 in /home/ninghai/miniconda3/envs/candidate/lib/python3.6/site-packages (from azureml-core==0.1.0.995245->azureml-contrib-tensorboard) (1.11.0)
Requirement not upgraded as not directly required: azure-cli-profile>=2.0.22 in /home/ninghai/miniconda3/envs/candidate/lib/python3.6/site-packages (from azureml-core==0.1.0.995245->azureml-contrib-tensorboard) (2.0.25)
Requirement not upgraded as not directly required: azure-cli-core>=2.0.31 in /home/ninghai/miniconda3/envs/candidate/lib/python3.6/site-packages (from azureml-core==0.1.0.995245->azureml-contrib-tensorboard) (2.0.33)
Requirement not upgraded as not directly required: backports.tempfile in /home/ninghai/miniconda3/envs/candidate/lib/python3.6/site-packages (from azureml-core==0.1.0.995245->azureml-contrib-tensorboard) (1.0)
Requirement not upgraded as not directly required: pathlib in /home/ninghai/miniconda3/envs/candidate/lib/python3.6/site-packages (from azureml-core==0.1.0.995245->azureml-contrib-tensorboard) (1.0.1)
Requirement not upgraded as not directly required: azure-mgmt-resource>=1.2.1 in /home/ninghai/miniconda3/envs/candidate/lib/python3.6/site-packages (from azureml-core==0.1.0.995245->azureml-contrib-tensorboard) (1.2.1)
Requirement not upgraded as not directly required: azure-mgmt-containerregistry>=1.0.1 in /home/ninghai/miniconda3/envs/candidate/lib/python3.6/site-packages (from azureml-core==0.1.0.995245->azureml-contrib-tensorboard) (2.0.0)
Requirement not upgraded as not directly required: ruamel.yaml>=0.15.35 in /home/ninghai/miniconda3/envs/candidate/lib/python3.6/site-packages (from azureml-core==0.1.0.995245->azureml-contrib-tensorboard) (0.15.37)
Requirement not upgraded as not directly required: msrestazure>=0.4.29 in /home/ninghai/miniconda3/envs/candidate/lib/python3.6/site-packages (from azureml-core==0.1.0.995245->azureml-contrib-tensorboard) (0.4.31)
Requirement not upgraded as not directly required: requests in /home/ninghai/miniconda3/envs/candidate/lib/python3.6/site-packages (from azureml-core==0.1.0.995245->azureml-contrib-tensorboard) (2.18.4)
Requirement not upgraded as not directly required: SecretStorage<3.0.0 in /home/ninghai/miniconda3/envs/candidate/lib/python3.6/site-packages (from azureml-core==0.1.0.995245->azureml-contrib-tensorboard) (2.3.1)
Requirement not upgraded as not directly required: azure-graphrbac>=0.40.0 in /home/ninghai/miniconda3/envs/candidate/lib/python3.6/site-packages (from azureml-core==0.1.0.995245->azureml-contrib-tensorboard) (0.40.0)
Requirement not upgraded as not directly required: pathspec in /home/ninghai/miniconda3/envs/candidate/lib/python3.6/site-packages (from azureml-core==0.1.0.995245->azureml-contrib-tensorboard) (0.5.6)
Requirement not upgraded as not directly required: msrest>=0.4.29 in /home/ninghai/miniconda3/envs/candidate/lib/python3.6/site-packages (from azureml-core==0.1.0.995245->azureml-contrib-tensorboard) (0.4.29)
Requirement not upgraded as not directly required: ndg-httpsclient in /home/ninghai/miniconda3/envs/candidate/lib/python3.6/site-packages (from azureml-core==0.1.0.995245->azureml-contrib-tensorboard) (0.5.0)
Requirement not upgraded as not directly required: contextlib2 in /home/ninghai/miniconda3/envs/candidate/lib/python3.6/site-packages (from azureml-core==0.1.0.995245->azureml-contrib-tensorboard) (0.5.5)
Requirement not upgraded as not directly required: python-dateutil in /home/ninghai/miniconda3/envs/candidate/lib/python3.6/site-packages (from azureml-core==0.1.0.995245->azureml-contrib-tensorboard) (2.7.3)
Requirement not upgraded as not directly required: pytz in /home/ninghai/miniconda3/envs/candidate/lib/python3.6/site-packages (from azureml-core==0.1.0.995245->azureml-contrib-tensorboard) (2018.4)
Requirement not upgraded as not directly required: azure-mgmt-authorization>=0.40.0 in /home/ninghai/miniconda3/envs/candidate/lib/python3.6/site-packages (from azureml-core==0.1.0.995245->azureml-contrib-tensorboard) (0.40.0)
Requirement not upgraded as not directly required: azure-mgmt-storage>=1.5.0 in /home/ninghai/miniconda3/envs/candidate/lib/python3.6/site-packages (from azureml-core==0.1.0.995245->azureml-contrib-tensorboard) (1.5.0)
Requirement not upgraded as not directly required: azure-storage-nspkg in /home/ninghai/miniconda3/envs/candidate/lib/python3.6/site-packages (from azureml-core==0.1.0.995245->azureml-contrib-tensorboard) (3.0.0)
Requirement not upgraded as not directly required: azure-storage-file in /home/ninghai/miniconda3/envs/candidate/lib/python3.6/site-packages (from azureml-core==0.1.0.995245->azureml-contrib-tensorboard) (1.1.0)
Requirement not upgraded as not directly required: cryptography in /home/ninghai/miniconda3/envs/candidate/lib/python3.6/site-packages (from azure-storage-common->azureml-core==0.1.0.995245->azureml-contrib-tensorboard) (2.2.2)
Requirement not upgraded as not directly required: azure-common>=1.1.5 in /home/ninghai/miniconda3/envs/candidate/lib/python3.6/site-packages (from azure-storage-common->azureml-core==0.1.0.995245->azureml-contrib-tensorboard) (1.1.11)
Requirement not upgraded as not directly required: azure-mgmt-nspkg>=2.0.0 in /home/ninghai/miniconda3/envs/candidate/lib/python3.6/site-packages (from azure-mgmt-keyvault>=0.40.0->azureml-core==0.1.0.995245->azureml-contrib-tensorboard) (2.0.0)
Requirement not upgraded as not directly required: azure-cli-command-modules-nspkg>=2.0.0 in /home/ninghai/miniconda3/envs/candidate/lib/python3.6/site-packages (from azure-cli-profile>=2.0.22->azureml-core==0.1.0.995245->azureml-contrib-tensorboard) (2.0.1)
Requirement not upgraded as not directly required: applicationinsights>=0.11.1 in /home/ninghai/miniconda3/envs/candidate/lib/python3.6/site-packages (from azure-cli-core>=2.0.31->azureml-core==0.1.0.995245->azureml-contrib-tensorboard) (0.11.4)
Requirement not upgraded as not directly required: jmespath in /home/ninghai/miniconda3/envs/candidate/lib/python3.6/site-packages (from azure-cli-core>=2.0.31->azureml-core==0.1.0.995245->azureml-contrib-tensorboard) (0.9.3)
Requirement not upgraded as not directly required: pyyaml in /home/ninghai/miniconda3/envs/candidate/lib/python3.6/site-packages (from azure-cli-core>=2.0.31->azureml-core==0.1.0.995245->azureml-contrib-tensorboard) (3.12)
Requirement not upgraded as not directly required: paramiko in /home/ninghai/miniconda3/envs/candidate/lib/python3.6/site-packages (from azure-cli-core>=2.0.31->azureml-core==0.1.0.995245->azureml-contrib-tensorboard) (2.4.1)
Requirement not upgraded as not directly required: colorama>=0.3.9 in /home/ninghai/miniconda3/envs/candidate/lib/python3.6/site-packages (from azure-cli-core>=2.0.31->azureml-core==0.1.0.995245->azureml-contrib-tensorboard) (0.3.9)
Requirement not upgraded as not directly required: PyJWT in /home/ninghai/miniconda3/envs/candidate/lib/python3.6/site-packages (from azure-cli-core>=2.0.31->azureml-core==0.1.0.995245->azureml-contrib-tensorboard) (1.6.4)
Requirement not upgraded as not directly required: pyopenssl>=17.1.0 in /home/ninghai/miniconda3/envs/candidate/lib/python3.6/site-packages (from azure-cli-core>=2.0.31->azureml-core==0.1.0.995245->azureml-contrib-tensorboard) (18.0.0)
Requirement not upgraded as not directly required: pip in /home/ninghai/miniconda3/envs/candidate/lib/python3.6/site-packages (from azure-cli-core>=2.0.31->azureml-core==0.1.0.995245->azureml-contrib-tensorboard) (10.0.1)
Requirement not upgraded as not directly required: pygments in /home/ninghai/miniconda3/envs/candidate/lib/python3.6/site-packages (from azure-cli-core>=2.0.31->azureml-core==0.1.0.995245->azureml-contrib-tensorboard) (2.2.0)
Requirement not upgraded as not directly required: wheel==0.30.0 in /home/ninghai/miniconda3/envs/candidate/lib/python3.6/site-packages (from azure-cli-core>=2.0.31->azureml-core==0.1.0.995245->azureml-contrib-tensorboard) (0.30.0)
Requirement not upgraded as not directly required: humanfriendly>=4.7 in /home/ninghai/miniconda3/envs/candidate/lib/python3.6/site-packages (from azure-cli-core>=2.0.31->azureml-core==0.1.0.995245->azureml-contrib-tensorboard) (4.12.1)
Requirement not upgraded as not directly required: knack==0.3.3 in /home/ninghai/miniconda3/envs/candidate/lib/python3.6/site-packages (from azure-cli-core>=2.0.31->azureml-core==0.1.0.995245->azureml-contrib-tensorboard) (0.3.3)
Requirement not upgraded as not directly required: azure-cli-nspkg>=2.0.0 in /home/ninghai/miniconda3/envs/candidate/lib/python3.6/site-packages (from azure-cli-core>=2.0.31->azureml-core==0.1.0.995245->azureml-contrib-tensorboard) (3.0.2)
Requirement not upgraded as not directly required: argcomplete>=1.8.0 in /home/ninghai/miniconda3/envs/candidate/lib/python3.6/site-packages (from azure-cli-core>=2.0.31->azureml-core==0.1.0.995245->azureml-contrib-tensorboard) (1.9.4)
Requirement not upgraded as not directly required: tabulate<=0.8.2,>=0.7.7 in /home/ninghai/miniconda3/envs/candidate/lib/python3.6/site-packages (from azure-cli-core>=2.0.31->azureml-core==0.1.0.995245->azureml-contrib-tensorboard) (0.8.2)
Requirement not upgraded as not directly required: backports.weakref in /home/ninghai/miniconda3/envs/candidate/lib/python3.6/site-packages (from backports.tempfile->azureml-core==0.1.0.995245->azureml-contrib-tensorboard) (1.0.post1)
Requirement not upgraded as not directly required: keyring>=12.0.2 in /home/ninghai/miniconda3/envs/candidate/lib/python3.6/site-packages (from msrestazure>=0.4.29->azureml-core==0.1.0.995245->azureml-contrib-tensorboard) (12.2.1)
Requirement not upgraded as not directly required: adal<2.0.0,>=0.5.0 in /home/ninghai/miniconda3/envs/candidate/lib/python3.6/site-packages (from msrestazure>=0.4.29->azureml-core==0.1.0.995245->azureml-contrib-tensorboard) (1.0.0)
Requirement not upgraded as not directly required: chardet<3.1.0,>=3.0.2 in /home/ninghai/miniconda3/envs/candidate/lib/python3.6/site-packages (from requests->azureml-core==0.1.0.995245->azureml-contrib-tensorboard) (3.0.4)
Requirement not upgraded as not directly required: idna<2.7,>=2.5 in /home/ninghai/miniconda3/envs/candidate/lib/python3.6/site-packages (from requests->azureml-core==0.1.0.995245->azureml-contrib-tensorboard) (2.6)
Requirement not upgraded as not directly required: urllib3<1.23,>=1.21.1 in /home/ninghai/miniconda3/envs/candidate/lib/python3.6/site-packages (from requests->azureml-core==0.1.0.995245->azureml-contrib-tensorboard) (1.22)
Requirement not upgraded as not directly required: certifi>=2017.4.17 in /home/ninghai/miniconda3/envs/candidate/lib/python3.6/site-packages (from requests->azureml-core==0.1.0.995245->azureml-contrib-tensorboard) (2018.4.16)
Requirement not upgraded as not directly required: azure-nspkg>=2.0.0 in /home/ninghai/miniconda3/envs/candidate/lib/python3.6/site-packages (from azure-graphrbac>=0.40.0->azureml-core==0.1.0.995245->azureml-contrib-tensorboard) (2.0.0)
Requirement not upgraded as not directly required: isodate>=0.6.0 in /home/ninghai/miniconda3/envs/candidate/lib/python3.6/site-packages (from msrest>=0.4.29->azureml-core==0.1.0.995245->azureml-contrib-tensorboard) (0.6.0)
Requirement not upgraded as not directly required: requests-oauthlib>=0.5.0 in /home/ninghai/miniconda3/envs/candidate/lib/python3.6/site-packages (from msrest>=0.4.29->azureml-core==0.1.0.995245->azureml-contrib-tensorboard) (0.8.0)
Requirement not upgraded as not directly required: pyasn1>=0.1.1 in /home/ninghai/miniconda3/envs/candidate/lib/python3.6/site-packages (from ndg-httpsclient->azureml-core==0.1.0.995245->azureml-contrib-tensorboard) (0.4.3)
Requirement not upgraded as not directly required: asn1crypto>=0.21.0 in /home/ninghai/miniconda3/envs/candidate/lib/python3.6/site-packages (from cryptography->azure-storage-common->azureml-core==0.1.0.995245->azureml-contrib-tensorboard) (0.24.0)
Requirement not upgraded as not directly required: cffi>=1.7 in /home/ninghai/miniconda3/envs/candidate/lib/python3.6/site-packages (from cryptography->azure-storage-common->azureml-core==0.1.0.995245->azureml-contrib-tensorboard) (1.11.5)
Requirement not upgraded as not directly required: bcrypt>=3.1.3 in /home/ninghai/miniconda3/envs/candidate/lib/python3.6/site-packages (from paramiko->azure-cli-core>=2.0.31->azureml-core==0.1.0.995245->azureml-contrib-tensorboard) (3.1.4)
Requirement not upgraded as not directly required: pynacl>=1.0.1 in /home/ninghai/miniconda3/envs/candidate/lib/python3.6/site-packages (from paramiko->azure-cli-core>=2.0.31->azureml-core==0.1.0.995245->azureml-contrib-tensorboard) (1.2.1)
Requirement not upgraded as not directly required: entrypoints in /home/ninghai/miniconda3/envs/candidate/lib/python3.6/site-packages (from keyring>=12.0.2->msrestazure>=0.4.29->azureml-core==0.1.0.995245->azureml-contrib-tensorboard) (0.2.3)
Requirement not upgraded as not directly required: oauthlib>=0.6.2 in /home/ninghai/miniconda3/envs/candidate/lib/python3.6/site-packages (from requests-oauthlib>=0.5.0->msrest>=0.4.29->azureml-core==0.1.0.995245->azureml-contrib-tensorboard) (2.1.0)
Requirement not upgraded as not directly required: pycparser in /home/ninghai/miniconda3/envs/candidate/lib/python3.6/site-packages (from cffi>=1.7->cryptography->azure-storage-common->azureml-core==0.1.0.995245->azureml-contrib-tensorboard) (2.18)
Installing collected packages: azureml-contrib-tensorboard
Successfully installed azureml-contrib-tensorboard-0.1.0.995245
Looking in indexes: https://pypi.org/simple, https://azuremlsdktestpypi.azureedge.net/sdk-release/Candidate/604C89A437BA41BD942B4F46D9A3591D
Collecting azureml-contrib-widgets
  Using cached https://azuremlsdktestpypi.blob.core.windows.net/repo/sdk-release/Candidate/604C89A437BA41BD942B4F46D9A3591D/azureml_contrib_widgets-0.1.0.995245-py3-none-any.whl?sv=2017-04-17&sr=b&sig=f%2FTba69A%2Fu%2BY3dEggOoS9v7xfT9k6aKzYYq7G4s4zYA%3D&st=2018-06-01T20%3A16%3A40Z&se=2019-06-01T20%3A16%3A40Z&sp=rl
Requirement not upgraded as not directly required: azureml-train-core==0.1.0.995245 in /home/ninghai/miniconda3/envs/candidate/lib/python3.6/site-packages (from azureml-contrib-widgets) (0.1.0.995245)
Requirement not upgraded as not directly required: ipywidgets>=7.0.0 in /home/ninghai/miniconda3/envs/candidate/lib/python3.6/site-packages (from azureml-contrib-widgets) (7.2.1)
Requirement not upgraded as not directly required: azureml-core==0.1.0.995245 in /home/ninghai/miniconda3/envs/candidate/lib/python3.6/site-packages (from azureml-contrib-widgets) (0.1.0.995245)
Requirement not upgraded as not directly required: azureml-train-restclients-hyperdrive==0.1.0.995245 in /home/ninghai/miniconda3/envs/candidate/lib/python3.6/site-packages (from azureml-train-core==0.1.0.995245->azureml-contrib-widgets) (0.1.0.995245)
Requirement not upgraded as not directly required: ipykernel>=4.5.1 in /home/ninghai/miniconda3/envs/candidate/lib/python3.6/site-packages (from ipywidgets>=7.0.0->azureml-contrib-widgets) (4.8.2)
Requirement not upgraded as not directly required: traitlets>=4.3.1 in /home/ninghai/miniconda3/envs/candidate/lib/python3.6/site-packages (from ipywidgets>=7.0.0->azureml-contrib-widgets) (4.3.2)
Requirement not upgraded as not directly required: nbformat>=4.2.0 in /home/ninghai/miniconda3/envs/candidate/lib/python3.6/site-packages (from ipywidgets>=7.0.0->azureml-contrib-widgets) (4.4.0)
Requirement not upgraded as not directly required: widgetsnbextension~=3.2.0 in /home/ninghai/miniconda3/envs/candidate/lib/python3.6/site-packages (from ipywidgets>=7.0.0->azureml-contrib-widgets) (3.2.1)
Requirement not upgraded as not directly required: ipython>=4.0.0 in /home/ninghai/miniconda3/envs/candidate/lib/python3.6/site-packages (from ipywidgets>=7.0.0->azureml-contrib-widgets) (6.4.0)
Requirement not upgraded as not directly required: pathlib in /home/ninghai/miniconda3/envs/candidate/lib/python3.6/site-packages (from azureml-core==0.1.0.995245->azureml-contrib-widgets) (1.0.1)
Requirement not upgraded as not directly required: ruamel.yaml>=0.15.35 in /home/ninghai/miniconda3/envs/candidate/lib/python3.6/site-packages (from azureml-core==0.1.0.995245->azureml-contrib-widgets) (0.15.37)
Requirement not upgraded as not directly required: azure-storage-common in /home/ninghai/miniconda3/envs/candidate/lib/python3.6/site-packages (from azureml-core==0.1.0.995245->azureml-contrib-widgets) (1.1.0)
Requirement not upgraded as not directly required: contextlib2 in /home/ninghai/miniconda3/envs/candidate/lib/python3.6/site-packages (from azureml-core==0.1.0.995245->azureml-contrib-widgets) (0.5.5)
Requirement not upgraded as not directly required: azure-storage-nspkg in /home/ninghai/miniconda3/envs/candidate/lib/python3.6/site-packages (from azureml-core==0.1.0.995245->azureml-contrib-widgets) (3.0.0)
Requirement not upgraded as not directly required: python-dateutil in /home/ninghai/miniconda3/envs/candidate/lib/python3.6/site-packages (from azureml-core==0.1.0.995245->azureml-contrib-widgets) (2.7.3)
Requirement not upgraded as not directly required: SecretStorage<3.0.0 in /home/ninghai/miniconda3/envs/candidate/lib/python3.6/site-packages (from azureml-core==0.1.0.995245->azureml-contrib-widgets) (2.3.1)
Requirement not upgraded as not directly required: backports.tempfile in /home/ninghai/miniconda3/envs/candidate/lib/python3.6/site-packages (from azureml-core==0.1.0.995245->azureml-contrib-widgets) (1.0)
Requirement not upgraded as not directly required: azure-cli-core>=2.0.31 in /home/ninghai/miniconda3/envs/candidate/lib/python3.6/site-packages (from azureml-core==0.1.0.995245->azureml-contrib-widgets) (2.0.33)
Requirement not upgraded as not directly required: six>=1.11.0 in /home/ninghai/miniconda3/envs/candidate/lib/python3.6/site-packages (from azureml-core==0.1.0.995245->azureml-contrib-widgets) (1.11.0)
Requirement not upgraded as not directly required: azure-graphrbac>=0.40.0 in /home/ninghai/miniconda3/envs/candidate/lib/python3.6/site-packages (from azureml-core==0.1.0.995245->azureml-contrib-widgets) (0.40.0)
Requirement not upgraded as not directly required: requests in /home/ninghai/miniconda3/envs/candidate/lib/python3.6/site-packages (from azureml-core==0.1.0.995245->azureml-contrib-widgets) (2.18.4)
Requirement not upgraded as not directly required: azure-cli-profile>=2.0.22 in /home/ninghai/miniconda3/envs/candidate/lib/python3.6/site-packages (from azureml-core==0.1.0.995245->azureml-contrib-widgets) (2.0.25)
Requirement not upgraded as not directly required: pytz in /home/ninghai/miniconda3/envs/candidate/lib/python3.6/site-packages (from azureml-core==0.1.0.995245->azureml-contrib-widgets) (2018.4)
Requirement not upgraded as not directly required: msrest>=0.4.29 in /home/ninghai/miniconda3/envs/candidate/lib/python3.6/site-packages (from azureml-core==0.1.0.995245->azureml-contrib-widgets) (0.4.29)
Requirement not upgraded as not directly required: azure-storage-blob in /home/ninghai/miniconda3/envs/candidate/lib/python3.6/site-packages (from azureml-core==0.1.0.995245->azureml-contrib-widgets) (1.1.0)
Requirement not upgraded as not directly required: azure-mgmt-keyvault>=0.40.0 in /home/ninghai/miniconda3/envs/candidate/lib/python3.6/site-packages (from azureml-core==0.1.0.995245->azureml-contrib-widgets) (0.40.0)
Requirement not upgraded as not directly required: ndg-httpsclient in /home/ninghai/miniconda3/envs/candidate/lib/python3.6/site-packages (from azureml-core==0.1.0.995245->azureml-contrib-widgets) (0.5.0)
Requirement not upgraded as not directly required: azure-mgmt-containerregistry>=1.0.1 in /home/ninghai/miniconda3/envs/candidate/lib/python3.6/site-packages (from azureml-core==0.1.0.995245->azureml-contrib-widgets) (2.0.0)
Requirement not upgraded as not directly required: azure-storage-file in /home/ninghai/miniconda3/envs/candidate/lib/python3.6/site-packages (from azureml-core==0.1.0.995245->azureml-contrib-widgets) (1.1.0)
Requirement not upgraded as not directly required: pathspec in /home/ninghai/miniconda3/envs/candidate/lib/python3.6/site-packages (from azureml-core==0.1.0.995245->azureml-contrib-widgets) (0.5.6)
Requirement not upgraded as not directly required: azure-mgmt-resource>=1.2.1 in /home/ninghai/miniconda3/envs/candidate/lib/python3.6/site-packages (from azureml-core==0.1.0.995245->azureml-contrib-widgets) (1.2.1)
Requirement not upgraded as not directly required: azure-mgmt-storage>=1.5.0 in /home/ninghai/miniconda3/envs/candidate/lib/python3.6/site-packages (from azureml-core==0.1.0.995245->azureml-contrib-widgets) (1.5.0)
Requirement not upgraded as not directly required: jsonpickle in /home/ninghai/miniconda3/envs/candidate/lib/python3.6/site-packages (from azureml-core==0.1.0.995245->azureml-contrib-widgets) (0.9.6)
Requirement not upgraded as not directly required: msrestazure>=0.4.29 in /home/ninghai/miniconda3/envs/candidate/lib/python3.6/site-packages (from azureml-core==0.1.0.995245->azureml-contrib-widgets) (0.4.31)
Requirement not upgraded as not directly required: azure-mgmt-authorization>=0.40.0 in /home/ninghai/miniconda3/envs/candidate/lib/python3.6/site-packages (from azureml-core==0.1.0.995245->azureml-contrib-widgets) (0.40.0)
Requirement not upgraded as not directly required: urllib3>=1.15 in /home/ninghai/miniconda3/envs/candidate/lib/python3.6/site-packages (from azureml-train-restclients-hyperdrive==0.1.0.995245->azureml-train-core==0.1.0.995245->azureml-contrib-widgets) (1.22)
Requirement not upgraded as not directly required: certifi in /home/ninghai/miniconda3/envs/candidate/lib/python3.6/site-packages (from azureml-train-restclients-hyperdrive==0.1.0.995245->azureml-train-core==0.1.0.995245->azureml-contrib-widgets) (2018.4.16)
Requirement not upgraded as not directly required: jupyter_client in /home/ninghai/miniconda3/envs/candidate/lib/python3.6/site-packages (from ipykernel>=4.5.1->ipywidgets>=7.0.0->azureml-contrib-widgets) (5.2.3)
Requirement not upgraded as not directly required: tornado>=4.0 in /home/ninghai/miniconda3/envs/candidate/lib/python3.6/site-packages (from ipykernel>=4.5.1->ipywidgets>=7.0.0->azureml-contrib-widgets) (5.0.2)
Requirement not upgraded as not directly required: ipython_genutils in /home/ninghai/miniconda3/envs/candidate/lib/python3.6/site-packages (from traitlets>=4.3.1->ipywidgets>=7.0.0->azureml-contrib-widgets) (0.2.0)
Requirement not upgraded as not directly required: decorator in /home/ninghai/miniconda3/envs/candidate/lib/python3.6/site-packages (from traitlets>=4.3.1->ipywidgets>=7.0.0->azureml-contrib-widgets) (4.3.0)
Requirement not upgraded as not directly required: jsonschema!=2.5.0,>=2.4 in /home/ninghai/miniconda3/envs/candidate/lib/python3.6/site-packages (from nbformat>=4.2.0->ipywidgets>=7.0.0->azureml-contrib-widgets) (2.6.0)
Requirement not upgraded as not directly required: jupyter_core in /home/ninghai/miniconda3/envs/candidate/lib/python3.6/site-packages (from nbformat>=4.2.0->ipywidgets>=7.0.0->azureml-contrib-widgets) (4.4.0)
Requirement not upgraded as not directly required: notebook>=4.4.1 in /home/ninghai/miniconda3/envs/candidate/lib/python3.6/site-packages (from widgetsnbextension~=3.2.0->ipywidgets>=7.0.0->azureml-contrib-widgets) (5.5.0)
Requirement not upgraded as not directly required: jedi>=0.10 in /home/ninghai/miniconda3/envs/candidate/lib/python3.6/site-packages (from ipython>=4.0.0->ipywidgets>=7.0.0->azureml-contrib-widgets) (0.12.0)
Requirement not upgraded as not directly required: pygments in /home/ninghai/miniconda3/envs/candidate/lib/python3.6/site-packages (from ipython>=4.0.0->ipywidgets>=7.0.0->azureml-contrib-widgets) (2.2.0)
Requirement not upgraded as not directly required: pickleshare in /home/ninghai/miniconda3/envs/candidate/lib/python3.6/site-packages (from ipython>=4.0.0->ipywidgets>=7.0.0->azureml-contrib-widgets) (0.7.4)
Requirement not upgraded as not directly required: setuptools>=18.5 in /home/ninghai/miniconda3/envs/candidate/lib/python3.6/site-packages (from ipython>=4.0.0->ipywidgets>=7.0.0->azureml-contrib-widgets) (39.2.0)
Requirement not upgraded as not directly required: backcall in /home/ninghai/miniconda3/envs/candidate/lib/python3.6/site-packages (from ipython>=4.0.0->ipywidgets>=7.0.0->azureml-contrib-widgets) (0.1.0)
Requirement not upgraded as not directly required: simplegeneric>0.8 in /home/ninghai/miniconda3/envs/candidate/lib/python3.6/site-packages (from ipython>=4.0.0->ipywidgets>=7.0.0->azureml-contrib-widgets) (0.8.1)
Requirement not upgraded as not directly required: pexpect; sys_platform != "win32" in /home/ninghai/miniconda3/envs/candidate/lib/python3.6/site-packages (from ipython>=4.0.0->ipywidgets>=7.0.0->azureml-contrib-widgets) (4.6.0)
Requirement not upgraded as not directly required: prompt-toolkit<2.0.0,>=1.0.15 in /home/ninghai/miniconda3/envs/candidate/lib/python3.6/site-packages (from ipython>=4.0.0->ipywidgets>=7.0.0->azureml-contrib-widgets) (1.0.15)
Requirement not upgraded as not directly required: cryptography in /home/ninghai/miniconda3/envs/candidate/lib/python3.6/site-packages (from azure-storage-common->azureml-core==0.1.0.995245->azureml-contrib-widgets) (2.2.2)
Requirement not upgraded as not directly required: azure-common>=1.1.5 in /home/ninghai/miniconda3/envs/candidate/lib/python3.6/site-packages (from azure-storage-common->azureml-core==0.1.0.995245->azureml-contrib-widgets) (1.1.11)
Requirement not upgraded as not directly required: azure-nspkg>=2.0.0 in /home/ninghai/miniconda3/envs/candidate/lib/python3.6/site-packages (from azure-storage-nspkg->azureml-core==0.1.0.995245->azureml-contrib-widgets) (2.0.0)
Requirement not upgraded as not directly required: backports.weakref in /home/ninghai/miniconda3/envs/candidate/lib/python3.6/site-packages (from backports.tempfile->azureml-core==0.1.0.995245->azureml-contrib-widgets) (1.0.post1)
Requirement not upgraded as not directly required: humanfriendly>=4.7 in /home/ninghai/miniconda3/envs/candidate/lib/python3.6/site-packages (from azure-cli-core>=2.0.31->azureml-core==0.1.0.995245->azureml-contrib-widgets) (4.12.1)
Requirement not upgraded as not directly required: argcomplete>=1.8.0 in /home/ninghai/miniconda3/envs/candidate/lib/python3.6/site-packages (from azure-cli-core>=2.0.31->azureml-core==0.1.0.995245->azureml-contrib-widgets) (1.9.4)
Requirement not upgraded as not directly required: applicationinsights>=0.11.1 in /home/ninghai/miniconda3/envs/candidate/lib/python3.6/site-packages (from azure-cli-core>=2.0.31->azureml-core==0.1.0.995245->azureml-contrib-widgets) (0.11.4)
Requirement not upgraded as not directly required: pyyaml in /home/ninghai/miniconda3/envs/candidate/lib/python3.6/site-packages (from azure-cli-core>=2.0.31->azureml-core==0.1.0.995245->azureml-contrib-widgets) (3.12)
Requirement not upgraded as not directly required: knack==0.3.3 in /home/ninghai/miniconda3/envs/candidate/lib/python3.6/site-packages (from azure-cli-core>=2.0.31->azureml-core==0.1.0.995245->azureml-contrib-widgets) (0.3.3)
Requirement not upgraded as not directly required: tabulate<=0.8.2,>=0.7.7 in /home/ninghai/miniconda3/envs/candidate/lib/python3.6/site-packages (from azure-cli-core>=2.0.31->azureml-core==0.1.0.995245->azureml-contrib-widgets) (0.8.2)
Requirement not upgraded as not directly required: azure-cli-nspkg>=2.0.0 in /home/ninghai/miniconda3/envs/candidate/lib/python3.6/site-packages (from azure-cli-core>=2.0.31->azureml-core==0.1.0.995245->azureml-contrib-widgets) (3.0.2)
Requirement not upgraded as not directly required: jmespath in /home/ninghai/miniconda3/envs/candidate/lib/python3.6/site-packages (from azure-cli-core>=2.0.31->azureml-core==0.1.0.995245->azureml-contrib-widgets) (0.9.3)
Requirement not upgraded as not directly required: wheel==0.30.0 in /home/ninghai/miniconda3/envs/candidate/lib/python3.6/site-packages (from azure-cli-core>=2.0.31->azureml-core==0.1.0.995245->azureml-contrib-widgets) (0.30.0)
Requirement not upgraded as not directly required: pip in /home/ninghai/miniconda3/envs/candidate/lib/python3.6/site-packages (from azure-cli-core>=2.0.31->azureml-core==0.1.0.995245->azureml-contrib-widgets) (10.0.1)
Requirement not upgraded as not directly required: PyJWT in /home/ninghai/miniconda3/envs/candidate/lib/python3.6/site-packages (from azure-cli-core>=2.0.31->azureml-core==0.1.0.995245->azureml-contrib-widgets) (1.6.4)
Requirement not upgraded as not directly required: pyopenssl>=17.1.0 in /home/ninghai/miniconda3/envs/candidate/lib/python3.6/site-packages (from azure-cli-core>=2.0.31->azureml-core==0.1.0.995245->azureml-contrib-widgets) (18.0.0)
Requirement not upgraded as not directly required: colorama>=0.3.9 in /home/ninghai/miniconda3/envs/candidate/lib/python3.6/site-packages (from azure-cli-core>=2.0.31->azureml-core==0.1.0.995245->azureml-contrib-widgets) (0.3.9)
Requirement not upgraded as not directly required: paramiko in /home/ninghai/miniconda3/envs/candidate/lib/python3.6/site-packages (from azure-cli-core>=2.0.31->azureml-core==0.1.0.995245->azureml-contrib-widgets) (2.4.1)
Requirement not upgraded as not directly required: chardet<3.1.0,>=3.0.2 in /home/ninghai/miniconda3/envs/candidate/lib/python3.6/site-packages (from requests->azureml-core==0.1.0.995245->azureml-contrib-widgets) (3.0.4)
Requirement not upgraded as not directly required: idna<2.7,>=2.5 in /home/ninghai/miniconda3/envs/candidate/lib/python3.6/site-packages (from requests->azureml-core==0.1.0.995245->azureml-contrib-widgets) (2.6)
Requirement not upgraded as not directly required: azure-cli-command-modules-nspkg>=2.0.0 in /home/ninghai/miniconda3/envs/candidate/lib/python3.6/site-packages (from azure-cli-profile>=2.0.22->azureml-core==0.1.0.995245->azureml-contrib-widgets) (2.0.1)
Requirement not upgraded as not directly required: requests-oauthlib>=0.5.0 in /home/ninghai/miniconda3/envs/candidate/lib/python3.6/site-packages (from msrest>=0.4.29->azureml-core==0.1.0.995245->azureml-contrib-widgets) (0.8.0)
Requirement not upgraded as not directly required: isodate>=0.6.0 in /home/ninghai/miniconda3/envs/candidate/lib/python3.6/site-packages (from msrest>=0.4.29->azureml-core==0.1.0.995245->azureml-contrib-widgets) (0.6.0)
Requirement not upgraded as not directly required: azure-mgmt-nspkg>=2.0.0 in /home/ninghai/miniconda3/envs/candidate/lib/python3.6/site-packages (from azure-mgmt-keyvault>=0.40.0->azureml-core==0.1.0.995245->azureml-contrib-widgets) (2.0.0)
Requirement not upgraded as not directly required: pyasn1>=0.1.1 in /home/ninghai/miniconda3/envs/candidate/lib/python3.6/site-packages (from ndg-httpsclient->azureml-core==0.1.0.995245->azureml-contrib-widgets) (0.4.3)
Requirement not upgraded as not directly required: adal<2.0.0,>=0.5.0 in /home/ninghai/miniconda3/envs/candidate/lib/python3.6/site-packages (from msrestazure>=0.4.29->azureml-core==0.1.0.995245->azureml-contrib-widgets) (1.0.0)
Requirement not upgraded as not directly required: keyring>=12.0.2 in /home/ninghai/miniconda3/envs/candidate/lib/python3.6/site-packages (from msrestazure>=0.4.29->azureml-core==0.1.0.995245->azureml-contrib-widgets) (12.2.1)
Requirement not upgraded as not directly required: pyzmq>=13 in /home/ninghai/miniconda3/envs/candidate/lib/python3.6/site-packages (from jupyter_client->ipykernel>=4.5.1->ipywidgets>=7.0.0->azureml-contrib-widgets) (17.0.0)
Requirement not upgraded as not directly required: nbconvert in /home/ninghai/miniconda3/envs/candidate/lib/python3.6/site-packages (from notebook>=4.4.1->widgetsnbextension~=3.2.0->ipywidgets>=7.0.0->azureml-contrib-widgets) (5.3.1)
Requirement not upgraded as not directly required: terminado>=0.8.1 in /home/ninghai/miniconda3/envs/candidate/lib/python3.6/site-packages (from notebook>=4.4.1->widgetsnbextension~=3.2.0->ipywidgets>=7.0.0->azureml-contrib-widgets) (0.8.1)
Requirement not upgraded as not directly required: jinja2 in /home/ninghai/miniconda3/envs/candidate/lib/python3.6/site-packages (from notebook>=4.4.1->widgetsnbextension~=3.2.0->ipywidgets>=7.0.0->azureml-contrib-widgets) (2.10)
Requirement not upgraded as not directly required: Send2Trash in /home/ninghai/miniconda3/envs/candidate/lib/python3.6/site-packages (from notebook>=4.4.1->widgetsnbextension~=3.2.0->ipywidgets>=7.0.0->azureml-contrib-widgets) (1.5.0)
Requirement not upgraded as not directly required: parso>=0.2.0 in /home/ninghai/miniconda3/envs/candidate/lib/python3.6/site-packages (from jedi>=0.10->ipython>=4.0.0->ipywidgets>=7.0.0->azureml-contrib-widgets) (0.2.1)
Requirement not upgraded as not directly required: ptyprocess>=0.5 in /home/ninghai/miniconda3/envs/candidate/lib/python3.6/site-packages (from pexpect; sys_platform != "win32"->ipython>=4.0.0->ipywidgets>=7.0.0->azureml-contrib-widgets) (0.5.2)
Requirement not upgraded as not directly required: wcwidth in /home/ninghai/miniconda3/envs/candidate/lib/python3.6/site-packages (from prompt-toolkit<2.0.0,>=1.0.15->ipython>=4.0.0->ipywidgets>=7.0.0->azureml-contrib-widgets) (0.1.7)
Requirement not upgraded as not directly required: asn1crypto>=0.21.0 in /home/ninghai/miniconda3/envs/candidate/lib/python3.6/site-packages (from cryptography->azure-storage-common->azureml-core==0.1.0.995245->azureml-contrib-widgets) (0.24.0)
Requirement not upgraded as not directly required: cffi>=1.7 in /home/ninghai/miniconda3/envs/candidate/lib/python3.6/site-packages (from cryptography->azure-storage-common->azureml-core==0.1.0.995245->azureml-contrib-widgets) (1.11.5)
Requirement not upgraded as not directly required: pynacl>=1.0.1 in /home/ninghai/miniconda3/envs/candidate/lib/python3.6/site-packages (from paramiko->azure-cli-core>=2.0.31->azureml-core==0.1.0.995245->azureml-contrib-widgets) (1.2.1)
Requirement not upgraded as not directly required: bcrypt>=3.1.3 in /home/ninghai/miniconda3/envs/candidate/lib/python3.6/site-packages (from paramiko->azure-cli-core>=2.0.31->azureml-core==0.1.0.995245->azureml-contrib-widgets) (3.1.4)
Requirement not upgraded as not directly required: oauthlib>=0.6.2 in /home/ninghai/miniconda3/envs/candidate/lib/python3.6/site-packages (from requests-oauthlib>=0.5.0->msrest>=0.4.29->azureml-core==0.1.0.995245->azureml-contrib-widgets) (2.1.0)
Requirement not upgraded as not directly required: entrypoints in /home/ninghai/miniconda3/envs/candidate/lib/python3.6/site-packages (from keyring>=12.0.2->msrestazure>=0.4.29->azureml-core==0.1.0.995245->azureml-contrib-widgets) (0.2.3)
Requirement not upgraded as not directly required: mistune>=0.7.4 in /home/ninghai/miniconda3/envs/candidate/lib/python3.6/site-packages (from nbconvert->notebook>=4.4.1->widgetsnbextension~=3.2.0->ipywidgets>=7.0.0->azureml-contrib-widgets) (0.8.3)
Requirement not upgraded as not directly required: bleach in /home/ninghai/miniconda3/envs/candidate/lib/python3.6/site-packages (from nbconvert->notebook>=4.4.1->widgetsnbextension~=3.2.0->ipywidgets>=7.0.0->azureml-contrib-widgets) (2.1.3)
Requirement not upgraded as not directly required: pandocfilters>=1.4.1 in /home/ninghai/miniconda3/envs/candidate/lib/python3.6/site-packages (from nbconvert->notebook>=4.4.1->widgetsnbextension~=3.2.0->ipywidgets>=7.0.0->azureml-contrib-widgets) (1.4.2)
Requirement not upgraded as not directly required: testpath in /home/ninghai/miniconda3/envs/candidate/lib/python3.6/site-packages (from nbconvert->notebook>=4.4.1->widgetsnbextension~=3.2.0->ipywidgets>=7.0.0->azureml-contrib-widgets) (0.3.1)
Requirement not upgraded as not directly required: MarkupSafe>=0.23 in /home/ninghai/miniconda3/envs/candidate/lib/python3.6/site-packages (from jinja2->notebook>=4.4.1->widgetsnbextension~=3.2.0->ipywidgets>=7.0.0->azureml-contrib-widgets) (1.0)
Requirement not upgraded as not directly required: pycparser in /home/ninghai/miniconda3/envs/candidate/lib/python3.6/site-packages (from cffi>=1.7->cryptography->azure-storage-common->azureml-core==0.1.0.995245->azureml-contrib-widgets) (2.18)
Requirement not upgraded as not directly required: html5lib!=1.0b1,!=1.0b2,!=1.0b3,!=1.0b4,!=1.0b5,!=1.0b6,!=1.0b7,!=1.0b8,>=0.99999999pre in /home/ninghai/miniconda3/envs/candidate/lib/python3.6/site-packages (from bleach->nbconvert->notebook>=4.4.1->widgetsnbextension~=3.2.0->ipywidgets>=7.0.0->azureml-contrib-widgets) (1.0.1)
Requirement not upgraded as not directly required: webencodings in /home/ninghai/miniconda3/envs/candidate/lib/python3.6/site-packages (from html5lib!=1.0b1,!=1.0b2,!=1.0b3,!=1.0b4,!=1.0b5,!=1.0b6,!=1.0b7,!=1.0b8,>=0.99999999pre->bleach->nbconvert->notebook>=4.4.1->widgetsnbextension~=3.2.0->ipywidgets>=7.0.0->azureml-contrib-widgets) (0.5.1)
Installing collected packages: azureml-contrib-widgets
Successfully installed azureml-contrib-widgets-0.1.0.995245
Looking in indexes: https://pypi.org/simple, https://azuremlsdktestpypi.azureedge.net/sdk-release/Candidate/604C89A437BA41BD942B4F46D9A3591D
Collecting azureml-contrib-daskonbatch
  Using cached https://azuremlsdktestpypi.blob.core.windows.net/repo/sdk-release/Candidate/604C89A437BA41BD942B4F46D9A3591D/azureml_contrib_daskonbatch-0.1.0.995245-py3-none-any.whl?sv=2017-04-17&sr=b&sig=8jEa6X4dRYD%2F4E4uWKjQhKxPfzzmeGTwxEeVR%2Fa6eoM%3D&st=2018-06-01T20%3A16%3A40Z&se=2019-06-01T20%3A16%3A40Z&sp=rl
Collecting joblib==0.11 (from azureml-contrib-daskonbatch)
  Using cached https://files.pythonhosted.org/packages/4f/51/870b2ec270fc29c5d89f85353da420606a9cb39fba4747127e7c7d7eb25d/joblib-0.11-py2.py3-none-any.whl
Requirement not upgraded as not directly required: azureml-core==0.1.0.995245 in /home/ninghai/miniconda3/envs/candidate/lib/python3.6/site-packages (from azureml-contrib-daskonbatch) (0.1.0.995245)
Collecting distributed==1.21.0 (from azureml-contrib-daskonbatch)
  Using cached https://files.pythonhosted.org/packages/fe/c0/074d190e0309899e95c112166c319b32291160ea1871bb9dc5b611577844/distributed-1.21.0-py2.py3-none-any.whl
Requirement not upgraded as not directly required: msrest>=0.4.29 in /home/ninghai/miniconda3/envs/candidate/lib/python3.6/site-packages (from azureml-core==0.1.0.995245->azureml-contrib-daskonbatch) (0.4.29)
Requirement not upgraded as not directly required: msrestazure>=0.4.29 in /home/ninghai/miniconda3/envs/candidate/lib/python3.6/site-packages (from azureml-core==0.1.0.995245->azureml-contrib-daskonbatch) (0.4.31)
Requirement not upgraded as not directly required: six>=1.11.0 in /home/ninghai/miniconda3/envs/candidate/lib/python3.6/site-packages (from azureml-core==0.1.0.995245->azureml-contrib-daskonbatch) (1.11.0)
Requirement not upgraded as not directly required: jsonpickle in /home/ninghai/miniconda3/envs/candidate/lib/python3.6/site-packages (from azureml-core==0.1.0.995245->azureml-contrib-daskonbatch) (0.9.6)
Requirement not upgraded as not directly required: pathspec in /home/ninghai/miniconda3/envs/candidate/lib/python3.6/site-packages (from azureml-core==0.1.0.995245->azureml-contrib-daskonbatch) (0.5.6)
Requirement not upgraded as not directly required: pathlib in /home/ninghai/miniconda3/envs/candidate/lib/python3.6/site-packages (from azureml-core==0.1.0.995245->azureml-contrib-daskonbatch) (1.0.1)
Requirement not upgraded as not directly required: ruamel.yaml>=0.15.35 in /home/ninghai/miniconda3/envs/candidate/lib/python3.6/site-packages (from azureml-core==0.1.0.995245->azureml-contrib-daskonbatch) (0.15.37)
Requirement not upgraded as not directly required: SecretStorage<3.0.0 in /home/ninghai/miniconda3/envs/candidate/lib/python3.6/site-packages (from azureml-core==0.1.0.995245->azureml-contrib-daskonbatch) (2.3.1)
Requirement not upgraded as not directly required: pytz in /home/ninghai/miniconda3/envs/candidate/lib/python3.6/site-packages (from azureml-core==0.1.0.995245->azureml-contrib-daskonbatch) (2018.4)
Requirement not upgraded as not directly required: azure-mgmt-containerregistry>=1.0.1 in /home/ninghai/miniconda3/envs/candidate/lib/python3.6/site-packages (from azureml-core==0.1.0.995245->azureml-contrib-daskonbatch) (2.0.0)
Requirement not upgraded as not directly required: backports.tempfile in /home/ninghai/miniconda3/envs/candidate/lib/python3.6/site-packages (from azureml-core==0.1.0.995245->azureml-contrib-daskonbatch) (1.0)
Requirement not upgraded as not directly required: azure-mgmt-resource>=1.2.1 in /home/ninghai/miniconda3/envs/candidate/lib/python3.6/site-packages (from azureml-core==0.1.0.995245->azureml-contrib-daskonbatch) (1.2.1)
Requirement not upgraded as not directly required: azure-graphrbac>=0.40.0 in /home/ninghai/miniconda3/envs/candidate/lib/python3.6/site-packages (from azureml-core==0.1.0.995245->azureml-contrib-daskonbatch) (0.40.0)
Requirement not upgraded as not directly required: azure-mgmt-keyvault>=0.40.0 in /home/ninghai/miniconda3/envs/candidate/lib/python3.6/site-packages (from azureml-core==0.1.0.995245->azureml-contrib-daskonbatch) (0.40.0)
Requirement not upgraded as not directly required: contextlib2 in /home/ninghai/miniconda3/envs/candidate/lib/python3.6/site-packages (from azureml-core==0.1.0.995245->azureml-contrib-daskonbatch) (0.5.5)
Requirement not upgraded as not directly required: azure-storage-file in /home/ninghai/miniconda3/envs/candidate/lib/python3.6/site-packages (from azureml-core==0.1.0.995245->azureml-contrib-daskonbatch) (1.1.0)
Requirement not upgraded as not directly required: python-dateutil in /home/ninghai/miniconda3/envs/candidate/lib/python3.6/site-packages (from azureml-core==0.1.0.995245->azureml-contrib-daskonbatch) (2.7.3)
Requirement not upgraded as not directly required: azure-mgmt-authorization>=0.40.0 in /home/ninghai/miniconda3/envs/candidate/lib/python3.6/site-packages (from azureml-core==0.1.0.995245->azureml-contrib-daskonbatch) (0.40.0)
Requirement not upgraded as not directly required: ndg-httpsclient in /home/ninghai/miniconda3/envs/candidate/lib/python3.6/site-packages (from azureml-core==0.1.0.995245->azureml-contrib-daskonbatch) (0.5.0)
Requirement not upgraded as not directly required: requests in /home/ninghai/miniconda3/envs/candidate/lib/python3.6/site-packages (from azureml-core==0.1.0.995245->azureml-contrib-daskonbatch) (2.18.4)
Requirement not upgraded as not directly required: azure-storage-nspkg in /home/ninghai/miniconda3/envs/candidate/lib/python3.6/site-packages (from azureml-core==0.1.0.995245->azureml-contrib-daskonbatch) (3.0.0)
Requirement not upgraded as not directly required: azure-storage-common in /home/ninghai/miniconda3/envs/candidate/lib/python3.6/site-packages (from azureml-core==0.1.0.995245->azureml-contrib-daskonbatch) (1.1.0)
Requirement not upgraded as not directly required: azure-cli-profile>=2.0.22 in /home/ninghai/miniconda3/envs/candidate/lib/python3.6/site-packages (from azureml-core==0.1.0.995245->azureml-contrib-daskonbatch) (2.0.25)
Requirement not upgraded as not directly required: azure-mgmt-storage>=1.5.0 in /home/ninghai/miniconda3/envs/candidate/lib/python3.6/site-packages (from azureml-core==0.1.0.995245->azureml-contrib-daskonbatch) (1.5.0)
Requirement not upgraded as not directly required: azure-storage-blob in /home/ninghai/miniconda3/envs/candidate/lib/python3.6/site-packages (from azureml-core==0.1.0.995245->azureml-contrib-daskonbatch) (1.1.0)
Requirement not upgraded as not directly required: azure-cli-core>=2.0.31 in /home/ninghai/miniconda3/envs/candidate/lib/python3.6/site-packages (from azureml-core==0.1.0.995245->azureml-contrib-daskonbatch) (2.0.33)
Collecting msgpack-python (from distributed==1.21.0->azureml-contrib-daskonbatch)
Collecting click>=6.6 (from distributed==1.21.0->azureml-contrib-daskonbatch)
  Using cached https://files.pythonhosted.org/packages/34/c1/8806f99713ddb993c5366c362b2f908f18269f8d792aff1abfd700775a77/click-6.7-py2.py3-none-any.whl
Requirement not upgraded as not directly required: tornado>=4.5.1 in /home/ninghai/miniconda3/envs/candidate/lib/python3.6/site-packages (from distributed==1.21.0->azureml-contrib-daskonbatch) (5.0.2)
Collecting cloudpickle>=0.2.2 (from distributed==1.21.0->azureml-contrib-daskonbatch)
  Using cached https://files.pythonhosted.org/packages/e7/bf/60ae7ec1e8c6742d2abbb6819c39a48ee796793bcdb7e1d5e41a3e379ddd/cloudpickle-0.5.3-py2.py3-none-any.whl
Collecting zict>=0.1.3 (from distributed==1.21.0->azureml-contrib-daskonbatch)
  Using cached https://files.pythonhosted.org/packages/5d/c9/eddd6c9a7ebd65fc799f9b87e56b45599a4e35d66e3da2722d7fc2a89f1f/zict-0.1.3-py2.py3-none-any.whl
Collecting sortedcontainers (from distributed==1.21.0->azureml-contrib-daskonbatch)
  Using cached https://files.pythonhosted.org/packages/98/01/a5242e49249ad29e9e26980e8f8db0b88ecce75ed9e9c4ff994e8f9d0614/sortedcontainers-2.0.3-py2.py3-none-any.whl
Collecting tblib (from distributed==1.21.0->azureml-contrib-daskonbatch)
  Using cached https://files.pythonhosted.org/packages/4a/82/1b9fba6e93629a8557f9784cd8f1ae063c8762c26446367a6764edd328ce/tblib-1.3.2-py2.py3-none-any.whl
Collecting psutil (from distributed==1.21.0->azureml-contrib-daskonbatch)
Collecting dask>=0.17.0 (from distributed==1.21.0->azureml-contrib-daskonbatch)
  Using cached https://files.pythonhosted.org/packages/91/1a/71be14f468f8f3f94e708afd5662cf75a0ca33a78924ca9f129a9c45c66b/dask-0.17.5-py3-none-any.whl
Collecting toolz>=0.7.4 (from distributed==1.21.0->azureml-contrib-daskonbatch)
Requirement not upgraded as not directly required: isodate>=0.6.0 in /home/ninghai/miniconda3/envs/candidate/lib/python3.6/site-packages (from msrest>=0.4.29->azureml-core==0.1.0.995245->azureml-contrib-daskonbatch) (0.6.0)
Requirement not upgraded as not directly required: certifi>=2017.4.17 in /home/ninghai/miniconda3/envs/candidate/lib/python3.6/site-packages (from msrest>=0.4.29->azureml-core==0.1.0.995245->azureml-contrib-daskonbatch) (2018.4.16)
Requirement not upgraded as not directly required: requests-oauthlib>=0.5.0 in /home/ninghai/miniconda3/envs/candidate/lib/python3.6/site-packages (from msrest>=0.4.29->azureml-core==0.1.0.995245->azureml-contrib-daskonbatch) (0.8.0)
Requirement not upgraded as not directly required: keyring>=12.0.2 in /home/ninghai/miniconda3/envs/candidate/lib/python3.6/site-packages (from msrestazure>=0.4.29->azureml-core==0.1.0.995245->azureml-contrib-daskonbatch) (12.2.1)
Requirement not upgraded as not directly required: adal<2.0.0,>=0.5.0 in /home/ninghai/miniconda3/envs/candidate/lib/python3.6/site-packages (from msrestazure>=0.4.29->azureml-core==0.1.0.995245->azureml-contrib-daskonbatch) (1.0.0)
Requirement not upgraded as not directly required: cryptography in /home/ninghai/miniconda3/envs/candidate/lib/python3.6/site-packages (from SecretStorage<3.0.0->azureml-core==0.1.0.995245->azureml-contrib-daskonbatch) (2.2.2)
Requirement not upgraded as not directly required: azure-mgmt-nspkg>=2.0.0 in /home/ninghai/miniconda3/envs/candidate/lib/python3.6/site-packages (from azure-mgmt-containerregistry>=1.0.1->azureml-core==0.1.0.995245->azureml-contrib-daskonbatch) (2.0.0)
Requirement not upgraded as not directly required: azure-common>=1.1.10,~=1.1 in /home/ninghai/miniconda3/envs/candidate/lib/python3.6/site-packages (from azure-mgmt-containerregistry>=1.0.1->azureml-core==0.1.0.995245->azureml-contrib-daskonbatch) (1.1.11)
Requirement not upgraded as not directly required: backports.weakref in /home/ninghai/miniconda3/envs/candidate/lib/python3.6/site-packages (from backports.tempfile->azureml-core==0.1.0.995245->azureml-contrib-daskonbatch) (1.0.post1)
Requirement not upgraded as not directly required: azure-nspkg>=2.0.0 in /home/ninghai/miniconda3/envs/candidate/lib/python3.6/site-packages (from azure-graphrbac>=0.40.0->azureml-core==0.1.0.995245->azureml-contrib-daskonbatch) (2.0.0)
Requirement not upgraded as not directly required: PyOpenSSL in /home/ninghai/miniconda3/envs/candidate/lib/python3.6/site-packages (from ndg-httpsclient->azureml-core==0.1.0.995245->azureml-contrib-daskonbatch) (18.0.0)
Requirement not upgraded as not directly required: pyasn1>=0.1.1 in /home/ninghai/miniconda3/envs/candidate/lib/python3.6/site-packages (from ndg-httpsclient->azureml-core==0.1.0.995245->azureml-contrib-daskonbatch) (0.4.3)
Requirement not upgraded as not directly required: chardet<3.1.0,>=3.0.2 in /home/ninghai/miniconda3/envs/candidate/lib/python3.6/site-packages (from requests->azureml-core==0.1.0.995245->azureml-contrib-daskonbatch) (3.0.4)
Requirement not upgraded as not directly required: idna<2.7,>=2.5 in /home/ninghai/miniconda3/envs/candidate/lib/python3.6/site-packages (from requests->azureml-core==0.1.0.995245->azureml-contrib-daskonbatch) (2.6)
Requirement not upgraded as not directly required: urllib3<1.23,>=1.21.1 in /home/ninghai/miniconda3/envs/candidate/lib/python3.6/site-packages (from requests->azureml-core==0.1.0.995245->azureml-contrib-daskonbatch) (1.22)
Requirement not upgraded as not directly required: azure-cli-command-modules-nspkg>=2.0.0 in /home/ninghai/miniconda3/envs/candidate/lib/python3.6/site-packages (from azure-cli-profile>=2.0.22->azureml-core==0.1.0.995245->azureml-contrib-daskonbatch) (2.0.1)
Requirement not upgraded as not directly required: applicationinsights>=0.11.1 in /home/ninghai/miniconda3/envs/candidate/lib/python3.6/site-packages (from azure-cli-core>=2.0.31->azureml-core==0.1.0.995245->azureml-contrib-daskonbatch) (0.11.4)
Requirement not upgraded as not directly required: jmespath in /home/ninghai/miniconda3/envs/candidate/lib/python3.6/site-packages (from azure-cli-core>=2.0.31->azureml-core==0.1.0.995245->azureml-contrib-daskonbatch) (0.9.3)
Requirement not upgraded as not directly required: colorama>=0.3.9 in /home/ninghai/miniconda3/envs/candidate/lib/python3.6/site-packages (from azure-cli-core>=2.0.31->azureml-core==0.1.0.995245->azureml-contrib-daskonbatch) (0.3.9)
Requirement not upgraded as not directly required: paramiko in /home/ninghai/miniconda3/envs/candidate/lib/python3.6/site-packages (from azure-cli-core>=2.0.31->azureml-core==0.1.0.995245->azureml-contrib-daskonbatch) (2.4.1)
Requirement not upgraded as not directly required: pip in /home/ninghai/miniconda3/envs/candidate/lib/python3.6/site-packages (from azure-cli-core>=2.0.31->azureml-core==0.1.0.995245->azureml-contrib-daskonbatch) (10.0.1)
Requirement not upgraded as not directly required: PyJWT in /home/ninghai/miniconda3/envs/candidate/lib/python3.6/site-packages (from azure-cli-core>=2.0.31->azureml-core==0.1.0.995245->azureml-contrib-daskonbatch) (1.6.4)
Requirement not upgraded as not directly required: pyyaml in /home/ninghai/miniconda3/envs/candidate/lib/python3.6/site-packages (from azure-cli-core>=2.0.31->azureml-core==0.1.0.995245->azureml-contrib-daskonbatch) (3.12)
Requirement not upgraded as not directly required: humanfriendly>=4.7 in /home/ninghai/miniconda3/envs/candidate/lib/python3.6/site-packages (from azure-cli-core>=2.0.31->azureml-core==0.1.0.995245->azureml-contrib-daskonbatch) (4.12.1)
Requirement not upgraded as not directly required: argcomplete>=1.8.0 in /home/ninghai/miniconda3/envs/candidate/lib/python3.6/site-packages (from azure-cli-core>=2.0.31->azureml-core==0.1.0.995245->azureml-contrib-daskonbatch) (1.9.4)
Requirement not upgraded as not directly required: knack==0.3.3 in /home/ninghai/miniconda3/envs/candidate/lib/python3.6/site-packages (from azure-cli-core>=2.0.31->azureml-core==0.1.0.995245->azureml-contrib-daskonbatch) (0.3.3)
Requirement not upgraded as not directly required: wheel==0.30.0 in /home/ninghai/miniconda3/envs/candidate/lib/python3.6/site-packages (from azure-cli-core>=2.0.31->azureml-core==0.1.0.995245->azureml-contrib-daskonbatch) (0.30.0)
Requirement not upgraded as not directly required: azure-cli-nspkg>=2.0.0 in /home/ninghai/miniconda3/envs/candidate/lib/python3.6/site-packages (from azure-cli-core>=2.0.31->azureml-core==0.1.0.995245->azureml-contrib-daskonbatch) (3.0.2)
Requirement not upgraded as not directly required: pygments in /home/ninghai/miniconda3/envs/candidate/lib/python3.6/site-packages (from azure-cli-core>=2.0.31->azureml-core==0.1.0.995245->azureml-contrib-daskonbatch) (2.2.0)
Requirement not upgraded as not directly required: tabulate<=0.8.2,>=0.7.7 in /home/ninghai/miniconda3/envs/candidate/lib/python3.6/site-packages (from azure-cli-core>=2.0.31->azureml-core==0.1.0.995245->azureml-contrib-daskonbatch) (0.8.2)
Collecting heapdict (from zict>=0.1.3->distributed==1.21.0->azureml-contrib-daskonbatch)
Requirement not upgraded as not directly required: oauthlib>=0.6.2 in /home/ninghai/miniconda3/envs/candidate/lib/python3.6/site-packages (from requests-oauthlib>=0.5.0->msrest>=0.4.29->azureml-core==0.1.0.995245->azureml-contrib-daskonbatch) (2.1.0)
Requirement not upgraded as not directly required: entrypoints in /home/ninghai/miniconda3/envs/candidate/lib/python3.6/site-packages (from keyring>=12.0.2->msrestazure>=0.4.29->azureml-core==0.1.0.995245->azureml-contrib-daskonbatch) (0.2.3)
Requirement not upgraded as not directly required: asn1crypto>=0.21.0 in /home/ninghai/miniconda3/envs/candidate/lib/python3.6/site-packages (from cryptography->SecretStorage<3.0.0->azureml-core==0.1.0.995245->azureml-contrib-daskonbatch) (0.24.0)
Requirement not upgraded as not directly required: cffi>=1.7 in /home/ninghai/miniconda3/envs/candidate/lib/python3.6/site-packages (from cryptography->SecretStorage<3.0.0->azureml-core==0.1.0.995245->azureml-contrib-daskonbatch) (1.11.5)
Requirement not upgraded as not directly required: pynacl>=1.0.1 in /home/ninghai/miniconda3/envs/candidate/lib/python3.6/site-packages (from paramiko->azure-cli-core>=2.0.31->azureml-core==0.1.0.995245->azureml-contrib-daskonbatch) (1.2.1)
Requirement not upgraded as not directly required: bcrypt>=3.1.3 in /home/ninghai/miniconda3/envs/candidate/lib/python3.6/site-packages (from paramiko->azure-cli-core>=2.0.31->azureml-core==0.1.0.995245->azureml-contrib-daskonbatch) (3.1.4)
Requirement not upgraded as not directly required: pycparser in /home/ninghai/miniconda3/envs/candidate/lib/python3.6/site-packages (from cffi>=1.7->cryptography->SecretStorage<3.0.0->azureml-core==0.1.0.995245->azureml-contrib-daskonbatch) (2.18)
Installing collected packages: joblib, msgpack-python, click, cloudpickle, heapdict, zict, sortedcontainers, tblib, psutil, dask, toolz, distributed, azureml-contrib-daskonbatch
Successfully installed azureml-contrib-daskonbatch-0.1.0.995245 click-6.7 cloudpickle-0.5.3 dask-0.17.5 distributed-1.21.0 heapdict-1.0.0 joblib-0.11 msgpack-python-0.5.6 psutil-5.4.5 sortedcontainers-2.0.3 tblib-1.3.2 toolz-0.9.0 zict-0.1.3

###### azureml.core ########
0.1.0.995245
############################
