Client-Request-ID=9a751fb2-6402-11e8-9288-000d3a71b7c3 Retry policy did not allow for a retry: Server-Timestamp=Wed, 30 May 2018 12:11:37 GMT, Server-Request-ID=35b6b68b-801e-0042-200f-f87f25000000, HTTP status code=409, Exception=The specified container already exists.ErrorCode: ContainerAlreadyExists<?xml version="1.0" encoding="utf-8"?><Error><Code>ContainerAlreadyExists</Code><Message>The specified container already exists.RequestId:35b6b68b-801e-0042-200f-f87f25000000Time:2018-05-30T12:11:37.9973664Z</Message></Error>.
Client-Request-ID=a14a4510-6402-11e8-9288-000d3a71b7c3 Retry policy did not allow for a retry: Server-Timestamp=Wed, 30 May 2018 12:11:48 GMT, Server-Request-ID=e95196b0-a01e-0033-130f-f80d1c000000, HTTP status code=409, Exception=The specified container already exists.ErrorCode: ContainerAlreadyExists<?xml version="1.0" encoding="utf-8"?><Error><Code>ContainerAlreadyExists</Code><Message>The specified container already exists.RequestId:e95196b0-a01e-0033-130f-f80d1c000000Time:2018-05-30T12:11:49.4591614Z</Message></Error>.
Client-Request-ID=a14a4512-6402-11e8-9288-000d3a71b7c3 Retry policy did not allow for a retry: Server-Timestamp=Wed, 30 May 2018 12:11:48 GMT, Server-Request-ID=8f52eb81-f01e-00a8-6d0f-f88024000000, HTTP status code=409, Exception=The specified container already exists.ErrorCode: ContainerAlreadyExists<?xml version="1.0" encoding="utf-8"?><Error><Code>ContainerAlreadyExists</Code><Message>The specified container already exists.RequestId:8f52eb81-f01e-00a8-6d0f-f88024000000Time:2018-05-30T12:11:49.6398094Z</Message></Error>.
Client-Request-ID=a14a4514-6402-11e8-9288-000d3a71b7c3 Retry policy did not allow for a retry: Server-Timestamp=Wed, 30 May 2018 12:11:49 GMT, Server-Request-ID=7f68ded2-b01e-0041-4e0f-f87c22000000, HTTP status code=409, Exception=The specified container already exists.ErrorCode: ContainerAlreadyExists<?xml version="1.0" encoding="utf-8"?><Error><Code>ContainerAlreadyExists</Code><Message>The specified container already exists.RequestId:7f68ded2-b01e-0041-4e0f-f87c22000000Time:2018-05-30T12:11:49.8006883Z</Message></Error>.
Client-Request-ID=a14a4516-6402-11e8-9288-000d3a71b7c3 Retry policy did not allow for a retry: Server-Timestamp=Wed, 30 May 2018 12:11:49 GMT, Server-Request-ID=45a3199b-e01e-0016-0a0f-f895af000000, HTTP status code=409, Exception=The specified container already exists.ErrorCode: ContainerAlreadyExists<?xml version="1.0" encoding="utf-8"?><Error><Code>ContainerAlreadyExists</Code><Message>The specified container already exists.RequestId:45a3199b-e01e-0016-0a0f-f895af000000Time:2018-05-30T12:11:49.9628736Z</Message></Error>.
Traceback (most recent call last):
  File "/home/ninghai/miniconda3/envs/rc/lib/python3.6/site-packages/azureml/core/workspace.py", line 997, in create_image
    resp.raise_for_status()
  File "/home/ninghai/miniconda3/envs/rc/lib/python3.6/site-packages/requests/models.py", line 935, in raise_for_status
    raise HTTPError(http_error_msg, response=self)
requests.exceptions.HTTPError: 404 Client Error: Not Found for url: https://eastus2.modelmanagement.azureml.net/api/subscriptions/fac34303-435d-4486-8c3f-7094d82a0b60/resourceGroups/aml-notebooks/providers/Microsoft.MachineLearningServices/workspaces/haieastus2ws3/images?api-version=2018-03-01-preview

During handling of the above exception, another exception occurred:

Traceback (most recent call last):
  File "./01.interactive.e2e.py", line 142, in <module>
    driver = 'score.py')
  File "/home/ninghai/miniconda3/envs/rc/lib/python3.6/site-packages/azureml/core/workspace.py", line 883, in deploy_webservice
    enable_gpu, tags, description)
  File "/home/ninghai/miniconda3/envs/rc/lib/python3.6/site-packages/azureml/core/workspace.py", line 1004, in create_image
    'Content: {}'.format(resp.status_code, resp.headers, resp.content))
azureml.exceptions.azureml_exception.WebserviceException: Received bad response from Model Management Service:
Response Code: 404
Headers: {'Date': 'Wed, 30 May 2018 12:11:55 GMT', 'Content-Type': 'application/json', 'Transfer-Encoding': 'chunked', 'Connection': 'keep-alive', 'api-supported-versions': '2018-03-01-preview', 'x-ms-client-request-id': 'bd4cb744e2eb414cb2b216167f817ae7', 'x-ms-client-session-id': '', 'Strict-Transport-Security': 'max-age=15724800; includeSubDomains; preload', 'Content-Encoding': 'gzip'}
Content: b'{"code":"NotFound","statusCode":404,"message":"The specified resource was not found","details":[{"code":"NoSuchModelRegistered","message":"One ore more models are not registered in Account Subscription: fac34303-435d-4486-8c3f-7094d82a0b60, ResourceGroup: aml-notebooks, Account: haieastus2ws3."}]}'
date: extra operand ‘%F-%T’
Try 'date --help' for more information.
Client-Request-ID=5f8f05f4-640a-11e8-9288-000d3a71b7c3 Retry policy did not allow for a retry: Server-Timestamp=Wed, 30 May 2018 13:07:15 GMT, Server-Request-ID=ba089cd4-301e-009c-3d17-f82f8c000000, HTTP status code=409, Exception=The specified container already exists.ErrorCode: ContainerAlreadyExists<?xml version="1.0" encoding="utf-8"?><Error><Code>ContainerAlreadyExists</Code><Message>The specified container already exists.RequestId:ba089cd4-301e-009c-3d17-f82f8c000000Time:2018-05-30T13:07:15.2622565Z</Message></Error>.
Client-Request-ID=64e598ec-640a-11e8-9288-000d3a71b7c3 Retry policy did not allow for a retry: Server-Timestamp=Wed, 30 May 2018 13:07:23 GMT, Server-Request-ID=3ac857b0-901e-00f7-1717-f872da000000, HTTP status code=409, Exception=The specified container already exists.ErrorCode: ContainerAlreadyExists<?xml version="1.0" encoding="utf-8"?><Error><Code>ContainerAlreadyExists</Code><Message>The specified container already exists.RequestId:3ac857b0-901e-00f7-1717-f872da000000Time:2018-05-30T13:07:24.1087321Z</Message></Error>.
Client-Request-ID=64e598ee-640a-11e8-9288-000d3a71b7c3 Retry policy did not allow for a retry: Server-Timestamp=Wed, 30 May 2018 13:07:23 GMT, Server-Request-ID=bdb937ac-001e-00f9-0917-f89ed1000000, HTTP status code=409, Exception=The specified container already exists.ErrorCode: ContainerAlreadyExists<?xml version="1.0" encoding="utf-8"?><Error><Code>ContainerAlreadyExists</Code><Message>The specified container already exists.RequestId:bdb937ac-001e-00f9-0917-f89ed1000000Time:2018-05-30T13:07:24.2953969Z</Message></Error>.
Client-Request-ID=64e598f0-640a-11e8-9288-000d3a71b7c3 Retry policy did not allow for a retry: Server-Timestamp=Wed, 30 May 2018 13:07:24 GMT, Server-Request-ID=b4da12c4-801e-00ca-2517-f8c7fc000000, HTTP status code=409, Exception=The specified container already exists.ErrorCode: ContainerAlreadyExists<?xml version="1.0" encoding="utf-8"?><Error><Code>ContainerAlreadyExists</Code><Message>The specified container already exists.RequestId:b4da12c4-801e-00ca-2517-f8c7fc000000Time:2018-05-30T13:07:24.4609768Z</Message></Error>.
Client-Request-ID=64e598f2-640a-11e8-9288-000d3a71b7c3 Retry policy did not allow for a retry: Server-Timestamp=Wed, 30 May 2018 13:07:23 GMT, Server-Request-ID=6dea352c-b01e-0101-0217-f81399000000, HTTP status code=409, Exception=The specified container already exists.ErrorCode: ContainerAlreadyExists<?xml version="1.0" encoding="utf-8"?><Error><Code>ContainerAlreadyExists</Code><Message>The specified container already exists.RequestId:6dea352c-b01e-0101-0217-f81399000000Time:2018-05-30T13:07:24.6206030Z</Message></Error>.
