Already on 'master'
Accept header absent and forced to application/json
Accept header absent and forced to application/json
Accept header absent and forced to application/json
Accept header absent and forced to application/json
Accept header absent and forced to application/json
Accept header absent and forced to application/json
Accept header absent and forced to application/json
Accept header absent and forced to application/json
Accept header absent and forced to application/json
Accept header absent and forced to application/json
Accept header absent and forced to application/json
Accept header absent and forced to application/json
Accept header absent and forced to application/json
Accept header absent and forced to application/json
Accept header absent and forced to application/json
Accept header absent and forced to application/json
Accept header absent and forced to application/json
Accept header absent and forced to application/json
Accept header absent and forced to application/json
Accept header absent and forced to application/json
Accept header absent and forced to application/json
Accept header absent and forced to application/json
Accept header absent and forced to application/json
Accept header absent and forced to application/json
Accept header absent and forced to application/json
Accept header absent and forced to application/json
Accept header absent and forced to application/json
Accept header absent and forced to application/json
Accept header absent and forced to application/json
Accept header absent and forced to application/json
Accept header absent and forced to application/json
Accept header absent and forced to application/json
Accept header absent and forced to application/json
Accept header absent and forced to application/json
Accept header absent and forced to application/json
Accept header absent and forced to application/json
Accept header absent and forced to application/json
Accept header absent and forced to application/json
Accept header absent and forced to application/json
Accept header absent and forced to application/json
Accept header absent and forced to application/json
Accept header absent and forced to application/json
Accept header absent and forced to application/json
Accept header absent and forced to application/json
Accept header absent and forced to application/json
Accept header absent and forced to application/json
Accept header absent and forced to application/json
Accept header absent and forced to application/json
Accept header absent and forced to application/json
Accept header absent and forced to application/json
Accept header absent and forced to application/json
Accept header absent and forced to application/json
Accept header absent and forced to application/json
Accept header absent and forced to application/json
Accept header absent and forced to application/json
Accept header absent and forced to application/json
Accept header absent and forced to application/json
Accept header absent and forced to application/json
Accept header absent and forced to application/json
Accept header absent and forced to application/json
Accept header absent and forced to application/json
Accept header absent and forced to application/json
Accept header absent and forced to application/json
Accept header absent and forced to application/json
Accept header absent and forced to application/json
Accept header absent and forced to application/json
Accept header absent and forced to application/json
Accept header absent and forced to application/json
Accept header absent and forced to application/json
Accept header absent and forced to application/json
Accept header absent and forced to application/json
Accept header absent and forced to application/json
Accept header absent and forced to application/json
Accept header absent and forced to application/json
Accept header absent and forced to application/json
Accept header absent and forced to application/json
Accept header absent and forced to application/json
Accept header absent and forced to application/json
Accept header absent and forced to application/json
Accept header absent and forced to application/json
Accept header absent and forced to application/json
Accept header absent and forced to application/json
Accept header absent and forced to application/json
Accept header absent and forced to application/json
Accept header absent and forced to application/json
Accept header absent and forced to application/json
Accept header absent and forced to application/json
Accept header absent and forced to application/json
Accept header absent and forced to application/json
Accept header absent and forced to application/json
Accept header absent and forced to application/json
Accept header absent and forced to application/json
Accept header absent and forced to application/json
Accept header absent and forced to application/json
Accept header absent and forced to application/json
Accept header absent and forced to application/json
Accept header absent and forced to application/json
Accept header absent and forced to application/json
Accept header absent and forced to application/json
Accept header absent and forced to application/json
Accept header absent and forced to application/json
Accept header absent and forced to application/json
Accept header absent and forced to application/json
Accept header absent and forced to application/json
Accept header absent and forced to application/json
Accept header absent and forced to application/json
Accept header absent and forced to application/json
Accept header absent and forced to application/json
Accept header absent and forced to application/json
Accept header absent and forced to application/json
Accept header absent and forced to application/json
Accept header absent and forced to application/json
Accept header absent and forced to application/json
Accept header absent and forced to application/json
Accept header absent and forced to application/json
Accept header absent and forced to application/json
Accept header absent and forced to application/json
Accept header absent and forced to application/json
Accept header absent and forced to application/json
Accept header absent and forced to application/json
Accept header absent and forced to application/json
Accept header absent and forced to application/json
Accept header absent and forced to application/json
Accept header absent and forced to application/json
Accept header absent and forced to application/json
Accept header absent and forced to application/json
Accept header absent and forced to application/json
Accept header absent and forced to application/json
Accept header absent and forced to application/json
Accept header absent and forced to application/json
Accept header absent and forced to application/json
Accept header absent and forced to application/json
Accept header absent and forced to application/json
Accept header absent and forced to application/json
Accept header absent and forced to application/json
Accept header absent and forced to application/json
Accept header absent and forced to application/json
Accept header absent and forced to application/json
Accept header absent and forced to application/json
Accept header absent and forced to application/json
Accept header absent and forced to application/json
Accept header absent and forced to application/json
Accept header absent and forced to application/json
Accept header absent and forced to application/json
Accept header absent and forced to application/json
Accept header absent and forced to application/json
Accept header absent and forced to application/json
Accept header absent and forced to application/json
Accept header absent and forced to application/json
Accept header absent and forced to application/json
Accept header absent and forced to application/json
Accept header absent and forced to application/json
Accept header absent and forced to application/json
Accept header absent and forced to application/json
Accept header absent and forced to application/json
Accept header absent and forced to application/json
Accept header absent and forced to application/json
Accept header absent and forced to application/json
Accept header absent and forced to application/json
Accept header absent and forced to application/json
Accept header absent and forced to application/json
Accept header absent and forced to application/json
Accept header absent and forced to application/json
Accept header absent and forced to application/json
Accept header absent and forced to application/json
Accept header absent and forced to application/json
Accept header absent and forced to application/json
Accept header absent and forced to application/json
Accept header absent and forced to application/json
Accept header absent and forced to application/json
Accept header absent and forced to application/json
Accept header absent and forced to application/json
Accept header absent and forced to application/json
Accept header absent and forced to application/json
Accept header absent and forced to application/json
Accept header absent and forced to application/json
Accept header absent and forced to application/json
Accept header absent and forced to application/json
Accept header absent and forced to application/json
Accept header absent and forced to application/json
Accept header absent and forced to application/json
Accept header absent and forced to application/json
Accept header absent and forced to application/json
Accept header absent and forced to application/json
Accept header absent and forced to application/json
Accept header absent and forced to application/json
Accept header absent and forced to application/json
Accept header absent and forced to application/json
Accept header absent and forced to application/json
Accept header absent and forced to application/json
Accept header absent and forced to application/json
Accept header absent and forced to application/json
Accept header absent and forced to application/json
Accept header absent and forced to application/json
Accept header absent and forced to application/json
Accept header absent and forced to application/json
Accept header absent and forced to application/json
Accept header absent and forced to application/json
Accept header absent and forced to application/json
Accept header absent and forced to application/json
Accept header absent and forced to application/json
Accept header absent and forced to application/json
Accept header absent and forced to application/json
Accept header absent and forced to application/json
Accept header absent and forced to application/json
Accept header absent and forced to application/json
Accept header absent and forced to application/json
Accept header absent and forced to application/json
Accept header absent and forced to application/json
Accept header absent and forced to application/json
Client-Request-ID=c207f165-6ebe-11e8-9288-000d3a71b7c3 Retry policy did not allow for a retry: Server-Timestamp=Wed, 13 Jun 2018 04:03:41 GMT, Server-Request-ID=d0bc6e2e-f01e-0064-51cb-02e491000000, HTTP status code=409, Exception=The specified container already exists.ErrorCode: ContainerAlreadyExists<?xml version="1.0" encoding="utf-8"?><Error><Code>ContainerAlreadyExists</Code><Message>The specified container already exists.RequestId:d0bc6e2e-f01e-0064-51cb-02e491000000Time:2018-06-13T04:03:42.0174987Z</Message></Error>.
Client-Request-ID=c207f167-6ebe-11e8-9288-000d3a71b7c3 Retry policy did not allow for a retry: Server-Timestamp=Wed, 13 Jun 2018 04:03:42 GMT, Server-Request-ID=d6947525-101e-00e6-6fcb-0245c1000000, HTTP status code=409, Exception=The specified container already exists.ErrorCode: ContainerAlreadyExists<?xml version="1.0" encoding="utf-8"?><Error><Code>ContainerAlreadyExists</Code><Message>The specified container already exists.RequestId:d6947525-101e-00e6-6fcb-0245c1000000Time:2018-06-13T04:03:42.2344758Z</Message></Error>.
Client-Request-ID=c207f169-6ebe-11e8-9288-000d3a71b7c3 Retry policy did not allow for a retry: Server-Timestamp=Wed, 13 Jun 2018 04:03:42 GMT, Server-Request-ID=d58c74eb-601e-00cb-32cb-02c601000000, HTTP status code=409, Exception=The specified container already exists.ErrorCode: ContainerAlreadyExists<?xml version="1.0" encoding="utf-8"?><Error><Code>ContainerAlreadyExists</Code><Message>The specified container already exists.RequestId:d58c74eb-601e-00cb-32cb-02c601000000Time:2018-06-13T04:03:42.7953262Z</Message></Error>.
Client-Request-ID=c207f16b-6ebe-11e8-9288-000d3a71b7c3 Retry policy did not allow for a retry: Server-Timestamp=Wed, 13 Jun 2018 04:03:42 GMT, Server-Request-ID=e0b12e41-a01e-0115-0fcb-02d0fd000000, HTTP status code=409, Exception=The specified container already exists.ErrorCode: ContainerAlreadyExists<?xml version="1.0" encoding="utf-8"?><Error><Code>ContainerAlreadyExists</Code><Message>The specified container already exists.RequestId:e0b12e41-a01e-0115-0fcb-02d0fd000000Time:2018-06-13T04:03:42.9780345Z</Message></Error>.
Traceback (most recent call last):
  File "/home/ninghai/miniconda3/envs/preview/lib/python3.6/site-packages/azureml/core/webservice/webservice.py", line 291, in _deploy_webservice
    resp.raise_for_status()
  File "/home/ninghai/miniconda3/envs/preview/lib/python3.6/site-packages/requests/models.py", line 935, in raise_for_status
    raise HTTPError(http_error_msg, response=self)
requests.exceptions.HTTPError: 409 Client Error: Conflict for url: https://eastus2.modelmanagement.azureml.net/api/subscriptions/fac34303-435d-4486-8c3f-7094d82a0b60/resourceGroups/aml-notebooks/providers/Microsoft.MachineLearningServices/workspaces/haieastus2ws3/services?api-version=2018-03-01-preview

During handling of the above exception, another exception occurred:

Traceback (most recent call last):
  File "./01.interactive.e2e.py", line 139, in <module>
    driver = 'score.py')
  File "/home/ninghai/miniconda3/envs/preview/lib/python3.6/site-packages/azureml/core/workspace.py", line 787, in deploy_webservice
    return Webservice.deploy_from_image(self, name, image, deploy_config, target)
  File "/home/ninghai/miniconda3/envs/preview/lib/python3.6/site-packages/azureml/core/webservice/webservice.py", line 253, in deploy_from_image
    return child._deploy(workspace, name, image, deployment_config)
  File "/home/ninghai/miniconda3/envs/preview/lib/python3.6/site-packages/azureml/core/webservice/aci.py", line 108, in _deploy
    return Webservice._deploy_webservice(workspace, name, create_payload, AciWebservice)
  File "/home/ninghai/miniconda3/envs/preview/lib/python3.6/site-packages/azureml/core/webservice/webservice.py", line 296, in _deploy_webservice
    'Content: {}'.format(resp.status_code, resp.headers, resp.content))
azureml.exceptions.azureml_exception.WebserviceException: Received bad response from Model Management Service:
Response Code: 409
Headers: {'Date': 'Wed, 13 Jun 2018 04:05:45 GMT', 'Content-Type': 'application/json', 'Transfer-Encoding': 'chunked', 'Connection': 'keep-alive', 'api-supported-versions': '2018-03-01-preview', 'x-ms-client-request-id': 'd34387390f80491fac65d9a05ae1bd09', 'x-ms-client-session-id': '', 'Strict-Transport-Security': 'max-age=15724800; includeSubDomains; preload'}
Content: b'{"code":"Conflict","statusCode":409,"message":"Conflict","details":[{"code":"ServiceWithNameExists","message":"Workspace haieastus2ws3 already contains a Service with name: rrs01-preview"}]}'
Accept header absent and forced to application/json
Accept header absent and forced to application/json
Accept header absent and forced to application/json
Accept header absent and forced to application/json
Accept header absent and forced to application/json
Accept header absent and forced to application/json
Accept header absent and forced to application/json
Accept header absent and forced to application/json
Accept header absent and forced to application/json
Traceback (most recent call last):
  File "./02.local.py", line 92, in <module>
    min(metrics['mse']), 
KeyError: 'mse'
Accept header absent and forced to application/json
Accept header absent and forced to application/json
Accept header absent and forced to application/json
Accept header absent and forced to application/json
Accept header absent and forced to application/json
Accept header absent and forced to application/json
Accept header absent and forced to application/json
Accept header absent and forced to application/json
Accept header absent and forced to application/json
Accept header absent and forced to application/json
Accept header absent and forced to application/json
Accept header absent and forced to application/json
Accept header absent and forced to application/json
Accept header absent and forced to application/json
Accept header absent and forced to application/json
Accept header absent and forced to application/json
Accept header absent and forced to application/json
Accept header absent and forced to application/json
Accept header absent and forced to application/json
Accept header absent and forced to application/json
Accept header absent and forced to application/json
Accept header absent and forced to application/json
Accept header absent and forced to application/json
Accept header absent and forced to application/json
Accept header absent and forced to application/json
Accept header absent and forced to application/json
Accept header absent and forced to application/json
Accept header absent and forced to application/json
Accept header absent and forced to application/json
Accept header absent and forced to application/json
Accept header absent and forced to application/json
Accept header absent and forced to application/json
Accept header absent and forced to application/json
Accept header absent and forced to application/json
Accept header absent and forced to application/json
Accept header absent and forced to application/json
Accept header absent and forced to application/json
Accept header absent and forced to application/json
Accept header absent and forced to application/json
Accept header absent and forced to application/json
Accept header absent and forced to application/json
Accept header absent and forced to application/json
Accept header absent and forced to application/json
Client-Request-ID=f25012bd-6ec2-11e8-9288-000d3a71b7c3 Retry policy did not allow for a retry: Server-Timestamp=Wed, 13 Jun 2018 04:33:41 GMT, Server-Request-ID=10c514b7-801e-00e8-41cf-02a9ca000000, HTTP status code=409, Exception=The specified container already exists.ErrorCode: ContainerAlreadyExists<?xml version="1.0" encoding="utf-8"?><Error><Code>ContainerAlreadyExists</Code><Message>The specified container already exists.RequestId:10c514b7-801e-00e8-41cf-02a9ca000000Time:2018-06-13T04:33:41.9002213Z</Message></Error>.
Client-Request-ID=f3805098-6ec2-11e8-9288-000d3a71b7c3 Retry policy did not allow for a retry: Server-Timestamp=Wed, 13 Jun 2018 04:33:41 GMT, Server-Request-ID=21a30f86-501e-00ae-1fcf-02775c000000, HTTP status code=409, Exception=The specified container already exists.ErrorCode: ContainerAlreadyExists<?xml version="1.0" encoding="utf-8"?><Error><Code>ContainerAlreadyExists</Code><Message>The specified container already exists.RequestId:21a30f86-501e-00ae-1fcf-02775c000000Time:2018-06-13T04:33:42.3907306Z</Message></Error>.
Client-Request-ID=f380509a-6ec2-11e8-9288-000d3a71b7c3 Retry policy did not allow for a retry: Server-Timestamp=Wed, 13 Jun 2018 04:33:42 GMT, Server-Request-ID=751a1021-a01e-0033-33cf-020d1c000000, HTTP status code=409, Exception=The specified container already exists.ErrorCode: ContainerAlreadyExists<?xml version="1.0" encoding="utf-8"?><Error><Code>ContainerAlreadyExists</Code><Message>The specified container already exists.RequestId:751a1021-a01e-0033-33cf-020d1c000000Time:2018-06-13T04:33:42.6899478Z</Message></Error>.
Client-Request-ID=f380509c-6ec2-11e8-9288-000d3a71b7c3 Retry policy did not allow for a retry: Server-Timestamp=Wed, 13 Jun 2018 04:33:42 GMT, Server-Request-ID=9571f3b1-f01e-00a8-5bcf-028024000000, HTTP status code=409, Exception=The specified container already exists.ErrorCode: ContainerAlreadyExists<?xml version="1.0" encoding="utf-8"?><Error><Code>ContainerAlreadyExists</Code><Message>The specified container already exists.RequestId:9571f3b1-f01e-00a8-5bcf-028024000000Time:2018-06-13T04:33:42.8509266Z</Message></Error>.
Traceback (most recent call last):
  File "./10.o16n.py", line 88, in <module>
    model.delete()
  File "/home/ninghai/miniconda3/envs/preview/lib/python3.6/site-packages/azureml/core/model.py", line 313, in delete
    'Content: {}'.format(resp.status_code, resp.headers, resp.content))
azureml.exceptions.azureml_exception.WebserviceException: Received bad response from Model Management Service:
Response Code: 412
Headers: {'Date': 'Wed, 13 Jun 2018 04:41:55 GMT', 'Content-Type': 'application/json', 'Transfer-Encoding': 'chunked', 'Connection': 'keep-alive', 'api-supported-versions': '2018-03-01-preview', 'x-ms-client-request-id': '4c6ba5f3088b40a6a40e696c50e44072', 'x-ms-client-session-id': '', 'Strict-Transport-Security': 'max-age=15724800; includeSubDomains; preload'}
Content: b'{"code":"PreconditionFailed","statusCode":412,"message":"PreconditionFailed","details":[{"code":"DeletionRequired","message":"The model with id best_model.pkl:189 can not be deleted because it is currently being used in one or more images"}]}'
Already on 'master'
