Switched to branch 'candidate'
Client-Request-ID=14be6d95-69cd-11e8-9288-000d3a71b7c3 Retry policy did not allow for a retry: Server-Timestamp=Wed, 06 Jun 2018 21:03:37 GMT, Server-Request-ID=72c473e9-b01e-008d-52d9-fd1897000000, HTTP status code=409, Exception=The specified container already exists.ErrorCode: ContainerAlreadyExists<?xml version="1.0" encoding="utf-8"?><Error><Code>ContainerAlreadyExists</Code><Message>The specified container already exists.RequestId:72c473e9-b01e-008d-52d9-fd1897000000Time:2018-06-06T21:03:37.8891858Z</Message></Error>.
Client-Request-ID=14be6d97-69cd-11e8-9288-000d3a71b7c3 Retry policy did not allow for a retry: Server-Timestamp=Wed, 06 Jun 2018 21:03:37 GMT, Server-Request-ID=560c6660-d01e-0073-13d9-fd24f2000000, HTTP status code=409, Exception=The specified container already exists.ErrorCode: ContainerAlreadyExists<?xml version="1.0" encoding="utf-8"?><Error><Code>ContainerAlreadyExists</Code><Message>The specified container already exists.RequestId:560c6660-d01e-0073-13d9-fd24f2000000Time:2018-06-06T21:03:38.0687259Z</Message></Error>.
Client-Request-ID=14be6d99-69cd-11e8-9288-000d3a71b7c3 Retry policy did not allow for a retry: Server-Timestamp=Wed, 06 Jun 2018 21:03:37 GMT, Server-Request-ID=d5fae1be-601e-0084-64d9-fd0219000000, HTTP status code=409, Exception=The specified container already exists.ErrorCode: ContainerAlreadyExists<?xml version="1.0" encoding="utf-8"?><Error><Code>ContainerAlreadyExists</Code><Message>The specified container already exists.RequestId:d5fae1be-601e-0084-64d9-fd0219000000Time:2018-06-06T21:03:38.2302057Z</Message></Error>.
Client-Request-ID=14be6d9b-69cd-11e8-9288-000d3a71b7c3 Retry policy did not allow for a retry: Server-Timestamp=Wed, 06 Jun 2018 21:03:38 GMT, Server-Request-ID=064fd5c0-f01e-010d-52d9-fdfd68000000, HTTP status code=409, Exception=The specified container already exists.ErrorCode: ContainerAlreadyExists<?xml version="1.0" encoding="utf-8"?><Error><Code>ContainerAlreadyExists</Code><Message>The specified container already exists.RequestId:064fd5c0-f01e-010d-52d9-fdfd68000000Time:2018-06-06T21:03:38.4187985Z</Message></Error>.
Traceback (most recent call last):
  File "/home/ninghai/miniconda3/envs/candidate/lib/python3.6/site-packages/azureml/core/webservice/webservice.py", line 291, in _deploy_webservice
    resp.raise_for_status()
  File "/home/ninghai/miniconda3/envs/candidate/lib/python3.6/site-packages/requests/models.py", line 935, in raise_for_status
    raise HTTPError(http_error_msg, response=self)
requests.exceptions.HTTPError: 409 Client Error: Conflict for url: https://eastus2.modelmanagement.azureml.net/api/subscriptions/fac34303-435d-4486-8c3f-7094d82a0b60/resourceGroups/aml-notebooks/providers/Microsoft.MachineLearningServices/workspaces/haieastus2ws3/services?api-version=2018-03-01-preview

During handling of the above exception, another exception occurred:

Traceback (most recent call last):
  File "./01.interactive.e2e.py", line 139, in <module>
    driver = 'score.py')
  File "/home/ninghai/miniconda3/envs/candidate/lib/python3.6/site-packages/azureml/core/workspace.py", line 787, in deploy_webservice
    return Webservice.deploy_from_image(self, name, image, deploy_config, target)
  File "/home/ninghai/miniconda3/envs/candidate/lib/python3.6/site-packages/azureml/core/webservice/webservice.py", line 253, in deploy_from_image
    return child._deploy(workspace, name, image, deployment_config)
  File "/home/ninghai/miniconda3/envs/candidate/lib/python3.6/site-packages/azureml/core/webservice/aci.py", line 108, in _deploy
    return Webservice._deploy_webservice(workspace, name, create_payload, AciWebservice)
  File "/home/ninghai/miniconda3/envs/candidate/lib/python3.6/site-packages/azureml/core/webservice/webservice.py", line 296, in _deploy_webservice
    'Content: {}'.format(resp.status_code, resp.headers, resp.content))
azureml.exceptions.azureml_exception.WebserviceException: Received bad response from Model Management Service:
Response Code: 409
Headers: {'Date': 'Wed, 06 Jun 2018 21:05:29 GMT', 'Content-Type': 'application/json', 'Transfer-Encoding': 'chunked', 'Connection': 'keep-alive', 'api-supported-versions': '2018-03-01-preview', 'x-ms-client-request-id': '1ccb33d047e44a85a19b49ee7ea91b05', 'x-ms-client-session-id': '', 'Strict-Transport-Security': 'max-age=15724800; includeSubDomains; preload'}
Content: b'{"code":"Conflict","statusCode":409,"message":"Conflict","details":[{"code":"ServiceWithNameExists","message":"Workspace haieastus2ws3 already contains a Service with name: rrs01a"}]}'
Client-Request-ID=b9e6887a-69d1-11e8-9288-000d3a71b7c3 Retry policy did not allow for a retry: Server-Timestamp=Wed, 06 Jun 2018 21:36:51 GMT, Server-Request-ID=34c16132-001e-0035-17de-fdfa64000000, HTTP status code=409, Exception=The specified container already exists.ErrorCode: ContainerAlreadyExists<?xml version="1.0" encoding="utf-8"?><Error><Code>ContainerAlreadyExists</Code><Message>The specified container already exists.RequestId:34c16132-001e-0035-17de-fdfa64000000Time:2018-06-06T21:36:52.3852499Z</Message></Error>.
Client-Request-ID=b9e6887c-69d1-11e8-9288-000d3a71b7c3 Retry policy did not allow for a retry: Server-Timestamp=Wed, 06 Jun 2018 21:36:51 GMT, Server-Request-ID=a01cfe9e-101e-006e-41de-fdfd18000000, HTTP status code=409, Exception=The specified container already exists.ErrorCode: ContainerAlreadyExists<?xml version="1.0" encoding="utf-8"?><Error><Code>ContainerAlreadyExists</Code><Message>The specified container already exists.RequestId:a01cfe9e-101e-006e-41de-fdfd18000000Time:2018-06-06T21:36:52.6792096Z</Message></Error>.
Client-Request-ID=b9e6887e-69d1-11e8-9288-000d3a71b7c3 Retry policy did not allow for a retry: Server-Timestamp=Wed, 06 Jun 2018 21:36:52 GMT, Server-Request-ID=22e7aa9c-401e-0093-7fde-fdc27a000000, HTTP status code=409, Exception=The specified container already exists.ErrorCode: ContainerAlreadyExists<?xml version="1.0" encoding="utf-8"?><Error><Code>ContainerAlreadyExists</Code><Message>The specified container already exists.RequestId:22e7aa9c-401e-0093-7fde-fdc27a000000Time:2018-06-06T21:36:52.8606611Z</Message></Error>.
Client-Request-ID=b9e68880-69d1-11e8-9288-000d3a71b7c3 Retry policy did not allow for a retry: Server-Timestamp=Wed, 06 Jun 2018 21:36:52 GMT, Server-Request-ID=757469d7-501e-0040-7dde-fd7ddf000000, HTTP status code=409, Exception=The specified container already exists.ErrorCode: ContainerAlreadyExists<?xml version="1.0" encoding="utf-8"?><Error><Code>ContainerAlreadyExists</Code><Message>The specified container already exists.RequestId:757469d7-501e-0040-7dde-fd7ddf000000Time:2018-06-06T21:36:53.0412271Z</Message></Error>.
Traceback (most recent call last):
  File "./10.o16n.py", line 88, in <module>
    model.delete()
  File "/home/ninghai/miniconda3/envs/candidate/lib/python3.6/site-packages/azureml/core/model.py", line 313, in delete
    'Content: {}'.format(resp.status_code, resp.headers, resp.content))
azureml.exceptions.azureml_exception.WebserviceException: Received bad response from Model Management Service:
Response Code: 412
Headers: {'Date': 'Wed, 06 Jun 2018 21:42:53 GMT', 'Content-Type': 'application/json', 'Transfer-Encoding': 'chunked', 'Connection': 'keep-alive', 'api-supported-versions': '2018-03-01-preview', 'x-ms-client-request-id': '1b2d8f58802244c2a5b25ff7ae2a26dc', 'x-ms-client-session-id': '', 'Strict-Transport-Security': 'max-age=15724800; includeSubDomains; preload'}
Content: b'{"code":"PreconditionFailed","statusCode":412,"message":"PreconditionFailed","details":[{"code":"DeletionRequired","message":"The model with id mymodel:26 can not be deleted because it is currently being used in one or more images"}]}'
error: Your local changes to the following files would be overwritten by checkout:
	e2e_test/best_model.pkl
	e2e_test/mse_over_alpha.png
Please, commit your changes or stash them before you can switch branches.
Aborting
