+++ env_name=daily
+++ conda env remove -n daily -y

CondaEnvironmentError: cannot remove current environment. deactivate and run conda remove again

+++ conda create -y -n daily python=3.6

CondaValueError: prefix already exists: /home/ninghai/miniconda3/envs/daily

+++ source activate daily
++++ _CONDA_ROOT=/home/ninghai/miniconda3
++++ . /home/ninghai/miniconda3/etc/profile.d/conda.sh
+++++ _CONDA_EXE=/home/ninghai/miniconda3/bin/conda
+++++ _CONDA_ROOT=/home/ninghai/miniconda3
+++++ _conda_set_vars
+++++ '[' -n x ']'
+++++ _CONDA_SHELL_FLAVOR=bash
+++++ '[' -z x ']'
+++++ '[' -z '' ']'
+++++ PS1=
+++++ '[' -z x ']'
++++ _conda_activate daily
++++ '[' -n '' ']'
++++ local ask_conda
+++++ PS1=
+++++ /home/ninghai/miniconda3/bin/conda shell.posix activate daily
++++ ask_conda='PS1='\''(daily) '\''
\export CONDA_PROMPT_MODIFIER='\''(daily) '\''
\export CONDA_SHLVL='\''1'\''
\export PATH='\''/home/ninghai/miniconda3/envs/daily/bin:/home/ninghai/bin:/home/ninghai/.local/bin:/home/ninghai/miniconda3/bin:/usr/local/cuda/bin:/usr/local/sbin:/usr/local/bin:/usr/sbin:/usr/bin:/sbin:/bin:/usr/games:/usr/local/games:/snap/bin:/home/ninghai/bin'\'''
++++ eval 'PS1='\''(daily) '\''
\export CONDA_PROMPT_MODIFIER='\''(daily) '\''
\export CONDA_SHLVL='\''1'\''
\export PATH='\''/home/ninghai/miniconda3/envs/daily/bin:/home/ninghai/bin:/home/ninghai/.local/bin:/home/ninghai/miniconda3/bin:/usr/local/cuda/bin:/usr/local/sbin:/usr/local/bin:/usr/sbin:/usr/bin:/sbin:/bin:/usr/games:/usr/local/games:/snap/bin:/home/ninghai/bin'\'''
+++++ PS1='(daily) '
+++++ export 'CONDA_PROMPT_MODIFIER=(daily) '
+++++ CONDA_PROMPT_MODIFIER='(daily) '
+++++ export CONDA_SHLVL=1
+++++ CONDA_SHLVL=1
+++++ export PATH=/home/ninghai/miniconda3/envs/daily/bin:/home/ninghai/bin:/home/ninghai/.local/bin:/home/ninghai/miniconda3/bin:/usr/local/cuda/bin:/usr/local/sbin:/usr/local/bin:/usr/sbin:/usr/bin:/sbin:/bin:/usr/games:/usr/local/games:/snap/bin:/home/ninghai/bin
+++++ PATH=/home/ninghai/miniconda3/envs/daily/bin:/home/ninghai/bin:/home/ninghai/.local/bin:/home/ninghai/miniconda3/bin:/usr/local/cuda/bin:/usr/local/sbin:/usr/local/bin:/usr/sbin:/usr/bin:/sbin:/bin:/usr/games:/usr/local/games:/snap/bin:/home/ninghai/bin
++++ _conda_hashr
++++ case "$_CONDA_SHELL_FLAVOR" in
++++ hash -r
+++ conda install -y matplotlib scikit-learn tqdm nb_conda
+++ '[' 6 -lt 1 ']'
+++ local cmd=install
+++ shift
+++ case "$cmd" in
+++ /home/ninghai/miniconda3/bin/conda install -y matplotlib scikit-learn tqdm nb_conda
Solving environment: ...working... done

# All requested packages already installed.

+++ _conda_reactivate
+++ local ask_conda
++++ PS1='(daily) '
++++ /home/ninghai/miniconda3/bin/conda shell.posix reactivate
+++ ask_conda='PS1='\''(daily) '\''
\export CONDA_PROMPT_MODIFIER='\''(daily) '\''
\export CONDA_SHLVL='\''1'\''
\export PATH='\''/home/ninghai/miniconda3/envs/daily/bin:/home/ninghai/bin:/home/ninghai/.local/bin:/home/ninghai/miniconda3/bin:/usr/local/cuda/bin:/usr/local/sbin:/usr/local/bin:/usr/sbin:/usr/bin:/sbin:/bin:/usr/games:/usr/local/games:/snap/bin:/home/ninghai/bin'\'''
+++ eval 'PS1='\''(daily) '\''
\export CONDA_PROMPT_MODIFIER='\''(daily) '\''
\export CONDA_SHLVL='\''1'\''
\export PATH='\''/home/ninghai/miniconda3/envs/daily/bin:/home/ninghai/bin:/home/ninghai/.local/bin:/home/ninghai/miniconda3/bin:/usr/local/cuda/bin:/usr/local/sbin:/usr/local/bin:/usr/sbin:/usr/bin:/sbin:/bin:/usr/games:/usr/local/games:/snap/bin:/home/ninghai/bin'\'''
++++ PS1='(daily) '
++++ export 'CONDA_PROMPT_MODIFIER=(daily) '
++++ CONDA_PROMPT_MODIFIER='(daily) '
++++ export CONDA_SHLVL=1
++++ CONDA_SHLVL=1
++++ export PATH=/home/ninghai/miniconda3/envs/daily/bin:/home/ninghai/bin:/home/ninghai/.local/bin:/home/ninghai/miniconda3/bin:/usr/local/cuda/bin:/usr/local/sbin:/usr/local/bin:/usr/sbin:/usr/bin:/sbin:/bin:/usr/games:/usr/local/games:/snap/bin:/home/ninghai/bin
++++ PATH=/home/ninghai/miniconda3/envs/daily/bin:/home/ninghai/bin:/home/ninghai/.local/bin:/home/ninghai/miniconda3/bin:/usr/local/cuda/bin:/usr/local/sbin:/usr/local/bin:/usr/sbin:/usr/bin:/sbin:/bin:/usr/games:/usr/local/games:/snap/bin:/home/ninghai/bin
+++ _conda_hashr
+++ case "$_CONDA_SHELL_FLAVOR" in
+++ hash -r
