+++ source activate daily
++++ _CONDA_ROOT=/home/ninghai/miniconda3
++++ . /home/ninghai/miniconda3/etc/profile.d/conda.sh
+++++ _CONDA_EXE=/home/ninghai/miniconda3/bin/conda
+++++ _CONDA_ROOT=/home/ninghai/miniconda3
+++++ _conda_set_vars
+++++ '[' -n x ']'
+++++ _CONDA_SHELL_FLAVOR=bash
+++++ '[' -z x ']'
+++++ '[' -z '' ']'
+++++ PS1=
+++++ '[' -z x ']'
++++ _conda_activate daily
++++ '[' -n '' ']'
++++ local ask_conda
+++++ PS1=
+++++ /home/ninghai/miniconda3/bin/conda shell.posix activate daily
++++ ask_conda='PS1='\''(daily) '\''
\export CONDA_PROMPT_MODIFIER='\''(daily) '\''
\export CONDA_SHLVL='\''1'\''
\export PATH='\''/home/ninghai/miniconda3/envs/daily/bin:/home/ninghai/bin:/home/ninghai/.local/bin:/home/ninghai/miniconda3/bin:/usr/local/cuda/bin:/usr/local/sbin:/usr/local/bin:/usr/sbin:/usr/bin:/sbin:/bin:/usr/games:/usr/local/games:/snap/bin:/home/ninghai/bin'\'''
++++ eval 'PS1='\''(daily) '\''
\export CONDA_PROMPT_MODIFIER='\''(daily) '\''
\export CONDA_SHLVL='\''1'\''
\export PATH='\''/home/ninghai/miniconda3/envs/daily/bin:/home/ninghai/bin:/home/ninghai/.local/bin:/home/ninghai/miniconda3/bin:/usr/local/cuda/bin:/usr/local/sbin:/usr/local/bin:/usr/sbin:/usr/bin:/sbin:/bin:/usr/games:/usr/local/games:/snap/bin:/home/ninghai/bin'\'''
+++++ PS1='(daily) '
+++++ export 'CONDA_PROMPT_MODIFIER=(daily) '
+++++ CONDA_PROMPT_MODIFIER='(daily) '
+++++ export CONDA_SHLVL=1
+++++ CONDA_SHLVL=1
+++++ export PATH=/home/ninghai/miniconda3/envs/daily/bin:/home/ninghai/bin:/home/ninghai/.local/bin:/home/ninghai/miniconda3/bin:/usr/local/cuda/bin:/usr/local/sbin:/usr/local/bin:/usr/sbin:/usr/bin:/sbin:/bin:/usr/games:/usr/local/games:/snap/bin:/home/ninghai/bin
+++++ PATH=/home/ninghai/miniconda3/envs/daily/bin:/home/ninghai/bin:/home/ninghai/.local/bin:/home/ninghai/miniconda3/bin:/usr/local/cuda/bin:/usr/local/sbin:/usr/local/bin:/usr/sbin:/usr/bin:/sbin:/bin:/usr/games:/usr/local/games:/snap/bin:/home/ninghai/bin
++++ _conda_hashr
++++ case "$_CONDA_SHELL_FLAVOR" in
++++ hash -r
+++ pip install --upgrade --extra-index-url https://azuremlsdktestpypi.azureedge.net/sdk-release/master/588E708E0DF342C4A80BD954289657CF azureml-requirements
Looking in indexes: https://pypi.org/simple, https://azuremlsdktestpypi.azureedge.net/sdk-release/master/588E708E0DF342C4A80BD954289657CF
Requirement already up-to-date: azureml-requirements in /home/ninghai/miniconda3/envs/daily/lib/python3.6/site-packages (0.1.0.972625)
Requirement not upgraded as not directly required: azureml-core==0.1.0.972625 in /home/ninghai/miniconda3/envs/daily/lib/python3.6/site-packages (from azureml-requirements) (0.1.0.972625)
Requirement not upgraded as not directly required: azureml-train==0.1.0.972625 in /home/ninghai/miniconda3/envs/daily/lib/python3.6/site-packages (from azureml-requirements) (0.1.0.972625)
Requirement not upgraded as not directly required: azure-storage-common in /home/ninghai/miniconda3/envs/daily/lib/python3.6/site-packages (from azureml-core==0.1.0.972625->azureml-requirements) (1.1.0)
Requirement not upgraded as not directly required: azure-mgmt-keyvault>=0.40.0 in /home/ninghai/miniconda3/envs/daily/lib/python3.6/site-packages (from azureml-core==0.1.0.972625->azureml-requirements) (0.40.0)
Requirement not upgraded as not directly required: azure-cli-core>=2.0.31 in /home/ninghai/miniconda3/envs/daily/lib/python3.6/site-packages (from azureml-core==0.1.0.972625->azureml-requirements) (2.0.33)
Requirement not upgraded as not directly required: pytz in /home/ninghai/miniconda3/envs/daily/lib/python3.6/site-packages (from azureml-core==0.1.0.972625->azureml-requirements) (2018.4)
Requirement not upgraded as not directly required: pathlib in /home/ninghai/miniconda3/envs/daily/lib/python3.6/site-packages (from azureml-core==0.1.0.972625->azureml-requirements) (1.0.1)
Requirement not upgraded as not directly required: azure-storage-blob in /home/ninghai/miniconda3/envs/daily/lib/python3.6/site-packages (from azureml-core==0.1.0.972625->azureml-requirements) (1.1.0)
Requirement not upgraded as not directly required: azure-mgmt-authorization>=0.40.0 in /home/ninghai/miniconda3/envs/daily/lib/python3.6/site-packages (from azureml-core==0.1.0.972625->azureml-requirements) (0.40.0)
Requirement not upgraded as not directly required: azure-graphrbac>=0.40.0 in /home/ninghai/miniconda3/envs/daily/lib/python3.6/site-packages (from azureml-core==0.1.0.972625->azureml-requirements) (0.40.0)
Requirement not upgraded as not directly required: jsonpickle in /home/ninghai/miniconda3/envs/daily/lib/python3.6/site-packages (from azureml-core==0.1.0.972625->azureml-requirements) (0.9.6)
Requirement not upgraded as not directly required: azure-mgmt-containerregistry>=1.0.1 in /home/ninghai/miniconda3/envs/daily/lib/python3.6/site-packages (from azureml-core==0.1.0.972625->azureml-requirements) (2.0.0)
Requirement not upgraded as not directly required: six>=1.11.0 in /home/ninghai/miniconda3/envs/daily/lib/python3.6/site-packages (from azureml-core==0.1.0.972625->azureml-requirements) (1.11.0)
Requirement not upgraded as not directly required: azure-cli-profile>=2.0.22 in /home/ninghai/miniconda3/envs/daily/lib/python3.6/site-packages (from azureml-core==0.1.0.972625->azureml-requirements) (2.0.25)
Requirement not upgraded as not directly required: python-dateutil in /home/ninghai/miniconda3/envs/daily/lib/python3.6/site-packages (from azureml-core==0.1.0.972625->azureml-requirements) (2.7.3)
Requirement not upgraded as not directly required: azure-storage-nspkg in /home/ninghai/miniconda3/envs/daily/lib/python3.6/site-packages (from azureml-core==0.1.0.972625->azureml-requirements) (3.0.0)
Requirement not upgraded as not directly required: ndg-httpsclient in /home/ninghai/miniconda3/envs/daily/lib/python3.6/site-packages (from azureml-core==0.1.0.972625->azureml-requirements) (0.5.0)
Requirement not upgraded as not directly required: ruamel.yaml>=0.15.35 in /home/ninghai/miniconda3/envs/daily/lib/python3.6/site-packages (from azureml-core==0.1.0.972625->azureml-requirements) (0.15.37)
Requirement not upgraded as not directly required: azure-mgmt-storage>=1.5.0 in /home/ninghai/miniconda3/envs/daily/lib/python3.6/site-packages (from azureml-core==0.1.0.972625->azureml-requirements) (1.5.0)
Requirement not upgraded as not directly required: msrestazure>=0.4.29 in /home/ninghai/miniconda3/envs/daily/lib/python3.6/site-packages (from azureml-core==0.1.0.972625->azureml-requirements) (0.4.31)
Requirement not upgraded as not directly required: pathspec in /home/ninghai/miniconda3/envs/daily/lib/python3.6/site-packages (from azureml-core==0.1.0.972625->azureml-requirements) (0.5.6)
Requirement not upgraded as not directly required: msrest>=0.4.29 in /home/ninghai/miniconda3/envs/daily/lib/python3.6/site-packages (from azureml-core==0.1.0.972625->azureml-requirements) (0.4.29)
Requirement not upgraded as not directly required: azure-mgmt-resource>=1.2.1 in /home/ninghai/miniconda3/envs/daily/lib/python3.6/site-packages (from azureml-core==0.1.0.972625->azureml-requirements) (1.2.2)
Requirement not upgraded as not directly required: azure-storage-file in /home/ninghai/miniconda3/envs/daily/lib/python3.6/site-packages (from azureml-core==0.1.0.972625->azureml-requirements) (1.1.0)
Requirement not upgraded as not directly required: contextlib2 in /home/ninghai/miniconda3/envs/daily/lib/python3.6/site-packages (from azureml-core==0.1.0.972625->azureml-requirements) (0.5.5)
Requirement not upgraded as not directly required: requests in /home/ninghai/miniconda3/envs/daily/lib/python3.6/site-packages (from azureml-core==0.1.0.972625->azureml-requirements) (2.18.4)
Requirement not upgraded as not directly required: SecretStorage<3.0.0 in /home/ninghai/miniconda3/envs/daily/lib/python3.6/site-packages (from azureml-core==0.1.0.972625->azureml-requirements) (2.3.1)
Requirement not upgraded as not directly required: backports.tempfile in /home/ninghai/miniconda3/envs/daily/lib/python3.6/site-packages (from azureml-core==0.1.0.972625->azureml-requirements) (1.0)
Requirement not upgraded as not directly required: azureml-train-core==0.1.0.972625 in /home/ninghai/miniconda3/envs/daily/lib/python3.6/site-packages (from azureml-train==0.1.0.972625->azureml-requirements) (0.1.0.972625)
Requirement not upgraded as not directly required: cryptography in /home/ninghai/miniconda3/envs/daily/lib/python3.6/site-packages (from azure-storage-common->azureml-core==0.1.0.972625->azureml-requirements) (2.2.2)
Requirement not upgraded as not directly required: azure-common>=1.1.5 in /home/ninghai/miniconda3/envs/daily/lib/python3.6/site-packages (from azure-storage-common->azureml-core==0.1.0.972625->azureml-requirements) (1.1.11)
Requirement not upgraded as not directly required: azure-mgmt-nspkg>=2.0.0 in /home/ninghai/miniconda3/envs/daily/lib/python3.6/site-packages (from azure-mgmt-keyvault>=0.40.0->azureml-core==0.1.0.972625->azureml-requirements) (2.0.0)
Requirement not upgraded as not directly required: wheel==0.30.0 in /home/ninghai/miniconda3/envs/daily/lib/python3.6/site-packages (from azure-cli-core>=2.0.31->azureml-core==0.1.0.972625->azureml-requirements) (0.30.0)
Requirement not upgraded as not directly required: pygments in /home/ninghai/miniconda3/envs/daily/lib/python3.6/site-packages (from azure-cli-core>=2.0.31->azureml-core==0.1.0.972625->azureml-requirements) (2.2.0)
Requirement not upgraded as not directly required: PyJWT in /home/ninghai/miniconda3/envs/daily/lib/python3.6/site-packages (from azure-cli-core>=2.0.31->azureml-core==0.1.0.972625->azureml-requirements) (1.6.4)
Requirement not upgraded as not directly required: pyyaml in /home/ninghai/miniconda3/envs/daily/lib/python3.6/site-packages (from azure-cli-core>=2.0.31->azureml-core==0.1.0.972625->azureml-requirements) (3.12)
Requirement not upgraded as not directly required: knack==0.3.3 in /home/ninghai/miniconda3/envs/daily/lib/python3.6/site-packages (from azure-cli-core>=2.0.31->azureml-core==0.1.0.972625->azureml-requirements) (0.3.3)
Requirement not upgraded as not directly required: tabulate<=0.8.2,>=0.7.7 in /home/ninghai/miniconda3/envs/daily/lib/python3.6/site-packages (from azure-cli-core>=2.0.31->azureml-core==0.1.0.972625->azureml-requirements) (0.8.2)
Requirement not upgraded as not directly required: humanfriendly>=4.7 in /home/ninghai/miniconda3/envs/daily/lib/python3.6/site-packages (from azure-cli-core>=2.0.31->azureml-core==0.1.0.972625->azureml-requirements) (4.12.1)
Requirement not upgraded as not directly required: colorama>=0.3.9 in /home/ninghai/miniconda3/envs/daily/lib/python3.6/site-packages (from azure-cli-core>=2.0.31->azureml-core==0.1.0.972625->azureml-requirements) (0.3.9)
Requirement not upgraded as not directly required: applicationinsights>=0.11.1 in /home/ninghai/miniconda3/envs/daily/lib/python3.6/site-packages (from azure-cli-core>=2.0.31->azureml-core==0.1.0.972625->azureml-requirements) (0.11.3)
Requirement not upgraded as not directly required: argcomplete>=1.8.0 in /home/ninghai/miniconda3/envs/daily/lib/python3.6/site-packages (from azure-cli-core>=2.0.31->azureml-core==0.1.0.972625->azureml-requirements) (1.9.4)
Requirement not upgraded as not directly required: pip in /home/ninghai/miniconda3/envs/daily/lib/python3.6/site-packages (from azure-cli-core>=2.0.31->azureml-core==0.1.0.972625->azureml-requirements) (10.0.1)
Requirement not upgraded as not directly required: azure-cli-nspkg>=2.0.0 in /home/ninghai/miniconda3/envs/daily/lib/python3.6/site-packages (from azure-cli-core>=2.0.31->azureml-core==0.1.0.972625->azureml-requirements) (3.0.2)
Requirement not upgraded as not directly required: jmespath in /home/ninghai/miniconda3/envs/daily/lib/python3.6/site-packages (from azure-cli-core>=2.0.31->azureml-core==0.1.0.972625->azureml-requirements) (0.9.3)
Requirement not upgraded as not directly required: pyopenssl>=17.1.0 in /home/ninghai/miniconda3/envs/daily/lib/python3.6/site-packages (from azure-cli-core>=2.0.31->azureml-core==0.1.0.972625->azureml-requirements) (18.0.0)
Requirement not upgraded as not directly required: paramiko in /home/ninghai/miniconda3/envs/daily/lib/python3.6/site-packages (from azure-cli-core>=2.0.31->azureml-core==0.1.0.972625->azureml-requirements) (2.4.1)
Requirement not upgraded as not directly required: azure-nspkg>=2.0.0 in /home/ninghai/miniconda3/envs/daily/lib/python3.6/site-packages (from azure-graphrbac>=0.40.0->azureml-core==0.1.0.972625->azureml-requirements) (2.0.0)
Requirement not upgraded as not directly required: azure-cli-command-modules-nspkg>=2.0.0 in /home/ninghai/miniconda3/envs/daily/lib/python3.6/site-packages (from azure-cli-profile>=2.0.22->azureml-core==0.1.0.972625->azureml-requirements) (2.0.1)
Requirement not upgraded as not directly required: pyasn1>=0.1.1 in /home/ninghai/miniconda3/envs/daily/lib/python3.6/site-packages (from ndg-httpsclient->azureml-core==0.1.0.972625->azureml-requirements) (0.4.3)
Requirement not upgraded as not directly required: adal<2.0.0,>=0.5.0 in /home/ninghai/miniconda3/envs/daily/lib/python3.6/site-packages (from msrestazure>=0.4.29->azureml-core==0.1.0.972625->azureml-requirements) (0.6.0)
Requirement not upgraded as not directly required: keyring>=12.0.2 in /home/ninghai/miniconda3/envs/daily/lib/python3.6/site-packages (from msrestazure>=0.4.29->azureml-core==0.1.0.972625->azureml-requirements) (12.2.1)
Requirement not upgraded as not directly required: certifi>=2017.4.17 in /home/ninghai/miniconda3/envs/daily/lib/python3.6/site-packages (from msrest>=0.4.29->azureml-core==0.1.0.972625->azureml-requirements) (2018.4.16)
Requirement not upgraded as not directly required: isodate>=0.6.0 in /home/ninghai/miniconda3/envs/daily/lib/python3.6/site-packages (from msrest>=0.4.29->azureml-core==0.1.0.972625->azureml-requirements) (0.6.0)
Requirement not upgraded as not directly required: requests-oauthlib>=0.5.0 in /home/ninghai/miniconda3/envs/daily/lib/python3.6/site-packages (from msrest>=0.4.29->azureml-core==0.1.0.972625->azureml-requirements) (0.8.0)
Requirement not upgraded as not directly required: chardet<3.1.0,>=3.0.2 in /home/ninghai/miniconda3/envs/daily/lib/python3.6/site-packages (from requests->azureml-core==0.1.0.972625->azureml-requirements) (3.0.4)
Requirement not upgraded as not directly required: idna<2.7,>=2.5 in /home/ninghai/miniconda3/envs/daily/lib/python3.6/site-packages (from requests->azureml-core==0.1.0.972625->azureml-requirements) (2.6)
Requirement not upgraded as not directly required: urllib3<1.23,>=1.21.1 in /home/ninghai/miniconda3/envs/daily/lib/python3.6/site-packages (from requests->azureml-core==0.1.0.972625->azureml-requirements) (1.22)
Requirement not upgraded as not directly required: backports.weakref in /home/ninghai/miniconda3/envs/daily/lib/python3.6/site-packages (from backports.tempfile->azureml-core==0.1.0.972625->azureml-requirements) (1.0.post1)
Requirement not upgraded as not directly required: azureml-train-restclients-hyperdrive==0.1.0.972625 in /home/ninghai/miniconda3/envs/daily/lib/python3.6/site-packages (from azureml-train-core==0.1.0.972625->azureml-train==0.1.0.972625->azureml-requirements) (0.1.0.972625)
Requirement not upgraded as not directly required: asn1crypto>=0.21.0 in /home/ninghai/miniconda3/envs/daily/lib/python3.6/site-packages (from cryptography->azure-storage-common->azureml-core==0.1.0.972625->azureml-requirements) (0.24.0)
Requirement not upgraded as not directly required: cffi>=1.7 in /home/ninghai/miniconda3/envs/daily/lib/python3.6/site-packages (from cryptography->azure-storage-common->azureml-core==0.1.0.972625->azureml-requirements) (1.11.5)
Requirement not upgraded as not directly required: pynacl>=1.0.1 in /home/ninghai/miniconda3/envs/daily/lib/python3.6/site-packages (from paramiko->azure-cli-core>=2.0.31->azureml-core==0.1.0.972625->azureml-requirements) (1.2.1)
Requirement not upgraded as not directly required: bcrypt>=3.1.3 in /home/ninghai/miniconda3/envs/daily/lib/python3.6/site-packages (from paramiko->azure-cli-core>=2.0.31->azureml-core==0.1.0.972625->azureml-requirements) (3.1.4)
Requirement not upgraded as not directly required: entrypoints in /home/ninghai/miniconda3/envs/daily/lib/python3.6/site-packages (from keyring>=12.0.2->msrestazure>=0.4.29->azureml-core==0.1.0.972625->azureml-requirements) (0.2.3)
Requirement not upgraded as not directly required: oauthlib>=0.6.2 in /home/ninghai/miniconda3/envs/daily/lib/python3.6/site-packages (from requests-oauthlib>=0.5.0->msrest>=0.4.29->azureml-core==0.1.0.972625->azureml-requirements) (2.1.0)
Requirement not upgraded as not directly required: pycparser in /home/ninghai/miniconda3/envs/daily/lib/python3.6/site-packages (from cffi>=1.7->cryptography->azure-storage-common->azureml-core==0.1.0.972625->azureml-requirements) (2.18)
mkl-random 1.0.1 requires cython, which is not installed.
mkl-fft 1.0.0 requires cython, which is not installed.
+++ pip install --upgrade --extra-index-url https://azuremlsdktestpypi.azureedge.net/sdk-release/master/588E708E0DF342C4A80BD954289657CF azureml-contrib-tensorboard
Looking in indexes: https://pypi.org/simple, https://azuremlsdktestpypi.azureedge.net/sdk-release/master/588E708E0DF342C4A80BD954289657CF
Requirement already up-to-date: azureml-contrib-tensorboard in /home/ninghai/miniconda3/envs/daily/lib/python3.6/site-packages (0.1.0.972625)
Requirement not upgraded as not directly required: azureml-core==0.1.0.972625 in /home/ninghai/miniconda3/envs/daily/lib/python3.6/site-packages (from azureml-contrib-tensorboard) (0.1.0.972625)
Requirement not upgraded as not directly required: msrest>=0.4.29 in /home/ninghai/miniconda3/envs/daily/lib/python3.6/site-packages (from azureml-core==0.1.0.972625->azureml-contrib-tensorboard) (0.4.29)
Requirement not upgraded as not directly required: azure-mgmt-keyvault>=0.40.0 in /home/ninghai/miniconda3/envs/daily/lib/python3.6/site-packages (from azureml-core==0.1.0.972625->azureml-contrib-tensorboard) (0.40.0)
Requirement not upgraded as not directly required: azure-mgmt-authorization>=0.40.0 in /home/ninghai/miniconda3/envs/daily/lib/python3.6/site-packages (from azureml-core==0.1.0.972625->azureml-contrib-tensorboard) (0.40.0)
Requirement not upgraded as not directly required: SecretStorage<3.0.0 in /home/ninghai/miniconda3/envs/daily/lib/python3.6/site-packages (from azureml-core==0.1.0.972625->azureml-contrib-tensorboard) (2.3.1)
Requirement not upgraded as not directly required: backports.tempfile in /home/ninghai/miniconda3/envs/daily/lib/python3.6/site-packages (from azureml-core==0.1.0.972625->azureml-contrib-tensorboard) (1.0)
Requirement not upgraded as not directly required: python-dateutil in /home/ninghai/miniconda3/envs/daily/lib/python3.6/site-packages (from azureml-core==0.1.0.972625->azureml-contrib-tensorboard) (2.7.3)
Requirement not upgraded as not directly required: azure-storage-common in /home/ninghai/miniconda3/envs/daily/lib/python3.6/site-packages (from azureml-core==0.1.0.972625->azureml-contrib-tensorboard) (1.1.0)
Requirement not upgraded as not directly required: pytz in /home/ninghai/miniconda3/envs/daily/lib/python3.6/site-packages (from azureml-core==0.1.0.972625->azureml-contrib-tensorboard) (2018.4)
Requirement not upgraded as not directly required: azure-storage-file in /home/ninghai/miniconda3/envs/daily/lib/python3.6/site-packages (from azureml-core==0.1.0.972625->azureml-contrib-tensorboard) (1.1.0)
Requirement not upgraded as not directly required: requests in /home/ninghai/miniconda3/envs/daily/lib/python3.6/site-packages (from azureml-core==0.1.0.972625->azureml-contrib-tensorboard) (2.18.4)
Requirement not upgraded as not directly required: azure-cli-profile>=2.0.22 in /home/ninghai/miniconda3/envs/daily/lib/python3.6/site-packages (from azureml-core==0.1.0.972625->azureml-contrib-tensorboard) (2.0.25)
Requirement not upgraded as not directly required: azure-mgmt-resource>=1.2.1 in /home/ninghai/miniconda3/envs/daily/lib/python3.6/site-packages (from azureml-core==0.1.0.972625->azureml-contrib-tensorboard) (1.2.2)
Requirement not upgraded as not directly required: six>=1.11.0 in /home/ninghai/miniconda3/envs/daily/lib/python3.6/site-packages (from azureml-core==0.1.0.972625->azureml-contrib-tensorboard) (1.11.0)
Requirement not upgraded as not directly required: azure-graphrbac>=0.40.0 in /home/ninghai/miniconda3/envs/daily/lib/python3.6/site-packages (from azureml-core==0.1.0.972625->azureml-contrib-tensorboard) (0.40.0)
Requirement not upgraded as not directly required: ruamel.yaml>=0.15.35 in /home/ninghai/miniconda3/envs/daily/lib/python3.6/site-packages (from azureml-core==0.1.0.972625->azureml-contrib-tensorboard) (0.15.37)
Requirement not upgraded as not directly required: azure-mgmt-containerregistry>=1.0.1 in /home/ninghai/miniconda3/envs/daily/lib/python3.6/site-packages (from azureml-core==0.1.0.972625->azureml-contrib-tensorboard) (2.0.0)
Requirement not upgraded as not directly required: ndg-httpsclient in /home/ninghai/miniconda3/envs/daily/lib/python3.6/site-packages (from azureml-core==0.1.0.972625->azureml-contrib-tensorboard) (0.5.0)
Requirement not upgraded as not directly required: azure-mgmt-storage>=1.5.0 in /home/ninghai/miniconda3/envs/daily/lib/python3.6/site-packages (from azureml-core==0.1.0.972625->azureml-contrib-tensorboard) (1.5.0)
Requirement not upgraded as not directly required: pathlib in /home/ninghai/miniconda3/envs/daily/lib/python3.6/site-packages (from azureml-core==0.1.0.972625->azureml-contrib-tensorboard) (1.0.1)
Requirement not upgraded as not directly required: msrestazure>=0.4.29 in /home/ninghai/miniconda3/envs/daily/lib/python3.6/site-packages (from azureml-core==0.1.0.972625->azureml-contrib-tensorboard) (0.4.31)
Requirement not upgraded as not directly required: azure-storage-blob in /home/ninghai/miniconda3/envs/daily/lib/python3.6/site-packages (from azureml-core==0.1.0.972625->azureml-contrib-tensorboard) (1.1.0)
Requirement not upgraded as not directly required: contextlib2 in /home/ninghai/miniconda3/envs/daily/lib/python3.6/site-packages (from azureml-core==0.1.0.972625->azureml-contrib-tensorboard) (0.5.5)
Requirement not upgraded as not directly required: pathspec in /home/ninghai/miniconda3/envs/daily/lib/python3.6/site-packages (from azureml-core==0.1.0.972625->azureml-contrib-tensorboard) (0.5.6)
Requirement not upgraded as not directly required: azure-storage-nspkg in /home/ninghai/miniconda3/envs/daily/lib/python3.6/site-packages (from azureml-core==0.1.0.972625->azureml-contrib-tensorboard) (3.0.0)
Requirement not upgraded as not directly required: azure-cli-core>=2.0.31 in /home/ninghai/miniconda3/envs/daily/lib/python3.6/site-packages (from azureml-core==0.1.0.972625->azureml-contrib-tensorboard) (2.0.33)
Requirement not upgraded as not directly required: jsonpickle in /home/ninghai/miniconda3/envs/daily/lib/python3.6/site-packages (from azureml-core==0.1.0.972625->azureml-contrib-tensorboard) (0.9.6)
Requirement not upgraded as not directly required: certifi>=2017.4.17 in /home/ninghai/miniconda3/envs/daily/lib/python3.6/site-packages (from msrest>=0.4.29->azureml-core==0.1.0.972625->azureml-contrib-tensorboard) (2018.4.16)
Requirement not upgraded as not directly required: requests-oauthlib>=0.5.0 in /home/ninghai/miniconda3/envs/daily/lib/python3.6/site-packages (from msrest>=0.4.29->azureml-core==0.1.0.972625->azureml-contrib-tensorboard) (0.8.0)
Requirement not upgraded as not directly required: isodate>=0.6.0 in /home/ninghai/miniconda3/envs/daily/lib/python3.6/site-packages (from msrest>=0.4.29->azureml-core==0.1.0.972625->azureml-contrib-tensorboard) (0.6.0)
Requirement not upgraded as not directly required: azure-mgmt-nspkg>=2.0.0 in /home/ninghai/miniconda3/envs/daily/lib/python3.6/site-packages (from azure-mgmt-keyvault>=0.40.0->azureml-core==0.1.0.972625->azureml-contrib-tensorboard) (2.0.0)
Requirement not upgraded as not directly required: azure-common~=1.1.5 in /home/ninghai/miniconda3/envs/daily/lib/python3.6/site-packages (from azure-mgmt-keyvault>=0.40.0->azureml-core==0.1.0.972625->azureml-contrib-tensorboard) (1.1.11)
Requirement not upgraded as not directly required: cryptography in /home/ninghai/miniconda3/envs/daily/lib/python3.6/site-packages (from SecretStorage<3.0.0->azureml-core==0.1.0.972625->azureml-contrib-tensorboard) (2.2.2)
Requirement not upgraded as not directly required: backports.weakref in /home/ninghai/miniconda3/envs/daily/lib/python3.6/site-packages (from backports.tempfile->azureml-core==0.1.0.972625->azureml-contrib-tensorboard) (1.0.post1)
Requirement not upgraded as not directly required: chardet<3.1.0,>=3.0.2 in /home/ninghai/miniconda3/envs/daily/lib/python3.6/site-packages (from requests->azureml-core==0.1.0.972625->azureml-contrib-tensorboard) (3.0.4)
Requirement not upgraded as not directly required: idna<2.7,>=2.5 in /home/ninghai/miniconda3/envs/daily/lib/python3.6/site-packages (from requests->azureml-core==0.1.0.972625->azureml-contrib-tensorboard) (2.6)
Requirement not upgraded as not directly required: urllib3<1.23,>=1.21.1 in /home/ninghai/miniconda3/envs/daily/lib/python3.6/site-packages (from requests->azureml-core==0.1.0.972625->azureml-contrib-tensorboard) (1.22)
Requirement not upgraded as not directly required: azure-cli-command-modules-nspkg>=2.0.0 in /home/ninghai/miniconda3/envs/daily/lib/python3.6/site-packages (from azure-cli-profile>=2.0.22->azureml-core==0.1.0.972625->azureml-contrib-tensorboard) (2.0.1)
Requirement not upgraded as not directly required: azure-nspkg>=2.0.0 in /home/ninghai/miniconda3/envs/daily/lib/python3.6/site-packages (from azure-graphrbac>=0.40.0->azureml-core==0.1.0.972625->azureml-contrib-tensorboard) (2.0.0)
Requirement not upgraded as not directly required: pyasn1>=0.1.1 in /home/ninghai/miniconda3/envs/daily/lib/python3.6/site-packages (from ndg-httpsclient->azureml-core==0.1.0.972625->azureml-contrib-tensorboard) (0.4.3)
Requirement not upgraded as not directly required: PyOpenSSL in /home/ninghai/miniconda3/envs/daily/lib/python3.6/site-packages (from ndg-httpsclient->azureml-core==0.1.0.972625->azureml-contrib-tensorboard) (18.0.0)
Requirement not upgraded as not directly required: keyring>=12.0.2 in /home/ninghai/miniconda3/envs/daily/lib/python3.6/site-packages (from msrestazure>=0.4.29->azureml-core==0.1.0.972625->azureml-contrib-tensorboard) (12.2.1)
Requirement not upgraded as not directly required: adal<2.0.0,>=0.5.0 in /home/ninghai/miniconda3/envs/daily/lib/python3.6/site-packages (from msrestazure>=0.4.29->azureml-core==0.1.0.972625->azureml-contrib-tensorboard) (0.6.0)
Requirement not upgraded as not directly required: PyJWT in /home/ninghai/miniconda3/envs/daily/lib/python3.6/site-packages (from azure-cli-core>=2.0.31->azureml-core==0.1.0.972625->azureml-contrib-tensorboard) (1.6.4)
Requirement not upgraded as not directly required: tabulate<=0.8.2,>=0.7.7 in /home/ninghai/miniconda3/envs/daily/lib/python3.6/site-packages (from azure-cli-core>=2.0.31->azureml-core==0.1.0.972625->azureml-contrib-tensorboard) (0.8.2)
Requirement not upgraded as not directly required: applicationinsights>=0.11.1 in /home/ninghai/miniconda3/envs/daily/lib/python3.6/site-packages (from azure-cli-core>=2.0.31->azureml-core==0.1.0.972625->azureml-contrib-tensorboard) (0.11.3)
Requirement not upgraded as not directly required: jmespath in /home/ninghai/miniconda3/envs/daily/lib/python3.6/site-packages (from azure-cli-core>=2.0.31->azureml-core==0.1.0.972625->azureml-contrib-tensorboard) (0.9.3)
Requirement not upgraded as not directly required: pip in /home/ninghai/miniconda3/envs/daily/lib/python3.6/site-packages (from azure-cli-core>=2.0.31->azureml-core==0.1.0.972625->azureml-contrib-tensorboard) (10.0.1)
Requirement not upgraded as not directly required: humanfriendly>=4.7 in /home/ninghai/miniconda3/envs/daily/lib/python3.6/site-packages (from azure-cli-core>=2.0.31->azureml-core==0.1.0.972625->azureml-contrib-tensorboard) (4.12.1)
Requirement not upgraded as not directly required: azure-cli-nspkg>=2.0.0 in /home/ninghai/miniconda3/envs/daily/lib/python3.6/site-packages (from azure-cli-core>=2.0.31->azureml-core==0.1.0.972625->azureml-contrib-tensorboard) (3.0.2)
Requirement not upgraded as not directly required: wheel==0.30.0 in /home/ninghai/miniconda3/envs/daily/lib/python3.6/site-packages (from azure-cli-core>=2.0.31->azureml-core==0.1.0.972625->azureml-contrib-tensorboard) (0.30.0)
Requirement not upgraded as not directly required: knack==0.3.3 in /home/ninghai/miniconda3/envs/daily/lib/python3.6/site-packages (from azure-cli-core>=2.0.31->azureml-core==0.1.0.972625->azureml-contrib-tensorboard) (0.3.3)
Requirement not upgraded as not directly required: pyyaml in /home/ninghai/miniconda3/envs/daily/lib/python3.6/site-packages (from azure-cli-core>=2.0.31->azureml-core==0.1.0.972625->azureml-contrib-tensorboard) (3.12)
Requirement not upgraded as not directly required: colorama>=0.3.9 in /home/ninghai/miniconda3/envs/daily/lib/python3.6/site-packages (from azure-cli-core>=2.0.31->azureml-core==0.1.0.972625->azureml-contrib-tensorboard) (0.3.9)
Requirement not upgraded as not directly required: argcomplete>=1.8.0 in /home/ninghai/miniconda3/envs/daily/lib/python3.6/site-packages (from azure-cli-core>=2.0.31->azureml-core==0.1.0.972625->azureml-contrib-tensorboard) (1.9.4)
Requirement not upgraded as not directly required: pygments in /home/ninghai/miniconda3/envs/daily/lib/python3.6/site-packages (from azure-cli-core>=2.0.31->azureml-core==0.1.0.972625->azureml-contrib-tensorboard) (2.2.0)
Requirement not upgraded as not directly required: paramiko in /home/ninghai/miniconda3/envs/daily/lib/python3.6/site-packages (from azure-cli-core>=2.0.31->azureml-core==0.1.0.972625->azureml-contrib-tensorboard) (2.4.1)
Requirement not upgraded as not directly required: oauthlib>=0.6.2 in /home/ninghai/miniconda3/envs/daily/lib/python3.6/site-packages (from requests-oauthlib>=0.5.0->msrest>=0.4.29->azureml-core==0.1.0.972625->azureml-contrib-tensorboard) (2.1.0)
Requirement not upgraded as not directly required: asn1crypto>=0.21.0 in /home/ninghai/miniconda3/envs/daily/lib/python3.6/site-packages (from cryptography->SecretStorage<3.0.0->azureml-core==0.1.0.972625->azureml-contrib-tensorboard) (0.24.0)
Requirement not upgraded as not directly required: cffi>=1.7 in /home/ninghai/miniconda3/envs/daily/lib/python3.6/site-packages (from cryptography->SecretStorage<3.0.0->azureml-core==0.1.0.972625->azureml-contrib-tensorboard) (1.11.5)
Requirement not upgraded as not directly required: entrypoints in /home/ninghai/miniconda3/envs/daily/lib/python3.6/site-packages (from keyring>=12.0.2->msrestazure>=0.4.29->azureml-core==0.1.0.972625->azureml-contrib-tensorboard) (0.2.3)
Requirement not upgraded as not directly required: bcrypt>=3.1.3 in /home/ninghai/miniconda3/envs/daily/lib/python3.6/site-packages (from paramiko->azure-cli-core>=2.0.31->azureml-core==0.1.0.972625->azureml-contrib-tensorboard) (3.1.4)
Requirement not upgraded as not directly required: pynacl>=1.0.1 in /home/ninghai/miniconda3/envs/daily/lib/python3.6/site-packages (from paramiko->azure-cli-core>=2.0.31->azureml-core==0.1.0.972625->azureml-contrib-tensorboard) (1.2.1)
Requirement not upgraded as not directly required: pycparser in /home/ninghai/miniconda3/envs/daily/lib/python3.6/site-packages (from cffi>=1.7->cryptography->SecretStorage<3.0.0->azureml-core==0.1.0.972625->azureml-contrib-tensorboard) (2.18)
mkl-random 1.0.1 requires cython, which is not installed.
mkl-fft 1.0.0 requires cython, which is not installed.
+++ pip install --upgrade --extra-index-url https://azuremlsdktestpypi.azureedge.net/sdk-release/master/588E708E0DF342C4A80BD954289657CF azureml-contrib-widgets
Looking in indexes: https://pypi.org/simple, https://azuremlsdktestpypi.azureedge.net/sdk-release/master/588E708E0DF342C4A80BD954289657CF
Requirement already up-to-date: azureml-contrib-widgets in /home/ninghai/miniconda3/envs/daily/lib/python3.6/site-packages (0.1.0.972625)
Requirement not upgraded as not directly required: azureml-core==0.1.0.972625 in /home/ninghai/miniconda3/envs/daily/lib/python3.6/site-packages (from azureml-contrib-widgets) (0.1.0.972625)
Requirement not upgraded as not directly required: azureml-train-core==0.1.0.972625 in /home/ninghai/miniconda3/envs/daily/lib/python3.6/site-packages (from azureml-contrib-widgets) (0.1.0.972625)
Requirement not upgraded as not directly required: ipywidgets>=7.0.0 in /home/ninghai/miniconda3/envs/daily/lib/python3.6/site-packages (from azureml-contrib-widgets) (7.2.1)
Requirement not upgraded as not directly required: python-dateutil in /home/ninghai/miniconda3/envs/daily/lib/python3.6/site-packages (from azureml-core==0.1.0.972625->azureml-contrib-widgets) (2.7.3)
Requirement not upgraded as not directly required: pathspec in /home/ninghai/miniconda3/envs/daily/lib/python3.6/site-packages (from azureml-core==0.1.0.972625->azureml-contrib-widgets) (0.5.6)
Requirement not upgraded as not directly required: pathlib in /home/ninghai/miniconda3/envs/daily/lib/python3.6/site-packages (from azureml-core==0.1.0.972625->azureml-contrib-widgets) (1.0.1)
Requirement not upgraded as not directly required: requests in /home/ninghai/miniconda3/envs/daily/lib/python3.6/site-packages (from azureml-core==0.1.0.972625->azureml-contrib-widgets) (2.18.4)
Requirement not upgraded as not directly required: pytz in /home/ninghai/miniconda3/envs/daily/lib/python3.6/site-packages (from azureml-core==0.1.0.972625->azureml-contrib-widgets) (2018.4)
Requirement not upgraded as not directly required: backports.tempfile in /home/ninghai/miniconda3/envs/daily/lib/python3.6/site-packages (from azureml-core==0.1.0.972625->azureml-contrib-widgets) (1.0)
Requirement not upgraded as not directly required: azure-cli-profile>=2.0.22 in /home/ninghai/miniconda3/envs/daily/lib/python3.6/site-packages (from azureml-core==0.1.0.972625->azureml-contrib-widgets) (2.0.25)
Requirement not upgraded as not directly required: six>=1.11.0 in /home/ninghai/miniconda3/envs/daily/lib/python3.6/site-packages (from azureml-core==0.1.0.972625->azureml-contrib-widgets) (1.11.0)
Requirement not upgraded as not directly required: azure-storage-nspkg in /home/ninghai/miniconda3/envs/daily/lib/python3.6/site-packages (from azureml-core==0.1.0.972625->azureml-contrib-widgets) (3.0.0)
Requirement not upgraded as not directly required: azure-mgmt-authorization>=0.40.0 in /home/ninghai/miniconda3/envs/daily/lib/python3.6/site-packages (from azureml-core==0.1.0.972625->azureml-contrib-widgets) (0.40.0)
Requirement not upgraded as not directly required: azure-graphrbac>=0.40.0 in /home/ninghai/miniconda3/envs/daily/lib/python3.6/site-packages (from azureml-core==0.1.0.972625->azureml-contrib-widgets) (0.40.0)
Requirement not upgraded as not directly required: contextlib2 in /home/ninghai/miniconda3/envs/daily/lib/python3.6/site-packages (from azureml-core==0.1.0.972625->azureml-contrib-widgets) (0.5.5)
Requirement not upgraded as not directly required: azure-mgmt-storage>=1.5.0 in /home/ninghai/miniconda3/envs/daily/lib/python3.6/site-packages (from azureml-core==0.1.0.972625->azureml-contrib-widgets) (1.5.0)
Requirement not upgraded as not directly required: msrest>=0.4.29 in /home/ninghai/miniconda3/envs/daily/lib/python3.6/site-packages (from azureml-core==0.1.0.972625->azureml-contrib-widgets) (0.4.29)
Requirement not upgraded as not directly required: azure-storage-file in /home/ninghai/miniconda3/envs/daily/lib/python3.6/site-packages (from azureml-core==0.1.0.972625->azureml-contrib-widgets) (1.1.0)
Requirement not upgraded as not directly required: SecretStorage<3.0.0 in /home/ninghai/miniconda3/envs/daily/lib/python3.6/site-packages (from azureml-core==0.1.0.972625->azureml-contrib-widgets) (2.3.1)
Requirement not upgraded as not directly required: azure-mgmt-keyvault>=0.40.0 in /home/ninghai/miniconda3/envs/daily/lib/python3.6/site-packages (from azureml-core==0.1.0.972625->azureml-contrib-widgets) (0.40.0)
Requirement not upgraded as not directly required: azure-storage-blob in /home/ninghai/miniconda3/envs/daily/lib/python3.6/site-packages (from azureml-core==0.1.0.972625->azureml-contrib-widgets) (1.1.0)
Requirement not upgraded as not directly required: jsonpickle in /home/ninghai/miniconda3/envs/daily/lib/python3.6/site-packages (from azureml-core==0.1.0.972625->azureml-contrib-widgets) (0.9.6)
Requirement not upgraded as not directly required: ruamel.yaml>=0.15.35 in /home/ninghai/miniconda3/envs/daily/lib/python3.6/site-packages (from azureml-core==0.1.0.972625->azureml-contrib-widgets) (0.15.37)
Requirement not upgraded as not directly required: azure-mgmt-containerregistry>=1.0.1 in /home/ninghai/miniconda3/envs/daily/lib/python3.6/site-packages (from azureml-core==0.1.0.972625->azureml-contrib-widgets) (2.0.0)
Requirement not upgraded as not directly required: ndg-httpsclient in /home/ninghai/miniconda3/envs/daily/lib/python3.6/site-packages (from azureml-core==0.1.0.972625->azureml-contrib-widgets) (0.5.0)
Requirement not upgraded as not directly required: azure-storage-common in /home/ninghai/miniconda3/envs/daily/lib/python3.6/site-packages (from azureml-core==0.1.0.972625->azureml-contrib-widgets) (1.1.0)
Requirement not upgraded as not directly required: azure-mgmt-resource>=1.2.1 in /home/ninghai/miniconda3/envs/daily/lib/python3.6/site-packages (from azureml-core==0.1.0.972625->azureml-contrib-widgets) (1.2.2)
Requirement not upgraded as not directly required: azure-cli-core>=2.0.31 in /home/ninghai/miniconda3/envs/daily/lib/python3.6/site-packages (from azureml-core==0.1.0.972625->azureml-contrib-widgets) (2.0.33)
Requirement not upgraded as not directly required: msrestazure>=0.4.29 in /home/ninghai/miniconda3/envs/daily/lib/python3.6/site-packages (from azureml-core==0.1.0.972625->azureml-contrib-widgets) (0.4.31)
Requirement not upgraded as not directly required: azureml-train-restclients-hyperdrive==0.1.0.972625 in /home/ninghai/miniconda3/envs/daily/lib/python3.6/site-packages (from azureml-train-core==0.1.0.972625->azureml-contrib-widgets) (0.1.0.972625)
Requirement not upgraded as not directly required: ipykernel>=4.5.1 in /home/ninghai/miniconda3/envs/daily/lib/python3.6/site-packages (from ipywidgets>=7.0.0->azureml-contrib-widgets) (4.8.2)
Requirement not upgraded as not directly required: traitlets>=4.3.1 in /home/ninghai/miniconda3/envs/daily/lib/python3.6/site-packages (from ipywidgets>=7.0.0->azureml-contrib-widgets) (4.3.2)
Requirement not upgraded as not directly required: nbformat>=4.2.0 in /home/ninghai/miniconda3/envs/daily/lib/python3.6/site-packages (from ipywidgets>=7.0.0->azureml-contrib-widgets) (4.4.0)
Requirement not upgraded as not directly required: widgetsnbextension~=3.2.0 in /home/ninghai/miniconda3/envs/daily/lib/python3.6/site-packages (from ipywidgets>=7.0.0->azureml-contrib-widgets) (3.2.1)
Requirement not upgraded as not directly required: ipython>=4.0.0 in /home/ninghai/miniconda3/envs/daily/lib/python3.6/site-packages (from ipywidgets>=7.0.0->azureml-contrib-widgets) (6.4.0)
Requirement not upgraded as not directly required: chardet<3.1.0,>=3.0.2 in /home/ninghai/miniconda3/envs/daily/lib/python3.6/site-packages (from requests->azureml-core==0.1.0.972625->azureml-contrib-widgets) (3.0.4)
Requirement not upgraded as not directly required: idna<2.7,>=2.5 in /home/ninghai/miniconda3/envs/daily/lib/python3.6/site-packages (from requests->azureml-core==0.1.0.972625->azureml-contrib-widgets) (2.6)
Requirement not upgraded as not directly required: urllib3<1.23,>=1.21.1 in /home/ninghai/miniconda3/envs/daily/lib/python3.6/site-packages (from requests->azureml-core==0.1.0.972625->azureml-contrib-widgets) (1.22)
Requirement not upgraded as not directly required: certifi>=2017.4.17 in /home/ninghai/miniconda3/envs/daily/lib/python3.6/site-packages (from requests->azureml-core==0.1.0.972625->azureml-contrib-widgets) (2018.4.16)
Requirement not upgraded as not directly required: backports.weakref in /home/ninghai/miniconda3/envs/daily/lib/python3.6/site-packages (from backports.tempfile->azureml-core==0.1.0.972625->azureml-contrib-widgets) (1.0.post1)
Requirement not upgraded as not directly required: azure-cli-command-modules-nspkg>=2.0.0 in /home/ninghai/miniconda3/envs/daily/lib/python3.6/site-packages (from azure-cli-profile>=2.0.22->azureml-core==0.1.0.972625->azureml-contrib-widgets) (2.0.1)
Requirement not upgraded as not directly required: azure-nspkg>=2.0.0 in /home/ninghai/miniconda3/envs/daily/lib/python3.6/site-packages (from azure-storage-nspkg->azureml-core==0.1.0.972625->azureml-contrib-widgets) (2.0.0)
Requirement not upgraded as not directly required: azure-mgmt-nspkg>=2.0.0 in /home/ninghai/miniconda3/envs/daily/lib/python3.6/site-packages (from azure-mgmt-authorization>=0.40.0->azureml-core==0.1.0.972625->azureml-contrib-widgets) (2.0.0)
Requirement not upgraded as not directly required: azure-common~=1.1 in /home/ninghai/miniconda3/envs/daily/lib/python3.6/site-packages (from azure-mgmt-authorization>=0.40.0->azureml-core==0.1.0.972625->azureml-contrib-widgets) (1.1.11)
Requirement not upgraded as not directly required: requests-oauthlib>=0.5.0 in /home/ninghai/miniconda3/envs/daily/lib/python3.6/site-packages (from msrest>=0.4.29->azureml-core==0.1.0.972625->azureml-contrib-widgets) (0.8.0)
Requirement not upgraded as not directly required: isodate>=0.6.0 in /home/ninghai/miniconda3/envs/daily/lib/python3.6/site-packages (from msrest>=0.4.29->azureml-core==0.1.0.972625->azureml-contrib-widgets) (0.6.0)
Requirement not upgraded as not directly required: cryptography in /home/ninghai/miniconda3/envs/daily/lib/python3.6/site-packages (from SecretStorage<3.0.0->azureml-core==0.1.0.972625->azureml-contrib-widgets) (2.2.2)
Requirement not upgraded as not directly required: PyOpenSSL in /home/ninghai/miniconda3/envs/daily/lib/python3.6/site-packages (from ndg-httpsclient->azureml-core==0.1.0.972625->azureml-contrib-widgets) (18.0.0)
Requirement not upgraded as not directly required: pyasn1>=0.1.1 in /home/ninghai/miniconda3/envs/daily/lib/python3.6/site-packages (from ndg-httpsclient->azureml-core==0.1.0.972625->azureml-contrib-widgets) (0.4.3)
Requirement not upgraded as not directly required: PyJWT in /home/ninghai/miniconda3/envs/daily/lib/python3.6/site-packages (from azure-cli-core>=2.0.31->azureml-core==0.1.0.972625->azureml-contrib-widgets) (1.6.4)
Requirement not upgraded as not directly required: humanfriendly>=4.7 in /home/ninghai/miniconda3/envs/daily/lib/python3.6/site-packages (from azure-cli-core>=2.0.31->azureml-core==0.1.0.972625->azureml-contrib-widgets) (4.12.1)
Requirement not upgraded as not directly required: azure-cli-nspkg>=2.0.0 in /home/ninghai/miniconda3/envs/daily/lib/python3.6/site-packages (from azure-cli-core>=2.0.31->azureml-core==0.1.0.972625->azureml-contrib-widgets) (3.0.2)
Requirement not upgraded as not directly required: paramiko in /home/ninghai/miniconda3/envs/daily/lib/python3.6/site-packages (from azure-cli-core>=2.0.31->azureml-core==0.1.0.972625->azureml-contrib-widgets) (2.4.1)
Requirement not upgraded as not directly required: colorama>=0.3.9 in /home/ninghai/miniconda3/envs/daily/lib/python3.6/site-packages (from azure-cli-core>=2.0.31->azureml-core==0.1.0.972625->azureml-contrib-widgets) (0.3.9)
Requirement not upgraded as not directly required: knack==0.3.3 in /home/ninghai/miniconda3/envs/daily/lib/python3.6/site-packages (from azure-cli-core>=2.0.31->azureml-core==0.1.0.972625->azureml-contrib-widgets) (0.3.3)
Requirement not upgraded as not directly required: applicationinsights>=0.11.1 in /home/ninghai/miniconda3/envs/daily/lib/python3.6/site-packages (from azure-cli-core>=2.0.31->azureml-core==0.1.0.972625->azureml-contrib-widgets) (0.11.3)
Requirement not upgraded as not directly required: pyyaml in /home/ninghai/miniconda3/envs/daily/lib/python3.6/site-packages (from azure-cli-core>=2.0.31->azureml-core==0.1.0.972625->azureml-contrib-widgets) (3.12)
Requirement not upgraded as not directly required: wheel==0.30.0 in /home/ninghai/miniconda3/envs/daily/lib/python3.6/site-packages (from azure-cli-core>=2.0.31->azureml-core==0.1.0.972625->azureml-contrib-widgets) (0.30.0)
Requirement not upgraded as not directly required: argcomplete>=1.8.0 in /home/ninghai/miniconda3/envs/daily/lib/python3.6/site-packages (from azure-cli-core>=2.0.31->azureml-core==0.1.0.972625->azureml-contrib-widgets) (1.9.4)
Requirement not upgraded as not directly required: tabulate<=0.8.2,>=0.7.7 in /home/ninghai/miniconda3/envs/daily/lib/python3.6/site-packages (from azure-cli-core>=2.0.31->azureml-core==0.1.0.972625->azureml-contrib-widgets) (0.8.2)
Requirement not upgraded as not directly required: jmespath in /home/ninghai/miniconda3/envs/daily/lib/python3.6/site-packages (from azure-cli-core>=2.0.31->azureml-core==0.1.0.972625->azureml-contrib-widgets) (0.9.3)
Requirement not upgraded as not directly required: pygments in /home/ninghai/miniconda3/envs/daily/lib/python3.6/site-packages (from azure-cli-core>=2.0.31->azureml-core==0.1.0.972625->azureml-contrib-widgets) (2.2.0)
Requirement not upgraded as not directly required: pip in /home/ninghai/miniconda3/envs/daily/lib/python3.6/site-packages (from azure-cli-core>=2.0.31->azureml-core==0.1.0.972625->azureml-contrib-widgets) (10.0.1)
Requirement not upgraded as not directly required: keyring>=12.0.2 in /home/ninghai/miniconda3/envs/daily/lib/python3.6/site-packages (from msrestazure>=0.4.29->azureml-core==0.1.0.972625->azureml-contrib-widgets) (12.2.1)
Requirement not upgraded as not directly required: adal<2.0.0,>=0.5.0 in /home/ninghai/miniconda3/envs/daily/lib/python3.6/site-packages (from msrestazure>=0.4.29->azureml-core==0.1.0.972625->azureml-contrib-widgets) (0.6.0)
Requirement not upgraded as not directly required: jupyter_client in /home/ninghai/miniconda3/envs/daily/lib/python3.6/site-packages (from ipykernel>=4.5.1->ipywidgets>=7.0.0->azureml-contrib-widgets) (5.2.3)
Requirement not upgraded as not directly required: tornado>=4.0 in /home/ninghai/miniconda3/envs/daily/lib/python3.6/site-packages (from ipykernel>=4.5.1->ipywidgets>=7.0.0->azureml-contrib-widgets) (5.0.2)
Requirement not upgraded as not directly required: ipython_genutils in /home/ninghai/miniconda3/envs/daily/lib/python3.6/site-packages (from traitlets>=4.3.1->ipywidgets>=7.0.0->azureml-contrib-widgets) (0.2.0)
Requirement not upgraded as not directly required: decorator in /home/ninghai/miniconda3/envs/daily/lib/python3.6/site-packages (from traitlets>=4.3.1->ipywidgets>=7.0.0->azureml-contrib-widgets) (4.3.0)
Requirement not upgraded as not directly required: jsonschema!=2.5.0,>=2.4 in /home/ninghai/miniconda3/envs/daily/lib/python3.6/site-packages (from nbformat>=4.2.0->ipywidgets>=7.0.0->azureml-contrib-widgets) (2.6.0)
Requirement not upgraded as not directly required: jupyter_core in /home/ninghai/miniconda3/envs/daily/lib/python3.6/site-packages (from nbformat>=4.2.0->ipywidgets>=7.0.0->azureml-contrib-widgets) (4.4.0)
Requirement not upgraded as not directly required: notebook>=4.4.1 in /home/ninghai/miniconda3/envs/daily/lib/python3.6/site-packages (from widgetsnbextension~=3.2.0->ipywidgets>=7.0.0->azureml-contrib-widgets) (5.5.0)
Requirement not upgraded as not directly required: setuptools>=18.5 in /home/ninghai/miniconda3/envs/daily/lib/python3.6/site-packages (from ipython>=4.0.0->ipywidgets>=7.0.0->azureml-contrib-widgets) (39.1.0)
Requirement not upgraded as not directly required: backcall in /home/ninghai/miniconda3/envs/daily/lib/python3.6/site-packages (from ipython>=4.0.0->ipywidgets>=7.0.0->azureml-contrib-widgets) (0.1.0)
Requirement not upgraded as not directly required: pickleshare in /home/ninghai/miniconda3/envs/daily/lib/python3.6/site-packages (from ipython>=4.0.0->ipywidgets>=7.0.0->azureml-contrib-widgets) (0.7.4)
Requirement not upgraded as not directly required: simplegeneric>0.8 in /home/ninghai/miniconda3/envs/daily/lib/python3.6/site-packages (from ipython>=4.0.0->ipywidgets>=7.0.0->azureml-contrib-widgets) (0.8.1)
Requirement not upgraded as not directly required: pexpect; sys_platform != "win32" in /home/ninghai/miniconda3/envs/daily/lib/python3.6/site-packages (from ipython>=4.0.0->ipywidgets>=7.0.0->azureml-contrib-widgets) (4.5.0)
Requirement not upgraded as not directly required: prompt-toolkit<2.0.0,>=1.0.15 in /home/ninghai/miniconda3/envs/daily/lib/python3.6/site-packages (from ipython>=4.0.0->ipywidgets>=7.0.0->azureml-contrib-widgets) (1.0.15)
Requirement not upgraded as not directly required: jedi>=0.10 in /home/ninghai/miniconda3/envs/daily/lib/python3.6/site-packages (from ipython>=4.0.0->ipywidgets>=7.0.0->azureml-contrib-widgets) (0.12.0)
Requirement not upgraded as not directly required: oauthlib>=0.6.2 in /home/ninghai/miniconda3/envs/daily/lib/python3.6/site-packages (from requests-oauthlib>=0.5.0->msrest>=0.4.29->azureml-core==0.1.0.972625->azureml-contrib-widgets) (2.1.0)
Requirement not upgraded as not directly required: asn1crypto>=0.21.0 in /home/ninghai/miniconda3/envs/daily/lib/python3.6/site-packages (from cryptography->SecretStorage<3.0.0->azureml-core==0.1.0.972625->azureml-contrib-widgets) (0.24.0)
Requirement not upgraded as not directly required: cffi>=1.7 in /home/ninghai/miniconda3/envs/daily/lib/python3.6/site-packages (from cryptography->SecretStorage<3.0.0->azureml-core==0.1.0.972625->azureml-contrib-widgets) (1.11.5)
Requirement not upgraded as not directly required: pynacl>=1.0.1 in /home/ninghai/miniconda3/envs/daily/lib/python3.6/site-packages (from paramiko->azure-cli-core>=2.0.31->azureml-core==0.1.0.972625->azureml-contrib-widgets) (1.2.1)
Requirement not upgraded as not directly required: bcrypt>=3.1.3 in /home/ninghai/miniconda3/envs/daily/lib/python3.6/site-packages (from paramiko->azure-cli-core>=2.0.31->azureml-core==0.1.0.972625->azureml-contrib-widgets) (3.1.4)
Requirement not upgraded as not directly required: entrypoints in /home/ninghai/miniconda3/envs/daily/lib/python3.6/site-packages (from keyring>=12.0.2->msrestazure>=0.4.29->azureml-core==0.1.0.972625->azureml-contrib-widgets) (0.2.3)
Requirement not upgraded as not directly required: pyzmq>=13 in /home/ninghai/miniconda3/envs/daily/lib/python3.6/site-packages (from jupyter_client->ipykernel>=4.5.1->ipywidgets>=7.0.0->azureml-contrib-widgets) (17.0.0)
Requirement not upgraded as not directly required: Send2Trash in /home/ninghai/miniconda3/envs/daily/lib/python3.6/site-packages (from notebook>=4.4.1->widgetsnbextension~=3.2.0->ipywidgets>=7.0.0->azureml-contrib-widgets) (1.5.0)
Requirement not upgraded as not directly required: terminado>=0.8.1 in /home/ninghai/miniconda3/envs/daily/lib/python3.6/site-packages (from notebook>=4.4.1->widgetsnbextension~=3.2.0->ipywidgets>=7.0.0->azureml-contrib-widgets) (0.8.1)
Requirement not upgraded as not directly required: jinja2 in /home/ninghai/miniconda3/envs/daily/lib/python3.6/site-packages (from notebook>=4.4.1->widgetsnbextension~=3.2.0->ipywidgets>=7.0.0->azureml-contrib-widgets) (2.10)
Requirement not upgraded as not directly required: nbconvert in /home/ninghai/miniconda3/envs/daily/lib/python3.6/site-packages (from notebook>=4.4.1->widgetsnbextension~=3.2.0->ipywidgets>=7.0.0->azureml-contrib-widgets) (5.3.1)
Requirement not upgraded as not directly required: ptyprocess>=0.5 in /home/ninghai/miniconda3/envs/daily/lib/python3.6/site-packages (from pexpect; sys_platform != "win32"->ipython>=4.0.0->ipywidgets>=7.0.0->azureml-contrib-widgets) (0.5.2)
Requirement not upgraded as not directly required: wcwidth in /home/ninghai/miniconda3/envs/daily/lib/python3.6/site-packages (from prompt-toolkit<2.0.0,>=1.0.15->ipython>=4.0.0->ipywidgets>=7.0.0->azureml-contrib-widgets) (0.1.7)
Requirement not upgraded as not directly required: parso>=0.2.0 in /home/ninghai/miniconda3/envs/daily/lib/python3.6/site-packages (from jedi>=0.10->ipython>=4.0.0->ipywidgets>=7.0.0->azureml-contrib-widgets) (0.2.1)
Requirement not upgraded as not directly required: pycparser in /home/ninghai/miniconda3/envs/daily/lib/python3.6/site-packages (from cffi>=1.7->cryptography->SecretStorage<3.0.0->azureml-core==0.1.0.972625->azureml-contrib-widgets) (2.18)
Requirement not upgraded as not directly required: MarkupSafe>=0.23 in /home/ninghai/miniconda3/envs/daily/lib/python3.6/site-packages (from jinja2->notebook>=4.4.1->widgetsnbextension~=3.2.0->ipywidgets>=7.0.0->azureml-contrib-widgets) (1.0)
Requirement not upgraded as not directly required: mistune>=0.7.4 in /home/ninghai/miniconda3/envs/daily/lib/python3.6/site-packages (from nbconvert->notebook>=4.4.1->widgetsnbextension~=3.2.0->ipywidgets>=7.0.0->azureml-contrib-widgets) (0.8.3)
Requirement not upgraded as not directly required: bleach in /home/ninghai/miniconda3/envs/daily/lib/python3.6/site-packages (from nbconvert->notebook>=4.4.1->widgetsnbextension~=3.2.0->ipywidgets>=7.0.0->azureml-contrib-widgets) (2.1.3)
Requirement not upgraded as not directly required: pandocfilters>=1.4.1 in /home/ninghai/miniconda3/envs/daily/lib/python3.6/site-packages (from nbconvert->notebook>=4.4.1->widgetsnbextension~=3.2.0->ipywidgets>=7.0.0->azureml-contrib-widgets) (1.4.2)
Requirement not upgraded as not directly required: testpath in /home/ninghai/miniconda3/envs/daily/lib/python3.6/site-packages (from nbconvert->notebook>=4.4.1->widgetsnbextension~=3.2.0->ipywidgets>=7.0.0->azureml-contrib-widgets) (0.3.1)
Requirement not upgraded as not directly required: html5lib!=1.0b1,!=1.0b2,!=1.0b3,!=1.0b4,!=1.0b5,!=1.0b6,!=1.0b7,!=1.0b8,>=0.99999999pre in /home/ninghai/miniconda3/envs/daily/lib/python3.6/site-packages (from bleach->nbconvert->notebook>=4.4.1->widgetsnbextension~=3.2.0->ipywidgets>=7.0.0->azureml-contrib-widgets) (1.0.1)
Requirement not upgraded as not directly required: webencodings in /home/ninghai/miniconda3/envs/daily/lib/python3.6/site-packages (from html5lib!=1.0b1,!=1.0b2,!=1.0b3,!=1.0b4,!=1.0b5,!=1.0b6,!=1.0b7,!=1.0b8,>=0.99999999pre->bleach->nbconvert->notebook>=4.4.1->widgetsnbextension~=3.2.0->ipywidgets>=7.0.0->azureml-contrib-widgets) (0.5.1)
mkl-random 1.0.1 requires cython, which is not installed.
mkl-fft 1.0.0 requires cython, which is not installed.
+++ pip install --upgrade --extra-index-url https://azuremlsdktestpypi.azureedge.net/sdk-release/master/588E708E0DF342C4A80BD954289657CF azureml-contrib-daskonbatch
Looking in indexes: https://pypi.org/simple, https://azuremlsdktestpypi.azureedge.net/sdk-release/master/588E708E0DF342C4A80BD954289657CF
Requirement already up-to-date: azureml-contrib-daskonbatch in /home/ninghai/miniconda3/envs/daily/lib/python3.6/site-packages (0.1.0.972625)
Requirement not upgraded as not directly required: distributed==1.21.0 in /home/ninghai/miniconda3/envs/daily/lib/python3.6/site-packages (from azureml-contrib-daskonbatch) (1.21.0)
Requirement not upgraded as not directly required: azureml-core==0.1.0.972625 in /home/ninghai/miniconda3/envs/daily/lib/python3.6/site-packages (from azureml-contrib-daskonbatch) (0.1.0.972625)
Requirement not upgraded as not directly required: joblib==0.11 in /home/ninghai/miniconda3/envs/daily/lib/python3.6/site-packages (from azureml-contrib-daskonbatch) (0.11)
Requirement not upgraded as not directly required: zict>=0.1.3 in /home/ninghai/miniconda3/envs/daily/lib/python3.6/site-packages (from distributed==1.21.0->azureml-contrib-daskonbatch) (0.1.3)
Requirement not upgraded as not directly required: click>=6.6 in /home/ninghai/miniconda3/envs/daily/lib/python3.6/site-packages (from distributed==1.21.0->azureml-contrib-daskonbatch) (6.7)
Requirement not upgraded as not directly required: psutil in /home/ninghai/miniconda3/envs/daily/lib/python3.6/site-packages (from distributed==1.21.0->azureml-contrib-daskonbatch) (5.4.5)
Requirement not upgraded as not directly required: tornado>=4.5.1 in /home/ninghai/miniconda3/envs/daily/lib/python3.6/site-packages (from distributed==1.21.0->azureml-contrib-daskonbatch) (5.0.2)
Requirement not upgraded as not directly required: six in /home/ninghai/miniconda3/envs/daily/lib/python3.6/site-packages (from distributed==1.21.0->azureml-contrib-daskonbatch) (1.11.0)
Requirement not upgraded as not directly required: toolz>=0.7.4 in /home/ninghai/miniconda3/envs/daily/lib/python3.6/site-packages (from distributed==1.21.0->azureml-contrib-daskonbatch) (0.9.0)
Requirement not upgraded as not directly required: tblib in /home/ninghai/miniconda3/envs/daily/lib/python3.6/site-packages (from distributed==1.21.0->azureml-contrib-daskonbatch) (1.3.2)
Requirement not upgraded as not directly required: msgpack-python in /home/ninghai/miniconda3/envs/daily/lib/python3.6/site-packages (from distributed==1.21.0->azureml-contrib-daskonbatch) (0.5.6)
Requirement not upgraded as not directly required: dask>=0.17.0 in /home/ninghai/miniconda3/envs/daily/lib/python3.6/site-packages (from distributed==1.21.0->azureml-contrib-daskonbatch) (0.17.5)
Requirement not upgraded as not directly required: sortedcontainers in /home/ninghai/miniconda3/envs/daily/lib/python3.6/site-packages (from distributed==1.21.0->azureml-contrib-daskonbatch) (2.0.2)
Requirement not upgraded as not directly required: cloudpickle>=0.2.2 in /home/ninghai/miniconda3/envs/daily/lib/python3.6/site-packages (from distributed==1.21.0->azureml-contrib-daskonbatch) (0.5.3)
Requirement not upgraded as not directly required: azure-storage-blob in /home/ninghai/miniconda3/envs/daily/lib/python3.6/site-packages (from azureml-core==0.1.0.972625->azureml-contrib-daskonbatch) (1.1.0)
Requirement not upgraded as not directly required: python-dateutil in /home/ninghai/miniconda3/envs/daily/lib/python3.6/site-packages (from azureml-core==0.1.0.972625->azureml-contrib-daskonbatch) (2.7.3)
Requirement not upgraded as not directly required: azure-mgmt-storage>=1.5.0 in /home/ninghai/miniconda3/envs/daily/lib/python3.6/site-packages (from azureml-core==0.1.0.972625->azureml-contrib-daskonbatch) (1.5.0)
Requirement not upgraded as not directly required: azure-mgmt-resource>=1.2.1 in /home/ninghai/miniconda3/envs/daily/lib/python3.6/site-packages (from azureml-core==0.1.0.972625->azureml-contrib-daskonbatch) (1.2.2)
Requirement not upgraded as not directly required: contextlib2 in /home/ninghai/miniconda3/envs/daily/lib/python3.6/site-packages (from azureml-core==0.1.0.972625->azureml-contrib-daskonbatch) (0.5.5)
Requirement not upgraded as not directly required: azure-storage-common in /home/ninghai/miniconda3/envs/daily/lib/python3.6/site-packages (from azureml-core==0.1.0.972625->azureml-contrib-daskonbatch) (1.1.0)
Requirement not upgraded as not directly required: azure-mgmt-authorization>=0.40.0 in /home/ninghai/miniconda3/envs/daily/lib/python3.6/site-packages (from azureml-core==0.1.0.972625->azureml-contrib-daskonbatch) (0.40.0)
Requirement not upgraded as not directly required: azure-storage-nspkg in /home/ninghai/miniconda3/envs/daily/lib/python3.6/site-packages (from azureml-core==0.1.0.972625->azureml-contrib-daskonbatch) (3.0.0)
Requirement not upgraded as not directly required: azure-graphrbac>=0.40.0 in /home/ninghai/miniconda3/envs/daily/lib/python3.6/site-packages (from azureml-core==0.1.0.972625->azureml-contrib-daskonbatch) (0.40.0)
Requirement not upgraded as not directly required: requests in /home/ninghai/miniconda3/envs/daily/lib/python3.6/site-packages (from azureml-core==0.1.0.972625->azureml-contrib-daskonbatch) (2.18.4)
Requirement not upgraded as not directly required: jsonpickle in /home/ninghai/miniconda3/envs/daily/lib/python3.6/site-packages (from azureml-core==0.1.0.972625->azureml-contrib-daskonbatch) (0.9.6)
Requirement not upgraded as not directly required: azure-storage-file in /home/ninghai/miniconda3/envs/daily/lib/python3.6/site-packages (from azureml-core==0.1.0.972625->azureml-contrib-daskonbatch) (1.1.0)
Requirement not upgraded as not directly required: pathlib in /home/ninghai/miniconda3/envs/daily/lib/python3.6/site-packages (from azureml-core==0.1.0.972625->azureml-contrib-daskonbatch) (1.0.1)
Requirement not upgraded as not directly required: msrestazure>=0.4.29 in /home/ninghai/miniconda3/envs/daily/lib/python3.6/site-packages (from azureml-core==0.1.0.972625->azureml-contrib-daskonbatch) (0.4.31)
Requirement not upgraded as not directly required: SecretStorage<3.0.0 in /home/ninghai/miniconda3/envs/daily/lib/python3.6/site-packages (from azureml-core==0.1.0.972625->azureml-contrib-daskonbatch) (2.3.1)
Requirement not upgraded as not directly required: azure-cli-profile>=2.0.22 in /home/ninghai/miniconda3/envs/daily/lib/python3.6/site-packages (from azureml-core==0.1.0.972625->azureml-contrib-daskonbatch) (2.0.25)
Requirement not upgraded as not directly required: pytz in /home/ninghai/miniconda3/envs/daily/lib/python3.6/site-packages (from azureml-core==0.1.0.972625->azureml-contrib-daskonbatch) (2018.4)
Requirement not upgraded as not directly required: azure-cli-core>=2.0.31 in /home/ninghai/miniconda3/envs/daily/lib/python3.6/site-packages (from azureml-core==0.1.0.972625->azureml-contrib-daskonbatch) (2.0.33)
Requirement not upgraded as not directly required: msrest>=0.4.29 in /home/ninghai/miniconda3/envs/daily/lib/python3.6/site-packages (from azureml-core==0.1.0.972625->azureml-contrib-daskonbatch) (0.4.29)
Requirement not upgraded as not directly required: backports.tempfile in /home/ninghai/miniconda3/envs/daily/lib/python3.6/site-packages (from azureml-core==0.1.0.972625->azureml-contrib-daskonbatch) (1.0)
Requirement not upgraded as not directly required: azure-mgmt-keyvault>=0.40.0 in /home/ninghai/miniconda3/envs/daily/lib/python3.6/site-packages (from azureml-core==0.1.0.972625->azureml-contrib-daskonbatch) (0.40.0)
Requirement not upgraded as not directly required: azure-mgmt-containerregistry>=1.0.1 in /home/ninghai/miniconda3/envs/daily/lib/python3.6/site-packages (from azureml-core==0.1.0.972625->azureml-contrib-daskonbatch) (2.0.0)
Requirement not upgraded as not directly required: pathspec in /home/ninghai/miniconda3/envs/daily/lib/python3.6/site-packages (from azureml-core==0.1.0.972625->azureml-contrib-daskonbatch) (0.5.6)
Requirement not upgraded as not directly required: ruamel.yaml>=0.15.35 in /home/ninghai/miniconda3/envs/daily/lib/python3.6/site-packages (from azureml-core==0.1.0.972625->azureml-contrib-daskonbatch) (0.15.37)
Requirement not upgraded as not directly required: ndg-httpsclient in /home/ninghai/miniconda3/envs/daily/lib/python3.6/site-packages (from azureml-core==0.1.0.972625->azureml-contrib-daskonbatch) (0.5.0)
Requirement not upgraded as not directly required: heapdict in /home/ninghai/miniconda3/envs/daily/lib/python3.6/site-packages (from zict>=0.1.3->distributed==1.21.0->azureml-contrib-daskonbatch) (1.0.0)
Requirement not upgraded as not directly required: azure-common>=1.1.5 in /home/ninghai/miniconda3/envs/daily/lib/python3.6/site-packages (from azure-storage-blob->azureml-core==0.1.0.972625->azureml-contrib-daskonbatch) (1.1.11)
Requirement not upgraded as not directly required: azure-mgmt-nspkg>=2.0.0 in /home/ninghai/miniconda3/envs/daily/lib/python3.6/site-packages (from azure-mgmt-storage>=1.5.0->azureml-core==0.1.0.972625->azureml-contrib-daskonbatch) (2.0.0)
Requirement not upgraded as not directly required: cryptography in /home/ninghai/miniconda3/envs/daily/lib/python3.6/site-packages (from azure-storage-common->azureml-core==0.1.0.972625->azureml-contrib-daskonbatch) (2.2.2)
Requirement not upgraded as not directly required: azure-nspkg>=2.0.0 in /home/ninghai/miniconda3/envs/daily/lib/python3.6/site-packages (from azure-storage-nspkg->azureml-core==0.1.0.972625->azureml-contrib-daskonbatch) (2.0.0)
Requirement not upgraded as not directly required: chardet<3.1.0,>=3.0.2 in /home/ninghai/miniconda3/envs/daily/lib/python3.6/site-packages (from requests->azureml-core==0.1.0.972625->azureml-contrib-daskonbatch) (3.0.4)
Requirement not upgraded as not directly required: idna<2.7,>=2.5 in /home/ninghai/miniconda3/envs/daily/lib/python3.6/site-packages (from requests->azureml-core==0.1.0.972625->azureml-contrib-daskonbatch) (2.6)
Requirement not upgraded as not directly required: urllib3<1.23,>=1.21.1 in /home/ninghai/miniconda3/envs/daily/lib/python3.6/site-packages (from requests->azureml-core==0.1.0.972625->azureml-contrib-daskonbatch) (1.22)
Requirement not upgraded as not directly required: certifi>=2017.4.17 in /home/ninghai/miniconda3/envs/daily/lib/python3.6/site-packages (from requests->azureml-core==0.1.0.972625->azureml-contrib-daskonbatch) (2018.4.16)
Requirement not upgraded as not directly required: keyring>=12.0.2 in /home/ninghai/miniconda3/envs/daily/lib/python3.6/site-packages (from msrestazure>=0.4.29->azureml-core==0.1.0.972625->azureml-contrib-daskonbatch) (12.2.1)
Requirement not upgraded as not directly required: adal<2.0.0,>=0.5.0 in /home/ninghai/miniconda3/envs/daily/lib/python3.6/site-packages (from msrestazure>=0.4.29->azureml-core==0.1.0.972625->azureml-contrib-daskonbatch) (0.6.0)
Requirement not upgraded as not directly required: azure-cli-command-modules-nspkg>=2.0.0 in /home/ninghai/miniconda3/envs/daily/lib/python3.6/site-packages (from azure-cli-profile>=2.0.22->azureml-core==0.1.0.972625->azureml-contrib-daskonbatch) (2.0.1)
Requirement not upgraded as not directly required: colorama>=0.3.9 in /home/ninghai/miniconda3/envs/daily/lib/python3.6/site-packages (from azure-cli-core>=2.0.31->azureml-core==0.1.0.972625->azureml-contrib-daskonbatch) (0.3.9)
Requirement not upgraded as not directly required: pyopenssl>=17.1.0 in /home/ninghai/miniconda3/envs/daily/lib/python3.6/site-packages (from azure-cli-core>=2.0.31->azureml-core==0.1.0.972625->azureml-contrib-daskonbatch) (18.0.0)
Requirement not upgraded as not directly required: applicationinsights>=0.11.1 in /home/ninghai/miniconda3/envs/daily/lib/python3.6/site-packages (from azure-cli-core>=2.0.31->azureml-core==0.1.0.972625->azureml-contrib-daskonbatch) (0.11.3)
Requirement not upgraded as not directly required: PyJWT in /home/ninghai/miniconda3/envs/daily/lib/python3.6/site-packages (from azure-cli-core>=2.0.31->azureml-core==0.1.0.972625->azureml-contrib-daskonbatch) (1.6.4)
Requirement not upgraded as not directly required: pip in /home/ninghai/miniconda3/envs/daily/lib/python3.6/site-packages (from azure-cli-core>=2.0.31->azureml-core==0.1.0.972625->azureml-contrib-daskonbatch) (10.0.1)
Requirement not upgraded as not directly required: pygments in /home/ninghai/miniconda3/envs/daily/lib/python3.6/site-packages (from azure-cli-core>=2.0.31->azureml-core==0.1.0.972625->azureml-contrib-daskonbatch) (2.2.0)
Requirement not upgraded as not directly required: paramiko in /home/ninghai/miniconda3/envs/daily/lib/python3.6/site-packages (from azure-cli-core>=2.0.31->azureml-core==0.1.0.972625->azureml-contrib-daskonbatch) (2.4.1)
Requirement not upgraded as not directly required: pyyaml in /home/ninghai/miniconda3/envs/daily/lib/python3.6/site-packages (from azure-cli-core>=2.0.31->azureml-core==0.1.0.972625->azureml-contrib-daskonbatch) (3.12)
Requirement not upgraded as not directly required: humanfriendly>=4.7 in /home/ninghai/miniconda3/envs/daily/lib/python3.6/site-packages (from azure-cli-core>=2.0.31->azureml-core==0.1.0.972625->azureml-contrib-daskonbatch) (4.12.1)
Requirement not upgraded as not directly required: knack==0.3.3 in /home/ninghai/miniconda3/envs/daily/lib/python3.6/site-packages (from azure-cli-core>=2.0.31->azureml-core==0.1.0.972625->azureml-contrib-daskonbatch) (0.3.3)
Requirement not upgraded as not directly required: jmespath in /home/ninghai/miniconda3/envs/daily/lib/python3.6/site-packages (from azure-cli-core>=2.0.31->azureml-core==0.1.0.972625->azureml-contrib-daskonbatch) (0.9.3)
Requirement not upgraded as not directly required: argcomplete>=1.8.0 in /home/ninghai/miniconda3/envs/daily/lib/python3.6/site-packages (from azure-cli-core>=2.0.31->azureml-core==0.1.0.972625->azureml-contrib-daskonbatch) (1.9.4)
Requirement not upgraded as not directly required: tabulate<=0.8.2,>=0.7.7 in /home/ninghai/miniconda3/envs/daily/lib/python3.6/site-packages (from azure-cli-core>=2.0.31->azureml-core==0.1.0.972625->azureml-contrib-daskonbatch) (0.8.2)
Requirement not upgraded as not directly required: wheel==0.30.0 in /home/ninghai/miniconda3/envs/daily/lib/python3.6/site-packages (from azure-cli-core>=2.0.31->azureml-core==0.1.0.972625->azureml-contrib-daskonbatch) (0.30.0)
Requirement not upgraded as not directly required: azure-cli-nspkg>=2.0.0 in /home/ninghai/miniconda3/envs/daily/lib/python3.6/site-packages (from azure-cli-core>=2.0.31->azureml-core==0.1.0.972625->azureml-contrib-daskonbatch) (3.0.2)
Requirement not upgraded as not directly required: requests-oauthlib>=0.5.0 in /home/ninghai/miniconda3/envs/daily/lib/python3.6/site-packages (from msrest>=0.4.29->azureml-core==0.1.0.972625->azureml-contrib-daskonbatch) (0.8.0)
Requirement not upgraded as not directly required: isodate>=0.6.0 in /home/ninghai/miniconda3/envs/daily/lib/python3.6/site-packages (from msrest>=0.4.29->azureml-core==0.1.0.972625->azureml-contrib-daskonbatch) (0.6.0)
Requirement not upgraded as not directly required: backports.weakref in /home/ninghai/miniconda3/envs/daily/lib/python3.6/site-packages (from backports.tempfile->azureml-core==0.1.0.972625->azureml-contrib-daskonbatch) (1.0.post1)
Requirement not upgraded as not directly required: pyasn1>=0.1.1 in /home/ninghai/miniconda3/envs/daily/lib/python3.6/site-packages (from ndg-httpsclient->azureml-core==0.1.0.972625->azureml-contrib-daskonbatch) (0.4.3)
Requirement not upgraded as not directly required: asn1crypto>=0.21.0 in /home/ninghai/miniconda3/envs/daily/lib/python3.6/site-packages (from cryptography->azure-storage-common->azureml-core==0.1.0.972625->azureml-contrib-daskonbatch) (0.24.0)
Requirement not upgraded as not directly required: cffi>=1.7 in /home/ninghai/miniconda3/envs/daily/lib/python3.6/site-packages (from cryptography->azure-storage-common->azureml-core==0.1.0.972625->azureml-contrib-daskonbatch) (1.11.5)
Requirement not upgraded as not directly required: entrypoints in /home/ninghai/miniconda3/envs/daily/lib/python3.6/site-packages (from keyring>=12.0.2->msrestazure>=0.4.29->azureml-core==0.1.0.972625->azureml-contrib-daskonbatch) (0.2.3)
Requirement not upgraded as not directly required: pynacl>=1.0.1 in /home/ninghai/miniconda3/envs/daily/lib/python3.6/site-packages (from paramiko->azure-cli-core>=2.0.31->azureml-core==0.1.0.972625->azureml-contrib-daskonbatch) (1.2.1)
Requirement not upgraded as not directly required: bcrypt>=3.1.3 in /home/ninghai/miniconda3/envs/daily/lib/python3.6/site-packages (from paramiko->azure-cli-core>=2.0.31->azureml-core==0.1.0.972625->azureml-contrib-daskonbatch) (3.1.4)
Requirement not upgraded as not directly required: oauthlib>=0.6.2 in /home/ninghai/miniconda3/envs/daily/lib/python3.6/site-packages (from requests-oauthlib>=0.5.0->msrest>=0.4.29->azureml-core==0.1.0.972625->azureml-contrib-daskonbatch) (2.1.0)
Requirement not upgraded as not directly required: pycparser in /home/ninghai/miniconda3/envs/daily/lib/python3.6/site-packages (from cffi>=1.7->cryptography->azure-storage-common->azureml-core==0.1.0.972625->azureml-contrib-daskonbatch) (2.18)
mkl-random 1.0.1 requires cython, which is not installed.
mkl-fft 1.0.0 requires cython, which is not installed.
+++ jupyter nbextension install --py --sys-prefix azureml.contrib.widgets
Installing /home/ninghai/miniconda3/envs/daily/lib/python3.6/site-packages/azureml/contrib/widgets/static -> azureml_contrib_widgets
Up to date: /home/ninghai/miniconda3/envs/daily/share/jupyter/nbextensions/azureml_contrib_widgets/index.js.map
Up to date: /home/ninghai/miniconda3/envs/daily/share/jupyter/nbextensions/azureml_contrib_widgets/index.js
Up to date: /home/ninghai/miniconda3/envs/daily/share/jupyter/nbextensions/azureml_contrib_widgets/extension.js
- Validating: [32mOK[0m

    To initialize this nbextension in the browser every time the notebook (or other app) loads:
    
          jupyter nbextension enable azureml.contrib.widgets --py --sys-prefix
    
+++ jupyter nbextension enable --py --sys-prefix azureml.contrib.widgets
Enabling notebook extension azureml_contrib_widgets/extension...
      - Validating: [32mOK[0m
++++ python -c 'import azureml.core; print(azureml.core.VERSION)'
+++ cv=0.1.0.972625
+++ INCLUDE_CLI=
+++ '[' '' = cli ']'
+++ echo ''

+++ echo '###### azureml.core ########'
###### azureml.core ########
+++ echo 0.1.0.972625
0.1.0.972625
+++ echo '############################'
############################
