Collecting azure-cli
  Using cached https://files.pythonhosted.org/packages/09/0d/f4a81dcfbb933ef27ee5ec2d609988b08868812b0ce3c421504a60d0ed3b/azure_cli-2.0.33-py2.py3-none-any.whl
Collecting azure-cli-ams (from azure-cli)
  Using cached https://files.pythonhosted.org/packages/cb/91/c5f188438845e3880245b775514c856f6616ad9fb89d4d32c878b3f2deee/azure_cli_ams-0.1.1-py2.py3-none-any.whl
Collecting azure-cli-dla (from azure-cli)
  Using cached https://files.pythonhosted.org/packages/2e/fb/03aaa0179a1f2200eddb31cccd00eb4807718e9d6fb78abc51b8138affec/azure_cli_dla-0.1.0-py2.py3-none-any.whl
Collecting azure-cli-acr (from azure-cli)
  Using cached https://files.pythonhosted.org/packages/47/f6/2730b5c15053b9b1a477b64582533c84686effd1fcb7617f1ba01e74d2bd/azure_cli_acr-2.0.25-py2.py3-none-any.whl
Collecting azure-cli-iot (from azure-cli)
  Using cached https://files.pythonhosted.org/packages/94/b2/c03eff8948dd6687e8a19bf04448759990e5523a266d8364d61fe413e624/azure_cli_iot-0.1.20-py2.py3-none-any.whl
Collecting azure-cli-role (from azure-cli)
  Using cached https://files.pythonhosted.org/packages/78/54/487a131540845a4917340dbad5e613e0f988c48883d594363e866fd3193a/azure_cli_role-2.0.24-py2.py3-none-any.whl
Collecting azure-cli-container (from azure-cli)
  Using cached https://files.pythonhosted.org/packages/43/94/4ff5ed34cf9f7266def04cd07f5ce287b5bb512e48c566a2c69e4ed9104d/azure_cli_container-0.1.24-py2.py3-none-any.whl
Collecting azure-cli-eventgrid (from azure-cli)
  Using cached https://files.pythonhosted.org/packages/56/08/296f7538225ebf756ec24e08835e9f410111452ec5a52dfdbc768bc87b4c/azure_cli_eventgrid-0.1.12-py2.py3-none-any.whl
Collecting azure-cli-consumption (from azure-cli)
  Using cached https://files.pythonhosted.org/packages/6a/1d/20227fdeed5144c18064b2cd5f984589ae0bee5a683f9f57358d3debfd3e/azure_cli_consumption-0.3.1-py2.py3-none-any.whl
Collecting azure-cli-appservice (from azure-cli)
  Using cached https://files.pythonhosted.org/packages/75/af/2805a79bc31aea1c3de4b9c06b733002e7ef809ff7d7039a87372a3277c1/azure_cli_appservice-0.1.33-py2.py3-none-any.whl
Collecting azure-cli-backup (from azure-cli)
  Using cached https://files.pythonhosted.org/packages/dd/26/ca4489767b13ad0ba997a98b52f7d51ab25e37e563efbe9cd653c0937b90/azure_cli_backup-1.1.1-py2.py3-none-any.whl
Collecting azure-cli-monitor (from azure-cli)
  Using cached https://files.pythonhosted.org/packages/1b/ce/259302ad8df592b91633be2faae6a6ef69310d8f81ecd96fbff91209711e/azure_cli_monitor-0.1.7-py2.py3-none-any.whl
Collecting azure-cli-resource (from azure-cli)
  Using cached https://files.pythonhosted.org/packages/17/c7/aaaec2a500e7b05974294442b5790725dd8a05b4c50978ccbdade7aa1bc9/azure_cli_resource-2.0.29-py2.py3-none-any.whl
Collecting azure-cli-cognitiveservices (from azure-cli)
  Using cached https://files.pythonhosted.org/packages/1d/36/b18d54ea8106a68d4d34c954123e0fca460a5fa5581cc6461319b31e202c/azure_cli_cognitiveservices-0.1.13-py2.py3-none-any.whl
Collecting azure-cli-cloud (from azure-cli)
  Using cached https://files.pythonhosted.org/packages/7f/8c/7a582484475a8d77249d4426d0f12b48652ec0d9eeead718444f7317f8dc/azure_cli_cloud-2.0.13-py2.py3-none-any.whl
Collecting azure-cli-network (from azure-cli)
  Using cached https://files.pythonhosted.org/packages/d2/58/5863a09e32d55046407b926361b6ffd6e2ba9fd709cdaa570de8a2dad555/azure_cli_network-2.1.2-py2.py3-none-any.whl
Collecting azure-cli-dls (from azure-cli)
  Using cached https://files.pythonhosted.org/packages/a9/2a/45a5ab6b4a27cd9671de7affd1d8d496625aee568b56dfbab0de4f72a9ba/azure_cli_dls-0.0.21-py2.py3-none-any.whl
Collecting azure-cli-interactive (from azure-cli)
  Using cached https://files.pythonhosted.org/packages/38/24/585a029449abd5446e2efad498f427ac2e12459b7627f32c8ad37de7e9ca/azure_cli_interactive-0.3.21-py2.py3-none-any.whl
Collecting azure-cli-sql (from azure-cli)
  Using cached https://files.pythonhosted.org/packages/47/94/a0d75286e4a7e3080ad368fbfcbefbdca0808c353101bd952b181feb44c8/azure_cli_sql-2.0.26-py2.py3-none-any.whl
Collecting azure-cli-eventhubs (from azure-cli)
  Using cached https://files.pythonhosted.org/packages/eb/66/af8d1fb0872e0bdd60e6d13459f6f7366537b59f75ea666b904fddd9c91e/azure_cli_eventhubs-0.1.3-py2.py3-none-any.whl
Collecting azure-cli-feedback (from azure-cli)
  Using cached https://files.pythonhosted.org/packages/ba/4b/e7a105a88315cab04e8a8d3d99c782edf7afc75cf38d3698d1aa6fd607fe/azure_cli_feedback-2.1.1-py2.py3-none-any.whl
Collecting azure-cli-keyvault (from azure-cli)
  Using cached https://files.pythonhosted.org/packages/30/b9/1776a6df338bd0dfc24200e00a2195f6da4a6f1bc15f7bd72d3e57547384/azure_cli_keyvault-2.0.22-py2.py3-none-any.whl
Collecting azure-cli-servicefabric (from azure-cli)
  Using cached https://files.pythonhosted.org/packages/58/fc/9b2fffd6ebc076349f315de1ad1ee33132716cee10d4be0e775b559849fb/azure_cli_servicefabric-0.0.12-py2.py3-none-any.whl
Collecting azure-cli-lab (from azure-cli)
  Using cached https://files.pythonhosted.org/packages/96/04/218800e7fe412d051fc93f366eb8274b9e8eeed94cda448ce8fc64b3e1ce/azure_cli_lab-0.0.22-py2.py3-none-any.whl
Requirement already satisfied: azure-cli-core in /home/ninghai/miniconda3/lib/python3.6/site-packages (from azure-cli) (2.0.33)
Collecting azure-cli-rdbms (from azure-cli)
  Using cached https://files.pythonhosted.org/packages/b2/49/87b21a61886e8ebd3ff9e2718e275424e9fd5e7243b0b63989e28f339c46/azure_cli_rdbms-0.2.3-py2.py3-none-any.whl
Collecting azure-cli-advisor (from azure-cli)
  Using cached https://files.pythonhosted.org/packages/fe/19/e040000185c330cdabbc4480467b71d81c89b081136e046e169269d1417d/azure_cli_advisor-0.5.1-py2.py3-none-any.whl
Collecting azure-cli-redis (from azure-cli)
  Using cached https://files.pythonhosted.org/packages/2e/0c/86eec89978d3b8de936b458fa2208cb4f75bbf61c78faaaa12f5fdb552ff/azure_cli_redis-0.2.13-py2.py3-none-any.whl
Collecting azure-cli-vm (from azure-cli)
  Using cached https://files.pythonhosted.org/packages/74/51/acd7249e3f5ce23474d0f9ff903b2549e6e47bcd3d4aa645a862a93614ef/azure_cli_vm-2.0.32-py2.py3-none-any.whl
Collecting azure-cli-cosmosdb (from azure-cli)
  Using cached https://files.pythonhosted.org/packages/78/ab/40f53d918c5ab347decfc1e5727a08c0a4ea0e56f1f6101464755f456100/azure_cli_cosmosdb-0.1.21-py2.py3-none-any.whl
Collecting azure-cli-servicebus (from azure-cli)
  Using cached https://files.pythonhosted.org/packages/b6/2b/393ac998bc4f1f717e1de5466a66ee12ab048e4a2afa80f1a299d2c89081/azure_cli_servicebus-0.1.2-py2.py3-none-any.whl
Collecting azure-cli-find (from azure-cli)
  Using cached https://files.pythonhosted.org/packages/05/c7/71a18dd2ac8771262be69692df3619b95d41f495f941ebf75c99a159950a/azure_cli_find-0.2.9-py2.py3-none-any.whl
Collecting azure-cli-extension (from azure-cli)
  Using cached https://files.pythonhosted.org/packages/e9/01/5197dc621f3a972a7c6527bf6e7f8f845b308c01b86629da4b9d596e2376/azure_cli_extension-0.0.14-py2.py3-none-any.whl
Collecting azure-cli-batchai (from azure-cli)
  Using cached https://files.pythonhosted.org/packages/ce/64/da4ad55522d6a8ede1c768c12462ab1d8cd8ee2f5db936308388328b4ada/azure_cli_batchai-0.2.3-py2.py3-none-any.whl
Requirement already satisfied: azure-cli-nspkg in /home/ninghai/miniconda3/lib/python3.6/site-packages (from azure-cli) (3.0.2)
Collecting azure-cli-cdn (from azure-cli)
  Using cached https://files.pythonhosted.org/packages/74/d5/9d4a2e3064c40f8f4e6ca59baa303b7cd58cdcd340e84cbacc92df1543ed/azure_cli_cdn-0.0.14-py2.py3-none-any.whl
Collecting azure-cli-dms (from azure-cli)
  Using cached https://files.pythonhosted.org/packages/33/60/ab7998791814067dc07394a89553aa45f532de4da7c7545b32a5c34e65b0/azure_cli_dms-0.0.1-py2.py3-none-any.whl
Collecting azure-cli-batch (from azure-cli)
  Using cached https://files.pythonhosted.org/packages/ac/8d/04363a0803e34ad8239aeb303fda926b21cec3a1e374090fad419407f79a/azure_cli_batch-3.2.2-py2.py3-none-any.whl
Requirement already satisfied: azure-cli-profile in /home/ninghai/miniconda3/lib/python3.6/site-packages (from azure-cli) (2.0.25)
Collecting azure-cli-reservations (from azure-cli)
  Using cached https://files.pythonhosted.org/packages/84/68/332f3cf8c6a6a684cf1aeebf720602266e299676d30e70d6eca4bcb75b7b/azure_cli_reservations-0.1.2-py2.py3-none-any.whl
Collecting azure-cli-billing (from azure-cli)
  Using cached https://files.pythonhosted.org/packages/5c/9f/b313e550a8632b8d432cfec1b90aa9ec91140ef040d75c980ce4ed51aa1f/azure_cli_billing-0.1.8-py2.py3-none-any.whl
Collecting azure-cli-configure (from azure-cli)
  Using cached https://files.pythonhosted.org/packages/2b/89/ac4ebe3e7a285f61044f6b1c9076953522b76fa9e5308ab21c051012ef64/azure_cli_configure-2.0.15-py2.py3-none-any.whl
Collecting azure-cli-acs (from azure-cli)
  Using cached https://files.pythonhosted.org/packages/67/9f/7c1c46f52a0b6547c9db55e0ca4414daf4dc16755d28f4f96792221b6915/azure_cli_acs-2.0.33-py2.py3-none-any.whl
Collecting azure-cli-storage (from azure-cli)
  Using cached https://files.pythonhosted.org/packages/7d/28/2c17172e16138b04372608340d773020ba36d85174bf53d0075ef9db804f/azure_cli_storage-2.0.33-py2.py3-none-any.whl
Requirement already satisfied: azure-cli-command-modules-nspkg>=2.0.0 in /home/ninghai/miniconda3/lib/python3.6/site-packages (from azure-cli-ams->azure-cli) (2.0.1)
Collecting azure-mgmt-media==1.0.0rc1 (from azure-cli-ams->azure-cli)
  Using cached https://files.pythonhosted.org/packages/d1/fd/8f4943670bcc71586b7440c3ee77bfe2e14a0c3340f3bbd6d8814e803ae2/azure_mgmt_media-1.0.0rc1-py2.py3-none-any.whl
Collecting azure-mgmt-datalake-analytics==0.2.0 (from azure-cli-dla->azure-cli)
  Using cached https://files.pythonhosted.org/packages/90/72/ee4a7ab8fc6e98ae7a0087fa8a4033db33744b76618b60542733ead698d7/azure_mgmt_datalake_analytics-0.2.0-py2.py3-none-any.whl
Collecting azure-mgmt-datalake-store==0.2.0 (from azure-cli-dla->azure-cli)
  Using cached https://files.pythonhosted.org/packages/49/ce/b8c5bc9e1560302a01ecb49afbca964feed9142660b244d89efe5df119e7/azure_mgmt_datalake_store-0.2.0-py2.py3-none-any.whl
Requirement already satisfied: azure-mgmt-containerregistry==2.0.0 in /home/ninghai/miniconda3/lib/python3.6/site-packages (from azure-cli-acr->azure-cli) (2.0.0)
Requirement already satisfied: azure-mgmt-storage==1.5.0 in /home/ninghai/miniconda3/lib/python3.6/site-packages (from azure-cli-acr->azure-cli) (1.5.0)
Collecting azure-mgmt-resource==1.2.1 (from azure-cli-acr->azure-cli)
  Using cached https://files.pythonhosted.org/packages/97/99/5268c0ad1a6c0768cd035f1f06dad59fb90f29eb645bd15d0bbbdf338ff9/azure_mgmt_resource-1.2.1-py2.py3-none-any.whl
Collecting azure-mgmt-iothub==0.4.0 (from azure-cli-iot->azure-cli)
  Using cached https://files.pythonhosted.org/packages/ef/66/b4aa755f156fe519a1493d80f0114963193e38bc89c0a33584103eb223ea/azure_mgmt_iothub-0.4.0-py2.py3-none-any.whl
Collecting azure-mgmt-iothubprovisioningservices==0.1.0 (from azure-cli-iot->azure-cli)
  Using cached https://files.pythonhosted.org/packages/f5/20/9e408c629caf9df48a229f10cfbdcea0eed1fdcf712e7a09ced9c73ef5bc/azure_mgmt_iothubprovisioningservices-0.1.0-py2.py3-none-any.whl
Requirement already satisfied: pyOpenSSL in /home/ninghai/miniconda3/lib/python3.6/site-packages (from azure-cli-iot->azure-cli) (18.0.0)
Requirement already satisfied: azure-graphrbac==0.40.0 in /home/ninghai/miniconda3/lib/python3.6/site-packages (from azure-cli-role->azure-cli) (0.40.0)
Requirement already satisfied: azure-mgmt-authorization==0.40.0 in /home/ninghai/miniconda3/lib/python3.6/site-packages (from azure-cli-role->azure-cli) (0.40.0)
Collecting azure-keyvault==0.3.7 (from azure-cli-role->azure-cli)
  Using cached https://files.pythonhosted.org/packages/7e/f7/1e186b391b6095037c6d45d23ac76b4e9cc4f6c23755a78ca56fc39fad00/azure_keyvault-0.3.7-py2.py3-none-any.whl
Collecting azure-mgmt-monitor==0.5.0 (from azure-cli-role->azure-cli)
  Using cached https://files.pythonhosted.org/packages/07/c2/a6f62081c617e56d951dd2777eb4a52c85a904dc23e501dc95a7fa377284/azure_mgmt_monitor-0.5.0-py2.py3-none-any.whl
Requirement already satisfied: colorama in /home/ninghai/miniconda3/lib/python3.6/site-packages (from azure-cli-container->azure-cli) (0.3.9)
Collecting azure-mgmt-containerinstance==0.4.0 (from azure-cli-container->azure-cli)
  Using cached https://files.pythonhosted.org/packages/b8/a7/cf09dfe3f122582af3a389366e6b1543d5ed7e99f1e55884524d4a0111c9/azure_mgmt_containerinstance-0.4.0-py2.py3-none-any.whl
Requirement already satisfied: pyyaml in /home/ninghai/miniconda3/lib/python3.6/site-packages (from azure-cli-container->azure-cli) (3.12)
Collecting websocket-client (from azure-cli-container->azure-cli)
  Using cached https://files.pythonhosted.org/packages/8a/a1/72ef9aa26cfe1a75cee09fc1957e4723add9de098c15719416a1ee89386b/websocket_client-0.48.0-py2.py3-none-any.whl
Collecting azure-mgmt-eventgrid==0.4.0 (from azure-cli-eventgrid->azure-cli)
  Using cached https://files.pythonhosted.org/packages/51/11/6828014c391b0c641ca94813b5c78cbf0984547252a7d71166594e074330/azure_mgmt_eventgrid-0.4.0-py2.py3-none-any.whl
Requirement already satisfied: six in /home/ninghai/miniconda3/lib/python3.6/site-packages (from azure-cli-eventgrid->azure-cli) (1.11.0)
Collecting azure-mgmt-consumption==2.0.0 (from azure-cli-consumption->azure-cli)
  Using cached https://files.pythonhosted.org/packages/11/f4/2db9557494dfb17ff3edeae5726981143a7baace17df3712b189e343bd8c/azure_mgmt_consumption-2.0.0-py2.py3-none-any.whl
Collecting azure-mgmt-web==0.35.0 (from azure-cli-appservice->azure-cli)
  Using cached https://files.pythonhosted.org/packages/21/04/3f2622720664c972d927fd9e58c0066e998739b7891649207765be674126/azure_mgmt_web-0.35.0-py2.py3-none-any.whl
Collecting vsts-cd-manager<1.1.0 (from azure-cli-appservice->azure-cli)
Requirement already satisfied: urllib3[secure]>=1.18 in /home/ninghai/miniconda3/lib/python3.6/site-packages (from azure-cli-appservice->azure-cli) (1.22)
Collecting xmltodict (from azure-cli-appservice->azure-cli)
  Using cached https://files.pythonhosted.org/packages/42/a9/7e99652c6bc619d19d58cdd8c47560730eb5825d43a7e25db2e1d776ceb7/xmltodict-0.11.0-py2.py3-none-any.whl
Collecting azure-mgmt-recoveryservices==0.1.0 (from azure-cli-backup->azure-cli)
  Using cached https://files.pythonhosted.org/packages/36/f2/ca2fc48cd37cd4bf33bd7553240dd066a3e404d4342f236674b822c29361/azure_mgmt_recoveryservices-0.1.0-py2.py3-none-any.whl
Collecting azure-mgmt-recoveryservicesbackup==0.1.1 (from azure-cli-backup->azure-cli)
  Using cached https://files.pythonhosted.org/packages/88/04/d1e49a53846807845fa54ef5d659af73b0280f5f799ca1212eb2284a5f24/azure_mgmt_recoveryservicesbackup-0.1.1-py2.py3-none-any.whl
Collecting azure-mgmt-cognitiveservices==1.0.0 (from azure-cli-cognitiveservices->azure-cli)
  Using cached https://files.pythonhosted.org/packages/52/1f/52f414767db1ae911ab3755d498e0e7b59424b8cf7757ebf10d7b42fde43/azure_mgmt_cognitiveservices-1.0.0-py2.py3-none-any.whl
Collecting azure-mgmt-network==2.0.0rc2 (from azure-cli-network->azure-cli)
  Using cached https://files.pythonhosted.org/packages/a7/26/7d841bf828382ed14c3372cfb03f73d899746e358e92ceedde9cc5b328ee/azure_mgmt_network-2.0.0rc2-py2.py3-none-any.whl
Collecting azure-mgmt-trafficmanager==0.40.0 (from azure-cli-network->azure-cli)
  Using cached https://files.pythonhosted.org/packages/2c/86/975fc3eaff4a96b74b2664e238d8b1da0f9ae8386ef385a891813fabd8b1/azure_mgmt_trafficmanager-0.40.0-py2.py3-none-any.whl
Collecting mock (from azure-cli-network->azure-cli)
  Using cached https://files.pythonhosted.org/packages/e6/35/f187bdf23be87092bd0f1200d43d23076cee4d0dec109f195173fd3ebc79/mock-2.0.0-py2.py3-none-any.whl
Collecting azure-mgmt-dns==2.0.0rc1 (from azure-cli-network->azure-cli)
  Using cached https://files.pythonhosted.org/packages/f1/13/a2da72b16fd6da291a753e5bad1537fa7c8853f04fdad9d2a7b3afe37d31/azure_mgmt_dns-2.0.0rc1-py2.py3-none-any.whl
Collecting azure-datalake-store==0.0.19 (from azure-cli-dls->azure-cli)
  Using cached https://files.pythonhosted.org/packages/c5/3c/6a93daed80af56c11c673b2055a039d2fa24375b84a113fae5d7764c4e59/azure_datalake_store-0.0.19-py2.py3-none-any.whl
Requirement already satisfied: prompt-toolkit in /home/ninghai/miniconda3/lib/python3.6/site-packages (from azure-cli-interactive->azure-cli) (1.0.15)
Requirement already satisfied: jmespath in /home/ninghai/miniconda3/lib/python3.6/site-packages (from azure-cli-interactive->azure-cli) (0.9.3)
Requirement already satisfied: applicationinsights in /home/ninghai/miniconda3/lib/python3.6/site-packages (from azure-cli-interactive->azure-cli) (0.11.3)
Collecting azure-mgmt-sql==0.9.0 (from azure-cli-sql->azure-cli)
  Using cached https://files.pythonhosted.org/packages/8b/e8/60dbcd8a57da706135506ed0c8cea2133f41076166950f63666e7aa70e9b/azure_mgmt_sql-0.9.0-py2.py3-none-any.whl
Collecting azure-mgmt-eventhub==1.2.0 (from azure-cli-eventhubs->azure-cli)
  Using cached https://files.pythonhosted.org/packages/3b/b4/8ee496fdd8d2968346cbdf45665d59ac7e328b4d48449479b27fd88bf552/azure_mgmt_eventhub-1.2.0-py2.py3-none-any.whl
Requirement already satisfied: azure-mgmt-keyvault==0.40.0 in /home/ninghai/miniconda3/lib/python3.6/site-packages (from azure-cli-keyvault->azure-cli) (0.40.0)
Collecting azure-mgmt-servicefabric==0.1.0 (from azure-cli-servicefabric->azure-cli)
  Using cached https://files.pythonhosted.org/packages/1f/61/50445e02b83f0aff9900cdf4b57d4a9bb5436df4845540d362b9a80f65a3/azure_mgmt_servicefabric-0.1.0-py2.py3-none-any.whl
Collecting azure-mgmt-devtestlabs==2.0.0 (from azure-cli-lab->azure-cli)
  Using cached https://files.pythonhosted.org/packages/5f/1e/3f2cdf493a56135ac0dc9cc7edd879d279514c0bcbfad0dd09bb231e575c/azure_mgmt_devtestlabs-2.0.0-py2.py3-none-any.whl
Requirement already satisfied: paramiko in /home/ninghai/miniconda3/lib/python3.6/site-packages (from azure-cli-core->azure-cli) (2.4.1)
Requirement already satisfied: pip in /home/ninghai/miniconda3/lib/python3.6/site-packages (from azure-cli-core->azure-cli) (10.0.1)
Requirement already satisfied: humanfriendly>=4.7 in /home/ninghai/miniconda3/lib/python3.6/site-packages (from azure-cli-core->azure-cli) (4.12.1)
Requirement already satisfied: pygments in /home/ninghai/miniconda3/lib/python3.6/site-packages (from azure-cli-core->azure-cli) (2.2.0)
Requirement already satisfied: requests in /home/ninghai/miniconda3/lib/python3.6/site-packages (from azure-cli-core->azure-cli) (2.18.4)
Requirement already satisfied: wheel==0.30.0 in /home/ninghai/miniconda3/lib/python3.6/site-packages (from azure-cli-core->azure-cli) (0.30.0)
Requirement already satisfied: msrest>=0.4.4 in /home/ninghai/miniconda3/lib/python3.6/site-packages (from azure-cli-core->azure-cli) (0.4.29)
Requirement already satisfied: PyJWT in /home/ninghai/miniconda3/lib/python3.6/site-packages (from azure-cli-core->azure-cli) (1.6.4)
Requirement already satisfied: knack==0.3.3 in /home/ninghai/miniconda3/lib/python3.6/site-packages (from azure-cli-core->azure-cli) (0.3.3)
Requirement already satisfied: argcomplete>=1.8.0 in /home/ninghai/miniconda3/lib/python3.6/site-packages (from azure-cli-core->azure-cli) (1.9.4)
Requirement already satisfied: msrestazure>=0.4.25 in /home/ninghai/miniconda3/lib/python3.6/site-packages (from azure-cli-core->azure-cli) (0.4.31)
Requirement already satisfied: tabulate<=0.8.2,>=0.7.7 in /home/ninghai/miniconda3/lib/python3.6/site-packages (from azure-cli-core->azure-cli) (0.8.2)
Collecting azure-mgmt-rdbms==1.1.0 (from azure-cli-rdbms->azure-cli)
  Using cached https://files.pythonhosted.org/packages/cc/ed/1b5525fdef5b4780ffc59af8696e27d4051fe7c1777ccfe5e2eb99e06932/azure_mgmt_rdbms-1.1.0-py2.py3-none-any.whl
Collecting azure-mgmt-advisor==1.0.1 (from azure-cli-advisor->azure-cli)
  Using cached https://files.pythonhosted.org/packages/cb/f3/a86ba3e0784d12c8fe5cbf1f24e1b9255575a2f0892e08c46cddd0795dfd/azure_mgmt_advisor-1.0.1-py2.py3-none-any.whl
Collecting azure-mgmt-redis==4.1.0 (from azure-cli-redis->azure-cli)
  Using cached https://files.pythonhosted.org/packages/1e/fa/e8b8d6975217cf94be376d900f7dbbebe74b09ec058b1c9edfeb0e653dec/azure_mgmt_redis-4.1.0-py2.py3-none-any.whl
Collecting azure-mgmt-compute==4.0.0rc2 (from azure-cli-vm->azure-cli)
  Using cached https://files.pythonhosted.org/packages/f6/ac/d35866f72de5f18b9db3e18942904c53d56f487d868eca1d752c85f594af/azure_mgmt_compute-4.0.0rc2-py2.py3-none-any.whl
Collecting azure-multiapi-storage==0.2.0 (from azure-cli-vm->azure-cli)
  Using cached https://files.pythonhosted.org/packages/57/a7/1f4d03308ca5054274a978610186117c3c22283f65e563ae47e2cd5cbdeb/azure_multiapi_storage-0.2.0-py2.py3-none-any.whl
Collecting azure-mgmt-marketplaceordering==0.1.0 (from azure-cli-vm->azure-cli)
  Using cached https://files.pythonhosted.org/packages/a8/cb/13502fdbaf520d08fb280eb31ecfe5d926b9cf92259c22280bbde96b307d/azure_mgmt_marketplaceordering-0.1.0-py2.py3-none-any.whl
Collecting azure-mgmt-msi==0.1.0 (from azure-cli-vm->azure-cli)
  Using cached https://files.pythonhosted.org/packages/9e/03/3254f31f56f9d6386a77cdf3b577c05051a5acdb88aef1da5779385d4b6f/azure_mgmt_msi-0.1.0-py2.py3-none-any.whl
Collecting pydocumentdb>=2.0.1 (from azure-cli-cosmosdb->azure-cli)
Collecting azure-mgmt-cosmosdb==0.4.0 (from azure-cli-cosmosdb->azure-cli)
  Using cached https://files.pythonhosted.org/packages/9d/cf/e8023576ec081accf3dcb00ee12f2378d53dcb25cb19727733aa4aa448b1/azure_mgmt_cosmosdb-0.4.0-py2.py3-none-any.whl
Collecting azure-mgmt-servicebus==0.4.0 (from azure-cli-servicebus->azure-cli)
  Using cached https://files.pythonhosted.org/packages/18/a9/5b53c53e7253050d784505208584ffb2d76c4ff42e2c7579fa5dcb4fa6ca/azure_mgmt_servicebus-0.4.0-py2.py3-none-any.whl
Collecting whoosh (from azure-cli-find->azure-cli)
  Using cached https://files.pythonhosted.org/packages/ba/19/24d0f1f454a2c1eb689ca28d2f178db81e5024f42d82729a4ff6771155cf/Whoosh-2.7.4-py2.py3-none-any.whl
Collecting azure-mgmt-batchai==1.0.0 (from azure-cli-batchai->azure-cli)
  Using cached https://files.pythonhosted.org/packages/87/6f/4abbc458c06c29230f0d2544bcd33c3ddf99db41830128a8e84d425b48d6/azure_mgmt_batchai-1.0.0-py2.py3-none-any.whl
Requirement already satisfied: azure-nspkg>=2.0.0 in /home/ninghai/miniconda3/lib/python3.6/site-packages (from azure-cli-nspkg->azure-cli) (2.0.0)
Collecting azure-mgmt-cdn==1.0.0 (from azure-cli-cdn->azure-cli)
  Using cached https://files.pythonhosted.org/packages/6e/be/6be651f592feed8c86fa54fe5b155ac0e7a68f561a270d76bc9fa729cded/azure_mgmt_cdn-1.0.0-py2.py3-none-any.whl
Collecting azure-mgmt-datamigration==0.1.0 (from azure-cli-dms->azure-cli)
  Using cached https://files.pythonhosted.org/packages/a6/68/aba86e698f24f25f70d9ee2b15a2ca0d71b822932ace8ba96e5beb12efdd/azure_mgmt_datamigration-0.1.0-py2.py3-none-any.whl
Collecting azure-mgmt-batch==4.1.0 (from azure-cli-batch->azure-cli)
  Using cached https://files.pythonhosted.org/packages/e8/fb/fc700d1bf51c4359efb36aae643579b9bc6fabb5660403d5fb39293d028f/azure_mgmt_batch-4.1.0-py2.py3-none-any.whl
Collecting azure-batch==4.1.3 (from azure-cli-batch->azure-cli)
  Using cached https://files.pythonhosted.org/packages/b1/fa/1053b5dcd88e5de8e8cd70a4d7189ffad037542963ea86b518deb612c498/azure_batch-4.1.3-py2.py3-none-any.whl
Collecting azure-batch-extensions<1.2,>=1.1.1 (from azure-cli-batch->azure-cli)
  Using cached https://files.pythonhosted.org/packages/21/28/406bb3e6cdbc495641dc92be4f3d866934652e61a00af1c06f75f61ca1b9/azure_batch_extensions-1.1.2-py2.py3-none-any.whl
Collecting azure-mgmt-reservations==0.1.0 (from azure-cli-reservations->azure-cli)
  Using cached https://files.pythonhosted.org/packages/3a/ce/23c2208f1226334e04ccf8ab8afbb718ad301003b229b29fc344661f96c3/azure_mgmt_reservations-0.1.0-py2.py3-none-any.whl
Collecting azure-mgmt-billing==0.2.0 (from azure-cli-billing->azure-cli)
  Using cached https://files.pythonhosted.org/packages/0f/24/5106287ea0f6562d965afb055e3c6c0da058f7844a70464e67bab56c6c4b/azure_mgmt_billing-0.2.0-py2.py3-none-any.whl
Collecting azure-mgmt-containerservice==3.0.1 (from azure-cli-acs->azure-cli)
  Using cached https://files.pythonhosted.org/packages/42/fd/3af202dbaf36b717f4e8d0e4e6b53bdb77c1683e4e73bfc003b84aa79f57/azure_mgmt_containerservice-3.0.1-py2.py3-none-any.whl
Collecting sshtunnel (from azure-cli-acs->azure-cli)
  Using cached https://files.pythonhosted.org/packages/c6/be/11a0a38cb89a0de78a7e09f145ad1443ec9fe4ea7945447fac0349852468/sshtunnel-0.1.3-py2.py3-none-any.whl
Collecting scp (from azure-cli-acs->azure-cli)
  Using cached https://files.pythonhosted.org/packages/ef/8c/399c5ddffc8c1bd2593ee6c8937ed31f005dcfa0c591da149f7b4b993f14/scp-0.11.0-py2.py3-none-any.whl
Requirement already satisfied: azure-mgmt-nspkg>=2.0.0 in /home/ninghai/miniconda3/lib/python3.6/site-packages (from azure-mgmt-media==1.0.0rc1->azure-cli-ams->azure-cli) (2.0.0)
Requirement already satisfied: azure-common~=1.1 in /home/ninghai/miniconda3/lib/python3.6/site-packages (from azure-mgmt-media==1.0.0rc1->azure-cli-ams->azure-cli) (1.1.11)
Collecting azure-mgmt-datalake-nspkg>=2.0.0 (from azure-mgmt-datalake-analytics==0.2.0->azure-cli-dla->azure-cli)
  Using cached https://files.pythonhosted.org/packages/45/44/ac10e1d1757a46299515568ec7ba62af84f012335cbba957aab32ee08f3d/azure_mgmt_datalake_nspkg-2.0.0-py2.py3-none-any.whl
Requirement already satisfied: cryptography>=2.2.1 in /home/ninghai/miniconda3/lib/python3.6/site-packages (from pyOpenSSL->azure-cli-iot->azure-cli) (2.2.2)
Requirement already satisfied: idna>=2.0.0 in /home/ninghai/miniconda3/lib/python3.6/site-packages (from urllib3[secure]>=1.18->azure-cli-appservice->azure-cli) (2.6)
Requirement already satisfied: certifi in /home/ninghai/miniconda3/lib/python3.6/site-packages (from urllib3[secure]>=1.18->azure-cli-appservice->azure-cli) (2018.4.16)
Collecting ipaddress (from urllib3[secure]>=1.18->azure-cli-appservice->azure-cli)
  Using cached https://files.pythonhosted.org/packages/fc/d0/7fc3a811e011d4b388be48a0e381db8d990042df54aa4ef4599a31d39853/ipaddress-1.0.22-py2.py3-none-any.whl
Collecting pbr>=0.11 (from mock->azure-cli-network->azure-cli)
  Using cached https://files.pythonhosted.org/packages/2d/9d/7bfab757977067556c7ca5fe437f28e8b8843c95564fca504de79df63b25/pbr-4.0.3-py2.py3-none-any.whl
Requirement already satisfied: cffi in /home/ninghai/miniconda3/lib/python3.6/site-packages (from azure-datalake-store==0.0.19->azure-cli-dls->azure-cli) (1.11.5)
Requirement already satisfied: adal>=0.4.2 in /home/ninghai/miniconda3/lib/python3.6/site-packages (from azure-datalake-store==0.0.19->azure-cli-dls->azure-cli) (0.6.0)
Requirement already satisfied: wcwidth in /home/ninghai/miniconda3/lib/python3.6/site-packages (from prompt-toolkit->azure-cli-interactive->azure-cli) (0.1.7)
Requirement already satisfied: pyasn1>=0.1.7 in /home/ninghai/miniconda3/lib/python3.6/site-packages (from paramiko->azure-cli-core->azure-cli) (0.4.3)
Requirement already satisfied: pynacl>=1.0.1 in /home/ninghai/miniconda3/lib/python3.6/site-packages (from paramiko->azure-cli-core->azure-cli) (1.2.1)
Requirement already satisfied: bcrypt>=3.1.3 in /home/ninghai/miniconda3/lib/python3.6/site-packages (from paramiko->azure-cli-core->azure-cli) (3.1.4)
Requirement already satisfied: chardet<3.1.0,>=3.0.2 in /home/ninghai/miniconda3/lib/python3.6/site-packages (from requests->azure-cli-core->azure-cli) (3.0.4)
Requirement already satisfied: isodate>=0.6.0 in /home/ninghai/miniconda3/lib/python3.6/site-packages (from msrest>=0.4.4->azure-cli-core->azure-cli) (0.6.0)
Requirement already satisfied: requests-oauthlib>=0.5.0 in /home/ninghai/miniconda3/lib/python3.6/site-packages (from msrest>=0.4.4->azure-cli-core->azure-cli) (0.8.0)
Requirement already satisfied: keyring>=12.0.2 in /home/ninghai/miniconda3/lib/python3.6/site-packages (from msrestazure>=0.4.25->azure-cli-core->azure-cli) (12.2.1)
Requirement already satisfied: python-dateutil in /home/ninghai/miniconda3/lib/python3.6/site-packages (from azure-multiapi-storage==0.2.0->azure-cli-vm->azure-cli) (2.7.3)
Requirement already satisfied: azure-storage-blob<2,>=1.1.0 in /home/ninghai/miniconda3/lib/python3.6/site-packages (from azure-batch-extensions<1.2,>=1.1.1->azure-cli-batch->azure-cli) (1.1.0)
Requirement already satisfied: asn1crypto>=0.21.0 in /home/ninghai/miniconda3/lib/python3.6/site-packages (from cryptography>=2.2.1->pyOpenSSL->azure-cli-iot->azure-cli) (0.24.0)
Requirement already satisfied: pycparser in /home/ninghai/miniconda3/lib/python3.6/site-packages (from cffi->azure-datalake-store==0.0.19->azure-cli-dls->azure-cli) (2.18)
Requirement already satisfied: oauthlib>=0.6.2 in /home/ninghai/miniconda3/lib/python3.6/site-packages (from requests-oauthlib>=0.5.0->msrest>=0.4.4->azure-cli-core->azure-cli) (2.1.0)
Requirement already satisfied: entrypoints in /home/ninghai/miniconda3/lib/python3.6/site-packages (from keyring>=12.0.2->msrestazure>=0.4.25->azure-cli-core->azure-cli) (0.2.3)
Requirement already satisfied: secretstorage; sys_platform == "linux" and python_version >= "3.5" in /home/ninghai/miniconda3/lib/python3.6/site-packages (from keyring>=12.0.2->msrestazure>=0.4.25->azure-cli-core->azure-cli) (2.3.1)
Requirement already satisfied: azure-storage-common<1.2.0,>=1.1.0 in /home/ninghai/miniconda3/lib/python3.6/site-packages (from azure-storage-blob<2,>=1.1.0->azure-batch-extensions<1.2,>=1.1.1->azure-cli-batch->azure-cli) (1.1.0)
Requirement already satisfied: azure-storage-nspkg>=2.0.0 in /home/ninghai/miniconda3/lib/python3.6/site-packages (from azure-storage-blob<2,>=1.1.0->azure-batch-extensions<1.2,>=1.1.1->azure-cli-batch->azure-cli) (3.0.0)
Installing collected packages: azure-mgmt-media, azure-cli-ams, azure-mgmt-datalake-nspkg, azure-mgmt-datalake-analytics, azure-mgmt-datalake-store, azure-cli-dla, azure-mgmt-resource, azure-cli-acr, azure-mgmt-iothub, azure-mgmt-iothubprovisioningservices, azure-cli-iot, azure-keyvault, azure-mgmt-monitor, azure-cli-role, azure-mgmt-containerinstance, websocket-client, azure-cli-container, azure-mgmt-eventgrid, azure-cli-eventgrid, azure-mgmt-consumption, azure-cli-consumption, azure-mgmt-web, pbr, mock, vsts-cd-manager, xmltodict, azure-cli-appservice, azure-mgmt-recoveryservices, azure-mgmt-recoveryservicesbackup, azure-cli-backup, azure-cli-monitor, azure-cli-resource, azure-mgmt-cognitiveservices, azure-cli-cognitiveservices, azure-cli-cloud, azure-mgmt-network, azure-mgmt-trafficmanager, azure-mgmt-dns, azure-cli-network, azure-datalake-store, azure-cli-dls, azure-cli-interactive, azure-mgmt-sql, azure-cli-sql, azure-mgmt-eventhub, azure-cli-eventhubs, azure-cli-feedback, azure-cli-keyvault, azure-mgmt-servicefabric, azure-cli-servicefabric, azure-mgmt-devtestlabs, azure-cli-lab, azure-mgmt-rdbms, azure-cli-rdbms, azure-mgmt-advisor, azure-cli-advisor, azure-mgmt-redis, azure-cli-redis, azure-mgmt-compute, azure-multiapi-storage, azure-mgmt-marketplaceordering, azure-mgmt-msi, azure-cli-vm, pydocumentdb, azure-mgmt-cosmosdb, azure-cli-cosmosdb, azure-mgmt-servicebus, azure-cli-servicebus, whoosh, azure-cli-find, azure-cli-extension, azure-mgmt-batchai, azure-cli-batchai, azure-mgmt-cdn, azure-cli-cdn, azure-mgmt-datamigration, azure-cli-dms, azure-mgmt-batch, azure-batch, azure-batch-extensions, azure-cli-batch, azure-mgmt-reservations, azure-cli-reservations, azure-mgmt-billing, azure-cli-billing, azure-cli-configure, azure-mgmt-containerservice, sshtunnel, scp, azure-cli-acs, azure-cli-storage, azure-cli, ipaddress
  Found existing installation: azure-mgmt-resource 1.2.2
    Uninstalling azure-mgmt-resource-1.2.2:
      Successfully uninstalled azure-mgmt-resource-1.2.2
Successfully installed azure-batch-4.1.3 azure-batch-extensions-1.1.2 azure-cli-2.0.33 azure-cli-acr-2.0.25 azure-cli-acs-2.0.33 azure-cli-advisor-0.5.1 azure-cli-ams-0.1.1 azure-cli-appservice-0.1.33 azure-cli-backup-1.1.1 azure-cli-batch-3.2.2 azure-cli-batchai-0.2.3 azure-cli-billing-0.1.8 azure-cli-cdn-0.0.14 azure-cli-cloud-2.0.13 azure-cli-cognitiveservices-0.1.13 azure-cli-configure-2.0.15 azure-cli-consumption-0.3.1 azure-cli-container-0.1.24 azure-cli-cosmosdb-0.1.21 azure-cli-dla-0.1.0 azure-cli-dls-0.0.21 azure-cli-dms-0.0.1 azure-cli-eventgrid-0.1.12 azure-cli-eventhubs-0.1.3 azure-cli-extension-0.0.14 azure-cli-feedback-2.1.1 azure-cli-find-0.2.9 azure-cli-interactive-0.3.21 azure-cli-iot-0.1.20 azure-cli-keyvault-2.0.22 azure-cli-lab-0.0.22 azure-cli-monitor-0.1.7 azure-cli-network-2.1.2 azure-cli-rdbms-0.2.3 azure-cli-redis-0.2.13 azure-cli-reservations-0.1.2 azure-cli-resource-2.0.29 azure-cli-role-2.0.24 azure-cli-servicebus-0.1.2 azure-cli-servicefabric-0.0.12 azure-cli-sql-2.0.26 azure-cli-storage-2.0.33 azure-cli-vm-2.0.32 azure-datalake-store-0.0.19 azure-keyvault-0.3.7 azure-mgmt-advisor-1.0.1 azure-mgmt-batch-4.1.0 azure-mgmt-batchai-1.0.0 azure-mgmt-billing-0.2.0 azure-mgmt-cdn-1.0.0 azure-mgmt-cognitiveservices-1.0.0 azure-mgmt-compute-4.0.0rc2 azure-mgmt-consumption-2.0.0 azure-mgmt-containerinstance-0.4.0 azure-mgmt-containerservice-3.0.1 azure-mgmt-cosmosdb-0.4.0 azure-mgmt-datalake-analytics-0.2.0 azure-mgmt-datalake-nspkg-2.0.0 azure-mgmt-datalake-store-0.2.0 azure-mgmt-datamigration-0.1.0 azure-mgmt-devtestlabs-2.0.0 azure-mgmt-dns-2.0.0rc1 azure-mgmt-eventgrid-0.4.0 azure-mgmt-eventhub-1.2.0 azure-mgmt-iothub-0.4.0 azure-mgmt-iothubprovisioningservices-0.1.0 azure-mgmt-marketplaceordering-0.1.0 azure-mgmt-media-1.0.0rc1 azure-mgmt-monitor-0.5.0 azure-mgmt-msi-0.1.0 azure-mgmt-network-2.0.0rc2 azure-mgmt-rdbms-1.1.0 azure-mgmt-recoveryservices-0.1.0 azure-mgmt-recoveryservicesbackup-0.1.1 azure-mgmt-redis-4.1.0 azure-mgmt-reservations-0.1.0 azure-mgmt-resource-1.2.1 azure-mgmt-servicebus-0.4.0 azure-mgmt-servicefabric-0.1.0 azure-mgmt-sql-0.9.0 azure-mgmt-trafficmanager-0.40.0 azure-mgmt-web-0.35.0 azure-multiapi-storage-0.2.0 ipaddress-1.0.22 mock-2.0.0 pbr-4.0.3 pydocumentdb-2.3.2 scp-0.11.0 sshtunnel-0.1.3 vsts-cd-manager-1.0.1 websocket-client-0.48.0 whoosh-2.7.4 xmltodict-0.11.0
