You must give at least one requirement to install (see "pip help install")
You are using pip version 9.0.1, however version 10.0.1 is available.
You should consider upgrading via the 'pip install --upgrade pip' command.
You must give at least one requirement to install (see "pip help install")
You are using pip version 9.0.1, however version 10.0.1 is available.
You should consider upgrading via the 'pip install --upgrade pip' command.
You must give at least one requirement to install (see "pip help install")
You are using pip version 9.0.1, however version 10.0.1 is available.
You should consider upgrading via the 'pip install --upgrade pip' command.
You must give at least one requirement to install (see "pip help install")
You are using pip version 9.0.1, however version 10.0.1 is available.
You should consider upgrading via the 'pip install --upgrade pip' command.
Traceback (most recent call last):
  File "/usr/local/bin/jupyter-nbextension", line 11, in <module>
    sys.exit(main())
  File "/usr/local/lib/python2.7/dist-packages/jupyter_core/application.py", line 266, in launch_instance
    return super(JupyterApp, cls).launch_instance(argv=argv, **kwargs)
  File "/usr/local/lib/python2.7/dist-packages/traitlets/config/application.py", line 658, in launch_instance
    app.start()
  File "/usr/local/lib/python2.7/dist-packages/notebook/nbextensions.py", line 988, in start
    super(NBExtensionApp, self).start()
  File "/usr/local/lib/python2.7/dist-packages/jupyter_core/application.py", line 255, in start
    self.subapp.start()
  File "/usr/local/lib/python2.7/dist-packages/notebook/nbextensions.py", line 716, in start
    self.install_extensions()
  File "/usr/local/lib/python2.7/dist-packages/notebook/nbextensions.py", line 695, in install_extensions
    **kwargs
  File "/usr/local/lib/python2.7/dist-packages/notebook/nbextensions.py", line 211, in install_nbextension_python
    m, nbexts = _get_nbextension_metadata(module)
  File "/usr/local/lib/python2.7/dist-packages/notebook/nbextensions.py", line 1122, in _get_nbextension_metadata
    m = import_item(module)
  File "/usr/local/lib/python2.7/dist-packages/traitlets/utils/importstring.py", line 34, in import_item
    module = __import__(package, fromlist=[obj])
ImportError: No module named azureml.contrib
Traceback (most recent call last):
  File "/usr/local/bin/jupyter-nbextension", line 11, in <module>
    sys.exit(main())
  File "/usr/local/lib/python2.7/dist-packages/jupyter_core/application.py", line 266, in launch_instance
    return super(JupyterApp, cls).launch_instance(argv=argv, **kwargs)
  File "/usr/local/lib/python2.7/dist-packages/traitlets/config/application.py", line 658, in launch_instance
    app.start()
  File "/usr/local/lib/python2.7/dist-packages/notebook/nbextensions.py", line 988, in start
    super(NBExtensionApp, self).start()
  File "/usr/local/lib/python2.7/dist-packages/jupyter_core/application.py", line 255, in start
    self.subapp.start()
  File "/usr/local/lib/python2.7/dist-packages/notebook/nbextensions.py", line 896, in start
    self.toggle_nbextension_python(self.extra_args[0])
  File "/usr/local/lib/python2.7/dist-packages/notebook/nbextensions.py", line 872, in toggle_nbextension_python
    logger=self.log)
  File "/usr/local/lib/python2.7/dist-packages/notebook/nbextensions.py", line 483, in enable_nbextension_python
    logger=logger)
  File "/usr/local/lib/python2.7/dist-packages/notebook/nbextensions.py", line 380, in _set_nbextension_state_python
    m, nbexts = _get_nbextension_metadata(module)
  File "/usr/local/lib/python2.7/dist-packages/notebook/nbextensions.py", line 1122, in _get_nbextension_metadata
    m = import_item(module)
  File "/usr/local/lib/python2.7/dist-packages/traitlets/utils/importstring.py", line 34, in import_item
    module = __import__(package, fromlist=[obj])
ImportError: No module named azureml.contrib
Traceback (most recent call last):
  File "<string>", line 1, in <module>
ImportError: No module named azureml.core
