/data/git/hai/e2e_test
*** git branch status before ***
  candidate
  daily
* master
On branch master
Your branch is up-to-date with 'origin/master'.
nothing to commit, working directory clean
*** preview ***
HEAD is now at 79a4ea3 docs
git checkout master
Your branch is up-to-date with 'origin/master'.
git pull
Already up-to-date.
*** git branch status after ***
git branch --list
  candidate
  daily
* master
git status
On branch master
Your branch is up-to-date with 'origin/master'.
nothing to commit, working directory clean
###################################
START AT: 2018-07-19-04:02:44
###################################


##### 01.interactive.e2e.py (2018-07-19-04:02:44) ######
Azure ML Core SDK Version: 0.1.0.1165998
Found the config file in: /data/git/hai/e2e_test/aml_config/config.json
Performing interactive authentication. Please follow the instructions on the terminal.


##### 02.local.py (2018-07-19-04:17:49) ################
Azure ML Core SDK Version: 0.1.0.1165998
Found the config file in: /data/git/hai/e2e_test/aml_config/config.json
Performing interactive authentication. Please follow the instructions on the terminal.


##### 03.aci.py (2018-07-19-04:32:55) ##################
Azure ML Core SDK Version: 0.1.0.1165998
Found the config file in: /data/git/hai/e2e_test/aml_config/config.json
Performing interactive authentication. Please follow the instructions on the terminal.


##### 04.dsvm (2018-07-19-04:48:00) ####################
Azure ML Core SDK Version: 0.1.0.1165998
Found the config file in: /data/git/hai/e2e_test/aml_config/config.json
Performing interactive authentication. Please follow the instructions on the terminal.


##### 05.spark (2018-07-19-05:03:05) ###################
Azure ML Core SDK Version: 0.1.0.1165998
Found the config file in: /data/git/hai/e2e_test/aml_config/config.json
Performing interactive authentication. Please follow the instructions on the terminal.


##### 07.sklearn.hd.py (2018-07-19-05:18:10) ###########
Azure ML Core SDK Version: 0.1.0.1165998
Found the config file in: /data/git/hai/e2e_test/aml_config/config.json
Performing interactive authentication. Please follow the instructions on the terminal.


##### 08.tf.hd.py (2018-07-19-05:33:17) ################
Azure ML Core SDK Version: 0.1.0.1165998
Found the config file in: /data/git/hai/e2e_test/aml_config/config.json
Performing interactive authentication. Please follow the instructions on the terminal.


##### 10.o16n.py (2018-07-19-05:48:23) #################
Azure ML Core SDK Version: 0.1.0.1165998
Found the config file in: /data/git/hai/e2e_test/aml_config/config.json
Performing interactive authentication. Please follow the instructions on the terminal.
HEAD is now at f2d8808 remove files
Your branch is up-to-date with 'origin/master'.
Already up-to-date.


###################################
########### END AT 2018-07-19-06:03:29
###################################
