Switched to branch 'candidate'
Client-Request-ID=eda00411-6b80-11e8-9288-000d3a71b7c3 Retry policy did not allow for a retry: Server-Timestamp=Sat, 09 Jun 2018 01:03:32 GMT, Server-Request-ID=1f357e45-501e-0129-428d-ff6426000000, HTTP status code=409, Exception=The specified container already exists.ErrorCode: ContainerAlreadyExists<?xml version="1.0" encoding="utf-8"?><Error><Code>ContainerAlreadyExists</Code><Message>The specified container already exists.RequestId:1f357e45-501e-0129-428d-ff6426000000Time:2018-06-09T01:03:32.7632362Z</Message></Error>.
Client-Request-ID=eda00413-6b80-11e8-9288-000d3a71b7c3 Retry policy did not allow for a retry: Server-Timestamp=Sat, 09 Jun 2018 01:03:32 GMT, Server-Request-ID=eb71e978-701e-00b2-228d-ffaf4b000000, HTTP status code=409, Exception=The specified container already exists.ErrorCode: ContainerAlreadyExists<?xml version="1.0" encoding="utf-8"?><Error><Code>ContainerAlreadyExists</Code><Message>The specified container already exists.RequestId:eb71e978-701e-00b2-228d-ffaf4b000000Time:2018-06-09T01:03:32.9382671Z</Message></Error>.
Client-Request-ID=eda00415-6b80-11e8-9288-000d3a71b7c3 Retry policy did not allow for a retry: Server-Timestamp=Sat, 09 Jun 2018 01:03:32 GMT, Server-Request-ID=16281e92-501e-004b-298d-ff65ab000000, HTTP status code=409, Exception=The specified container already exists.ErrorCode: ContainerAlreadyExists<?xml version="1.0" encoding="utf-8"?><Error><Code>ContainerAlreadyExists</Code><Message>The specified container already exists.RequestId:16281e92-501e-004b-298d-ff65ab000000Time:2018-06-09T01:03:33.1022624Z</Message></Error>.
Client-Request-ID=eda00417-6b80-11e8-9288-000d3a71b7c3 Retry policy did not allow for a retry: Server-Timestamp=Sat, 09 Jun 2018 01:03:33 GMT, Server-Request-ID=87a539ca-a01e-0099-7f8d-ffdbf3000000, HTTP status code=409, Exception=The specified container already exists.ErrorCode: ContainerAlreadyExists<?xml version="1.0" encoding="utf-8"?><Error><Code>ContainerAlreadyExists</Code><Message>The specified container already exists.RequestId:87a539ca-a01e-0099-7f8d-ffdbf3000000Time:2018-06-09T01:03:33.2788465Z</Message></Error>.
Traceback (most recent call last):
  File "/home/ninghai/miniconda3/envs/candidate/lib/python3.6/site-packages/azureml/core/webservice/webservice.py", line 291, in _deploy_webservice
    resp.raise_for_status()
  File "/home/ninghai/miniconda3/envs/candidate/lib/python3.6/site-packages/requests/models.py", line 935, in raise_for_status
    raise HTTPError(http_error_msg, response=self)
requests.exceptions.HTTPError: 409 Client Error: Conflict for url: https://eastus2.modelmanagement.azureml.net/api/subscriptions/fac34303-435d-4486-8c3f-7094d82a0b60/resourceGroups/aml-notebooks/providers/Microsoft.MachineLearningServices/workspaces/haieastus2ws3/services?api-version=2018-03-01-preview

During handling of the above exception, another exception occurred:

Traceback (most recent call last):
  File "./01.interactive.e2e.py", line 139, in <module>
    driver = 'score.py')
  File "/home/ninghai/miniconda3/envs/candidate/lib/python3.6/site-packages/azureml/core/workspace.py", line 787, in deploy_webservice
    return Webservice.deploy_from_image(self, name, image, deploy_config, target)
  File "/home/ninghai/miniconda3/envs/candidate/lib/python3.6/site-packages/azureml/core/webservice/webservice.py", line 253, in deploy_from_image
    return child._deploy(workspace, name, image, deployment_config)
  File "/home/ninghai/miniconda3/envs/candidate/lib/python3.6/site-packages/azureml/core/webservice/aci.py", line 108, in _deploy
    return Webservice._deploy_webservice(workspace, name, create_payload, AciWebservice)
  File "/home/ninghai/miniconda3/envs/candidate/lib/python3.6/site-packages/azureml/core/webservice/webservice.py", line 296, in _deploy_webservice
    'Content: {}'.format(resp.status_code, resp.headers, resp.content))
azureml.exceptions.azureml_exception.WebserviceException: Received bad response from Model Management Service:
Response Code: 409
Headers: {'Date': 'Sat, 09 Jun 2018 01:05:30 GMT', 'Content-Type': 'application/json', 'Transfer-Encoding': 'chunked', 'Connection': 'keep-alive', 'api-supported-versions': '2018-03-01-preview', 'x-ms-client-request-id': 'fd41f94c7a05461b92c1ec4eb5eacc85', 'x-ms-client-session-id': '', 'Strict-Transport-Security': 'max-age=15724800; includeSubDomains; preload'}
Content: b'{"code":"Conflict","statusCode":409,"message":"Conflict","details":[{"code":"ServiceWithNameExists","message":"Workspace haieastus2ws3 already contains a Service with name: rrs01a"}]}'
Client-Request-ID=02d43a05-6b86-11e8-9288-000d3a71b7c3 Retry policy did not allow for a retry: Server-Timestamp=Sat, 09 Jun 2018 01:39:56 GMT, Server-Request-ID=4a596c50-201e-00ee-8092-ff5eb2000000, HTTP status code=409, Exception=The specified container already exists.ErrorCode: ContainerAlreadyExists<?xml version="1.0" encoding="utf-8"?><Error><Code>ContainerAlreadyExists</Code><Message>The specified container already exists.RequestId:4a596c50-201e-00ee-8092-ff5eb2000000Time:2018-06-09T01:39:56.6065804Z</Message></Error>.
Client-Request-ID=02d43a07-6b86-11e8-9288-000d3a71b7c3 Retry policy did not allow for a retry: Server-Timestamp=Sat, 09 Jun 2018 01:39:56 GMT, Server-Request-ID=af4aea5a-201e-00c7-4192-ff28f0000000, HTTP status code=409, Exception=The specified container already exists.ErrorCode: ContainerAlreadyExists<?xml version="1.0" encoding="utf-8"?><Error><Code>ContainerAlreadyExists</Code><Message>The specified container already exists.RequestId:af4aea5a-201e-00c7-4192-ff28f0000000Time:2018-06-09T01:39:56.7738746Z</Message></Error>.
Client-Request-ID=02d43a09-6b86-11e8-9288-000d3a71b7c3 Retry policy did not allow for a retry: Server-Timestamp=Sat, 09 Jun 2018 01:39:56 GMT, Server-Request-ID=d0e4f7c5-701e-0090-3d92-ffc17d000000, HTTP status code=409, Exception=The specified container already exists.ErrorCode: ContainerAlreadyExists<?xml version="1.0" encoding="utf-8"?><Error><Code>ContainerAlreadyExists</Code><Message>The specified container already exists.RequestId:d0e4f7c5-701e-0090-3d92-ffc17d000000Time:2018-06-09T01:39:56.9323827Z</Message></Error>.
Client-Request-ID=03e850b0-6b86-11e8-9288-000d3a71b7c3 Retry policy did not allow for a retry: Server-Timestamp=Sat, 09 Jun 2018 01:39:56 GMT, Server-Request-ID=0c4ac094-301e-003d-0192-ffe117000000, HTTP status code=409, Exception=The specified container already exists.ErrorCode: ContainerAlreadyExists<?xml version="1.0" encoding="utf-8"?><Error><Code>ContainerAlreadyExists</Code><Message>The specified container already exists.RequestId:0c4ac094-301e-003d-0192-ffe117000000Time:2018-06-09T01:39:57.1228687Z</Message></Error>.
Traceback (most recent call last):
  File "/home/ninghai/miniconda3/envs/candidate/lib/python3.6/site-packages/azureml/core/webservice/webservice.py", line 291, in _deploy_webservice
    resp.raise_for_status()
  File "/home/ninghai/miniconda3/envs/candidate/lib/python3.6/site-packages/requests/models.py", line 935, in raise_for_status
    raise HTTPError(http_error_msg, response=self)
requests.exceptions.HTTPError: 409 Client Error: Conflict for url: https://eastus2.modelmanagement.azureml.net/api/subscriptions/fac34303-435d-4486-8c3f-7094d82a0b60/resourceGroups/aml-notebooks/providers/Microsoft.MachineLearningServices/workspaces/haieastus2ws3/services?api-version=2018-03-01-preview

During handling of the above exception, another exception occurred:

Traceback (most recent call last):
  File "./10.o16n.py", line 64, in <module>
    image = image)
  File "/home/ninghai/miniconda3/envs/candidate/lib/python3.6/site-packages/azureml/core/workspace.py", line 787, in deploy_webservice
    return Webservice.deploy_from_image(self, name, image, deploy_config, target)
  File "/home/ninghai/miniconda3/envs/candidate/lib/python3.6/site-packages/azureml/core/webservice/webservice.py", line 253, in deploy_from_image
    return child._deploy(workspace, name, image, deployment_config)
  File "/home/ninghai/miniconda3/envs/candidate/lib/python3.6/site-packages/azureml/core/webservice/aci.py", line 108, in _deploy
    return Webservice._deploy_webservice(workspace, name, create_payload, AciWebservice)
  File "/home/ninghai/miniconda3/envs/candidate/lib/python3.6/site-packages/azureml/core/webservice/webservice.py", line 296, in _deploy_webservice
    'Content: {}'.format(resp.status_code, resp.headers, resp.content))
azureml.exceptions.azureml_exception.WebserviceException: Received bad response from Model Management Service:
Response Code: 409
Headers: {'Date': 'Sat, 09 Jun 2018 01:41:38 GMT', 'Content-Type': 'application/json', 'Transfer-Encoding': 'chunked', 'Connection': 'keep-alive', 'api-supported-versions': '2018-03-01-preview', 'x-ms-client-request-id': '2f5fa436fb7f479fa25bc702c44c13ea', 'x-ms-client-session-id': '', 'Strict-Transport-Security': 'max-age=15724800; includeSubDomains; preload'}
Content: b'{"code":"Conflict","statusCode":409,"message":"Conflict","details":[{"code":"ServiceWithNameExists","message":"Workspace haieastus2ws3 already contains a Service with name: rrs02"}]}'
error: Your local changes to the following files would be overwritten by checkout:
	e2e_test/aml_config/config.json
	e2e_test/best_model.pkl
	e2e_test/mse_over_alpha.png
Please, commit your changes or stash them before you can switch branches.
Aborting
