Already on 'master'
Client-Request-ID=cca68ba9-6c84-11e8-9288-000d3a71b7c3 Retry policy did not allow for a retry: Server-Timestamp=Sun, 10 Jun 2018 08:03:46 GMT, Server-Request-ID=30d8b103-801e-012b-1f91-0066dc000000, HTTP status code=409, Exception=The specified container already exists.ErrorCode: ContainerAlreadyExists<?xml version="1.0" encoding="utf-8"?><Error><Code>ContainerAlreadyExists</Code><Message>The specified container already exists.RequestId:30d8b103-801e-012b-1f91-0066dc000000Time:2018-06-10T08:03:46.6088721Z</Message></Error>.
Client-Request-ID=cca68bab-6c84-11e8-9288-000d3a71b7c3 Retry policy did not allow for a retry: Server-Timestamp=Sun, 10 Jun 2018 08:03:46 GMT, Server-Request-ID=9c223d86-b01e-0063-1191-001214000000, HTTP status code=409, Exception=The specified container already exists.ErrorCode: ContainerAlreadyExists<?xml version="1.0" encoding="utf-8"?><Error><Code>ContainerAlreadyExists</Code><Message>The specified container already exists.RequestId:9c223d86-b01e-0063-1191-001214000000Time:2018-06-10T08:03:46.8385273Z</Message></Error>.
Client-Request-ID=cca68bad-6c84-11e8-9288-000d3a71b7c3 Retry policy did not allow for a retry: Server-Timestamp=Sun, 10 Jun 2018 08:03:46 GMT, Server-Request-ID=90ff4c8b-a01e-0038-7291-001568000000, HTTP status code=409, Exception=The specified container already exists.ErrorCode: ContainerAlreadyExists<?xml version="1.0" encoding="utf-8"?><Error><Code>ContainerAlreadyExists</Code><Message>The specified container already exists.RequestId:90ff4c8b-a01e-0038-7291-001568000000Time:2018-06-10T08:03:47.0771868Z</Message></Error>.
Client-Request-ID=cd514dcd-6c84-11e8-9288-000d3a71b7c3 Retry policy did not allow for a retry: Server-Timestamp=Sun, 10 Jun 2018 08:03:46 GMT, Server-Request-ID=1f327ba2-501e-00ae-1091-00775c000000, HTTP status code=409, Exception=The specified container already exists.ErrorCode: ContainerAlreadyExists<?xml version="1.0" encoding="utf-8"?><Error><Code>ContainerAlreadyExists</Code><Message>The specified container already exists.RequestId:1f327ba2-501e-00ae-1091-00775c000000Time:2018-06-10T08:03:47.3040178Z</Message></Error>.
Client-Request-ID=ddfcf54f-6c8a-11e8-9288-000d3a71b7c3 Retry policy did not allow for a retry: Server-Timestamp=Sun, 10 Jun 2018 08:47:13 GMT, Server-Request-ID=dad752e0-001e-0118-2c97-003ff1000000, HTTP status code=409, Exception=The specified container already exists.ErrorCode: ContainerAlreadyExists<?xml version="1.0" encoding="utf-8"?><Error><Code>ContainerAlreadyExists</Code><Message>The specified container already exists.RequestId:dad752e0-001e-0118-2c97-003ff1000000Time:2018-06-10T08:47:13.9852161Z</Message></Error>.
Client-Request-ID=df32b0ca-6c8a-11e8-9288-000d3a71b7c3 Retry policy did not allow for a retry: Server-Timestamp=Sun, 10 Jun 2018 08:47:13 GMT, Server-Request-ID=62867342-e01e-0112-6a97-002678000000, HTTP status code=409, Exception=The specified container already exists.ErrorCode: ContainerAlreadyExists<?xml version="1.0" encoding="utf-8"?><Error><Code>ContainerAlreadyExists</Code><Message>The specified container already exists.RequestId:62867342-e01e-0112-6a97-002678000000Time:2018-06-10T08:47:14.1781126Z</Message></Error>.
Client-Request-ID=df32b0cc-6c8a-11e8-9288-000d3a71b7c3 Retry policy did not allow for a retry: Server-Timestamp=Sun, 10 Jun 2018 08:47:14 GMT, Server-Request-ID=82510062-401e-00b1-2797-00ac4c000000, HTTP status code=409, Exception=The specified container already exists.ErrorCode: ContainerAlreadyExists<?xml version="1.0" encoding="utf-8"?><Error><Code>ContainerAlreadyExists</Code><Message>The specified container already exists.RequestId:82510062-401e-00b1-2797-00ac4c000000Time:2018-06-10T08:47:14.4009016Z</Message></Error>.
Client-Request-ID=df32b0ce-6c8a-11e8-9288-000d3a71b7c3 Retry policy did not allow for a retry: Server-Timestamp=Sun, 10 Jun 2018 08:47:14 GMT, Server-Request-ID=3ad8edab-a01e-005e-0397-00a732000000, HTTP status code=409, Exception=The specified container already exists.ErrorCode: ContainerAlreadyExists<?xml version="1.0" encoding="utf-8"?><Error><Code>ContainerAlreadyExists</Code><Message>The specified container already exists.RequestId:3ad8edab-a01e-005e-0397-00a732000000Time:2018-06-10T08:47:14.6435465Z</Message></Error>.
Traceback (most recent call last):
  File "/home/ninghai/miniconda3/envs/preview/lib/python3.6/site-packages/azureml/core/webservice/webservice.py", line 291, in _deploy_webservice
    resp.raise_for_status()
  File "/home/ninghai/miniconda3/envs/preview/lib/python3.6/site-packages/requests/models.py", line 935, in raise_for_status
    raise HTTPError(http_error_msg, response=self)
requests.exceptions.HTTPError: 409 Client Error: Conflict for url: https://eastus2.modelmanagement.azureml.net/api/subscriptions/fac34303-435d-4486-8c3f-7094d82a0b60/resourceGroups/aml-notebooks/providers/Microsoft.MachineLearningServices/workspaces/haieastus2ws3/services?api-version=2018-03-01-preview

During handling of the above exception, another exception occurred:

Traceback (most recent call last):
  File "./10.o16n.py", line 64, in <module>
    image = image)
  File "/home/ninghai/miniconda3/envs/preview/lib/python3.6/site-packages/azureml/core/workspace.py", line 787, in deploy_webservice
    return Webservice.deploy_from_image(self, name, image, deploy_config, target)
  File "/home/ninghai/miniconda3/envs/preview/lib/python3.6/site-packages/azureml/core/webservice/webservice.py", line 253, in deploy_from_image
    return child._deploy(workspace, name, image, deployment_config)
  File "/home/ninghai/miniconda3/envs/preview/lib/python3.6/site-packages/azureml/core/webservice/aci.py", line 108, in _deploy
    return Webservice._deploy_webservice(workspace, name, create_payload, AciWebservice)
  File "/home/ninghai/miniconda3/envs/preview/lib/python3.6/site-packages/azureml/core/webservice/webservice.py", line 296, in _deploy_webservice
    'Content: {}'.format(resp.status_code, resp.headers, resp.content))
azureml.exceptions.azureml_exception.WebserviceException: Received bad response from Model Management Service:
Response Code: 409
Headers: {'Date': 'Sun, 10 Jun 2018 08:50:58 GMT', 'Content-Type': 'application/json', 'Transfer-Encoding': 'chunked', 'Connection': 'keep-alive', 'api-supported-versions': '2018-03-01-preview', 'x-ms-client-request-id': '364d7509a03248cc8cee6101b48135f2', 'x-ms-client-session-id': '', 'Strict-Transport-Security': 'max-age=15724800; includeSubDomains; preload'}
Content: b'{"code":"Conflict","statusCode":409,"message":"Conflict","details":[{"code":"ServiceWithNameExists","message":"Workspace haieastus2ws3 already contains a Service with name: rrs02"}]}'
./test-all.sh: 98: ./test-all.sh: get: not found
Already on 'master'
