/data/git/hai/e2e_test
*** git branch status before ***
  candidate
  daily
* master
On branch master
Your branch is up-to-date with 'origin/master'.
nothing to commit, working directory clean
*** candidate ***
HEAD is now at 79a4ea3 docs
git checkout candidate
Your branch is up-to-date with 'origin/candidate'.
git pull
Already up-to-date.
*** git branch status after ***
git branch --list
* candidate
  daily
  master
git status
On branch candidate
Your branch is up-to-date with 'origin/candidate'.
nothing to commit, working directory clean
###################################
START AT: 2018-08-19-17:02:34
###################################


##### 01.interactive.e2e.py (2018-08-19-17:02:34) ######
Azure ML Core SDK Version: 0.1.0.1179783
Found the config file in: /data/git/hai/e2e_test/aml_config/config.json
Performing interactive authentication. Please follow the instructions on the terminal.


##### 02.local.py (2018-08-19-17:17:38) ################
Azure ML Core SDK Version: 0.1.0.1179783
Found the config file in: /data/git/hai/e2e_test/aml_config/config.json
Performing interactive authentication. Please follow the instructions on the terminal.


##### 03.aci.py (2018-08-19-17:32:42) ##################
Azure ML Core SDK Version: 0.1.0.1179783
Found the config file in: /data/git/hai/e2e_test/aml_config/config.json
Performing interactive authentication. Please follow the instructions on the terminal.


##### 04.dsvm (2018-08-19-17:47:48) ####################
Azure ML Core SDK Version: 0.1.0.1179783
Found the config file in: /data/git/hai/e2e_test/aml_config/config.json
Performing interactive authentication. Please follow the instructions on the terminal.


##### 05.spark (2018-08-19-18:02:52) ###################
Azure ML Core SDK Version: 0.1.0.1179783
Found the config file in: /data/git/hai/e2e_test/aml_config/config.json
Performing interactive authentication. Please follow the instructions on the terminal.


##### 07.sklearn.hd.py (2018-08-19-18:17:55) ###########
Azure ML Core SDK Version: 0.1.0.1179783
Found the config file in: /data/git/hai/e2e_test/aml_config/config.json
Performing interactive authentication. Please follow the instructions on the terminal.


##### 08.tf.hd.py (2018-08-19-18:33:00) ################
Azure ML Core SDK Version: 0.1.0.1179783
Found the config file in: /data/git/hai/e2e_test/aml_config/config.json
Performing interactive authentication. Please follow the instructions on the terminal.


##### 10.o16n.py (2018-08-19-18:48:04) #################
Azure ML Core SDK Version: 0.1.0.1179783
Found the config file in: /data/git/hai/e2e_test/aml_config/config.json
Performing interactive authentication. Please follow the instructions on the terminal.
HEAD is now at 79a4ea3 docs
Your branch is up-to-date with 'origin/master'.
Already up-to-date.


###################################
########### END AT 2018-08-19-19:03:10
###################################
