Already on 'master'
Client-Request-ID=e3ab8703-6cc7-11e8-9288-000d3a71b7c3 Retry policy did not allow for a retry: Server-Timestamp=Sun, 10 Jun 2018 16:04:01 GMT, Server-Request-ID=f230209b-401e-00dc-6ed4-000662000000, HTTP status code=409, Exception=The specified container already exists.ErrorCode: ContainerAlreadyExists<?xml version="1.0" encoding="utf-8"?><Error><Code>ContainerAlreadyExists</Code><Message>The specified container already exists.RequestId:f230209b-401e-00dc-6ed4-000662000000Time:2018-06-10T16:04:01.5161442Z</Message></Error>.
Client-Request-ID=e3ab8705-6cc7-11e8-9288-000d3a71b7c3 Retry policy did not allow for a retry: Server-Timestamp=Sun, 10 Jun 2018 16:04:01 GMT, Server-Request-ID=ecb126ef-101e-0008-2dd4-004f42000000, HTTP status code=409, Exception=The specified container already exists.ErrorCode: ContainerAlreadyExists<?xml version="1.0" encoding="utf-8"?><Error><Code>ContainerAlreadyExists</Code><Message>The specified container already exists.RequestId:ecb126ef-101e-0008-2dd4-004f42000000Time:2018-06-10T16:04:01.6906752Z</Message></Error>.
Client-Request-ID=e3ab8707-6cc7-11e8-9288-000d3a71b7c3 Retry policy did not allow for a retry: Server-Timestamp=Sun, 10 Jun 2018 16:04:01 GMT, Server-Request-ID=544c395c-801e-0042-1ed4-007f25000000, HTTP status code=409, Exception=The specified container already exists.ErrorCode: ContainerAlreadyExists<?xml version="1.0" encoding="utf-8"?><Error><Code>ContainerAlreadyExists</Code><Message>The specified container already exists.RequestId:544c395c-801e-0042-1ed4-007f25000000Time:2018-06-10T16:04:01.8616814Z</Message></Error>.
Client-Request-ID=e3ab8709-6cc7-11e8-9288-000d3a71b7c3 Retry policy did not allow for a retry: Server-Timestamp=Sun, 10 Jun 2018 16:04:02 GMT, Server-Request-ID=2acf9f74-201e-0066-7cd4-00e66b000000, HTTP status code=409, Exception=The specified container already exists.ErrorCode: ContainerAlreadyExists<?xml version="1.0" encoding="utf-8"?><Error><Code>ContainerAlreadyExists</Code><Message>The specified container already exists.RequestId:2acf9f74-201e-0066-7cd4-00e66b000000Time:2018-06-10T16:04:02.0322860Z</Message></Error>.
Client-Request-ID=9935362c-6ccd-11e8-9288-000d3a71b7c3 Retry policy did not allow for a retry: Server-Timestamp=Sun, 10 Jun 2018 16:44:52 GMT, Server-Request-ID=e25277fe-901e-0012-37da-00602d000000, HTTP status code=409, Exception=The specified container already exists.ErrorCode: ContainerAlreadyExists<?xml version="1.0" encoding="utf-8"?><Error><Code>ContainerAlreadyExists</Code><Message>The specified container already exists.RequestId:e25277fe-901e-0012-37da-00602d000000Time:2018-06-10T16:44:53.0438634Z</Message></Error>.
Client-Request-ID=9935362e-6ccd-11e8-9288-000d3a71b7c3 Retry policy did not allow for a retry: Server-Timestamp=Sun, 10 Jun 2018 16:44:52 GMT, Server-Request-ID=4b87fe67-501e-0087-19da-00011e000000, HTTP status code=409, Exception=The specified container already exists.ErrorCode: ContainerAlreadyExists<?xml version="1.0" encoding="utf-8"?><Error><Code>ContainerAlreadyExists</Code><Message>The specified container already exists.RequestId:4b87fe67-501e-0087-19da-00011e000000Time:2018-06-10T16:44:53.2975086Z</Message></Error>.
Client-Request-ID=99353630-6ccd-11e8-9288-000d3a71b7c3 Retry policy did not allow for a retry: Server-Timestamp=Sun, 10 Jun 2018 16:44:53 GMT, Server-Request-ID=891b3c04-e01e-0070-51da-0027f5000000, HTTP status code=409, Exception=The specified container already exists.ErrorCode: ContainerAlreadyExists<?xml version="1.0" encoding="utf-8"?><Error><Code>ContainerAlreadyExists</Code><Message>The specified container already exists.RequestId:891b3c04-e01e-0070-51da-0027f5000000Time:2018-06-10T16:44:53.4848349Z</Message></Error>.
Client-Request-ID=99353632-6ccd-11e8-9288-000d3a71b7c3 Retry policy did not allow for a retry: Server-Timestamp=Sun, 10 Jun 2018 16:44:53 GMT, Server-Request-ID=f2925e3e-d01e-001e-08da-008edc000000, HTTP status code=409, Exception=The specified container already exists.ErrorCode: ContainerAlreadyExists<?xml version="1.0" encoding="utf-8"?><Error><Code>ContainerAlreadyExists</Code><Message>The specified container already exists.RequestId:f2925e3e-d01e-001e-08da-008edc000000Time:2018-06-10T16:44:53.6752299Z</Message></Error>.
Traceback (most recent call last):
  File "./10.o16n.py", line 64, in <module>
    image = image)
  File "/home/ninghai/miniconda3/envs/preview/lib/python3.6/site-packages/azureml/core/workspace.py", line 786, in deploy_webservice
    'creation state.'.format(image.id))
azureml.exceptions.azureml_exception.WebserviceException: Unable to create service with image myimage:87 in non "Succeeded" creation state.
./test-all.sh: 98: ./test-all.sh: get: not found
error: Your local changes to the following files would be overwritten by checkout:
	e2e_test/aml_config/config.json
	e2e_test/best_model.pkl
	e2e_test/mse_over_alpha.png
Please, commit your changes or stash them before you can switch branches.
Aborting
