Switched to branch 'daily'
Traceback (most recent call last):
  File "./01.interactive.e2e.py", line 46, in <module>
    root_run = Run.start_logging(workspace = ws, run_history_name = run_history_name)
TypeError: start_logging() missing 1 required positional argument: 'history_name'
Traceback (most recent call last):
  File "./02.local.py", line 30, in <module>
    directory = project_folder)
TypeError: attach() got an unexpected keyword argument 'run_history_name'
Traceback (most recent call last):
  File "./03.aci.py", line 31, in <module>
    directory = project_folder)
TypeError: attach() got an unexpected keyword argument 'run_history_name'
Traceback (most recent call last):
  File "./04.dsvm.py", line 30, in <module>
    directory = project_folder)
TypeError: attach() got an unexpected keyword argument 'run_history_name'
Traceback (most recent call last):
  File "./05.spark.py", line 30, in <module>
    directory = project_folder)
TypeError: attach() got an unexpected keyword argument 'run_history_name'
Traceback (most recent call last):
  File "./07.sklearn.hd.py", line 32, in <module>
    directory = project_folder)
TypeError: attach() got an unexpected keyword argument 'run_history_name'
Traceback (most recent call last):
  File "./08.tf.hd.py", line 33, in <module>
    directory = project_folder)
TypeError: attach() got an unexpected keyword argument 'run_history_name'
Client-Request-ID=0af86fdc-6ac0-11e8-9288-000d3a71b7c3 Retry policy did not allow for a retry: Server-Timestamp=Fri, 08 Jun 2018 02:02:48 GMT, Server-Request-ID=5f0c7c27-601e-0037-3bcc-fef705000000, HTTP status code=409, Exception=The specified container already exists.ErrorCode: ContainerAlreadyExists<?xml version="1.0" encoding="utf-8"?><Error><Code>ContainerAlreadyExists</Code><Message>The specified container already exists.RequestId:5f0c7c27-601e-0037-3bcc-fef705000000Time:2018-06-08T02:02:48.6172672Z</Message></Error>.
Client-Request-ID=0af86fde-6ac0-11e8-9288-000d3a71b7c3 Retry policy did not allow for a retry: Server-Timestamp=Fri, 08 Jun 2018 02:02:48 GMT, Server-Request-ID=d15a8220-301e-0067-36cc-fe3555000000, HTTP status code=409, Exception=The specified container already exists.ErrorCode: ContainerAlreadyExists<?xml version="1.0" encoding="utf-8"?><Error><Code>ContainerAlreadyExists</Code><Message>The specified container already exists.RequestId:d15a8220-301e-0067-36cc-fe3555000000Time:2018-06-08T02:02:48.7733559Z</Message></Error>.
Client-Request-ID=0af86fe0-6ac0-11e8-9288-000d3a71b7c3 Retry policy did not allow for a retry: Server-Timestamp=Fri, 08 Jun 2018 02:02:48 GMT, Server-Request-ID=47e47827-001e-0021-44cc-fe01d2000000, HTTP status code=409, Exception=The specified container already exists.ErrorCode: ContainerAlreadyExists<?xml version="1.0" encoding="utf-8"?><Error><Code>ContainerAlreadyExists</Code><Message>The specified container already exists.RequestId:47e47827-001e-0021-44cc-fe01d2000000Time:2018-06-08T02:02:48.9291484Z</Message></Error>.
Client-Request-ID=0af86fe2-6ac0-11e8-9288-000d3a71b7c3 Retry policy did not allow for a retry: Server-Timestamp=Fri, 08 Jun 2018 02:02:48 GMT, Server-Request-ID=ae8770b6-601e-0045-52cc-fef04a000000, HTTP status code=409, Exception=The specified container already exists.ErrorCode: ContainerAlreadyExists<?xml version="1.0" encoding="utf-8"?><Error><Code>ContainerAlreadyExists</Code><Message>The specified container already exists.RequestId:ae8770b6-601e-0045-52cc-fef04a000000Time:2018-06-08T02:02:49.0861487Z</Message></Error>.
Traceback (most recent call last):
  File "/home/ninghai/miniconda3/envs/daily/lib/python3.6/site-packages/azureml/core/webservice/webservice.py", line 271, in _deploy_webservice
    resp.raise_for_status()
  File "/home/ninghai/miniconda3/envs/daily/lib/python3.6/site-packages/requests/models.py", line 935, in raise_for_status
    raise HTTPError(http_error_msg, response=self)
requests.exceptions.HTTPError: 409 Client Error: Conflict for url: https://eastus2euap.modelmanagement.azureml.net/api/subscriptions/fac34303-435d-4486-8c3f-7094d82a0b60/resourceGroups/aml-notebooks/providers/Microsoft.MachineLearningServices/workspaces/haieastus2euapws/services?api-version=2018-03-01-preview

During handling of the above exception, another exception occurred:

Traceback (most recent call last):
  File "./10.o16n.py", line 64, in <module>
    image = image)
  File "/home/ninghai/miniconda3/envs/daily/lib/python3.6/site-packages/azureml/core/workspace.py", line 787, in deploy_webservice
    return Webservice.deploy_from_image(self, name, image, deploy_config, target)
  File "/home/ninghai/miniconda3/envs/daily/lib/python3.6/site-packages/azureml/core/webservice/webservice.py", line 233, in deploy_from_image
    return child._deploy(workspace, name, image, deployment_config)
  File "/home/ninghai/miniconda3/envs/daily/lib/python3.6/site-packages/azureml/core/webservice/aci.py", line 107, in _deploy
    return Webservice._deploy_webservice(workspace, name, create_payload, AciWebservice)
  File "/home/ninghai/miniconda3/envs/daily/lib/python3.6/site-packages/azureml/core/webservice/webservice.py", line 276, in _deploy_webservice
    'Content: {}'.format(resp.status_code, resp.headers, resp.content))
azureml.exceptions.azureml_exception.WebserviceException: Received bad response from Model Management Service:
Response Code: 409
Headers: {'Date': 'Fri, 08 Jun 2018 02:05:22 GMT', 'Content-Type': 'application/json', 'Transfer-Encoding': 'chunked', 'Connection': 'keep-alive', 'api-supported-versions': '2018-03-01-preview', 'x-ms-client-request-id': '7499ce830cb5432dadc4d654d8b5448d', 'x-ms-client-session-id': '', 'Strict-Transport-Security': 'max-age=15724800; includeSubDomains; preload'}
Content: b'{"code":"Conflict","statusCode":409,"message":"Conflict","details":[{"code":"ServiceWithNameExists","message":"Workspace haieastus2euapws already contains a Service with name: rrs02"}]}'
Switched to branch 'master'
