Looking in indexes: https://pypi.org/simple, https://azuremlsdktestpypi.azureedge.net/sdk-release/Candidate/604C89A437BA41BD942B4F46D9A3591D
Collecting azureml-sdk
  Using cached https://azuremlsdktestpypi.blob.core.windows.net/repo/sdk-release/Candidate/604C89A437BA41BD942B4F46D9A3591D/azureml_sdk-0.1.0.1179783-py3-none-any.whl?sv=2017-04-17&sr=b&sig=tj87DvaPwpWT8tAREjI3p4XecgCbK4G%2Bv1dCCdoWh%2FY%3D&st=2018-07-17T10%3A20%3A39Z&se=2019-07-17T10%3A20%3A39Z&sp=rl
Collecting azureml-core==0.1.0.1179783 (from azureml-sdk)
  Using cached https://azuremlsdktestpypi.blob.core.windows.net/repo/sdk-release/Candidate/604C89A437BA41BD942B4F46D9A3591D/azureml_core-0.1.0.1179783-py2.py3-none-any.whl?sv=2017-04-17&sr=b&sig=F98wOhF%2BCftItvI3S6eNaWzQXRsymochUqLDYp7uejM%3D&st=2018-07-17T10%3A20%3A38Z&se=2019-07-17T10%3A20%3A38Z&sp=rl
Collecting azureml-contrib==0.1.0.1179783 (from azureml-sdk)
  Using cached https://azuremlsdktestpypi.blob.core.windows.net/repo/sdk-release/Candidate/604C89A437BA41BD942B4F46D9A3591D/azureml_contrib-0.1.0.1179783-py3-none-any.whl?sv=2017-04-17&sr=b&sig=tsouNIl3QLc147z7Fq1JNGGwnjEZWR7XIK186Qlm5Cw%3D&st=2018-07-17T10%3A20%3A38Z&se=2019-07-17T10%3A20%3A38Z&sp=rl
Collecting azureml-train==0.1.0.1179783 (from azureml-sdk)
  Using cached https://azuremlsdktestpypi.blob.core.windows.net/repo/sdk-release/Candidate/604C89A437BA41BD942B4F46D9A3591D/azureml_train-0.1.0.1179783-py3-none-any.whl?sv=2017-04-17&sr=b&sig=enGvmsQe5qRDK2eOoVRJ%2FXEzCzgr84ZSkrr2L%2FbR300%3D&st=2018-07-17T10%3A20%3A39Z&se=2019-07-17T10%3A20%3A39Z&sp=rl
Requirement not upgraded as not directly required: azure-mgmt-keyvault>=0.40.0 in /home/ninghai/miniconda3/envs/candidate/lib/python3.6/site-packages (from azureml-core==0.1.0.1179783->azureml-sdk) (0.40.0)
Collecting backports.tempfile (from azureml-core==0.1.0.1179783->azureml-sdk)
  Using cached https://files.pythonhosted.org/packages/b4/5c/077f910632476281428fe254807952eb47ca78e720d059a46178c541e669/backports.tempfile-1.0-py2.py3-none-any.whl
Requirement not upgraded as not directly required: azure-cli-profile>=2.0.26 in /home/ninghai/miniconda3/envs/candidate/lib/python3.6/site-packages (from azureml-core==0.1.0.1179783->azureml-sdk) (2.1.0)
Requirement not upgraded as not directly required: msrestazure>=0.4.33 in /home/ninghai/miniconda3/envs/candidate/lib/python3.6/site-packages (from azureml-core==0.1.0.1179783->azureml-sdk) (0.4.34)
Requirement not upgraded as not directly required: azure-storage-common>=1.1.0 in /home/ninghai/miniconda3/envs/candidate/lib/python3.6/site-packages (from azureml-core==0.1.0.1179783->azureml-sdk) (1.1.0)
Collecting jsonpickle (from azureml-core==0.1.0.1179783->azureml-sdk)
Requirement not upgraded as not directly required: cryptography in /home/ninghai/miniconda3/envs/candidate/lib/python3.6/site-packages (from azureml-core==0.1.0.1179783->azureml-sdk) (2.2.2)
Requirement not upgraded as not directly required: pytz in /home/ninghai/miniconda3/envs/candidate/lib/python3.6/site-packages (from azureml-core==0.1.0.1179783->azureml-sdk) (2018.5)
Requirement not upgraded as not directly required: azure-mgmt-storage>=1.5.0 in /home/ninghai/miniconda3/envs/candidate/lib/python3.6/site-packages (from azureml-core==0.1.0.1179783->azureml-sdk) (1.5.0)
Requirement not upgraded as not directly required: six>=1.11.0 in /home/ninghai/miniconda3/envs/candidate/lib/python3.6/site-packages (from azureml-core==0.1.0.1179783->azureml-sdk) (1.11.0)
Requirement not upgraded as not directly required: azure-mgmt-authorization>=0.40.0 in /home/ninghai/miniconda3/envs/candidate/lib/python3.6/site-packages (from azureml-core==0.1.0.1179783->azureml-sdk) (0.40.0)
Requirement not upgraded as not directly required: azure-mgmt-containerregistry>=2.0.0 in /home/ninghai/miniconda3/envs/candidate/lib/python3.6/site-packages (from azureml-core==0.1.0.1179783->azureml-sdk) (2.0.0)
Requirement not upgraded as not directly required: azure-common>=1.1.12 in /home/ninghai/miniconda3/envs/candidate/lib/python3.6/site-packages (from azureml-core==0.1.0.1179783->azureml-sdk) (1.1.14)
Requirement not upgraded as not directly required: azure-storage-blob>=1.1.0 in /home/ninghai/miniconda3/envs/candidate/lib/python3.6/site-packages (from azureml-core==0.1.0.1179783->azureml-sdk) (1.1.0)
Requirement not upgraded as not directly required: requests>=2.19.1 in /home/ninghai/miniconda3/envs/candidate/lib/python3.6/site-packages (from azureml-core==0.1.0.1179783->azureml-sdk) (2.19.1)
Requirement not upgraded as not directly required: azure-mgmt-resource>=1.2.1 in /home/ninghai/miniconda3/envs/candidate/lib/python3.6/site-packages (from azureml-core==0.1.0.1179783->azureml-sdk) (2.0.0rc2)
Requirement not upgraded as not directly required: azure-cli-core>=2.0.38 in /home/ninghai/miniconda3/envs/candidate/lib/python3.6/site-packages (from azureml-core==0.1.0.1179783->azureml-sdk) (2.0.42)
Collecting ndg-httpsclient (from azureml-core==0.1.0.1179783->azureml-sdk)
  Using cached https://files.pythonhosted.org/packages/78/60/1458ed478eb5777498ca57f4fabf2cf9328ac43e5f6db7839cf73704f3a6/ndg_httpsclient-0.5.0-py3-none-any.whl
Collecting contextlib2 (from azureml-core==0.1.0.1179783->azureml-sdk)
  Using cached https://files.pythonhosted.org/packages/a2/71/8273a7eeed0aff6a854237ab5453bc9aa67deb49df4832801c21f0ff3782/contextlib2-0.5.5-py2.py3-none-any.whl
Requirement not upgraded as not directly required: azure-graphrbac>=0.40.0 in /home/ninghai/miniconda3/envs/candidate/lib/python3.6/site-packages (from azureml-core==0.1.0.1179783->azureml-sdk) (0.40.0)
Collecting SecretStorage<3.0.0 (from azureml-core==0.1.0.1179783->azureml-sdk)
Requirement not upgraded as not directly required: urllib3>=1.23 in /home/ninghai/miniconda3/envs/candidate/lib/python3.6/site-packages (from azureml-core==0.1.0.1179783->azureml-sdk) (1.23)
Collecting ruamel.yaml>=0.15.35 (from azureml-core==0.1.0.1179783->azureml-sdk)
Collecting pathspec (from azureml-core==0.1.0.1179783->azureml-sdk)
Requirement not upgraded as not directly required: azure-storage-nspkg>=3.0.0 in /home/ninghai/miniconda3/envs/candidate/lib/python3.6/site-packages (from azureml-core==0.1.0.1179783->azureml-sdk) (3.0.0)
Requirement not upgraded as not directly required: python-dateutil>=2.7.3 in /home/ninghai/miniconda3/envs/candidate/lib/python3.6/site-packages (from azureml-core==0.1.0.1179783->azureml-sdk) (2.7.3)
Requirement not upgraded as not directly required: msrest>=0.5.1 in /home/ninghai/miniconda3/envs/candidate/lib/python3.6/site-packages (from azureml-core==0.1.0.1179783->azureml-sdk) (0.5.4)
Collecting azureml-contrib-widgets==0.1.0.1179783 (from azureml-contrib==0.1.0.1179783->azureml-sdk)
  Using cached https://azuremlsdktestpypi.blob.core.windows.net/repo/sdk-release/Candidate/604C89A437BA41BD942B4F46D9A3591D/azureml_contrib_widgets-0.1.0.1179783-py3-none-any.whl?sv=2017-04-17&sr=b&sig=1ZuE3mnjEcdVAKUdtlnJI60RcaPWeDI9gxR7m7sfcVw%3D&st=2018-07-17T10%3A20%3A38Z&se=2019-07-17T10%3A20%3A38Z&sp=rl
Collecting azureml-contrib-daskonbatch==0.1.0.1179783 (from azureml-contrib==0.1.0.1179783->azureml-sdk)
  Using cached https://azuremlsdktestpypi.blob.core.windows.net/repo/sdk-release/Candidate/604C89A437BA41BD942B4F46D9A3591D/azureml_contrib_daskonbatch-0.1.0.1179783-py3-none-any.whl?sv=2017-04-17&sr=b&sig=k%2FwB8bUgXJKrMUZ6OgAcIRo1wS84Z9Q3VrptVW7bUsY%3D&st=2018-07-17T10%3A20%3A38Z&se=2019-07-17T10%3A20%3A38Z&sp=rl
Collecting azureml-contrib-explain-model==0.1.0.1179783 (from azureml-contrib==0.1.0.1179783->azureml-sdk)
  Using cached https://azuremlsdktestpypi.blob.core.windows.net/repo/sdk-release/Candidate/604C89A437BA41BD942B4F46D9A3591D/azureml_contrib_explain_model-0.1.0.1179783-py3-none-any.whl?sv=2017-04-17&sr=b&sig=Mf1%2FI6A7IzHdYM3E2dhK%2Fx%2FgAE254G7lbazm%2FDB5vmI%3D&st=2018-07-17T10%3A20%3A38Z&se=2019-07-17T10%3A20%3A38Z&sp=rl
Collecting azureml-contrib-tensorboard==0.1.0.1179783 (from azureml-contrib==0.1.0.1179783->azureml-sdk)
  Using cached https://azuremlsdktestpypi.blob.core.windows.net/repo/sdk-release/Candidate/604C89A437BA41BD942B4F46D9A3591D/azureml_contrib_tensorboard-0.1.0.1179783-py3-none-any.whl?sv=2017-04-17&sr=b&sig=CMTuhOrdrYfbnNJDpMcE9n0bohRBQWvTQhkhmROJkCk%3D&st=2018-07-17T10%3A20%3A38Z&se=2019-07-17T10%3A20%3A38Z&sp=rl
Collecting azureml-contrib-server==0.1.0.1179783 (from azureml-contrib==0.1.0.1179783->azureml-sdk)
  Using cached https://azuremlsdktestpypi.blob.core.windows.net/repo/sdk-release/Candidate/604C89A437BA41BD942B4F46D9A3591D/azureml_contrib_server-0.1.0.1179783-py3-none-any.whl?sv=2017-04-17&sr=b&sig=HnDcmEnyEeBeG6GcnxAZmc4pS57LprazEWkNLadkW80%3D&st=2018-07-17T10%3A20%3A38Z&se=2019-07-17T10%3A20%3A38Z&sp=rl
Collecting azureml-train-core==0.1.0.1179783 (from azureml-train==0.1.0.1179783->azureml-sdk)
  Using cached https://azuremlsdktestpypi.blob.core.windows.net/repo/sdk-release/Candidate/604C89A437BA41BD942B4F46D9A3591D/azureml_train_core-0.1.0.1179783-py3-none-any.whl?sv=2017-04-17&sr=b&sig=3SB21qDJabQJVfLvgiXSTCX17t%2BjTB9SIqVzPMpXzkQ%3D&st=2018-07-17T10%3A20%3A39Z&se=2019-07-17T10%3A20%3A39Z&sp=rl
Requirement not upgraded as not directly required: azure-mgmt-nspkg>=2.0.0 in /home/ninghai/miniconda3/envs/candidate/lib/python3.6/site-packages (from azure-mgmt-keyvault>=0.40.0->azureml-core==0.1.0.1179783->azureml-sdk) (2.0.0)
Collecting backports.weakref (from backports.tempfile->azureml-core==0.1.0.1179783->azureml-sdk)
  Using cached https://files.pythonhosted.org/packages/88/ec/f598b633c3d5ffe267aaada57d961c94fdfa183c5c3ebda2b6d151943db6/backports.weakref-1.0.post1-py2.py3-none-any.whl
Requirement not upgraded as not directly required: azure-cli-command-modules-nspkg>=2.0.0 in /home/ninghai/miniconda3/envs/candidate/lib/python3.6/site-packages (from azure-cli-profile>=2.0.26->azureml-core==0.1.0.1179783->azureml-sdk) (2.0.2)
Requirement not upgraded as not directly required: adal<2.0.0,>=0.5.0 in /home/ninghai/miniconda3/envs/candidate/lib/python3.6/site-packages (from msrestazure>=0.4.33->azureml-core==0.1.0.1179783->azureml-sdk) (1.0.2)
Requirement not upgraded as not directly required: keyring>=12.0.2 in /home/ninghai/miniconda3/envs/candidate/lib/python3.6/site-packages (from msrestazure>=0.4.33->azureml-core==0.1.0.1179783->azureml-sdk) (13.2.1)
Requirement not upgraded as not directly required: idna>=2.1 in /home/ninghai/miniconda3/envs/candidate/lib/python3.6/site-packages (from cryptography->azureml-core==0.1.0.1179783->azureml-sdk) (2.7)
Requirement not upgraded as not directly required: asn1crypto>=0.21.0 in /home/ninghai/miniconda3/envs/candidate/lib/python3.6/site-packages (from cryptography->azureml-core==0.1.0.1179783->azureml-sdk) (0.24.0)
Requirement not upgraded as not directly required: cffi>=1.7 in /home/ninghai/miniconda3/envs/candidate/lib/python3.6/site-packages (from cryptography->azureml-core==0.1.0.1179783->azureml-sdk) (1.11.5)
Requirement not upgraded as not directly required: azure-nspkg>=2.0.0 in /home/ninghai/miniconda3/envs/candidate/lib/python3.6/site-packages (from azure-common>=1.1.12->azureml-core==0.1.0.1179783->azureml-sdk) (2.0.0)
Requirement not upgraded as not directly required: certifi>=2017.4.17 in /home/ninghai/miniconda3/envs/candidate/lib/python3.6/site-packages (from requests>=2.19.1->azureml-core==0.1.0.1179783->azureml-sdk) (2018.4.16)
Requirement not upgraded as not directly required: chardet<3.1.0,>=3.0.2 in /home/ninghai/miniconda3/envs/candidate/lib/python3.6/site-packages (from requests>=2.19.1->azureml-core==0.1.0.1179783->azureml-sdk) (3.0.4)
Requirement not upgraded as not directly required: paramiko in /home/ninghai/miniconda3/envs/candidate/lib/python3.6/site-packages (from azure-cli-core>=2.0.38->azureml-core==0.1.0.1179783->azureml-sdk) (2.4.1)
Requirement not upgraded as not directly required: pyopenssl>=17.1.0 in /home/ninghai/miniconda3/envs/candidate/lib/python3.6/site-packages (from azure-cli-core>=2.0.38->azureml-core==0.1.0.1179783->azureml-sdk) (18.0.0)
Requirement not upgraded as not directly required: applicationinsights>=0.11.1 in /home/ninghai/miniconda3/envs/candidate/lib/python3.6/site-packages (from azure-cli-core>=2.0.38->azureml-core==0.1.0.1179783->azureml-sdk) (0.11.5)
Requirement not upgraded as not directly required: humanfriendly>=4.7 in /home/ninghai/miniconda3/envs/candidate/lib/python3.6/site-packages (from azure-cli-core>=2.0.38->azureml-core==0.1.0.1179783->azureml-sdk) (4.15.1)
Requirement not upgraded as not directly required: knack==0.4.1 in /home/ninghai/miniconda3/envs/candidate/lib/python3.6/site-packages (from azure-cli-core>=2.0.38->azureml-core==0.1.0.1179783->azureml-sdk) (0.4.1)
Requirement not upgraded as not directly required: PyJWT in /home/ninghai/miniconda3/envs/candidate/lib/python3.6/site-packages (from azure-cli-core>=2.0.38->azureml-core==0.1.0.1179783->azureml-sdk) (1.6.4)
Requirement not upgraded as not directly required: argcomplete>=1.8.0 in /home/ninghai/miniconda3/envs/candidate/lib/python3.6/site-packages (from azure-cli-core>=2.0.38->azureml-core==0.1.0.1179783->azureml-sdk) (1.9.4)
Requirement not upgraded as not directly required: colorama>=0.3.9 in /home/ninghai/miniconda3/envs/candidate/lib/python3.6/site-packages (from azure-cli-core>=2.0.38->azureml-core==0.1.0.1179783->azureml-sdk) (0.3.9)
Requirement not upgraded as not directly required: jmespath in /home/ninghai/miniconda3/envs/candidate/lib/python3.6/site-packages (from azure-cli-core>=2.0.38->azureml-core==0.1.0.1179783->azureml-sdk) (0.9.3)
Requirement not upgraded as not directly required: tabulate<=0.8.2,>=0.7.7 in /home/ninghai/miniconda3/envs/candidate/lib/python3.6/site-packages (from azure-cli-core>=2.0.38->azureml-core==0.1.0.1179783->azureml-sdk) (0.8.2)
Requirement not upgraded as not directly required: wheel==0.30.0 in /home/ninghai/miniconda3/envs/candidate/lib/python3.6/site-packages (from azure-cli-core>=2.0.38->azureml-core==0.1.0.1179783->azureml-sdk) (0.30.0)
Requirement not upgraded as not directly required: pyyaml~=4.2b4 in /home/ninghai/miniconda3/envs/candidate/lib/python3.6/site-packages (from azure-cli-core>=2.0.38->azureml-core==0.1.0.1179783->azureml-sdk) (4.2b4)
Requirement not upgraded as not directly required: azure-cli-nspkg>=2.0.0 in /home/ninghai/miniconda3/envs/candidate/lib/python3.6/site-packages (from azure-cli-core>=2.0.38->azureml-core==0.1.0.1179783->azureml-sdk) (3.0.3)
Requirement not upgraded as not directly required: pygments in /home/ninghai/miniconda3/envs/candidate/lib/python3.6/site-packages (from azure-cli-core>=2.0.38->azureml-core==0.1.0.1179783->azureml-sdk) (2.2.0)
Requirement not upgraded as not directly required: pip in /home/ninghai/miniconda3/envs/candidate/lib/python3.6/site-packages (from azure-cli-core>=2.0.38->azureml-core==0.1.0.1179783->azureml-sdk) (10.0.1)
Requirement not upgraded as not directly required: pyasn1>=0.1.1 in /home/ninghai/miniconda3/envs/candidate/lib/python3.6/site-packages (from ndg-httpsclient->azureml-core==0.1.0.1179783->azureml-sdk) (0.4.3)
Requirement not upgraded as not directly required: requests-oauthlib>=0.5.0 in /home/ninghai/miniconda3/envs/candidate/lib/python3.6/site-packages (from msrest>=0.5.1->azureml-core==0.1.0.1179783->azureml-sdk) (1.0.0)
Requirement not upgraded as not directly required: isodate>=0.6.0 in /home/ninghai/miniconda3/envs/candidate/lib/python3.6/site-packages (from msrest>=0.5.1->azureml-core==0.1.0.1179783->azureml-sdk) (0.6.0)
Collecting ipywidgets>=7.0.0 (from azureml-contrib-widgets==0.1.0.1179783->azureml-contrib==0.1.0.1179783->azureml-sdk)
  Using cached https://files.pythonhosted.org/packages/f0/5d/868df21e3b004a5a61294cab70e1f6f44986933eb3aa9c396dfd5112acb2/ipywidgets-7.3.0-py2.py3-none-any.whl
Collecting bokeh>=0.12.16 (from azureml-contrib-daskonbatch==0.1.0.1179783->azureml-contrib==0.1.0.1179783->azureml-sdk)
Collecting joblib>=0.11 (from azureml-contrib-daskonbatch==0.1.0.1179783->azureml-contrib==0.1.0.1179783->azureml-sdk)
  Using cached https://files.pythonhosted.org/packages/e8/48/f02facae79e690f2ec38dbe021a90942b4896645ffc3b3273cc835370fe9/joblib-0.12.1-py2.py3-none-any.whl
Collecting distributed>=1.21.8 (from azureml-contrib-daskonbatch==0.1.0.1179783->azureml-contrib==0.1.0.1179783->azureml-sdk)
  Using cached https://files.pythonhosted.org/packages/f0/5f/6a7f8e5810136c74a394fd099fd021f41b1e598c9415db4ff72e2e481a24/distributed-1.22.0-py2.py3-none-any.whl
Collecting dask>=0.17.5 (from azureml-contrib-daskonbatch==0.1.0.1179783->azureml-contrib==0.1.0.1179783->azureml-sdk)
  Using cached https://files.pythonhosted.org/packages/d4/77/a22c04d952cdf2613d258d00a3d7560752cd4c8a16eee1d2c84ab45a220d/dask-0.18.1-py2.py3-none-any.whl
Collecting pandas (from azureml-contrib-explain-model==0.1.0.1179783->azureml-contrib==0.1.0.1179783->azureml-sdk)
  Using cached https://files.pythonhosted.org/packages/f4/cb/a801eaf624e36fffaa6cf1f4597a1e4b0742c200ed928e689c58fb3cb811/pandas-0.23.3-cp36-cp36m-manylinux1_x86_64.whl
Requirement not upgraded as not directly required: numpy in /home/ninghai/miniconda3/envs/candidate/lib/python3.6/site-packages (from azureml-contrib-explain-model==0.1.0.1179783->azureml-contrib==0.1.0.1179783->azureml-sdk) (1.14.5)
Collecting azureml-train-restclients-hyperdrive==0.1.0.1179783 (from azureml-train-core==0.1.0.1179783->azureml-train==0.1.0.1179783->azureml-sdk)
  Using cached https://azuremlsdktestpypi.blob.core.windows.net/repo/sdk-release/Candidate/604C89A437BA41BD942B4F46D9A3591D/azureml_train_restclients_hyperdrive-0.1.0.1179783-py3-none-any.whl?sv=2017-04-17&sr=b&sig=87FcN%2BZHQqFaqwYdjwSPUMZd135uMdkESX5eVKZU1Gw%3D&st=2018-07-17T10%3A20%3A39Z&se=2019-07-17T10%3A20%3A39Z&sp=rl
Requirement not upgraded as not directly required: entrypoints in /home/ninghai/miniconda3/envs/candidate/lib/python3.6/site-packages (from keyring>=12.0.2->msrestazure>=0.4.33->azureml-core==0.1.0.1179783->azureml-sdk) (0.2.3)
Requirement not upgraded as not directly required: pycparser in /home/ninghai/miniconda3/envs/candidate/lib/python3.6/site-packages (from cffi>=1.7->cryptography->azureml-core==0.1.0.1179783->azureml-sdk) (2.18)
Requirement not upgraded as not directly required: bcrypt>=3.1.3 in /home/ninghai/miniconda3/envs/candidate/lib/python3.6/site-packages (from paramiko->azure-cli-core>=2.0.38->azureml-core==0.1.0.1179783->azureml-sdk) (3.1.4)
Requirement not upgraded as not directly required: pynacl>=1.0.1 in /home/ninghai/miniconda3/envs/candidate/lib/python3.6/site-packages (from paramiko->azure-cli-core>=2.0.38->azureml-core==0.1.0.1179783->azureml-sdk) (1.2.1)
Requirement not upgraded as not directly required: oauthlib>=0.6.2 in /home/ninghai/miniconda3/envs/candidate/lib/python3.6/site-packages (from requests-oauthlib>=0.5.0->msrest>=0.5.1->azureml-core==0.1.0.1179783->azureml-sdk) (2.1.0)
Requirement not upgraded as not directly required: ipython>=4.0.0; python_version >= "3.3" in /home/ninghai/miniconda3/envs/candidate/lib/python3.6/site-packages (from ipywidgets>=7.0.0->azureml-contrib-widgets==0.1.0.1179783->azureml-contrib==0.1.0.1179783->azureml-sdk) (6.4.0)
Requirement not upgraded as not directly required: ipykernel>=4.5.1 in /home/ninghai/miniconda3/envs/candidate/lib/python3.6/site-packages (from ipywidgets>=7.0.0->azureml-contrib-widgets==0.1.0.1179783->azureml-contrib==0.1.0.1179783->azureml-sdk) (4.8.2)
Requirement not upgraded as not directly required: nbformat>=4.2.0 in /home/ninghai/miniconda3/envs/candidate/lib/python3.6/site-packages (from ipywidgets>=7.0.0->azureml-contrib-widgets==0.1.0.1179783->azureml-contrib==0.1.0.1179783->azureml-sdk) (4.4.0)
Collecting widgetsnbextension~=3.3.0 (from ipywidgets>=7.0.0->azureml-contrib-widgets==0.1.0.1179783->azureml-contrib==0.1.0.1179783->azureml-sdk)
  Using cached https://files.pythonhosted.org/packages/b9/43/f6ff09448f7b961e102fd75b7e46a5d44b68b9746bb1ab5c4be64c3e236d/widgetsnbextension-3.3.0-py2.py3-none-any.whl
Requirement not upgraded as not directly required: traitlets>=4.3.1 in /home/ninghai/miniconda3/envs/candidate/lib/python3.6/site-packages (from ipywidgets>=7.0.0->azureml-contrib-widgets==0.1.0.1179783->azureml-contrib==0.1.0.1179783->azureml-sdk) (4.3.2)
Requirement not upgraded as not directly required: tornado>=4.3 in /home/ninghai/miniconda3/envs/candidate/lib/python3.6/site-packages (from bokeh>=0.12.16->azureml-contrib-daskonbatch==0.1.0.1179783->azureml-contrib==0.1.0.1179783->azureml-sdk) (5.0.2)
Collecting packaging>=16.8 (from bokeh>=0.12.16->azureml-contrib-daskonbatch==0.1.0.1179783->azureml-contrib==0.1.0.1179783->azureml-sdk)
  Using cached https://files.pythonhosted.org/packages/ad/c2/b500ea05d5f9f361a562f089fc91f77ed3b4783e13a08a3daf82069b1224/packaging-17.1-py2.py3-none-any.whl
Requirement not upgraded as not directly required: Jinja2>=2.7 in /home/ninghai/miniconda3/envs/candidate/lib/python3.6/site-packages (from bokeh>=0.12.16->azureml-contrib-daskonbatch==0.1.0.1179783->azureml-contrib==0.1.0.1179783->azureml-sdk) (2.10)
Collecting psutil (from distributed>=1.21.8->azureml-contrib-daskonbatch==0.1.0.1179783->azureml-contrib==0.1.0.1179783->azureml-sdk)
Collecting click>=6.6 (from distributed>=1.21.8->azureml-contrib-daskonbatch==0.1.0.1179783->azureml-contrib==0.1.0.1179783->azureml-sdk)
  Using cached https://files.pythonhosted.org/packages/34/c1/8806f99713ddb993c5366c362b2f908f18269f8d792aff1abfd700775a77/click-6.7-py2.py3-none-any.whl
Collecting tblib (from distributed>=1.21.8->azureml-contrib-daskonbatch==0.1.0.1179783->azureml-contrib==0.1.0.1179783->azureml-sdk)
  Using cached https://files.pythonhosted.org/packages/4a/82/1b9fba6e93629a8557f9784cd8f1ae063c8762c26446367a6764edd328ce/tblib-1.3.2-py2.py3-none-any.whl
Collecting zict>=0.1.3 (from distributed>=1.21.8->azureml-contrib-daskonbatch==0.1.0.1179783->azureml-contrib==0.1.0.1179783->azureml-sdk)
  Using cached https://files.pythonhosted.org/packages/5d/c9/eddd6c9a7ebd65fc799f9b87e56b45599a4e35d66e3da2722d7fc2a89f1f/zict-0.1.3-py2.py3-none-any.whl
Collecting toolz>=0.7.4 (from distributed>=1.21.8->azureml-contrib-daskonbatch==0.1.0.1179783->azureml-contrib==0.1.0.1179783->azureml-sdk)
Collecting msgpack (from distributed>=1.21.8->azureml-contrib-daskonbatch==0.1.0.1179783->azureml-contrib==0.1.0.1179783->azureml-sdk)
  Using cached https://files.pythonhosted.org/packages/22/4e/dcf124fd97e5f5611123d6ad9f40ffd6eb979d1efdc1049e28a795672fcd/msgpack-0.5.6-cp36-cp36m-manylinux1_x86_64.whl
Collecting cloudpickle>=0.2.2 (from distributed>=1.21.8->azureml-contrib-daskonbatch==0.1.0.1179783->azureml-contrib==0.1.0.1179783->azureml-sdk)
  Using cached https://files.pythonhosted.org/packages/e7/bf/60ae7ec1e8c6742d2abbb6819c39a48ee796793bcdb7e1d5e41a3e379ddd/cloudpickle-0.5.3-py2.py3-none-any.whl
Collecting sortedcontainers!=2.0.0,!=2.0.1 (from distributed>=1.21.8->azureml-contrib-daskonbatch==0.1.0.1179783->azureml-contrib==0.1.0.1179783->azureml-sdk)
  Using cached https://files.pythonhosted.org/packages/cb/53/fe764fc8042e13245b50c4032fb2f857bc1e502aaca83063dcdf6b94d223/sortedcontainers-2.0.4-py2.py3-none-any.whl
Requirement not upgraded as not directly required: prompt-toolkit<2.0.0,>=1.0.15 in /home/ninghai/miniconda3/envs/candidate/lib/python3.6/site-packages (from ipython>=4.0.0; python_version >= "3.3"->ipywidgets>=7.0.0->azureml-contrib-widgets==0.1.0.1179783->azureml-contrib==0.1.0.1179783->azureml-sdk) (1.0.15)
Requirement not upgraded as not directly required: backcall in /home/ninghai/miniconda3/envs/candidate/lib/python3.6/site-packages (from ipython>=4.0.0; python_version >= "3.3"->ipywidgets>=7.0.0->azureml-contrib-widgets==0.1.0.1179783->azureml-contrib==0.1.0.1179783->azureml-sdk) (0.1.0)
Requirement not upgraded as not directly required: jedi>=0.10 in /home/ninghai/miniconda3/envs/candidate/lib/python3.6/site-packages (from ipython>=4.0.0; python_version >= "3.3"->ipywidgets>=7.0.0->azureml-contrib-widgets==0.1.0.1179783->azureml-contrib==0.1.0.1179783->azureml-sdk) (0.12.0)
Requirement not upgraded as not directly required: pickleshare in /home/ninghai/miniconda3/envs/candidate/lib/python3.6/site-packages (from ipython>=4.0.0; python_version >= "3.3"->ipywidgets>=7.0.0->azureml-contrib-widgets==0.1.0.1179783->azureml-contrib==0.1.0.1179783->azureml-sdk) (0.7.4)
Requirement not upgraded as not directly required: decorator in /home/ninghai/miniconda3/envs/candidate/lib/python3.6/site-packages (from ipython>=4.0.0; python_version >= "3.3"->ipywidgets>=7.0.0->azureml-contrib-widgets==0.1.0.1179783->azureml-contrib==0.1.0.1179783->azureml-sdk) (4.3.0)
Requirement not upgraded as not directly required: simplegeneric>0.8 in /home/ninghai/miniconda3/envs/candidate/lib/python3.6/site-packages (from ipython>=4.0.0; python_version >= "3.3"->ipywidgets>=7.0.0->azureml-contrib-widgets==0.1.0.1179783->azureml-contrib==0.1.0.1179783->azureml-sdk) (0.8.1)
Requirement not upgraded as not directly required: setuptools>=18.5 in /home/ninghai/miniconda3/envs/candidate/lib/python3.6/site-packages (from ipython>=4.0.0; python_version >= "3.3"->ipywidgets>=7.0.0->azureml-contrib-widgets==0.1.0.1179783->azureml-contrib==0.1.0.1179783->azureml-sdk) (39.2.0)
Requirement not upgraded as not directly required: pexpect; sys_platform != "win32" in /home/ninghai/miniconda3/envs/candidate/lib/python3.6/site-packages (from ipython>=4.0.0; python_version >= "3.3"->ipywidgets>=7.0.0->azureml-contrib-widgets==0.1.0.1179783->azureml-contrib==0.1.0.1179783->azureml-sdk) (4.6.0)
Requirement not upgraded as not directly required: jupyter_client in /home/ninghai/miniconda3/envs/candidate/lib/python3.6/site-packages (from ipykernel>=4.5.1->ipywidgets>=7.0.0->azureml-contrib-widgets==0.1.0.1179783->azureml-contrib==0.1.0.1179783->azureml-sdk) (5.2.3)
Requirement not upgraded as not directly required: jsonschema!=2.5.0,>=2.4 in /home/ninghai/miniconda3/envs/candidate/lib/python3.6/site-packages (from nbformat>=4.2.0->ipywidgets>=7.0.0->azureml-contrib-widgets==0.1.0.1179783->azureml-contrib==0.1.0.1179783->azureml-sdk) (2.6.0)
Requirement not upgraded as not directly required: ipython-genutils in /home/ninghai/miniconda3/envs/candidate/lib/python3.6/site-packages (from nbformat>=4.2.0->ipywidgets>=7.0.0->azureml-contrib-widgets==0.1.0.1179783->azureml-contrib==0.1.0.1179783->azureml-sdk) (0.2.0)
Requirement not upgraded as not directly required: jupyter-core in /home/ninghai/miniconda3/envs/candidate/lib/python3.6/site-packages (from nbformat>=4.2.0->ipywidgets>=7.0.0->azureml-contrib-widgets==0.1.0.1179783->azureml-contrib==0.1.0.1179783->azureml-sdk) (4.4.0)
Requirement not upgraded as not directly required: notebook>=4.4.1 in /home/ninghai/miniconda3/envs/candidate/lib/python3.6/site-packages (from widgetsnbextension~=3.3.0->ipywidgets>=7.0.0->azureml-contrib-widgets==0.1.0.1179783->azureml-contrib==0.1.0.1179783->azureml-sdk) (5.6.0)
Requirement not upgraded as not directly required: pyparsing>=2.0.2 in /home/ninghai/miniconda3/envs/candidate/lib/python3.6/site-packages (from packaging>=16.8->bokeh>=0.12.16->azureml-contrib-daskonbatch==0.1.0.1179783->azureml-contrib==0.1.0.1179783->azureml-sdk) (2.2.0)
Requirement not upgraded as not directly required: MarkupSafe>=0.23 in /home/ninghai/miniconda3/envs/candidate/lib/python3.6/site-packages (from Jinja2>=2.7->bokeh>=0.12.16->azureml-contrib-daskonbatch==0.1.0.1179783->azureml-contrib==0.1.0.1179783->azureml-sdk) (1.0)
Collecting heapdict (from zict>=0.1.3->distributed>=1.21.8->azureml-contrib-daskonbatch==0.1.0.1179783->azureml-contrib==0.1.0.1179783->azureml-sdk)
Requirement not upgraded as not directly required: wcwidth in /home/ninghai/miniconda3/envs/candidate/lib/python3.6/site-packages (from prompt-toolkit<2.0.0,>=1.0.15->ipython>=4.0.0; python_version >= "3.3"->ipywidgets>=7.0.0->azureml-contrib-widgets==0.1.0.1179783->azureml-contrib==0.1.0.1179783->azureml-sdk) (0.1.7)
Requirement not upgraded as not directly required: parso>=0.2.0 in /home/ninghai/miniconda3/envs/candidate/lib/python3.6/site-packages (from jedi>=0.10->ipython>=4.0.0; python_version >= "3.3"->ipywidgets>=7.0.0->azureml-contrib-widgets==0.1.0.1179783->azureml-contrib==0.1.0.1179783->azureml-sdk) (0.3.0)
Requirement not upgraded as not directly required: ptyprocess>=0.5 in /home/ninghai/miniconda3/envs/candidate/lib/python3.6/site-packages (from pexpect; sys_platform != "win32"->ipython>=4.0.0; python_version >= "3.3"->ipywidgets>=7.0.0->azureml-contrib-widgets==0.1.0.1179783->azureml-contrib==0.1.0.1179783->azureml-sdk) (0.6.0)
Requirement not upgraded as not directly required: pyzmq>=13 in /home/ninghai/miniconda3/envs/candidate/lib/python3.6/site-packages (from jupyter_client->ipykernel>=4.5.1->ipywidgets>=7.0.0->azureml-contrib-widgets==0.1.0.1179783->azureml-contrib==0.1.0.1179783->azureml-sdk) (17.0.0)
Requirement not upgraded as not directly required: nbconvert in /home/ninghai/miniconda3/envs/candidate/lib/python3.6/site-packages (from notebook>=4.4.1->widgetsnbextension~=3.3.0->ipywidgets>=7.0.0->azureml-contrib-widgets==0.1.0.1179783->azureml-contrib==0.1.0.1179783->azureml-sdk) (5.3.1)
Requirement not upgraded as not directly required: terminado>=0.8.1 in /home/ninghai/miniconda3/envs/candidate/lib/python3.6/site-packages (from notebook>=4.4.1->widgetsnbextension~=3.3.0->ipywidgets>=7.0.0->azureml-contrib-widgets==0.1.0.1179783->azureml-contrib==0.1.0.1179783->azureml-sdk) (0.8.1)
Requirement not upgraded as not directly required: prometheus-client in /home/ninghai/miniconda3/envs/candidate/lib/python3.6/site-packages (from notebook>=4.4.1->widgetsnbextension~=3.3.0->ipywidgets>=7.0.0->azureml-contrib-widgets==0.1.0.1179783->azureml-contrib==0.1.0.1179783->azureml-sdk) (0.2.0)
Requirement not upgraded as not directly required: Send2Trash in /home/ninghai/miniconda3/envs/candidate/lib/python3.6/site-packages (from notebook>=4.4.1->widgetsnbextension~=3.3.0->ipywidgets>=7.0.0->azureml-contrib-widgets==0.1.0.1179783->azureml-contrib==0.1.0.1179783->azureml-sdk) (1.5.0)
Requirement not upgraded as not directly required: testpath in /home/ninghai/miniconda3/envs/candidate/lib/python3.6/site-packages (from nbconvert->notebook>=4.4.1->widgetsnbextension~=3.3.0->ipywidgets>=7.0.0->azureml-contrib-widgets==0.1.0.1179783->azureml-contrib==0.1.0.1179783->azureml-sdk) (0.3.1)
Requirement not upgraded as not directly required: bleach in /home/ninghai/miniconda3/envs/candidate/lib/python3.6/site-packages (from nbconvert->notebook>=4.4.1->widgetsnbextension~=3.3.0->ipywidgets>=7.0.0->azureml-contrib-widgets==0.1.0.1179783->azureml-contrib==0.1.0.1179783->azureml-sdk) (2.1.3)
Requirement not upgraded as not directly required: pandocfilters>=1.4.1 in /home/ninghai/miniconda3/envs/candidate/lib/python3.6/site-packages (from nbconvert->notebook>=4.4.1->widgetsnbextension~=3.3.0->ipywidgets>=7.0.0->azureml-contrib-widgets==0.1.0.1179783->azureml-contrib==0.1.0.1179783->azureml-sdk) (1.4.2)
Requirement not upgraded as not directly required: mistune>=0.7.4 in /home/ninghai/miniconda3/envs/candidate/lib/python3.6/site-packages (from nbconvert->notebook>=4.4.1->widgetsnbextension~=3.3.0->ipywidgets>=7.0.0->azureml-contrib-widgets==0.1.0.1179783->azureml-contrib==0.1.0.1179783->azureml-sdk) (0.8.3)
Requirement not upgraded as not directly required: html5lib!=1.0b1,!=1.0b2,!=1.0b3,!=1.0b4,!=1.0b5,!=1.0b6,!=1.0b7,!=1.0b8,>=0.99999999pre in /home/ninghai/miniconda3/envs/candidate/lib/python3.6/site-packages (from bleach->nbconvert->notebook>=4.4.1->widgetsnbextension~=3.3.0->ipywidgets>=7.0.0->azureml-contrib-widgets==0.1.0.1179783->azureml-contrib==0.1.0.1179783->azureml-sdk) (1.0.1)
Requirement not upgraded as not directly required: webencodings in /home/ninghai/miniconda3/envs/candidate/lib/python3.6/site-packages (from html5lib!=1.0b1,!=1.0b2,!=1.0b3,!=1.0b4,!=1.0b5,!=1.0b6,!=1.0b7,!=1.0b8,>=0.99999999pre->bleach->nbconvert->notebook>=4.4.1->widgetsnbextension~=3.3.0->ipywidgets>=7.0.0->azureml-contrib-widgets==0.1.0.1179783->azureml-contrib==0.1.0.1179783->azureml-sdk) (0.5.1)
Installing collected packages: backports.weakref, backports.tempfile, jsonpickle, ndg-httpsclient, contextlib2, SecretStorage, ruamel.yaml, pathspec, azureml-core, widgetsnbextension, ipywidgets, azureml-train-restclients-hyperdrive, azureml-train-core, azureml-contrib-widgets, packaging, bokeh, joblib, psutil, click, tblib, heapdict, zict, dask, toolz, msgpack, cloudpickle, sortedcontainers, distributed, azureml-contrib-daskonbatch, pandas, azureml-contrib-explain-model, azureml-contrib-tensorboard, azureml-contrib-server, azureml-contrib, azureml-train, azureml-sdk
  Found existing installation: SecretStorage 3.0.1
    Uninstalling SecretStorage-3.0.1:
      Successfully uninstalled SecretStorage-3.0.1
Successfully installed SecretStorage-2.3.1 azureml-contrib-0.1.0.1179783 azureml-contrib-daskonbatch-0.1.0.1179783 azureml-contrib-explain-model-0.1.0.1179783 azureml-contrib-server-0.1.0.1179783 azureml-contrib-tensorboard-0.1.0.1179783 azureml-contrib-widgets-0.1.0.1179783 azureml-core-0.1.0.1179783 azureml-sdk-0.1.0.1179783 azureml-train-0.1.0.1179783 azureml-train-core-0.1.0.1179783 azureml-train-restclients-hyperdrive-0.1.0.1179783 backports.tempfile-1.0 backports.weakref-1.0.post1 bokeh-0.13.0 click-6.7 cloudpickle-0.5.3 contextlib2-0.5.5 dask-0.18.1 distributed-1.22.0 heapdict-1.0.0 ipywidgets-7.3.0 joblib-0.12.1 jsonpickle-0.9.6 msgpack-0.5.6 ndg-httpsclient-0.5.0 packaging-17.1 pandas-0.23.3 pathspec-0.5.6 psutil-5.4.6 ruamel.yaml-0.15.44 sortedcontainers-2.0.4 tblib-1.3.2 toolz-0.9.0 widgetsnbextension-3.3.0 zict-0.1.3
Looking in indexes: https://pypi.org/simple, https://azuremlsdktestpypi.azureedge.net/sdk-release/Candidate/604C89A437BA41BD942B4F46D9A3591D
Requirement already up-to-date: azureml-contrib-widgets in /home/ninghai/miniconda3/envs/candidate/lib/python3.6/site-packages (0.1.0.1179783)
Requirement not upgraded as not directly required: ipywidgets>=7.0.0 in /home/ninghai/miniconda3/envs/candidate/lib/python3.6/site-packages (from azureml-contrib-widgets) (7.3.0)
Requirement not upgraded as not directly required: azureml-train-core==0.1.0.1179783 in /home/ninghai/miniconda3/envs/candidate/lib/python3.6/site-packages (from azureml-contrib-widgets) (0.1.0.1179783)
Requirement not upgraded as not directly required: azureml-core==0.1.0.1179783 in /home/ninghai/miniconda3/envs/candidate/lib/python3.6/site-packages (from azureml-contrib-widgets) (0.1.0.1179783)
Requirement not upgraded as not directly required: nbformat>=4.2.0 in /home/ninghai/miniconda3/envs/candidate/lib/python3.6/site-packages (from ipywidgets>=7.0.0->azureml-contrib-widgets) (4.4.0)
Requirement not upgraded as not directly required: widgetsnbextension~=3.3.0 in /home/ninghai/miniconda3/envs/candidate/lib/python3.6/site-packages (from ipywidgets>=7.0.0->azureml-contrib-widgets) (3.3.0)
Requirement not upgraded as not directly required: traitlets>=4.3.1 in /home/ninghai/miniconda3/envs/candidate/lib/python3.6/site-packages (from ipywidgets>=7.0.0->azureml-contrib-widgets) (4.3.2)
Requirement not upgraded as not directly required: ipykernel>=4.5.1 in /home/ninghai/miniconda3/envs/candidate/lib/python3.6/site-packages (from ipywidgets>=7.0.0->azureml-contrib-widgets) (4.8.2)
Requirement not upgraded as not directly required: ipython>=4.0.0; python_version >= "3.3" in /home/ninghai/miniconda3/envs/candidate/lib/python3.6/site-packages (from ipywidgets>=7.0.0->azureml-contrib-widgets) (6.4.0)
Requirement not upgraded as not directly required: azureml-train-restclients-hyperdrive==0.1.0.1179783 in /home/ninghai/miniconda3/envs/candidate/lib/python3.6/site-packages (from azureml-train-core==0.1.0.1179783->azureml-contrib-widgets) (0.1.0.1179783)
Requirement not upgraded as not directly required: azure-common>=1.1.12 in /home/ninghai/miniconda3/envs/candidate/lib/python3.6/site-packages (from azureml-core==0.1.0.1179783->azureml-contrib-widgets) (1.1.14)
Requirement not upgraded as not directly required: python-dateutil>=2.7.3 in /home/ninghai/miniconda3/envs/candidate/lib/python3.6/site-packages (from azureml-core==0.1.0.1179783->azureml-contrib-widgets) (2.7.3)
Requirement not upgraded as not directly required: urllib3>=1.23 in /home/ninghai/miniconda3/envs/candidate/lib/python3.6/site-packages (from azureml-core==0.1.0.1179783->azureml-contrib-widgets) (1.23)
Requirement not upgraded as not directly required: azure-mgmt-keyvault>=0.40.0 in /home/ninghai/miniconda3/envs/candidate/lib/python3.6/site-packages (from azureml-core==0.1.0.1179783->azureml-contrib-widgets) (0.40.0)
Requirement not upgraded as not directly required: SecretStorage<3.0.0 in /home/ninghai/miniconda3/envs/candidate/lib/python3.6/site-packages (from azureml-core==0.1.0.1179783->azureml-contrib-widgets) (2.3.1)
Requirement not upgraded as not directly required: pytz in /home/ninghai/miniconda3/envs/candidate/lib/python3.6/site-packages (from azureml-core==0.1.0.1179783->azureml-contrib-widgets) (2018.5)
Requirement not upgraded as not directly required: azure-graphrbac>=0.40.0 in /home/ninghai/miniconda3/envs/candidate/lib/python3.6/site-packages (from azureml-core==0.1.0.1179783->azureml-contrib-widgets) (0.40.0)
Requirement not upgraded as not directly required: azure-mgmt-resource>=1.2.1 in /home/ninghai/miniconda3/envs/candidate/lib/python3.6/site-packages (from azureml-core==0.1.0.1179783->azureml-contrib-widgets) (2.0.0rc2)
Requirement not upgraded as not directly required: backports.tempfile in /home/ninghai/miniconda3/envs/candidate/lib/python3.6/site-packages (from azureml-core==0.1.0.1179783->azureml-contrib-widgets) (1.0)
Requirement not upgraded as not directly required: jsonpickle in /home/ninghai/miniconda3/envs/candidate/lib/python3.6/site-packages (from azureml-core==0.1.0.1179783->azureml-contrib-widgets) (0.9.6)
Requirement not upgraded as not directly required: cryptography in /home/ninghai/miniconda3/envs/candidate/lib/python3.6/site-packages (from azureml-core==0.1.0.1179783->azureml-contrib-widgets) (2.2.2)
Requirement not upgraded as not directly required: azure-cli-core>=2.0.38 in /home/ninghai/miniconda3/envs/candidate/lib/python3.6/site-packages (from azureml-core==0.1.0.1179783->azureml-contrib-widgets) (2.0.42)
Requirement not upgraded as not directly required: msrestazure>=0.4.33 in /home/ninghai/miniconda3/envs/candidate/lib/python3.6/site-packages (from azureml-core==0.1.0.1179783->azureml-contrib-widgets) (0.4.34)
Requirement not upgraded as not directly required: azure-mgmt-storage>=1.5.0 in /home/ninghai/miniconda3/envs/candidate/lib/python3.6/site-packages (from azureml-core==0.1.0.1179783->azureml-contrib-widgets) (1.5.0)
Requirement not upgraded as not directly required: azure-mgmt-containerregistry>=2.0.0 in /home/ninghai/miniconda3/envs/candidate/lib/python3.6/site-packages (from azureml-core==0.1.0.1179783->azureml-contrib-widgets) (2.0.0)
Requirement not upgraded as not directly required: pathspec in /home/ninghai/miniconda3/envs/candidate/lib/python3.6/site-packages (from azureml-core==0.1.0.1179783->azureml-contrib-widgets) (0.5.6)
Requirement not upgraded as not directly required: ndg-httpsclient in /home/ninghai/miniconda3/envs/candidate/lib/python3.6/site-packages (from azureml-core==0.1.0.1179783->azureml-contrib-widgets) (0.5.0)
Requirement not upgraded as not directly required: azure-storage-common>=1.1.0 in /home/ninghai/miniconda3/envs/candidate/lib/python3.6/site-packages (from azureml-core==0.1.0.1179783->azureml-contrib-widgets) (1.1.0)
Requirement not upgraded as not directly required: ruamel.yaml>=0.15.35 in /home/ninghai/miniconda3/envs/candidate/lib/python3.6/site-packages (from azureml-core==0.1.0.1179783->azureml-contrib-widgets) (0.15.44)
Requirement not upgraded as not directly required: azure-storage-blob>=1.1.0 in /home/ninghai/miniconda3/envs/candidate/lib/python3.6/site-packages (from azureml-core==0.1.0.1179783->azureml-contrib-widgets) (1.1.0)
Requirement not upgraded as not directly required: azure-storage-nspkg>=3.0.0 in /home/ninghai/miniconda3/envs/candidate/lib/python3.6/site-packages (from azureml-core==0.1.0.1179783->azureml-contrib-widgets) (3.0.0)
Requirement not upgraded as not directly required: azure-cli-profile>=2.0.26 in /home/ninghai/miniconda3/envs/candidate/lib/python3.6/site-packages (from azureml-core==0.1.0.1179783->azureml-contrib-widgets) (2.1.0)
Requirement not upgraded as not directly required: msrest>=0.5.1 in /home/ninghai/miniconda3/envs/candidate/lib/python3.6/site-packages (from azureml-core==0.1.0.1179783->azureml-contrib-widgets) (0.5.4)
Requirement not upgraded as not directly required: azure-mgmt-authorization>=0.40.0 in /home/ninghai/miniconda3/envs/candidate/lib/python3.6/site-packages (from azureml-core==0.1.0.1179783->azureml-contrib-widgets) (0.40.0)
Requirement not upgraded as not directly required: contextlib2 in /home/ninghai/miniconda3/envs/candidate/lib/python3.6/site-packages (from azureml-core==0.1.0.1179783->azureml-contrib-widgets) (0.5.5)
Requirement not upgraded as not directly required: six>=1.11.0 in /home/ninghai/miniconda3/envs/candidate/lib/python3.6/site-packages (from azureml-core==0.1.0.1179783->azureml-contrib-widgets) (1.11.0)
Requirement not upgraded as not directly required: requests>=2.19.1 in /home/ninghai/miniconda3/envs/candidate/lib/python3.6/site-packages (from azureml-core==0.1.0.1179783->azureml-contrib-widgets) (2.19.1)
Requirement not upgraded as not directly required: ipython-genutils in /home/ninghai/miniconda3/envs/candidate/lib/python3.6/site-packages (from nbformat>=4.2.0->ipywidgets>=7.0.0->azureml-contrib-widgets) (0.2.0)
Requirement not upgraded as not directly required: jupyter-core in /home/ninghai/miniconda3/envs/candidate/lib/python3.6/site-packages (from nbformat>=4.2.0->ipywidgets>=7.0.0->azureml-contrib-widgets) (4.4.0)
Requirement not upgraded as not directly required: jsonschema!=2.5.0,>=2.4 in /home/ninghai/miniconda3/envs/candidate/lib/python3.6/site-packages (from nbformat>=4.2.0->ipywidgets>=7.0.0->azureml-contrib-widgets) (2.6.0)
Requirement not upgraded as not directly required: notebook>=4.4.1 in /home/ninghai/miniconda3/envs/candidate/lib/python3.6/site-packages (from widgetsnbextension~=3.3.0->ipywidgets>=7.0.0->azureml-contrib-widgets) (5.6.0)
Requirement not upgraded as not directly required: decorator in /home/ninghai/miniconda3/envs/candidate/lib/python3.6/site-packages (from traitlets>=4.3.1->ipywidgets>=7.0.0->azureml-contrib-widgets) (4.3.0)
Requirement not upgraded as not directly required: jupyter_client in /home/ninghai/miniconda3/envs/candidate/lib/python3.6/site-packages (from ipykernel>=4.5.1->ipywidgets>=7.0.0->azureml-contrib-widgets) (5.2.3)
Requirement not upgraded as not directly required: tornado>=4.0 in /home/ninghai/miniconda3/envs/candidate/lib/python3.6/site-packages (from ipykernel>=4.5.1->ipywidgets>=7.0.0->azureml-contrib-widgets) (5.0.2)
Requirement not upgraded as not directly required: pygments in /home/ninghai/miniconda3/envs/candidate/lib/python3.6/site-packages (from ipython>=4.0.0; python_version >= "3.3"->ipywidgets>=7.0.0->azureml-contrib-widgets) (2.2.0)
Requirement not upgraded as not directly required: pexpect; sys_platform != "win32" in /home/ninghai/miniconda3/envs/candidate/lib/python3.6/site-packages (from ipython>=4.0.0; python_version >= "3.3"->ipywidgets>=7.0.0->azureml-contrib-widgets) (4.6.0)
Requirement not upgraded as not directly required: jedi>=0.10 in /home/ninghai/miniconda3/envs/candidate/lib/python3.6/site-packages (from ipython>=4.0.0; python_version >= "3.3"->ipywidgets>=7.0.0->azureml-contrib-widgets) (0.12.0)
Requirement not upgraded as not directly required: prompt-toolkit<2.0.0,>=1.0.15 in /home/ninghai/miniconda3/envs/candidate/lib/python3.6/site-packages (from ipython>=4.0.0; python_version >= "3.3"->ipywidgets>=7.0.0->azureml-contrib-widgets) (1.0.15)
Requirement not upgraded as not directly required: pickleshare in /home/ninghai/miniconda3/envs/candidate/lib/python3.6/site-packages (from ipython>=4.0.0; python_version >= "3.3"->ipywidgets>=7.0.0->azureml-contrib-widgets) (0.7.4)
Requirement not upgraded as not directly required: backcall in /home/ninghai/miniconda3/envs/candidate/lib/python3.6/site-packages (from ipython>=4.0.0; python_version >= "3.3"->ipywidgets>=7.0.0->azureml-contrib-widgets) (0.1.0)
Requirement not upgraded as not directly required: simplegeneric>0.8 in /home/ninghai/miniconda3/envs/candidate/lib/python3.6/site-packages (from ipython>=4.0.0; python_version >= "3.3"->ipywidgets>=7.0.0->azureml-contrib-widgets) (0.8.1)
Requirement not upgraded as not directly required: setuptools>=18.5 in /home/ninghai/miniconda3/envs/candidate/lib/python3.6/site-packages (from ipython>=4.0.0; python_version >= "3.3"->ipywidgets>=7.0.0->azureml-contrib-widgets) (39.2.0)
Requirement not upgraded as not directly required: certifi in /home/ninghai/miniconda3/envs/candidate/lib/python3.6/site-packages (from azureml-train-restclients-hyperdrive==0.1.0.1179783->azureml-train-core==0.1.0.1179783->azureml-contrib-widgets) (2018.4.16)
Requirement not upgraded as not directly required: azure-nspkg>=2.0.0 in /home/ninghai/miniconda3/envs/candidate/lib/python3.6/site-packages (from azure-common>=1.1.12->azureml-core==0.1.0.1179783->azureml-contrib-widgets) (2.0.0)
Requirement not upgraded as not directly required: azure-mgmt-nspkg>=2.0.0 in /home/ninghai/miniconda3/envs/candidate/lib/python3.6/site-packages (from azure-mgmt-keyvault>=0.40.0->azureml-core==0.1.0.1179783->azureml-contrib-widgets) (2.0.0)
Requirement not upgraded as not directly required: backports.weakref in /home/ninghai/miniconda3/envs/candidate/lib/python3.6/site-packages (from backports.tempfile->azureml-core==0.1.0.1179783->azureml-contrib-widgets) (1.0.post1)
Requirement not upgraded as not directly required: idna>=2.1 in /home/ninghai/miniconda3/envs/candidate/lib/python3.6/site-packages (from cryptography->azureml-core==0.1.0.1179783->azureml-contrib-widgets) (2.7)
Requirement not upgraded as not directly required: asn1crypto>=0.21.0 in /home/ninghai/miniconda3/envs/candidate/lib/python3.6/site-packages (from cryptography->azureml-core==0.1.0.1179783->azureml-contrib-widgets) (0.24.0)
Requirement not upgraded as not directly required: cffi>=1.7 in /home/ninghai/miniconda3/envs/candidate/lib/python3.6/site-packages (from cryptography->azureml-core==0.1.0.1179783->azureml-contrib-widgets) (1.11.5)
Requirement not upgraded as not directly required: argcomplete>=1.8.0 in /home/ninghai/miniconda3/envs/candidate/lib/python3.6/site-packages (from azure-cli-core>=2.0.38->azureml-core==0.1.0.1179783->azureml-contrib-widgets) (1.9.4)
Requirement not upgraded as not directly required: jmespath in /home/ninghai/miniconda3/envs/candidate/lib/python3.6/site-packages (from azure-cli-core>=2.0.38->azureml-core==0.1.0.1179783->azureml-contrib-widgets) (0.9.3)
Requirement not upgraded as not directly required: pyyaml~=4.2b4 in /home/ninghai/miniconda3/envs/candidate/lib/python3.6/site-packages (from azure-cli-core>=2.0.38->azureml-core==0.1.0.1179783->azureml-contrib-widgets) (4.2b4)
Requirement not upgraded as not directly required: knack==0.4.1 in /home/ninghai/miniconda3/envs/candidate/lib/python3.6/site-packages (from azure-cli-core>=2.0.38->azureml-core==0.1.0.1179783->azureml-contrib-widgets) (0.4.1)
Requirement not upgraded as not directly required: tabulate<=0.8.2,>=0.7.7 in /home/ninghai/miniconda3/envs/candidate/lib/python3.6/site-packages (from azure-cli-core>=2.0.38->azureml-core==0.1.0.1179783->azureml-contrib-widgets) (0.8.2)
Requirement not upgraded as not directly required: wheel==0.30.0 in /home/ninghai/miniconda3/envs/candidate/lib/python3.6/site-packages (from azure-cli-core>=2.0.38->azureml-core==0.1.0.1179783->azureml-contrib-widgets) (0.30.0)
Requirement not upgraded as not directly required: pyopenssl>=17.1.0 in /home/ninghai/miniconda3/envs/candidate/lib/python3.6/site-packages (from azure-cli-core>=2.0.38->azureml-core==0.1.0.1179783->azureml-contrib-widgets) (18.0.0)
Requirement not upgraded as not directly required: humanfriendly>=4.7 in /home/ninghai/miniconda3/envs/candidate/lib/python3.6/site-packages (from azure-cli-core>=2.0.38->azureml-core==0.1.0.1179783->azureml-contrib-widgets) (4.15.1)
Requirement not upgraded as not directly required: applicationinsights>=0.11.1 in /home/ninghai/miniconda3/envs/candidate/lib/python3.6/site-packages (from azure-cli-core>=2.0.38->azureml-core==0.1.0.1179783->azureml-contrib-widgets) (0.11.5)
Requirement not upgraded as not directly required: pip in /home/ninghai/miniconda3/envs/candidate/lib/python3.6/site-packages (from azure-cli-core>=2.0.38->azureml-core==0.1.0.1179783->azureml-contrib-widgets) (10.0.1)
Requirement not upgraded as not directly required: PyJWT in /home/ninghai/miniconda3/envs/candidate/lib/python3.6/site-packages (from azure-cli-core>=2.0.38->azureml-core==0.1.0.1179783->azureml-contrib-widgets) (1.6.4)
Requirement not upgraded as not directly required: paramiko in /home/ninghai/miniconda3/envs/candidate/lib/python3.6/site-packages (from azure-cli-core>=2.0.38->azureml-core==0.1.0.1179783->azureml-contrib-widgets) (2.4.1)
Requirement not upgraded as not directly required: azure-cli-nspkg>=2.0.0 in /home/ninghai/miniconda3/envs/candidate/lib/python3.6/site-packages (from azure-cli-core>=2.0.38->azureml-core==0.1.0.1179783->azureml-contrib-widgets) (3.0.3)
Requirement not upgraded as not directly required: colorama>=0.3.9 in /home/ninghai/miniconda3/envs/candidate/lib/python3.6/site-packages (from azure-cli-core>=2.0.38->azureml-core==0.1.0.1179783->azureml-contrib-widgets) (0.3.9)
Requirement not upgraded as not directly required: adal<2.0.0,>=0.5.0 in /home/ninghai/miniconda3/envs/candidate/lib/python3.6/site-packages (from msrestazure>=0.4.33->azureml-core==0.1.0.1179783->azureml-contrib-widgets) (1.0.2)
Requirement not upgraded as not directly required: keyring>=12.0.2 in /home/ninghai/miniconda3/envs/candidate/lib/python3.6/site-packages (from msrestazure>=0.4.33->azureml-core==0.1.0.1179783->azureml-contrib-widgets) (13.2.1)
Requirement not upgraded as not directly required: pyasn1>=0.1.1 in /home/ninghai/miniconda3/envs/candidate/lib/python3.6/site-packages (from ndg-httpsclient->azureml-core==0.1.0.1179783->azureml-contrib-widgets) (0.4.3)
Requirement not upgraded as not directly required: azure-cli-command-modules-nspkg>=2.0.0 in /home/ninghai/miniconda3/envs/candidate/lib/python3.6/site-packages (from azure-cli-profile>=2.0.26->azureml-core==0.1.0.1179783->azureml-contrib-widgets) (2.0.2)
Requirement not upgraded as not directly required: isodate>=0.6.0 in /home/ninghai/miniconda3/envs/candidate/lib/python3.6/site-packages (from msrest>=0.5.1->azureml-core==0.1.0.1179783->azureml-contrib-widgets) (0.6.0)
Requirement not upgraded as not directly required: requests-oauthlib>=0.5.0 in /home/ninghai/miniconda3/envs/candidate/lib/python3.6/site-packages (from msrest>=0.5.1->azureml-core==0.1.0.1179783->azureml-contrib-widgets) (1.0.0)
Requirement not upgraded as not directly required: chardet<3.1.0,>=3.0.2 in /home/ninghai/miniconda3/envs/candidate/lib/python3.6/site-packages (from requests>=2.19.1->azureml-core==0.1.0.1179783->azureml-contrib-widgets) (3.0.4)
Requirement not upgraded as not directly required: jinja2 in /home/ninghai/miniconda3/envs/candidate/lib/python3.6/site-packages (from notebook>=4.4.1->widgetsnbextension~=3.3.0->ipywidgets>=7.0.0->azureml-contrib-widgets) (2.10)
Requirement not upgraded as not directly required: terminado>=0.8.1 in /home/ninghai/miniconda3/envs/candidate/lib/python3.6/site-packages (from notebook>=4.4.1->widgetsnbextension~=3.3.0->ipywidgets>=7.0.0->azureml-contrib-widgets) (0.8.1)
Requirement not upgraded as not directly required: nbconvert in /home/ninghai/miniconda3/envs/candidate/lib/python3.6/site-packages (from notebook>=4.4.1->widgetsnbextension~=3.3.0->ipywidgets>=7.0.0->azureml-contrib-widgets) (5.3.1)
Requirement not upgraded as not directly required: pyzmq>=17 in /home/ninghai/miniconda3/envs/candidate/lib/python3.6/site-packages (from notebook>=4.4.1->widgetsnbextension~=3.3.0->ipywidgets>=7.0.0->azureml-contrib-widgets) (17.0.0)
Requirement not upgraded as not directly required: Send2Trash in /home/ninghai/miniconda3/envs/candidate/lib/python3.6/site-packages (from notebook>=4.4.1->widgetsnbextension~=3.3.0->ipywidgets>=7.0.0->azureml-contrib-widgets) (1.5.0)
Requirement not upgraded as not directly required: prometheus-client in /home/ninghai/miniconda3/envs/candidate/lib/python3.6/site-packages (from notebook>=4.4.1->widgetsnbextension~=3.3.0->ipywidgets>=7.0.0->azureml-contrib-widgets) (0.2.0)
Requirement not upgraded as not directly required: ptyprocess>=0.5 in /home/ninghai/miniconda3/envs/candidate/lib/python3.6/site-packages (from pexpect; sys_platform != "win32"->ipython>=4.0.0; python_version >= "3.3"->ipywidgets>=7.0.0->azureml-contrib-widgets) (0.6.0)
Requirement not upgraded as not directly required: parso>=0.2.0 in /home/ninghai/miniconda3/envs/candidate/lib/python3.6/site-packages (from jedi>=0.10->ipython>=4.0.0; python_version >= "3.3"->ipywidgets>=7.0.0->azureml-contrib-widgets) (0.3.0)
Requirement not upgraded as not directly required: wcwidth in /home/ninghai/miniconda3/envs/candidate/lib/python3.6/site-packages (from prompt-toolkit<2.0.0,>=1.0.15->ipython>=4.0.0; python_version >= "3.3"->ipywidgets>=7.0.0->azureml-contrib-widgets) (0.1.7)
Requirement not upgraded as not directly required: pycparser in /home/ninghai/miniconda3/envs/candidate/lib/python3.6/site-packages (from cffi>=1.7->cryptography->azureml-core==0.1.0.1179783->azureml-contrib-widgets) (2.18)
Requirement not upgraded as not directly required: bcrypt>=3.1.3 in /home/ninghai/miniconda3/envs/candidate/lib/python3.6/site-packages (from paramiko->azure-cli-core>=2.0.38->azureml-core==0.1.0.1179783->azureml-contrib-widgets) (3.1.4)
Requirement not upgraded as not directly required: pynacl>=1.0.1 in /home/ninghai/miniconda3/envs/candidate/lib/python3.6/site-packages (from paramiko->azure-cli-core>=2.0.38->azureml-core==0.1.0.1179783->azureml-contrib-widgets) (1.2.1)
Requirement not upgraded as not directly required: entrypoints in /home/ninghai/miniconda3/envs/candidate/lib/python3.6/site-packages (from keyring>=12.0.2->msrestazure>=0.4.33->azureml-core==0.1.0.1179783->azureml-contrib-widgets) (0.2.3)
Requirement not upgraded as not directly required: oauthlib>=0.6.2 in /home/ninghai/miniconda3/envs/candidate/lib/python3.6/site-packages (from requests-oauthlib>=0.5.0->msrest>=0.5.1->azureml-core==0.1.0.1179783->azureml-contrib-widgets) (2.1.0)
Requirement not upgraded as not directly required: MarkupSafe>=0.23 in /home/ninghai/miniconda3/envs/candidate/lib/python3.6/site-packages (from jinja2->notebook>=4.4.1->widgetsnbextension~=3.3.0->ipywidgets>=7.0.0->azureml-contrib-widgets) (1.0)
Requirement not upgraded as not directly required: mistune>=0.7.4 in /home/ninghai/miniconda3/envs/candidate/lib/python3.6/site-packages (from nbconvert->notebook>=4.4.1->widgetsnbextension~=3.3.0->ipywidgets>=7.0.0->azureml-contrib-widgets) (0.8.3)
Requirement not upgraded as not directly required: testpath in /home/ninghai/miniconda3/envs/candidate/lib/python3.6/site-packages (from nbconvert->notebook>=4.4.1->widgetsnbextension~=3.3.0->ipywidgets>=7.0.0->azureml-contrib-widgets) (0.3.1)
Requirement not upgraded as not directly required: pandocfilters>=1.4.1 in /home/ninghai/miniconda3/envs/candidate/lib/python3.6/site-packages (from nbconvert->notebook>=4.4.1->widgetsnbextension~=3.3.0->ipywidgets>=7.0.0->azureml-contrib-widgets) (1.4.2)
Requirement not upgraded as not directly required: bleach in /home/ninghai/miniconda3/envs/candidate/lib/python3.6/site-packages (from nbconvert->notebook>=4.4.1->widgetsnbextension~=3.3.0->ipywidgets>=7.0.0->azureml-contrib-widgets) (2.1.3)
Requirement not upgraded as not directly required: html5lib!=1.0b1,!=1.0b2,!=1.0b3,!=1.0b4,!=1.0b5,!=1.0b6,!=1.0b7,!=1.0b8,>=0.99999999pre in /home/ninghai/miniconda3/envs/candidate/lib/python3.6/site-packages (from bleach->nbconvert->notebook>=4.4.1->widgetsnbextension~=3.3.0->ipywidgets>=7.0.0->azureml-contrib-widgets) (1.0.1)
Requirement not upgraded as not directly required: webencodings in /home/ninghai/miniconda3/envs/candidate/lib/python3.6/site-packages (from html5lib!=1.0b1,!=1.0b2,!=1.0b3,!=1.0b4,!=1.0b5,!=1.0b6,!=1.0b7,!=1.0b8,>=0.99999999pre->bleach->nbconvert->notebook>=4.4.1->widgetsnbextension~=3.3.0->ipywidgets>=7.0.0->azureml-contrib-widgets) (0.5.1)
install azure-cli-ml
{
  "extensionType": "whl",
  "metadata": {
    "azext.minCliCoreVersion": "2.0.28",
    "classifiers": [
      "Development Status :: 3 - Alpha",
      "Intended Audience :: Developers",
      "Intended Audience :: System Administrators",
      "License :: OSI Approved :: MIT License",
      "Programming Language :: Python :: 2.7",
      "Programming Language :: Python :: 3.5"
    ],
    "extensions": {
      "python.details": {
        "contacts": [
          {
            "email": "azpycli@microsoft.com",
            "name": "Microsoft Corporation",
            "role": "author"
          }
        ],
        "document_names": {
          "description": "DESCRIPTION.rst",
          "license": "LICENSE.txt"
        },
        "project_urls": {
          "Home": "https://github.com/Azure/azure-cli"
        }
      }
    },
    "extras": [],
    "generator": "bdist_wheel (0.30.0)",
    "metadata_version": "2.0",
    "name": "azure-cli-ml",
    "run_requires": [
      {
        "requires": [
          "adal (>=0.4.7)",
          "azureml-core (==0.1.0.1179783)",
          "azureml-model-management-sdk (==1.0.1b6)",
          "docker (>=2.5.1)",
          "future (>=0.16.0)",
          "kubernetes (>=3.0.0)",
          "msrest (>=0.4.16)",
          "pyyaml (>=3.12.0)",
          "requests (>=2.18.1)",
          "scp (>=0.10.2)",
          "tabulate (>=0.7.7)"
        ]
      }
    ],
    "summary": "Microsoft Azure Command-Line Tools AzureML Command Module",
    "test_requires": [
      {
        "requires": [
          "azure-keyvault",
          "mock",
          "nose",
          "unittest-xml-reporting"
        ]
      }
    ],
    "version": "0.1.0.1179783"
  },
  "name": "azure-cli-ml",
  "version": "0.1.0.1179783"
}

###### azureml.core ########
0.1.0.1179783
############################
{
  "extensionType": "whl",
  "metadata": {
    "azext.minCliCoreVersion": "2.0.28",
    "classifiers": [
      "Development Status :: 3 - Alpha",
      "Intended Audience :: Developers",
      "Intended Audience :: System Administrators",
      "License :: OSI Approved :: MIT License",
      "Programming Language :: Python :: 2.7",
      "Programming Language :: Python :: 3.5"
    ],
    "extensions": {
      "python.details": {
        "contacts": [
          {
            "email": "azpycli@microsoft.com",
            "name": "Microsoft Corporation",
            "role": "author"
          }
        ],
        "document_names": {
          "description": "DESCRIPTION.rst",
          "license": "LICENSE.txt"
        },
        "project_urls": {
          "Home": "https://github.com/Azure/azure-cli"
        }
      }
    },
    "extras": [],
    "generator": "bdist_wheel (0.30.0)",
    "metadata_version": "2.0",
    "name": "azure-cli-ml",
    "run_requires": [
      {
        "requires": [
          "adal (>=0.4.7)",
          "azureml-core (==0.1.0.1179783)",
          "azureml-model-management-sdk (==1.0.1b6)",
          "docker (>=2.5.1)",
          "future (>=0.16.0)",
          "kubernetes (>=3.0.0)",
          "msrest (>=0.4.16)",
          "pyyaml (>=3.12.0)",
          "requests (>=2.18.1)",
          "scp (>=0.10.2)",
          "tabulate (>=0.7.7)"
        ]
      }
    ],
    "summary": "Microsoft Azure Command-Line Tools AzureML Command Module",
    "test_requires": [
      {
        "requires": [
          "azure-keyvault",
          "mock",
          "nose",
          "unittest-xml-reporting"
        ]
      }
    ],
    "version": "0.1.0.1179783"
  },
  "name": "azure-cli-ml",
  "version": "0.1.0.1179783"
}
