
Remove all packages in environment /home/ninghai/miniconda3/envs/candidate:



==> WARNING: A newer version of conda exists. <==
  current version: 4.5.4
  latest version: 4.5.9

Please update conda by running

    $ conda update -n base conda


twisted-18.7.0       |  4.9 MB |            |   0% twisted-18.7.0       |  4.9 MB |            |   0% twisted-18.7.0       |  4.9 MB |            |   1% twisted-18.7.0       |  4.9 MB | 2          |   2% twisted-18.7.0       |  4.9 MB | 3          |   4% twisted-18.7.0       |  4.9 MB | 5          |   5% twisted-18.7.0       |  4.9 MB | 7          |   7% twisted-18.7.0       |  4.9 MB | 9          |  10% twisted-18.7.0       |  4.9 MB | #2         |  13% twisted-18.7.0       |  4.9 MB | ##4        |  24% twisted-18.7.0       |  4.9 MB | ####5      |  45% twisted-18.7.0       |  4.9 MB | #######5   |  76% twisted-18.7.0       |  4.9 MB | #########1 |  91% twisted-18.7.0       |  4.9 MB | ########## | 100% 
twisted 18.7.0 requires PyHamcrest>=1.9.0, which is not installed.
azure-mgmt-recoveryservicesbackup 0.1.1 has requirement msrestazure~=0.4.11, but you'll have msrestazure 0.5.0 which is incompatible.
azure-mgmt-recoveryservices 0.1.0 has requirement msrestazure~=0.4.11, but you'll have msrestazure 0.5.0 which is incompatible.
azure-mgmt-storage 1.5.0 has requirement msrestazure~=0.4.11, but you'll have msrestazure 0.5.0 which is incompatible.
azure-mgmt-redis 4.1.0 has requirement msrestazure~=0.4.7, but you'll have msrestazure 0.5.0 which is incompatible.
azure-mgmt-keyvault 0.40.0 has requirement msrestazure~=0.4.7, but you'll have msrestazure 0.5.0 which is incompatible.
azure-mgmt-batch 4.1.0 has requirement msrestazure~=0.4.7, but you'll have msrestazure 0.5.0 which is incompatible.
azure-keyvault 0.3.7 has requirement msrestazure~=0.4.7, but you'll have msrestazure 0.5.0 which is incompatible.
azure-mgmt-trafficmanager 0.40.0 has requirement msrestazure~=0.4.8, but you'll have msrestazure 0.5.0 which is incompatible.
azure-mgmt-eventhub 1.2.0 has requirement msrestazure~=0.4.11, but you'll have msrestazure 0.5.0 which is incompatible.
azure-mgmt-servicefabric 0.1.0 has requirement msrestazure~=0.4.11, but you'll have msrestazure 0.5.0 which is incompatible.
azure-mgmt-cdn 1.0.0 has requirement msrestazure~=0.4.7, but you'll have msrestazure 0.5.0 which is incompatible.
azure-mgmt-devtestlabs 2.0.0 has requirement msrestazure~=0.4.7, but you'll have msrestazure 0.5.0 which is incompatible.
azure-mgmt-iothubprovisioningservices 0.1.0 has requirement msrestazure~=0.4.11, but you'll have msrestazure 0.5.0 which is incompatible.
azure-mgmt-datalake-store 0.2.0 has requirement msrestazure~=0.4.7, but you'll have msrestazure 0.5.0 which is incompatible.
azure-mgmt-datalake-analytics 0.2.0 has requirement msrestazure~=0.4.7, but you'll have msrestazure 0.5.0 which is incompatible.
azure-mgmt-cognitiveservices 1.0.0 has requirement msrestazure~=0.4.7, but you'll have msrestazure 0.5.0 which is incompatible.
You are using pip version 10.0.1, however version 18.0 is available.
You should consider upgrading via the 'pip install --upgrade pip' command.
