Looking in indexes: https://pypi.org/simple, https://azuremlsdktestpypi.azureedge.net/sdk-release/master/588E708E0DF342C4A80BD954289657CF
Collecting azureml-sdk
  Using cached https://azuremlsdktestpypi.blob.core.windows.net/repo/sdk-release/master/588E708E0DF342C4A80BD954289657CF/azureml_sdk-0.1.0.1014437-py3-none-any.whl?sv=2017-04-17&sr=b&sig=fs1xZeqdLMFvrglM5m0ufNZMiHk%2FeM29RCuGxhz9MRc%3D&st=2018-06-07T02%3A42%3A18Z&se=2019-06-07T02%3A42%3A18Z&sp=rl
Collecting azureml-contrib==0.1.0.1014437 (from azureml-sdk)
  Using cached https://azuremlsdktestpypi.blob.core.windows.net/repo/sdk-release/master/588E708E0DF342C4A80BD954289657CF/azureml_contrib-0.1.0.1014437-py3-none-any.whl?sv=2017-04-17&sr=b&sig=mhv8xVCvuYEhmsLjyFiPlj1cnE5LC8Myr1G%2BeWdvSIc%3D&st=2018-06-07T02%3A42%3A15Z&se=2019-06-07T02%3A42%3A15Z&sp=rl
Collecting azureml-core==0.1.0.1014437 (from azureml-sdk)
  Using cached https://azuremlsdktestpypi.blob.core.windows.net/repo/sdk-release/master/588E708E0DF342C4A80BD954289657CF/azureml_core-0.1.0.1014437-py2.py3-none-any.whl?sv=2017-04-17&sr=b&sig=ctMAC8Dn8MiJiRDWq2kngJUo07rdmZJ3sJGb82TAfy8%3D&st=2018-06-07T02%3A42%3A17Z&se=2019-06-07T02%3A42%3A17Z&sp=rl
Collecting azureml-train==0.1.0.1014437 (from azureml-sdk)
  Using cached https://azuremlsdktestpypi.blob.core.windows.net/repo/sdk-release/master/588E708E0DF342C4A80BD954289657CF/azureml_train-0.1.0.1014437-py3-none-any.whl?sv=2017-04-17&sr=b&sig=LTf0R7sQNcmVzxNiQIquo3oc0P12b0Feft0Ei6iO0Ng%3D&st=2018-06-07T02%3A42%3A18Z&se=2019-06-07T02%3A42%3A18Z&sp=rl
Collecting azureml-contrib-widgets==0.1.0.1014437 (from azureml-contrib==0.1.0.1014437->azureml-sdk)
  Using cached https://azuremlsdktestpypi.blob.core.windows.net/repo/sdk-release/master/588E708E0DF342C4A80BD954289657CF/azureml_contrib_widgets-0.1.0.1014437-py3-none-any.whl?sv=2017-04-17&sr=b&sig=n6p8aSc95rSjeBrDDA2RNet4Ti14a8x9cq5EbbY7n8E%3D&st=2018-06-07T02%3A42%3A16Z&se=2019-06-07T02%3A42%3A16Z&sp=rl
Collecting azureml-contrib-daskonbatch==0.1.0.1014437 (from azureml-contrib==0.1.0.1014437->azureml-sdk)
  Using cached https://azuremlsdktestpypi.blob.core.windows.net/repo/sdk-release/master/588E708E0DF342C4A80BD954289657CF/azureml_contrib_daskonbatch-0.1.0.1014437-py3-none-any.whl?sv=2017-04-17&sr=b&sig=1kKuMz4nnNfVg%2FFD1RV%2Bt7dpImT6pIt0AKhn1yvN4jg%3D&st=2018-06-07T02%3A42%3A16Z&se=2019-06-07T02%3A42%3A16Z&sp=rl
Collecting azureml-contrib-tensorboard==0.1.0.1014437 (from azureml-contrib==0.1.0.1014437->azureml-sdk)
  Using cached https://azuremlsdktestpypi.blob.core.windows.net/repo/sdk-release/master/588E708E0DF342C4A80BD954289657CF/azureml_contrib_tensorboard-0.1.0.1014437-py3-none-any.whl?sv=2017-04-17&sr=b&sig=6OHRp7ZbblPH%2FC4qDTTyj9%2B%2FD3qOuTRuyt9mfZmW5W8%3D&st=2018-06-07T02%3A42%3A16Z&se=2019-06-07T02%3A42%3A16Z&sp=rl
Collecting ndg-httpsclient (from azureml-core==0.1.0.1014437->azureml-sdk)
  Using cached https://files.pythonhosted.org/packages/78/60/1458ed478eb5777498ca57f4fabf2cf9328ac43e5f6db7839cf73704f3a6/ndg_httpsclient-0.5.0-py3-none-any.whl
Requirement not upgraded as not directly required: azure-graphrbac>=0.40.0 in /home/ninghai/miniconda3/envs/daily/lib/python3.6/site-packages (from azureml-core==0.1.0.1014437->azureml-sdk) (0.40.0)
Requirement not upgraded as not directly required: azure-mgmt-storage>=1.5.0 in /home/ninghai/miniconda3/envs/daily/lib/python3.6/site-packages (from azureml-core==0.1.0.1014437->azureml-sdk) (1.5.0)
Collecting pathspec (from azureml-core==0.1.0.1014437->azureml-sdk)
Requirement not upgraded as not directly required: azure-mgmt-authorization>=0.40.0 in /home/ninghai/miniconda3/envs/daily/lib/python3.6/site-packages (from azureml-core==0.1.0.1014437->azureml-sdk) (0.40.0)
Requirement not upgraded as not directly required: requests in /home/ninghai/miniconda3/envs/daily/lib/python3.6/site-packages (from azureml-core==0.1.0.1014437->azureml-sdk) (2.18.4)
Collecting azure-storage-file (from azureml-core==0.1.0.1014437->azureml-sdk)
  Using cached https://files.pythonhosted.org/packages/e9/2b/7d365610e5e303def65d54499b0dc24b66531b94254f26bf27a142485a5f/azure_storage_file-1.1.0-py2.py3-none-any.whl
Collecting ruamel.yaml>=0.15.35 (from azureml-core==0.1.0.1014437->azureml-sdk)
  Using cached https://files.pythonhosted.org/packages/98/cc/ba3b6ccd0a4f6c51d128742fc5f0f43ae570d67174342578591c50f30013/ruamel.yaml-0.15.37-cp36-cp36m-manylinux1_x86_64.whl
Requirement not upgraded as not directly required: msrestazure>=0.4.29 in /home/ninghai/miniconda3/envs/daily/lib/python3.6/site-packages (from azureml-core==0.1.0.1014437->azureml-sdk) (0.4.31)
Requirement not upgraded as not directly required: azure-mgmt-resource>=1.2.1 in /home/ninghai/miniconda3/envs/daily/lib/python3.6/site-packages (from azureml-core==0.1.0.1014437->azureml-sdk) (1.2.1)
Requirement not upgraded as not directly required: urllib3<1.23 in /home/ninghai/miniconda3/envs/daily/lib/python3.6/site-packages (from azureml-core==0.1.0.1014437->azureml-sdk) (1.22)
Collecting pathlib (from azureml-core==0.1.0.1014437->azureml-sdk)
Requirement not upgraded as not directly required: azure-storage-nspkg in /home/ninghai/miniconda3/envs/daily/lib/python3.6/site-packages (from azureml-core==0.1.0.1014437->azureml-sdk) (3.0.0)
Collecting backports.tempfile (from azureml-core==0.1.0.1014437->azureml-sdk)
  Using cached https://files.pythonhosted.org/packages/b4/5c/077f910632476281428fe254807952eb47ca78e720d059a46178c541e669/backports.tempfile-1.0-py2.py3-none-any.whl
Requirement not upgraded as not directly required: azure-cli-profile>=2.0.22 in /home/ninghai/miniconda3/envs/daily/lib/python3.6/site-packages (from azureml-core==0.1.0.1014437->azureml-sdk) (2.0.25)
Requirement not upgraded as not directly required: azure-storage-blob in /home/ninghai/miniconda3/envs/daily/lib/python3.6/site-packages (from azureml-core==0.1.0.1014437->azureml-sdk) (1.1.0)
Requirement not upgraded as not directly required: python-dateutil in /home/ninghai/miniconda3/envs/daily/lib/python3.6/site-packages (from azureml-core==0.1.0.1014437->azureml-sdk) (2.7.3)
Collecting jsonpickle (from azureml-core==0.1.0.1014437->azureml-sdk)
Collecting SecretStorage<3.0.0 (from azureml-core==0.1.0.1014437->azureml-sdk)
Requirement not upgraded as not directly required: azure-mgmt-containerregistry>=1.0.1 in /home/ninghai/miniconda3/envs/daily/lib/python3.6/site-packages (from azureml-core==0.1.0.1014437->azureml-sdk) (2.0.0)
Collecting contextlib2 (from azureml-core==0.1.0.1014437->azureml-sdk)
  Using cached https://files.pythonhosted.org/packages/a2/71/8273a7eeed0aff6a854237ab5453bc9aa67deb49df4832801c21f0ff3782/contextlib2-0.5.5-py2.py3-none-any.whl
Requirement not upgraded as not directly required: msrest>=0.4.29 in /home/ninghai/miniconda3/envs/daily/lib/python3.6/site-packages (from azureml-core==0.1.0.1014437->azureml-sdk) (0.4.29)
Requirement not upgraded as not directly required: azure-cli-core>=2.0.31 in /home/ninghai/miniconda3/envs/daily/lib/python3.6/site-packages (from azureml-core==0.1.0.1014437->azureml-sdk) (2.0.35)
Requirement not upgraded as not directly required: six>=1.11.0 in /home/ninghai/miniconda3/envs/daily/lib/python3.6/site-packages (from azureml-core==0.1.0.1014437->azureml-sdk) (1.11.0)
Requirement not upgraded as not directly required: pytz in /home/ninghai/miniconda3/envs/daily/lib/python3.6/site-packages (from azureml-core==0.1.0.1014437->azureml-sdk) (2018.4)
Requirement not upgraded as not directly required: azure-mgmt-keyvault>=0.40.0 in /home/ninghai/miniconda3/envs/daily/lib/python3.6/site-packages (from azureml-core==0.1.0.1014437->azureml-sdk) (0.40.0)
Requirement not upgraded as not directly required: azure-storage-common in /home/ninghai/miniconda3/envs/daily/lib/python3.6/site-packages (from azureml-core==0.1.0.1014437->azureml-sdk) (1.1.0)
Collecting azureml-train-core==0.1.0.1014437 (from azureml-train==0.1.0.1014437->azureml-sdk)
  Using cached https://azuremlsdktestpypi.blob.core.windows.net/repo/sdk-release/master/588E708E0DF342C4A80BD954289657CF/azureml_train_core-0.1.0.1014437-py3-none-any.whl?sv=2017-04-17&sr=b&sig=5Qoin1HuZU2aYZmp4UGKHLgO1v79keBZpcX5z07H2Cw%3D&st=2018-06-07T02%3A42%3A19Z&se=2019-06-07T02%3A42%3A19Z&sp=rl
Requirement not upgraded as not directly required: ipywidgets>=7.0.0 in /home/ninghai/miniconda3/envs/daily/lib/python3.6/site-packages (from azureml-contrib-widgets==0.1.0.1014437->azureml-contrib==0.1.0.1014437->azureml-sdk) (7.2.1)
Collecting joblib==0.11 (from azureml-contrib-daskonbatch==0.1.0.1014437->azureml-contrib==0.1.0.1014437->azureml-sdk)
  Using cached https://files.pythonhosted.org/packages/4f/51/870b2ec270fc29c5d89f85353da420606a9cb39fba4747127e7c7d7eb25d/joblib-0.11-py2.py3-none-any.whl
Collecting distributed==1.21 (from azureml-contrib-daskonbatch==0.1.0.1014437->azureml-contrib==0.1.0.1014437->azureml-sdk)
  Using cached https://files.pythonhosted.org/packages/fe/c0/074d190e0309899e95c112166c319b32291160ea1871bb9dc5b611577844/distributed-1.21.0-py2.py3-none-any.whl
Requirement not upgraded as not directly required: pyasn1>=0.1.1 in /home/ninghai/miniconda3/envs/daily/lib/python3.6/site-packages (from ndg-httpsclient->azureml-core==0.1.0.1014437->azureml-sdk) (0.4.3)
Requirement not upgraded as not directly required: PyOpenSSL in /home/ninghai/miniconda3/envs/daily/lib/python3.6/site-packages (from ndg-httpsclient->azureml-core==0.1.0.1014437->azureml-sdk) (18.0.0)
Requirement not upgraded as not directly required: azure-nspkg>=2.0.0 in /home/ninghai/miniconda3/envs/daily/lib/python3.6/site-packages (from azure-graphrbac>=0.40.0->azureml-core==0.1.0.1014437->azureml-sdk) (2.0.0)
Requirement not upgraded as not directly required: azure-common~=1.1 in /home/ninghai/miniconda3/envs/daily/lib/python3.6/site-packages (from azure-graphrbac>=0.40.0->azureml-core==0.1.0.1014437->azureml-sdk) (1.1.11)
Requirement not upgraded as not directly required: azure-mgmt-nspkg>=2.0.0 in /home/ninghai/miniconda3/envs/daily/lib/python3.6/site-packages (from azure-mgmt-storage>=1.5.0->azureml-core==0.1.0.1014437->azureml-sdk) (2.0.0)
Requirement not upgraded as not directly required: chardet<3.1.0,>=3.0.2 in /home/ninghai/miniconda3/envs/daily/lib/python3.6/site-packages (from requests->azureml-core==0.1.0.1014437->azureml-sdk) (3.0.4)
Requirement not upgraded as not directly required: idna<2.7,>=2.5 in /home/ninghai/miniconda3/envs/daily/lib/python3.6/site-packages (from requests->azureml-core==0.1.0.1014437->azureml-sdk) (2.6)
Requirement not upgraded as not directly required: certifi>=2017.4.17 in /home/ninghai/miniconda3/envs/daily/lib/python3.6/site-packages (from requests->azureml-core==0.1.0.1014437->azureml-sdk) (2018.4.16)
Requirement not upgraded as not directly required: adal<2.0.0,>=0.5.0 in /home/ninghai/miniconda3/envs/daily/lib/python3.6/site-packages (from msrestazure>=0.4.29->azureml-core==0.1.0.1014437->azureml-sdk) (1.0.0)
Requirement not upgraded as not directly required: keyring>=12.0.2 in /home/ninghai/miniconda3/envs/daily/lib/python3.6/site-packages (from msrestazure>=0.4.29->azureml-core==0.1.0.1014437->azureml-sdk) (12.2.1)
Collecting backports.weakref (from backports.tempfile->azureml-core==0.1.0.1014437->azureml-sdk)
  Using cached https://files.pythonhosted.org/packages/88/ec/f598b633c3d5ffe267aaada57d961c94fdfa183c5c3ebda2b6d151943db6/backports.weakref-1.0.post1-py2.py3-none-any.whl
Requirement not upgraded as not directly required: azure-cli-command-modules-nspkg>=2.0.0 in /home/ninghai/miniconda3/envs/daily/lib/python3.6/site-packages (from azure-cli-profile>=2.0.22->azureml-core==0.1.0.1014437->azureml-sdk) (2.0.1)
Requirement not upgraded as not directly required: cryptography in /home/ninghai/miniconda3/envs/daily/lib/python3.6/site-packages (from SecretStorage<3.0.0->azureml-core==0.1.0.1014437->azureml-sdk) (2.2.2)
Requirement not upgraded as not directly required: requests-oauthlib>=0.5.0 in /home/ninghai/miniconda3/envs/daily/lib/python3.6/site-packages (from msrest>=0.4.29->azureml-core==0.1.0.1014437->azureml-sdk) (1.0.0)
Requirement not upgraded as not directly required: isodate>=0.6.0 in /home/ninghai/miniconda3/envs/daily/lib/python3.6/site-packages (from msrest>=0.4.29->azureml-core==0.1.0.1014437->azureml-sdk) (0.6.0)
Requirement not upgraded as not directly required: paramiko in /home/ninghai/miniconda3/envs/daily/lib/python3.6/site-packages (from azure-cli-core>=2.0.31->azureml-core==0.1.0.1014437->azureml-sdk) (2.4.1)
Requirement not upgraded as not directly required: jmespath in /home/ninghai/miniconda3/envs/daily/lib/python3.6/site-packages (from azure-cli-core>=2.0.31->azureml-core==0.1.0.1014437->azureml-sdk) (0.9.3)
Requirement not upgraded as not directly required: argcomplete>=1.8.0 in /home/ninghai/miniconda3/envs/daily/lib/python3.6/site-packages (from azure-cli-core>=2.0.31->azureml-core==0.1.0.1014437->azureml-sdk) (1.9.4)
Requirement not upgraded as not directly required: tabulate<=0.8.2,>=0.7.7 in /home/ninghai/miniconda3/envs/daily/lib/python3.6/site-packages (from azure-cli-core>=2.0.31->azureml-core==0.1.0.1014437->azureml-sdk) (0.8.2)
Requirement not upgraded as not directly required: applicationinsights>=0.11.1 in /home/ninghai/miniconda3/envs/daily/lib/python3.6/site-packages (from azure-cli-core>=2.0.31->azureml-core==0.1.0.1014437->azureml-sdk) (0.11.4)
Requirement not upgraded as not directly required: pyyaml in /home/ninghai/miniconda3/envs/daily/lib/python3.6/site-packages (from azure-cli-core>=2.0.31->azureml-core==0.1.0.1014437->azureml-sdk) (3.12)
Requirement not upgraded as not directly required: wheel==0.30.0 in /home/ninghai/miniconda3/envs/daily/lib/python3.6/site-packages (from azure-cli-core>=2.0.31->azureml-core==0.1.0.1014437->azureml-sdk) (0.30.0)
Requirement not upgraded as not directly required: colorama>=0.3.9 in /home/ninghai/miniconda3/envs/daily/lib/python3.6/site-packages (from azure-cli-core>=2.0.31->azureml-core==0.1.0.1014437->azureml-sdk) (0.3.9)
Requirement not upgraded as not directly required: knack==0.3.3 in /home/ninghai/miniconda3/envs/daily/lib/python3.6/site-packages (from azure-cli-core>=2.0.31->azureml-core==0.1.0.1014437->azureml-sdk) (0.3.3)
Requirement not upgraded as not directly required: azure-cli-nspkg>=2.0.0 in /home/ninghai/miniconda3/envs/daily/lib/python3.6/site-packages (from azure-cli-core>=2.0.31->azureml-core==0.1.0.1014437->azureml-sdk) (3.0.2)
Requirement not upgraded as not directly required: humanfriendly>=4.7 in /home/ninghai/miniconda3/envs/daily/lib/python3.6/site-packages (from azure-cli-core>=2.0.31->azureml-core==0.1.0.1014437->azureml-sdk) (4.12.1)
Requirement not upgraded as not directly required: pip in /home/ninghai/miniconda3/envs/daily/lib/python3.6/site-packages (from azure-cli-core>=2.0.31->azureml-core==0.1.0.1014437->azureml-sdk) (10.0.1)
Requirement not upgraded as not directly required: PyJWT in /home/ninghai/miniconda3/envs/daily/lib/python3.6/site-packages (from azure-cli-core>=2.0.31->azureml-core==0.1.0.1014437->azureml-sdk) (1.6.4)
Requirement not upgraded as not directly required: pygments in /home/ninghai/miniconda3/envs/daily/lib/python3.6/site-packages (from azure-cli-core>=2.0.31->azureml-core==0.1.0.1014437->azureml-sdk) (2.2.0)
Collecting azureml-train-restclients-hyperdrive==0.1.0.1014437 (from azureml-train-core==0.1.0.1014437->azureml-train==0.1.0.1014437->azureml-sdk)
  Using cached https://azuremlsdktestpypi.blob.core.windows.net/repo/sdk-release/master/588E708E0DF342C4A80BD954289657CF/azureml_train_restclients_hyperdrive-0.1.0.1014437-py3-none-any.whl?sv=2017-04-17&sr=b&sig=tlno8AMD7R0zPIN3mBuI%2Bf1MefbfAvQsEuXLiCicHTA%3D&st=2018-06-07T02%3A42%3A19Z&se=2019-06-07T02%3A42%3A19Z&sp=rl
Requirement not upgraded as not directly required: ipykernel>=4.5.1 in /home/ninghai/miniconda3/envs/daily/lib/python3.6/site-packages (from ipywidgets>=7.0.0->azureml-contrib-widgets==0.1.0.1014437->azureml-contrib==0.1.0.1014437->azureml-sdk) (4.8.2)
Requirement not upgraded as not directly required: traitlets>=4.3.1 in /home/ninghai/miniconda3/envs/daily/lib/python3.6/site-packages (from ipywidgets>=7.0.0->azureml-contrib-widgets==0.1.0.1014437->azureml-contrib==0.1.0.1014437->azureml-sdk) (4.3.2)
Requirement not upgraded as not directly required: nbformat>=4.2.0 in /home/ninghai/miniconda3/envs/daily/lib/python3.6/site-packages (from ipywidgets>=7.0.0->azureml-contrib-widgets==0.1.0.1014437->azureml-contrib==0.1.0.1014437->azureml-sdk) (4.4.0)
Requirement not upgraded as not directly required: widgetsnbextension~=3.2.0 in /home/ninghai/miniconda3/envs/daily/lib/python3.6/site-packages (from ipywidgets>=7.0.0->azureml-contrib-widgets==0.1.0.1014437->azureml-contrib==0.1.0.1014437->azureml-sdk) (3.2.1)
Requirement not upgraded as not directly required: ipython>=4.0.0 in /home/ninghai/miniconda3/envs/daily/lib/python3.6/site-packages (from ipywidgets>=7.0.0->azureml-contrib-widgets==0.1.0.1014437->azureml-contrib==0.1.0.1014437->azureml-sdk) (6.4.0)
Collecting msgpack-python (from distributed==1.21->azureml-contrib-daskonbatch==0.1.0.1014437->azureml-contrib==0.1.0.1014437->azureml-sdk)
Collecting click>=6.6 (from distributed==1.21->azureml-contrib-daskonbatch==0.1.0.1014437->azureml-contrib==0.1.0.1014437->azureml-sdk)
  Using cached https://files.pythonhosted.org/packages/34/c1/8806f99713ddb993c5366c362b2f908f18269f8d792aff1abfd700775a77/click-6.7-py2.py3-none-any.whl
Collecting cloudpickle>=0.2.2 (from distributed==1.21->azureml-contrib-daskonbatch==0.1.0.1014437->azureml-contrib==0.1.0.1014437->azureml-sdk)
  Using cached https://files.pythonhosted.org/packages/e7/bf/60ae7ec1e8c6742d2abbb6819c39a48ee796793bcdb7e1d5e41a3e379ddd/cloudpickle-0.5.3-py2.py3-none-any.whl
Collecting toolz>=0.7.4 (from distributed==1.21->azureml-contrib-daskonbatch==0.1.0.1014437->azureml-contrib==0.1.0.1014437->azureml-sdk)
Collecting psutil (from distributed==1.21->azureml-contrib-daskonbatch==0.1.0.1014437->azureml-contrib==0.1.0.1014437->azureml-sdk)
Requirement not upgraded as not directly required: tornado>=4.5.1 in /home/ninghai/miniconda3/envs/daily/lib/python3.6/site-packages (from distributed==1.21->azureml-contrib-daskonbatch==0.1.0.1014437->azureml-contrib==0.1.0.1014437->azureml-sdk) (5.0.2)
Collecting dask>=0.17.0 (from distributed==1.21->azureml-contrib-daskonbatch==0.1.0.1014437->azureml-contrib==0.1.0.1014437->azureml-sdk)
  Using cached https://files.pythonhosted.org/packages/91/1a/71be14f468f8f3f94e708afd5662cf75a0ca33a78924ca9f129a9c45c66b/dask-0.17.5-py3-none-any.whl
Collecting tblib (from distributed==1.21->azureml-contrib-daskonbatch==0.1.0.1014437->azureml-contrib==0.1.0.1014437->azureml-sdk)
  Using cached https://files.pythonhosted.org/packages/4a/82/1b9fba6e93629a8557f9784cd8f1ae063c8762c26446367a6764edd328ce/tblib-1.3.2-py2.py3-none-any.whl
Collecting zict>=0.1.3 (from distributed==1.21->azureml-contrib-daskonbatch==0.1.0.1014437->azureml-contrib==0.1.0.1014437->azureml-sdk)
  Using cached https://files.pythonhosted.org/packages/5d/c9/eddd6c9a7ebd65fc799f9b87e56b45599a4e35d66e3da2722d7fc2a89f1f/zict-0.1.3-py2.py3-none-any.whl
Collecting sortedcontainers (from distributed==1.21->azureml-contrib-daskonbatch==0.1.0.1014437->azureml-contrib==0.1.0.1014437->azureml-sdk)
  Using cached https://files.pythonhosted.org/packages/cb/53/fe764fc8042e13245b50c4032fb2f857bc1e502aaca83063dcdf6b94d223/sortedcontainers-2.0.4-py2.py3-none-any.whl
Requirement not upgraded as not directly required: entrypoints in /home/ninghai/miniconda3/envs/daily/lib/python3.6/site-packages (from keyring>=12.0.2->msrestazure>=0.4.29->azureml-core==0.1.0.1014437->azureml-sdk) (0.2.3)
Requirement not upgraded as not directly required: asn1crypto>=0.21.0 in /home/ninghai/miniconda3/envs/daily/lib/python3.6/site-packages (from cryptography->SecretStorage<3.0.0->azureml-core==0.1.0.1014437->azureml-sdk) (0.24.0)
Requirement not upgraded as not directly required: cffi>=1.7 in /home/ninghai/miniconda3/envs/daily/lib/python3.6/site-packages (from cryptography->SecretStorage<3.0.0->azureml-core==0.1.0.1014437->azureml-sdk) (1.11.5)
Requirement not upgraded as not directly required: oauthlib>=0.6.2 in /home/ninghai/miniconda3/envs/daily/lib/python3.6/site-packages (from requests-oauthlib>=0.5.0->msrest>=0.4.29->azureml-core==0.1.0.1014437->azureml-sdk) (2.1.0)
Requirement not upgraded as not directly required: pynacl>=1.0.1 in /home/ninghai/miniconda3/envs/daily/lib/python3.6/site-packages (from paramiko->azure-cli-core>=2.0.31->azureml-core==0.1.0.1014437->azureml-sdk) (1.2.1)
Requirement not upgraded as not directly required: bcrypt>=3.1.3 in /home/ninghai/miniconda3/envs/daily/lib/python3.6/site-packages (from paramiko->azure-cli-core>=2.0.31->azureml-core==0.1.0.1014437->azureml-sdk) (3.1.4)
Requirement not upgraded as not directly required: jupyter_client in /home/ninghai/miniconda3/envs/daily/lib/python3.6/site-packages (from ipykernel>=4.5.1->ipywidgets>=7.0.0->azureml-contrib-widgets==0.1.0.1014437->azureml-contrib==0.1.0.1014437->azureml-sdk) (5.2.3)
Requirement not upgraded as not directly required: ipython_genutils in /home/ninghai/miniconda3/envs/daily/lib/python3.6/site-packages (from traitlets>=4.3.1->ipywidgets>=7.0.0->azureml-contrib-widgets==0.1.0.1014437->azureml-contrib==0.1.0.1014437->azureml-sdk) (0.2.0)
Requirement not upgraded as not directly required: decorator in /home/ninghai/miniconda3/envs/daily/lib/python3.6/site-packages (from traitlets>=4.3.1->ipywidgets>=7.0.0->azureml-contrib-widgets==0.1.0.1014437->azureml-contrib==0.1.0.1014437->azureml-sdk) (4.3.0)
Requirement not upgraded as not directly required: jsonschema!=2.5.0,>=2.4 in /home/ninghai/miniconda3/envs/daily/lib/python3.6/site-packages (from nbformat>=4.2.0->ipywidgets>=7.0.0->azureml-contrib-widgets==0.1.0.1014437->azureml-contrib==0.1.0.1014437->azureml-sdk) (2.6.0)
Requirement not upgraded as not directly required: jupyter_core in /home/ninghai/miniconda3/envs/daily/lib/python3.6/site-packages (from nbformat>=4.2.0->ipywidgets>=7.0.0->azureml-contrib-widgets==0.1.0.1014437->azureml-contrib==0.1.0.1014437->azureml-sdk) (4.4.0)
Requirement not upgraded as not directly required: notebook>=4.4.1 in /home/ninghai/miniconda3/envs/daily/lib/python3.6/site-packages (from widgetsnbextension~=3.2.0->ipywidgets>=7.0.0->azureml-contrib-widgets==0.1.0.1014437->azureml-contrib==0.1.0.1014437->azureml-sdk) (5.5.0)
Requirement not upgraded as not directly required: backcall in /home/ninghai/miniconda3/envs/daily/lib/python3.6/site-packages (from ipython>=4.0.0->ipywidgets>=7.0.0->azureml-contrib-widgets==0.1.0.1014437->azureml-contrib==0.1.0.1014437->azureml-sdk) (0.1.0)
Requirement not upgraded as not directly required: jedi>=0.10 in /home/ninghai/miniconda3/envs/daily/lib/python3.6/site-packages (from ipython>=4.0.0->ipywidgets>=7.0.0->azureml-contrib-widgets==0.1.0.1014437->azureml-contrib==0.1.0.1014437->azureml-sdk) (0.12.0)
Requirement not upgraded as not directly required: prompt-toolkit<2.0.0,>=1.0.15 in /home/ninghai/miniconda3/envs/daily/lib/python3.6/site-packages (from ipython>=4.0.0->ipywidgets>=7.0.0->azureml-contrib-widgets==0.1.0.1014437->azureml-contrib==0.1.0.1014437->azureml-sdk) (1.0.15)
Requirement not upgraded as not directly required: pexpect; sys_platform != "win32" in /home/ninghai/miniconda3/envs/daily/lib/python3.6/site-packages (from ipython>=4.0.0->ipywidgets>=7.0.0->azureml-contrib-widgets==0.1.0.1014437->azureml-contrib==0.1.0.1014437->azureml-sdk) (4.6.0)
Requirement not upgraded as not directly required: pickleshare in /home/ninghai/miniconda3/envs/daily/lib/python3.6/site-packages (from ipython>=4.0.0->ipywidgets>=7.0.0->azureml-contrib-widgets==0.1.0.1014437->azureml-contrib==0.1.0.1014437->azureml-sdk) (0.7.4)
Requirement not upgraded as not directly required: setuptools>=18.5 in /home/ninghai/miniconda3/envs/daily/lib/python3.6/site-packages (from ipython>=4.0.0->ipywidgets>=7.0.0->azureml-contrib-widgets==0.1.0.1014437->azureml-contrib==0.1.0.1014437->azureml-sdk) (39.2.0)
Requirement not upgraded as not directly required: simplegeneric>0.8 in /home/ninghai/miniconda3/envs/daily/lib/python3.6/site-packages (from ipython>=4.0.0->ipywidgets>=7.0.0->azureml-contrib-widgets==0.1.0.1014437->azureml-contrib==0.1.0.1014437->azureml-sdk) (0.8.1)
Collecting heapdict (from zict>=0.1.3->distributed==1.21->azureml-contrib-daskonbatch==0.1.0.1014437->azureml-contrib==0.1.0.1014437->azureml-sdk)
Requirement not upgraded as not directly required: pycparser in /home/ninghai/miniconda3/envs/daily/lib/python3.6/site-packages (from cffi>=1.7->cryptography->SecretStorage<3.0.0->azureml-core==0.1.0.1014437->azureml-sdk) (2.18)
Requirement not upgraded as not directly required: pyzmq>=13 in /home/ninghai/miniconda3/envs/daily/lib/python3.6/site-packages (from jupyter_client->ipykernel>=4.5.1->ipywidgets>=7.0.0->azureml-contrib-widgets==0.1.0.1014437->azureml-contrib==0.1.0.1014437->azureml-sdk) (17.0.0)
Requirement not upgraded as not directly required: jinja2 in /home/ninghai/miniconda3/envs/daily/lib/python3.6/site-packages (from notebook>=4.4.1->widgetsnbextension~=3.2.0->ipywidgets>=7.0.0->azureml-contrib-widgets==0.1.0.1014437->azureml-contrib==0.1.0.1014437->azureml-sdk) (2.10)
Requirement not upgraded as not directly required: terminado>=0.8.1 in /home/ninghai/miniconda3/envs/daily/lib/python3.6/site-packages (from notebook>=4.4.1->widgetsnbextension~=3.2.0->ipywidgets>=7.0.0->azureml-contrib-widgets==0.1.0.1014437->azureml-contrib==0.1.0.1014437->azureml-sdk) (0.8.1)
Requirement not upgraded as not directly required: Send2Trash in /home/ninghai/miniconda3/envs/daily/lib/python3.6/site-packages (from notebook>=4.4.1->widgetsnbextension~=3.2.0->ipywidgets>=7.0.0->azureml-contrib-widgets==0.1.0.1014437->azureml-contrib==0.1.0.1014437->azureml-sdk) (1.5.0)
Requirement not upgraded as not directly required: nbconvert in /home/ninghai/miniconda3/envs/daily/lib/python3.6/site-packages (from notebook>=4.4.1->widgetsnbextension~=3.2.0->ipywidgets>=7.0.0->azureml-contrib-widgets==0.1.0.1014437->azureml-contrib==0.1.0.1014437->azureml-sdk) (5.3.1)
Requirement not upgraded as not directly required: parso>=0.2.0 in /home/ninghai/miniconda3/envs/daily/lib/python3.6/site-packages (from jedi>=0.10->ipython>=4.0.0->ipywidgets>=7.0.0->azureml-contrib-widgets==0.1.0.1014437->azureml-contrib==0.1.0.1014437->azureml-sdk) (0.2.1)
Requirement not upgraded as not directly required: wcwidth in /home/ninghai/miniconda3/envs/daily/lib/python3.6/site-packages (from prompt-toolkit<2.0.0,>=1.0.15->ipython>=4.0.0->ipywidgets>=7.0.0->azureml-contrib-widgets==0.1.0.1014437->azureml-contrib==0.1.0.1014437->azureml-sdk) (0.1.7)
Requirement not upgraded as not directly required: ptyprocess>=0.5 in /home/ninghai/miniconda3/envs/daily/lib/python3.6/site-packages (from pexpect; sys_platform != "win32"->ipython>=4.0.0->ipywidgets>=7.0.0->azureml-contrib-widgets==0.1.0.1014437->azureml-contrib==0.1.0.1014437->azureml-sdk) (0.5.2)
Requirement not upgraded as not directly required: MarkupSafe>=0.23 in /home/ninghai/miniconda3/envs/daily/lib/python3.6/site-packages (from jinja2->notebook>=4.4.1->widgetsnbextension~=3.2.0->ipywidgets>=7.0.0->azureml-contrib-widgets==0.1.0.1014437->azureml-contrib==0.1.0.1014437->azureml-sdk) (1.0)
Requirement not upgraded as not directly required: mistune>=0.7.4 in /home/ninghai/miniconda3/envs/daily/lib/python3.6/site-packages (from nbconvert->notebook>=4.4.1->widgetsnbextension~=3.2.0->ipywidgets>=7.0.0->azureml-contrib-widgets==0.1.0.1014437->azureml-contrib==0.1.0.1014437->azureml-sdk) (0.8.3)
Requirement not upgraded as not directly required: bleach in /home/ninghai/miniconda3/envs/daily/lib/python3.6/site-packages (from nbconvert->notebook>=4.4.1->widgetsnbextension~=3.2.0->ipywidgets>=7.0.0->azureml-contrib-widgets==0.1.0.1014437->azureml-contrib==0.1.0.1014437->azureml-sdk) (2.1.3)
Requirement not upgraded as not directly required: pandocfilters>=1.4.1 in /home/ninghai/miniconda3/envs/daily/lib/python3.6/site-packages (from nbconvert->notebook>=4.4.1->widgetsnbextension~=3.2.0->ipywidgets>=7.0.0->azureml-contrib-widgets==0.1.0.1014437->azureml-contrib==0.1.0.1014437->azureml-sdk) (1.4.2)
Requirement not upgraded as not directly required: testpath in /home/ninghai/miniconda3/envs/daily/lib/python3.6/site-packages (from nbconvert->notebook>=4.4.1->widgetsnbextension~=3.2.0->ipywidgets>=7.0.0->azureml-contrib-widgets==0.1.0.1014437->azureml-contrib==0.1.0.1014437->azureml-sdk) (0.3.1)
Requirement not upgraded as not directly required: html5lib!=1.0b1,!=1.0b2,!=1.0b3,!=1.0b4,!=1.0b5,!=1.0b6,!=1.0b7,!=1.0b8,>=0.99999999pre in /home/ninghai/miniconda3/envs/daily/lib/python3.6/site-packages (from bleach->nbconvert->notebook>=4.4.1->widgetsnbextension~=3.2.0->ipywidgets>=7.0.0->azureml-contrib-widgets==0.1.0.1014437->azureml-contrib==0.1.0.1014437->azureml-sdk) (1.0.1)
Requirement not upgraded as not directly required: webencodings in /home/ninghai/miniconda3/envs/daily/lib/python3.6/site-packages (from html5lib!=1.0b1,!=1.0b2,!=1.0b3,!=1.0b4,!=1.0b5,!=1.0b6,!=1.0b7,!=1.0b8,>=0.99999999pre->bleach->nbconvert->notebook>=4.4.1->widgetsnbextension~=3.2.0->ipywidgets>=7.0.0->azureml-contrib-widgets==0.1.0.1014437->azureml-contrib==0.1.0.1014437->azureml-sdk) (0.5.1)
Installing collected packages: ndg-httpsclient, pathspec, azure-storage-file, ruamel.yaml, pathlib, backports.weakref, backports.tempfile, jsonpickle, SecretStorage, contextlib2, azureml-core, azureml-train-restclients-hyperdrive, azureml-train-core, azureml-contrib-widgets, joblib, msgpack-python, click, cloudpickle, toolz, psutil, dask, tblib, heapdict, zict, sortedcontainers, distributed, azureml-contrib-daskonbatch, azureml-contrib-tensorboard, azureml-contrib, azureml-train, azureml-sdk
  Found existing installation: SecretStorage 3.0.1
    Uninstalling SecretStorage-3.0.1:
      Successfully uninstalled SecretStorage-3.0.1
Successfully installed SecretStorage-2.3.1 azure-storage-file-1.1.0 azureml-contrib-0.1.0.1014437 azureml-contrib-daskonbatch-0.1.0.1014437 azureml-contrib-tensorboard-0.1.0.1014437 azureml-contrib-widgets-0.1.0.1014437 azureml-core-0.1.0.1014437 azureml-sdk-0.1.0.1014437 azureml-train-0.1.0.1014437 azureml-train-core-0.1.0.1014437 azureml-train-restclients-hyperdrive-0.1.0.1014437 backports.tempfile-1.0 backports.weakref-1.0.post1 click-6.7 cloudpickle-0.5.3 contextlib2-0.5.5 dask-0.17.5 distributed-1.21.0 heapdict-1.0.0 joblib-0.11 jsonpickle-0.9.6 msgpack-python-0.5.6 ndg-httpsclient-0.5.0 pathlib-1.0.1 pathspec-0.5.6 psutil-5.4.5 ruamel.yaml-0.15.37 sortedcontainers-2.0.4 tblib-1.3.2 toolz-0.9.0 zict-0.1.3
Looking in indexes: https://pypi.org/simple, https://azuremlsdktestpypi.azureedge.net/sdk-release/master/588E708E0DF342C4A80BD954289657CF
Requirement already up-to-date: azureml-contrib-widgets in /home/ninghai/miniconda3/envs/daily/lib/python3.6/site-packages (0.1.0.1014437)
Requirement not upgraded as not directly required: ipywidgets>=7.0.0 in /home/ninghai/miniconda3/envs/daily/lib/python3.6/site-packages (from azureml-contrib-widgets) (7.2.1)
Requirement not upgraded as not directly required: azureml-core==0.1.0.1014437 in /home/ninghai/miniconda3/envs/daily/lib/python3.6/site-packages (from azureml-contrib-widgets) (0.1.0.1014437)
Requirement not upgraded as not directly required: azureml-train-core==0.1.0.1014437 in /home/ninghai/miniconda3/envs/daily/lib/python3.6/site-packages (from azureml-contrib-widgets) (0.1.0.1014437)
Requirement not upgraded as not directly required: ipykernel>=4.5.1 in /home/ninghai/miniconda3/envs/daily/lib/python3.6/site-packages (from ipywidgets>=7.0.0->azureml-contrib-widgets) (4.8.2)
Requirement not upgraded as not directly required: traitlets>=4.3.1 in /home/ninghai/miniconda3/envs/daily/lib/python3.6/site-packages (from ipywidgets>=7.0.0->azureml-contrib-widgets) (4.3.2)
Requirement not upgraded as not directly required: nbformat>=4.2.0 in /home/ninghai/miniconda3/envs/daily/lib/python3.6/site-packages (from ipywidgets>=7.0.0->azureml-contrib-widgets) (4.4.0)
Requirement not upgraded as not directly required: widgetsnbextension~=3.2.0 in /home/ninghai/miniconda3/envs/daily/lib/python3.6/site-packages (from ipywidgets>=7.0.0->azureml-contrib-widgets) (3.2.1)
Requirement not upgraded as not directly required: ipython>=4.0.0 in /home/ninghai/miniconda3/envs/daily/lib/python3.6/site-packages (from ipywidgets>=7.0.0->azureml-contrib-widgets) (6.4.0)
Requirement not upgraded as not directly required: backports.tempfile in /home/ninghai/miniconda3/envs/daily/lib/python3.6/site-packages (from azureml-core==0.1.0.1014437->azureml-contrib-widgets) (1.0)
Requirement not upgraded as not directly required: azure-mgmt-authorization>=0.40.0 in /home/ninghai/miniconda3/envs/daily/lib/python3.6/site-packages (from azureml-core==0.1.0.1014437->azureml-contrib-widgets) (0.40.0)
Requirement not upgraded as not directly required: contextlib2 in /home/ninghai/miniconda3/envs/daily/lib/python3.6/site-packages (from azureml-core==0.1.0.1014437->azureml-contrib-widgets) (0.5.5)
Requirement not upgraded as not directly required: azure-graphrbac>=0.40.0 in /home/ninghai/miniconda3/envs/daily/lib/python3.6/site-packages (from azureml-core==0.1.0.1014437->azureml-contrib-widgets) (0.40.0)
Requirement not upgraded as not directly required: pytz in /home/ninghai/miniconda3/envs/daily/lib/python3.6/site-packages (from azureml-core==0.1.0.1014437->azureml-contrib-widgets) (2018.4)
Requirement not upgraded as not directly required: urllib3<1.23 in /home/ninghai/miniconda3/envs/daily/lib/python3.6/site-packages (from azureml-core==0.1.0.1014437->azureml-contrib-widgets) (1.22)
Requirement not upgraded as not directly required: pathlib in /home/ninghai/miniconda3/envs/daily/lib/python3.6/site-packages (from azureml-core==0.1.0.1014437->azureml-contrib-widgets) (1.0.1)
Requirement not upgraded as not directly required: azure-storage-common in /home/ninghai/miniconda3/envs/daily/lib/python3.6/site-packages (from azureml-core==0.1.0.1014437->azureml-contrib-widgets) (1.1.0)
Requirement not upgraded as not directly required: SecretStorage<3.0.0 in /home/ninghai/miniconda3/envs/daily/lib/python3.6/site-packages (from azureml-core==0.1.0.1014437->azureml-contrib-widgets) (2.3.1)
Requirement not upgraded as not directly required: six>=1.11.0 in /home/ninghai/miniconda3/envs/daily/lib/python3.6/site-packages (from azureml-core==0.1.0.1014437->azureml-contrib-widgets) (1.11.0)
Requirement not upgraded as not directly required: ndg-httpsclient in /home/ninghai/miniconda3/envs/daily/lib/python3.6/site-packages (from azureml-core==0.1.0.1014437->azureml-contrib-widgets) (0.5.0)
Requirement not upgraded as not directly required: msrestazure>=0.4.29 in /home/ninghai/miniconda3/envs/daily/lib/python3.6/site-packages (from azureml-core==0.1.0.1014437->azureml-contrib-widgets) (0.4.31)
Requirement not upgraded as not directly required: azure-mgmt-resource>=1.2.1 in /home/ninghai/miniconda3/envs/daily/lib/python3.6/site-packages (from azureml-core==0.1.0.1014437->azureml-contrib-widgets) (1.2.1)
Requirement not upgraded as not directly required: requests in /home/ninghai/miniconda3/envs/daily/lib/python3.6/site-packages (from azureml-core==0.1.0.1014437->azureml-contrib-widgets) (2.18.4)
Requirement not upgraded as not directly required: azure-storage-blob in /home/ninghai/miniconda3/envs/daily/lib/python3.6/site-packages (from azureml-core==0.1.0.1014437->azureml-contrib-widgets) (1.1.0)
Requirement not upgraded as not directly required: azure-mgmt-storage>=1.5.0 in /home/ninghai/miniconda3/envs/daily/lib/python3.6/site-packages (from azureml-core==0.1.0.1014437->azureml-contrib-widgets) (1.5.0)
Requirement not upgraded as not directly required: pathspec in /home/ninghai/miniconda3/envs/daily/lib/python3.6/site-packages (from azureml-core==0.1.0.1014437->azureml-contrib-widgets) (0.5.6)
Requirement not upgraded as not directly required: azure-storage-file in /home/ninghai/miniconda3/envs/daily/lib/python3.6/site-packages (from azureml-core==0.1.0.1014437->azureml-contrib-widgets) (1.1.0)
Requirement not upgraded as not directly required: azure-storage-nspkg in /home/ninghai/miniconda3/envs/daily/lib/python3.6/site-packages (from azureml-core==0.1.0.1014437->azureml-contrib-widgets) (3.0.0)
Requirement not upgraded as not directly required: python-dateutil in /home/ninghai/miniconda3/envs/daily/lib/python3.6/site-packages (from azureml-core==0.1.0.1014437->azureml-contrib-widgets) (2.7.3)
Requirement not upgraded as not directly required: msrest>=0.4.29 in /home/ninghai/miniconda3/envs/daily/lib/python3.6/site-packages (from azureml-core==0.1.0.1014437->azureml-contrib-widgets) (0.4.29)
Requirement not upgraded as not directly required: ruamel.yaml>=0.15.35 in /home/ninghai/miniconda3/envs/daily/lib/python3.6/site-packages (from azureml-core==0.1.0.1014437->azureml-contrib-widgets) (0.15.37)
Requirement not upgraded as not directly required: azure-mgmt-containerregistry>=1.0.1 in /home/ninghai/miniconda3/envs/daily/lib/python3.6/site-packages (from azureml-core==0.1.0.1014437->azureml-contrib-widgets) (2.0.0)
Requirement not upgraded as not directly required: jsonpickle in /home/ninghai/miniconda3/envs/daily/lib/python3.6/site-packages (from azureml-core==0.1.0.1014437->azureml-contrib-widgets) (0.9.6)
Requirement not upgraded as not directly required: azure-mgmt-keyvault>=0.40.0 in /home/ninghai/miniconda3/envs/daily/lib/python3.6/site-packages (from azureml-core==0.1.0.1014437->azureml-contrib-widgets) (0.40.0)
Requirement not upgraded as not directly required: azure-cli-profile>=2.0.22 in /home/ninghai/miniconda3/envs/daily/lib/python3.6/site-packages (from azureml-core==0.1.0.1014437->azureml-contrib-widgets) (2.0.25)
Requirement not upgraded as not directly required: azure-cli-core>=2.0.31 in /home/ninghai/miniconda3/envs/daily/lib/python3.6/site-packages (from azureml-core==0.1.0.1014437->azureml-contrib-widgets) (2.0.35)
Requirement not upgraded as not directly required: azureml-train-restclients-hyperdrive==0.1.0.1014437 in /home/ninghai/miniconda3/envs/daily/lib/python3.6/site-packages (from azureml-train-core==0.1.0.1014437->azureml-contrib-widgets) (0.1.0.1014437)
Requirement not upgraded as not directly required: jupyter_client in /home/ninghai/miniconda3/envs/daily/lib/python3.6/site-packages (from ipykernel>=4.5.1->ipywidgets>=7.0.0->azureml-contrib-widgets) (5.2.3)
Requirement not upgraded as not directly required: tornado>=4.0 in /home/ninghai/miniconda3/envs/daily/lib/python3.6/site-packages (from ipykernel>=4.5.1->ipywidgets>=7.0.0->azureml-contrib-widgets) (5.0.2)
Requirement not upgraded as not directly required: ipython_genutils in /home/ninghai/miniconda3/envs/daily/lib/python3.6/site-packages (from traitlets>=4.3.1->ipywidgets>=7.0.0->azureml-contrib-widgets) (0.2.0)
Requirement not upgraded as not directly required: decorator in /home/ninghai/miniconda3/envs/daily/lib/python3.6/site-packages (from traitlets>=4.3.1->ipywidgets>=7.0.0->azureml-contrib-widgets) (4.3.0)
Requirement not upgraded as not directly required: jsonschema!=2.5.0,>=2.4 in /home/ninghai/miniconda3/envs/daily/lib/python3.6/site-packages (from nbformat>=4.2.0->ipywidgets>=7.0.0->azureml-contrib-widgets) (2.6.0)
Requirement not upgraded as not directly required: jupyter_core in /home/ninghai/miniconda3/envs/daily/lib/python3.6/site-packages (from nbformat>=4.2.0->ipywidgets>=7.0.0->azureml-contrib-widgets) (4.4.0)
Requirement not upgraded as not directly required: notebook>=4.4.1 in /home/ninghai/miniconda3/envs/daily/lib/python3.6/site-packages (from widgetsnbextension~=3.2.0->ipywidgets>=7.0.0->azureml-contrib-widgets) (5.5.0)
Requirement not upgraded as not directly required: setuptools>=18.5 in /home/ninghai/miniconda3/envs/daily/lib/python3.6/site-packages (from ipython>=4.0.0->ipywidgets>=7.0.0->azureml-contrib-widgets) (39.2.0)
Requirement not upgraded as not directly required: pickleshare in /home/ninghai/miniconda3/envs/daily/lib/python3.6/site-packages (from ipython>=4.0.0->ipywidgets>=7.0.0->azureml-contrib-widgets) (0.7.4)
Requirement not upgraded as not directly required: pygments in /home/ninghai/miniconda3/envs/daily/lib/python3.6/site-packages (from ipython>=4.0.0->ipywidgets>=7.0.0->azureml-contrib-widgets) (2.2.0)
Requirement not upgraded as not directly required: backcall in /home/ninghai/miniconda3/envs/daily/lib/python3.6/site-packages (from ipython>=4.0.0->ipywidgets>=7.0.0->azureml-contrib-widgets) (0.1.0)
Requirement not upgraded as not directly required: prompt-toolkit<2.0.0,>=1.0.15 in /home/ninghai/miniconda3/envs/daily/lib/python3.6/site-packages (from ipython>=4.0.0->ipywidgets>=7.0.0->azureml-contrib-widgets) (1.0.15)
Requirement not upgraded as not directly required: pexpect; sys_platform != "win32" in /home/ninghai/miniconda3/envs/daily/lib/python3.6/site-packages (from ipython>=4.0.0->ipywidgets>=7.0.0->azureml-contrib-widgets) (4.6.0)
Requirement not upgraded as not directly required: simplegeneric>0.8 in /home/ninghai/miniconda3/envs/daily/lib/python3.6/site-packages (from ipython>=4.0.0->ipywidgets>=7.0.0->azureml-contrib-widgets) (0.8.1)
Requirement not upgraded as not directly required: jedi>=0.10 in /home/ninghai/miniconda3/envs/daily/lib/python3.6/site-packages (from ipython>=4.0.0->ipywidgets>=7.0.0->azureml-contrib-widgets) (0.12.0)
Requirement not upgraded as not directly required: backports.weakref in /home/ninghai/miniconda3/envs/daily/lib/python3.6/site-packages (from backports.tempfile->azureml-core==0.1.0.1014437->azureml-contrib-widgets) (1.0.post1)
Requirement not upgraded as not directly required: azure-mgmt-nspkg>=2.0.0 in /home/ninghai/miniconda3/envs/daily/lib/python3.6/site-packages (from azure-mgmt-authorization>=0.40.0->azureml-core==0.1.0.1014437->azureml-contrib-widgets) (2.0.0)
Requirement not upgraded as not directly required: azure-common~=1.1 in /home/ninghai/miniconda3/envs/daily/lib/python3.6/site-packages (from azure-mgmt-authorization>=0.40.0->azureml-core==0.1.0.1014437->azureml-contrib-widgets) (1.1.11)
Requirement not upgraded as not directly required: azure-nspkg>=2.0.0 in /home/ninghai/miniconda3/envs/daily/lib/python3.6/site-packages (from azure-graphrbac>=0.40.0->azureml-core==0.1.0.1014437->azureml-contrib-widgets) (2.0.0)
Requirement not upgraded as not directly required: cryptography in /home/ninghai/miniconda3/envs/daily/lib/python3.6/site-packages (from azure-storage-common->azureml-core==0.1.0.1014437->azureml-contrib-widgets) (2.2.2)
Requirement not upgraded as not directly required: PyOpenSSL in /home/ninghai/miniconda3/envs/daily/lib/python3.6/site-packages (from ndg-httpsclient->azureml-core==0.1.0.1014437->azureml-contrib-widgets) (18.0.0)
Requirement not upgraded as not directly required: pyasn1>=0.1.1 in /home/ninghai/miniconda3/envs/daily/lib/python3.6/site-packages (from ndg-httpsclient->azureml-core==0.1.0.1014437->azureml-contrib-widgets) (0.4.3)
Requirement not upgraded as not directly required: keyring>=12.0.2 in /home/ninghai/miniconda3/envs/daily/lib/python3.6/site-packages (from msrestazure>=0.4.29->azureml-core==0.1.0.1014437->azureml-contrib-widgets) (12.2.1)
Requirement not upgraded as not directly required: adal<2.0.0,>=0.5.0 in /home/ninghai/miniconda3/envs/daily/lib/python3.6/site-packages (from msrestazure>=0.4.29->azureml-core==0.1.0.1014437->azureml-contrib-widgets) (1.0.0)
Requirement not upgraded as not directly required: chardet<3.1.0,>=3.0.2 in /home/ninghai/miniconda3/envs/daily/lib/python3.6/site-packages (from requests->azureml-core==0.1.0.1014437->azureml-contrib-widgets) (3.0.4)
Requirement not upgraded as not directly required: idna<2.7,>=2.5 in /home/ninghai/miniconda3/envs/daily/lib/python3.6/site-packages (from requests->azureml-core==0.1.0.1014437->azureml-contrib-widgets) (2.6)
Requirement not upgraded as not directly required: certifi>=2017.4.17 in /home/ninghai/miniconda3/envs/daily/lib/python3.6/site-packages (from requests->azureml-core==0.1.0.1014437->azureml-contrib-widgets) (2018.4.16)
Requirement not upgraded as not directly required: requests-oauthlib>=0.5.0 in /home/ninghai/miniconda3/envs/daily/lib/python3.6/site-packages (from msrest>=0.4.29->azureml-core==0.1.0.1014437->azureml-contrib-widgets) (1.0.0)
Requirement not upgraded as not directly required: isodate>=0.6.0 in /home/ninghai/miniconda3/envs/daily/lib/python3.6/site-packages (from msrest>=0.4.29->azureml-core==0.1.0.1014437->azureml-contrib-widgets) (0.6.0)
Requirement not upgraded as not directly required: azure-cli-command-modules-nspkg>=2.0.0 in /home/ninghai/miniconda3/envs/daily/lib/python3.6/site-packages (from azure-cli-profile>=2.0.22->azureml-core==0.1.0.1014437->azureml-contrib-widgets) (2.0.1)
Requirement not upgraded as not directly required: applicationinsights>=0.11.1 in /home/ninghai/miniconda3/envs/daily/lib/python3.6/site-packages (from azure-cli-core>=2.0.31->azureml-core==0.1.0.1014437->azureml-contrib-widgets) (0.11.4)
Requirement not upgraded as not directly required: tabulate<=0.8.2,>=0.7.7 in /home/ninghai/miniconda3/envs/daily/lib/python3.6/site-packages (from azure-cli-core>=2.0.31->azureml-core==0.1.0.1014437->azureml-contrib-widgets) (0.8.2)
Requirement not upgraded as not directly required: humanfriendly>=4.7 in /home/ninghai/miniconda3/envs/daily/lib/python3.6/site-packages (from azure-cli-core>=2.0.31->azureml-core==0.1.0.1014437->azureml-contrib-widgets) (4.12.1)
Requirement not upgraded as not directly required: jmespath in /home/ninghai/miniconda3/envs/daily/lib/python3.6/site-packages (from azure-cli-core>=2.0.31->azureml-core==0.1.0.1014437->azureml-contrib-widgets) (0.9.3)
Requirement not upgraded as not directly required: paramiko in /home/ninghai/miniconda3/envs/daily/lib/python3.6/site-packages (from azure-cli-core>=2.0.31->azureml-core==0.1.0.1014437->azureml-contrib-widgets) (2.4.1)
Requirement not upgraded as not directly required: PyJWT in /home/ninghai/miniconda3/envs/daily/lib/python3.6/site-packages (from azure-cli-core>=2.0.31->azureml-core==0.1.0.1014437->azureml-contrib-widgets) (1.6.4)
Requirement not upgraded as not directly required: azure-cli-nspkg>=2.0.0 in /home/ninghai/miniconda3/envs/daily/lib/python3.6/site-packages (from azure-cli-core>=2.0.31->azureml-core==0.1.0.1014437->azureml-contrib-widgets) (3.0.2)
Requirement not upgraded as not directly required: pip in /home/ninghai/miniconda3/envs/daily/lib/python3.6/site-packages (from azure-cli-core>=2.0.31->azureml-core==0.1.0.1014437->azureml-contrib-widgets) (10.0.1)
Requirement not upgraded as not directly required: pyyaml in /home/ninghai/miniconda3/envs/daily/lib/python3.6/site-packages (from azure-cli-core>=2.0.31->azureml-core==0.1.0.1014437->azureml-contrib-widgets) (3.12)
Requirement not upgraded as not directly required: wheel==0.30.0 in /home/ninghai/miniconda3/envs/daily/lib/python3.6/site-packages (from azure-cli-core>=2.0.31->azureml-core==0.1.0.1014437->azureml-contrib-widgets) (0.30.0)
Requirement not upgraded as not directly required: knack==0.3.3 in /home/ninghai/miniconda3/envs/daily/lib/python3.6/site-packages (from azure-cli-core>=2.0.31->azureml-core==0.1.0.1014437->azureml-contrib-widgets) (0.3.3)
Requirement not upgraded as not directly required: argcomplete>=1.8.0 in /home/ninghai/miniconda3/envs/daily/lib/python3.6/site-packages (from azure-cli-core>=2.0.31->azureml-core==0.1.0.1014437->azureml-contrib-widgets) (1.9.4)
Requirement not upgraded as not directly required: colorama>=0.3.9 in /home/ninghai/miniconda3/envs/daily/lib/python3.6/site-packages (from azure-cli-core>=2.0.31->azureml-core==0.1.0.1014437->azureml-contrib-widgets) (0.3.9)
Requirement not upgraded as not directly required: pyzmq>=13 in /home/ninghai/miniconda3/envs/daily/lib/python3.6/site-packages (from jupyter_client->ipykernel>=4.5.1->ipywidgets>=7.0.0->azureml-contrib-widgets) (17.0.0)
Requirement not upgraded as not directly required: Send2Trash in /home/ninghai/miniconda3/envs/daily/lib/python3.6/site-packages (from notebook>=4.4.1->widgetsnbextension~=3.2.0->ipywidgets>=7.0.0->azureml-contrib-widgets) (1.5.0)
Requirement not upgraded as not directly required: jinja2 in /home/ninghai/miniconda3/envs/daily/lib/python3.6/site-packages (from notebook>=4.4.1->widgetsnbextension~=3.2.0->ipywidgets>=7.0.0->azureml-contrib-widgets) (2.10)
Requirement not upgraded as not directly required: nbconvert in /home/ninghai/miniconda3/envs/daily/lib/python3.6/site-packages (from notebook>=4.4.1->widgetsnbextension~=3.2.0->ipywidgets>=7.0.0->azureml-contrib-widgets) (5.3.1)
Requirement not upgraded as not directly required: terminado>=0.8.1 in /home/ninghai/miniconda3/envs/daily/lib/python3.6/site-packages (from notebook>=4.4.1->widgetsnbextension~=3.2.0->ipywidgets>=7.0.0->azureml-contrib-widgets) (0.8.1)
Requirement not upgraded as not directly required: wcwidth in /home/ninghai/miniconda3/envs/daily/lib/python3.6/site-packages (from prompt-toolkit<2.0.0,>=1.0.15->ipython>=4.0.0->ipywidgets>=7.0.0->azureml-contrib-widgets) (0.1.7)
Requirement not upgraded as not directly required: ptyprocess>=0.5 in /home/ninghai/miniconda3/envs/daily/lib/python3.6/site-packages (from pexpect; sys_platform != "win32"->ipython>=4.0.0->ipywidgets>=7.0.0->azureml-contrib-widgets) (0.5.2)
Requirement not upgraded as not directly required: parso>=0.2.0 in /home/ninghai/miniconda3/envs/daily/lib/python3.6/site-packages (from jedi>=0.10->ipython>=4.0.0->ipywidgets>=7.0.0->azureml-contrib-widgets) (0.2.1)
Requirement not upgraded as not directly required: asn1crypto>=0.21.0 in /home/ninghai/miniconda3/envs/daily/lib/python3.6/site-packages (from cryptography->azure-storage-common->azureml-core==0.1.0.1014437->azureml-contrib-widgets) (0.24.0)
Requirement not upgraded as not directly required: cffi>=1.7 in /home/ninghai/miniconda3/envs/daily/lib/python3.6/site-packages (from cryptography->azure-storage-common->azureml-core==0.1.0.1014437->azureml-contrib-widgets) (1.11.5)
Requirement not upgraded as not directly required: entrypoints in /home/ninghai/miniconda3/envs/daily/lib/python3.6/site-packages (from keyring>=12.0.2->msrestazure>=0.4.29->azureml-core==0.1.0.1014437->azureml-contrib-widgets) (0.2.3)
Requirement not upgraded as not directly required: oauthlib>=0.6.2 in /home/ninghai/miniconda3/envs/daily/lib/python3.6/site-packages (from requests-oauthlib>=0.5.0->msrest>=0.4.29->azureml-core==0.1.0.1014437->azureml-contrib-widgets) (2.1.0)
Requirement not upgraded as not directly required: bcrypt>=3.1.3 in /home/ninghai/miniconda3/envs/daily/lib/python3.6/site-packages (from paramiko->azure-cli-core>=2.0.31->azureml-core==0.1.0.1014437->azureml-contrib-widgets) (3.1.4)
Requirement not upgraded as not directly required: pynacl>=1.0.1 in /home/ninghai/miniconda3/envs/daily/lib/python3.6/site-packages (from paramiko->azure-cli-core>=2.0.31->azureml-core==0.1.0.1014437->azureml-contrib-widgets) (1.2.1)
Requirement not upgraded as not directly required: MarkupSafe>=0.23 in /home/ninghai/miniconda3/envs/daily/lib/python3.6/site-packages (from jinja2->notebook>=4.4.1->widgetsnbextension~=3.2.0->ipywidgets>=7.0.0->azureml-contrib-widgets) (1.0)
Requirement not upgraded as not directly required: mistune>=0.7.4 in /home/ninghai/miniconda3/envs/daily/lib/python3.6/site-packages (from nbconvert->notebook>=4.4.1->widgetsnbextension~=3.2.0->ipywidgets>=7.0.0->azureml-contrib-widgets) (0.8.3)
Requirement not upgraded as not directly required: bleach in /home/ninghai/miniconda3/envs/daily/lib/python3.6/site-packages (from nbconvert->notebook>=4.4.1->widgetsnbextension~=3.2.0->ipywidgets>=7.0.0->azureml-contrib-widgets) (2.1.3)
Requirement not upgraded as not directly required: pandocfilters>=1.4.1 in /home/ninghai/miniconda3/envs/daily/lib/python3.6/site-packages (from nbconvert->notebook>=4.4.1->widgetsnbextension~=3.2.0->ipywidgets>=7.0.0->azureml-contrib-widgets) (1.4.2)
Requirement not upgraded as not directly required: testpath in /home/ninghai/miniconda3/envs/daily/lib/python3.6/site-packages (from nbconvert->notebook>=4.4.1->widgetsnbextension~=3.2.0->ipywidgets>=7.0.0->azureml-contrib-widgets) (0.3.1)
Requirement not upgraded as not directly required: pycparser in /home/ninghai/miniconda3/envs/daily/lib/python3.6/site-packages (from cffi>=1.7->cryptography->azure-storage-common->azureml-core==0.1.0.1014437->azureml-contrib-widgets) (2.18)
Requirement not upgraded as not directly required: html5lib!=1.0b1,!=1.0b2,!=1.0b3,!=1.0b4,!=1.0b5,!=1.0b6,!=1.0b7,!=1.0b8,>=0.99999999pre in /home/ninghai/miniconda3/envs/daily/lib/python3.6/site-packages (from bleach->nbconvert->notebook>=4.4.1->widgetsnbextension~=3.2.0->ipywidgets>=7.0.0->azureml-contrib-widgets) (1.0.1)
Requirement not upgraded as not directly required: webencodings in /home/ninghai/miniconda3/envs/daily/lib/python3.6/site-packages (from html5lib!=1.0b1,!=1.0b2,!=1.0b3,!=1.0b4,!=1.0b5,!=1.0b6,!=1.0b7,!=1.0b8,>=0.99999999pre->bleach->nbconvert->notebook>=4.4.1->widgetsnbextension~=3.2.0->ipywidgets>=7.0.0->azureml-contrib-widgets) (0.5.1)
install azure-cli-ml
{
  "extensionType": "whl",
  "metadata": {
    "azext.minCliCoreVersion": "2.0.25",
    "classifiers": [
      "Development Status :: 3 - Alpha",
      "Intended Audience :: Developers",
      "Intended Audience :: System Administrators",
      "License :: OSI Approved :: MIT License",
      "Programming Language :: Python :: 2.7",
      "Programming Language :: Python :: 3.5"
    ],
    "extensions": {
      "python.details": {
        "contacts": [
          {
            "email": "azpycli@microsoft.com",
            "name": "Microsoft Corporation",
            "role": "author"
          }
        ],
        "document_names": {
          "description": "DESCRIPTION.rst",
          "license": "LICENSE.txt"
        },
        "project_urls": {
          "Home": "https://github.com/Azure/azure-cli"
        }
      }
    },
    "extras": [],
    "generator": "bdist_wheel (0.30.0)",
    "metadata_version": "2.0",
    "name": "azure-cli-ml",
    "run_requires": [
      {
        "requires": [
          "adal (>=0.4.7)",
          "azureml-core (==0.1.0.1014437)",
          "azureml-model-management-sdk (==1.0.1b6)",
          "docker (>=2.5.1)",
          "future (>=0.16.0)",
          "kubernetes (>=3.0.0)",
          "msrest (>=0.4.16)",
          "pyyaml (>=3.12.0)",
          "requests (>=2.18.1)",
          "scp (>=0.10.2)",
          "tabulate (>=0.7.7)"
        ]
      }
    ],
    "summary": "Microsoft Azure Command-Line Tools AzureML Command Module",
    "test_requires": [
      {
        "requires": [
          "azure-keyvault",
          "mock",
          "nose",
          "unittest-xml-reporting"
        ]
      }
    ],
    "version": "0.1.0.1014437"
  },
  "name": "azure-cli-ml",
  "version": "0.1.0.1014437"
}

###### azureml.core ########
0.1.0.1014437
############################
{
  "extensionType": "whl",
  "metadata": {
    "azext.minCliCoreVersion": "2.0.25",
    "classifiers": [
      "Development Status :: 3 - Alpha",
      "Intended Audience :: Developers",
      "Intended Audience :: System Administrators",
      "License :: OSI Approved :: MIT License",
      "Programming Language :: Python :: 2.7",
      "Programming Language :: Python :: 3.5"
    ],
    "extensions": {
      "python.details": {
        "contacts": [
          {
            "email": "azpycli@microsoft.com",
            "name": "Microsoft Corporation",
            "role": "author"
          }
        ],
        "document_names": {
          "description": "DESCRIPTION.rst",
          "license": "LICENSE.txt"
        },
        "project_urls": {
          "Home": "https://github.com/Azure/azure-cli"
        }
      }
    },
    "extras": [],
    "generator": "bdist_wheel (0.30.0)",
    "metadata_version": "2.0",
    "name": "azure-cli-ml",
    "run_requires": [
      {
        "requires": [
          "adal (>=0.4.7)",
          "azureml-core (==0.1.0.1014437)",
          "azureml-model-management-sdk (==1.0.1b6)",
          "docker (>=2.5.1)",
          "future (>=0.16.0)",
          "kubernetes (>=3.0.0)",
          "msrest (>=0.4.16)",
          "pyyaml (>=3.12.0)",
          "requests (>=2.18.1)",
          "scp (>=0.10.2)",
          "tabulate (>=0.7.7)"
        ]
      }
    ],
    "summary": "Microsoft Azure Command-Line Tools AzureML Command Module",
    "test_requires": [
      {
        "requires": [
          "azure-keyvault",
          "mock",
          "nose",
          "unittest-xml-reporting"
        ]
      }
    ],
    "version": "0.1.0.1014437"
  },
  "name": "azure-cli-ml",
  "version": "0.1.0.1014437"
}
