Client-Request-ID=c948c071-6423-11e8-9288-000d3a71b7c3 Retry policy did not allow for a retry: Server-Timestamp=Wed, 30 May 2018 16:09:10 GMT, Server-Request-ID=6b347e59-601e-002e-5830-f8d4f6000000, HTTP status code=409, Exception=The specified container already exists.ErrorCode: ContainerAlreadyExists<?xml version="1.0" encoding="utf-8"?><Error><Code>ContainerAlreadyExists</Code><Message>The specified container already exists.RequestId:6b347e59-601e-002e-5830-f8d4f6000000Time:2018-05-30T16:09:11.0547607Z</Message></Error>.
Client-Request-ID=ca03fd55-6423-11e8-9288-000d3a71b7c3 Retry policy did not allow for a retry: Server-Timestamp=Wed, 30 May 2018 16:09:11 GMT, Server-Request-ID=3121b539-c01e-00a0-5630-f89b57000000, HTTP status code=409, Exception=The specified container already exists.ErrorCode: ContainerAlreadyExists<?xml version="1.0" encoding="utf-8"?><Error><Code>ContainerAlreadyExists</Code><Message>The specified container already exists.RequestId:3121b539-c01e-00a0-5630-f89b57000000Time:2018-05-30T16:09:11.5298118Z</Message></Error>.
Client-Request-ID=ca03fd57-6423-11e8-9288-000d3a71b7c3 Retry policy did not allow for a retry: Server-Timestamp=Wed, 30 May 2018 16:09:10 GMT, Server-Request-ID=173a350a-301e-00fa-1330-f89dd6000000, HTTP status code=409, Exception=The specified container already exists.ErrorCode: ContainerAlreadyExists<?xml version="1.0" encoding="utf-8"?><Error><Code>ContainerAlreadyExists</Code><Message>The specified container already exists.RequestId:173a350a-301e-00fa-1330-f89dd6000000Time:2018-05-30T16:09:11.6905381Z</Message></Error>.
Client-Request-ID=ca03fd59-6423-11e8-9288-000d3a71b7c3 Retry policy did not allow for a retry: Server-Timestamp=Wed, 30 May 2018 16:09:11 GMT, Server-Request-ID=b7655b9f-f01e-012f-0b30-f8935e000000, HTTP status code=409, Exception=The specified container already exists.ErrorCode: ContainerAlreadyExists<?xml version="1.0" encoding="utf-8"?><Error><Code>ContainerAlreadyExists</Code><Message>The specified container already exists.RequestId:b7655b9f-f01e-012f-0b30-f8935e000000Time:2018-05-30T16:09:11.8504413Z</Message></Error>.
Client-Request-ID=ca03fd5b-6423-11e8-9288-000d3a71b7c3 Retry policy did not allow for a retry: Server-Timestamp=Wed, 30 May 2018 16:09:11 GMT, Server-Request-ID=b076beee-e01e-00da-0530-f8f11a000000, HTTP status code=409, Exception=The specified container already exists.ErrorCode: ContainerAlreadyExists<?xml version="1.0" encoding="utf-8"?><Error><Code>ContainerAlreadyExists</Code><Message>The specified container already exists.RequestId:b076beee-e01e-00da-0530-f8f11a000000Time:2018-05-30T16:09:12.0063251Z</Message></Error>.
Traceback (most recent call last):
  File "/home/ninghai/miniconda3/envs/rc/lib/python3.6/site-packages/azureml/core/workspace.py", line 997, in create_image
    resp.raise_for_status()
  File "/home/ninghai/miniconda3/envs/rc/lib/python3.6/site-packages/requests/models.py", line 935, in raise_for_status
    raise HTTPError(http_error_msg, response=self)
requests.exceptions.HTTPError: 404 Client Error: Not Found for url: https://eastus2.modelmanagement.azureml.net/api/subscriptions/fac34303-435d-4486-8c3f-7094d82a0b60/resourceGroups/aml-notebooks/providers/Microsoft.MachineLearningServices/workspaces/haieastus2ws3/images?api-version=2018-03-01-preview

During handling of the above exception, another exception occurred:

Traceback (most recent call last):
  File "./01.interactive.e2e.py", line 142, in <module>
    driver = 'score.py')
  File "/home/ninghai/miniconda3/envs/rc/lib/python3.6/site-packages/azureml/core/workspace.py", line 883, in deploy_webservice
    enable_gpu, tags, description)
  File "/home/ninghai/miniconda3/envs/rc/lib/python3.6/site-packages/azureml/core/workspace.py", line 1004, in create_image
    'Content: {}'.format(resp.status_code, resp.headers, resp.content))
azureml.exceptions.azureml_exception.WebserviceException: Received bad response from Model Management Service:
Response Code: 404
Headers: {'Date': 'Wed, 30 May 2018 16:09:12 GMT', 'Content-Type': 'application/json', 'Transfer-Encoding': 'chunked', 'Connection': 'keep-alive', 'api-supported-versions': '2018-03-01-preview', 'x-ms-client-request-id': 'c2bc3a29cfd64b7ab2cde8a546768592', 'x-ms-client-session-id': '', 'Strict-Transport-Security': 'max-age=15724800; includeSubDomains; preload', 'Content-Encoding': 'gzip'}
Content: b'{"code":"NotFound","statusCode":404,"message":"The specified resource was not found","details":[{"code":"NoSuchModelRegistered","message":"One ore more models are not registered in Account Subscription: fac34303-435d-4486-8c3f-7094d82a0b60, ResourceGroup: aml-notebooks, Account: haieastus2ws3."}]}'
date: extra operand ‘%F-%T’
Try 'date --help' for more information.
Client-Request-ID=fd52dbd6-6427-11e8-9288-000d3a71b7c3 Retry policy did not allow for a retry: Server-Timestamp=Wed, 30 May 2018 16:39:14 GMT, Server-Request-ID=49e8f679-e01e-00b7-2d34-f85b34000000, HTTP status code=409, Exception=The specified container already exists.ErrorCode: ContainerAlreadyExists<?xml version="1.0" encoding="utf-8"?><Error><Code>ContainerAlreadyExists</Code><Message>The specified container already exists.RequestId:49e8f679-e01e-00b7-2d34-f85b34000000Time:2018-05-30T16:39:15.2479775Z</Message></Error>.
Client-Request-ID=fd52dbd8-6427-11e8-9288-000d3a71b7c3 Retry policy did not allow for a retry: Server-Timestamp=Wed, 30 May 2018 16:39:16 GMT, Server-Request-ID=f0cfd787-101e-004c-4134-f8932e000000, HTTP status code=409, Exception=The specified container already exists.ErrorCode: ContainerAlreadyExists<?xml version="1.0" encoding="utf-8"?><Error><Code>ContainerAlreadyExists</Code><Message>The specified container already exists.RequestId:f0cfd787-101e-004c-4134-f8932e000000Time:2018-05-30T16:39:17.0173198Z</Message></Error>.
Client-Request-ID=fe73fed3-6427-11e8-9288-000d3a71b7c3 Retry policy did not allow for a retry: Server-Timestamp=Wed, 30 May 2018 16:39:16 GMT, Server-Request-ID=510c43cc-801e-000d-5934-f8bb3d000000, HTTP status code=409, Exception=The specified container already exists.ErrorCode: ContainerAlreadyExists<?xml version="1.0" encoding="utf-8"?><Error><Code>ContainerAlreadyExists</Code><Message>The specified container already exists.RequestId:510c43cc-801e-000d-5934-f8bb3d000000Time:2018-05-30T16:39:17.2629894Z</Message></Error>.
Client-Request-ID=fe73fed5-6427-11e8-9288-000d3a71b7c3 Retry policy did not allow for a retry: Server-Timestamp=Wed, 30 May 2018 16:39:16 GMT, Server-Request-ID=af1b9dc9-d01e-001e-3f34-f88edc000000, HTTP status code=409, Exception=The specified container already exists.ErrorCode: ContainerAlreadyExists<?xml version="1.0" encoding="utf-8"?><Error><Code>ContainerAlreadyExists</Code><Message>The specified container already exists.RequestId:af1b9dc9-d01e-001e-3f34-f88edc000000Time:2018-05-30T16:39:17.4242009Z</Message></Error>.
Client-Request-ID=fe73fed7-6427-11e8-9288-000d3a71b7c3 Retry policy did not allow for a retry: Server-Timestamp=Wed, 30 May 2018 16:39:17 GMT, Server-Request-ID=46237e51-801e-006b-6934-f80967000000, HTTP status code=409, Exception=The specified container already exists.ErrorCode: ContainerAlreadyExists<?xml version="1.0" encoding="utf-8"?><Error><Code>ContainerAlreadyExists</Code><Message>The specified container already exists.RequestId:46237e51-801e-006b-6934-f80967000000Time:2018-05-30T16:39:17.5845332Z</Message></Error>.
