/data/git/hai/e2e_test
*** git branch status before ***
  candidate
  daily
* master
On branch master
Your branch is up-to-date with 'origin/master'.
nothing to commit, working directory clean
*** preview ***
No local changes to save
git checkout master
Your branch is up-to-date with 'origin/master'.
Already up-to-date.
*** git branch status after ***
  candidate
  daily
* master
On branch master
Your branch is up-to-date with 'origin/master'.
nothing to commit, working directory clean
###################################
START AT: 2018-06-05-00:02:19
###################################


##### 01.interactive.e2e.py (2018-06-05-00:02:19) ######
Azure ML Core SDK Version: 0.1.0.995245
Found config.json in: /data/git/hai/e2e_test/aml_config/config.json
Workspace details:
aml-notebooks haieastus2ws3 eastus2
start sequential parameter sweep...
try alpha value of 0.00
try alpha value of 0.05
try alpha value of 0.10
try alpha value of 0.15
try alpha value of 0.20
try alpha value of 0.25
try alpha value of 0.30
try alpha value of 0.35
try alpha value of 0.40
try alpha value of 0.45
try alpha value of 0.50
try alpha value of 0.55
try alpha value of 0.60
try alpha value of 0.65
try alpha value of 0.70
try alpha value of 0.75
try alpha value of 0.80
try alpha value of 0.85
try alpha value of 0.90
try alpha value of 0.95
Find the best run.
Best run is: 0e843d8d-e3e6-407b-936b-7dafac37c8a0
Metrics: {'alpha': 0.4, 'mse': 3295.741064355809, 'columns': ['age', 'gender', 'bmi', 'bp', 's1', 's2', 's3', 's4', 's5', 's6']}
Run history url:
https://mlworkspace.azureml-test.net/home/%2Fsubscriptions%2Ffac34303-435d-4486-8c3f-7094d82a0b60%2FresourceGroups%2Faml-notebooks%2Fproviders%2FMicrosoft.MachineLearningServices%2Fworkspaces%2Fhaieastus2ws3/projects/e2e-01/run-history/run-details/0e843d8d-e3e6-407b-936b-7dafac37c8a0
plot mse_over_alpha.png
upload mse_over_alpha.png.
deploying to ACI...
Registering model: best_model.pkl
Creating image


##### 02.local.py (2018-06-05-00:16:31) ################
Azure ML Core SDK Version: 0.1.0.995245
Found config.json in: /data/git/hai/e2e_test/aml_config/config.json
Workspace details:
aml-notebooks haieastus2ws3 eastus2
/tmp/e2e-test/02 already exists, remove it.
/tmp/e2e-test/02
e2e-02
copy train-sklearn.py to the project folder.
load run config

##################################################
submitting train-sklearn.py for a local run...
##################################################

https://mlworkspace.azureml-test.net/home/%2Fsubscriptions%2Ffac34303-435d-4486-8c3f-7094d82a0b60%2FresourceGroups%2Faml-notebooks%2Fproviders%2FMicrosoft.MachineLearningServices%2Fworkspaces%2Fhaieastus2ws3/projects/e2e-02/run-history/run-details/e2e-02_1528172222
RunId: e2e-02_1528172222


##### 03.aci.py (2018-06-05-00:23:08) ##################
Azure ML Core SDK Version: 0.1.0.995245
Found config.json in: /data/git/hai/e2e_test/aml_config/config.json
Workspace details:
aml-notebooks haieastus2ws3 eastus2
/tmp/e2e-test/03 already exists, remove it.
/tmp/e2e-test/03
e2e-03
copy train-sklearn.py to the project folder.

##################################################
ACI run...
##################################################

Create a run config object for ACI
base image is continuumio/miniconda3:4.4.10
submitting run...


##### 04.dsvm (2018-06-05-00:23:52) ####################
Azure ML Core SDK Version: 0.1.0.995245
Found config.json in: /data/git/hai/e2e_test/aml_config/config.json
Workspace details:
aml-notebooks haieastus2ws3 eastus2
/tmp/e2e-test/04 already exists, remove it.
/tmp/e2e-test/04
e2e-04
copy train-sklearn.py to the project folder.


##### 05.spark (2018-06-05-00:24:27) ###################
Azure ML Core SDK Version: 0.1.0.995245
Found config.json in: /data/git/hai/e2e_test/aml_config/config.json
Workspace details:
aml-notebooks haieastus2ws3 eastus2
/tmp/e2e-test/05 already exists, remove it.
/tmp/e2e-test/05
e2e-05
copy train-spark.py and iris.csv to the project folder.
create an ACI run config.
base image is microsoft/mmlspark:0.12

##################################################
submitting train-spark.py for a Spark run on ACI...
##################################################



##### 07.sklearn.hd.py (2018-06-05-00:26:07) ###########
Azure ML Core SDK Version: 0.1.0.995245
Found config.json in: /data/git/hai/e2e_test/aml_config/config.json
Workspace details:
aml-notebooks haieastus2ws3 eastus2
/tmp/e2e-test/07 already exists, remove it.
/tmp/e2e-test/07
e2e-07
copy train-sklearn-one-model.py to the project folder.
create or load BatchAI compute cpucluster...
gpucluster BatchAI
cpucluster BatchAI
found compute target. just use it.
create generic estimator.

##################################################
Batch AI run...
##################################################



##### 08.tf.hd.py (2018-06-05-00:27:47) ################
Azure ML Core SDK Version: 0.1.0.995245
Found config.json in: /data/git/hai/e2e_test/aml_config/config.json
Workspace details:
aml-notebooks haieastus2ws3 eastus2
/tmp/e2e-test/08 already exists, remove it.
/tmp/e2e-test/08
e2e-08
copy mnist_tf.py to the project folder.
create or load BatchAI compute gpucluster...
gpucluster BatchAI
found compute target. just use it.
create TensorFlow estimator.

##################################################
submitting mnist_tf.py for a Batch AI run...
##################################################



##### 10.o16n.py (2018-06-05-00:29:42) #################
Azure ML Core SDK Version: 0.1.0.995245
Found config.json in: /data/git/hai/e2e_test/aml_config/config.json
Workspace details:
aml-notebooks haieastus2ws3 eastus2
Registering model: mymodel
Name: mymodel 	Version: 50 	Description: Ridge regression model to predict diabetes ['diabetes', 'regression']
Name: mymodel 	Version: 49 	Description: Ridge regression model to predict diabetes ['diabetes', 'regression']
Name: mymodel 	Version: 48 	Description: Ridge regression model to predict diabetes ['diabetes', 'regression']
Name: mymodel 	Version: 47 	Description: Ridge regression model to predict diabetes ['diabetes', 'regression']
Name: mymodel 	Version: 46 	Description: Ridge regression model to predict diabetes ['diabetes', 'regression']
Name: mymodel 	Version: 45 	Description: Ridge regression model to predict diabetes ['diabetes', 'regression']
Name: mymodel 	Version: 44 	Description: Ridge regression model to predict diabetes ['diabetes', 'regression']
Name: mymodel 	Version: 43 	Description: Ridge regression model to predict diabetes ['diabetes', 'regression']
Name: mymodel 	Version: 42 	Description: Ridge regression model to predict diabetes ['diabetes', 'regression']
Name: mymodel 	Version: 41 	Description: Ridge regression model to predict diabetes ['diabetes', 'regression']
Name: mymodel 	Version: 40 	Description: Ridge regression model to predict diabetes ['diabetes', 'regression']
Name: mymodel 	Version: 39 	Description: Ridge regression model to predict diabetes ['diabetes', 'regression']
Name: mymodel 	Version: 38 	Description: Ridge regression model to predict diabetes ['diabetes', 'regression']
Name: mymodel 	Version: 37 	Description: Ridge regression model to predict diabetes ['diabetes', 'regression']
Name: mymodel 	Version: 36 	Description: Ridge regression model to predict diabetes ['diabetes', 'regression']
Name: mymodel 	Version: 35 	Description: Ridge regression model to predict diabetes ['diabetes', 'regression']
Name: mymodel 	Version: 34 	Description: Ridge regression model to predict diabetes ['diabetes', 'regression']
Name: mymodel 	Version: 33 	Description: Ridge regression model to predict diabetes ['diabetes', 'regression']
Name: mymodel 	Version: 32 	Description: Ridge regression model to predict diabetes ['diabetes', 'regression']
Name: mymodel 	Version: 31 	Description: Ridge regression model to predict diabetes ['diabetes', 'regression']
Name: mymodel 	Version: 30 	Description: Ridge regression model to predict diabetes ['diabetes', 'regression']
Name: mymodel 	Version: 29 	Description: Ridge regression model to predict diabetes ['diabetes', 'regression']
Name: mymodel 	Version: 28 	Description: Ridge regression model to predict diabetes ['diabetes', 'regression']
Name: mymodel 	Version: 27 	Description: Ridge regression model to predict diabetes ['diabetes', 'regression']
Name: mymodel 	Version: 26 	Description: Ridge regression model to predict diabetes ['diabetes', 'regression']
Ridge regression model to predict diabetes
Creating image
Running.............................
SucceededImage creation operation finished for image myimage:23, operation "Succeeded"
myimage(v.23 [Succeeded]) stored at haieastuacrgghjerik.azurecr.io/myimage:23 with build log https://eastus2ice.blob.core.windows.net/logs/haieastuacrgghjerik15281731961068630.txt?sv=2017-04-17&se=2018-07-05T04%3A34%3A57Z&sig=Y0riwnrnPBBm4h4QLj/k28NjKJ6WJiXI7TGDdtTmKMM%3D&sp=r&sr=b
myimage(v.22 [Failed]) stored at haieastuacrgghjerik.azurecr.io/myimage:22 with build log None
myimage(v.21 [Succeeded]) stored at haieastuacrgghjerik.azurecr.io/myimage:21 with build log https://eastus2ice.blob.core.windows.net/logs/haieastuacrgghjerik15281473593560272.txt?sig=s%2BVEkmo7ZHINrnxpUsHLMO02OjmRhsFLarkWMaBaPgw%3D&sv=2017-04-17&sp=r&sr=b&se=2018-07-04T21%3A24%3A21Z
Creating service
Running...................................................
SucceededACI service creation operation finished, operation "Succeeded"
M	e2e_test/best_model.pkl
M	e2e_test/mse_over_alpha.png
Your branch is up-to-date with 'origin/master'.
Already up-to-date.


###################################
########### END AT 2018-06-05-00:41:05
###################################
