Already on 'master'
Accept header absent and forced to application/json
Accept header absent and forced to application/json
Accept header absent and forced to application/json
Accept header absent and forced to application/json
Accept header absent and forced to application/json
Accept header absent and forced to application/json
Accept header absent and forced to application/json
Accept header absent and forced to application/json
Accept header absent and forced to application/json
Accept header absent and forced to application/json
Accept header absent and forced to application/json
Accept header absent and forced to application/json
Accept header absent and forced to application/json
Accept header absent and forced to application/json
Accept header absent and forced to application/json
Accept header absent and forced to application/json
Accept header absent and forced to application/json
Accept header absent and forced to application/json
Accept header absent and forced to application/json
Accept header absent and forced to application/json
Accept header absent and forced to application/json
Accept header absent and forced to application/json
Accept header absent and forced to application/json
Accept header absent and forced to application/json
Accept header absent and forced to application/json
Accept header absent and forced to application/json
Accept header absent and forced to application/json
Accept header absent and forced to application/json
Accept header absent and forced to application/json
Accept header absent and forced to application/json
Accept header absent and forced to application/json
Accept header absent and forced to application/json
Accept header absent and forced to application/json
Accept header absent and forced to application/json
Accept header absent and forced to application/json
Accept header absent and forced to application/json
Accept header absent and forced to application/json
Accept header absent and forced to application/json
Accept header absent and forced to application/json
Accept header absent and forced to application/json
Accept header absent and forced to application/json
Accept header absent and forced to application/json
Accept header absent and forced to application/json
Accept header absent and forced to application/json
Accept header absent and forced to application/json
Accept header absent and forced to application/json
Accept header absent and forced to application/json
Accept header absent and forced to application/json
Accept header absent and forced to application/json
Accept header absent and forced to application/json
Accept header absent and forced to application/json
Accept header absent and forced to application/json
Accept header absent and forced to application/json
Accept header absent and forced to application/json
Accept header absent and forced to application/json
Accept header absent and forced to application/json
Accept header absent and forced to application/json
Accept header absent and forced to application/json
Accept header absent and forced to application/json
Accept header absent and forced to application/json
Accept header absent and forced to application/json
Accept header absent and forced to application/json
Accept header absent and forced to application/json
Accept header absent and forced to application/json
Accept header absent and forced to application/json
Accept header absent and forced to application/json
Accept header absent and forced to application/json
Accept header absent and forced to application/json
Accept header absent and forced to application/json
Accept header absent and forced to application/json
Accept header absent and forced to application/json
Accept header absent and forced to application/json
Accept header absent and forced to application/json
Accept header absent and forced to application/json
Accept header absent and forced to application/json
Accept header absent and forced to application/json
Accept header absent and forced to application/json
Accept header absent and forced to application/json
Accept header absent and forced to application/json
Accept header absent and forced to application/json
Accept header absent and forced to application/json
Accept header absent and forced to application/json
Accept header absent and forced to application/json
Accept header absent and forced to application/json
Accept header absent and forced to application/json
Accept header absent and forced to application/json
Accept header absent and forced to application/json
Accept header absent and forced to application/json
Accept header absent and forced to application/json
Accept header absent and forced to application/json
Accept header absent and forced to application/json
Accept header absent and forced to application/json
Accept header absent and forced to application/json
Accept header absent and forced to application/json
Accept header absent and forced to application/json
Accept header absent and forced to application/json
Accept header absent and forced to application/json
Accept header absent and forced to application/json
Accept header absent and forced to application/json
Accept header absent and forced to application/json
Accept header absent and forced to application/json
Accept header absent and forced to application/json
Accept header absent and forced to application/json
Accept header absent and forced to application/json
Accept header absent and forced to application/json
Accept header absent and forced to application/json
Accept header absent and forced to application/json
Accept header absent and forced to application/json
Accept header absent and forced to application/json
Accept header absent and forced to application/json
Accept header absent and forced to application/json
Accept header absent and forced to application/json
Accept header absent and forced to application/json
Accept header absent and forced to application/json
Accept header absent and forced to application/json
Accept header absent and forced to application/json
Accept header absent and forced to application/json
Accept header absent and forced to application/json
Accept header absent and forced to application/json
Accept header absent and forced to application/json
Accept header absent and forced to application/json
Accept header absent and forced to application/json
Accept header absent and forced to application/json
Accept header absent and forced to application/json
Accept header absent and forced to application/json
Accept header absent and forced to application/json
Accept header absent and forced to application/json
Accept header absent and forced to application/json
Accept header absent and forced to application/json
Accept header absent and forced to application/json
Accept header absent and forced to application/json
Accept header absent and forced to application/json
Accept header absent and forced to application/json
Accept header absent and forced to application/json
Accept header absent and forced to application/json
Accept header absent and forced to application/json
Accept header absent and forced to application/json
Accept header absent and forced to application/json
Accept header absent and forced to application/json
Accept header absent and forced to application/json
Accept header absent and forced to application/json
Accept header absent and forced to application/json
Accept header absent and forced to application/json
Accept header absent and forced to application/json
Accept header absent and forced to application/json
Accept header absent and forced to application/json
Accept header absent and forced to application/json
Accept header absent and forced to application/json
Accept header absent and forced to application/json
Accept header absent and forced to application/json
Accept header absent and forced to application/json
Accept header absent and forced to application/json
Accept header absent and forced to application/json
Accept header absent and forced to application/json
Accept header absent and forced to application/json
Accept header absent and forced to application/json
Accept header absent and forced to application/json
Accept header absent and forced to application/json
Accept header absent and forced to application/json
Accept header absent and forced to application/json
Accept header absent and forced to application/json
Accept header absent and forced to application/json
Accept header absent and forced to application/json
Accept header absent and forced to application/json
Accept header absent and forced to application/json
Accept header absent and forced to application/json
Accept header absent and forced to application/json
Accept header absent and forced to application/json
Accept header absent and forced to application/json
Accept header absent and forced to application/json
Accept header absent and forced to application/json
Accept header absent and forced to application/json
Accept header absent and forced to application/json
Accept header absent and forced to application/json
Accept header absent and forced to application/json
Accept header absent and forced to application/json
Accept header absent and forced to application/json
Accept header absent and forced to application/json
Accept header absent and forced to application/json
Accept header absent and forced to application/json
Accept header absent and forced to application/json
Accept header absent and forced to application/json
Accept header absent and forced to application/json
Accept header absent and forced to application/json
Accept header absent and forced to application/json
Accept header absent and forced to application/json
Accept header absent and forced to application/json
Accept header absent and forced to application/json
Accept header absent and forced to application/json
Accept header absent and forced to application/json
Accept header absent and forced to application/json
Accept header absent and forced to application/json
Accept header absent and forced to application/json
Accept header absent and forced to application/json
Accept header absent and forced to application/json
Accept header absent and forced to application/json
Accept header absent and forced to application/json
Accept header absent and forced to application/json
Accept header absent and forced to application/json
Accept header absent and forced to application/json
Accept header absent and forced to application/json
Accept header absent and forced to application/json
Accept header absent and forced to application/json
Accept header absent and forced to application/json
Accept header absent and forced to application/json
Accept header absent and forced to application/json
Accept header absent and forced to application/json
Accept header absent and forced to application/json
Accept header absent and forced to application/json
Accept header absent and forced to application/json
Client-Request-ID=d5419937-6f01-11e8-9288-000d3a71b7c3 Retry policy did not allow for a retry: Server-Timestamp=Wed, 13 Jun 2018 12:03:50 GMT, Server-Request-ID=f31bf593-001e-00db-480e-03f0e7000000, HTTP status code=409, Exception=The specified container already exists.ErrorCode: ContainerAlreadyExists<?xml version="1.0" encoding="utf-8"?><Error><Code>ContainerAlreadyExists</Code><Message>The specified container already exists.RequestId:f31bf593-001e-00db-480e-03f0e7000000Time:2018-06-13T12:03:50.5581470Z</Message></Error>.
Client-Request-ID=d5419939-6f01-11e8-9288-000d3a71b7c3 Retry policy did not allow for a retry: Server-Timestamp=Wed, 13 Jun 2018 12:03:50 GMT, Server-Request-ID=3e4779c7-701e-0013-340e-0361d0000000, HTTP status code=409, Exception=The specified container already exists.ErrorCode: ContainerAlreadyExists<?xml version="1.0" encoding="utf-8"?><Error><Code>ContainerAlreadyExists</Code><Message>The specified container already exists.RequestId:3e4779c7-701e-0013-340e-0361d0000000Time:2018-06-13T12:03:50.7934417Z</Message></Error>.
Client-Request-ID=d541993b-6f01-11e8-9288-000d3a71b7c3 Retry policy did not allow for a retry: Server-Timestamp=Wed, 13 Jun 2018 12:03:50 GMT, Server-Request-ID=1f000d4c-a01e-00b0-270e-03adb1000000, HTTP status code=409, Exception=The specified container already exists.ErrorCode: ContainerAlreadyExists<?xml version="1.0" encoding="utf-8"?><Error><Code>ContainerAlreadyExists</Code><Message>The specified container already exists.RequestId:1f000d4c-a01e-00b0-270e-03adb1000000Time:2018-06-13T12:03:50.9989627Z</Message></Error>.
Client-Request-ID=d5f69161-6f01-11e8-9288-000d3a71b7c3 Retry policy did not allow for a retry: Server-Timestamp=Wed, 13 Jun 2018 12:03:50 GMT, Server-Request-ID=82fad78a-801e-0085-180e-0303e4000000, HTTP status code=409, Exception=The specified container already exists.ErrorCode: ContainerAlreadyExists<?xml version="1.0" encoding="utf-8"?><Error><Code>ContainerAlreadyExists</Code><Message>The specified container already exists.RequestId:82fad78a-801e-0085-180e-0303e4000000Time:2018-06-13T12:03:51.2042326Z</Message></Error>.
Traceback (most recent call last):
  File "/home/ninghai/miniconda3/envs/preview/lib/python3.6/site-packages/azureml/core/webservice/webservice.py", line 291, in _deploy_webservice
    resp.raise_for_status()
  File "/home/ninghai/miniconda3/envs/preview/lib/python3.6/site-packages/requests/models.py", line 935, in raise_for_status
    raise HTTPError(http_error_msg, response=self)
requests.exceptions.HTTPError: 409 Client Error: Conflict for url: https://eastus2.modelmanagement.azureml.net/api/subscriptions/fac34303-435d-4486-8c3f-7094d82a0b60/resourceGroups/aml-notebooks/providers/Microsoft.MachineLearningServices/workspaces/haieastus2ws3/services?api-version=2018-03-01-preview

During handling of the above exception, another exception occurred:

Traceback (most recent call last):
  File "./01.interactive.e2e.py", line 139, in <module>
    driver = 'score.py')
  File "/home/ninghai/miniconda3/envs/preview/lib/python3.6/site-packages/azureml/core/workspace.py", line 787, in deploy_webservice
    return Webservice.deploy_from_image(self, name, image, deploy_config, target)
  File "/home/ninghai/miniconda3/envs/preview/lib/python3.6/site-packages/azureml/core/webservice/webservice.py", line 253, in deploy_from_image
    return child._deploy(workspace, name, image, deployment_config)
  File "/home/ninghai/miniconda3/envs/preview/lib/python3.6/site-packages/azureml/core/webservice/aci.py", line 108, in _deploy
    return Webservice._deploy_webservice(workspace, name, create_payload, AciWebservice)
  File "/home/ninghai/miniconda3/envs/preview/lib/python3.6/site-packages/azureml/core/webservice/webservice.py", line 296, in _deploy_webservice
    'Content: {}'.format(resp.status_code, resp.headers, resp.content))
azureml.exceptions.azureml_exception.WebserviceException: Received bad response from Model Management Service:
Response Code: 409
Headers: {'Date': 'Wed, 13 Jun 2018 12:06:03 GMT', 'Content-Type': 'application/json', 'Transfer-Encoding': 'chunked', 'Connection': 'keep-alive', 'api-supported-versions': '2018-03-01-preview', 'x-ms-client-request-id': '0d2c2ea9f8e846caa81334da51dadf95', 'x-ms-client-session-id': '', 'Strict-Transport-Security': 'max-age=15724800; includeSubDomains; preload'}
Content: b'{"code":"Conflict","statusCode":409,"message":"Conflict","details":[{"code":"ServiceWithNameExists","message":"Workspace haieastus2ws3 already contains a Service with name: rrs01-preview"}]}'
Accept header absent and forced to application/json
Accept header absent and forced to application/json
Accept header absent and forced to application/json
Accept header absent and forced to application/json
Accept header absent and forced to application/json
Accept header absent and forced to application/json
Accept header absent and forced to application/json
Accept header absent and forced to application/json
Accept header absent and forced to application/json
Traceback (most recent call last):
  File "./02.local.py", line 92, in <module>
    min(metrics['mse']), 
KeyError: 'mse'
Accept header absent and forced to application/json
Accept header absent and forced to application/json
Accept header absent and forced to application/json
Accept header absent and forced to application/json
Accept header absent and forced to application/json
Accept header absent and forced to application/json
Accept header absent and forced to application/json
Accept header absent and forced to application/json
Accept header absent and forced to application/json
Accept header absent and forced to application/json
Accept header absent and forced to application/json
Accept header absent and forced to application/json
Accept header absent and forced to application/json
Accept header absent and forced to application/json
Accept header absent and forced to application/json
Accept header absent and forced to application/json
Accept header absent and forced to application/json
Accept header absent and forced to application/json
Accept header absent and forced to application/json
Accept header absent and forced to application/json
Accept header absent and forced to application/json
Accept header absent and forced to application/json
Accept header absent and forced to application/json
Accept header absent and forced to application/json
Accept header absent and forced to application/json
Accept header absent and forced to application/json
Accept header absent and forced to application/json
Accept header absent and forced to application/json
Accept header absent and forced to application/json
Accept header absent and forced to application/json
Accept header absent and forced to application/json
Accept header absent and forced to application/json
Accept header absent and forced to application/json
Accept header absent and forced to application/json
Accept header absent and forced to application/json
Accept header absent and forced to application/json
Accept header absent and forced to application/json
Accept header absent and forced to application/json
Accept header absent and forced to application/json
Accept header absent and forced to application/json
Accept header absent and forced to application/json
Accept header absent and forced to application/json
Accept header absent and forced to application/json
Client-Request-ID=c329196e-6f05-11e8-9288-000d3a71b7c3 Retry policy did not allow for a retry: Server-Timestamp=Wed, 13 Jun 2018 12:31:57 GMT, Server-Request-ID=8f150718-501e-0122-4312-037c52000000, HTTP status code=409, Exception=The specified container already exists.ErrorCode: ContainerAlreadyExists<?xml version="1.0" encoding="utf-8"?><Error><Code>ContainerAlreadyExists</Code><Message>The specified container already exists.RequestId:8f150718-501e-0122-4312-037c52000000Time:2018-06-13T12:31:57.5616635Z</Message></Error>.
Client-Request-ID=c3291970-6f05-11e8-9288-000d3a71b7c3 Retry policy did not allow for a retry: Server-Timestamp=Wed, 13 Jun 2018 12:31:56 GMT, Server-Request-ID=741593ec-d01e-011a-2012-033d0b000000, HTTP status code=409, Exception=The specified container already exists.ErrorCode: ContainerAlreadyExists<?xml version="1.0" encoding="utf-8"?><Error><Code>ContainerAlreadyExists</Code><Message>The specified container already exists.RequestId:741593ec-d01e-011a-2012-033d0b000000Time:2018-06-13T12:31:57.8545603Z</Message></Error>.
Client-Request-ID=c3291972-6f05-11e8-9288-000d3a71b7c3 Retry policy did not allow for a retry: Server-Timestamp=Wed, 13 Jun 2018 12:31:57 GMT, Server-Request-ID=5fe64934-501e-0129-1c12-036426000000, HTTP status code=409, Exception=The specified container already exists.ErrorCode: ContainerAlreadyExists<?xml version="1.0" encoding="utf-8"?><Error><Code>ContainerAlreadyExists</Code><Message>The specified container already exists.RequestId:5fe64934-501e-0129-1c12-036426000000Time:2018-06-13T12:31:58.1583565Z</Message></Error>.
Client-Request-ID=c3291974-6f05-11e8-9288-000d3a71b7c3 Retry policy did not allow for a retry: Server-Timestamp=Wed, 13 Jun 2018 12:31:57 GMT, Server-Request-ID=e3946d9c-701e-00b2-7d12-03af4b000000, HTTP status code=409, Exception=The specified container already exists.ErrorCode: ContainerAlreadyExists<?xml version="1.0" encoding="utf-8"?><Error><Code>ContainerAlreadyExists</Code><Message>The specified container already exists.RequestId:e3946d9c-701e-00b2-7d12-03af4b000000Time:2018-06-13T12:31:58.3548202Z</Message></Error>.
Traceback (most recent call last):
  File "./10.o16n.py", line 88, in <module>
    model.delete()
  File "/home/ninghai/miniconda3/envs/preview/lib/python3.6/site-packages/azureml/core/model.py", line 313, in delete
    'Content: {}'.format(resp.status_code, resp.headers, resp.content))
azureml.exceptions.azureml_exception.WebserviceException: Received bad response from Model Management Service:
Response Code: 412
Headers: {'Date': 'Wed, 13 Jun 2018 12:40:26 GMT', 'Content-Type': 'application/json', 'Transfer-Encoding': 'chunked', 'Connection': 'keep-alive', 'api-supported-versions': '2018-03-01-preview', 'x-ms-client-request-id': '853a3517834f4cd8a021f5b0a05d6db2', 'x-ms-client-session-id': '', 'Strict-Transport-Security': 'max-age=15724800; includeSubDomains; preload'}
Content: b'{"code":"PreconditionFailed","statusCode":412,"message":"PreconditionFailed","details":[{"code":"DeletionRequired","message":"The model with id best_model.pkl:189 can not be deleted because it is currently being used in one or more images"}]}'
Already on 'master'
