/data/git/hai/e2e_test
*** git branch status before ***
  candidate
  daily
* master
On branch master
Your branch is up-to-date with 'origin/master'.
nothing to commit, working directory clean
*** daily ***
HEAD is now at 79a4ea3 docs
git checkout daily
Your branch is up-to-date with 'origin/daily'.
git pull
Already up-to-date.
*** git branch status after ***
git branch --list
  candidate
* daily
  master
git status
On branch daily
Your branch is up-to-date with 'origin/daily'.
nothing to commit, working directory clean
###################################
START AT: 2018-07-16-18:02:44
###################################


##### 01.interactive.e2e.py (2018-07-16-18:02:44) ######
Azure ML Core SDK Version: 0.1.0.1177076
Found the config file in: /data/git/hai/e2e_test/aml_config/config.json
Performing interactive authentication. Please follow the instructions on the terminal.


##### 02.local.py (2018-07-16-18:06:25) ################
Azure ML Core SDK Version: 0.1.0.1177076
Found the config file in: /data/git/hai/e2e_test/aml_config/config.json
Performing interactive authentication. Please follow the instructions on the terminal.


##### 03.aci.py (2018-07-16-18:21:32) ##################
Azure ML Core SDK Version: 0.1.0.1177076
Found the config file in: /data/git/hai/e2e_test/aml_config/config.json
Performing interactive authentication. Please follow the instructions on the terminal.


##### 04.dsvm (2018-07-16-18:36:40) ####################
Azure ML Core SDK Version: 0.1.0.1177076
Found the config file in: /data/git/hai/e2e_test/aml_config/config.json
Performing interactive authentication. Please follow the instructions on the terminal.


##### 05.spark (2018-07-16-18:51:49) ###################
Azure ML Core SDK Version: 0.1.0.1177076
Found the config file in: /data/git/hai/e2e_test/aml_config/config.json
Performing interactive authentication. Please follow the instructions on the terminal.


##### 07.sklearn.hd.py (2018-07-16-19:06:58) ###########
Azure ML Core SDK Version: 0.1.0.1177076
Found the config file in: /data/git/hai/e2e_test/aml_config/config.json
Performing interactive authentication. Please follow the instructions on the terminal.


##### 08.tf.hd.py (2018-07-16-19:22:06) ################
Azure ML Core SDK Version: 0.1.0.1177076
Found the config file in: /data/git/hai/e2e_test/aml_config/config.json
Performing interactive authentication. Please follow the instructions on the terminal.


##### 10.o16n.py (2018-07-16-19:37:11) #################
Azure ML Core SDK Version: 0.1.0.1177076
Found the config file in: /data/git/hai/e2e_test/aml_config/config.json
Performing interactive authentication. Please follow the instructions on the terminal.
HEAD is now at 79a4ea3 docs
Your branch is up-to-date with 'origin/master'.
Already up-to-date.


###################################
########### END AT 2018-07-16-19:52:16
###################################
