Switched to branch 'daily'
Traceback (most recent call last):
  File "./01.interactive.e2e.py", line 46, in <module>
    root_run = Run.start_logging(workspace = ws, run_history_name = run_history_name)
TypeError: start_logging() missing 1 required positional argument: 'history_name'
Traceback (most recent call last):
  File "./02.local.py", line 30, in <module>
    directory = project_folder)
TypeError: attach() got an unexpected keyword argument 'run_history_name'
Traceback (most recent call last):
  File "./03.aci.py", line 31, in <module>
    directory = project_folder)
TypeError: attach() got an unexpected keyword argument 'run_history_name'
Traceback (most recent call last):
  File "./04.dsvm.py", line 30, in <module>
    directory = project_folder)
TypeError: attach() got an unexpected keyword argument 'run_history_name'
Traceback (most recent call last):
  File "./05.spark.py", line 30, in <module>
    directory = project_folder)
TypeError: attach() got an unexpected keyword argument 'run_history_name'
Traceback (most recent call last):
  File "./07.sklearn.hd.py", line 32, in <module>
    directory = project_folder)
TypeError: attach() got an unexpected keyword argument 'run_history_name'
Traceback (most recent call last):
  File "./08.tf.hd.py", line 33, in <module>
    directory = project_folder)
TypeError: attach() got an unexpected keyword argument 'run_history_name'
Client-Request-ID=435a533a-694f-11e8-9288-000d3a71b7c3 Retry policy did not allow for a retry: Server-Timestamp=Wed, 06 Jun 2018 06:02:59 GMT, Server-Request-ID=6b8a0911-f01e-0047-315c-fd4ef2000000, HTTP status code=409, Exception=The specified container already exists.ErrorCode: ContainerAlreadyExists<?xml version="1.0" encoding="utf-8"?><Error><Code>ContainerAlreadyExists</Code><Message>The specified container already exists.RequestId:6b8a0911-f01e-0047-315c-fd4ef2000000Time:2018-06-06T06:02:59.0421246Z</Message></Error>.
Client-Request-ID=435a533c-694f-11e8-9288-000d3a71b7c3 Retry policy did not allow for a retry: Server-Timestamp=Wed, 06 Jun 2018 06:02:58 GMT, Server-Request-ID=b3e7907e-f01e-0025-455c-fd8cd5000000, HTTP status code=409, Exception=The specified container already exists.ErrorCode: ContainerAlreadyExists<?xml version="1.0" encoding="utf-8"?><Error><Code>ContainerAlreadyExists</Code><Message>The specified container already exists.RequestId:b3e7907e-f01e-0025-455c-fd8cd5000000Time:2018-06-06T06:02:59.3630734Z</Message></Error>.
Client-Request-ID=435a533e-694f-11e8-9288-000d3a71b7c3 Retry policy did not allow for a retry: Server-Timestamp=Wed, 06 Jun 2018 06:02:59 GMT, Server-Request-ID=273e6c11-a01e-0075-7b5c-fd4e85000000, HTTP status code=409, Exception=The specified container already exists.ErrorCode: ContainerAlreadyExists<?xml version="1.0" encoding="utf-8"?><Error><Code>ContainerAlreadyExists</Code><Message>The specified container already exists.RequestId:273e6c11-a01e-0075-7b5c-fd4e85000000Time:2018-06-06T06:02:59.6773124Z</Message></Error>.
Client-Request-ID=435a5340-694f-11e8-9288-000d3a71b7c3 Retry policy did not allow for a retry: Server-Timestamp=Wed, 06 Jun 2018 06:02:59 GMT, Server-Request-ID=5edfbaeb-a01e-005a-7f5c-fd434e000000, HTTP status code=409, Exception=The specified container already exists.ErrorCode: ContainerAlreadyExists<?xml version="1.0" encoding="utf-8"?><Error><Code>ContainerAlreadyExists</Code><Message>The specified container already exists.RequestId:5edfbaeb-a01e-005a-7f5c-fd434e000000Time:2018-06-06T06:02:59.9925491Z</Message></Error>.
Traceback (most recent call last):
  File "/home/ninghai/miniconda3/envs/daily/lib/python3.6/site-packages/azureml/core/webservice/webservice.py", line 271, in _deploy_webservice
    resp.raise_for_status()
  File "/home/ninghai/miniconda3/envs/daily/lib/python3.6/site-packages/requests/models.py", line 935, in raise_for_status
    raise HTTPError(http_error_msg, response=self)
requests.exceptions.HTTPError: 409 Client Error: Conflict for url: https://eastus2euap.modelmanagement.azureml.net/api/subscriptions/fac34303-435d-4486-8c3f-7094d82a0b60/resourceGroups/aml-notebooks/providers/Microsoft.MachineLearningServices/workspaces/haieastus2euapws/services?api-version=2018-03-01-preview

During handling of the above exception, another exception occurred:

Traceback (most recent call last):
  File "./10.o16n.py", line 64, in <module>
    image = image)
  File "/home/ninghai/miniconda3/envs/daily/lib/python3.6/site-packages/azureml/core/workspace.py", line 787, in deploy_webservice
    return Webservice.deploy_from_image(self, name, image, deploy_config, target)
  File "/home/ninghai/miniconda3/envs/daily/lib/python3.6/site-packages/azureml/core/webservice/webservice.py", line 233, in deploy_from_image
    return child._deploy(workspace, name, image, deployment_config)
  File "/home/ninghai/miniconda3/envs/daily/lib/python3.6/site-packages/azureml/core/webservice/aci.py", line 107, in _deploy
    return Webservice._deploy_webservice(workspace, name, create_payload, AciWebservice)
  File "/home/ninghai/miniconda3/envs/daily/lib/python3.6/site-packages/azureml/core/webservice/webservice.py", line 276, in _deploy_webservice
    'Content: {}'.format(resp.status_code, resp.headers, resp.content))
azureml.exceptions.azureml_exception.WebserviceException: Received bad response from Model Management Service:
Response Code: 409
Headers: {'Date': 'Wed, 06 Jun 2018 06:04:33 GMT', 'Content-Type': 'application/json', 'Transfer-Encoding': 'chunked', 'Connection': 'keep-alive', 'api-supported-versions': '2018-03-01-preview', 'x-ms-client-request-id': 'a8cdaba105984b15b53435945c2db47c', 'x-ms-client-session-id': '', 'Strict-Transport-Security': 'max-age=15724800; includeSubDomains; preload'}
Content: b'{"code":"Conflict","statusCode":409,"message":"Conflict","details":[{"code":"ServiceWithNameExists","message":"Workspace haieastus2euapws already contains a Service with name: rrs02"}]}'
Switched to branch 'master'
