Switched to branch 'candidate'
Client-Request-ID=57868d3d-6d56-11e8-9288-000d3a71b7c3 Retry policy did not allow for a retry: Server-Timestamp=Mon, 11 Jun 2018 09:03:44 GMT, Server-Request-ID=d881c18c-b01e-002c-4a63-01d60c000000, HTTP status code=409, Exception=The specified container already exists.ErrorCode: ContainerAlreadyExists<?xml version="1.0" encoding="utf-8"?><Error><Code>ContainerAlreadyExists</Code><Message>The specified container already exists.RequestId:d881c18c-b01e-002c-4a63-01d60c000000Time:2018-06-11T09:03:44.3804655Z</Message></Error>.
Client-Request-ID=57868d3f-6d56-11e8-9288-000d3a71b7c3 Retry policy did not allow for a retry: Server-Timestamp=Mon, 11 Jun 2018 09:03:43 GMT, Server-Request-ID=f092e070-d01e-00b4-5e63-015833000000, HTTP status code=409, Exception=The specified container already exists.ErrorCode: ContainerAlreadyExists<?xml version="1.0" encoding="utf-8"?><Error><Code>ContainerAlreadyExists</Code><Message>The specified container already exists.RequestId:f092e070-d01e-00b4-5e63-015833000000Time:2018-06-11T09:03:44.5382143Z</Message></Error>.
Client-Request-ID=57868d41-6d56-11e8-9288-000d3a71b7c3 Retry policy did not allow for a retry: Server-Timestamp=Mon, 11 Jun 2018 09:03:44 GMT, Server-Request-ID=fb0e50d4-f01e-0124-3963-018b2a000000, HTTP status code=409, Exception=The specified container already exists.ErrorCode: ContainerAlreadyExists<?xml version="1.0" encoding="utf-8"?><Error><Code>ContainerAlreadyExists</Code><Message>The specified container already exists.RequestId:fb0e50d4-f01e-0124-3963-018b2a000000Time:2018-06-11T09:03:44.7258458Z</Message></Error>.
Client-Request-ID=57868d43-6d56-11e8-9288-000d3a71b7c3 Retry policy did not allow for a retry: Server-Timestamp=Mon, 11 Jun 2018 09:03:44 GMT, Server-Request-ID=60029410-201e-00cc-4a63-013084000000, HTTP status code=409, Exception=The specified container already exists.ErrorCode: ContainerAlreadyExists<?xml version="1.0" encoding="utf-8"?><Error><Code>ContainerAlreadyExists</Code><Message>The specified container already exists.RequestId:60029410-201e-00cc-4a63-013084000000Time:2018-06-11T09:03:44.8841382Z</Message></Error>.
Traceback (most recent call last):
  File "./02.local.py", line 92, in <module>
    min(metrics['mse']), 
KeyError: 'mse'
Client-Request-ID=9a4ec44a-6d5b-11e8-9288-000d3a71b7c3 Retry policy did not allow for a retry: Server-Timestamp=Mon, 11 Jun 2018 09:41:22 GMT, Server-Request-ID=ee489ff7-501e-0062-7b68-0113e9000000, HTTP status code=409, Exception=The specified container already exists.ErrorCode: ContainerAlreadyExists<?xml version="1.0" encoding="utf-8"?><Error><Code>ContainerAlreadyExists</Code><Message>The specified container already exists.RequestId:ee489ff7-501e-0062-7b68-0113e9000000Time:2018-06-11T09:41:23.4203078Z</Message></Error>.
Client-Request-ID=9a4ec44c-6d5b-11e8-9288-000d3a71b7c3 Retry policy did not allow for a retry: Server-Timestamp=Mon, 11 Jun 2018 09:41:22 GMT, Server-Request-ID=cb55f690-001e-0017-4f68-019452000000, HTTP status code=409, Exception=The specified container already exists.ErrorCode: ContainerAlreadyExists<?xml version="1.0" encoding="utf-8"?><Error><Code>ContainerAlreadyExists</Code><Message>The specified container already exists.RequestId:cb55f690-001e-0017-4f68-019452000000Time:2018-06-11T09:41:23.6284214Z</Message></Error>.
Client-Request-ID=9a4ec44e-6d5b-11e8-9288-000d3a71b7c3 Retry policy did not allow for a retry: Server-Timestamp=Mon, 11 Jun 2018 09:41:23 GMT, Server-Request-ID=12fec20f-d01e-0078-7d68-013c86000000, HTTP status code=409, Exception=The specified container already exists.ErrorCode: ContainerAlreadyExists<?xml version="1.0" encoding="utf-8"?><Error><Code>ContainerAlreadyExists</Code><Message>The specified container already exists.RequestId:12fec20f-d01e-0078-7d68-013c86000000Time:2018-06-11T09:41:23.8047348Z</Message></Error>.
Client-Request-ID=9a4ec450-6d5b-11e8-9288-000d3a71b7c3 Retry policy did not allow for a retry: Server-Timestamp=Mon, 11 Jun 2018 09:41:23 GMT, Server-Request-ID=75acd8d5-301e-00d3-1868-01eb94000000, HTTP status code=409, Exception=The specified container already exists.ErrorCode: ContainerAlreadyExists<?xml version="1.0" encoding="utf-8"?><Error><Code>ContainerAlreadyExists</Code><Message>The specified container already exists.RequestId:75acd8d5-301e-00d3-1868-01eb94000000Time:2018-06-11T09:41:23.9633567Z</Message></Error>.
Traceback (most recent call last):
  File "/home/ninghai/miniconda3/envs/candidate/lib/python3.6/site-packages/azureml/core/webservice/webservice.py", line 291, in _deploy_webservice
    resp.raise_for_status()
  File "/home/ninghai/miniconda3/envs/candidate/lib/python3.6/site-packages/requests/models.py", line 935, in raise_for_status
    raise HTTPError(http_error_msg, response=self)
requests.exceptions.HTTPError: 409 Client Error: Conflict for url: https://eastus2.modelmanagement.azureml.net/api/subscriptions/fac34303-435d-4486-8c3f-7094d82a0b60/resourceGroups/aml-notebooks/providers/Microsoft.MachineLearningServices/workspaces/haieastus2ws3/services?api-version=2018-03-01-preview

During handling of the above exception, another exception occurred:

Traceback (most recent call last):
  File "./10.o16n.py", line 64, in <module>
    image = image)
  File "/home/ninghai/miniconda3/envs/candidate/lib/python3.6/site-packages/azureml/core/workspace.py", line 787, in deploy_webservice
    return Webservice.deploy_from_image(self, name, image, deploy_config, target)
  File "/home/ninghai/miniconda3/envs/candidate/lib/python3.6/site-packages/azureml/core/webservice/webservice.py", line 253, in deploy_from_image
    return child._deploy(workspace, name, image, deployment_config)
  File "/home/ninghai/miniconda3/envs/candidate/lib/python3.6/site-packages/azureml/core/webservice/aci.py", line 108, in _deploy
    return Webservice._deploy_webservice(workspace, name, create_payload, AciWebservice)
  File "/home/ninghai/miniconda3/envs/candidate/lib/python3.6/site-packages/azureml/core/webservice/webservice.py", line 296, in _deploy_webservice
    'Content: {}'.format(resp.status_code, resp.headers, resp.content))
azureml.exceptions.azureml_exception.WebserviceException: Received bad response from Model Management Service:
Response Code: 409
Headers: {'Date': 'Mon, 11 Jun 2018 09:41:52 GMT', 'Content-Type': 'application/json', 'Transfer-Encoding': 'chunked', 'Connection': 'keep-alive', 'api-supported-versions': '2018-03-01-preview', 'x-ms-client-request-id': 'a97184527fdf41bfb2f5c11b3f5c358d', 'x-ms-client-session-id': '', 'Strict-Transport-Security': 'max-age=15724800; includeSubDomains; preload'}
Content: b'{"code":"Conflict","statusCode":409,"message":"Conflict","details":[{"code":"ServiceWithNameExists","message":"Workspace haieastus2ws3 already contains a Service with name: rrs02-candidate"}]}'
Switched to branch 'master'
