Already on 'master'
Client-Request-ID=89a2a6fa-693e-11e8-9288-000d3a71b7c3 Retry policy did not allow for a retry: Server-Timestamp=Wed, 06 Jun 2018 04:03:15 GMT, Server-Request-ID=5a1f5763-f01e-0064-7b4b-fde491000000, HTTP status code=409, Exception=The specified container already exists.ErrorCode: ContainerAlreadyExists<?xml version="1.0" encoding="utf-8"?><Error><Code>ContainerAlreadyExists</Code><Message>The specified container already exists.RequestId:5a1f5763-f01e-0064-7b4b-fde491000000Time:2018-06-06T04:03:15.3969851Z</Message></Error>.
Client-Request-ID=89a2a6fc-693e-11e8-9288-000d3a71b7c3 Retry policy did not allow for a retry: Server-Timestamp=Wed, 06 Jun 2018 04:03:15 GMT, Server-Request-ID=3e6ca6f1-601e-00cb-6d4b-fdc601000000, HTTP status code=409, Exception=The specified container already exists.ErrorCode: ContainerAlreadyExists<?xml version="1.0" encoding="utf-8"?><Error><Code>ContainerAlreadyExists</Code><Message>The specified container already exists.RequestId:3e6ca6f1-601e-00cb-6d4b-fdc601000000Time:2018-06-06T04:03:15.8186057Z</Message></Error>.
Client-Request-ID=89a2a6fe-693e-11e8-9288-000d3a71b7c3 Retry policy did not allow for a retry: Server-Timestamp=Wed, 06 Jun 2018 04:03:15 GMT, Server-Request-ID=f1fddf68-101e-006e-614b-fdfd18000000, HTTP status code=409, Exception=The specified container already exists.ErrorCode: ContainerAlreadyExists<?xml version="1.0" encoding="utf-8"?><Error><Code>ContainerAlreadyExists</Code><Message>The specified container already exists.RequestId:f1fddf68-101e-006e-614b-fdfd18000000Time:2018-06-06T04:03:16.0032956Z</Message></Error>.
Client-Request-ID=89a2a700-693e-11e8-9288-000d3a71b7c3 Retry policy did not allow for a retry: Server-Timestamp=Wed, 06 Jun 2018 04:03:15 GMT, Server-Request-ID=1e458ecb-401e-0093-134b-fdc27a000000, HTTP status code=409, Exception=The specified container already exists.ErrorCode: ContainerAlreadyExists<?xml version="1.0" encoding="utf-8"?><Error><Code>ContainerAlreadyExists</Code><Message>The specified container already exists.RequestId:1e458ecb-401e-0093-134b-fdc27a000000Time:2018-06-06T04:03:16.1721297Z</Message></Error>.
Client-Request-ID=89a2a702-693e-11e8-9288-000d3a71b7c3 Retry policy did not allow for a retry: Server-Timestamp=Wed, 06 Jun 2018 04:03:15 GMT, Server-Request-ID=12ce1531-501e-0040-2c4b-fd7ddf000000, HTTP status code=409, Exception=The specified container already exists.ErrorCode: ContainerAlreadyExists<?xml version="1.0" encoding="utf-8"?><Error><Code>ContainerAlreadyExists</Code><Message>The specified container already exists.RequestId:12ce1531-501e-0040-2c4b-fd7ddf000000Time:2018-06-06T04:03:16.3385351Z</Message></Error>.
Traceback (most recent call last):
  File "/home/ninghai/miniconda3/envs/preview/lib/python3.6/site-packages/azureml/core/webservice/webservice.py", line 281, in _deploy_webservice
    resp.raise_for_status()
  File "/home/ninghai/miniconda3/envs/preview/lib/python3.6/site-packages/requests/models.py", line 935, in raise_for_status
    raise HTTPError(http_error_msg, response=self)
requests.exceptions.HTTPError: 409 Client Error: Conflict for url: https://eastus2.modelmanagement.azureml.net/api/subscriptions/fac34303-435d-4486-8c3f-7094d82a0b60/resourceGroups/aml-notebooks/providers/Microsoft.MachineLearningServices/workspaces/haieastus2ws3/services?api-version=2018-03-01-preview

During handling of the above exception, another exception occurred:

Traceback (most recent call last):
  File "./01.interactive.e2e.py", line 139, in <module>
    driver = 'score.py')
  File "/home/ninghai/miniconda3/envs/preview/lib/python3.6/site-packages/azureml/core/workspace.py", line 819, in deploy_webservice
    return Webservice.deploy_from_image(self, name, image, deploy_config, target)
  File "/home/ninghai/miniconda3/envs/preview/lib/python3.6/site-packages/azureml/core/webservice/webservice.py", line 242, in deploy_from_image
    return child._deploy(workspace, name, image, deployment_config)
  File "/home/ninghai/miniconda3/envs/preview/lib/python3.6/site-packages/azureml/core/webservice/aci.py", line 109, in _deploy
    return Webservice._deploy_webservice(workspace, name, create_payload, AciWebservice)
  File "/home/ninghai/miniconda3/envs/preview/lib/python3.6/site-packages/azureml/core/webservice/webservice.py", line 286, in _deploy_webservice
    'Content: {}'.format(resp.status_code, resp.headers, resp.content))
azureml.exceptions.azureml_exception.WebserviceException: Received bad response from Model Management Service:
Response Code: 409
Headers: {'Date': 'Wed, 06 Jun 2018 04:04:36 GMT', 'Content-Type': 'application/json', 'Transfer-Encoding': 'chunked', 'Connection': 'keep-alive', 'api-supported-versions': '2018-03-01-preview', 'x-ms-client-request-id': 'bf628b8200634882ab8c0f674aa9cda1', 'x-ms-client-session-id': '', 'Strict-Transport-Security': 'max-age=15724800; includeSubDomains; preload'}
Content: b'{"code":"Conflict","statusCode":409,"message":"Conflict","details":[{"code":"ServiceWithNameExists","message":"Workspace haieastus2ws3 already contains a Service with name: rrs01a"}]}'
Client-Request-ID=1c544176-6943-11e8-9288-000d3a71b7c3 Retry policy did not allow for a retry: Server-Timestamp=Wed, 06 Jun 2018 04:35:58 GMT, Server-Request-ID=31e7981d-c01e-00ef-224f-fd5f4f000000, HTTP status code=409, Exception=The specified container already exists.ErrorCode: ContainerAlreadyExists<?xml version="1.0" encoding="utf-8"?><Error><Code>ContainerAlreadyExists</Code><Message>The specified container already exists.RequestId:31e7981d-c01e-00ef-224f-fd5f4f000000Time:2018-06-06T04:35:59.6013519Z</Message></Error>.
Client-Request-ID=1d9d97ee-6943-11e8-9288-000d3a71b7c3 Retry policy did not allow for a retry: Server-Timestamp=Wed, 06 Jun 2018 04:36:01 GMT, Server-Request-ID=4cdea223-801e-006b-434f-fd0967000000, HTTP status code=409, Exception=The specified container already exists.ErrorCode: ContainerAlreadyExists<?xml version="1.0" encoding="utf-8"?><Error><Code>ContainerAlreadyExists</Code><Message>The specified container already exists.RequestId:4cdea223-801e-006b-434f-fd0967000000Time:2018-06-06T04:36:01.7636443Z</Message></Error>.
Client-Request-ID=1d9d97f0-6943-11e8-9288-000d3a71b7c3 Retry policy did not allow for a retry: Server-Timestamp=Wed, 06 Jun 2018 04:36:01 GMT, Server-Request-ID=7da41c9c-a01e-0055-344f-fdbf46000000, HTTP status code=409, Exception=The specified container already exists.ErrorCode: ContainerAlreadyExists<?xml version="1.0" encoding="utf-8"?><Error><Code>ContainerAlreadyExists</Code><Message>The specified container already exists.RequestId:7da41c9c-a01e-0055-344f-fdbf46000000Time:2018-06-06T04:36:02.1287075Z</Message></Error>.
Client-Request-ID=1d9d97f2-6943-11e8-9288-000d3a71b7c3 Retry policy did not allow for a retry: Server-Timestamp=Wed, 06 Jun 2018 04:36:01 GMT, Server-Request-ID=9bfe5eac-001e-0113-4a4f-fd2785000000, HTTP status code=409, Exception=The specified container already exists.ErrorCode: ContainerAlreadyExists<?xml version="1.0" encoding="utf-8"?><Error><Code>ContainerAlreadyExists</Code><Message>The specified container already exists.RequestId:9bfe5eac-001e-0113-4a4f-fd2785000000Time:2018-06-06T04:36:02.4740835Z</Message></Error>.
Client-Request-ID=1d9d97f4-6943-11e8-9288-000d3a71b7c3 Retry policy did not allow for a retry: Server-Timestamp=Wed, 06 Jun 2018 04:36:02 GMT, Server-Request-ID=c9be57a7-401e-0039-4f4f-fd1495000000, HTTP status code=409, Exception=The specified container already exists.ErrorCode: ContainerAlreadyExists<?xml version="1.0" encoding="utf-8"?><Error><Code>ContainerAlreadyExists</Code><Message>The specified container already exists.RequestId:c9be57a7-401e-0039-4f4f-fd1495000000Time:2018-06-06T04:36:02.8448166Z</Message></Error>.
Traceback (most recent call last):
  File "./10.o16n.py", line 89, in <module>
    model.delete()
  File "/home/ninghai/miniconda3/envs/preview/lib/python3.6/site-packages/azureml/core/model.py", line 300, in delete
    'Content: {}'.format(resp.status_code, resp.headers, resp.content))
azureml.exceptions.azureml_exception.WebserviceException: Received bad response from Model Management Service:
Response Code: 412
Headers: {'Date': 'Wed, 06 Jun 2018 04:42:42 GMT', 'Content-Type': 'application/json', 'Transfer-Encoding': 'chunked', 'Connection': 'keep-alive', 'api-supported-versions': '2018-03-01-preview', 'x-ms-client-request-id': '3896803b901c46baba0de180271fb052', 'x-ms-client-session-id': '', 'Strict-Transport-Security': 'max-age=15724800; includeSubDomains; preload'}
Content: b'{"code":"PreconditionFailed","statusCode":412,"message":"PreconditionFailed","details":[{"code":"DeletionRequired","message":"The model with id mymodel:26 can not be deleted because it is currently being used in one or more images"}]}'
Already on 'master'
