Switched to branch 'candidate'
Client-Request-ID=75971517-6e1f-11e8-9288-000d3a71b7c3 Retry policy did not allow for a retry: Server-Timestamp=Tue, 12 Jun 2018 09:03:23 GMT, Server-Request-ID=0fd4af3e-801e-00e8-6b2c-02a9ca000000, HTTP status code=409, Exception=The specified container already exists.ErrorCode: ContainerAlreadyExists<?xml version="1.0" encoding="utf-8"?><Error><Code>ContainerAlreadyExists</Code><Message>The specified container already exists.RequestId:0fd4af3e-801e-00e8-6b2c-02a9ca000000Time:2018-06-12T09:03:24.0153767Z</Message></Error>.
Client-Request-ID=75971519-6e1f-11e8-9288-000d3a71b7c3 Retry policy did not allow for a retry: Server-Timestamp=Tue, 12 Jun 2018 09:03:23 GMT, Server-Request-ID=32415468-a01e-00f4-312c-0271dd000000, HTTP status code=409, Exception=The specified container already exists.ErrorCode: ContainerAlreadyExists<?xml version="1.0" encoding="utf-8"?><Error><Code>ContainerAlreadyExists</Code><Message>The specified container already exists.RequestId:32415468-a01e-00f4-312c-0271dd000000Time:2018-06-12T09:03:24.1874191Z</Message></Error>.
Client-Request-ID=7597151b-6e1f-11e8-9288-000d3a71b7c3 Retry policy did not allow for a retry: Server-Timestamp=Tue, 12 Jun 2018 09:03:23 GMT, Server-Request-ID=326b8b7d-801e-012b-232c-0266dc000000, HTTP status code=409, Exception=The specified container already exists.ErrorCode: ContainerAlreadyExists<?xml version="1.0" encoding="utf-8"?><Error><Code>ContainerAlreadyExists</Code><Message>The specified container already exists.RequestId:326b8b7d-801e-012b-232c-0266dc000000Time:2018-06-12T09:03:24.3447331Z</Message></Error>.
Client-Request-ID=7597151d-6e1f-11e8-9288-000d3a71b7c3 Retry policy did not allow for a retry: Server-Timestamp=Tue, 12 Jun 2018 09:03:23 GMT, Server-Request-ID=9db7a0d0-b01e-0063-0f2c-021214000000, HTTP status code=409, Exception=The specified container already exists.ErrorCode: ContainerAlreadyExists<?xml version="1.0" encoding="utf-8"?><Error><Code>ContainerAlreadyExists</Code><Message>The specified container already exists.RequestId:9db7a0d0-b01e-0063-0f2c-021214000000Time:2018-06-12T09:03:24.5144794Z</Message></Error>.
Traceback (most recent call last):
  File "./02.local.py", line 92, in <module>
    min(metrics['mse']), 
KeyError: 'mse'
Client-Request-ID=e754a6fb-6e24-11e8-9288-000d3a71b7c3 Retry policy did not allow for a retry: Server-Timestamp=Tue, 12 Jun 2018 09:42:21 GMT, Server-Request-ID=c0bdebe5-e01e-0034-3e31-02fb99000000, HTTP status code=409, Exception=The specified container already exists.ErrorCode: ContainerAlreadyExists<?xml version="1.0" encoding="utf-8"?><Error><Code>ContainerAlreadyExists</Code><Message>The specified container already exists.RequestId:c0bdebe5-e01e-0034-3e31-02fb99000000Time:2018-06-12T09:42:22.6130792Z</Message></Error>.
Client-Request-ID=e754a6fd-6e24-11e8-9288-000d3a71b7c3 Retry policy did not allow for a retry: Server-Timestamp=Tue, 12 Jun 2018 09:42:22 GMT, Server-Request-ID=c4d912b9-e01e-0059-5331-0251b7000000, HTTP status code=409, Exception=The specified container already exists.ErrorCode: ContainerAlreadyExists<?xml version="1.0" encoding="utf-8"?><Error><Code>ContainerAlreadyExists</Code><Message>The specified container already exists.RequestId:c4d912b9-e01e-0059-5331-0251b7000000Time:2018-06-12T09:42:22.8296519Z</Message></Error>.
Client-Request-ID=e754a6ff-6e24-11e8-9288-000d3a71b7c3 Retry policy did not allow for a retry: Server-Timestamp=Tue, 12 Jun 2018 09:42:22 GMT, Server-Request-ID=6a5282a2-601e-002e-7631-02d4f6000000, HTTP status code=409, Exception=The specified container already exists.ErrorCode: ContainerAlreadyExists<?xml version="1.0" encoding="utf-8"?><Error><Code>ContainerAlreadyExists</Code><Message>The specified container already exists.RequestId:6a5282a2-601e-002e-7631-02d4f6000000Time:2018-06-12T09:42:22.9918796Z</Message></Error>.
Client-Request-ID=e8578c70-6e24-11e8-9288-000d3a71b7c3 Retry policy did not allow for a retry: Server-Timestamp=Tue, 12 Jun 2018 09:42:22 GMT, Server-Request-ID=eb58f9a9-101e-0003-6431-025736000000, HTTP status code=409, Exception=The specified container already exists.ErrorCode: ContainerAlreadyExists<?xml version="1.0" encoding="utf-8"?><Error><Code>ContainerAlreadyExists</Code><Message>The specified container already exists.RequestId:eb58f9a9-101e-0003-6431-025736000000Time:2018-06-12T09:42:23.1952785Z</Message></Error>.
Traceback (most recent call last):
  File "./10.o16n.py", line 88, in <module>
    model.delete()
  File "/home/ninghai/miniconda3/envs/candidate/lib/python3.6/site-packages/azureml/core/model.py", line 313, in delete
    'Content: {}'.format(resp.status_code, resp.headers, resp.content))
azureml.exceptions.azureml_exception.WebserviceException: Received bad response from Model Management Service:
Response Code: 412
Headers: {'Date': 'Tue, 12 Jun 2018 09:49:54 GMT', 'Content-Type': 'application/json', 'Transfer-Encoding': 'chunked', 'Connection': 'keep-alive', 'api-supported-versions': '2018-03-01-preview', 'x-ms-client-request-id': '559687d413ab406497b2be5523e3052c', 'x-ms-client-session-id': '', 'Strict-Transport-Security': 'max-age=15724800; includeSubDomains; preload'}
Content: b'{"code":"PreconditionFailed","statusCode":412,"message":"PreconditionFailed","details":[{"code":"DeletionRequired","message":"The model with id best_model.pkl:189 can not be deleted because it is currently being used in one or more images"}]}'
Switched to branch 'master'
