Switched to branch 'candidate'
Client-Request-ID=11f6ea1f-6e41-11e8-9288-000d3a71b7c3 Retry policy did not allow for a retry: Server-Timestamp=Tue, 12 Jun 2018 13:03:59 GMT, Server-Request-ID=f428ae0e-c01e-006c-2b4d-02ffe2000000, HTTP status code=409, Exception=The specified container already exists.ErrorCode: ContainerAlreadyExists<?xml version="1.0" encoding="utf-8"?><Error><Code>ContainerAlreadyExists</Code><Message>The specified container already exists.RequestId:f428ae0e-c01e-006c-2b4d-02ffe2000000Time:2018-06-12T13:03:59.4328623Z</Message></Error>.
Client-Request-ID=11f6ea21-6e41-11e8-9288-000d3a71b7c3 Retry policy did not allow for a retry: Server-Timestamp=Tue, 12 Jun 2018 13:03:58 GMT, Server-Request-ID=4b9494bc-501e-00a5-784d-026f28000000, HTTP status code=409, Exception=The specified container already exists.ErrorCode: ContainerAlreadyExists<?xml version="1.0" encoding="utf-8"?><Error><Code>ContainerAlreadyExists</Code><Message>The specified container already exists.RequestId:4b9494bc-501e-00a5-784d-026f28000000Time:2018-06-12T13:03:59.6032664Z</Message></Error>.
Client-Request-ID=11f6ea23-6e41-11e8-9288-000d3a71b7c3 Retry policy did not allow for a retry: Server-Timestamp=Tue, 12 Jun 2018 13:03:58 GMT, Server-Request-ID=bc5594e4-e01e-0052-024d-0249c3000000, HTTP status code=409, Exception=The specified container already exists.ErrorCode: ContainerAlreadyExists<?xml version="1.0" encoding="utf-8"?><Error><Code>ContainerAlreadyExists</Code><Message>The specified container already exists.RequestId:bc5594e4-e01e-0052-024d-0249c3000000Time:2018-06-12T13:03:59.7639664Z</Message></Error>.
Client-Request-ID=11f6ea25-6e41-11e8-9288-000d3a71b7c3 Retry policy did not allow for a retry: Server-Timestamp=Tue, 12 Jun 2018 13:03:59 GMT, Server-Request-ID=1b3dff69-701e-00f6-7d4d-027327000000, HTTP status code=409, Exception=The specified container already exists.ErrorCode: ContainerAlreadyExists<?xml version="1.0" encoding="utf-8"?><Error><Code>ContainerAlreadyExists</Code><Message>The specified container already exists.RequestId:1b3dff69-701e-00f6-7d4d-027327000000Time:2018-06-12T13:03:59.9373551Z</Message></Error>.
Traceback (most recent call last):
  File "./02.local.py", line 92, in <module>
    min(metrics['mse']), 
KeyError: 'mse'
Client-Request-ID=2e0789ca-6e46-11e8-9288-000d3a71b7c3 Retry policy did not allow for a retry: Server-Timestamp=Tue, 12 Jun 2018 13:40:33 GMT, Server-Request-ID=ea63fa3f-301e-00b5-4452-0259ce000000, HTTP status code=409, Exception=The specified container already exists.ErrorCode: ContainerAlreadyExists<?xml version="1.0" encoding="utf-8"?><Error><Code>ContainerAlreadyExists</Code><Message>The specified container already exists.RequestId:ea63fa3f-301e-00b5-4452-0259ce000000Time:2018-06-12T13:40:33.4989556Z</Message></Error>.
Client-Request-ID=2e0789cc-6e46-11e8-9288-000d3a71b7c3 Retry policy did not allow for a retry: Server-Timestamp=Tue, 12 Jun 2018 13:40:33 GMT, Server-Request-ID=dbeaa3f2-f01e-00e7-4d52-02443c000000, HTTP status code=409, Exception=The specified container already exists.ErrorCode: ContainerAlreadyExists<?xml version="1.0" encoding="utf-8"?><Error><Code>ContainerAlreadyExists</Code><Message>The specified container already exists.RequestId:dbeaa3f2-f01e-00e7-4d52-02443c000000Time:2018-06-12T13:40:33.6569580Z</Message></Error>.
Client-Request-ID=2e0789ce-6e46-11e8-9288-000d3a71b7c3 Retry policy did not allow for a retry: Server-Timestamp=Tue, 12 Jun 2018 13:40:33 GMT, Server-Request-ID=c252a31c-901e-00de-3952-020498000000, HTTP status code=409, Exception=The specified container already exists.ErrorCode: ContainerAlreadyExists<?xml version="1.0" encoding="utf-8"?><Error><Code>ContainerAlreadyExists</Code><Message>The specified container already exists.RequestId:c252a31c-901e-00de-3952-020498000000Time:2018-06-12T13:40:33.8134462Z</Message></Error>.
Client-Request-ID=2e0789d0-6e46-11e8-9288-000d3a71b7c3 Retry policy did not allow for a retry: Server-Timestamp=Tue, 12 Jun 2018 13:40:33 GMT, Server-Request-ID=f8114f8a-001e-0113-7e52-022785000000, HTTP status code=409, Exception=The specified container already exists.ErrorCode: ContainerAlreadyExists<?xml version="1.0" encoding="utf-8"?><Error><Code>ContainerAlreadyExists</Code><Message>The specified container already exists.RequestId:f8114f8a-001e-0113-7e52-022785000000Time:2018-06-12T13:40:33.9785837Z</Message></Error>.
Traceback (most recent call last):
  File "./10.o16n.py", line 88, in <module>
    model.delete()
  File "/home/ninghai/miniconda3/envs/candidate/lib/python3.6/site-packages/azureml/core/model.py", line 313, in delete
    'Content: {}'.format(resp.status_code, resp.headers, resp.content))
azureml.exceptions.azureml_exception.WebserviceException: Received bad response from Model Management Service:
Response Code: 412
Headers: {'Date': 'Tue, 12 Jun 2018 13:48:07 GMT', 'Content-Type': 'application/json', 'Transfer-Encoding': 'chunked', 'Connection': 'keep-alive', 'api-supported-versions': '2018-03-01-preview', 'x-ms-client-request-id': '8619c4377c9249969c94cc3b02e55dba', 'x-ms-client-session-id': '', 'Strict-Transport-Security': 'max-age=15724800; includeSubDomains; preload'}
Content: b'{"code":"PreconditionFailed","statusCode":412,"message":"PreconditionFailed","details":[{"code":"DeletionRequired","message":"The model with id best_model.pkl:189 can not be deleted because it is currently being used in one or more images"}]}'
Switched to branch 'master'
