Switched to branch 'daily'
ERROR:azure.storage.common.storageclient:Client-Request-ID=66e313a7-6e49-11e8-9288-000d3a71b7c3 Retry policy did not allow for a retry: Server-Timestamp=Tue, 12 Jun 2018 14:03:38 GMT, Server-Request-ID=29259a24-301e-0083-7a56-023bcb000000, HTTP status code=409, Exception=The specified container already exists.ErrorCode: ContainerAlreadyExists<?xml version="1.0" encoding="utf-8"?><Error><Code>ContainerAlreadyExists</Code><Message>The specified container already exists.RequestId:29259a24-301e-0083-7a56-023bcb000000Time:2018-06-12T14:03:38.7768441Z</Message></Error>.
ERROR:azure.storage.common.storageclient:Client-Request-ID=66e313a9-6e49-11e8-9288-000d3a71b7c3 Retry policy did not allow for a retry: Server-Timestamp=Tue, 12 Jun 2018 14:03:38 GMT, Server-Request-ID=5f90673e-a01e-005a-1f56-02434e000000, HTTP status code=409, Exception=The specified container already exists.ErrorCode: ContainerAlreadyExists<?xml version="1.0" encoding="utf-8"?><Error><Code>ContainerAlreadyExists</Code><Message>The specified container already exists.RequestId:5f90673e-a01e-005a-1f56-02434e000000Time:2018-06-12T14:03:38.9337581Z</Message></Error>.
ERROR:azure.storage.common.storageclient:Client-Request-ID=66e313ab-6e49-11e8-9288-000d3a71b7c3 Retry policy did not allow for a retry: Server-Timestamp=Tue, 12 Jun 2018 14:03:38 GMT, Server-Request-ID=0742c6b7-d01e-000d-3c56-02ed7d000000, HTTP status code=409, Exception=The specified container already exists.ErrorCode: ContainerAlreadyExists<?xml version="1.0" encoding="utf-8"?><Error><Code>ContainerAlreadyExists</Code><Message>The specified container already exists.RequestId:0742c6b7-d01e-000d-3c56-02ed7d000000Time:2018-06-12T14:03:39.0900555Z</Message></Error>.
ERROR:azure.storage.common.storageclient:Client-Request-ID=67fb4a93-6e49-11e8-9288-000d3a71b7c3 Retry policy did not allow for a retry: Server-Timestamp=Tue, 12 Jun 2018 14:03:39 GMT, Server-Request-ID=31fa0bbd-001e-0043-0856-02c3f5000000, HTTP status code=409, Exception=The specified container already exists.ErrorCode: ContainerAlreadyExists<?xml version="1.0" encoding="utf-8"?><Error><Code>ContainerAlreadyExists</Code><Message>The specified container already exists.RequestId:31fa0bbd-001e-0043-0856-02c3f5000000Time:2018-06-12T14:03:39.2547905Z</Message></Error>.
Traceback (most recent call last):
  File "./02.local.py", line 92, in <module>
    min(metrics['mse']), 
KeyError: 'mse'
ERROR:azure.storage.common.storageclient:Client-Request-ID=a47c7a9a-6e4e-11e8-9288-000d3a71b7c3 Retry policy did not allow for a retry: Server-Timestamp=Tue, 12 Jun 2018 14:41:07 GMT, Server-Request-ID=9ceeaa27-701e-0066-215b-026a89000000, HTTP status code=409, Exception=The specified container already exists.ErrorCode: ContainerAlreadyExists<?xml version="1.0" encoding="utf-8"?><Error><Code>ContainerAlreadyExists</Code><Message>The specified container already exists.RequestId:9ceeaa27-701e-0066-215b-026a89000000Time:2018-06-12T14:41:08.2013782Z</Message></Error>.
ERROR:azure.storage.common.storageclient:Client-Request-ID=a47c7a9c-6e4e-11e8-9288-000d3a71b7c3 Retry policy did not allow for a retry: Server-Timestamp=Tue, 12 Jun 2018 14:41:08 GMT, Server-Request-ID=95bc4b7e-d01e-0050-7d5b-02e7f9000000, HTTP status code=409, Exception=The specified container already exists.ErrorCode: ContainerAlreadyExists<?xml version="1.0" encoding="utf-8"?><Error><Code>ContainerAlreadyExists</Code><Message>The specified container already exists.RequestId:95bc4b7e-d01e-0050-7d5b-02e7f9000000Time:2018-06-12T14:41:08.3554188Z</Message></Error>.
ERROR:azure.storage.common.storageclient:Client-Request-ID=a47c7a9e-6e4e-11e8-9288-000d3a71b7c3 Retry policy did not allow for a retry: Server-Timestamp=Tue, 12 Jun 2018 14:41:07 GMT, Server-Request-ID=b6ba0c00-501e-005e-025b-02ce49000000, HTTP status code=409, Exception=The specified container already exists.ErrorCode: ContainerAlreadyExists<?xml version="1.0" encoding="utf-8"?><Error><Code>ContainerAlreadyExists</Code><Message>The specified container already exists.RequestId:b6ba0c00-501e-005e-025b-02ce49000000Time:2018-06-12T14:41:08.5095778Z</Message></Error>.
ERROR:azure.storage.common.storageclient:Client-Request-ID=a47c7aa0-6e4e-11e8-9288-000d3a71b7c3 Retry policy did not allow for a retry: Server-Timestamp=Tue, 12 Jun 2018 14:41:07 GMT, Server-Request-ID=fdd7b2ab-f01e-0057-4c5b-028b9a000000, HTTP status code=409, Exception=The specified container already exists.ErrorCode: ContainerAlreadyExists<?xml version="1.0" encoding="utf-8"?><Error><Code>ContainerAlreadyExists</Code><Message>The specified container already exists.RequestId:fdd7b2ab-f01e-0057-4c5b-028b9a000000Time:2018-06-12T14:41:08.6680737Z</Message></Error>.
Traceback (most recent call last):
  File "./10.o16n.py", line 88, in <module>
    model.delete()
  File "/home/ninghai/miniconda3/envs/daily/lib/python3.6/site-packages/azureml/core/model.py", line 313, in delete
    'Content: {}'.format(resp.status_code, resp.headers, resp.content))
azureml.exceptions.azureml_exception.WebserviceException: Received bad response from Model Management Service:
Response Code: 412
Headers: {'Date': 'Tue, 12 Jun 2018 14:47:59 GMT', 'Content-Type': 'application/json', 'Transfer-Encoding': 'chunked', 'Connection': 'keep-alive', 'api-supported-versions': '2018-03-01-preview', 'x-ms-client-request-id': 'e5a5916b098a4f72965053fae6c118fb', 'x-ms-client-session-id': '', 'Strict-Transport-Security': 'max-age=15724800; includeSubDomains; preload'}
Content: b'{"code":"PreconditionFailed","statusCode":412,"message":"PreconditionFailed","details":[{"code":"DeletionRequired","message":"The model with id mymodel:1 can not be deleted because it is currently being used in one or more images"}]}'
Switched to branch 'master'
