Already on 'master'
Client-Request-ID=7c0d035c-68fb-11e8-9288-000d3a71b7c3 Retry policy did not allow for a retry: Server-Timestamp=Tue, 05 Jun 2018 20:03:15 GMT, Server-Request-ID=aafa0bc1-401e-00fe-3308-fd6854000000, HTTP status code=409, Exception=The specified container already exists.ErrorCode: ContainerAlreadyExists<?xml version="1.0" encoding="utf-8"?><Error><Code>ContainerAlreadyExists</Code><Message>The specified container already exists.RequestId:aafa0bc1-401e-00fe-3308-fd6854000000Time:2018-06-05T20:03:16.3193817Z</Message></Error>.
Client-Request-ID=7c0d035e-68fb-11e8-9288-000d3a71b7c3 Retry policy did not allow for a retry: Server-Timestamp=Tue, 05 Jun 2018 20:03:16 GMT, Server-Request-ID=bc59368c-f01e-0002-0208-fd56cb000000, HTTP status code=409, Exception=The specified container already exists.ErrorCode: ContainerAlreadyExists<?xml version="1.0" encoding="utf-8"?><Error><Code>ContainerAlreadyExists</Code><Message>The specified container already exists.RequestId:bc59368c-f01e-0002-0208-fd56cb000000Time:2018-06-05T20:03:16.7160739Z</Message></Error>.
Client-Request-ID=7c0d0360-68fb-11e8-9288-000d3a71b7c3 Retry policy did not allow for a retry: Server-Timestamp=Tue, 05 Jun 2018 20:03:15 GMT, Server-Request-ID=b02c147c-d01e-00b4-6808-fd5833000000, HTTP status code=409, Exception=The specified container already exists.ErrorCode: ContainerAlreadyExists<?xml version="1.0" encoding="utf-8"?><Error><Code>ContainerAlreadyExists</Code><Message>The specified container already exists.RequestId:b02c147c-d01e-00b4-6808-fd5833000000Time:2018-06-05T20:03:16.8997213Z</Message></Error>.
Client-Request-ID=7c0d0362-68fb-11e8-9288-000d3a71b7c3 Retry policy did not allow for a retry: Server-Timestamp=Tue, 05 Jun 2018 20:03:16 GMT, Server-Request-ID=60076f18-f01e-0124-6708-fd8b2a000000, HTTP status code=409, Exception=The specified container already exists.ErrorCode: ContainerAlreadyExists<?xml version="1.0" encoding="utf-8"?><Error><Code>ContainerAlreadyExists</Code><Message>The specified container already exists.RequestId:60076f18-f01e-0124-6708-fd8b2a000000Time:2018-06-05T20:03:17.1021692Z</Message></Error>.
Client-Request-ID=7c0d0364-68fb-11e8-9288-000d3a71b7c3 Retry policy did not allow for a retry: Server-Timestamp=Tue, 05 Jun 2018 20:03:16 GMT, Server-Request-ID=515f84b3-201e-00cc-5208-fd3084000000, HTTP status code=409, Exception=The specified container already exists.ErrorCode: ContainerAlreadyExists<?xml version="1.0" encoding="utf-8"?><Error><Code>ContainerAlreadyExists</Code><Message>The specified container already exists.RequestId:515f84b3-201e-00cc-5208-fd3084000000Time:2018-06-05T20:03:17.2855490Z</Message></Error>.
Client-Request-ID=68c24dd4-6900-11e8-9288-000d3a71b7c3 Retry policy did not allow for a retry: Server-Timestamp=Tue, 05 Jun 2018 20:38:31 GMT, Server-Request-ID=32df5110-201e-0104-050d-fde7e6000000, HTTP status code=409, Exception=The specified container already exists.ErrorCode: ContainerAlreadyExists<?xml version="1.0" encoding="utf-8"?><Error><Code>ContainerAlreadyExists</Code><Message>The specified container already exists.RequestId:32df5110-201e-0104-050d-fde7e6000000Time:2018-06-05T20:38:31.4949525Z</Message></Error>.
Client-Request-ID=68c24dd6-6900-11e8-9288-000d3a71b7c3 Retry policy did not allow for a retry: Server-Timestamp=Tue, 05 Jun 2018 20:38:31 GMT, Server-Request-ID=19527b59-601e-0121-0e0d-fd7f55000000, HTTP status code=409, Exception=The specified container already exists.ErrorCode: ContainerAlreadyExists<?xml version="1.0" encoding="utf-8"?><Error><Code>ContainerAlreadyExists</Code><Message>The specified container already exists.RequestId:19527b59-601e-0121-0e0d-fd7f55000000Time:2018-06-05T20:38:32.7850411Z</Message></Error>.
Client-Request-ID=68c24dd8-6900-11e8-9288-000d3a71b7c3 Retry policy did not allow for a retry: Server-Timestamp=Tue, 05 Jun 2018 20:38:32 GMT, Server-Request-ID=5fa45b81-901e-00de-6a0d-fd0498000000, HTTP status code=409, Exception=The specified container already exists.ErrorCode: ContainerAlreadyExists<?xml version="1.0" encoding="utf-8"?><Error><Code>ContainerAlreadyExists</Code><Message>The specified container already exists.RequestId:5fa45b81-901e-00de-6a0d-fd0498000000Time:2018-06-05T20:38:32.9582886Z</Message></Error>.
Client-Request-ID=69c67d40-6900-11e8-9288-000d3a71b7c3 Retry policy did not allow for a retry: Server-Timestamp=Tue, 05 Jun 2018 20:38:32 GMT, Server-Request-ID=b28e45e4-d01e-00d9-6a0d-fdf21d000000, HTTP status code=409, Exception=The specified container already exists.ErrorCode: ContainerAlreadyExists<?xml version="1.0" encoding="utf-8"?><Error><Code>ContainerAlreadyExists</Code><Message>The specified container already exists.RequestId:b28e45e4-d01e-00d9-6a0d-fdf21d000000Time:2018-06-05T20:38:33.1457114Z</Message></Error>.
Client-Request-ID=69c67d42-6900-11e8-9288-000d3a71b7c3 Retry policy did not allow for a retry: Server-Timestamp=Tue, 05 Jun 2018 20:38:32 GMT, Server-Request-ID=c17f34d8-701e-003a-360d-fd1792000000, HTTP status code=409, Exception=The specified container already exists.ErrorCode: ContainerAlreadyExists<?xml version="1.0" encoding="utf-8"?><Error><Code>ContainerAlreadyExists</Code><Message>The specified container already exists.RequestId:c17f34d8-701e-003a-360d-fd1792000000Time:2018-06-05T20:38:33.3197141Z</Message></Error>.
Traceback (most recent call last):
  File "./10.o16n.py", line 89, in <module>
    model.delete()
  File "/home/ninghai/miniconda3/envs/preview/lib/python3.6/site-packages/azureml/core/model.py", line 300, in delete
    'Content: {}'.format(resp.status_code, resp.headers, resp.content))
azureml.exceptions.azureml_exception.WebserviceException: Received bad response from Model Management Service:
Response Code: 412
Headers: {'Date': 'Tue, 05 Jun 2018 20:45:35 GMT', 'Content-Type': 'application/json', 'Transfer-Encoding': 'chunked', 'Connection': 'keep-alive', 'api-supported-versions': '2018-03-01-preview', 'x-ms-client-request-id': 'e66072211bed4a58b66f06e24f4f4e69', 'x-ms-client-session-id': '', 'Strict-Transport-Security': 'max-age=15724800; includeSubDomains; preload'}
Content: b'{"code":"PreconditionFailed","statusCode":412,"message":"PreconditionFailed","details":[{"code":"DeletionRequired","message":"The model with id mymodel:26 can not be deleted because it is currently being used in one or more images"}]}'
Already on 'master'
From github.com:Azure/hai
   c5145e4..7d21328  master     -> origin/master
error: Your local changes to the following files would be overwritten by merge:
	e2e_test/best_model.pkl
	e2e_test/mse_over_alpha.png
Please, commit your changes or stash them before you can merge.
Aborting
