/data/git/hai/e2e_test
*** git branch status before ***
  candidate
  daily
* master
On branch master
Your branch is up-to-date with 'origin/master'.
nothing to commit, working directory clean
*** candidate ***
HEAD is now at 79a4ea3 docs
git checkout candidate
Your branch is up-to-date with 'origin/candidate'.
git pull
Already up-to-date.
*** git branch status after ***
git branch --list
* candidate
  daily
  master
git status
On branch candidate
Your branch is up-to-date with 'origin/candidate'.
nothing to commit, working directory clean
###################################
START AT: 2018-08-12-13:02:23
###################################


##### 01.interactive.e2e.py (2018-08-12-13:02:23) ######
Azure ML Core SDK Version: 0.1.0.1179783
Found the config file in: /data/git/hai/e2e_test/aml_config/config.json
Performing interactive authentication. Please follow the instructions on the terminal.


##### 02.local.py (2018-08-12-13:17:28) ################
Azure ML Core SDK Version: 0.1.0.1179783
Found the config file in: /data/git/hai/e2e_test/aml_config/config.json
Performing interactive authentication. Please follow the instructions on the terminal.


##### 03.aci.py (2018-08-12-13:32:32) ##################
Azure ML Core SDK Version: 0.1.0.1179783
Found the config file in: /data/git/hai/e2e_test/aml_config/config.json
Performing interactive authentication. Please follow the instructions on the terminal.


##### 04.dsvm (2018-08-12-13:47:37) ####################
Azure ML Core SDK Version: 0.1.0.1179783
Found the config file in: /data/git/hai/e2e_test/aml_config/config.json
Performing interactive authentication. Please follow the instructions on the terminal.


##### 05.spark (2018-08-12-14:02:41) ###################
Azure ML Core SDK Version: 0.1.0.1179783
Found the config file in: /data/git/hai/e2e_test/aml_config/config.json
Performing interactive authentication. Please follow the instructions on the terminal.


##### 07.sklearn.hd.py (2018-08-12-14:17:45) ###########
Azure ML Core SDK Version: 0.1.0.1179783
Found the config file in: /data/git/hai/e2e_test/aml_config/config.json
Performing interactive authentication. Please follow the instructions on the terminal.


##### 08.tf.hd.py (2018-08-12-14:32:49) ################
Azure ML Core SDK Version: 0.1.0.1179783
Found the config file in: /data/git/hai/e2e_test/aml_config/config.json
Performing interactive authentication. Please follow the instructions on the terminal.


##### 10.o16n.py (2018-08-12-14:47:54) #################
Azure ML Core SDK Version: 0.1.0.1179783
Found the config file in: /data/git/hai/e2e_test/aml_config/config.json
Performing interactive authentication. Please follow the instructions on the terminal.
HEAD is now at 79a4ea3 docs
Your branch is up-to-date with 'origin/master'.
Already up-to-date.


###################################
########### END AT 2018-08-12-15:03:00
###################################
