/data/git/hai/e2e_test
*** git branch status before ***
  candidate
  daily
* master
On branch master
Your branch is up-to-date with 'origin/master'.
nothing to commit, working directory clean
*** daily ***
HEAD is now at c3d6d1a update
git checkout daily
Your branch is up-to-date with 'origin/daily'.
git pull
Already up-to-date.
*** git branch status after ***
git branch --list
  candidate
* daily
  master
git status
On branch daily
Your branch is up-to-date with 'origin/daily'.
nothing to commit, working directory clean
###################################
START AT: 2018-06-21-14:02:40
###################################


##### 01.interactive.e2e.py (2018-06-21-14:02:40) ######
Azure ML Core SDK Version: 0.1.0.1077403
Found the config file in: /data/git/hai/e2e_test/aml_config/config.json
Workspace details:
aml-notebooks haieastus2euapws eastus2euap


##### 02.local.py (2018-06-21-14:02:47) ################
Azure ML Core SDK Version: 0.1.0.1077403
Found the config file in: /data/git/hai/e2e_test/aml_config/config.json
Workspace details:
aml-notebooks haieastus2euapws eastus2euap
/tmp/e2e-test/02
e2e-02
copy train-sklearn.py to the project folder.
load run config

##################################################
submitting train-sklearn.py for a local run...
##################################################



##### 03.aci.py (2018-06-21-14:02:51) ##################
Azure ML Core SDK Version: 0.1.0.1077403
Found the config file in: /data/git/hai/e2e_test/aml_config/config.json
Workspace details:
aml-notebooks haieastus2euapws eastus2euap
/tmp/e2e-test/03
e2e-03
copy train-sklearn.py to the project folder.

##################################################
ACI run...
##################################################

Create a run config object for ACI
base image is continuumio/miniconda3:4.4.10
submitting run...


##### 04.dsvm (2018-06-21-14:02:54) ####################
Azure ML Core SDK Version: 0.1.0.1077403
Found the config file in: /data/git/hai/e2e_test/aml_config/config.json
Workspace details:
aml-notebooks haieastus2euapws eastus2euap
/tmp/e2e-test/04
e2e-04
copy train-sklearn.py to the project folder.

##################################################
Bare VM run
##################################################

Load the cpu-dsvm config from aml_config directory...
submit run...


##### 05.spark (2018-06-21-14:02:57) ###################
Azure ML Core SDK Version: 0.1.0.1077403
Found the config file in: /data/git/hai/e2e_test/aml_config/config.json
Workspace details:
aml-notebooks haieastus2euapws eastus2euap
/tmp/e2e-test/05
e2e-05
copy train-spark.py and iris.csv to the project folder.
create an ACI run config.
base image is microsoft/mmlspark:0.12

##################################################
submitting train-spark.py for a Spark run on ACI...
##################################################



##### 07.sklearn.hd.py (2018-06-21-14:03:00) ###########
Azure ML Core SDK Version: 0.1.0.1077403
Found the config file in: /data/git/hai/e2e_test/aml_config/config.json
Workspace details:
aml-notebooks haieastus2euapws eastus2euap
/tmp/e2e-test/07
e2e-07
copy train-sklearn-one-model.py to the project folder.
create or load BatchAI compute cpucluster...


##### 08.tf.hd.py (2018-06-21-14:03:02) ################
Azure ML Core SDK Version: 0.1.0.1077403
Found the config file in: /data/git/hai/e2e_test/aml_config/config.json
Workspace details:
aml-notebooks haieastus2euapws eastus2euap
/tmp/e2e-test/08
e2e-08
copy mnist_tf.py to the project folder.
create or load BatchAI compute gpucluster...


##### 10.o16n.py (2018-06-21-14:03:05) #################
Azure ML Core SDK Version: 0.1.0.1077403
Found the config file in: /data/git/hai/e2e_test/aml_config/config.json
Workspace details:
aml-notebooks haieastus2euapws eastus2euap
HEAD is now at 832b63e remove files
Your branch is up-to-date with 'origin/master'.
Already up-to-date.


###################################
########### END AT 2018-06-21-14:03:07
###################################
