/data/git/hai/e2e_test
*** git branch status before ***
  candidate
  daily
* master
On branch master
Your branch is up-to-date with 'origin/master'.
nothing to commit, working directory clean
*** daily ***
HEAD is now at 79a4ea3 docs
git checkout daily
Your branch is up-to-date with 'origin/daily'.
git pull
Already up-to-date.
*** git branch status after ***
git branch --list
  candidate
* daily
  master
git status
On branch daily
Your branch is up-to-date with 'origin/daily'.
nothing to commit, working directory clean
###################################
START AT: 2018-07-12-22:01:22
###################################


##### 01.interactive.e2e.py (2018-07-12-22:01:22) ######


##### 02.local.py (2018-07-12-22:01:22) ################


##### 03.aci.py (2018-07-12-22:01:22) ##################


##### 04.dsvm (2018-07-12-22:01:22) ####################


##### 05.spark (2018-07-12-22:01:22) ###################


##### 07.sklearn.hd.py (2018-07-12-22:01:22) ###########


##### 08.tf.hd.py (2018-07-12-22:01:22) ################


##### 10.o16n.py (2018-07-12-22:01:22) #################
HEAD is now at 832b63e remove files
Your branch is up-to-date with 'origin/master'.
Already up-to-date.


###################################
########### END AT 2018-07-12-22:01:24
###################################
