/data/git/hai/e2e_test
*** git branch status before ***
  candidate
  daily
* master
On branch master
Your branch is up-to-date with 'origin/master'.
nothing to commit, working directory clean
*** daily ***
HEAD is now at 8a6b80c clean up o16n
git checkout daily
Your branch is up-to-date with 'origin/daily'.
Already up-to-date.
*** git branch status after ***
  candidate
* daily
  master
On branch daily
Your branch is up-to-date with 'origin/daily'.
nothing to commit, working directory clean
###################################
START AT: 2018-06-13-10:02:35
###################################


##### 01.interactive.e2e.py (2018-06-13-10:02:35) ######
Azure ML Core SDK Version: 0.1.0.1041086
Found config.json in: /data/git/hai/e2e_test/aml_config/config.json


##### 02.local.py (2018-06-13-10:03:44) ################
Azure ML Core SDK Version: 0.1.0.1041086
Found config.json in: /data/git/hai/e2e_test/aml_config/config.json


##### 03.aci.py (2018-06-13-10:04:50) ##################
Azure ML Core SDK Version: 0.1.0.1041086
Found config.json in: /data/git/hai/e2e_test/aml_config/config.json


##### 04.dsvm (2018-06-13-10:05:55) ####################
Azure ML Core SDK Version: 0.1.0.1041086
Found config.json in: /data/git/hai/e2e_test/aml_config/config.json


##### 05.spark (2018-06-13-10:07:02) ###################
Azure ML Core SDK Version: 0.1.0.1041086
Found config.json in: /data/git/hai/e2e_test/aml_config/config.json


##### 07.sklearn.hd.py (2018-06-13-10:08:07) ###########
Azure ML Core SDK Version: 0.1.0.1041086
Found config.json in: /data/git/hai/e2e_test/aml_config/config.json


##### 08.tf.hd.py (2018-06-13-10:09:12) ################
Azure ML Core SDK Version: 0.1.0.1041086
Found config.json in: /data/git/hai/e2e_test/aml_config/config.json


##### 10.o16n.py (2018-06-13-10:10:17) #################
Azure ML Core SDK Version: 0.1.0.1041086
Found config.json in: /data/git/hai/e2e_test/aml_config/config.json
HEAD is now at 832b63e remove files
Your branch is up-to-date with 'origin/master'.
Already up-to-date.


###################################
########### END AT 2018-06-13-10:11:24
###################################
