Switched to branch 'candidate'
Client-Request-ID=c28b3c47-6cf1-11e8-9288-000d3a71b7c3 Retry policy did not allow for a retry: Server-Timestamp=Sun, 10 Jun 2018 21:03:43 GMT, Server-Request-ID=d13e47ed-301e-0079-14fe-003d7b000000, HTTP status code=409, Exception=The specified container already exists.ErrorCode: ContainerAlreadyExists<?xml version="1.0" encoding="utf-8"?><Error><Code>ContainerAlreadyExists</Code><Message>The specified container already exists.RequestId:d13e47ed-301e-0079-14fe-003d7b000000Time:2018-06-10T21:03:44.7813277Z</Message></Error>.
Client-Request-ID=c28b3c49-6cf1-11e8-9288-000d3a71b7c3 Retry policy did not allow for a retry: Server-Timestamp=Sun, 10 Jun 2018 21:03:44 GMT, Server-Request-ID=143e70b6-901e-00fc-3bfe-006aae000000, HTTP status code=409, Exception=The specified container already exists.ErrorCode: ContainerAlreadyExists<?xml version="1.0" encoding="utf-8"?><Error><Code>ContainerAlreadyExists</Code><Message>The specified container already exists.RequestId:143e70b6-901e-00fc-3bfe-006aae000000Time:2018-06-10T21:03:44.9637576Z</Message></Error>.
Client-Request-ID=c28b3c4b-6cf1-11e8-9288-000d3a71b7c3 Retry policy did not allow for a retry: Server-Timestamp=Sun, 10 Jun 2018 21:03:44 GMT, Server-Request-ID=97798083-401e-00f5-15fe-007020000000, HTTP status code=409, Exception=The specified container already exists.ErrorCode: ContainerAlreadyExists<?xml version="1.0" encoding="utf-8"?><Error><Code>ContainerAlreadyExists</Code><Message>The specified container already exists.RequestId:97798083-401e-00f5-15fe-007020000000Time:2018-06-10T21:03:45.1624434Z</Message></Error>.
Client-Request-ID=c28b3c4d-6cf1-11e8-9288-000d3a71b7c3 Retry policy did not allow for a retry: Server-Timestamp=Sun, 10 Jun 2018 21:03:45 GMT, Server-Request-ID=dbd70f7c-001e-0118-48fe-003ff1000000, HTTP status code=409, Exception=The specified container already exists.ErrorCode: ContainerAlreadyExists<?xml version="1.0" encoding="utf-8"?><Error><Code>ContainerAlreadyExists</Code><Message>The specified container already exists.RequestId:dbd70f7c-001e-0118-48fe-003ff1000000Time:2018-06-10T21:03:45.3702079Z</Message></Error>.
Client-Request-ID=280bf218-6cf7-11e8-9288-000d3a71b7c3 Retry policy did not allow for a retry: Server-Timestamp=Sun, 10 Jun 2018 21:42:21 GMT, Server-Request-ID=2fe106f4-601e-0103-0803-011163000000, HTTP status code=409, Exception=The specified container already exists.ErrorCode: ContainerAlreadyExists<?xml version="1.0" encoding="utf-8"?><Error><Code>ContainerAlreadyExists</Code><Message>The specified container already exists.RequestId:2fe106f4-601e-0103-0803-011163000000Time:2018-06-10T21:42:22.0469949Z</Message></Error>.
Client-Request-ID=280bf21a-6cf7-11e8-9288-000d3a71b7c3 Retry policy did not allow for a retry: Server-Timestamp=Sun, 10 Jun 2018 21:42:22 GMT, Server-Request-ID=86b3cd28-b01e-0101-5f03-011399000000, HTTP status code=409, Exception=The specified container already exists.ErrorCode: ContainerAlreadyExists<?xml version="1.0" encoding="utf-8"?><Error><Code>ContainerAlreadyExists</Code><Message>The specified container already exists.RequestId:86b3cd28-b01e-0101-5f03-011399000000Time:2018-06-10T21:42:22.2402677Z</Message></Error>.
Client-Request-ID=280bf21c-6cf7-11e8-9288-000d3a71b7c3 Retry policy did not allow for a retry: Server-Timestamp=Sun, 10 Jun 2018 21:42:21 GMT, Server-Request-ID=7c187b8f-f01e-008a-7b03-01ee12000000, HTTP status code=409, Exception=The specified container already exists.ErrorCode: ContainerAlreadyExists<?xml version="1.0" encoding="utf-8"?><Error><Code>ContainerAlreadyExists</Code><Message>The specified container already exists.RequestId:7c187b8f-f01e-008a-7b03-01ee12000000Time:2018-06-10T21:42:22.4161098Z</Message></Error>.
Client-Request-ID=280bf21e-6cf7-11e8-9288-000d3a71b7c3 Retry policy did not allow for a retry: Server-Timestamp=Sun, 10 Jun 2018 21:42:22 GMT, Server-Request-ID=91daa53b-d01e-0073-1303-0124f2000000, HTTP status code=409, Exception=The specified container already exists.ErrorCode: ContainerAlreadyExists<?xml version="1.0" encoding="utf-8"?><Error><Code>ContainerAlreadyExists</Code><Message>The specified container already exists.RequestId:91daa53b-d01e-0073-1303-0124f2000000Time:2018-06-10T21:42:22.6555894Z</Message></Error>.
Traceback (most recent call last):
  File "/home/ninghai/miniconda3/envs/candidate/lib/python3.6/site-packages/urllib3/connection.py", line 141, in _new_conn
    (self.host, self.port), self.timeout, **extra_kw)
  File "/home/ninghai/miniconda3/envs/candidate/lib/python3.6/site-packages/urllib3/util/connection.py", line 83, in create_connection
    raise err
  File "/home/ninghai/miniconda3/envs/candidate/lib/python3.6/site-packages/urllib3/util/connection.py", line 73, in create_connection
    sock.connect(sa)
socket.timeout: timed out

During handling of the above exception, another exception occurred:

Traceback (most recent call last):
  File "/home/ninghai/miniconda3/envs/candidate/lib/python3.6/site-packages/urllib3/connectionpool.py", line 601, in urlopen
    chunked=chunked)
  File "/home/ninghai/miniconda3/envs/candidate/lib/python3.6/site-packages/urllib3/connectionpool.py", line 357, in _make_request
    conn.request(method, url, **httplib_request_kw)
  File "/home/ninghai/miniconda3/envs/candidate/lib/python3.6/http/client.py", line 1239, in request
    self._send_request(method, url, body, headers, encode_chunked)
  File "/home/ninghai/miniconda3/envs/candidate/lib/python3.6/http/client.py", line 1285, in _send_request
    self.endheaders(body, encode_chunked=encode_chunked)
  File "/home/ninghai/miniconda3/envs/candidate/lib/python3.6/http/client.py", line 1234, in endheaders
    self._send_output(message_body, encode_chunked=encode_chunked)
  File "/home/ninghai/miniconda3/envs/candidate/lib/python3.6/http/client.py", line 1026, in _send_output
    self.send(msg)
  File "/home/ninghai/miniconda3/envs/candidate/lib/python3.6/http/client.py", line 964, in send
    self.connect()
  File "/home/ninghai/miniconda3/envs/candidate/lib/python3.6/site-packages/urllib3/connection.py", line 166, in connect
    conn = self._new_conn()
  File "/home/ninghai/miniconda3/envs/candidate/lib/python3.6/site-packages/urllib3/connection.py", line 146, in _new_conn
    (self.host, self.timeout))
urllib3.exceptions.ConnectTimeoutError: (<urllib3.connection.HTTPConnection object at 0x7fc116ae4cf8>, 'Connection to 40.117.210.113 timed out. (connect timeout=80)')

During handling of the above exception, another exception occurred:

Traceback (most recent call last):
  File "/home/ninghai/miniconda3/envs/candidate/lib/python3.6/site-packages/requests/adapters.py", line 440, in send
    timeout=timeout
  File "/home/ninghai/miniconda3/envs/candidate/lib/python3.6/site-packages/urllib3/connectionpool.py", line 639, in urlopen
    _stacktrace=sys.exc_info()[2])
  File "/home/ninghai/miniconda3/envs/candidate/lib/python3.6/site-packages/urllib3/util/retry.py", line 388, in increment
    raise MaxRetryError(_pool, url, error or ResponseError(cause))
urllib3.exceptions.MaxRetryError: HTTPConnectionPool(host='40.117.210.113', port=5001): Max retries exceeded with url: /score (Caused by ConnectTimeoutError(<urllib3.connection.HTTPConnection object at 0x7fc116ae4cf8>, 'Connection to 40.117.210.113 timed out. (connect timeout=80)'))

During handling of the above exception, another exception occurred:

Traceback (most recent call last):
  File "./10.o16n.py", line 77, in <module>
    prediction = service.run(input_data = test_sample)
  File "/home/ninghai/miniconda3/envs/candidate/lib/python3.6/site-packages/azureml/core/webservice/aci.py", line 180, in run
    resp = requests.post(self.scoring_uri, headers=headers, data=input_data, timeout=MMS_SYNC_TIMEOUT_SECONDS)
  File "/home/ninghai/miniconda3/envs/candidate/lib/python3.6/site-packages/requests/api.py", line 112, in post
    return request('post', url, data=data, json=json, **kwargs)
  File "/home/ninghai/miniconda3/envs/candidate/lib/python3.6/site-packages/requests/api.py", line 58, in request
    return session.request(method=method, url=url, **kwargs)
  File "/home/ninghai/miniconda3/envs/candidate/lib/python3.6/site-packages/requests/sessions.py", line 508, in request
    resp = self.send(prep, **send_kwargs)
  File "/home/ninghai/miniconda3/envs/candidate/lib/python3.6/site-packages/requests/sessions.py", line 618, in send
    r = adapter.send(request, **kwargs)
  File "/home/ninghai/miniconda3/envs/candidate/lib/python3.6/site-packages/requests/adapters.py", line 496, in send
    raise ConnectTimeout(e, request=request)
requests.exceptions.ConnectTimeout: HTTPConnectionPool(host='40.117.210.113', port=5001): Max retries exceeded with url: /score (Caused by ConnectTimeoutError(<urllib3.connection.HTTPConnection object at 0x7fc116ae4cf8>, 'Connection to 40.117.210.113 timed out. (connect timeout=80)'))
Switched to branch 'master'
From github.com:Azure/hai
   d7a61ad..b27e2a7  master     -> origin/master
   74d9c4c..f2d8808  candidate  -> origin/candidate
   af8f237..832b63e  daily      -> origin/daily
