Already on 'master'
Client-Request-ID=724e8d55-6d6f-11e8-9288-000d3a71b7c3 Retry policy did not allow for a retry: Server-Timestamp=Mon, 11 Jun 2018 12:03:26 GMT, Server-Request-ID=bff27341-e01e-0130-4c7c-01484e000000, HTTP status code=409, Exception=The specified container already exists.ErrorCode: ContainerAlreadyExists<?xml version="1.0" encoding="utf-8"?><Error><Code>ContainerAlreadyExists</Code><Message>The specified container already exists.RequestId:bff27341-e01e-0130-4c7c-01484e000000Time:2018-06-11T12:03:26.7928799Z</Message></Error>.
Client-Request-ID=724e8d57-6d6f-11e8-9288-000d3a71b7c3 Retry policy did not allow for a retry: Server-Timestamp=Mon, 11 Jun 2018 12:03:26 GMT, Server-Request-ID=f0da2cc9-001e-00db-6b7c-01f0e7000000, HTTP status code=409, Exception=The specified container already exists.ErrorCode: ContainerAlreadyExists<?xml version="1.0" encoding="utf-8"?><Error><Code>ContainerAlreadyExists</Code><Message>The specified container already exists.RequestId:f0da2cc9-001e-00db-6b7c-01f0e7000000Time:2018-06-11T12:03:27.0124217Z</Message></Error>.
Client-Request-ID=724e8d59-6d6f-11e8-9288-000d3a71b7c3 Retry policy did not allow for a retry: Server-Timestamp=Mon, 11 Jun 2018 12:03:27 GMT, Server-Request-ID=3c6cfb4a-701e-0013-237c-0161d0000000, HTTP status code=409, Exception=The specified container already exists.ErrorCode: ContainerAlreadyExists<?xml version="1.0" encoding="utf-8"?><Error><Code>ContainerAlreadyExists</Code><Message>The specified container already exists.RequestId:3c6cfb4a-701e-0013-237c-0161d0000000Time:2018-06-11T12:03:27.1933919Z</Message></Error>.
Client-Request-ID=724e8d5b-6d6f-11e8-9288-000d3a71b7c3 Retry policy did not allow for a retry: Server-Timestamp=Mon, 11 Jun 2018 12:03:26 GMT, Server-Request-ID=8ab890f9-c01e-010e-697c-01fe6f000000, HTTP status code=409, Exception=The specified container already exists.ErrorCode: ContainerAlreadyExists<?xml version="1.0" encoding="utf-8"?><Error><Code>ContainerAlreadyExists</Code><Message>The specified container already exists.RequestId:8ab890f9-c01e-010e-697c-01fe6f000000Time:2018-06-11T12:03:27.4078715Z</Message></Error>.
Client-Request-ID=f2798786-6d74-11e8-9288-000d3a71b7c3 Retry policy did not allow for a retry: Server-Timestamp=Mon, 11 Jun 2018 12:42:47 GMT, Server-Request-ID=75e217ac-301e-00d3-8081-01eb94000000, HTTP status code=409, Exception=The specified container already exists.ErrorCode: ContainerAlreadyExists<?xml version="1.0" encoding="utf-8"?><Error><Code>ContainerAlreadyExists</Code><Message>The specified container already exists.RequestId:75e217ac-301e-00d3-8081-01eb94000000Time:2018-06-11T12:42:48.7588484Z</Message></Error>.
Client-Request-ID=f2798788-6d74-11e8-9288-000d3a71b7c3 Retry policy did not allow for a retry: Server-Timestamp=Mon, 11 Jun 2018 12:42:47 GMT, Server-Request-ID=af431175-101e-0021-2081-013900000000, HTTP status code=409, Exception=The specified container already exists.ErrorCode: ContainerAlreadyExists<?xml version="1.0" encoding="utf-8"?><Error><Code>ContainerAlreadyExists</Code><Message>The specified container already exists.RequestId:af431175-101e-0021-2081-013900000000Time:2018-06-11T12:42:48.9205529Z</Message></Error>.
Client-Request-ID=f279878a-6d74-11e8-9288-000d3a71b7c3 Retry policy did not allow for a retry: Server-Timestamp=Mon, 11 Jun 2018 12:42:48 GMT, Server-Request-ID=3c3f253a-c01e-000a-5a81-014db8000000, HTTP status code=409, Exception=The specified container already exists.ErrorCode: ContainerAlreadyExists<?xml version="1.0" encoding="utf-8"?><Error><Code>ContainerAlreadyExists</Code><Message>The specified container already exists.RequestId:3c3f253a-c01e-000a-5a81-014db8000000Time:2018-06-11T12:42:49.0828126Z</Message></Error>.
Client-Request-ID=f279878c-6d74-11e8-9288-000d3a71b7c3 Retry policy did not allow for a retry: Server-Timestamp=Mon, 11 Jun 2018 12:42:48 GMT, Server-Request-ID=aa75c8a7-901e-007f-2581-01ca03000000, HTTP status code=409, Exception=The specified container already exists.ErrorCode: ContainerAlreadyExists<?xml version="1.0" encoding="utf-8"?><Error><Code>ContainerAlreadyExists</Code><Message>The specified container already exists.RequestId:aa75c8a7-901e-007f-2581-01ca03000000Time:2018-06-11T12:42:49.2424682Z</Message></Error>.
Traceback (most recent call last):
  File "/home/ninghai/miniconda3/envs/preview/lib/python3.6/site-packages/azureml/core/webservice/webservice.py", line 291, in _deploy_webservice
    resp.raise_for_status()
  File "/home/ninghai/miniconda3/envs/preview/lib/python3.6/site-packages/requests/models.py", line 935, in raise_for_status
    raise HTTPError(http_error_msg, response=self)
requests.exceptions.HTTPError: 409 Client Error: Conflict for url: https://eastus2.modelmanagement.azureml.net/api/subscriptions/fac34303-435d-4486-8c3f-7094d82a0b60/resourceGroups/aml-notebooks/providers/Microsoft.MachineLearningServices/workspaces/haieastus2ws3/services?api-version=2018-03-01-preview

During handling of the above exception, another exception occurred:

Traceback (most recent call last):
  File "./10.o16n.py", line 64, in <module>
    image = image)
  File "/home/ninghai/miniconda3/envs/preview/lib/python3.6/site-packages/azureml/core/workspace.py", line 787, in deploy_webservice
    return Webservice.deploy_from_image(self, name, image, deploy_config, target)
  File "/home/ninghai/miniconda3/envs/preview/lib/python3.6/site-packages/azureml/core/webservice/webservice.py", line 253, in deploy_from_image
    return child._deploy(workspace, name, image, deployment_config)
  File "/home/ninghai/miniconda3/envs/preview/lib/python3.6/site-packages/azureml/core/webservice/aci.py", line 108, in _deploy
    return Webservice._deploy_webservice(workspace, name, create_payload, AciWebservice)
  File "/home/ninghai/miniconda3/envs/preview/lib/python3.6/site-packages/azureml/core/webservice/webservice.py", line 296, in _deploy_webservice
    'Content: {}'.format(resp.status_code, resp.headers, resp.content))
azureml.exceptions.azureml_exception.WebserviceException: Received bad response from Model Management Service:
Response Code: 409
Headers: {'Date': 'Mon, 11 Jun 2018 12:46:51 GMT', 'Content-Type': 'application/json', 'Transfer-Encoding': 'chunked', 'Connection': 'keep-alive', 'api-supported-versions': '2018-03-01-preview', 'x-ms-client-request-id': '7908a7c34ce44c3e82b7cdb8d4ddcde4', 'x-ms-client-session-id': '', 'Strict-Transport-Security': 'max-age=15724800; includeSubDomains; preload'}
Content: b'{"code":"Conflict","statusCode":409,"message":"Conflict","details":[{"code":"ServiceWithNameExists","message":"Workspace haieastus2ws3 already contains a Service with name: rrs02-preview"}]}'
Already on 'master'
