Already on 'master'
Accept header absent and forced to application/json
Accept header absent and forced to application/json
Accept header absent and forced to application/json
Accept header absent and forced to application/json
Accept header absent and forced to application/json
Accept header absent and forced to application/json
Accept header absent and forced to application/json
Accept header absent and forced to application/json
Accept header absent and forced to application/json
Accept header absent and forced to application/json
Accept header absent and forced to application/json
Accept header absent and forced to application/json
Accept header absent and forced to application/json
Accept header absent and forced to application/json
Accept header absent and forced to application/json
Accept header absent and forced to application/json
Accept header absent and forced to application/json
Accept header absent and forced to application/json
Accept header absent and forced to application/json
Accept header absent and forced to application/json
Accept header absent and forced to application/json
Accept header absent and forced to application/json
Accept header absent and forced to application/json
Accept header absent and forced to application/json
Accept header absent and forced to application/json
Accept header absent and forced to application/json
Accept header absent and forced to application/json
Accept header absent and forced to application/json
Accept header absent and forced to application/json
Accept header absent and forced to application/json
Accept header absent and forced to application/json
Accept header absent and forced to application/json
Accept header absent and forced to application/json
Accept header absent and forced to application/json
Accept header absent and forced to application/json
Accept header absent and forced to application/json
Accept header absent and forced to application/json
Accept header absent and forced to application/json
Accept header absent and forced to application/json
Accept header absent and forced to application/json
Accept header absent and forced to application/json
Accept header absent and forced to application/json
Accept header absent and forced to application/json
Accept header absent and forced to application/json
Accept header absent and forced to application/json
Accept header absent and forced to application/json
Accept header absent and forced to application/json
Accept header absent and forced to application/json
Accept header absent and forced to application/json
Accept header absent and forced to application/json
Accept header absent and forced to application/json
Accept header absent and forced to application/json
Accept header absent and forced to application/json
Accept header absent and forced to application/json
Accept header absent and forced to application/json
Accept header absent and forced to application/json
Accept header absent and forced to application/json
Accept header absent and forced to application/json
Accept header absent and forced to application/json
Accept header absent and forced to application/json
Accept header absent and forced to application/json
Accept header absent and forced to application/json
Accept header absent and forced to application/json
Accept header absent and forced to application/json
Accept header absent and forced to application/json
Accept header absent and forced to application/json
Accept header absent and forced to application/json
Accept header absent and forced to application/json
Accept header absent and forced to application/json
Accept header absent and forced to application/json
Accept header absent and forced to application/json
Accept header absent and forced to application/json
Accept header absent and forced to application/json
Accept header absent and forced to application/json
Accept header absent and forced to application/json
Accept header absent and forced to application/json
Accept header absent and forced to application/json
Accept header absent and forced to application/json
Accept header absent and forced to application/json
Accept header absent and forced to application/json
Accept header absent and forced to application/json
Accept header absent and forced to application/json
Accept header absent and forced to application/json
Accept header absent and forced to application/json
Accept header absent and forced to application/json
Accept header absent and forced to application/json
Accept header absent and forced to application/json
Accept header absent and forced to application/json
Accept header absent and forced to application/json
Accept header absent and forced to application/json
Accept header absent and forced to application/json
Accept header absent and forced to application/json
Accept header absent and forced to application/json
Accept header absent and forced to application/json
Accept header absent and forced to application/json
Accept header absent and forced to application/json
Accept header absent and forced to application/json
Accept header absent and forced to application/json
Accept header absent and forced to application/json
Accept header absent and forced to application/json
Accept header absent and forced to application/json
Accept header absent and forced to application/json
Accept header absent and forced to application/json
Accept header absent and forced to application/json
Accept header absent and forced to application/json
Accept header absent and forced to application/json
Accept header absent and forced to application/json
Accept header absent and forced to application/json
Accept header absent and forced to application/json
Accept header absent and forced to application/json
Accept header absent and forced to application/json
Accept header absent and forced to application/json
Accept header absent and forced to application/json
Accept header absent and forced to application/json
Accept header absent and forced to application/json
Accept header absent and forced to application/json
Accept header absent and forced to application/json
Accept header absent and forced to application/json
Accept header absent and forced to application/json
Accept header absent and forced to application/json
Accept header absent and forced to application/json
Accept header absent and forced to application/json
Accept header absent and forced to application/json
Accept header absent and forced to application/json
Accept header absent and forced to application/json
Accept header absent and forced to application/json
Accept header absent and forced to application/json
Accept header absent and forced to application/json
Accept header absent and forced to application/json
Accept header absent and forced to application/json
Accept header absent and forced to application/json
Accept header absent and forced to application/json
Accept header absent and forced to application/json
Accept header absent and forced to application/json
Accept header absent and forced to application/json
Accept header absent and forced to application/json
Accept header absent and forced to application/json
Accept header absent and forced to application/json
Accept header absent and forced to application/json
Accept header absent and forced to application/json
Accept header absent and forced to application/json
Accept header absent and forced to application/json
Accept header absent and forced to application/json
Accept header absent and forced to application/json
Accept header absent and forced to application/json
Accept header absent and forced to application/json
Accept header absent and forced to application/json
Accept header absent and forced to application/json
Accept header absent and forced to application/json
Accept header absent and forced to application/json
Accept header absent and forced to application/json
Accept header absent and forced to application/json
Accept header absent and forced to application/json
Accept header absent and forced to application/json
Accept header absent and forced to application/json
Accept header absent and forced to application/json
Accept header absent and forced to application/json
Accept header absent and forced to application/json
Accept header absent and forced to application/json
Accept header absent and forced to application/json
Accept header absent and forced to application/json
Accept header absent and forced to application/json
Accept header absent and forced to application/json
Accept header absent and forced to application/json
Accept header absent and forced to application/json
Accept header absent and forced to application/json
Accept header absent and forced to application/json
Accept header absent and forced to application/json
Accept header absent and forced to application/json
Accept header absent and forced to application/json
Accept header absent and forced to application/json
Accept header absent and forced to application/json
Accept header absent and forced to application/json
Accept header absent and forced to application/json
Accept header absent and forced to application/json
Accept header absent and forced to application/json
Accept header absent and forced to application/json
Accept header absent and forced to application/json
Accept header absent and forced to application/json
Accept header absent and forced to application/json
Accept header absent and forced to application/json
Accept header absent and forced to application/json
Accept header absent and forced to application/json
Accept header absent and forced to application/json
Accept header absent and forced to application/json
Accept header absent and forced to application/json
Accept header absent and forced to application/json
Accept header absent and forced to application/json
Accept header absent and forced to application/json
Accept header absent and forced to application/json
Accept header absent and forced to application/json
Accept header absent and forced to application/json
Accept header absent and forced to application/json
Accept header absent and forced to application/json
Accept header absent and forced to application/json
Accept header absent and forced to application/json
Accept header absent and forced to application/json
Accept header absent and forced to application/json
Accept header absent and forced to application/json
Accept header absent and forced to application/json
Accept header absent and forced to application/json
Accept header absent and forced to application/json
Accept header absent and forced to application/json
Accept header absent and forced to application/json
Accept header absent and forced to application/json
Accept header absent and forced to application/json
Accept header absent and forced to application/json
Accept header absent and forced to application/json
Accept header absent and forced to application/json
Accept header absent and forced to application/json
Client-Request-ID=03c0d2e3-700e-11e8-9288-000d3a71b7c3 Retry policy did not allow for a retry: Server-Timestamp=Thu, 14 Jun 2018 20:03:33 GMT, Server-Request-ID=7d331dc8-b01e-00e8-091a-04a69f000000, HTTP status code=409, Exception=The specified container already exists.ErrorCode: ContainerAlreadyExists<?xml version="1.0" encoding="utf-8"?><Error><Code>ContainerAlreadyExists</Code><Message>The specified container already exists.RequestId:7d331dc8-b01e-00e8-091a-04a69f000000Time:2018-06-14T20:03:33.9365094Z</Message></Error>.
Client-Request-ID=03c0d2e5-700e-11e8-9288-000d3a71b7c3 Retry policy did not allow for a retry: Server-Timestamp=Thu, 14 Jun 2018 20:03:33 GMT, Server-Request-ID=eec1dfa2-201e-0125-541a-048582000000, HTTP status code=409, Exception=The specified container already exists.ErrorCode: ContainerAlreadyExists<?xml version="1.0" encoding="utf-8"?><Error><Code>ContainerAlreadyExists</Code><Message>The specified container already exists.RequestId:eec1dfa2-201e-0125-541a-048582000000Time:2018-06-14T20:03:34.1024498Z</Message></Error>.
Client-Request-ID=0471fdd9-700e-11e8-9288-000d3a71b7c3 Retry policy did not allow for a retry: Server-Timestamp=Thu, 14 Jun 2018 20:03:33 GMT, Server-Request-ID=eda60385-901e-0099-801a-04d4a6000000, HTTP status code=409, Exception=The specified container already exists.ErrorCode: ContainerAlreadyExists<?xml version="1.0" encoding="utf-8"?><Error><Code>ContainerAlreadyExists</Code><Message>The specified container already exists.RequestId:eda60385-901e-0099-801a-04d4a6000000Time:2018-06-14T20:03:34.2744512Z</Message></Error>.
Client-Request-ID=0471fddb-700e-11e8-9288-000d3a71b7c3 Retry policy did not allow for a retry: Server-Timestamp=Thu, 14 Jun 2018 20:03:34 GMT, Server-Request-ID=d32f65be-901e-005e-451a-04a867000000, HTTP status code=409, Exception=The specified container already exists.ErrorCode: ContainerAlreadyExists<?xml version="1.0" encoding="utf-8"?><Error><Code>ContainerAlreadyExists</Code><Message>The specified container already exists.RequestId:d32f65be-901e-005e-451a-04a867000000Time:2018-06-14T20:03:34.4395609Z</Message></Error>.
Accept header absent and forced to application/json
Accept header absent and forced to application/json
Accept header absent and forced to application/json
Accept header absent and forced to application/json
Accept header absent and forced to application/json
Traceback (most recent call last):
  File "./02.local.py", line 51, in <module>
    script_to_run = train_script)
  File "/home/ninghai/miniconda3/envs/preview/lib/python3.6/site-packages/azureml/core/run.py", line 66, in submit
    execute_with_zip=_execute_with_zip)
  File "/home/ninghai/miniconda3/envs/preview/lib/python3.6/site-packages/azureml/execution/_commands.py", line 110, in start_run
    telemetry_values=telemetry_values)
  File "/home/ninghai/miniconda3/envs/preview/lib/python3.6/site-packages/azureml/execution/_commands.py", line 272, in _start_internal_local_cloud
    snapshot_id = snapshot_async.get()
  File "/home/ninghai/miniconda3/envs/preview/lib/python3.6/multiprocessing/pool.py", line 644, in get
    raise self._value
  File "/home/ninghai/miniconda3/envs/preview/lib/python3.6/multiprocessing/pool.py", line 119, in worker
    result = (True, func(*args, **kwds))
  File "/home/ninghai/miniconda3/envs/preview/lib/python3.6/site-packages/azureml/base_sdk_common/create_snapshot.py", line 102, in create_snapshot
    raise ExperimentExecutionException(get_http_exception_response_string(response))
azureml.exceptions.azureml_exception.ExperimentExecutionException: {
    "url": "https://eastus2.experiments.azureml.net/content/v1.0/subscriptions/fac34303-435d-4486-8c3f-7094d82a0b60/resourceGroups/aml-notebooks/providers/Microsoft.MachineLearningServices/workspaces/haieastus2ws3/snapshots/6c76769c-5312-46c8-adee-85048513e3c7?parentSnapshotId=2bd3167f-0978-42bd-9795-6c89fc1e31b2",
    "status_code": 404,
    "text": "{\n  \"error\": {\n    \"code\": \"UserError\",\n    \"message\": \"Unable to find snapshot with id: 2bd3167f-0978-42bd-9795-6c89fc1e31b2\",\n    \"target\": null,\n    \"details\": [],\n    \"innerError\": null,\n    \"debugInfo\": {\n      \"type\": \"Common.WebApi.Exceptions.ResourceNotFoundException\",\n      \"message\": \"Unable to find snapshot with id: 2bd3167f-0978-42bd-9795-6c89fc1e31b2\",\n      \"stackTrace\": \"   at Microsoft.MachineLearning.Project.Services.SnapshotStore.<GetBlobAsStringOrFailNotFound>d__17.MoveNext() in /opt/vsts/work/1/s/src/azureml-api/src/ProjectContent/Services/SnapshotStore.cs:line 271\\n--- End of stack trace from previous location where exception was thrown ---\\n   at System.Runtime.ExceptionServices.ExceptionDispatchInfo.Throw()\\n   at System.Runtime.CompilerServices.TaskAwaiter.HandleNonSuccessAndDebuggerNotification(Task task)\\n   at Microsoft.MachineLearning.Project.Services.SnapshotStore.<GetSnapshot>d__7.MoveNext() in /opt/vsts/work/1/s/src/azureml-api/src/ProjectContent/Services/SnapshotStore.cs:line 113\\n--- End of stack trace from previous location where exception was thrown ---\\n   at System.Runtime.ExceptionServices.ExceptionDispatchInfo.Throw()\\n   at System.Runtime.CompilerServices.TaskAwaiter.HandleNonSuccessAndDebuggerNotification(Task task)\\n   at Microsoft.MachineLearning.ProjectContent.EntryPoints.Controllers.SnapshotController.<CreateSnapshot>d__12.MoveNext() in /opt/vsts/work/1/s/src/azureml-api/src/ProjectContent/EntryPoints/Controllers/SnapshotController.cs:line 212\\n--- End of stack trace from previous location where exception was thrown ---\\n   at System.Runtime.ExceptionServices.ExceptionDispatchInfo.Throw()\\n   at System.Runtime.CompilerServices.TaskAwaiter.HandleNonSuccessAndDebuggerNotification(Task task)\\n   at Microsoft.AspNetCore.Mvc.Internal.ControllerActionInvoker.<InvokeActionMethodAsync>d__12.MoveNext()\\n--- End of stack trace from previous location where exception was thrown ---\\n   at System.Runtime.ExceptionServices.ExceptionDispatchInfo.Throw()\\n   at System.Runtime.CompilerServices.TaskAwaiter.HandleNonSuccessAndDebuggerNotification(Task task)\\n   at Microsoft.AspNetCore.Mvc.Internal.ControllerActionInvoker.<InvokeNextActionFilterAsync>d__10.MoveNext()\\n--- End of stack trace from previous location where exception was thrown ---\\n   at System.Runtime.ExceptionServices.ExceptionDispatchInfo.Throw()\\n   at Microsoft.AspNetCore.Mvc.Internal.ControllerActionInvoker.Rethrow(ActionExecutedContext context)\\n   at Microsoft.AspNetCore.Mvc.Internal.ControllerActionInvoker.Next(State& next, Scope& scope, Object& state, Boolean& isCompleted)\\n   at Microsoft.AspNetCore.Mvc.Internal.ControllerActionInvoker.<InvokeInnerFilterAsync>d__14.MoveNext()\\n--- End of stack trace from previous location where exception was thrown ---\\n   at System.Runtime.ExceptionServices.ExceptionDispatchInfo.Throw()\\n   at System.Runtime.CompilerServices.TaskAwaiter.HandleNonSuccessAndDebuggerNotification(Task task)\\n   at Microsoft.AspNetCore.Mvc.Internal.ResourceInvoker.<InvokeNextExceptionFilterAsync>d__23.MoveNext()\",\n      \"innerException\": null,\n      \"data\": {},\n      \"errorResponse\": null\n    }\n  },\n  \"correlation\": {\n    \"operation\": \"70e78941-4fa154d2e7b3b1f2\",\n    \"request\": \"D0xkUznfm0k=\"\n  }\n}"
}
Accept header absent and forced to application/json
Accept header absent and forced to application/json
Accept header absent and forced to application/json
Accept header absent and forced to application/json
Accept header absent and forced to application/json
Traceback (most recent call last):
  File "./03.aci.py", line 85, in <module>
    script_to_run = train_script)
  File "/home/ninghai/miniconda3/envs/preview/lib/python3.6/site-packages/azureml/core/run.py", line 66, in submit
    execute_with_zip=_execute_with_zip)
  File "/home/ninghai/miniconda3/envs/preview/lib/python3.6/site-packages/azureml/execution/_commands.py", line 116, in start_run
    execute_with_zip=execute_with_zip)
  File "/home/ninghai/miniconda3/envs/preview/lib/python3.6/site-packages/azureml/execution/_commands.py", line 365, in _start_internal
    snapshot_id = snapshot_async.get()
  File "/home/ninghai/miniconda3/envs/preview/lib/python3.6/multiprocessing/pool.py", line 644, in get
    raise self._value
  File "/home/ninghai/miniconda3/envs/preview/lib/python3.6/multiprocessing/pool.py", line 119, in worker
    result = (True, func(*args, **kwds))
  File "/home/ninghai/miniconda3/envs/preview/lib/python3.6/site-packages/azureml/base_sdk_common/create_snapshot.py", line 102, in create_snapshot
    raise ExperimentExecutionException(get_http_exception_response_string(response))
azureml.exceptions.azureml_exception.ExperimentExecutionException: {
    "url": "https://eastus2.experiments.azureml.net/content/v1.0/subscriptions/fac34303-435d-4486-8c3f-7094d82a0b60/resourceGroups/aml-notebooks/providers/Microsoft.MachineLearningServices/workspaces/haieastus2ws3/snapshots/f5f652f6-f366-41ec-9807-dfc6384b0ce3?parentSnapshotId=b8317c26-6671-44a6-9859-67a0a7be6afa",
    "status_code": 404,
    "text": "{\n  \"error\": {\n    \"code\": \"UserError\",\n    \"message\": \"Unable to find snapshot with id: b8317c26-6671-44a6-9859-67a0a7be6afa\",\n    \"target\": null,\n    \"details\": [],\n    \"innerError\": null,\n    \"debugInfo\": {\n      \"type\": \"Common.WebApi.Exceptions.ResourceNotFoundException\",\n      \"message\": \"Unable to find snapshot with id: b8317c26-6671-44a6-9859-67a0a7be6afa\",\n      \"stackTrace\": \"   at Microsoft.MachineLearning.Project.Services.SnapshotStore.<GetBlobAsStringOrFailNotFound>d__17.MoveNext() in /opt/vsts/work/1/s/src/azureml-api/src/ProjectContent/Services/SnapshotStore.cs:line 271\\n--- End of stack trace from previous location where exception was thrown ---\\n   at System.Runtime.ExceptionServices.ExceptionDispatchInfo.Throw()\\n   at System.Runtime.CompilerServices.TaskAwaiter.HandleNonSuccessAndDebuggerNotification(Task task)\\n   at Microsoft.MachineLearning.Project.Services.SnapshotStore.<GetSnapshot>d__7.MoveNext() in /opt/vsts/work/1/s/src/azureml-api/src/ProjectContent/Services/SnapshotStore.cs:line 113\\n--- End of stack trace from previous location where exception was thrown ---\\n   at System.Runtime.ExceptionServices.ExceptionDispatchInfo.Throw()\\n   at System.Runtime.CompilerServices.TaskAwaiter.HandleNonSuccessAndDebuggerNotification(Task task)\\n   at Microsoft.MachineLearning.ProjectContent.EntryPoints.Controllers.SnapshotController.<CreateSnapshot>d__12.MoveNext() in /opt/vsts/work/1/s/src/azureml-api/src/ProjectContent/EntryPoints/Controllers/SnapshotController.cs:line 212\\n--- End of stack trace from previous location where exception was thrown ---\\n   at System.Runtime.ExceptionServices.ExceptionDispatchInfo.Throw()\\n   at System.Runtime.CompilerServices.TaskAwaiter.HandleNonSuccessAndDebuggerNotification(Task task)\\n   at Microsoft.AspNetCore.Mvc.Internal.ControllerActionInvoker.<InvokeActionMethodAsync>d__12.MoveNext()\\n--- End of stack trace from previous location where exception was thrown ---\\n   at System.Runtime.ExceptionServices.ExceptionDispatchInfo.Throw()\\n   at System.Runtime.CompilerServices.TaskAwaiter.HandleNonSuccessAndDebuggerNotification(Task task)\\n   at Microsoft.AspNetCore.Mvc.Internal.ControllerActionInvoker.<InvokeNextActionFilterAsync>d__10.MoveNext()\\n--- End of stack trace from previous location where exception was thrown ---\\n   at System.Runtime.ExceptionServices.ExceptionDispatchInfo.Throw()\\n   at Microsoft.AspNetCore.Mvc.Internal.ControllerActionInvoker.Rethrow(ActionExecutedContext context)\\n   at Microsoft.AspNetCore.Mvc.Internal.ControllerActionInvoker.Next(State& next, Scope& scope, Object& state, Boolean& isCompleted)\\n   at Microsoft.AspNetCore.Mvc.Internal.ControllerActionInvoker.<InvokeInnerFilterAsync>d__14.MoveNext()\\n--- End of stack trace from previous location where exception was thrown ---\\n   at System.Runtime.ExceptionServices.ExceptionDispatchInfo.Throw()\\n   at System.Runtime.CompilerServices.TaskAwaiter.HandleNonSuccessAndDebuggerNotification(Task task)\\n   at Microsoft.AspNetCore.Mvc.Internal.ResourceInvoker.<InvokeNextExceptionFilterAsync>d__23.MoveNext()\",\n      \"innerException\": null,\n      \"data\": {},\n      \"errorResponse\": null\n    }\n  },\n  \"correlation\": {\n    \"operation\": \"48b71ed5-4152fc13217d2006\",\n    \"request\": \"qMkg+ppRiwI=\"\n  }\n}"
}
Accept header absent and forced to application/json
Accept header absent and forced to application/json
Accept header absent and forced to application/json
Accept header absent and forced to application/json
Accept header absent and forced to application/json
Traceback (most recent call last):
  File "./04.dsvm.py", line 70, in <module>
    script_to_run = train_script)
  File "/home/ninghai/miniconda3/envs/preview/lib/python3.6/site-packages/azureml/core/run.py", line 66, in submit
    execute_with_zip=_execute_with_zip)
  File "/home/ninghai/miniconda3/envs/preview/lib/python3.6/site-packages/azureml/execution/_commands.py", line 116, in start_run
    execute_with_zip=execute_with_zip)
  File "/home/ninghai/miniconda3/envs/preview/lib/python3.6/site-packages/azureml/execution/_commands.py", line 365, in _start_internal
    snapshot_id = snapshot_async.get()
  File "/home/ninghai/miniconda3/envs/preview/lib/python3.6/multiprocessing/pool.py", line 644, in get
    raise self._value
  File "/home/ninghai/miniconda3/envs/preview/lib/python3.6/multiprocessing/pool.py", line 119, in worker
    result = (True, func(*args, **kwds))
  File "/home/ninghai/miniconda3/envs/preview/lib/python3.6/site-packages/azureml/base_sdk_common/create_snapshot.py", line 102, in create_snapshot
    raise ExperimentExecutionException(get_http_exception_response_string(response))
azureml.exceptions.azureml_exception.ExperimentExecutionException: {
    "url": "https://eastus2.experiments.azureml.net/content/v1.0/subscriptions/fac34303-435d-4486-8c3f-7094d82a0b60/resourceGroups/aml-notebooks/providers/Microsoft.MachineLearningServices/workspaces/haieastus2ws3/snapshots/0ee6390a-4960-4c3c-9bf9-1b8531036ec2?parentSnapshotId=4eb7d8fa-4b2e-4c7c-99cc-37dd5695023d",
    "status_code": 404,
    "text": "{\n  \"error\": {\n    \"code\": \"UserError\",\n    \"message\": \"Unable to find snapshot with id: 4eb7d8fa-4b2e-4c7c-99cc-37dd5695023d\",\n    \"target\": null,\n    \"details\": [],\n    \"innerError\": null,\n    \"debugInfo\": {\n      \"type\": \"Common.WebApi.Exceptions.ResourceNotFoundException\",\n      \"message\": \"Unable to find snapshot with id: 4eb7d8fa-4b2e-4c7c-99cc-37dd5695023d\",\n      \"stackTrace\": \"   at Microsoft.MachineLearning.Project.Services.SnapshotStore.<GetBlobAsStringOrFailNotFound>d__17.MoveNext() in /opt/vsts/work/1/s/src/azureml-api/src/ProjectContent/Services/SnapshotStore.cs:line 271\\n--- End of stack trace from previous location where exception was thrown ---\\n   at System.Runtime.ExceptionServices.ExceptionDispatchInfo.Throw()\\n   at System.Runtime.CompilerServices.TaskAwaiter.HandleNonSuccessAndDebuggerNotification(Task task)\\n   at Microsoft.MachineLearning.Project.Services.SnapshotStore.<GetSnapshot>d__7.MoveNext() in /opt/vsts/work/1/s/src/azureml-api/src/ProjectContent/Services/SnapshotStore.cs:line 113\\n--- End of stack trace from previous location where exception was thrown ---\\n   at System.Runtime.ExceptionServices.ExceptionDispatchInfo.Throw()\\n   at System.Runtime.CompilerServices.TaskAwaiter.HandleNonSuccessAndDebuggerNotification(Task task)\\n   at Microsoft.MachineLearning.ProjectContent.EntryPoints.Controllers.SnapshotController.<CreateSnapshot>d__12.MoveNext() in /opt/vsts/work/1/s/src/azureml-api/src/ProjectContent/EntryPoints/Controllers/SnapshotController.cs:line 212\\n--- End of stack trace from previous location where exception was thrown ---\\n   at System.Runtime.ExceptionServices.ExceptionDispatchInfo.Throw()\\n   at System.Runtime.CompilerServices.TaskAwaiter.HandleNonSuccessAndDebuggerNotification(Task task)\\n   at Microsoft.AspNetCore.Mvc.Internal.ControllerActionInvoker.<InvokeActionMethodAsync>d__12.MoveNext()\\n--- End of stack trace from previous location where exception was thrown ---\\n   at System.Runtime.ExceptionServices.ExceptionDispatchInfo.Throw()\\n   at System.Runtime.CompilerServices.TaskAwaiter.HandleNonSuccessAndDebuggerNotification(Task task)\\n   at Microsoft.AspNetCore.Mvc.Internal.ControllerActionInvoker.<InvokeNextActionFilterAsync>d__10.MoveNext()\\n--- End of stack trace from previous location where exception was thrown ---\\n   at System.Runtime.ExceptionServices.ExceptionDispatchInfo.Throw()\\n   at Microsoft.AspNetCore.Mvc.Internal.ControllerActionInvoker.Rethrow(ActionExecutedContext context)\\n   at Microsoft.AspNetCore.Mvc.Internal.ControllerActionInvoker.Next(State& next, Scope& scope, Object& state, Boolean& isCompleted)\\n   at Microsoft.AspNetCore.Mvc.Internal.ControllerActionInvoker.<InvokeInnerFilterAsync>d__14.MoveNext()\\n--- End of stack trace from previous location where exception was thrown ---\\n   at System.Runtime.ExceptionServices.ExceptionDispatchInfo.Throw()\\n   at System.Runtime.CompilerServices.TaskAwaiter.HandleNonSuccessAndDebuggerNotification(Task task)\\n   at Microsoft.AspNetCore.Mvc.Internal.ResourceInvoker.<InvokeNextExceptionFilterAsync>d__23.MoveNext()\",\n      \"innerException\": null,\n      \"data\": {},\n      \"errorResponse\": null\n    }\n  },\n  \"correlation\": {\n    \"operation\": \"e878cd1e-4dafe5d5581f0658\",\n    \"request\": \"vp6ZN88k8EM=\"\n  }\n}"
}
Accept header absent and forced to application/json
Accept header absent and forced to application/json
Accept header absent and forced to application/json
Accept header absent and forced to application/json
Accept header absent and forced to application/json
Traceback (most recent call last):
  File "./05.spark.py", line 81, in <module>
    script_to_run = "train-spark.py")
  File "/home/ninghai/miniconda3/envs/preview/lib/python3.6/site-packages/azureml/core/run.py", line 66, in submit
    execute_with_zip=_execute_with_zip)
  File "/home/ninghai/miniconda3/envs/preview/lib/python3.6/site-packages/azureml/execution/_commands.py", line 116, in start_run
    execute_with_zip=execute_with_zip)
  File "/home/ninghai/miniconda3/envs/preview/lib/python3.6/site-packages/azureml/execution/_commands.py", line 365, in _start_internal
    snapshot_id = snapshot_async.get()
  File "/home/ninghai/miniconda3/envs/preview/lib/python3.6/multiprocessing/pool.py", line 644, in get
    raise self._value
  File "/home/ninghai/miniconda3/envs/preview/lib/python3.6/multiprocessing/pool.py", line 119, in worker
    result = (True, func(*args, **kwds))
  File "/home/ninghai/miniconda3/envs/preview/lib/python3.6/site-packages/azureml/base_sdk_common/create_snapshot.py", line 102, in create_snapshot
    raise ExperimentExecutionException(get_http_exception_response_string(response))
azureml.exceptions.azureml_exception.ExperimentExecutionException: {
    "url": "https://eastus2.experiments.azureml.net/content/v1.0/subscriptions/fac34303-435d-4486-8c3f-7094d82a0b60/resourceGroups/aml-notebooks/providers/Microsoft.MachineLearningServices/workspaces/haieastus2ws3/snapshots/cb52a17c-fc4c-435e-af65-59e858a37d7b?parentSnapshotId=e9c619a7-7486-4eb3-8e27-4efdb021ec32",
    "status_code": 404,
    "text": "{\n  \"error\": {\n    \"code\": \"UserError\",\n    \"message\": \"Unable to find snapshot with id: e9c619a7-7486-4eb3-8e27-4efdb021ec32\",\n    \"target\": null,\n    \"details\": [],\n    \"innerError\": null,\n    \"debugInfo\": {\n      \"type\": \"Common.WebApi.Exceptions.ResourceNotFoundException\",\n      \"message\": \"Unable to find snapshot with id: e9c619a7-7486-4eb3-8e27-4efdb021ec32\",\n      \"stackTrace\": \"   at Microsoft.MachineLearning.Project.Services.SnapshotStore.<GetBlobAsStringOrFailNotFound>d__17.MoveNext() in /opt/vsts/work/1/s/src/azureml-api/src/ProjectContent/Services/SnapshotStore.cs:line 271\\n--- End of stack trace from previous location where exception was thrown ---\\n   at System.Runtime.ExceptionServices.ExceptionDispatchInfo.Throw()\\n   at System.Runtime.CompilerServices.TaskAwaiter.HandleNonSuccessAndDebuggerNotification(Task task)\\n   at Microsoft.MachineLearning.Project.Services.SnapshotStore.<GetSnapshot>d__7.MoveNext() in /opt/vsts/work/1/s/src/azureml-api/src/ProjectContent/Services/SnapshotStore.cs:line 113\\n--- End of stack trace from previous location where exception was thrown ---\\n   at System.Runtime.ExceptionServices.ExceptionDispatchInfo.Throw()\\n   at System.Runtime.CompilerServices.TaskAwaiter.HandleNonSuccessAndDebuggerNotification(Task task)\\n   at Microsoft.MachineLearning.ProjectContent.EntryPoints.Controllers.SnapshotController.<CreateSnapshot>d__12.MoveNext() in /opt/vsts/work/1/s/src/azureml-api/src/ProjectContent/EntryPoints/Controllers/SnapshotController.cs:line 212\\n--- End of stack trace from previous location where exception was thrown ---\\n   at System.Runtime.ExceptionServices.ExceptionDispatchInfo.Throw()\\n   at System.Runtime.CompilerServices.TaskAwaiter.HandleNonSuccessAndDebuggerNotification(Task task)\\n   at Microsoft.AspNetCore.Mvc.Internal.ControllerActionInvoker.<InvokeActionMethodAsync>d__12.MoveNext()\\n--- End of stack trace from previous location where exception was thrown ---\\n   at System.Runtime.ExceptionServices.ExceptionDispatchInfo.Throw()\\n   at System.Runtime.CompilerServices.TaskAwaiter.HandleNonSuccessAndDebuggerNotification(Task task)\\n   at Microsoft.AspNetCore.Mvc.Internal.ControllerActionInvoker.<InvokeNextActionFilterAsync>d__10.MoveNext()\\n--- End of stack trace from previous location where exception was thrown ---\\n   at System.Runtime.ExceptionServices.ExceptionDispatchInfo.Throw()\\n   at Microsoft.AspNetCore.Mvc.Internal.ControllerActionInvoker.Rethrow(ActionExecutedContext context)\\n   at Microsoft.AspNetCore.Mvc.Internal.ControllerActionInvoker.Next(State& next, Scope& scope, Object& state, Boolean& isCompleted)\\n   at Microsoft.AspNetCore.Mvc.Internal.ControllerActionInvoker.<InvokeInnerFilterAsync>d__14.MoveNext()\\n--- End of stack trace from previous location where exception was thrown ---\\n   at System.Runtime.ExceptionServices.ExceptionDispatchInfo.Throw()\\n   at System.Runtime.CompilerServices.TaskAwaiter.HandleNonSuccessAndDebuggerNotification(Task task)\\n   at Microsoft.AspNetCore.Mvc.Internal.ResourceInvoker.<InvokeNextExceptionFilterAsync>d__23.MoveNext()\",\n      \"innerException\": null,\n      \"data\": {},\n      \"errorResponse\": null\n    }\n  },\n  \"correlation\": {\n    \"operation\": \"48b71edc-4152fc13217d2006\",\n    \"request\": \"KDe43Xf70vo=\"\n  }\n}"
}
Accept header absent and forced to application/json
Accept header absent and forced to application/json
Accept header absent and forced to application/json
Accept header absent and forced to application/json
Accept header absent and forced to application/json
Traceback (most recent call last):
  File "./07.sklearn.hd.py", line 88, in <module>
    run = sk_est.fit()
  File "/home/ninghai/miniconda3/envs/preview/lib/python3.6/site-packages/azureml/train/estimator.py", line 438, in fit
    return super(Estimator, self).fit()
  File "/home/ninghai/miniconda3/envs/preview/lib/python3.6/site-packages/azureml/train/estimator.py", line 78, in fit
    _telemetry_values=telemetry_values)
  File "/home/ninghai/miniconda3/envs/preview/lib/python3.6/site-packages/azureml/core/run.py", line 66, in submit
    execute_with_zip=_execute_with_zip)
  File "/home/ninghai/miniconda3/envs/preview/lib/python3.6/site-packages/azureml/execution/_commands.py", line 116, in start_run
    execute_with_zip=execute_with_zip)
  File "/home/ninghai/miniconda3/envs/preview/lib/python3.6/site-packages/azureml/execution/_commands.py", line 365, in _start_internal
    snapshot_id = snapshot_async.get()
  File "/home/ninghai/miniconda3/envs/preview/lib/python3.6/multiprocessing/pool.py", line 644, in get
    raise self._value
  File "/home/ninghai/miniconda3/envs/preview/lib/python3.6/multiprocessing/pool.py", line 119, in worker
    result = (True, func(*args, **kwds))
  File "/home/ninghai/miniconda3/envs/preview/lib/python3.6/site-packages/azureml/base_sdk_common/create_snapshot.py", line 102, in create_snapshot
    raise ExperimentExecutionException(get_http_exception_response_string(response))
azureml.exceptions.azureml_exception.ExperimentExecutionException: {
    "url": "https://eastus2.experiments.azureml.net/content/v1.0/subscriptions/fac34303-435d-4486-8c3f-7094d82a0b60/resourceGroups/aml-notebooks/providers/Microsoft.MachineLearningServices/workspaces/haieastus2ws3/snapshots/e2757335-167b-46ad-8d10-d1d2d9eb3586?parentSnapshotId=87311c3d-6b5f-4da6-a9ad-6d027c1096bc",
    "status_code": 404,
    "text": "{\n  \"error\": {\n    \"code\": \"UserError\",\n    \"message\": \"Unable to find snapshot with id: 87311c3d-6b5f-4da6-a9ad-6d027c1096bc\",\n    \"target\": null,\n    \"details\": [],\n    \"innerError\": null,\n    \"debugInfo\": {\n      \"type\": \"Common.WebApi.Exceptions.ResourceNotFoundException\",\n      \"message\": \"Unable to find snapshot with id: 87311c3d-6b5f-4da6-a9ad-6d027c1096bc\",\n      \"stackTrace\": \"   at Microsoft.MachineLearning.Project.Services.SnapshotStore.<GetBlobAsStringOrFailNotFound>d__17.MoveNext() in /opt/vsts/work/1/s/src/azureml-api/src/ProjectContent/Services/SnapshotStore.cs:line 271\\n--- End of stack trace from previous location where exception was thrown ---\\n   at System.Runtime.ExceptionServices.ExceptionDispatchInfo.Throw()\\n   at System.Runtime.CompilerServices.TaskAwaiter.HandleNonSuccessAndDebuggerNotification(Task task)\\n   at Microsoft.MachineLearning.Project.Services.SnapshotStore.<GetSnapshot>d__7.MoveNext() in /opt/vsts/work/1/s/src/azureml-api/src/ProjectContent/Services/SnapshotStore.cs:line 113\\n--- End of stack trace from previous location where exception was thrown ---\\n   at System.Runtime.ExceptionServices.ExceptionDispatchInfo.Throw()\\n   at System.Runtime.CompilerServices.TaskAwaiter.HandleNonSuccessAndDebuggerNotification(Task task)\\n   at Microsoft.MachineLearning.ProjectContent.EntryPoints.Controllers.SnapshotController.<CreateSnapshot>d__12.MoveNext() in /opt/vsts/work/1/s/src/azureml-api/src/ProjectContent/EntryPoints/Controllers/SnapshotController.cs:line 212\\n--- End of stack trace from previous location where exception was thrown ---\\n   at System.Runtime.ExceptionServices.ExceptionDispatchInfo.Throw()\\n   at System.Runtime.CompilerServices.TaskAwaiter.HandleNonSuccessAndDebuggerNotification(Task task)\\n   at Microsoft.AspNetCore.Mvc.Internal.ControllerActionInvoker.<InvokeActionMethodAsync>d__12.MoveNext()\\n--- End of stack trace from previous location where exception was thrown ---\\n   at System.Runtime.ExceptionServices.ExceptionDispatchInfo.Throw()\\n   at System.Runtime.CompilerServices.TaskAwaiter.HandleNonSuccessAndDebuggerNotification(Task task)\\n   at Microsoft.AspNetCore.Mvc.Internal.ControllerActionInvoker.<InvokeNextActionFilterAsync>d__10.MoveNext()\\n--- End of stack trace from previous location where exception was thrown ---\\n   at System.Runtime.ExceptionServices.ExceptionDispatchInfo.Throw()\\n   at Microsoft.AspNetCore.Mvc.Internal.ControllerActionInvoker.Rethrow(ActionExecutedContext context)\\n   at Microsoft.AspNetCore.Mvc.Internal.ControllerActionInvoker.Next(State& next, Scope& scope, Object& state, Boolean& isCompleted)\\n   at Microsoft.AspNetCore.Mvc.Internal.ControllerActionInvoker.<InvokeInnerFilterAsync>d__14.MoveNext()\\n--- End of stack trace from previous location where exception was thrown ---\\n   at System.Runtime.ExceptionServices.ExceptionDispatchInfo.Throw()\\n   at System.Runtime.CompilerServices.TaskAwaiter.HandleNonSuccessAndDebuggerNotification(Task task)\\n   at Microsoft.AspNetCore.Mvc.Internal.ResourceInvoker.<InvokeNextExceptionFilterAsync>d__23.MoveNext()\",\n      \"innerException\": null,\n      \"data\": {},\n      \"errorResponse\": null\n    }\n  },\n  \"correlation\": {\n    \"operation\": \"48b71ee1-4152fc13217d2006\",\n    \"request\": \"APwKlHhmv88=\"\n  }\n}"
}
Accept header absent and forced to application/json
Accept header absent and forced to application/json
Accept header absent and forced to application/json
Accept header absent and forced to application/json
Accept header absent and forced to application/json
Traceback (most recent call last):
  File "./08.tf.hd.py", line 92, in <module>
    run = tfe.fit()
  File "/home/ninghai/miniconda3/envs/preview/lib/python3.6/site-packages/azureml/train/dnn.py", line 320, in fit
    return super(TensorFlow, self).fit()
  File "/home/ninghai/miniconda3/envs/preview/lib/python3.6/site-packages/azureml/train/estimator.py", line 78, in fit
    _telemetry_values=telemetry_values)
  File "/home/ninghai/miniconda3/envs/preview/lib/python3.6/site-packages/azureml/core/run.py", line 66, in submit
    execute_with_zip=_execute_with_zip)
  File "/home/ninghai/miniconda3/envs/preview/lib/python3.6/site-packages/azureml/execution/_commands.py", line 116, in start_run
    execute_with_zip=execute_with_zip)
  File "/home/ninghai/miniconda3/envs/preview/lib/python3.6/site-packages/azureml/execution/_commands.py", line 365, in _start_internal
    snapshot_id = snapshot_async.get()
  File "/home/ninghai/miniconda3/envs/preview/lib/python3.6/multiprocessing/pool.py", line 644, in get
    raise self._value
  File "/home/ninghai/miniconda3/envs/preview/lib/python3.6/multiprocessing/pool.py", line 119, in worker
    result = (True, func(*args, **kwds))
  File "/home/ninghai/miniconda3/envs/preview/lib/python3.6/site-packages/azureml/base_sdk_common/create_snapshot.py", line 102, in create_snapshot
    raise ExperimentExecutionException(get_http_exception_response_string(response))
azureml.exceptions.azureml_exception.ExperimentExecutionException: {
    "url": "https://eastus2.experiments.azureml.net/content/v1.0/subscriptions/fac34303-435d-4486-8c3f-7094d82a0b60/resourceGroups/aml-notebooks/providers/Microsoft.MachineLearningServices/workspaces/haieastus2ws3/snapshots/7ed34443-287d-46db-9186-256eee36709c?parentSnapshotId=f2407d9f-2238-46f6-92ce-8f95174e96e7",
    "status_code": 404,
    "text": "{\n  \"error\": {\n    \"code\": \"UserError\",\n    \"message\": \"Unable to find snapshot with id: f2407d9f-2238-46f6-92ce-8f95174e96e7\",\n    \"target\": null,\n    \"details\": [],\n    \"innerError\": null,\n    \"debugInfo\": {\n      \"type\": \"Common.WebApi.Exceptions.ResourceNotFoundException\",\n      \"message\": \"Unable to find snapshot with id: f2407d9f-2238-46f6-92ce-8f95174e96e7\",\n      \"stackTrace\": \"   at Microsoft.MachineLearning.Project.Services.SnapshotStore.<GetBlobAsStringOrFailNotFound>d__17.MoveNext() in /opt/vsts/work/1/s/src/azureml-api/src/ProjectContent/Services/SnapshotStore.cs:line 271\\n--- End of stack trace from previous location where exception was thrown ---\\n   at System.Runtime.ExceptionServices.ExceptionDispatchInfo.Throw()\\n   at System.Runtime.CompilerServices.TaskAwaiter.HandleNonSuccessAndDebuggerNotification(Task task)\\n   at Microsoft.MachineLearning.Project.Services.SnapshotStore.<GetSnapshot>d__7.MoveNext() in /opt/vsts/work/1/s/src/azureml-api/src/ProjectContent/Services/SnapshotStore.cs:line 113\\n--- End of stack trace from previous location where exception was thrown ---\\n   at System.Runtime.ExceptionServices.ExceptionDispatchInfo.Throw()\\n   at System.Runtime.CompilerServices.TaskAwaiter.HandleNonSuccessAndDebuggerNotification(Task task)\\n   at Microsoft.MachineLearning.ProjectContent.EntryPoints.Controllers.SnapshotController.<CreateSnapshot>d__12.MoveNext() in /opt/vsts/work/1/s/src/azureml-api/src/ProjectContent/EntryPoints/Controllers/SnapshotController.cs:line 212\\n--- End of stack trace from previous location where exception was thrown ---\\n   at System.Runtime.ExceptionServices.ExceptionDispatchInfo.Throw()\\n   at System.Runtime.CompilerServices.TaskAwaiter.HandleNonSuccessAndDebuggerNotification(Task task)\\n   at Microsoft.AspNetCore.Mvc.Internal.ControllerActionInvoker.<InvokeActionMethodAsync>d__12.MoveNext()\\n--- End of stack trace from previous location where exception was thrown ---\\n   at System.Runtime.ExceptionServices.ExceptionDispatchInfo.Throw()\\n   at System.Runtime.CompilerServices.TaskAwaiter.HandleNonSuccessAndDebuggerNotification(Task task)\\n   at Microsoft.AspNetCore.Mvc.Internal.ControllerActionInvoker.<InvokeNextActionFilterAsync>d__10.MoveNext()\\n--- End of stack trace from previous location where exception was thrown ---\\n   at System.Runtime.ExceptionServices.ExceptionDispatchInfo.Throw()\\n   at Microsoft.AspNetCore.Mvc.Internal.ControllerActionInvoker.Rethrow(ActionExecutedContext context)\\n   at Microsoft.AspNetCore.Mvc.Internal.ControllerActionInvoker.Next(State& next, Scope& scope, Object& state, Boolean& isCompleted)\\n   at Microsoft.AspNetCore.Mvc.Internal.ControllerActionInvoker.<InvokeInnerFilterAsync>d__14.MoveNext()\\n--- End of stack trace from previous location where exception was thrown ---\\n   at System.Runtime.ExceptionServices.ExceptionDispatchInfo.Throw()\\n   at System.Runtime.CompilerServices.TaskAwaiter.HandleNonSuccessAndDebuggerNotification(Task task)\\n   at Microsoft.AspNetCore.Mvc.Internal.ResourceInvoker.<InvokeNextExceptionFilterAsync>d__23.MoveNext()\",\n      \"innerException\": null,\n      \"data\": {},\n      \"errorResponse\": null\n    }\n  },\n  \"correlation\": {\n    \"operation\": \"48b71ee6-4152fc13217d2006\",\n    \"request\": \"7wC6JvSwmF8=\"\n  }\n}"
}
Accept header absent and forced to application/json
Accept header absent and forced to application/json
Client-Request-ID=04749c55-700f-11e8-9288-000d3a71b7c3 Retry policy did not allow for a retry: Server-Timestamp=Thu, 14 Jun 2018 20:10:44 GMT, Server-Request-ID=160dc568-c01e-00c5-601b-04255f000000, HTTP status code=409, Exception=The specified container already exists.ErrorCode: ContainerAlreadyExists<?xml version="1.0" encoding="utf-8"?><Error><Code>ContainerAlreadyExists</Code><Message>The specified container already exists.RequestId:160dc568-c01e-00c5-601b-04255f000000Time:2018-06-14T20:10:44.8363393Z</Message></Error>.
Client-Request-ID=04749c57-700f-11e8-9288-000d3a71b7c3 Retry policy did not allow for a retry: Server-Timestamp=Thu, 14 Jun 2018 20:10:44 GMT, Server-Request-ID=b390dd15-d01e-009e-561b-042223000000, HTTP status code=409, Exception=The specified container already exists.ErrorCode: ContainerAlreadyExists<?xml version="1.0" encoding="utf-8"?><Error><Code>ContainerAlreadyExists</Code><Message>The specified container already exists.RequestId:b390dd15-d01e-009e-561b-042223000000Time:2018-06-14T20:10:45.0015398Z</Message></Error>.
Client-Request-ID=0547baf9-700f-11e8-9288-000d3a71b7c3 Retry policy did not allow for a retry: Server-Timestamp=Thu, 14 Jun 2018 20:10:44 GMT, Server-Request-ID=4088ad6d-f01e-0001-101b-045a99000000, HTTP status code=409, Exception=The specified container already exists.ErrorCode: ContainerAlreadyExists<?xml version="1.0" encoding="utf-8"?><Error><Code>ContainerAlreadyExists</Code><Message>The specified container already exists.RequestId:4088ad6d-f01e-0001-101b-045a99000000Time:2018-06-14T20:10:45.1689439Z</Message></Error>.
Client-Request-ID=0547bafb-700f-11e8-9288-000d3a71b7c3 Retry policy did not allow for a retry: Server-Timestamp=Thu, 14 Jun 2018 20:10:45 GMT, Server-Request-ID=3305ea4f-e01e-0015-191b-0499fd000000, HTTP status code=409, Exception=The specified container already exists.ErrorCode: ContainerAlreadyExists<?xml version="1.0" encoding="utf-8"?><Error><Code>ContainerAlreadyExists</Code><Message>The specified container already exists.RequestId:3305ea4f-e01e-0015-191b-0499fd000000Time:2018-06-14T20:10:45.3400658Z</Message></Error>.
Already on 'master'
