/data/git/hai/e2e_test
*** git branch status before ***
  candidate
  daily
* master
On branch master
Your branch is up-to-date with 'origin/master'.
nothing to commit, working directory clean
*** daily ***
HEAD is now at c3d6d1a update
git checkout daily
Your branch is up-to-date with 'origin/daily'.
git pull
Already up-to-date.
*** git branch status after ***
git branch --list
  candidate
* daily
  master
git status
On branch daily
Your branch is up-to-date with 'origin/daily'.
nothing to commit, working directory clean
###################################
START AT: 2018-06-26-14:02:26
###################################


##### 01.interactive.e2e.py (2018-06-26-14:02:26) ######
Azure ML Core SDK Version: 0.1.0.1096026
Found the config file in: /data/git/hai/e2e_test/aml_config/config.json
Workspace details:
aml-notebooks haieastus2euapws eastus2euap
start sequential parameter sweep...
try alpha value of 0.00
try alpha value of 0.05
try alpha value of 0.10
try alpha value of 0.15
try alpha value of 0.20
try alpha value of 0.25
try alpha value of 0.30
try alpha value of 0.35
try alpha value of 0.40
try alpha value of 0.45
try alpha value of 0.50
try alpha value of 0.55
try alpha value of 0.60
try alpha value of 0.65
try alpha value of 0.70
try alpha value of 0.75
try alpha value of 0.80
try alpha value of 0.85
try alpha value of 0.90
try alpha value of 0.95
Find the best run.
Best run is: 3c7c49a5-1fc7-4ab0-afd5-b5b24d930baa
Metrics: {'alpha': 0.4, 'mse': 3295.741064355809, 'columns': ['age', 'gender', 'bmi', 'bp', 's1', 's2', 's3', 's4', 's5', 's6']}
Run history url:
https://mlworkspace.azureml-test.net/home/%2Fsubscriptions%2Ffac34303-435d-4486-8c3f-7094d82a0b60%2FresourceGroups%2Faml-notebooks%2Fproviders%2FMicrosoft.MachineLearningServices%2Fworkspaces%2Fhaieastus2euapws/projects/e2e-01/run-history/run-details/3c7c49a5-1fc7-4ab0-afd5-b5b24d930baa
plot mse_over_alpha.png
upload mse_over_alpha.png.
deploying to ACI...


##### 02.local.py (2018-06-26-14:03:26) ################
Azure ML Core SDK Version: 0.1.0.1096026
Found the config file in: /data/git/hai/e2e_test/aml_config/config.json
Workspace details:
aml-notebooks haieastus2euapws eastus2euap
/tmp/e2e-test/02
e2e-02
copy train-sklearn.py to the project folder.
load run config

##################################################
submitting train-sklearn.py for a local run...
##################################################



##### 03.aci.py (2018-06-26-14:03:29) ##################
Azure ML Core SDK Version: 0.1.0.1096026
Found the config file in: /data/git/hai/e2e_test/aml_config/config.json


##### 04.dsvm (2018-06-26-14:06:31) ####################
Azure ML Core SDK Version: 0.1.0.1096026
Found the config file in: /data/git/hai/e2e_test/aml_config/config.json
Workspace details:
aml-notebooks haieastus2euapws eastus2euap
/tmp/e2e-test/04
e2e-04
copy train-sklearn.py to the project folder.

##################################################
Bare VM run
##################################################

Load the cpu-dsvm config from aml_config directory...
submit run...


##### 05.spark (2018-06-26-14:08:15) ###################
Azure ML Core SDK Version: 0.1.0.1096026
Found the config file in: /data/git/hai/e2e_test/aml_config/config.json
Workspace details:
aml-notebooks haieastus2euapws eastus2euap
/tmp/e2e-test/05
e2e-05
copy train-spark.py and iris.csv to the project folder.
create an ACI run config.
base image is microsoft/mmlspark:0.12

##################################################
submitting train-spark.py for a Spark run on ACI...
##################################################



##### 07.sklearn.hd.py (2018-06-26-14:12:25) ###########
Azure ML Core SDK Version: 0.1.0.1096026
Found the config file in: /data/git/hai/e2e_test/aml_config/config.json
Workspace details:
aml-notebooks haieastus2euapws eastus2euap
/tmp/e2e-test/07
e2e-07
copy train-sklearn-one-model.py to the project folder.
create or load BatchAI compute cpucluster...


##### 08.tf.hd.py (2018-06-26-14:12:27) ################
Azure ML Core SDK Version: 0.1.0.1096026
Found the config file in: /data/git/hai/e2e_test/aml_config/config.json
Workspace details:
aml-notebooks haieastus2euapws eastus2euap
/tmp/e2e-test/08
e2e-08
copy mnist_tf.py to the project folder.
create or load BatchAI compute gpucluster...


##### 10.o16n.py (2018-06-26-14:12:29) #################
Azure ML Core SDK Version: 0.1.0.1096026
Found the config file in: /data/git/hai/e2e_test/aml_config/config.json
Workspace details:
aml-notebooks haieastus2euapws eastus2euap
HEAD is now at 832b63e remove files
Your branch is up-to-date with 'origin/master'.
Already up-to-date.


###################################
########### END AT 2018-06-26-14:12:32
###################################
